[2023-07-08T10:34:34.980+0000] {processor.py:157} INFO - Started process (PID=35) to work on /opt/airflow/dags/assignment.py
[2023-07-08T10:34:34.982+0000] {processor.py:826} INFO - Processing file /opt/airflow/dags/assignment.py for tasks to queue
[2023-07-08T10:34:34.983+0000] {logging_mixin.py:149} INFO - [2023-07-08T10:34:34.982+0000] {dagbag.py:541} INFO - Filling up the DagBag from /opt/airflow/dags/assignment.py
[2023-07-08T10:34:35.012+0000] {processor.py:836} INFO - DAG(s) dict_keys(['assignment']) retrieved from /opt/airflow/dags/assignment.py
[2023-07-08T10:34:35.319+0000] {logging_mixin.py:149} INFO - [2023-07-08T10:34:35.319+0000] {dag.py:2726} INFO - Sync 1 DAGs
[2023-07-08T10:34:35.357+0000] {logging_mixin.py:149} INFO - [2023-07-08T10:34:35.357+0000] {dag.py:3490} INFO - Setting next_dagrun for assignment to None, run_after=None
[2023-07-08T10:34:35.387+0000] {processor.py:179} INFO - Processing /opt/airflow/dags/assignment.py took 0.412 seconds
[2023-07-08T10:35:05.578+0000] {processor.py:157} INFO - Started process (PID=43) to work on /opt/airflow/dags/assignment.py
[2023-07-08T10:35:05.579+0000] {processor.py:826} INFO - Processing file /opt/airflow/dags/assignment.py for tasks to queue
[2023-07-08T10:35:05.580+0000] {logging_mixin.py:149} INFO - [2023-07-08T10:35:05.580+0000] {dagbag.py:541} INFO - Filling up the DagBag from /opt/airflow/dags/assignment.py
[2023-07-08T10:35:05.629+0000] {processor.py:836} INFO - DAG(s) dict_keys(['assignment']) retrieved from /opt/airflow/dags/assignment.py
[2023-07-08T10:35:05.743+0000] {logging_mixin.py:149} INFO - [2023-07-08T10:35:05.743+0000] {dag.py:2726} INFO - Sync 1 DAGs
[2023-07-08T10:35:05.845+0000] {logging_mixin.py:149} INFO - [2023-07-08T10:35:05.844+0000] {dag.py:3490} INFO - Setting next_dagrun for assignment to None, run_after=None
[2023-07-08T10:35:05.896+0000] {processor.py:179} INFO - Processing /opt/airflow/dags/assignment.py took 0.325 seconds
[2023-07-08T10:35:36.112+0000] {processor.py:157} INFO - Started process (PID=51) to work on /opt/airflow/dags/assignment.py
[2023-07-08T10:35:36.114+0000] {processor.py:826} INFO - Processing file /opt/airflow/dags/assignment.py for tasks to queue
[2023-07-08T10:35:36.115+0000] {logging_mixin.py:149} INFO - [2023-07-08T10:35:36.115+0000] {dagbag.py:541} INFO - Filling up the DagBag from /opt/airflow/dags/assignment.py
[2023-07-08T10:35:36.131+0000] {processor.py:836} INFO - DAG(s) dict_keys(['assignment']) retrieved from /opt/airflow/dags/assignment.py
[2023-07-08T10:35:36.188+0000] {logging_mixin.py:149} INFO - [2023-07-08T10:35:36.188+0000] {dag.py:2726} INFO - Sync 1 DAGs
[2023-07-08T10:35:36.231+0000] {logging_mixin.py:149} INFO - [2023-07-08T10:35:36.231+0000] {dag.py:3490} INFO - Setting next_dagrun for assignment to None, run_after=None
[2023-07-08T10:35:36.260+0000] {processor.py:179} INFO - Processing /opt/airflow/dags/assignment.py took 0.153 seconds
[2023-07-08T10:36:06.412+0000] {processor.py:157} INFO - Started process (PID=58) to work on /opt/airflow/dags/assignment.py
[2023-07-08T10:36:06.414+0000] {processor.py:826} INFO - Processing file /opt/airflow/dags/assignment.py for tasks to queue
[2023-07-08T10:36:06.415+0000] {logging_mixin.py:149} INFO - [2023-07-08T10:36:06.415+0000] {dagbag.py:541} INFO - Filling up the DagBag from /opt/airflow/dags/assignment.py
[2023-07-08T10:36:06.428+0000] {processor.py:836} INFO - DAG(s) dict_keys(['assignment']) retrieved from /opt/airflow/dags/assignment.py
[2023-07-08T10:36:06.482+0000] {logging_mixin.py:149} INFO - [2023-07-08T10:36:06.482+0000] {dag.py:2726} INFO - Sync 1 DAGs
[2023-07-08T10:36:06.538+0000] {logging_mixin.py:149} INFO - [2023-07-08T10:36:06.538+0000] {dag.py:3490} INFO - Setting next_dagrun for assignment to None, run_after=None
[2023-07-08T10:36:06.570+0000] {processor.py:179} INFO - Processing /opt/airflow/dags/assignment.py took 0.163 seconds
[2023-07-08T10:36:36.716+0000] {processor.py:157} INFO - Started process (PID=66) to work on /opt/airflow/dags/assignment.py
[2023-07-08T10:36:36.718+0000] {processor.py:826} INFO - Processing file /opt/airflow/dags/assignment.py for tasks to queue
[2023-07-08T10:36:36.718+0000] {logging_mixin.py:149} INFO - [2023-07-08T10:36:36.718+0000] {dagbag.py:541} INFO - Filling up the DagBag from /opt/airflow/dags/assignment.py
[2023-07-08T10:36:36.729+0000] {processor.py:836} INFO - DAG(s) dict_keys(['assignment']) retrieved from /opt/airflow/dags/assignment.py
[2023-07-08T10:36:36.774+0000] {logging_mixin.py:149} INFO - [2023-07-08T10:36:36.774+0000] {dag.py:2726} INFO - Sync 1 DAGs
[2023-07-08T10:36:36.814+0000] {logging_mixin.py:149} INFO - [2023-07-08T10:36:36.813+0000] {dag.py:3490} INFO - Setting next_dagrun for assignment to None, run_after=None
[2023-07-08T10:36:36.838+0000] {processor.py:179} INFO - Processing /opt/airflow/dags/assignment.py took 0.126 seconds
[2023-07-08T10:37:06.870+0000] {processor.py:157} INFO - Started process (PID=74) to work on /opt/airflow/dags/assignment.py
[2023-07-08T10:37:06.871+0000] {processor.py:826} INFO - Processing file /opt/airflow/dags/assignment.py for tasks to queue
[2023-07-08T10:37:06.872+0000] {logging_mixin.py:149} INFO - [2023-07-08T10:37:06.872+0000] {dagbag.py:541} INFO - Filling up the DagBag from /opt/airflow/dags/assignment.py
[2023-07-08T10:37:06.886+0000] {processor.py:836} INFO - DAG(s) dict_keys(['assignment']) retrieved from /opt/airflow/dags/assignment.py
[2023-07-08T10:37:06.938+0000] {logging_mixin.py:149} INFO - [2023-07-08T10:37:06.938+0000] {dag.py:2726} INFO - Sync 1 DAGs
[2023-07-08T10:37:06.978+0000] {logging_mixin.py:149} INFO - [2023-07-08T10:37:06.977+0000] {dag.py:3490} INFO - Setting next_dagrun for assignment to None, run_after=None
[2023-07-08T10:37:06.999+0000] {processor.py:179} INFO - Processing /opt/airflow/dags/assignment.py took 0.135 seconds
[2023-07-08T10:37:37.143+0000] {processor.py:157} INFO - Started process (PID=81) to work on /opt/airflow/dags/assignment.py
[2023-07-08T10:37:37.144+0000] {processor.py:826} INFO - Processing file /opt/airflow/dags/assignment.py for tasks to queue
[2023-07-08T10:37:37.145+0000] {logging_mixin.py:149} INFO - [2023-07-08T10:37:37.145+0000] {dagbag.py:541} INFO - Filling up the DagBag from /opt/airflow/dags/assignment.py
[2023-07-08T10:37:37.155+0000] {processor.py:836} INFO - DAG(s) dict_keys(['assignment']) retrieved from /opt/airflow/dags/assignment.py
[2023-07-08T10:37:37.195+0000] {logging_mixin.py:149} INFO - [2023-07-08T10:37:37.194+0000] {dag.py:2726} INFO - Sync 1 DAGs
[2023-07-08T10:37:37.235+0000] {logging_mixin.py:149} INFO - [2023-07-08T10:37:37.235+0000] {dag.py:3490} INFO - Setting next_dagrun for assignment to None, run_after=None
[2023-07-08T10:37:37.259+0000] {processor.py:179} INFO - Processing /opt/airflow/dags/assignment.py took 0.120 seconds
[2023-07-08T10:38:07.310+0000] {processor.py:157} INFO - Started process (PID=90) to work on /opt/airflow/dags/assignment.py
[2023-07-08T10:38:07.311+0000] {processor.py:826} INFO - Processing file /opt/airflow/dags/assignment.py for tasks to queue
[2023-07-08T10:38:07.312+0000] {logging_mixin.py:149} INFO - [2023-07-08T10:38:07.312+0000] {dagbag.py:541} INFO - Filling up the DagBag from /opt/airflow/dags/assignment.py
[2023-07-08T10:38:07.323+0000] {processor.py:836} INFO - DAG(s) dict_keys(['assignment']) retrieved from /opt/airflow/dags/assignment.py
[2023-07-08T10:38:07.364+0000] {logging_mixin.py:149} INFO - [2023-07-08T10:38:07.364+0000] {dag.py:2726} INFO - Sync 1 DAGs
[2023-07-08T10:38:07.403+0000] {logging_mixin.py:149} INFO - [2023-07-08T10:38:07.403+0000] {dag.py:3490} INFO - Setting next_dagrun for assignment to None, run_after=None
[2023-07-08T10:38:07.432+0000] {processor.py:179} INFO - Processing /opt/airflow/dags/assignment.py took 0.127 seconds
[2023-07-08T10:38:37.562+0000] {processor.py:157} INFO - Started process (PID=97) to work on /opt/airflow/dags/assignment.py
[2023-07-08T10:38:37.563+0000] {processor.py:826} INFO - Processing file /opt/airflow/dags/assignment.py for tasks to queue
[2023-07-08T10:38:37.564+0000] {logging_mixin.py:149} INFO - [2023-07-08T10:38:37.563+0000] {dagbag.py:541} INFO - Filling up the DagBag from /opt/airflow/dags/assignment.py
[2023-07-08T10:38:37.574+0000] {processor.py:836} INFO - DAG(s) dict_keys(['assignment']) retrieved from /opt/airflow/dags/assignment.py
[2023-07-08T10:38:37.617+0000] {logging_mixin.py:149} INFO - [2023-07-08T10:38:37.616+0000] {dag.py:2726} INFO - Sync 1 DAGs
[2023-07-08T10:38:37.653+0000] {logging_mixin.py:149} INFO - [2023-07-08T10:38:37.653+0000] {dag.py:3490} INFO - Setting next_dagrun for assignment to None, run_after=None
[2023-07-08T10:38:37.685+0000] {processor.py:179} INFO - Processing /opt/airflow/dags/assignment.py took 0.127 seconds
[2023-07-08T10:39:07.734+0000] {processor.py:157} INFO - Started process (PID=104) to work on /opt/airflow/dags/assignment.py
[2023-07-08T10:39:07.734+0000] {processor.py:826} INFO - Processing file /opt/airflow/dags/assignment.py for tasks to queue
[2023-07-08T10:39:07.735+0000] {logging_mixin.py:149} INFO - [2023-07-08T10:39:07.735+0000] {dagbag.py:541} INFO - Filling up the DagBag from /opt/airflow/dags/assignment.py
[2023-07-08T10:39:07.748+0000] {processor.py:836} INFO - DAG(s) dict_keys(['assignment']) retrieved from /opt/airflow/dags/assignment.py
[2023-07-08T10:39:07.790+0000] {logging_mixin.py:149} INFO - [2023-07-08T10:39:07.790+0000] {dag.py:2726} INFO - Sync 1 DAGs
[2023-07-08T10:39:07.833+0000] {logging_mixin.py:149} INFO - [2023-07-08T10:39:07.833+0000] {dag.py:3490} INFO - Setting next_dagrun for assignment to None, run_after=None
[2023-07-08T10:39:07.857+0000] {processor.py:179} INFO - Processing /opt/airflow/dags/assignment.py took 0.128 seconds
[2023-07-08T10:39:22.909+0000] {processor.py:157} INFO - Started process (PID=105) to work on /opt/airflow/dags/assignment.py
[2023-07-08T10:39:22.910+0000] {processor.py:826} INFO - Processing file /opt/airflow/dags/assignment.py for tasks to queue
[2023-07-08T10:39:22.911+0000] {logging_mixin.py:149} INFO - [2023-07-08T10:39:22.911+0000] {dagbag.py:541} INFO - Filling up the DagBag from /opt/airflow/dags/assignment.py
[2023-07-08T10:39:22.923+0000] {processor.py:836} INFO - DAG(s) dict_keys(['assignment']) retrieved from /opt/airflow/dags/assignment.py
[2023-07-08T10:39:22.970+0000] {logging_mixin.py:149} INFO - [2023-07-08T10:39:22.970+0000] {dag.py:2726} INFO - Sync 1 DAGs
[2023-07-08T10:39:23.013+0000] {logging_mixin.py:149} INFO - [2023-07-08T10:39:23.012+0000] {dag.py:3490} INFO - Setting next_dagrun for assignment to None, run_after=None
[2023-07-08T10:39:23.041+0000] {processor.py:179} INFO - Processing /opt/airflow/dags/assignment.py took 0.138 seconds
[2023-07-08T10:39:53.143+0000] {processor.py:157} INFO - Started process (PID=112) to work on /opt/airflow/dags/assignment.py
[2023-07-08T10:39:53.145+0000] {processor.py:826} INFO - Processing file /opt/airflow/dags/assignment.py for tasks to queue
[2023-07-08T10:39:53.146+0000] {logging_mixin.py:149} INFO - [2023-07-08T10:39:53.146+0000] {dagbag.py:541} INFO - Filling up the DagBag from /opt/airflow/dags/assignment.py
[2023-07-08T10:39:53.163+0000] {processor.py:836} INFO - DAG(s) dict_keys(['assignment']) retrieved from /opt/airflow/dags/assignment.py
[2023-07-08T10:39:53.226+0000] {logging_mixin.py:149} INFO - [2023-07-08T10:39:53.226+0000] {dag.py:2726} INFO - Sync 1 DAGs
[2023-07-08T10:39:53.273+0000] {logging_mixin.py:149} INFO - [2023-07-08T10:39:53.273+0000] {dag.py:3490} INFO - Setting next_dagrun for assignment to None, run_after=None
[2023-07-08T10:39:53.305+0000] {processor.py:179} INFO - Processing /opt/airflow/dags/assignment.py took 0.169 seconds
[2023-07-08T10:40:23.352+0000] {processor.py:157} INFO - Started process (PID=120) to work on /opt/airflow/dags/assignment.py
[2023-07-08T10:40:23.354+0000] {processor.py:826} INFO - Processing file /opt/airflow/dags/assignment.py for tasks to queue
[2023-07-08T10:40:23.355+0000] {logging_mixin.py:149} INFO - [2023-07-08T10:40:23.354+0000] {dagbag.py:541} INFO - Filling up the DagBag from /opt/airflow/dags/assignment.py
[2023-07-08T10:40:23.365+0000] {processor.py:836} INFO - DAG(s) dict_keys(['assignment']) retrieved from /opt/airflow/dags/assignment.py
[2023-07-08T10:40:23.411+0000] {logging_mixin.py:149} INFO - [2023-07-08T10:40:23.411+0000] {dag.py:2726} INFO - Sync 1 DAGs
[2023-07-08T10:40:23.455+0000] {logging_mixin.py:149} INFO - [2023-07-08T10:40:23.455+0000] {dag.py:3490} INFO - Setting next_dagrun for assignment to None, run_after=None
[2023-07-08T10:40:23.480+0000] {processor.py:179} INFO - Processing /opt/airflow/dags/assignment.py took 0.133 seconds
[2023-07-08T10:40:53.627+0000] {processor.py:157} INFO - Started process (PID=128) to work on /opt/airflow/dags/assignment.py
[2023-07-08T10:40:53.628+0000] {processor.py:826} INFO - Processing file /opt/airflow/dags/assignment.py for tasks to queue
[2023-07-08T10:40:53.629+0000] {logging_mixin.py:149} INFO - [2023-07-08T10:40:53.629+0000] {dagbag.py:541} INFO - Filling up the DagBag from /opt/airflow/dags/assignment.py
[2023-07-08T10:40:53.642+0000] {processor.py:836} INFO - DAG(s) dict_keys(['assignment']) retrieved from /opt/airflow/dags/assignment.py
[2023-07-08T10:40:53.693+0000] {logging_mixin.py:149} INFO - [2023-07-08T10:40:53.693+0000] {dag.py:2726} INFO - Sync 1 DAGs
[2023-07-08T10:40:53.745+0000] {logging_mixin.py:149} INFO - [2023-07-08T10:40:53.745+0000] {dag.py:3490} INFO - Setting next_dagrun for assignment to None, run_after=None
[2023-07-08T10:40:53.777+0000] {processor.py:179} INFO - Processing /opt/airflow/dags/assignment.py took 0.156 seconds
[2023-07-08T10:41:23.930+0000] {processor.py:157} INFO - Started process (PID=136) to work on /opt/airflow/dags/assignment.py
[2023-07-08T10:41:23.932+0000] {processor.py:826} INFO - Processing file /opt/airflow/dags/assignment.py for tasks to queue
[2023-07-08T10:41:23.933+0000] {logging_mixin.py:149} INFO - [2023-07-08T10:41:23.933+0000] {dagbag.py:541} INFO - Filling up the DagBag from /opt/airflow/dags/assignment.py
[2023-07-08T10:41:23.946+0000] {processor.py:836} INFO - DAG(s) dict_keys(['assignment']) retrieved from /opt/airflow/dags/assignment.py
[2023-07-08T10:41:23.990+0000] {logging_mixin.py:149} INFO - [2023-07-08T10:41:23.990+0000] {dag.py:2726} INFO - Sync 1 DAGs
[2023-07-08T10:41:24.028+0000] {logging_mixin.py:149} INFO - [2023-07-08T10:41:24.028+0000] {dag.py:3490} INFO - Setting next_dagrun for assignment to None, run_after=None
[2023-07-08T10:41:24.052+0000] {processor.py:179} INFO - Processing /opt/airflow/dags/assignment.py took 0.127 seconds
[2023-07-08T10:41:54.094+0000] {processor.py:157} INFO - Started process (PID=144) to work on /opt/airflow/dags/assignment.py
[2023-07-08T10:41:54.096+0000] {processor.py:826} INFO - Processing file /opt/airflow/dags/assignment.py for tasks to queue
[2023-07-08T10:41:54.097+0000] {logging_mixin.py:149} INFO - [2023-07-08T10:41:54.096+0000] {dagbag.py:541} INFO - Filling up the DagBag from /opt/airflow/dags/assignment.py
[2023-07-08T10:41:54.109+0000] {processor.py:836} INFO - DAG(s) dict_keys(['assignment']) retrieved from /opt/airflow/dags/assignment.py
[2023-07-08T10:41:54.165+0000] {logging_mixin.py:149} INFO - [2023-07-08T10:41:54.165+0000] {dag.py:2726} INFO - Sync 1 DAGs
[2023-07-08T10:41:54.206+0000] {logging_mixin.py:149} INFO - [2023-07-08T10:41:54.205+0000] {dag.py:3490} INFO - Setting next_dagrun for assignment to None, run_after=None
[2023-07-08T10:41:54.237+0000] {processor.py:179} INFO - Processing /opt/airflow/dags/assignment.py took 0.148 seconds
[2023-07-08T10:42:24.346+0000] {processor.py:157} INFO - Started process (PID=152) to work on /opt/airflow/dags/assignment.py
[2023-07-08T10:42:24.348+0000] {processor.py:826} INFO - Processing file /opt/airflow/dags/assignment.py for tasks to queue
[2023-07-08T10:42:24.349+0000] {logging_mixin.py:149} INFO - [2023-07-08T10:42:24.349+0000] {dagbag.py:541} INFO - Filling up the DagBag from /opt/airflow/dags/assignment.py
[2023-07-08T10:42:24.360+0000] {processor.py:836} INFO - DAG(s) dict_keys(['assignment']) retrieved from /opt/airflow/dags/assignment.py
[2023-07-08T10:42:24.404+0000] {logging_mixin.py:149} INFO - [2023-07-08T10:42:24.404+0000] {dag.py:2726} INFO - Sync 1 DAGs
[2023-07-08T10:42:24.446+0000] {logging_mixin.py:149} INFO - [2023-07-08T10:42:24.446+0000] {dag.py:3490} INFO - Setting next_dagrun for assignment to None, run_after=None
[2023-07-08T10:42:24.471+0000] {processor.py:179} INFO - Processing /opt/airflow/dags/assignment.py took 0.128 seconds
[2023-07-08T10:42:31.416+0000] {processor.py:157} INFO - Started process (PID=160) to work on /opt/airflow/dags/assignment.py
[2023-07-08T10:42:31.417+0000] {processor.py:826} INFO - Processing file /opt/airflow/dags/assignment.py for tasks to queue
[2023-07-08T10:42:31.418+0000] {logging_mixin.py:149} INFO - [2023-07-08T10:42:31.418+0000] {dagbag.py:541} INFO - Filling up the DagBag from /opt/airflow/dags/assignment.py
[2023-07-08T10:42:31.429+0000] {processor.py:836} INFO - DAG(s) dict_keys(['assignment']) retrieved from /opt/airflow/dags/assignment.py
[2023-07-08T10:42:31.472+0000] {logging_mixin.py:149} INFO - [2023-07-08T10:42:31.471+0000] {dag.py:2726} INFO - Sync 1 DAGs
[2023-07-08T10:42:31.522+0000] {logging_mixin.py:149} INFO - [2023-07-08T10:42:31.522+0000] {dag.py:3490} INFO - Setting next_dagrun for assignment to None, run_after=None
[2023-07-08T10:42:31.563+0000] {processor.py:179} INFO - Processing /opt/airflow/dags/assignment.py took 0.151 seconds
[2023-07-08T10:43:01.714+0000] {processor.py:157} INFO - Started process (PID=168) to work on /opt/airflow/dags/assignment.py
[2023-07-08T10:43:01.716+0000] {processor.py:826} INFO - Processing file /opt/airflow/dags/assignment.py for tasks to queue
[2023-07-08T10:43:01.718+0000] {logging_mixin.py:149} INFO - [2023-07-08T10:43:01.717+0000] {dagbag.py:541} INFO - Filling up the DagBag from /opt/airflow/dags/assignment.py
[2023-07-08T10:43:01.731+0000] {processor.py:836} INFO - DAG(s) dict_keys(['assignment']) retrieved from /opt/airflow/dags/assignment.py
[2023-07-08T10:43:01.771+0000] {logging_mixin.py:149} INFO - [2023-07-08T10:43:01.770+0000] {dag.py:2726} INFO - Sync 1 DAGs
[2023-07-08T10:43:01.808+0000] {logging_mixin.py:149} INFO - [2023-07-08T10:43:01.807+0000] {dag.py:3490} INFO - Setting next_dagrun for assignment to None, run_after=None
[2023-07-08T10:43:01.839+0000] {processor.py:179} INFO - Processing /opt/airflow/dags/assignment.py took 0.136 seconds
[2023-07-08T10:43:31.896+0000] {processor.py:157} INFO - Started process (PID=176) to work on /opt/airflow/dags/assignment.py
[2023-07-08T10:43:31.897+0000] {processor.py:826} INFO - Processing file /opt/airflow/dags/assignment.py for tasks to queue
[2023-07-08T10:43:31.898+0000] {logging_mixin.py:149} INFO - [2023-07-08T10:43:31.898+0000] {dagbag.py:541} INFO - Filling up the DagBag from /opt/airflow/dags/assignment.py
[2023-07-08T10:43:31.906+0000] {processor.py:836} INFO - DAG(s) dict_keys(['assignment']) retrieved from /opt/airflow/dags/assignment.py
[2023-07-08T10:43:31.948+0000] {logging_mixin.py:149} INFO - [2023-07-08T10:43:31.947+0000] {dag.py:2726} INFO - Sync 1 DAGs
[2023-07-08T10:43:31.984+0000] {logging_mixin.py:149} INFO - [2023-07-08T10:43:31.984+0000] {dag.py:3490} INFO - Setting next_dagrun for assignment to None, run_after=None
[2023-07-08T10:43:32.011+0000] {processor.py:179} INFO - Processing /opt/airflow/dags/assignment.py took 0.119 seconds
[2023-07-08T10:44:02.166+0000] {processor.py:157} INFO - Started process (PID=184) to work on /opt/airflow/dags/assignment.py
[2023-07-08T10:44:02.167+0000] {processor.py:826} INFO - Processing file /opt/airflow/dags/assignment.py for tasks to queue
[2023-07-08T10:44:02.169+0000] {logging_mixin.py:149} INFO - [2023-07-08T10:44:02.168+0000] {dagbag.py:541} INFO - Filling up the DagBag from /opt/airflow/dags/assignment.py
[2023-07-08T10:44:02.181+0000] {processor.py:836} INFO - DAG(s) dict_keys(['assignment']) retrieved from /opt/airflow/dags/assignment.py
[2023-07-08T10:44:02.224+0000] {logging_mixin.py:149} INFO - [2023-07-08T10:44:02.224+0000] {dag.py:2726} INFO - Sync 1 DAGs
[2023-07-08T10:44:02.260+0000] {logging_mixin.py:149} INFO - [2023-07-08T10:44:02.260+0000] {dag.py:3490} INFO - Setting next_dagrun for assignment to None, run_after=None
[2023-07-08T10:44:02.290+0000] {processor.py:179} INFO - Processing /opt/airflow/dags/assignment.py took 0.129 seconds
[2023-07-08T10:44:32.339+0000] {processor.py:157} INFO - Started process (PID=192) to work on /opt/airflow/dags/assignment.py
[2023-07-08T10:44:32.340+0000] {processor.py:826} INFO - Processing file /opt/airflow/dags/assignment.py for tasks to queue
[2023-07-08T10:44:32.341+0000] {logging_mixin.py:149} INFO - [2023-07-08T10:44:32.341+0000] {dagbag.py:541} INFO - Filling up the DagBag from /opt/airflow/dags/assignment.py
[2023-07-08T10:44:32.353+0000] {processor.py:836} INFO - DAG(s) dict_keys(['assignment']) retrieved from /opt/airflow/dags/assignment.py
[2023-07-08T10:44:32.399+0000] {logging_mixin.py:149} INFO - [2023-07-08T10:44:32.399+0000] {dag.py:2726} INFO - Sync 1 DAGs
[2023-07-08T10:44:32.445+0000] {logging_mixin.py:149} INFO - [2023-07-08T10:44:32.444+0000] {dag.py:3490} INFO - Setting next_dagrun for assignment to None, run_after=None
[2023-07-08T10:44:32.471+0000] {processor.py:179} INFO - Processing /opt/airflow/dags/assignment.py took 0.137 seconds
[2023-07-08T10:44:47.579+0000] {processor.py:157} INFO - Started process (PID=193) to work on /opt/airflow/dags/assignment.py
[2023-07-08T10:44:47.580+0000] {processor.py:826} INFO - Processing file /opt/airflow/dags/assignment.py for tasks to queue
[2023-07-08T10:44:47.581+0000] {logging_mixin.py:149} INFO - [2023-07-08T10:44:47.581+0000] {dagbag.py:541} INFO - Filling up the DagBag from /opt/airflow/dags/assignment.py
[2023-07-08T10:44:47.595+0000] {processor.py:836} INFO - DAG(s) dict_keys(['assignment']) retrieved from /opt/airflow/dags/assignment.py
[2023-07-08T10:44:47.638+0000] {logging_mixin.py:149} INFO - [2023-07-08T10:44:47.637+0000] {dag.py:2726} INFO - Sync 1 DAGs
[2023-07-08T10:44:47.671+0000] {logging_mixin.py:149} INFO - [2023-07-08T10:44:47.671+0000] {dag.py:3490} INFO - Setting next_dagrun for assignment to None, run_after=None
[2023-07-08T10:44:47.696+0000] {processor.py:179} INFO - Processing /opt/airflow/dags/assignment.py took 0.121 seconds
[2023-07-08T10:45:10.724+0000] {processor.py:157} INFO - Started process (PID=201) to work on /opt/airflow/dags/assignment.py
[2023-07-08T10:45:10.726+0000] {processor.py:826} INFO - Processing file /opt/airflow/dags/assignment.py for tasks to queue
[2023-07-08T10:45:10.726+0000] {logging_mixin.py:149} INFO - [2023-07-08T10:45:10.726+0000] {dagbag.py:541} INFO - Filling up the DagBag from /opt/airflow/dags/assignment.py
[2023-07-08T10:45:10.739+0000] {processor.py:836} INFO - DAG(s) dict_keys(['assignment']) retrieved from /opt/airflow/dags/assignment.py
[2023-07-08T10:45:11.350+0000] {logging_mixin.py:149} INFO - [2023-07-08T10:45:11.349+0000] {dag.py:2726} INFO - Sync 1 DAGs
[2023-07-08T10:45:11.394+0000] {logging_mixin.py:149} INFO - [2023-07-08T10:45:11.394+0000] {dag.py:3490} INFO - Setting next_dagrun for assignment to None, run_after=None
[2023-07-08T10:45:11.439+0000] {processor.py:179} INFO - Processing /opt/airflow/dags/assignment.py took 0.719 seconds
[2023-07-08T10:45:41.626+0000] {processor.py:157} INFO - Started process (PID=210) to work on /opt/airflow/dags/assignment.py
[2023-07-08T10:45:41.627+0000] {processor.py:826} INFO - Processing file /opt/airflow/dags/assignment.py for tasks to queue
[2023-07-08T10:45:41.628+0000] {logging_mixin.py:149} INFO - [2023-07-08T10:45:41.628+0000] {dagbag.py:541} INFO - Filling up the DagBag from /opt/airflow/dags/assignment.py
[2023-07-08T10:45:41.641+0000] {processor.py:836} INFO - DAG(s) dict_keys(['assignment']) retrieved from /opt/airflow/dags/assignment.py
[2023-07-08T10:45:41.692+0000] {logging_mixin.py:149} INFO - [2023-07-08T10:45:41.692+0000] {dag.py:2726} INFO - Sync 1 DAGs
[2023-07-08T10:45:41.738+0000] {logging_mixin.py:149} INFO - [2023-07-08T10:45:41.737+0000] {dag.py:3490} INFO - Setting next_dagrun for assignment to None, run_after=None
[2023-07-08T10:45:41.769+0000] {processor.py:179} INFO - Processing /opt/airflow/dags/assignment.py took 0.149 seconds
[2023-07-08T10:46:11.951+0000] {processor.py:157} INFO - Started process (PID=219) to work on /opt/airflow/dags/assignment.py
[2023-07-08T10:46:11.953+0000] {processor.py:826} INFO - Processing file /opt/airflow/dags/assignment.py for tasks to queue
[2023-07-08T10:46:11.954+0000] {logging_mixin.py:149} INFO - [2023-07-08T10:46:11.954+0000] {dagbag.py:541} INFO - Filling up the DagBag from /opt/airflow/dags/assignment.py
[2023-07-08T10:46:11.965+0000] {processor.py:836} INFO - DAG(s) dict_keys(['assignment']) retrieved from /opt/airflow/dags/assignment.py
[2023-07-08T10:46:12.014+0000] {logging_mixin.py:149} INFO - [2023-07-08T10:46:12.014+0000] {dag.py:2726} INFO - Sync 1 DAGs
[2023-07-08T10:46:12.056+0000] {logging_mixin.py:149} INFO - [2023-07-08T10:46:12.055+0000] {dag.py:3490} INFO - Setting next_dagrun for assignment to None, run_after=None
[2023-07-08T10:46:12.082+0000] {processor.py:179} INFO - Processing /opt/airflow/dags/assignment.py took 0.137 seconds
[2023-07-08T10:46:42.117+0000] {processor.py:157} INFO - Started process (PID=227) to work on /opt/airflow/dags/assignment.py
[2023-07-08T10:46:42.118+0000] {processor.py:826} INFO - Processing file /opt/airflow/dags/assignment.py for tasks to queue
[2023-07-08T10:46:42.119+0000] {logging_mixin.py:149} INFO - [2023-07-08T10:46:42.119+0000] {dagbag.py:541} INFO - Filling up the DagBag from /opt/airflow/dags/assignment.py
[2023-07-08T10:46:42.129+0000] {processor.py:836} INFO - DAG(s) dict_keys(['assignment']) retrieved from /opt/airflow/dags/assignment.py
[2023-07-08T10:46:42.175+0000] {logging_mixin.py:149} INFO - [2023-07-08T10:46:42.174+0000] {dag.py:2726} INFO - Sync 1 DAGs
[2023-07-08T10:46:42.226+0000] {logging_mixin.py:149} INFO - [2023-07-08T10:46:42.226+0000] {dag.py:3490} INFO - Setting next_dagrun for assignment to None, run_after=None
[2023-07-08T10:46:42.264+0000] {processor.py:179} INFO - Processing /opt/airflow/dags/assignment.py took 0.150 seconds
[2023-07-08T10:47:12.443+0000] {processor.py:157} INFO - Started process (PID=235) to work on /opt/airflow/dags/assignment.py
[2023-07-08T10:47:12.444+0000] {processor.py:826} INFO - Processing file /opt/airflow/dags/assignment.py for tasks to queue
[2023-07-08T10:47:12.445+0000] {logging_mixin.py:149} INFO - [2023-07-08T10:47:12.445+0000] {dagbag.py:541} INFO - Filling up the DagBag from /opt/airflow/dags/assignment.py
[2023-07-08T10:47:12.456+0000] {processor.py:836} INFO - DAG(s) dict_keys(['assignment']) retrieved from /opt/airflow/dags/assignment.py
[2023-07-08T10:47:12.504+0000] {logging_mixin.py:149} INFO - [2023-07-08T10:47:12.504+0000] {dag.py:2726} INFO - Sync 1 DAGs
[2023-07-08T10:47:12.558+0000] {logging_mixin.py:149} INFO - [2023-07-08T10:47:12.558+0000] {dag.py:3490} INFO - Setting next_dagrun for assignment to None, run_after=None
[2023-07-08T10:47:12.589+0000] {processor.py:179} INFO - Processing /opt/airflow/dags/assignment.py took 0.151 seconds
[2023-07-08T10:47:42.653+0000] {processor.py:157} INFO - Started process (PID=243) to work on /opt/airflow/dags/assignment.py
[2023-07-08T10:47:42.654+0000] {processor.py:826} INFO - Processing file /opt/airflow/dags/assignment.py for tasks to queue
[2023-07-08T10:47:42.655+0000] {logging_mixin.py:149} INFO - [2023-07-08T10:47:42.655+0000] {dagbag.py:541} INFO - Filling up the DagBag from /opt/airflow/dags/assignment.py
[2023-07-08T10:47:42.668+0000] {processor.py:836} INFO - DAG(s) dict_keys(['assignment']) retrieved from /opt/airflow/dags/assignment.py
[2023-07-08T10:47:42.719+0000] {logging_mixin.py:149} INFO - [2023-07-08T10:47:42.719+0000] {dag.py:2726} INFO - Sync 1 DAGs
[2023-07-08T10:47:42.780+0000] {logging_mixin.py:149} INFO - [2023-07-08T10:47:42.780+0000] {dag.py:3490} INFO - Setting next_dagrun for assignment to None, run_after=None
[2023-07-08T10:47:42.810+0000] {processor.py:179} INFO - Processing /opt/airflow/dags/assignment.py took 0.162 seconds
[2023-07-08T10:48:12.959+0000] {processor.py:157} INFO - Started process (PID=250) to work on /opt/airflow/dags/assignment.py
[2023-07-08T10:48:12.960+0000] {processor.py:826} INFO - Processing file /opt/airflow/dags/assignment.py for tasks to queue
[2023-07-08T10:48:12.961+0000] {logging_mixin.py:149} INFO - [2023-07-08T10:48:12.960+0000] {dagbag.py:541} INFO - Filling up the DagBag from /opt/airflow/dags/assignment.py
[2023-07-08T10:48:12.970+0000] {processor.py:836} INFO - DAG(s) dict_keys(['assignment']) retrieved from /opt/airflow/dags/assignment.py
[2023-07-08T10:48:13.025+0000] {logging_mixin.py:149} INFO - [2023-07-08T10:48:13.024+0000] {dag.py:2726} INFO - Sync 1 DAGs
[2023-07-08T10:48:13.075+0000] {logging_mixin.py:149} INFO - [2023-07-08T10:48:13.074+0000] {dag.py:3490} INFO - Setting next_dagrun for assignment to None, run_after=None
[2023-07-08T10:48:13.113+0000] {processor.py:179} INFO - Processing /opt/airflow/dags/assignment.py took 0.158 seconds
[2023-07-08T10:48:43.194+0000] {processor.py:157} INFO - Started process (PID=258) to work on /opt/airflow/dags/assignment.py
[2023-07-08T10:48:43.195+0000] {processor.py:826} INFO - Processing file /opt/airflow/dags/assignment.py for tasks to queue
[2023-07-08T10:48:43.195+0000] {logging_mixin.py:149} INFO - [2023-07-08T10:48:43.195+0000] {dagbag.py:541} INFO - Filling up the DagBag from /opt/airflow/dags/assignment.py
[2023-07-08T10:48:43.209+0000] {processor.py:836} INFO - DAG(s) dict_keys(['assignment']) retrieved from /opt/airflow/dags/assignment.py
[2023-07-08T10:48:43.260+0000] {logging_mixin.py:149} INFO - [2023-07-08T10:48:43.260+0000] {dag.py:2726} INFO - Sync 1 DAGs
[2023-07-08T10:48:43.302+0000] {logging_mixin.py:149} INFO - [2023-07-08T10:48:43.301+0000] {dag.py:3490} INFO - Setting next_dagrun for assignment to None, run_after=None
[2023-07-08T10:48:43.333+0000] {processor.py:179} INFO - Processing /opt/airflow/dags/assignment.py took 0.144 seconds
[2023-07-08T10:48:56.390+0000] {processor.py:157} INFO - Started process (PID=259) to work on /opt/airflow/dags/assignment.py
[2023-07-08T10:48:56.392+0000] {processor.py:826} INFO - Processing file /opt/airflow/dags/assignment.py for tasks to queue
[2023-07-08T10:48:56.394+0000] {logging_mixin.py:149} INFO - [2023-07-08T10:48:56.393+0000] {dagbag.py:541} INFO - Filling up the DagBag from /opt/airflow/dags/assignment.py
[2023-07-08T10:48:56.411+0000] {logging_mixin.py:149} INFO - [2023-07-08T10:48:56.406+0000] {dagbag.py:350} ERROR - Failed to import: /opt/airflow/dags/assignment.py
Traceback (most recent call last):
  File "/home/airflow/.local/lib/python3.7/site-packages/airflow/models/dagbag.py", line 346, in parse
    loader.exec_module(new_module)
  File "<frozen importlib._bootstrap_external>", line 728, in exec_module
  File "<frozen importlib._bootstrap>", line 219, in _call_with_frames_removed
  File "/opt/airflow/dags/assignment.py", line 81, in <module>
    _ = assignment()
  File "/home/airflow/.local/lib/python3.7/site-packages/airflow/models/dag.py", line 3604, in factory
    f(**f_kwargs)
  File "/opt/airflow/dags/assignment.py", line 76, in assignment
    printf("hereeee")
NameError: name 'printf' is not defined
[2023-07-08T10:48:56.412+0000] {processor.py:838} WARNING - No viable dags retrieved from /opt/airflow/dags/assignment.py
[2023-07-08T10:48:56.454+0000] {processor.py:179} INFO - Processing /opt/airflow/dags/assignment.py took 0.071 seconds
[2023-07-08T10:49:26.575+0000] {processor.py:157} INFO - Started process (PID=266) to work on /opt/airflow/dags/assignment.py
[2023-07-08T10:49:26.577+0000] {processor.py:826} INFO - Processing file /opt/airflow/dags/assignment.py for tasks to queue
[2023-07-08T10:49:26.578+0000] {logging_mixin.py:149} INFO - [2023-07-08T10:49:26.578+0000] {dagbag.py:541} INFO - Filling up the DagBag from /opt/airflow/dags/assignment.py
[2023-07-08T10:49:26.587+0000] {logging_mixin.py:149} INFO - [2023-07-08T10:49:26.584+0000] {dagbag.py:350} ERROR - Failed to import: /opt/airflow/dags/assignment.py
Traceback (most recent call last):
  File "/home/airflow/.local/lib/python3.7/site-packages/airflow/models/dagbag.py", line 346, in parse
    loader.exec_module(new_module)
  File "<frozen importlib._bootstrap_external>", line 728, in exec_module
  File "<frozen importlib._bootstrap>", line 219, in _call_with_frames_removed
  File "/opt/airflow/dags/assignment.py", line 81, in <module>
    _ = assignment()
  File "/home/airflow/.local/lib/python3.7/site-packages/airflow/models/dag.py", line 3604, in factory
    f(**f_kwargs)
  File "/opt/airflow/dags/assignment.py", line 76, in assignment
    printf("hereeee")
NameError: name 'printf' is not defined
[2023-07-08T10:49:26.588+0000] {processor.py:838} WARNING - No viable dags retrieved from /opt/airflow/dags/assignment.py
[2023-07-08T10:49:26.623+0000] {processor.py:179} INFO - Processing /opt/airflow/dags/assignment.py took 0.052 seconds
[2023-07-08T10:49:33.657+0000] {processor.py:157} INFO - Started process (PID=275) to work on /opt/airflow/dags/assignment.py
[2023-07-08T10:49:33.659+0000] {processor.py:826} INFO - Processing file /opt/airflow/dags/assignment.py for tasks to queue
[2023-07-08T10:49:33.660+0000] {logging_mixin.py:149} INFO - [2023-07-08T10:49:33.660+0000] {dagbag.py:541} INFO - Filling up the DagBag from /opt/airflow/dags/assignment.py
[2023-07-08T10:49:33.668+0000] {logging_mixin.py:149} INFO - hereeee
[2023-07-08T10:49:33.668+0000] {logging_mixin.py:149} INFO - {{ task_instance.xcom_pull(task_ids='get_departed_flights_from_cdg', dag_id='assignment', key='return_value') }}
[2023-07-08T10:49:33.674+0000] {processor.py:836} INFO - DAG(s) dict_keys(['assignment']) retrieved from /opt/airflow/dags/assignment.py
[2023-07-08T10:49:33.728+0000] {logging_mixin.py:149} INFO - [2023-07-08T10:49:33.727+0000] {dag.py:2726} INFO - Sync 1 DAGs
[2023-07-08T10:49:33.773+0000] {logging_mixin.py:149} INFO - [2023-07-08T10:49:33.773+0000] {dag.py:3490} INFO - Setting next_dagrun for assignment to None, run_after=None
[2023-07-08T10:49:33.802+0000] {processor.py:179} INFO - Processing /opt/airflow/dags/assignment.py took 0.150 seconds
[2023-07-08T10:50:03.874+0000] {processor.py:157} INFO - Started process (PID=284) to work on /opt/airflow/dags/assignment.py
[2023-07-08T10:50:03.875+0000] {processor.py:826} INFO - Processing file /opt/airflow/dags/assignment.py for tasks to queue
[2023-07-08T10:50:03.876+0000] {logging_mixin.py:149} INFO - [2023-07-08T10:50:03.876+0000] {dagbag.py:541} INFO - Filling up the DagBag from /opt/airflow/dags/assignment.py
[2023-07-08T10:50:03.882+0000] {logging_mixin.py:149} INFO - hereeee
[2023-07-08T10:50:03.882+0000] {logging_mixin.py:149} INFO - {{ task_instance.xcom_pull(task_ids='get_departed_flights_from_cdg', dag_id='assignment', key='return_value') }}
[2023-07-08T10:50:03.887+0000] {processor.py:836} INFO - DAG(s) dict_keys(['assignment']) retrieved from /opt/airflow/dags/assignment.py
[2023-07-08T10:50:03.937+0000] {logging_mixin.py:149} INFO - [2023-07-08T10:50:03.936+0000] {dag.py:2726} INFO - Sync 1 DAGs
[2023-07-08T10:50:03.982+0000] {logging_mixin.py:149} INFO - [2023-07-08T10:50:03.982+0000] {dag.py:3490} INFO - Setting next_dagrun for assignment to None, run_after=None
[2023-07-08T10:50:04.017+0000] {processor.py:179} INFO - Processing /opt/airflow/dags/assignment.py took 0.148 seconds
[2023-07-08T10:50:34.143+0000] {processor.py:157} INFO - Started process (PID=291) to work on /opt/airflow/dags/assignment.py
[2023-07-08T10:50:34.145+0000] {processor.py:826} INFO - Processing file /opt/airflow/dags/assignment.py for tasks to queue
[2023-07-08T10:50:34.145+0000] {logging_mixin.py:149} INFO - [2023-07-08T10:50:34.145+0000] {dagbag.py:541} INFO - Filling up the DagBag from /opt/airflow/dags/assignment.py
[2023-07-08T10:50:34.150+0000] {logging_mixin.py:149} INFO - hereeee
[2023-07-08T10:50:34.151+0000] {logging_mixin.py:149} INFO - {{ task_instance.xcom_pull(task_ids='get_departed_flights_from_cdg', dag_id='assignment', key='return_value') }}
[2023-07-08T10:50:34.155+0000] {processor.py:836} INFO - DAG(s) dict_keys(['assignment']) retrieved from /opt/airflow/dags/assignment.py
[2023-07-08T10:50:34.209+0000] {logging_mixin.py:149} INFO - [2023-07-08T10:50:34.209+0000] {dag.py:2726} INFO - Sync 1 DAGs
[2023-07-08T10:50:34.250+0000] {logging_mixin.py:149} INFO - [2023-07-08T10:50:34.250+0000] {dag.py:3490} INFO - Setting next_dagrun for assignment to None, run_after=None
[2023-07-08T10:50:34.271+0000] {processor.py:179} INFO - Processing /opt/airflow/dags/assignment.py took 0.132 seconds
[2023-07-08T10:50:40.212+0000] {processor.py:157} INFO - Started process (PID=292) to work on /opt/airflow/dags/assignment.py
[2023-07-08T10:50:40.213+0000] {processor.py:826} INFO - Processing file /opt/airflow/dags/assignment.py for tasks to queue
[2023-07-08T10:50:40.214+0000] {logging_mixin.py:149} INFO - [2023-07-08T10:50:40.214+0000] {dagbag.py:541} INFO - Filling up the DagBag from /opt/airflow/dags/assignment.py
[2023-07-08T10:50:40.221+0000] {logging_mixin.py:149} INFO - hereeee
[2023-07-08T10:50:40.221+0000] {logging_mixin.py:149} INFO - {{ task_instance.xcom_pull(task_ids='get_departed_flights_from_cdg', dag_id='assignment', key='return_value') }}
[2023-07-08T10:50:40.230+0000] {processor.py:836} INFO - DAG(s) dict_keys(['assignment']) retrieved from /opt/airflow/dags/assignment.py
[2023-07-08T10:50:40.667+0000] {logging_mixin.py:149} INFO - [2023-07-08T10:50:40.666+0000] {dag.py:2726} INFO - Sync 1 DAGs
[2023-07-08T10:50:40.698+0000] {logging_mixin.py:149} INFO - [2023-07-08T10:50:40.698+0000] {dag.py:3490} INFO - Setting next_dagrun for assignment to None, run_after=None
[2023-07-08T10:50:40.725+0000] {processor.py:179} INFO - Processing /opt/airflow/dags/assignment.py took 0.518 seconds
[2023-07-08T10:50:41.327+0000] {processor.py:157} INFO - Started process (PID=293) to work on /opt/airflow/dags/assignment.py
[2023-07-08T10:50:41.329+0000] {processor.py:826} INFO - Processing file /opt/airflow/dags/assignment.py for tasks to queue
[2023-07-08T10:50:41.330+0000] {logging_mixin.py:149} INFO - [2023-07-08T10:50:41.330+0000] {dagbag.py:541} INFO - Filling up the DagBag from /opt/airflow/dags/assignment.py
[2023-07-08T10:50:41.337+0000] {logging_mixin.py:149} INFO - hereeee
[2023-07-08T10:50:41.338+0000] {logging_mixin.py:149} INFO - {{ task_instance.xcom_pull(task_ids='get_departed_flights_from_cdg', dag_id='assignment', key='return_value') }}
[2023-07-08T10:50:41.342+0000] {processor.py:836} INFO - DAG(s) dict_keys(['assignment']) retrieved from /opt/airflow/dags/assignment.py
[2023-07-08T10:50:41.361+0000] {logging_mixin.py:149} INFO - [2023-07-08T10:50:41.361+0000] {dag.py:2726} INFO - Sync 1 DAGs
[2023-07-08T10:50:41.415+0000] {logging_mixin.py:149} INFO - [2023-07-08T10:50:41.415+0000] {dag.py:3490} INFO - Setting next_dagrun for assignment to None, run_after=None
[2023-07-08T10:50:41.445+0000] {processor.py:179} INFO - Processing /opt/airflow/dags/assignment.py took 0.123 seconds
[2023-07-08T10:51:04.456+0000] {processor.py:157} INFO - Started process (PID=301) to work on /opt/airflow/dags/assignment.py
[2023-07-08T10:51:04.458+0000] {processor.py:826} INFO - Processing file /opt/airflow/dags/assignment.py for tasks to queue
[2023-07-08T10:51:04.458+0000] {logging_mixin.py:149} INFO - [2023-07-08T10:51:04.458+0000] {dagbag.py:541} INFO - Filling up the DagBag from /opt/airflow/dags/assignment.py
[2023-07-08T10:51:04.467+0000] {logging_mixin.py:149} INFO - hereeee
[2023-07-08T10:51:04.467+0000] {logging_mixin.py:149} INFO - {{ task_instance.xcom_pull(task_ids='get_departed_flights_from_cdg', dag_id='assignment', key='return_value') }}
[2023-07-08T10:51:04.471+0000] {processor.py:836} INFO - DAG(s) dict_keys(['assignment']) retrieved from /opt/airflow/dags/assignment.py
[2023-07-08T10:51:04.492+0000] {logging_mixin.py:149} INFO - [2023-07-08T10:51:04.491+0000] {dag.py:2726} INFO - Sync 1 DAGs
[2023-07-08T10:51:04.533+0000] {logging_mixin.py:149} INFO - [2023-07-08T10:51:04.533+0000] {dag.py:3490} INFO - Setting next_dagrun for assignment to None, run_after=None
[2023-07-08T10:51:04.560+0000] {processor.py:179} INFO - Processing /opt/airflow/dags/assignment.py took 0.109 seconds
[2023-07-08T10:51:10.606+0000] {processor.py:157} INFO - Started process (PID=302) to work on /opt/airflow/dags/assignment.py
[2023-07-08T10:51:10.607+0000] {processor.py:826} INFO - Processing file /opt/airflow/dags/assignment.py for tasks to queue
[2023-07-08T10:51:10.608+0000] {logging_mixin.py:149} INFO - [2023-07-08T10:51:10.608+0000] {dagbag.py:541} INFO - Filling up the DagBag from /opt/airflow/dags/assignment.py
[2023-07-08T10:51:10.615+0000] {logging_mixin.py:149} INFO - hereeee
[2023-07-08T10:51:10.615+0000] {logging_mixin.py:149} INFO - {{ task_instance.xcom_pull(task_ids='get_departed_flights_from_cdg', dag_id='assignment', key='return_value') }}
[2023-07-08T10:51:10.619+0000] {processor.py:836} INFO - DAG(s) dict_keys(['assignment']) retrieved from /opt/airflow/dags/assignment.py
[2023-07-08T10:51:10.660+0000] {logging_mixin.py:149} INFO - [2023-07-08T10:51:10.659+0000] {dag.py:2726} INFO - Sync 1 DAGs
[2023-07-08T10:51:10.702+0000] {logging_mixin.py:149} INFO - [2023-07-08T10:51:10.701+0000] {dag.py:3490} INFO - Setting next_dagrun for assignment to None, run_after=None
[2023-07-08T10:51:10.728+0000] {processor.py:179} INFO - Processing /opt/airflow/dags/assignment.py took 0.126 seconds
[2023-07-08T10:51:40.780+0000] {processor.py:157} INFO - Started process (PID=311) to work on /opt/airflow/dags/assignment.py
[2023-07-08T10:51:40.787+0000] {processor.py:826} INFO - Processing file /opt/airflow/dags/assignment.py for tasks to queue
[2023-07-08T10:51:40.788+0000] {logging_mixin.py:149} INFO - [2023-07-08T10:51:40.788+0000] {dagbag.py:541} INFO - Filling up the DagBag from /opt/airflow/dags/assignment.py
[2023-07-08T10:51:40.796+0000] {logging_mixin.py:149} INFO - hereeee
[2023-07-08T10:51:40.796+0000] {logging_mixin.py:149} INFO - {{ task_instance.xcom_pull(task_ids='get_departed_flights_from_cdg', dag_id='assignment', key='return_value') }}
[2023-07-08T10:51:40.800+0000] {processor.py:836} INFO - DAG(s) dict_keys(['assignment']) retrieved from /opt/airflow/dags/assignment.py
[2023-07-08T10:51:40.843+0000] {logging_mixin.py:149} INFO - [2023-07-08T10:51:40.843+0000] {dag.py:2726} INFO - Sync 1 DAGs
[2023-07-08T10:51:40.885+0000] {logging_mixin.py:149} INFO - [2023-07-08T10:51:40.885+0000] {dag.py:3490} INFO - Setting next_dagrun for assignment to None, run_after=None
[2023-07-08T10:51:40.918+0000] {processor.py:179} INFO - Processing /opt/airflow/dags/assignment.py took 0.144 seconds
[2023-07-08T10:52:11.054+0000] {processor.py:157} INFO - Started process (PID=319) to work on /opt/airflow/dags/assignment.py
[2023-07-08T10:52:11.055+0000] {processor.py:826} INFO - Processing file /opt/airflow/dags/assignment.py for tasks to queue
[2023-07-08T10:52:11.056+0000] {logging_mixin.py:149} INFO - [2023-07-08T10:52:11.056+0000] {dagbag.py:541} INFO - Filling up the DagBag from /opt/airflow/dags/assignment.py
[2023-07-08T10:52:11.060+0000] {logging_mixin.py:149} INFO - hereeee
[2023-07-08T10:52:11.060+0000] {logging_mixin.py:149} INFO - {{ task_instance.xcom_pull(task_ids='get_departed_flights_from_cdg', dag_id='assignment', key='return_value') }}
[2023-07-08T10:52:11.064+0000] {processor.py:836} INFO - DAG(s) dict_keys(['assignment']) retrieved from /opt/airflow/dags/assignment.py
[2023-07-08T10:52:11.100+0000] {logging_mixin.py:149} INFO - [2023-07-08T10:52:11.100+0000] {dag.py:2726} INFO - Sync 1 DAGs
[2023-07-08T10:52:11.138+0000] {logging_mixin.py:149} INFO - [2023-07-08T10:52:11.138+0000] {dag.py:3490} INFO - Setting next_dagrun for assignment to None, run_after=None
[2023-07-08T10:52:11.362+0000] {processor.py:179} INFO - Processing /opt/airflow/dags/assignment.py took 0.312 seconds
[2023-07-08T10:52:41.539+0000] {processor.py:157} INFO - Started process (PID=327) to work on /opt/airflow/dags/assignment.py
[2023-07-08T10:52:41.540+0000] {processor.py:826} INFO - Processing file /opt/airflow/dags/assignment.py for tasks to queue
[2023-07-08T10:52:41.541+0000] {logging_mixin.py:149} INFO - [2023-07-08T10:52:41.541+0000] {dagbag.py:541} INFO - Filling up the DagBag from /opt/airflow/dags/assignment.py
[2023-07-08T10:52:41.546+0000] {logging_mixin.py:149} INFO - hereeee
[2023-07-08T10:52:41.546+0000] {logging_mixin.py:149} INFO - {{ task_instance.xcom_pull(task_ids='get_departed_flights_from_cdg', dag_id='assignment', key='return_value') }}
[2023-07-08T10:52:41.550+0000] {processor.py:836} INFO - DAG(s) dict_keys(['assignment']) retrieved from /opt/airflow/dags/assignment.py
[2023-07-08T10:52:41.593+0000] {logging_mixin.py:149} INFO - [2023-07-08T10:52:41.593+0000] {dag.py:2726} INFO - Sync 1 DAGs
[2023-07-08T10:52:41.635+0000] {logging_mixin.py:149} INFO - [2023-07-08T10:52:41.635+0000] {dag.py:3490} INFO - Setting next_dagrun for assignment to None, run_after=None
[2023-07-08T10:52:41.662+0000] {processor.py:179} INFO - Processing /opt/airflow/dags/assignment.py took 0.127 seconds
[2023-07-08T10:53:11.714+0000] {processor.py:157} INFO - Started process (PID=335) to work on /opt/airflow/dags/assignment.py
[2023-07-08T10:53:11.715+0000] {processor.py:826} INFO - Processing file /opt/airflow/dags/assignment.py for tasks to queue
[2023-07-08T10:53:11.716+0000] {logging_mixin.py:149} INFO - [2023-07-08T10:53:11.716+0000] {dagbag.py:541} INFO - Filling up the DagBag from /opt/airflow/dags/assignment.py
[2023-07-08T10:53:11.721+0000] {logging_mixin.py:149} INFO - hereeee
[2023-07-08T10:53:11.721+0000] {logging_mixin.py:149} INFO - {{ task_instance.xcom_pull(task_ids='get_departed_flights_from_cdg', dag_id='assignment', key='return_value') }}
[2023-07-08T10:53:11.726+0000] {processor.py:836} INFO - DAG(s) dict_keys(['assignment']) retrieved from /opt/airflow/dags/assignment.py
[2023-07-08T10:53:11.788+0000] {logging_mixin.py:149} INFO - [2023-07-08T10:53:11.787+0000] {dag.py:2726} INFO - Sync 1 DAGs
[2023-07-08T10:53:11.851+0000] {logging_mixin.py:149} INFO - [2023-07-08T10:53:11.850+0000] {dag.py:3490} INFO - Setting next_dagrun for assignment to None, run_after=None
[2023-07-08T10:53:11.900+0000] {processor.py:179} INFO - Processing /opt/airflow/dags/assignment.py took 0.190 seconds
[2023-07-08T10:53:42.034+0000] {processor.py:157} INFO - Started process (PID=343) to work on /opt/airflow/dags/assignment.py
[2023-07-08T10:53:42.037+0000] {processor.py:826} INFO - Processing file /opt/airflow/dags/assignment.py for tasks to queue
[2023-07-08T10:53:42.038+0000] {logging_mixin.py:149} INFO - [2023-07-08T10:53:42.038+0000] {dagbag.py:541} INFO - Filling up the DagBag from /opt/airflow/dags/assignment.py
[2023-07-08T10:53:42.045+0000] {logging_mixin.py:149} INFO - hereeee
[2023-07-08T10:53:42.045+0000] {logging_mixin.py:149} INFO - {{ task_instance.xcom_pull(task_ids='get_departed_flights_from_cdg', dag_id='assignment', key='return_value') }}
[2023-07-08T10:53:42.050+0000] {processor.py:836} INFO - DAG(s) dict_keys(['assignment']) retrieved from /opt/airflow/dags/assignment.py
[2023-07-08T10:53:42.105+0000] {logging_mixin.py:149} INFO - [2023-07-08T10:53:42.104+0000] {dag.py:2726} INFO - Sync 1 DAGs
[2023-07-08T10:53:42.152+0000] {logging_mixin.py:149} INFO - [2023-07-08T10:53:42.151+0000] {dag.py:3490} INFO - Setting next_dagrun for assignment to None, run_after=None
[2023-07-08T10:53:42.190+0000] {processor.py:179} INFO - Processing /opt/airflow/dags/assignment.py took 0.161 seconds
[2023-07-08T10:54:12.275+0000] {processor.py:157} INFO - Started process (PID=351) to work on /opt/airflow/dags/assignment.py
[2023-07-08T10:54:12.277+0000] {processor.py:826} INFO - Processing file /opt/airflow/dags/assignment.py for tasks to queue
[2023-07-08T10:54:12.279+0000] {logging_mixin.py:149} INFO - [2023-07-08T10:54:12.279+0000] {dagbag.py:541} INFO - Filling up the DagBag from /opt/airflow/dags/assignment.py
[2023-07-08T10:54:12.285+0000] {logging_mixin.py:149} INFO - hereeee
[2023-07-08T10:54:12.286+0000] {logging_mixin.py:149} INFO - {{ task_instance.xcom_pull(task_ids='get_departed_flights_from_cdg', dag_id='assignment', key='return_value') }}
[2023-07-08T10:54:12.290+0000] {processor.py:836} INFO - DAG(s) dict_keys(['assignment']) retrieved from /opt/airflow/dags/assignment.py
[2023-07-08T10:54:12.362+0000] {logging_mixin.py:149} INFO - [2023-07-08T10:54:12.362+0000] {dag.py:2726} INFO - Sync 1 DAGs
[2023-07-08T10:54:12.411+0000] {logging_mixin.py:149} INFO - [2023-07-08T10:54:12.411+0000] {dag.py:3490} INFO - Setting next_dagrun for assignment to None, run_after=None
[2023-07-08T10:54:12.460+0000] {processor.py:179} INFO - Processing /opt/airflow/dags/assignment.py took 0.191 seconds
[2023-07-08T10:54:29.483+0000] {processor.py:157} INFO - Started process (PID=352) to work on /opt/airflow/dags/assignment.py
[2023-07-08T10:54:29.485+0000] {processor.py:826} INFO - Processing file /opt/airflow/dags/assignment.py for tasks to queue
[2023-07-08T10:54:29.486+0000] {logging_mixin.py:149} INFO - [2023-07-08T10:54:29.486+0000] {dagbag.py:541} INFO - Filling up the DagBag from /opt/airflow/dags/assignment.py
[2023-07-08T10:54:29.496+0000] {logging_mixin.py:149} INFO - [2023-07-08T10:54:29.493+0000] {dagbag.py:350} ERROR - Failed to import: /opt/airflow/dags/assignment.py
Traceback (most recent call last):
  File "/home/airflow/.local/lib/python3.7/site-packages/airflow/models/dagbag.py", line 346, in parse
    loader.exec_module(new_module)
  File "<frozen importlib._bootstrap_external>", line 728, in exec_module
  File "<frozen importlib._bootstrap>", line 219, in _call_with_frames_removed
  File "/opt/airflow/dags/assignment.py", line 87, in <module>
    _ = assignment()
  File "/home/airflow/.local/lib/python3.7/site-packages/airflow/models/dag.py", line 3604, in factory
    f(**f_kwargs)
  File "/opt/airflow/dags/assignment.py", line 80, in assignment
    departures = task_instance.xcom_pull(task_ids='get_departed_flights_from_cdg', key='departures_list')
NameError: name 'task_instance' is not defined
[2023-07-08T10:54:29.496+0000] {processor.py:838} WARNING - No viable dags retrieved from /opt/airflow/dags/assignment.py
[2023-07-08T10:54:29.525+0000] {processor.py:179} INFO - Processing /opt/airflow/dags/assignment.py took 0.047 seconds
[2023-07-08T10:54:59.669+0000] {processor.py:157} INFO - Started process (PID=359) to work on /opt/airflow/dags/assignment.py
[2023-07-08T10:54:59.670+0000] {processor.py:826} INFO - Processing file /opt/airflow/dags/assignment.py for tasks to queue
[2023-07-08T10:54:59.671+0000] {logging_mixin.py:149} INFO - [2023-07-08T10:54:59.671+0000] {dagbag.py:541} INFO - Filling up the DagBag from /opt/airflow/dags/assignment.py
[2023-07-08T10:54:59.683+0000] {logging_mixin.py:149} INFO - [2023-07-08T10:54:59.681+0000] {dagbag.py:350} ERROR - Failed to import: /opt/airflow/dags/assignment.py
Traceback (most recent call last):
  File "/home/airflow/.local/lib/python3.7/site-packages/airflow/models/dagbag.py", line 346, in parse
    loader.exec_module(new_module)
  File "<frozen importlib._bootstrap_external>", line 728, in exec_module
  File "<frozen importlib._bootstrap>", line 219, in _call_with_frames_removed
  File "/opt/airflow/dags/assignment.py", line 87, in <module>
    _ = assignment()
  File "/home/airflow/.local/lib/python3.7/site-packages/airflow/models/dag.py", line 3604, in factory
    f(**f_kwargs)
  File "/opt/airflow/dags/assignment.py", line 80, in assignment
    departures = task_instance.xcom_pull(task_ids='get_departed_flights_from_cdg', key='departures_list')
NameError: name 'task_instance' is not defined
[2023-07-08T10:54:59.684+0000] {processor.py:838} WARNING - No viable dags retrieved from /opt/airflow/dags/assignment.py
[2023-07-08T10:54:59.711+0000] {processor.py:179} INFO - Processing /opt/airflow/dags/assignment.py took 0.046 seconds
[2023-07-08T10:55:29.852+0000] {processor.py:157} INFO - Started process (PID=367) to work on /opt/airflow/dags/assignment.py
[2023-07-08T10:55:29.853+0000] {processor.py:826} INFO - Processing file /opt/airflow/dags/assignment.py for tasks to queue
[2023-07-08T10:55:29.854+0000] {logging_mixin.py:149} INFO - [2023-07-08T10:55:29.854+0000] {dagbag.py:541} INFO - Filling up the DagBag from /opt/airflow/dags/assignment.py
[2023-07-08T10:55:29.862+0000] {logging_mixin.py:149} INFO - [2023-07-08T10:55:29.859+0000] {dagbag.py:350} ERROR - Failed to import: /opt/airflow/dags/assignment.py
Traceback (most recent call last):
  File "/home/airflow/.local/lib/python3.7/site-packages/airflow/models/dagbag.py", line 346, in parse
    loader.exec_module(new_module)
  File "<frozen importlib._bootstrap_external>", line 728, in exec_module
  File "<frozen importlib._bootstrap>", line 219, in _call_with_frames_removed
  File "/opt/airflow/dags/assignment.py", line 87, in <module>
    _ = assignment()
  File "/home/airflow/.local/lib/python3.7/site-packages/airflow/models/dag.py", line 3604, in factory
    f(**f_kwargs)
  File "/opt/airflow/dags/assignment.py", line 80, in assignment
    departures = task_instance.xcom_pull(task_ids='get_departed_flights_from_cdg', key='departures_list')
NameError: name 'task_instance' is not defined
[2023-07-08T10:55:29.862+0000] {processor.py:838} WARNING - No viable dags retrieved from /opt/airflow/dags/assignment.py
[2023-07-08T10:55:29.894+0000] {processor.py:179} INFO - Processing /opt/airflow/dags/assignment.py took 0.046 seconds
[2023-07-08T10:55:50.983+0000] {processor.py:157} INFO - Started process (PID=375) to work on /opt/airflow/dags/assignment.py
[2023-07-08T10:55:50.985+0000] {processor.py:826} INFO - Processing file /opt/airflow/dags/assignment.py for tasks to queue
[2023-07-08T10:55:50.986+0000] {logging_mixin.py:149} INFO - [2023-07-08T10:55:50.986+0000] {dagbag.py:541} INFO - Filling up the DagBag from /opt/airflow/dags/assignment.py
[2023-07-08T10:55:50.995+0000] {logging_mixin.py:149} INFO - {{ task_instance.xcom_pull(task_ids='get_departed_flights_from_cdg', dag_id='assignment', key='departures_list') }}
[2023-07-08T10:55:50.995+0000] {logging_mixin.py:149} INFO - hereeee
[2023-07-08T10:55:51.003+0000] {processor.py:836} INFO - DAG(s) dict_keys(['assignment']) retrieved from /opt/airflow/dags/assignment.py
[2023-07-08T10:55:51.441+0000] {logging_mixin.py:149} INFO - [2023-07-08T10:55:51.441+0000] {dag.py:2726} INFO - Sync 1 DAGs
[2023-07-08T10:55:51.493+0000] {logging_mixin.py:149} INFO - [2023-07-08T10:55:51.493+0000] {dag.py:3490} INFO - Setting next_dagrun for assignment to None, run_after=None
[2023-07-08T10:55:51.526+0000] {processor.py:179} INFO - Processing /opt/airflow/dags/assignment.py took 0.547 seconds
[2023-07-08T10:56:21.723+0000] {processor.py:157} INFO - Started process (PID=383) to work on /opt/airflow/dags/assignment.py
[2023-07-08T10:56:21.724+0000] {processor.py:826} INFO - Processing file /opt/airflow/dags/assignment.py for tasks to queue
[2023-07-08T10:56:21.725+0000] {logging_mixin.py:149} INFO - [2023-07-08T10:56:21.725+0000] {dagbag.py:541} INFO - Filling up the DagBag from /opt/airflow/dags/assignment.py
[2023-07-08T10:56:21.732+0000] {logging_mixin.py:149} INFO - {{ task_instance.xcom_pull(task_ids='get_departed_flights_from_cdg', dag_id='assignment', key='departures_list') }}
[2023-07-08T10:56:21.732+0000] {logging_mixin.py:149} INFO - hereeee
[2023-07-08T10:56:21.738+0000] {processor.py:836} INFO - DAG(s) dict_keys(['assignment']) retrieved from /opt/airflow/dags/assignment.py
[2023-07-08T10:56:21.790+0000] {logging_mixin.py:149} INFO - [2023-07-08T10:56:21.790+0000] {dag.py:2726} INFO - Sync 1 DAGs
[2023-07-08T10:56:21.829+0000] {logging_mixin.py:149} INFO - [2023-07-08T10:56:21.829+0000] {dag.py:3490} INFO - Setting next_dagrun for assignment to None, run_after=None
[2023-07-08T10:56:21.859+0000] {processor.py:179} INFO - Processing /opt/airflow/dags/assignment.py took 0.141 seconds
[2023-07-08T10:56:51.914+0000] {processor.py:157} INFO - Started process (PID=391) to work on /opt/airflow/dags/assignment.py
[2023-07-08T10:56:51.916+0000] {processor.py:826} INFO - Processing file /opt/airflow/dags/assignment.py for tasks to queue
[2023-07-08T10:56:51.917+0000] {logging_mixin.py:149} INFO - [2023-07-08T10:56:51.917+0000] {dagbag.py:541} INFO - Filling up the DagBag from /opt/airflow/dags/assignment.py
[2023-07-08T10:56:51.925+0000] {logging_mixin.py:149} INFO - {{ task_instance.xcom_pull(task_ids='get_departed_flights_from_cdg', dag_id='assignment', key='departures_list') }}
[2023-07-08T10:56:51.925+0000] {logging_mixin.py:149} INFO - hereeee
[2023-07-08T10:56:51.933+0000] {processor.py:836} INFO - DAG(s) dict_keys(['assignment']) retrieved from /opt/airflow/dags/assignment.py
[2023-07-08T10:56:52.002+0000] {logging_mixin.py:149} INFO - [2023-07-08T10:56:52.002+0000] {dag.py:2726} INFO - Sync 1 DAGs
[2023-07-08T10:56:52.048+0000] {logging_mixin.py:149} INFO - [2023-07-08T10:56:52.048+0000] {dag.py:3490} INFO - Setting next_dagrun for assignment to None, run_after=None
[2023-07-08T10:56:52.080+0000] {processor.py:179} INFO - Processing /opt/airflow/dags/assignment.py took 0.187 seconds
[2023-07-08T10:57:22.181+0000] {processor.py:157} INFO - Started process (PID=399) to work on /opt/airflow/dags/assignment.py
[2023-07-08T10:57:22.183+0000] {processor.py:826} INFO - Processing file /opt/airflow/dags/assignment.py for tasks to queue
[2023-07-08T10:57:22.184+0000] {logging_mixin.py:149} INFO - [2023-07-08T10:57:22.184+0000] {dagbag.py:541} INFO - Filling up the DagBag from /opt/airflow/dags/assignment.py
[2023-07-08T10:57:22.190+0000] {logging_mixin.py:149} INFO - {{ task_instance.xcom_pull(task_ids='get_departed_flights_from_cdg', dag_id='assignment', key='departures_list') }}
[2023-07-08T10:57:22.190+0000] {logging_mixin.py:149} INFO - hereeee
[2023-07-08T10:57:22.196+0000] {processor.py:836} INFO - DAG(s) dict_keys(['assignment']) retrieved from /opt/airflow/dags/assignment.py
[2023-07-08T10:57:22.241+0000] {logging_mixin.py:149} INFO - [2023-07-08T10:57:22.241+0000] {dag.py:2726} INFO - Sync 1 DAGs
[2023-07-08T10:57:22.281+0000] {logging_mixin.py:149} INFO - [2023-07-08T10:57:22.281+0000] {dag.py:3490} INFO - Setting next_dagrun for assignment to None, run_after=None
[2023-07-08T10:57:22.307+0000] {processor.py:179} INFO - Processing /opt/airflow/dags/assignment.py took 0.131 seconds
[2023-07-08T10:57:34.298+0000] {processor.py:157} INFO - Started process (PID=407) to work on /opt/airflow/dags/assignment.py
[2023-07-08T10:57:34.299+0000] {processor.py:826} INFO - Processing file /opt/airflow/dags/assignment.py for tasks to queue
[2023-07-08T10:57:34.301+0000] {logging_mixin.py:149} INFO - [2023-07-08T10:57:34.300+0000] {dagbag.py:541} INFO - Filling up the DagBag from /opt/airflow/dags/assignment.py
[2023-07-08T10:57:34.314+0000] {processor.py:836} INFO - DAG(s) dict_keys(['assignment']) retrieved from /opt/airflow/dags/assignment.py
[2023-07-08T10:57:34.499+0000] {logging_mixin.py:149} INFO - [2023-07-08T10:57:34.498+0000] {dag.py:2726} INFO - Sync 1 DAGs
[2023-07-08T10:57:34.538+0000] {logging_mixin.py:149} INFO - [2023-07-08T10:57:34.538+0000] {dag.py:3490} INFO - Setting next_dagrun for assignment to None, run_after=None
[2023-07-08T10:57:34.812+0000] {processor.py:179} INFO - Processing /opt/airflow/dags/assignment.py took 0.519 seconds
[2023-07-08T10:57:39.417+0000] {processor.py:157} INFO - Started process (PID=408) to work on /opt/airflow/dags/assignment.py
[2023-07-08T10:57:39.418+0000] {processor.py:826} INFO - Processing file /opt/airflow/dags/assignment.py for tasks to queue
[2023-07-08T10:57:39.419+0000] {logging_mixin.py:149} INFO - [2023-07-08T10:57:39.419+0000] {dagbag.py:541} INFO - Filling up the DagBag from /opt/airflow/dags/assignment.py
[2023-07-08T10:57:39.432+0000] {processor.py:836} INFO - DAG(s) dict_keys(['assignment']) retrieved from /opt/airflow/dags/assignment.py
[2023-07-08T10:57:39.448+0000] {logging_mixin.py:149} INFO - [2023-07-08T10:57:39.447+0000] {dag.py:2726} INFO - Sync 1 DAGs
[2023-07-08T10:57:39.483+0000] {logging_mixin.py:149} INFO - [2023-07-08T10:57:39.483+0000] {dag.py:3490} INFO - Setting next_dagrun for assignment to None, run_after=None
[2023-07-08T10:57:39.513+0000] {processor.py:179} INFO - Processing /opt/airflow/dags/assignment.py took 0.100 seconds
[2023-07-08T10:58:09.613+0000] {processor.py:157} INFO - Started process (PID=416) to work on /opt/airflow/dags/assignment.py
[2023-07-08T10:58:09.614+0000] {processor.py:826} INFO - Processing file /opt/airflow/dags/assignment.py for tasks to queue
[2023-07-08T10:58:09.615+0000] {logging_mixin.py:149} INFO - [2023-07-08T10:58:09.615+0000] {dagbag.py:541} INFO - Filling up the DagBag from /opt/airflow/dags/assignment.py
[2023-07-08T10:58:09.630+0000] {processor.py:836} INFO - DAG(s) dict_keys(['assignment']) retrieved from /opt/airflow/dags/assignment.py
[2023-07-08T10:58:09.677+0000] {logging_mixin.py:149} INFO - [2023-07-08T10:58:09.677+0000] {dag.py:2726} INFO - Sync 1 DAGs
[2023-07-08T10:58:09.717+0000] {logging_mixin.py:149} INFO - [2023-07-08T10:58:09.717+0000] {dag.py:3490} INFO - Setting next_dagrun for assignment to None, run_after=None
[2023-07-08T10:58:09.739+0000] {processor.py:179} INFO - Processing /opt/airflow/dags/assignment.py took 0.130 seconds
[2023-07-08T10:58:39.850+0000] {processor.py:157} INFO - Started process (PID=424) to work on /opt/airflow/dags/assignment.py
[2023-07-08T10:58:39.852+0000] {processor.py:826} INFO - Processing file /opt/airflow/dags/assignment.py for tasks to queue
[2023-07-08T10:58:39.853+0000] {logging_mixin.py:149} INFO - [2023-07-08T10:58:39.852+0000] {dagbag.py:541} INFO - Filling up the DagBag from /opt/airflow/dags/assignment.py
[2023-07-08T10:58:39.863+0000] {processor.py:836} INFO - DAG(s) dict_keys(['assignment']) retrieved from /opt/airflow/dags/assignment.py
[2023-07-08T10:58:39.901+0000] {logging_mixin.py:149} INFO - [2023-07-08T10:58:39.901+0000] {dag.py:2726} INFO - Sync 1 DAGs
[2023-07-08T10:58:39.936+0000] {logging_mixin.py:149} INFO - [2023-07-08T10:58:39.935+0000] {dag.py:3490} INFO - Setting next_dagrun for assignment to None, run_after=None
[2023-07-08T10:58:39.963+0000] {processor.py:179} INFO - Processing /opt/airflow/dags/assignment.py took 0.116 seconds
[2023-07-08T10:59:10.044+0000] {processor.py:157} INFO - Started process (PID=432) to work on /opt/airflow/dags/assignment.py
[2023-07-08T10:59:10.045+0000] {processor.py:826} INFO - Processing file /opt/airflow/dags/assignment.py for tasks to queue
[2023-07-08T10:59:10.046+0000] {logging_mixin.py:149} INFO - [2023-07-08T10:59:10.046+0000] {dagbag.py:541} INFO - Filling up the DagBag from /opt/airflow/dags/assignment.py
[2023-07-08T10:59:10.059+0000] {processor.py:836} INFO - DAG(s) dict_keys(['assignment']) retrieved from /opt/airflow/dags/assignment.py
[2023-07-08T10:59:10.115+0000] {logging_mixin.py:149} INFO - [2023-07-08T10:59:10.114+0000] {dag.py:2726} INFO - Sync 1 DAGs
[2023-07-08T10:59:10.162+0000] {logging_mixin.py:149} INFO - [2023-07-08T10:59:10.162+0000] {dag.py:3490} INFO - Setting next_dagrun for assignment to None, run_after=None
[2023-07-08T10:59:10.194+0000] {processor.py:179} INFO - Processing /opt/airflow/dags/assignment.py took 0.155 seconds
[2023-07-08T10:59:40.311+0000] {processor.py:157} INFO - Started process (PID=440) to work on /opt/airflow/dags/assignment.py
[2023-07-08T10:59:40.313+0000] {processor.py:826} INFO - Processing file /opt/airflow/dags/assignment.py for tasks to queue
[2023-07-08T10:59:40.313+0000] {logging_mixin.py:149} INFO - [2023-07-08T10:59:40.313+0000] {dagbag.py:541} INFO - Filling up the DagBag from /opt/airflow/dags/assignment.py
[2023-07-08T10:59:40.325+0000] {processor.py:836} INFO - DAG(s) dict_keys(['assignment']) retrieved from /opt/airflow/dags/assignment.py
[2023-07-08T10:59:40.363+0000] {logging_mixin.py:149} INFO - [2023-07-08T10:59:40.362+0000] {dag.py:2726} INFO - Sync 1 DAGs
[2023-07-08T10:59:40.403+0000] {logging_mixin.py:149} INFO - [2023-07-08T10:59:40.402+0000] {dag.py:3490} INFO - Setting next_dagrun for assignment to None, run_after=None
[2023-07-08T10:59:40.425+0000] {processor.py:179} INFO - Processing /opt/airflow/dags/assignment.py took 0.119 seconds
[2023-07-08T11:00:10.564+0000] {processor.py:157} INFO - Started process (PID=447) to work on /opt/airflow/dags/assignment.py
[2023-07-08T11:00:10.565+0000] {processor.py:826} INFO - Processing file /opt/airflow/dags/assignment.py for tasks to queue
[2023-07-08T11:00:10.566+0000] {logging_mixin.py:149} INFO - [2023-07-08T11:00:10.565+0000] {dagbag.py:541} INFO - Filling up the DagBag from /opt/airflow/dags/assignment.py
[2023-07-08T11:00:10.576+0000] {processor.py:836} INFO - DAG(s) dict_keys(['assignment']) retrieved from /opt/airflow/dags/assignment.py
[2023-07-08T11:00:10.619+0000] {logging_mixin.py:149} INFO - [2023-07-08T11:00:10.619+0000] {dag.py:2726} INFO - Sync 1 DAGs
[2023-07-08T11:00:10.657+0000] {logging_mixin.py:149} INFO - [2023-07-08T11:00:10.657+0000] {dag.py:3490} INFO - Setting next_dagrun for assignment to None, run_after=None
[2023-07-08T11:00:10.916+0000] {processor.py:179} INFO - Processing /opt/airflow/dags/assignment.py took 0.356 seconds
[2023-07-08T11:00:41.077+0000] {processor.py:157} INFO - Started process (PID=454) to work on /opt/airflow/dags/assignment.py
[2023-07-08T11:00:41.079+0000] {processor.py:826} INFO - Processing file /opt/airflow/dags/assignment.py for tasks to queue
[2023-07-08T11:00:41.080+0000] {logging_mixin.py:149} INFO - [2023-07-08T11:00:41.079+0000] {dagbag.py:541} INFO - Filling up the DagBag from /opt/airflow/dags/assignment.py
[2023-07-08T11:00:41.091+0000] {processor.py:836} INFO - DAG(s) dict_keys(['assignment']) retrieved from /opt/airflow/dags/assignment.py
[2023-07-08T11:00:41.135+0000] {logging_mixin.py:149} INFO - [2023-07-08T11:00:41.135+0000] {dag.py:2726} INFO - Sync 1 DAGs
[2023-07-08T11:00:41.176+0000] {logging_mixin.py:149} INFO - [2023-07-08T11:00:41.175+0000] {dag.py:3490} INFO - Setting next_dagrun for assignment to None, run_after=None
[2023-07-08T11:00:41.203+0000] {processor.py:179} INFO - Processing /opt/airflow/dags/assignment.py took 0.129 seconds
[2023-07-08T11:01:01.194+0000] {processor.py:157} INFO - Started process (PID=455) to work on /opt/airflow/dags/assignment.py
[2023-07-08T11:01:01.196+0000] {processor.py:826} INFO - Processing file /opt/airflow/dags/assignment.py for tasks to queue
[2023-07-08T11:01:01.197+0000] {logging_mixin.py:149} INFO - [2023-07-08T11:01:01.197+0000] {dagbag.py:541} INFO - Filling up the DagBag from /opt/airflow/dags/assignment.py
[2023-07-08T11:01:01.213+0000] {processor.py:836} INFO - DAG(s) dict_keys(['assignment']) retrieved from /opt/airflow/dags/assignment.py
[2023-07-08T11:01:01.256+0000] {logging_mixin.py:149} INFO - [2023-07-08T11:01:01.256+0000] {dag.py:2726} INFO - Sync 1 DAGs
[2023-07-08T11:01:01.302+0000] {logging_mixin.py:149} INFO - [2023-07-08T11:01:01.301+0000] {dag.py:3490} INFO - Setting next_dagrun for assignment to None, run_after=None
[2023-07-08T11:01:01.335+0000] {processor.py:179} INFO - Processing /opt/airflow/dags/assignment.py took 0.145 seconds
[2023-07-08T11:01:28.464+0000] {processor.py:157} INFO - Started process (PID=463) to work on /opt/airflow/dags/assignment.py
[2023-07-08T11:01:28.467+0000] {processor.py:826} INFO - Processing file /opt/airflow/dags/assignment.py for tasks to queue
[2023-07-08T11:01:28.468+0000] {logging_mixin.py:149} INFO - [2023-07-08T11:01:28.468+0000] {dagbag.py:541} INFO - Filling up the DagBag from /opt/airflow/dags/assignment.py
[2023-07-08T11:01:28.489+0000] {processor.py:836} INFO - DAG(s) dict_keys(['assignment']) retrieved from /opt/airflow/dags/assignment.py
[2023-07-08T11:01:28.538+0000] {logging_mixin.py:149} INFO - [2023-07-08T11:01:28.538+0000] {dag.py:2726} INFO - Sync 1 DAGs
[2023-07-08T11:01:28.584+0000] {logging_mixin.py:149} INFO - [2023-07-08T11:01:28.584+0000] {dag.py:3490} INFO - Setting next_dagrun for assignment to None, run_after=None
[2023-07-08T11:01:28.615+0000] {processor.py:179} INFO - Processing /opt/airflow/dags/assignment.py took 0.156 seconds
[2023-07-08T11:01:58.643+0000] {processor.py:157} INFO - Started process (PID=471) to work on /opt/airflow/dags/assignment.py
[2023-07-08T11:01:58.645+0000] {processor.py:826} INFO - Processing file /opt/airflow/dags/assignment.py for tasks to queue
[2023-07-08T11:01:58.646+0000] {logging_mixin.py:149} INFO - [2023-07-08T11:01:58.646+0000] {dagbag.py:541} INFO - Filling up the DagBag from /opt/airflow/dags/assignment.py
[2023-07-08T11:01:58.659+0000] {processor.py:836} INFO - DAG(s) dict_keys(['assignment']) retrieved from /opt/airflow/dags/assignment.py
[2023-07-08T11:01:58.696+0000] {logging_mixin.py:149} INFO - [2023-07-08T11:01:58.695+0000] {dag.py:2726} INFO - Sync 1 DAGs
[2023-07-08T11:01:58.731+0000] {logging_mixin.py:149} INFO - [2023-07-08T11:01:58.730+0000] {dag.py:3490} INFO - Setting next_dagrun for assignment to None, run_after=None
[2023-07-08T11:01:58.751+0000] {processor.py:179} INFO - Processing /opt/airflow/dags/assignment.py took 0.113 seconds
[2023-07-08T11:02:01.791+0000] {processor.py:157} INFO - Started process (PID=472) to work on /opt/airflow/dags/assignment.py
[2023-07-08T11:02:01.792+0000] {processor.py:826} INFO - Processing file /opt/airflow/dags/assignment.py for tasks to queue
[2023-07-08T11:02:01.793+0000] {logging_mixin.py:149} INFO - [2023-07-08T11:02:01.793+0000] {dagbag.py:541} INFO - Filling up the DagBag from /opt/airflow/dags/assignment.py
[2023-07-08T11:02:01.808+0000] {processor.py:836} INFO - DAG(s) dict_keys(['assignment']) retrieved from /opt/airflow/dags/assignment.py
[2023-07-08T11:02:01.850+0000] {logging_mixin.py:149} INFO - [2023-07-08T11:02:01.849+0000] {dag.py:2726} INFO - Sync 1 DAGs
[2023-07-08T11:02:01.885+0000] {logging_mixin.py:149} INFO - [2023-07-08T11:02:01.885+0000] {dag.py:3490} INFO - Setting next_dagrun for assignment to None, run_after=None
[2023-07-08T11:02:01.914+0000] {processor.py:179} INFO - Processing /opt/airflow/dags/assignment.py took 0.127 seconds
[2023-07-08T11:02:31.980+0000] {processor.py:157} INFO - Started process (PID=480) to work on /opt/airflow/dags/assignment.py
[2023-07-08T11:02:31.982+0000] {processor.py:826} INFO - Processing file /opt/airflow/dags/assignment.py for tasks to queue
[2023-07-08T11:02:31.983+0000] {logging_mixin.py:149} INFO - [2023-07-08T11:02:31.983+0000] {dagbag.py:541} INFO - Filling up the DagBag from /opt/airflow/dags/assignment.py
[2023-07-08T11:02:31.994+0000] {processor.py:836} INFO - DAG(s) dict_keys(['assignment']) retrieved from /opt/airflow/dags/assignment.py
[2023-07-08T11:02:32.035+0000] {logging_mixin.py:149} INFO - [2023-07-08T11:02:32.035+0000] {dag.py:2726} INFO - Sync 1 DAGs
[2023-07-08T11:02:32.072+0000] {logging_mixin.py:149} INFO - [2023-07-08T11:02:32.071+0000] {dag.py:3490} INFO - Setting next_dagrun for assignment to None, run_after=None
[2023-07-08T11:02:32.096+0000] {processor.py:179} INFO - Processing /opt/airflow/dags/assignment.py took 0.120 seconds
[2023-07-08T11:02:48.178+0000] {processor.py:157} INFO - Started process (PID=487) to work on /opt/airflow/dags/assignment.py
[2023-07-08T11:02:48.180+0000] {processor.py:826} INFO - Processing file /opt/airflow/dags/assignment.py for tasks to queue
[2023-07-08T11:02:48.181+0000] {logging_mixin.py:149} INFO - [2023-07-08T11:02:48.181+0000] {dagbag.py:541} INFO - Filling up the DagBag from /opt/airflow/dags/assignment.py
[2023-07-08T11:02:48.195+0000] {processor.py:836} INFO - DAG(s) dict_keys(['assignment']) retrieved from /opt/airflow/dags/assignment.py
[2023-07-08T11:02:48.232+0000] {logging_mixin.py:149} INFO - [2023-07-08T11:02:48.232+0000] {dag.py:2726} INFO - Sync 1 DAGs
[2023-07-08T11:02:48.269+0000] {logging_mixin.py:149} INFO - [2023-07-08T11:02:48.268+0000] {dag.py:3490} INFO - Setting next_dagrun for assignment to None, run_after=None
[2023-07-08T11:02:48.480+0000] {processor.py:179} INFO - Processing /opt/airflow/dags/assignment.py took 0.306 seconds
[2023-07-08T11:03:18.657+0000] {processor.py:157} INFO - Started process (PID=495) to work on /opt/airflow/dags/assignment.py
[2023-07-08T11:03:18.659+0000] {processor.py:826} INFO - Processing file /opt/airflow/dags/assignment.py for tasks to queue
[2023-07-08T11:03:18.659+0000] {logging_mixin.py:149} INFO - [2023-07-08T11:03:18.659+0000] {dagbag.py:541} INFO - Filling up the DagBag from /opt/airflow/dags/assignment.py
[2023-07-08T11:03:18.673+0000] {processor.py:836} INFO - DAG(s) dict_keys(['assignment']) retrieved from /opt/airflow/dags/assignment.py
[2023-07-08T11:03:18.722+0000] {logging_mixin.py:149} INFO - [2023-07-08T11:03:18.722+0000] {dag.py:2726} INFO - Sync 1 DAGs
[2023-07-08T11:03:18.952+0000] {logging_mixin.py:149} INFO - [2023-07-08T11:03:18.952+0000] {dag.py:3490} INFO - Setting next_dagrun for assignment to None, run_after=None
[2023-07-08T11:03:18.977+0000] {processor.py:179} INFO - Processing /opt/airflow/dags/assignment.py took 0.324 seconds
[2023-07-08T11:03:49.161+0000] {processor.py:157} INFO - Started process (PID=503) to work on /opt/airflow/dags/assignment.py
[2023-07-08T11:03:49.163+0000] {processor.py:826} INFO - Processing file /opt/airflow/dags/assignment.py for tasks to queue
[2023-07-08T11:03:49.163+0000] {logging_mixin.py:149} INFO - [2023-07-08T11:03:49.163+0000] {dagbag.py:541} INFO - Filling up the DagBag from /opt/airflow/dags/assignment.py
[2023-07-08T11:03:49.173+0000] {processor.py:836} INFO - DAG(s) dict_keys(['assignment']) retrieved from /opt/airflow/dags/assignment.py
[2023-07-08T11:03:49.215+0000] {logging_mixin.py:149} INFO - [2023-07-08T11:03:49.215+0000] {dag.py:2726} INFO - Sync 1 DAGs
[2023-07-08T11:03:49.250+0000] {logging_mixin.py:149} INFO - [2023-07-08T11:03:49.250+0000] {dag.py:3490} INFO - Setting next_dagrun for assignment to None, run_after=None
[2023-07-08T11:03:49.274+0000] {processor.py:179} INFO - Processing /opt/airflow/dags/assignment.py took 0.117 seconds
[2023-07-08T11:04:19.333+0000] {processor.py:157} INFO - Started process (PID=511) to work on /opt/airflow/dags/assignment.py
[2023-07-08T11:04:19.334+0000] {processor.py:826} INFO - Processing file /opt/airflow/dags/assignment.py for tasks to queue
[2023-07-08T11:04:19.334+0000] {logging_mixin.py:149} INFO - [2023-07-08T11:04:19.334+0000] {dagbag.py:541} INFO - Filling up the DagBag from /opt/airflow/dags/assignment.py
[2023-07-08T11:04:19.348+0000] {processor.py:836} INFO - DAG(s) dict_keys(['assignment']) retrieved from /opt/airflow/dags/assignment.py
[2023-07-08T11:04:19.386+0000] {logging_mixin.py:149} INFO - [2023-07-08T11:04:19.385+0000] {dag.py:2726} INFO - Sync 1 DAGs
[2023-07-08T11:04:19.421+0000] {logging_mixin.py:149} INFO - [2023-07-08T11:04:19.420+0000] {dag.py:3490} INFO - Setting next_dagrun for assignment to None, run_after=None
[2023-07-08T11:04:19.442+0000] {processor.py:179} INFO - Processing /opt/airflow/dags/assignment.py took 0.114 seconds
[2023-07-08T11:04:49.626+0000] {processor.py:157} INFO - Started process (PID=519) to work on /opt/airflow/dags/assignment.py
[2023-07-08T11:04:49.627+0000] {processor.py:826} INFO - Processing file /opt/airflow/dags/assignment.py for tasks to queue
[2023-07-08T11:04:49.628+0000] {logging_mixin.py:149} INFO - [2023-07-08T11:04:49.628+0000] {dagbag.py:541} INFO - Filling up the DagBag from /opt/airflow/dags/assignment.py
[2023-07-08T11:04:49.641+0000] {processor.py:836} INFO - DAG(s) dict_keys(['assignment']) retrieved from /opt/airflow/dags/assignment.py
[2023-07-08T11:04:49.680+0000] {logging_mixin.py:149} INFO - [2023-07-08T11:04:49.680+0000] {dag.py:2726} INFO - Sync 1 DAGs
[2023-07-08T11:04:49.722+0000] {logging_mixin.py:149} INFO - [2023-07-08T11:04:49.722+0000] {dag.py:3490} INFO - Setting next_dagrun for assignment to None, run_after=None
[2023-07-08T11:04:49.750+0000] {processor.py:179} INFO - Processing /opt/airflow/dags/assignment.py took 0.128 seconds
[2023-07-08T11:05:19.818+0000] {processor.py:157} INFO - Started process (PID=527) to work on /opt/airflow/dags/assignment.py
[2023-07-08T11:05:19.820+0000] {processor.py:826} INFO - Processing file /opt/airflow/dags/assignment.py for tasks to queue
[2023-07-08T11:05:19.821+0000] {logging_mixin.py:149} INFO - [2023-07-08T11:05:19.821+0000] {dagbag.py:541} INFO - Filling up the DagBag from /opt/airflow/dags/assignment.py
[2023-07-08T11:05:19.837+0000] {processor.py:836} INFO - DAG(s) dict_keys(['assignment']) retrieved from /opt/airflow/dags/assignment.py
[2023-07-08T11:05:19.888+0000] {logging_mixin.py:149} INFO - [2023-07-08T11:05:19.888+0000] {dag.py:2726} INFO - Sync 1 DAGs
[2023-07-08T11:05:19.933+0000] {logging_mixin.py:149} INFO - [2023-07-08T11:05:19.933+0000] {dag.py:3490} INFO - Setting next_dagrun for assignment to None, run_after=None
[2023-07-08T11:05:20.196+0000] {processor.py:179} INFO - Processing /opt/airflow/dags/assignment.py took 0.384 seconds
[2023-07-08T11:05:50.372+0000] {processor.py:157} INFO - Started process (PID=535) to work on /opt/airflow/dags/assignment.py
[2023-07-08T11:05:50.373+0000] {processor.py:826} INFO - Processing file /opt/airflow/dags/assignment.py for tasks to queue
[2023-07-08T11:05:50.374+0000] {logging_mixin.py:149} INFO - [2023-07-08T11:05:50.374+0000] {dagbag.py:541} INFO - Filling up the DagBag from /opt/airflow/dags/assignment.py
[2023-07-08T11:05:50.391+0000] {processor.py:836} INFO - DAG(s) dict_keys(['assignment']) retrieved from /opt/airflow/dags/assignment.py
[2023-07-08T11:05:50.466+0000] {logging_mixin.py:149} INFO - [2023-07-08T11:05:50.466+0000] {dag.py:2726} INFO - Sync 1 DAGs
[2023-07-08T11:05:50.727+0000] {logging_mixin.py:149} INFO - [2023-07-08T11:05:50.727+0000] {dag.py:3490} INFO - Setting next_dagrun for assignment to None, run_after=None
[2023-07-08T11:05:50.751+0000] {processor.py:179} INFO - Processing /opt/airflow/dags/assignment.py took 0.384 seconds
[2023-07-08T11:06:20.925+0000] {processor.py:157} INFO - Started process (PID=543) to work on /opt/airflow/dags/assignment.py
[2023-07-08T11:06:20.927+0000] {processor.py:826} INFO - Processing file /opt/airflow/dags/assignment.py for tasks to queue
[2023-07-08T11:06:20.928+0000] {logging_mixin.py:149} INFO - [2023-07-08T11:06:20.928+0000] {dagbag.py:541} INFO - Filling up the DagBag from /opt/airflow/dags/assignment.py
[2023-07-08T11:06:20.941+0000] {processor.py:836} INFO - DAG(s) dict_keys(['assignment']) retrieved from /opt/airflow/dags/assignment.py
[2023-07-08T11:06:20.983+0000] {logging_mixin.py:149} INFO - [2023-07-08T11:06:20.982+0000] {dag.py:2726} INFO - Sync 1 DAGs
[2023-07-08T11:06:21.021+0000] {logging_mixin.py:149} INFO - [2023-07-08T11:06:21.021+0000] {dag.py:3490} INFO - Setting next_dagrun for assignment to None, run_after=None
[2023-07-08T11:06:21.047+0000] {processor.py:179} INFO - Processing /opt/airflow/dags/assignment.py took 0.127 seconds
[2023-07-08T11:06:48.079+0000] {processor.py:157} INFO - Started process (PID=550) to work on /opt/airflow/dags/assignment.py
[2023-07-08T11:06:48.080+0000] {processor.py:826} INFO - Processing file /opt/airflow/dags/assignment.py for tasks to queue
[2023-07-08T11:06:48.082+0000] {logging_mixin.py:149} INFO - [2023-07-08T11:06:48.081+0000] {dagbag.py:541} INFO - Filling up the DagBag from /opt/airflow/dags/assignment.py
[2023-07-08T11:06:48.100+0000] {processor.py:836} INFO - DAG(s) dict_keys(['assignment']) retrieved from /opt/airflow/dags/assignment.py
[2023-07-08T11:06:48.143+0000] {logging_mixin.py:149} INFO - [2023-07-08T11:06:48.143+0000] {dag.py:2726} INFO - Sync 1 DAGs
[2023-07-08T11:06:48.181+0000] {logging_mixin.py:149} INFO - [2023-07-08T11:06:48.181+0000] {dag.py:3490} INFO - Setting next_dagrun for assignment to None, run_after=None
[2023-07-08T11:06:48.208+0000] {processor.py:179} INFO - Processing /opt/airflow/dags/assignment.py took 0.135 seconds
[2023-07-08T11:07:18.354+0000] {processor.py:157} INFO - Started process (PID=559) to work on /opt/airflow/dags/assignment.py
[2023-07-08T11:07:18.356+0000] {processor.py:826} INFO - Processing file /opt/airflow/dags/assignment.py for tasks to queue
[2023-07-08T11:07:18.357+0000] {logging_mixin.py:149} INFO - [2023-07-08T11:07:18.356+0000] {dagbag.py:541} INFO - Filling up the DagBag from /opt/airflow/dags/assignment.py
[2023-07-08T11:07:18.369+0000] {processor.py:836} INFO - DAG(s) dict_keys(['assignment']) retrieved from /opt/airflow/dags/assignment.py
[2023-07-08T11:07:18.406+0000] {logging_mixin.py:149} INFO - [2023-07-08T11:07:18.406+0000] {dag.py:2726} INFO - Sync 1 DAGs
[2023-07-08T11:07:18.445+0000] {logging_mixin.py:149} INFO - [2023-07-08T11:07:18.445+0000] {dag.py:3490} INFO - Setting next_dagrun for assignment to None, run_after=None
[2023-07-08T11:07:18.472+0000] {processor.py:179} INFO - Processing /opt/airflow/dags/assignment.py took 0.122 seconds
[2023-07-08T11:07:48.526+0000] {processor.py:157} INFO - Started process (PID=567) to work on /opt/airflow/dags/assignment.py
[2023-07-08T11:07:48.528+0000] {processor.py:826} INFO - Processing file /opt/airflow/dags/assignment.py for tasks to queue
[2023-07-08T11:07:48.529+0000] {logging_mixin.py:149} INFO - [2023-07-08T11:07:48.529+0000] {dagbag.py:541} INFO - Filling up the DagBag from /opt/airflow/dags/assignment.py
[2023-07-08T11:07:48.543+0000] {processor.py:836} INFO - DAG(s) dict_keys(['assignment']) retrieved from /opt/airflow/dags/assignment.py
[2023-07-08T11:07:48.602+0000] {logging_mixin.py:149} INFO - [2023-07-08T11:07:48.601+0000] {dag.py:2726} INFO - Sync 1 DAGs
[2023-07-08T11:07:48.643+0000] {logging_mixin.py:149} INFO - [2023-07-08T11:07:48.643+0000] {dag.py:3490} INFO - Setting next_dagrun for assignment to None, run_after=None
[2023-07-08T11:07:48.669+0000] {processor.py:179} INFO - Processing /opt/airflow/dags/assignment.py took 0.148 seconds
[2023-07-08T11:08:18.778+0000] {processor.py:157} INFO - Started process (PID=575) to work on /opt/airflow/dags/assignment.py
[2023-07-08T11:08:18.779+0000] {processor.py:826} INFO - Processing file /opt/airflow/dags/assignment.py for tasks to queue
[2023-07-08T11:08:18.780+0000] {logging_mixin.py:149} INFO - [2023-07-08T11:08:18.780+0000] {dagbag.py:541} INFO - Filling up the DagBag from /opt/airflow/dags/assignment.py
[2023-07-08T11:08:18.792+0000] {processor.py:836} INFO - DAG(s) dict_keys(['assignment']) retrieved from /opt/airflow/dags/assignment.py
[2023-07-08T11:08:18.840+0000] {logging_mixin.py:149} INFO - [2023-07-08T11:08:18.840+0000] {dag.py:2726} INFO - Sync 1 DAGs
[2023-07-08T11:08:18.885+0000] {logging_mixin.py:149} INFO - [2023-07-08T11:08:18.885+0000] {dag.py:3490} INFO - Setting next_dagrun for assignment to None, run_after=None
[2023-07-08T11:08:19.168+0000] {processor.py:179} INFO - Processing /opt/airflow/dags/assignment.py took 0.395 seconds
[2023-07-08T11:08:37.294+0000] {processor.py:157} INFO - Started process (PID=583) to work on /opt/airflow/dags/assignment.py
[2023-07-08T11:08:37.295+0000] {processor.py:826} INFO - Processing file /opt/airflow/dags/assignment.py for tasks to queue
[2023-07-08T11:08:37.296+0000] {logging_mixin.py:149} INFO - [2023-07-08T11:08:37.296+0000] {dagbag.py:541} INFO - Filling up the DagBag from /opt/airflow/dags/assignment.py
[2023-07-08T11:08:37.307+0000] {logging_mixin.py:149} INFO - 00000000000000000000000000000000000000000000000000000000000000000000000000000000000000000
[2023-07-08T11:08:37.311+0000] {processor.py:836} INFO - DAG(s) dict_keys(['assignment']) retrieved from /opt/airflow/dags/assignment.py
[2023-07-08T11:08:37.358+0000] {logging_mixin.py:149} INFO - [2023-07-08T11:08:37.358+0000] {dag.py:2726} INFO - Sync 1 DAGs
[2023-07-08T11:08:37.619+0000] {logging_mixin.py:149} INFO - [2023-07-08T11:08:37.619+0000] {dag.py:3490} INFO - Setting next_dagrun for assignment to None, run_after=None
[2023-07-08T11:08:37.653+0000] {processor.py:179} INFO - Processing /opt/airflow/dags/assignment.py took 0.363 seconds
[2023-07-08T11:09:07.849+0000] {processor.py:157} INFO - Started process (PID=591) to work on /opt/airflow/dags/assignment.py
[2023-07-08T11:09:07.851+0000] {processor.py:826} INFO - Processing file /opt/airflow/dags/assignment.py for tasks to queue
[2023-07-08T11:09:07.852+0000] {logging_mixin.py:149} INFO - [2023-07-08T11:09:07.851+0000] {dagbag.py:541} INFO - Filling up the DagBag from /opt/airflow/dags/assignment.py
[2023-07-08T11:09:07.862+0000] {logging_mixin.py:149} INFO - 00000000000000000000000000000000000000000000000000000000000000000000000000000000000000000
[2023-07-08T11:09:07.868+0000] {processor.py:836} INFO - DAG(s) dict_keys(['assignment']) retrieved from /opt/airflow/dags/assignment.py
[2023-07-08T11:09:07.908+0000] {logging_mixin.py:149} INFO - [2023-07-08T11:09:07.908+0000] {dag.py:2726} INFO - Sync 1 DAGs
[2023-07-08T11:09:07.951+0000] {logging_mixin.py:149} INFO - [2023-07-08T11:09:07.950+0000] {dag.py:3490} INFO - Setting next_dagrun for assignment to None, run_after=None
[2023-07-08T11:09:07.988+0000] {processor.py:179} INFO - Processing /opt/airflow/dags/assignment.py took 0.144 seconds
[2023-07-08T11:09:38.067+0000] {processor.py:157} INFO - Started process (PID=599) to work on /opt/airflow/dags/assignment.py
[2023-07-08T11:09:38.069+0000] {processor.py:826} INFO - Processing file /opt/airflow/dags/assignment.py for tasks to queue
[2023-07-08T11:09:38.070+0000] {logging_mixin.py:149} INFO - [2023-07-08T11:09:38.070+0000] {dagbag.py:541} INFO - Filling up the DagBag from /opt/airflow/dags/assignment.py
[2023-07-08T11:09:38.077+0000] {logging_mixin.py:149} INFO - 00000000000000000000000000000000000000000000000000000000000000000000000000000000000000000
[2023-07-08T11:09:38.082+0000] {processor.py:836} INFO - DAG(s) dict_keys(['assignment']) retrieved from /opt/airflow/dags/assignment.py
[2023-07-08T11:09:38.127+0000] {logging_mixin.py:149} INFO - [2023-07-08T11:09:38.126+0000] {dag.py:2726} INFO - Sync 1 DAGs
[2023-07-08T11:09:38.173+0000] {logging_mixin.py:149} INFO - [2023-07-08T11:09:38.172+0000] {dag.py:3490} INFO - Setting next_dagrun for assignment to None, run_after=None
[2023-07-08T11:09:38.229+0000] {processor.py:179} INFO - Processing /opt/airflow/dags/assignment.py took 0.167 seconds
[2023-07-08T11:10:08.347+0000] {processor.py:157} INFO - Started process (PID=608) to work on /opt/airflow/dags/assignment.py
[2023-07-08T11:10:08.348+0000] {processor.py:826} INFO - Processing file /opt/airflow/dags/assignment.py for tasks to queue
[2023-07-08T11:10:08.349+0000] {logging_mixin.py:149} INFO - [2023-07-08T11:10:08.349+0000] {dagbag.py:541} INFO - Filling up the DagBag from /opt/airflow/dags/assignment.py
[2023-07-08T11:10:08.356+0000] {logging_mixin.py:149} INFO - 00000000000000000000000000000000000000000000000000000000000000000000000000000000000000000
[2023-07-08T11:10:08.360+0000] {processor.py:836} INFO - DAG(s) dict_keys(['assignment']) retrieved from /opt/airflow/dags/assignment.py
[2023-07-08T11:10:08.405+0000] {logging_mixin.py:149} INFO - [2023-07-08T11:10:08.404+0000] {dag.py:2726} INFO - Sync 1 DAGs
[2023-07-08T11:10:08.445+0000] {logging_mixin.py:149} INFO - [2023-07-08T11:10:08.445+0000] {dag.py:3490} INFO - Setting next_dagrun for assignment to None, run_after=None
[2023-07-08T11:10:08.477+0000] {processor.py:179} INFO - Processing /opt/airflow/dags/assignment.py took 0.133 seconds
[2023-07-08T11:10:36.583+0000] {processor.py:157} INFO - Started process (PID=616) to work on /opt/airflow/dags/assignment.py
[2023-07-08T11:10:36.584+0000] {processor.py:826} INFO - Processing file /opt/airflow/dags/assignment.py for tasks to queue
[2023-07-08T11:10:36.585+0000] {logging_mixin.py:149} INFO - [2023-07-08T11:10:36.585+0000] {dagbag.py:541} INFO - Filling up the DagBag from /opt/airflow/dags/assignment.py
[2023-07-08T11:10:36.603+0000] {logging_mixin.py:149} INFO - 00000000000000000000000000000000000000000000000000000000000000000000000000000000000000000
[2023-07-08T11:10:36.608+0000] {processor.py:836} INFO - DAG(s) dict_keys(['assignment']) retrieved from /opt/airflow/dags/assignment.py
[2023-07-08T11:10:36.658+0000] {logging_mixin.py:149} INFO - [2023-07-08T11:10:36.658+0000] {dag.py:2726} INFO - Sync 1 DAGs
[2023-07-08T11:10:36.699+0000] {logging_mixin.py:149} INFO - [2023-07-08T11:10:36.698+0000] {dag.py:3490} INFO - Setting next_dagrun for assignment to None, run_after=None
[2023-07-08T11:10:36.735+0000] {processor.py:179} INFO - Processing /opt/airflow/dags/assignment.py took 0.158 seconds
[2023-07-08T11:10:38.676+0000] {processor.py:157} INFO - Started process (PID=617) to work on /opt/airflow/dags/assignment.py
[2023-07-08T11:10:38.677+0000] {processor.py:826} INFO - Processing file /opt/airflow/dags/assignment.py for tasks to queue
[2023-07-08T11:10:38.678+0000] {logging_mixin.py:149} INFO - [2023-07-08T11:10:38.678+0000] {dagbag.py:541} INFO - Filling up the DagBag from /opt/airflow/dags/assignment.py
[2023-07-08T11:10:38.687+0000] {logging_mixin.py:149} INFO - 00000000000000000000000000000000000000000000000000000000000000000000000000000000000000000
[2023-07-08T11:10:38.691+0000] {processor.py:836} INFO - DAG(s) dict_keys(['assignment']) retrieved from /opt/airflow/dags/assignment.py
[2023-07-08T11:10:38.745+0000] {logging_mixin.py:149} INFO - [2023-07-08T11:10:38.744+0000] {dag.py:2726} INFO - Sync 1 DAGs
[2023-07-08T11:10:38.782+0000] {logging_mixin.py:149} INFO - [2023-07-08T11:10:38.782+0000] {dag.py:3490} INFO - Setting next_dagrun for assignment to None, run_after=None
[2023-07-08T11:10:39.062+0000] {processor.py:179} INFO - Processing /opt/airflow/dags/assignment.py took 0.391 seconds
[2023-07-08T11:11:09.254+0000] {processor.py:157} INFO - Started process (PID=626) to work on /opt/airflow/dags/assignment.py
[2023-07-08T11:11:09.255+0000] {processor.py:826} INFO - Processing file /opt/airflow/dags/assignment.py for tasks to queue
[2023-07-08T11:11:09.256+0000] {logging_mixin.py:149} INFO - [2023-07-08T11:11:09.256+0000] {dagbag.py:541} INFO - Filling up the DagBag from /opt/airflow/dags/assignment.py
[2023-07-08T11:11:09.267+0000] {logging_mixin.py:149} INFO - 00000000000000000000000000000000000000000000000000000000000000000000000000000000000000000
[2023-07-08T11:11:09.274+0000] {processor.py:836} INFO - DAG(s) dict_keys(['assignment']) retrieved from /opt/airflow/dags/assignment.py
[2023-07-08T11:11:09.324+0000] {logging_mixin.py:149} INFO - [2023-07-08T11:11:09.323+0000] {dag.py:2726} INFO - Sync 1 DAGs
[2023-07-08T11:11:09.594+0000] {logging_mixin.py:149} INFO - [2023-07-08T11:11:09.593+0000] {dag.py:3490} INFO - Setting next_dagrun for assignment to None, run_after=None
[2023-07-08T11:11:09.620+0000] {processor.py:179} INFO - Processing /opt/airflow/dags/assignment.py took 0.371 seconds
[2023-07-08T11:11:20.698+0000] {processor.py:157} INFO - Started process (PID=627) to work on /opt/airflow/dags/assignment.py
[2023-07-08T11:11:20.699+0000] {processor.py:826} INFO - Processing file /opt/airflow/dags/assignment.py for tasks to queue
[2023-07-08T11:11:20.700+0000] {logging_mixin.py:149} INFO - [2023-07-08T11:11:20.700+0000] {dagbag.py:541} INFO - Filling up the DagBag from /opt/airflow/dags/assignment.py
[2023-07-08T11:11:20.709+0000] {logging_mixin.py:149} INFO - 00000000000000000000000000000000000000000000000000000000000000000000000000000000000000000
[2023-07-08T11:11:20.714+0000] {processor.py:836} INFO - DAG(s) dict_keys(['assignment']) retrieved from /opt/airflow/dags/assignment.py
[2023-07-08T11:11:20.771+0000] {logging_mixin.py:149} INFO - [2023-07-08T11:11:20.771+0000] {dag.py:2726} INFO - Sync 1 DAGs
[2023-07-08T11:11:20.988+0000] {logging_mixin.py:149} INFO - [2023-07-08T11:11:20.988+0000] {dag.py:3490} INFO - Setting next_dagrun for assignment to None, run_after=None
[2023-07-08T11:11:21.041+0000] {processor.py:179} INFO - Processing /opt/airflow/dags/assignment.py took 0.348 seconds
[2023-07-08T11:11:51.205+0000] {processor.py:157} INFO - Started process (PID=635) to work on /opt/airflow/dags/assignment.py
[2023-07-08T11:11:51.206+0000] {processor.py:826} INFO - Processing file /opt/airflow/dags/assignment.py for tasks to queue
[2023-07-08T11:11:51.207+0000] {logging_mixin.py:149} INFO - [2023-07-08T11:11:51.207+0000] {dagbag.py:541} INFO - Filling up the DagBag from /opt/airflow/dags/assignment.py
[2023-07-08T11:11:51.214+0000] {logging_mixin.py:149} INFO - 00000000000000000000000000000000000000000000000000000000000000000000000000000000000000000
[2023-07-08T11:11:51.218+0000] {processor.py:836} INFO - DAG(s) dict_keys(['assignment']) retrieved from /opt/airflow/dags/assignment.py
[2023-07-08T11:11:51.256+0000] {logging_mixin.py:149} INFO - [2023-07-08T11:11:51.255+0000] {dag.py:2726} INFO - Sync 1 DAGs
[2023-07-08T11:11:51.288+0000] {logging_mixin.py:149} INFO - [2023-07-08T11:11:51.288+0000] {dag.py:3490} INFO - Setting next_dagrun for assignment to None, run_after=None
[2023-07-08T11:11:51.308+0000] {processor.py:179} INFO - Processing /opt/airflow/dags/assignment.py took 0.107 seconds
[2023-07-08T11:12:21.383+0000] {processor.py:157} INFO - Started process (PID=642) to work on /opt/airflow/dags/assignment.py
[2023-07-08T11:12:21.384+0000] {processor.py:826} INFO - Processing file /opt/airflow/dags/assignment.py for tasks to queue
[2023-07-08T11:12:21.385+0000] {logging_mixin.py:149} INFO - [2023-07-08T11:12:21.385+0000] {dagbag.py:541} INFO - Filling up the DagBag from /opt/airflow/dags/assignment.py
[2023-07-08T11:12:21.395+0000] {logging_mixin.py:149} INFO - 00000000000000000000000000000000000000000000000000000000000000000000000000000000000000000
[2023-07-08T11:12:21.400+0000] {processor.py:836} INFO - DAG(s) dict_keys(['assignment']) retrieved from /opt/airflow/dags/assignment.py
[2023-07-08T11:12:21.450+0000] {logging_mixin.py:149} INFO - [2023-07-08T11:12:21.450+0000] {dag.py:2726} INFO - Sync 1 DAGs
[2023-07-08T11:12:21.494+0000] {logging_mixin.py:149} INFO - [2023-07-08T11:12:21.493+0000] {dag.py:3490} INFO - Setting next_dagrun for assignment to None, run_after=None
[2023-07-08T11:12:21.518+0000] {processor.py:179} INFO - Processing /opt/airflow/dags/assignment.py took 0.140 seconds
[2023-07-08T11:12:51.616+0000] {processor.py:157} INFO - Started process (PID=650) to work on /opt/airflow/dags/assignment.py
[2023-07-08T11:12:51.618+0000] {processor.py:826} INFO - Processing file /opt/airflow/dags/assignment.py for tasks to queue
[2023-07-08T11:12:51.619+0000] {logging_mixin.py:149} INFO - [2023-07-08T11:12:51.619+0000] {dagbag.py:541} INFO - Filling up the DagBag from /opt/airflow/dags/assignment.py
[2023-07-08T11:12:51.626+0000] {logging_mixin.py:149} INFO - 00000000000000000000000000000000000000000000000000000000000000000000000000000000000000000
[2023-07-08T11:12:51.631+0000] {processor.py:836} INFO - DAG(s) dict_keys(['assignment']) retrieved from /opt/airflow/dags/assignment.py
[2023-07-08T11:12:51.682+0000] {logging_mixin.py:149} INFO - [2023-07-08T11:12:51.682+0000] {dag.py:2726} INFO - Sync 1 DAGs
[2023-07-08T11:12:51.718+0000] {logging_mixin.py:149} INFO - [2023-07-08T11:12:51.717+0000] {dag.py:3490} INFO - Setting next_dagrun for assignment to None, run_after=None
[2023-07-08T11:12:51.743+0000] {processor.py:179} INFO - Processing /opt/airflow/dags/assignment.py took 0.131 seconds
[2023-07-08T11:13:04.754+0000] {processor.py:157} INFO - Started process (PID=651) to work on /opt/airflow/dags/assignment.py
[2023-07-08T11:13:04.755+0000] {processor.py:826} INFO - Processing file /opt/airflow/dags/assignment.py for tasks to queue
[2023-07-08T11:13:04.756+0000] {logging_mixin.py:149} INFO - [2023-07-08T11:13:04.756+0000] {dagbag.py:541} INFO - Filling up the DagBag from /opt/airflow/dags/assignment.py
[2023-07-08T11:13:04.763+0000] {logging_mixin.py:149} INFO - 00000000000000000000000000000000000000000000000000000000000000000000000000000000000000000
[2023-07-08T11:13:04.767+0000] {processor.py:836} INFO - DAG(s) dict_keys(['assignment']) retrieved from /opt/airflow/dags/assignment.py
[2023-07-08T11:13:04.810+0000] {logging_mixin.py:149} INFO - [2023-07-08T11:13:04.810+0000] {dag.py:2726} INFO - Sync 1 DAGs
[2023-07-08T11:13:04.849+0000] {logging_mixin.py:149} INFO - [2023-07-08T11:13:04.848+0000] {dag.py:3490} INFO - Setting next_dagrun for assignment to None, run_after=None
[2023-07-08T11:13:04.876+0000] {processor.py:179} INFO - Processing /opt/airflow/dags/assignment.py took 0.125 seconds
[2023-07-08T11:13:34.998+0000] {processor.py:157} INFO - Started process (PID=659) to work on /opt/airflow/dags/assignment.py
[2023-07-08T11:13:34.999+0000] {processor.py:826} INFO - Processing file /opt/airflow/dags/assignment.py for tasks to queue
[2023-07-08T11:13:35.000+0000] {logging_mixin.py:149} INFO - [2023-07-08T11:13:35.000+0000] {dagbag.py:541} INFO - Filling up the DagBag from /opt/airflow/dags/assignment.py
[2023-07-08T11:13:35.010+0000] {logging_mixin.py:149} INFO - 00000000000000000000000000000000000000000000000000000000000000000000000000000000000000000
[2023-07-08T11:13:35.015+0000] {processor.py:836} INFO - DAG(s) dict_keys(['assignment']) retrieved from /opt/airflow/dags/assignment.py
[2023-07-08T11:13:35.067+0000] {logging_mixin.py:149} INFO - [2023-07-08T11:13:35.066+0000] {dag.py:2726} INFO - Sync 1 DAGs
[2023-07-08T11:13:35.108+0000] {logging_mixin.py:149} INFO - [2023-07-08T11:13:35.108+0000] {dag.py:3490} INFO - Setting next_dagrun for assignment to None, run_after=None
[2023-07-08T11:13:35.372+0000] {processor.py:179} INFO - Processing /opt/airflow/dags/assignment.py took 0.379 seconds
