[2023-07-05T12:49:56.191+0000] {processor.py:157} INFO - Started process (PID=49) to work on /home/airflow/.local/lib/python3.7/site-packages/airflow/example_dags/example_sensor_decorator.py
[2023-07-05T12:49:56.192+0000] {processor.py:826} INFO - Processing file /home/airflow/.local/lib/python3.7/site-packages/airflow/example_dags/example_sensor_decorator.py for tasks to queue
[2023-07-05T12:49:56.193+0000] {logging_mixin.py:149} INFO - [2023-07-05T12:49:56.193+0000] {dagbag.py:541} INFO - Filling up the DagBag from /home/airflow/.local/lib/python3.7/site-packages/airflow/example_dags/example_sensor_decorator.py
[2023-07-05T12:49:56.203+0000] {processor.py:836} INFO - DAG(s) dict_keys(['example_sensor_decorator']) retrieved from /home/airflow/.local/lib/python3.7/site-packages/airflow/example_dags/example_sensor_decorator.py
[2023-07-05T12:49:56.346+0000] {logging_mixin.py:149} INFO - [2023-07-05T12:49:56.346+0000] {dag.py:2726} INFO - Sync 1 DAGs
[2023-07-05T12:49:56.508+0000] {logging_mixin.py:149} INFO - [2023-07-05T12:49:56.507+0000] {dag.py:3490} INFO - Setting next_dagrun for example_sensor_decorator to None, run_after=None
[2023-07-05T12:49:56.577+0000] {processor.py:179} INFO - Processing /home/airflow/.local/lib/python3.7/site-packages/airflow/example_dags/example_sensor_decorator.py took 0.390 seconds
[2023-07-05T12:50:31.369+0000] {processor.py:157} INFO - Started process (PID=106) to work on /home/airflow/.local/lib/python3.7/site-packages/airflow/example_dags/example_sensor_decorator.py
[2023-07-05T12:50:31.371+0000] {processor.py:826} INFO - Processing file /home/airflow/.local/lib/python3.7/site-packages/airflow/example_dags/example_sensor_decorator.py for tasks to queue
[2023-07-05T12:50:31.372+0000] {logging_mixin.py:149} INFO - [2023-07-05T12:50:31.372+0000] {dagbag.py:541} INFO - Filling up the DagBag from /home/airflow/.local/lib/python3.7/site-packages/airflow/example_dags/example_sensor_decorator.py
[2023-07-05T12:50:31.378+0000] {processor.py:836} INFO - DAG(s) dict_keys(['example_sensor_decorator']) retrieved from /home/airflow/.local/lib/python3.7/site-packages/airflow/example_dags/example_sensor_decorator.py
[2023-07-05T12:50:31.411+0000] {logging_mixin.py:149} INFO - [2023-07-05T12:50:31.411+0000] {dag.py:2726} INFO - Sync 1 DAGs
[2023-07-05T12:50:31.447+0000] {logging_mixin.py:149} INFO - [2023-07-05T12:50:31.447+0000] {dag.py:3490} INFO - Setting next_dagrun for example_sensor_decorator to None, run_after=None
[2023-07-05T12:50:31.473+0000] {processor.py:179} INFO - Processing /home/airflow/.local/lib/python3.7/site-packages/airflow/example_dags/example_sensor_decorator.py took 0.108 seconds
[2023-07-05T12:51:01.806+0000] {processor.py:157} INFO - Started process (PID=164) to work on /home/airflow/.local/lib/python3.7/site-packages/airflow/example_dags/example_sensor_decorator.py
[2023-07-05T12:51:01.807+0000] {processor.py:826} INFO - Processing file /home/airflow/.local/lib/python3.7/site-packages/airflow/example_dags/example_sensor_decorator.py for tasks to queue
[2023-07-05T12:51:01.808+0000] {logging_mixin.py:149} INFO - [2023-07-05T12:51:01.808+0000] {dagbag.py:541} INFO - Filling up the DagBag from /home/airflow/.local/lib/python3.7/site-packages/airflow/example_dags/example_sensor_decorator.py
[2023-07-05T12:51:01.815+0000] {processor.py:836} INFO - DAG(s) dict_keys(['example_sensor_decorator']) retrieved from /home/airflow/.local/lib/python3.7/site-packages/airflow/example_dags/example_sensor_decorator.py
[2023-07-05T12:51:01.846+0000] {logging_mixin.py:149} INFO - [2023-07-05T12:51:01.846+0000] {dag.py:2726} INFO - Sync 1 DAGs
[2023-07-05T12:51:01.885+0000] {logging_mixin.py:149} INFO - [2023-07-05T12:51:01.885+0000] {dag.py:3490} INFO - Setting next_dagrun for example_sensor_decorator to None, run_after=None
[2023-07-05T12:51:01.917+0000] {processor.py:179} INFO - Processing /home/airflow/.local/lib/python3.7/site-packages/airflow/example_dags/example_sensor_decorator.py took 0.115 seconds
[2023-07-05T12:51:32.439+0000] {processor.py:157} INFO - Started process (PID=221) to work on /home/airflow/.local/lib/python3.7/site-packages/airflow/example_dags/example_sensor_decorator.py
[2023-07-05T12:51:32.441+0000] {processor.py:826} INFO - Processing file /home/airflow/.local/lib/python3.7/site-packages/airflow/example_dags/example_sensor_decorator.py for tasks to queue
[2023-07-05T12:51:32.441+0000] {logging_mixin.py:149} INFO - [2023-07-05T12:51:32.441+0000] {dagbag.py:541} INFO - Filling up the DagBag from /home/airflow/.local/lib/python3.7/site-packages/airflow/example_dags/example_sensor_decorator.py
[2023-07-05T12:51:32.447+0000] {processor.py:836} INFO - DAG(s) dict_keys(['example_sensor_decorator']) retrieved from /home/airflow/.local/lib/python3.7/site-packages/airflow/example_dags/example_sensor_decorator.py
[2023-07-05T12:51:32.483+0000] {logging_mixin.py:149} INFO - [2023-07-05T12:51:32.483+0000] {dag.py:2726} INFO - Sync 1 DAGs
[2023-07-05T12:51:32.530+0000] {logging_mixin.py:149} INFO - [2023-07-05T12:51:32.530+0000] {dag.py:3490} INFO - Setting next_dagrun for example_sensor_decorator to None, run_after=None
[2023-07-05T12:51:32.564+0000] {processor.py:179} INFO - Processing /home/airflow/.local/lib/python3.7/site-packages/airflow/example_dags/example_sensor_decorator.py took 0.128 seconds
[2023-07-05T12:52:03.714+0000] {processor.py:157} INFO - Started process (PID=278) to work on /home/airflow/.local/lib/python3.7/site-packages/airflow/example_dags/example_sensor_decorator.py
[2023-07-05T12:52:03.716+0000] {processor.py:826} INFO - Processing file /home/airflow/.local/lib/python3.7/site-packages/airflow/example_dags/example_sensor_decorator.py for tasks to queue
[2023-07-05T12:52:03.717+0000] {logging_mixin.py:149} INFO - [2023-07-05T12:52:03.717+0000] {dagbag.py:541} INFO - Filling up the DagBag from /home/airflow/.local/lib/python3.7/site-packages/airflow/example_dags/example_sensor_decorator.py
[2023-07-05T12:52:03.725+0000] {processor.py:836} INFO - DAG(s) dict_keys(['example_sensor_decorator']) retrieved from /home/airflow/.local/lib/python3.7/site-packages/airflow/example_dags/example_sensor_decorator.py
[2023-07-05T12:52:03.760+0000] {logging_mixin.py:149} INFO - [2023-07-05T12:52:03.760+0000] {dag.py:2726} INFO - Sync 1 DAGs
[2023-07-05T12:52:03.805+0000] {logging_mixin.py:149} INFO - [2023-07-05T12:52:03.805+0000] {dag.py:3490} INFO - Setting next_dagrun for example_sensor_decorator to None, run_after=None
[2023-07-05T12:52:03.832+0000] {processor.py:179} INFO - Processing /home/airflow/.local/lib/python3.7/site-packages/airflow/example_dags/example_sensor_decorator.py took 0.123 seconds
[2023-07-05T12:52:35.140+0000] {processor.py:157} INFO - Started process (PID=335) to work on /home/airflow/.local/lib/python3.7/site-packages/airflow/example_dags/example_sensor_decorator.py
[2023-07-05T12:52:35.141+0000] {processor.py:826} INFO - Processing file /home/airflow/.local/lib/python3.7/site-packages/airflow/example_dags/example_sensor_decorator.py for tasks to queue
[2023-07-05T12:52:35.142+0000] {logging_mixin.py:149} INFO - [2023-07-05T12:52:35.141+0000] {dagbag.py:541} INFO - Filling up the DagBag from /home/airflow/.local/lib/python3.7/site-packages/airflow/example_dags/example_sensor_decorator.py
[2023-07-05T12:52:35.148+0000] {processor.py:836} INFO - DAG(s) dict_keys(['example_sensor_decorator']) retrieved from /home/airflow/.local/lib/python3.7/site-packages/airflow/example_dags/example_sensor_decorator.py
[2023-07-05T12:52:35.179+0000] {logging_mixin.py:149} INFO - [2023-07-05T12:52:35.179+0000] {dag.py:2726} INFO - Sync 1 DAGs
[2023-07-05T12:52:35.211+0000] {logging_mixin.py:149} INFO - [2023-07-05T12:52:35.211+0000] {dag.py:3490} INFO - Setting next_dagrun for example_sensor_decorator to None, run_after=None
[2023-07-05T12:52:35.383+0000] {processor.py:179} INFO - Processing /home/airflow/.local/lib/python3.7/site-packages/airflow/example_dags/example_sensor_decorator.py took 0.247 seconds
[2023-07-05T12:53:05.462+0000] {processor.py:157} INFO - Started process (PID=392) to work on /home/airflow/.local/lib/python3.7/site-packages/airflow/example_dags/example_sensor_decorator.py
[2023-07-05T12:53:05.463+0000] {processor.py:826} INFO - Processing file /home/airflow/.local/lib/python3.7/site-packages/airflow/example_dags/example_sensor_decorator.py for tasks to queue
[2023-07-05T12:53:05.464+0000] {logging_mixin.py:149} INFO - [2023-07-05T12:53:05.464+0000] {dagbag.py:541} INFO - Filling up the DagBag from /home/airflow/.local/lib/python3.7/site-packages/airflow/example_dags/example_sensor_decorator.py
[2023-07-05T12:53:05.472+0000] {processor.py:836} INFO - DAG(s) dict_keys(['example_sensor_decorator']) retrieved from /home/airflow/.local/lib/python3.7/site-packages/airflow/example_dags/example_sensor_decorator.py
[2023-07-05T12:53:05.508+0000] {logging_mixin.py:149} INFO - [2023-07-05T12:53:05.508+0000] {dag.py:2726} INFO - Sync 1 DAGs
[2023-07-05T12:53:05.550+0000] {logging_mixin.py:149} INFO - [2023-07-05T12:53:05.550+0000] {dag.py:3490} INFO - Setting next_dagrun for example_sensor_decorator to None, run_after=None
[2023-07-05T12:53:05.582+0000] {processor.py:179} INFO - Processing /home/airflow/.local/lib/python3.7/site-packages/airflow/example_dags/example_sensor_decorator.py took 0.126 seconds
[2023-07-05T12:53:36.465+0000] {processor.py:157} INFO - Started process (PID=449) to work on /home/airflow/.local/lib/python3.7/site-packages/airflow/example_dags/example_sensor_decorator.py
[2023-07-05T12:53:36.467+0000] {processor.py:826} INFO - Processing file /home/airflow/.local/lib/python3.7/site-packages/airflow/example_dags/example_sensor_decorator.py for tasks to queue
[2023-07-05T12:53:36.468+0000] {logging_mixin.py:149} INFO - [2023-07-05T12:53:36.468+0000] {dagbag.py:541} INFO - Filling up the DagBag from /home/airflow/.local/lib/python3.7/site-packages/airflow/example_dags/example_sensor_decorator.py
[2023-07-05T12:53:36.475+0000] {processor.py:836} INFO - DAG(s) dict_keys(['example_sensor_decorator']) retrieved from /home/airflow/.local/lib/python3.7/site-packages/airflow/example_dags/example_sensor_decorator.py
[2023-07-05T12:53:36.504+0000] {logging_mixin.py:149} INFO - [2023-07-05T12:53:36.504+0000] {dag.py:2726} INFO - Sync 1 DAGs
[2023-07-05T12:53:36.669+0000] {logging_mixin.py:149} INFO - [2023-07-05T12:53:36.669+0000] {dag.py:3490} INFO - Setting next_dagrun for example_sensor_decorator to None, run_after=None
[2023-07-05T12:53:36.693+0000] {processor.py:179} INFO - Processing /home/airflow/.local/lib/python3.7/site-packages/airflow/example_dags/example_sensor_decorator.py took 0.233 seconds
[2023-07-05T12:54:07.274+0000] {processor.py:157} INFO - Started process (PID=506) to work on /home/airflow/.local/lib/python3.7/site-packages/airflow/example_dags/example_sensor_decorator.py
[2023-07-05T12:54:07.276+0000] {processor.py:826} INFO - Processing file /home/airflow/.local/lib/python3.7/site-packages/airflow/example_dags/example_sensor_decorator.py for tasks to queue
[2023-07-05T12:54:07.277+0000] {logging_mixin.py:149} INFO - [2023-07-05T12:54:07.277+0000] {dagbag.py:541} INFO - Filling up the DagBag from /home/airflow/.local/lib/python3.7/site-packages/airflow/example_dags/example_sensor_decorator.py
[2023-07-05T12:54:07.285+0000] {processor.py:836} INFO - DAG(s) dict_keys(['example_sensor_decorator']) retrieved from /home/airflow/.local/lib/python3.7/site-packages/airflow/example_dags/example_sensor_decorator.py
[2023-07-05T12:54:07.315+0000] {logging_mixin.py:149} INFO - [2023-07-05T12:54:07.315+0000] {dag.py:2726} INFO - Sync 1 DAGs
[2023-07-05T12:54:07.349+0000] {logging_mixin.py:149} INFO - [2023-07-05T12:54:07.349+0000] {dag.py:3490} INFO - Setting next_dagrun for example_sensor_decorator to None, run_after=None
[2023-07-05T12:54:07.524+0000] {processor.py:179} INFO - Processing /home/airflow/.local/lib/python3.7/site-packages/airflow/example_dags/example_sensor_decorator.py took 0.254 seconds
[2023-07-05T12:54:37.981+0000] {processor.py:157} INFO - Started process (PID=563) to work on /home/airflow/.local/lib/python3.7/site-packages/airflow/example_dags/example_sensor_decorator.py
[2023-07-05T12:54:37.982+0000] {processor.py:826} INFO - Processing file /home/airflow/.local/lib/python3.7/site-packages/airflow/example_dags/example_sensor_decorator.py for tasks to queue
[2023-07-05T12:54:37.983+0000] {logging_mixin.py:149} INFO - [2023-07-05T12:54:37.982+0000] {dagbag.py:541} INFO - Filling up the DagBag from /home/airflow/.local/lib/python3.7/site-packages/airflow/example_dags/example_sensor_decorator.py
[2023-07-05T12:54:37.989+0000] {processor.py:836} INFO - DAG(s) dict_keys(['example_sensor_decorator']) retrieved from /home/airflow/.local/lib/python3.7/site-packages/airflow/example_dags/example_sensor_decorator.py
[2023-07-05T12:54:38.028+0000] {logging_mixin.py:149} INFO - [2023-07-05T12:54:38.027+0000] {dag.py:2726} INFO - Sync 1 DAGs
[2023-07-05T12:54:38.074+0000] {logging_mixin.py:149} INFO - [2023-07-05T12:54:38.074+0000] {dag.py:3490} INFO - Setting next_dagrun for example_sensor_decorator to None, run_after=None
[2023-07-05T12:54:38.105+0000] {processor.py:179} INFO - Processing /home/airflow/.local/lib/python3.7/site-packages/airflow/example_dags/example_sensor_decorator.py took 0.128 seconds
[2023-07-05T12:55:08.340+0000] {processor.py:157} INFO - Started process (PID=620) to work on /home/airflow/.local/lib/python3.7/site-packages/airflow/example_dags/example_sensor_decorator.py
[2023-07-05T12:55:08.341+0000] {processor.py:826} INFO - Processing file /home/airflow/.local/lib/python3.7/site-packages/airflow/example_dags/example_sensor_decorator.py for tasks to queue
[2023-07-05T12:55:08.342+0000] {logging_mixin.py:149} INFO - [2023-07-05T12:55:08.342+0000] {dagbag.py:541} INFO - Filling up the DagBag from /home/airflow/.local/lib/python3.7/site-packages/airflow/example_dags/example_sensor_decorator.py
[2023-07-05T12:55:08.349+0000] {processor.py:836} INFO - DAG(s) dict_keys(['example_sensor_decorator']) retrieved from /home/airflow/.local/lib/python3.7/site-packages/airflow/example_dags/example_sensor_decorator.py
[2023-07-05T12:55:08.384+0000] {logging_mixin.py:149} INFO - [2023-07-05T12:55:08.383+0000] {dag.py:2726} INFO - Sync 1 DAGs
[2023-07-05T12:55:08.566+0000] {logging_mixin.py:149} INFO - [2023-07-05T12:55:08.566+0000] {dag.py:3490} INFO - Setting next_dagrun for example_sensor_decorator to None, run_after=None
[2023-07-05T12:55:08.590+0000] {processor.py:179} INFO - Processing /home/airflow/.local/lib/python3.7/site-packages/airflow/example_dags/example_sensor_decorator.py took 0.253 seconds
[2023-07-05T12:55:39.319+0000] {processor.py:157} INFO - Started process (PID=677) to work on /home/airflow/.local/lib/python3.7/site-packages/airflow/example_dags/example_sensor_decorator.py
[2023-07-05T12:55:39.320+0000] {processor.py:826} INFO - Processing file /home/airflow/.local/lib/python3.7/site-packages/airflow/example_dags/example_sensor_decorator.py for tasks to queue
[2023-07-05T12:55:39.321+0000] {logging_mixin.py:149} INFO - [2023-07-05T12:55:39.321+0000] {dagbag.py:541} INFO - Filling up the DagBag from /home/airflow/.local/lib/python3.7/site-packages/airflow/example_dags/example_sensor_decorator.py
[2023-07-05T12:55:39.328+0000] {processor.py:836} INFO - DAG(s) dict_keys(['example_sensor_decorator']) retrieved from /home/airflow/.local/lib/python3.7/site-packages/airflow/example_dags/example_sensor_decorator.py
[2023-07-05T12:55:39.364+0000] {logging_mixin.py:149} INFO - [2023-07-05T12:55:39.364+0000] {dag.py:2726} INFO - Sync 1 DAGs
[2023-07-05T12:55:39.405+0000] {logging_mixin.py:149} INFO - [2023-07-05T12:55:39.404+0000] {dag.py:3490} INFO - Setting next_dagrun for example_sensor_decorator to None, run_after=None
[2023-07-05T12:55:39.437+0000] {processor.py:179} INFO - Processing /home/airflow/.local/lib/python3.7/site-packages/airflow/example_dags/example_sensor_decorator.py took 0.122 seconds
[2023-07-05T12:56:10.105+0000] {processor.py:157} INFO - Started process (PID=734) to work on /home/airflow/.local/lib/python3.7/site-packages/airflow/example_dags/example_sensor_decorator.py
[2023-07-05T12:56:10.106+0000] {processor.py:826} INFO - Processing file /home/airflow/.local/lib/python3.7/site-packages/airflow/example_dags/example_sensor_decorator.py for tasks to queue
[2023-07-05T12:56:10.108+0000] {logging_mixin.py:149} INFO - [2023-07-05T12:56:10.107+0000] {dagbag.py:541} INFO - Filling up the DagBag from /home/airflow/.local/lib/python3.7/site-packages/airflow/example_dags/example_sensor_decorator.py
[2023-07-05T12:56:10.116+0000] {processor.py:836} INFO - DAG(s) dict_keys(['example_sensor_decorator']) retrieved from /home/airflow/.local/lib/python3.7/site-packages/airflow/example_dags/example_sensor_decorator.py
[2023-07-05T12:56:10.308+0000] {logging_mixin.py:149} INFO - [2023-07-05T12:56:10.308+0000] {dag.py:2726} INFO - Sync 1 DAGs
[2023-07-05T12:56:10.345+0000] {logging_mixin.py:149} INFO - [2023-07-05T12:56:10.345+0000] {dag.py:3490} INFO - Setting next_dagrun for example_sensor_decorator to None, run_after=None
[2023-07-05T12:56:10.369+0000] {processor.py:179} INFO - Processing /home/airflow/.local/lib/python3.7/site-packages/airflow/example_dags/example_sensor_decorator.py took 0.269 seconds
[2023-07-05T12:56:40.417+0000] {processor.py:157} INFO - Started process (PID=790) to work on /home/airflow/.local/lib/python3.7/site-packages/airflow/example_dags/example_sensor_decorator.py
[2023-07-05T12:56:40.418+0000] {processor.py:826} INFO - Processing file /home/airflow/.local/lib/python3.7/site-packages/airflow/example_dags/example_sensor_decorator.py for tasks to queue
[2023-07-05T12:56:40.419+0000] {logging_mixin.py:149} INFO - [2023-07-05T12:56:40.419+0000] {dagbag.py:541} INFO - Filling up the DagBag from /home/airflow/.local/lib/python3.7/site-packages/airflow/example_dags/example_sensor_decorator.py
[2023-07-05T12:56:40.427+0000] {processor.py:836} INFO - DAG(s) dict_keys(['example_sensor_decorator']) retrieved from /home/airflow/.local/lib/python3.7/site-packages/airflow/example_dags/example_sensor_decorator.py
[2023-07-05T12:56:40.463+0000] {logging_mixin.py:149} INFO - [2023-07-05T12:56:40.463+0000] {dag.py:2726} INFO - Sync 1 DAGs
[2023-07-05T12:56:40.507+0000] {logging_mixin.py:149} INFO - [2023-07-05T12:56:40.507+0000] {dag.py:3490} INFO - Setting next_dagrun for example_sensor_decorator to None, run_after=None
[2023-07-05T12:56:40.536+0000] {processor.py:179} INFO - Processing /home/airflow/.local/lib/python3.7/site-packages/airflow/example_dags/example_sensor_decorator.py took 0.125 seconds
[2023-07-05T12:57:10.599+0000] {processor.py:157} INFO - Started process (PID=846) to work on /home/airflow/.local/lib/python3.7/site-packages/airflow/example_dags/example_sensor_decorator.py
[2023-07-05T12:57:10.601+0000] {processor.py:826} INFO - Processing file /home/airflow/.local/lib/python3.7/site-packages/airflow/example_dags/example_sensor_decorator.py for tasks to queue
[2023-07-05T12:57:10.602+0000] {logging_mixin.py:149} INFO - [2023-07-05T12:57:10.602+0000] {dagbag.py:541} INFO - Filling up the DagBag from /home/airflow/.local/lib/python3.7/site-packages/airflow/example_dags/example_sensor_decorator.py
[2023-07-05T12:57:10.610+0000] {processor.py:836} INFO - DAG(s) dict_keys(['example_sensor_decorator']) retrieved from /home/airflow/.local/lib/python3.7/site-packages/airflow/example_dags/example_sensor_decorator.py
[2023-07-05T12:57:10.643+0000] {logging_mixin.py:149} INFO - [2023-07-05T12:57:10.643+0000] {dag.py:2726} INFO - Sync 1 DAGs
[2023-07-05T12:57:10.687+0000] {logging_mixin.py:149} INFO - [2023-07-05T12:57:10.687+0000] {dag.py:3490} INFO - Setting next_dagrun for example_sensor_decorator to None, run_after=None
[2023-07-05T12:57:10.713+0000] {processor.py:179} INFO - Processing /home/airflow/.local/lib/python3.7/site-packages/airflow/example_dags/example_sensor_decorator.py took 0.118 seconds
[2023-07-05T12:57:40.925+0000] {processor.py:157} INFO - Started process (PID=903) to work on /home/airflow/.local/lib/python3.7/site-packages/airflow/example_dags/example_sensor_decorator.py
[2023-07-05T12:57:40.927+0000] {processor.py:826} INFO - Processing file /home/airflow/.local/lib/python3.7/site-packages/airflow/example_dags/example_sensor_decorator.py for tasks to queue
[2023-07-05T12:57:40.928+0000] {logging_mixin.py:149} INFO - [2023-07-05T12:57:40.928+0000] {dagbag.py:541} INFO - Filling up the DagBag from /home/airflow/.local/lib/python3.7/site-packages/airflow/example_dags/example_sensor_decorator.py
[2023-07-05T12:57:40.938+0000] {processor.py:836} INFO - DAG(s) dict_keys(['example_sensor_decorator']) retrieved from /home/airflow/.local/lib/python3.7/site-packages/airflow/example_dags/example_sensor_decorator.py
[2023-07-05T12:57:40.977+0000] {logging_mixin.py:149} INFO - [2023-07-05T12:57:40.977+0000] {dag.py:2726} INFO - Sync 1 DAGs
[2023-07-05T12:57:41.021+0000] {logging_mixin.py:149} INFO - [2023-07-05T12:57:41.021+0000] {dag.py:3490} INFO - Setting next_dagrun for example_sensor_decorator to None, run_after=None
[2023-07-05T12:57:41.059+0000] {processor.py:179} INFO - Processing /home/airflow/.local/lib/python3.7/site-packages/airflow/example_dags/example_sensor_decorator.py took 0.138 seconds
[2023-07-05T12:58:11.325+0000] {processor.py:157} INFO - Started process (PID=959) to work on /home/airflow/.local/lib/python3.7/site-packages/airflow/example_dags/example_sensor_decorator.py
[2023-07-05T12:58:11.327+0000] {processor.py:826} INFO - Processing file /home/airflow/.local/lib/python3.7/site-packages/airflow/example_dags/example_sensor_decorator.py for tasks to queue
[2023-07-05T12:58:11.329+0000] {logging_mixin.py:149} INFO - [2023-07-05T12:58:11.328+0000] {dagbag.py:541} INFO - Filling up the DagBag from /home/airflow/.local/lib/python3.7/site-packages/airflow/example_dags/example_sensor_decorator.py
[2023-07-05T12:58:11.337+0000] {processor.py:836} INFO - DAG(s) dict_keys(['example_sensor_decorator']) retrieved from /home/airflow/.local/lib/python3.7/site-packages/airflow/example_dags/example_sensor_decorator.py
[2023-07-05T12:58:11.367+0000] {logging_mixin.py:149} INFO - [2023-07-05T12:58:11.366+0000] {dag.py:2726} INFO - Sync 1 DAGs
[2023-07-05T12:58:11.404+0000] {logging_mixin.py:149} INFO - [2023-07-05T12:58:11.404+0000] {dag.py:3490} INFO - Setting next_dagrun for example_sensor_decorator to None, run_after=None
[2023-07-05T12:58:11.434+0000] {processor.py:179} INFO - Processing /home/airflow/.local/lib/python3.7/site-packages/airflow/example_dags/example_sensor_decorator.py took 0.114 seconds
[2023-07-05T12:58:41.779+0000] {processor.py:157} INFO - Started process (PID=1016) to work on /home/airflow/.local/lib/python3.7/site-packages/airflow/example_dags/example_sensor_decorator.py
[2023-07-05T12:58:41.780+0000] {processor.py:826} INFO - Processing file /home/airflow/.local/lib/python3.7/site-packages/airflow/example_dags/example_sensor_decorator.py for tasks to queue
[2023-07-05T12:58:41.783+0000] {logging_mixin.py:149} INFO - [2023-07-05T12:58:41.783+0000] {dagbag.py:541} INFO - Filling up the DagBag from /home/airflow/.local/lib/python3.7/site-packages/airflow/example_dags/example_sensor_decorator.py
[2023-07-05T12:58:41.791+0000] {processor.py:836} INFO - DAG(s) dict_keys(['example_sensor_decorator']) retrieved from /home/airflow/.local/lib/python3.7/site-packages/airflow/example_dags/example_sensor_decorator.py
[2023-07-05T12:58:41.826+0000] {logging_mixin.py:149} INFO - [2023-07-05T12:58:41.826+0000] {dag.py:2726} INFO - Sync 1 DAGs
[2023-07-05T12:58:41.860+0000] {logging_mixin.py:149} INFO - [2023-07-05T12:58:41.860+0000] {dag.py:3490} INFO - Setting next_dagrun for example_sensor_decorator to None, run_after=None
[2023-07-05T12:58:41.883+0000] {processor.py:179} INFO - Processing /home/airflow/.local/lib/python3.7/site-packages/airflow/example_dags/example_sensor_decorator.py took 0.109 seconds
[2023-07-05T12:59:12.097+0000] {processor.py:157} INFO - Started process (PID=1072) to work on /home/airflow/.local/lib/python3.7/site-packages/airflow/example_dags/example_sensor_decorator.py
[2023-07-05T12:59:12.102+0000] {processor.py:826} INFO - Processing file /home/airflow/.local/lib/python3.7/site-packages/airflow/example_dags/example_sensor_decorator.py for tasks to queue
[2023-07-05T12:59:12.103+0000] {logging_mixin.py:149} INFO - [2023-07-05T12:59:12.103+0000] {dagbag.py:541} INFO - Filling up the DagBag from /home/airflow/.local/lib/python3.7/site-packages/airflow/example_dags/example_sensor_decorator.py
[2023-07-05T12:59:12.110+0000] {processor.py:836} INFO - DAG(s) dict_keys(['example_sensor_decorator']) retrieved from /home/airflow/.local/lib/python3.7/site-packages/airflow/example_dags/example_sensor_decorator.py
[2023-07-05T12:59:12.141+0000] {logging_mixin.py:149} INFO - [2023-07-05T12:59:12.140+0000] {dag.py:2726} INFO - Sync 1 DAGs
[2023-07-05T12:59:12.178+0000] {logging_mixin.py:149} INFO - [2023-07-05T12:59:12.178+0000] {dag.py:3490} INFO - Setting next_dagrun for example_sensor_decorator to None, run_after=None
[2023-07-05T12:59:12.208+0000] {processor.py:179} INFO - Processing /home/airflow/.local/lib/python3.7/site-packages/airflow/example_dags/example_sensor_decorator.py took 0.117 seconds
[2023-07-05T12:59:42.532+0000] {processor.py:157} INFO - Started process (PID=1129) to work on /home/airflow/.local/lib/python3.7/site-packages/airflow/example_dags/example_sensor_decorator.py
[2023-07-05T12:59:42.534+0000] {processor.py:826} INFO - Processing file /home/airflow/.local/lib/python3.7/site-packages/airflow/example_dags/example_sensor_decorator.py for tasks to queue
[2023-07-05T12:59:42.535+0000] {logging_mixin.py:149} INFO - [2023-07-05T12:59:42.535+0000] {dagbag.py:541} INFO - Filling up the DagBag from /home/airflow/.local/lib/python3.7/site-packages/airflow/example_dags/example_sensor_decorator.py
[2023-07-05T12:59:42.542+0000] {processor.py:836} INFO - DAG(s) dict_keys(['example_sensor_decorator']) retrieved from /home/airflow/.local/lib/python3.7/site-packages/airflow/example_dags/example_sensor_decorator.py
[2023-07-05T12:59:42.575+0000] {logging_mixin.py:149} INFO - [2023-07-05T12:59:42.575+0000] {dag.py:2726} INFO - Sync 1 DAGs
[2023-07-05T12:59:42.614+0000] {logging_mixin.py:149} INFO - [2023-07-05T12:59:42.614+0000] {dag.py:3490} INFO - Setting next_dagrun for example_sensor_decorator to None, run_after=None
[2023-07-05T12:59:42.656+0000] {processor.py:179} INFO - Processing /home/airflow/.local/lib/python3.7/site-packages/airflow/example_dags/example_sensor_decorator.py took 0.128 seconds
[2023-07-05T13:00:13.126+0000] {processor.py:157} INFO - Started process (PID=1186) to work on /home/airflow/.local/lib/python3.7/site-packages/airflow/example_dags/example_sensor_decorator.py
[2023-07-05T13:00:13.128+0000] {processor.py:826} INFO - Processing file /home/airflow/.local/lib/python3.7/site-packages/airflow/example_dags/example_sensor_decorator.py for tasks to queue
[2023-07-05T13:00:13.129+0000] {logging_mixin.py:149} INFO - [2023-07-05T13:00:13.129+0000] {dagbag.py:541} INFO - Filling up the DagBag from /home/airflow/.local/lib/python3.7/site-packages/airflow/example_dags/example_sensor_decorator.py
[2023-07-05T13:00:13.137+0000] {processor.py:836} INFO - DAG(s) dict_keys(['example_sensor_decorator']) retrieved from /home/airflow/.local/lib/python3.7/site-packages/airflow/example_dags/example_sensor_decorator.py
[2023-07-05T13:00:13.168+0000] {logging_mixin.py:149} INFO - [2023-07-05T13:00:13.168+0000] {dag.py:2726} INFO - Sync 1 DAGs
[2023-07-05T13:00:13.207+0000] {logging_mixin.py:149} INFO - [2023-07-05T13:00:13.207+0000] {dag.py:3490} INFO - Setting next_dagrun for example_sensor_decorator to None, run_after=None
[2023-07-05T13:00:13.241+0000] {processor.py:179} INFO - Processing /home/airflow/.local/lib/python3.7/site-packages/airflow/example_dags/example_sensor_decorator.py took 0.120 seconds
[2023-07-05T13:00:43.364+0000] {processor.py:157} INFO - Started process (PID=1243) to work on /home/airflow/.local/lib/python3.7/site-packages/airflow/example_dags/example_sensor_decorator.py
[2023-07-05T13:00:43.365+0000] {processor.py:826} INFO - Processing file /home/airflow/.local/lib/python3.7/site-packages/airflow/example_dags/example_sensor_decorator.py for tasks to queue
[2023-07-05T13:00:43.366+0000] {logging_mixin.py:149} INFO - [2023-07-05T13:00:43.366+0000] {dagbag.py:541} INFO - Filling up the DagBag from /home/airflow/.local/lib/python3.7/site-packages/airflow/example_dags/example_sensor_decorator.py
[2023-07-05T13:00:43.374+0000] {processor.py:836} INFO - DAG(s) dict_keys(['example_sensor_decorator']) retrieved from /home/airflow/.local/lib/python3.7/site-packages/airflow/example_dags/example_sensor_decorator.py
[2023-07-05T13:00:43.404+0000] {logging_mixin.py:149} INFO - [2023-07-05T13:00:43.404+0000] {dag.py:2726} INFO - Sync 1 DAGs
[2023-07-05T13:00:43.440+0000] {logging_mixin.py:149} INFO - [2023-07-05T13:00:43.440+0000] {dag.py:3490} INFO - Setting next_dagrun for example_sensor_decorator to None, run_after=None
[2023-07-05T13:00:43.469+0000] {processor.py:179} INFO - Processing /home/airflow/.local/lib/python3.7/site-packages/airflow/example_dags/example_sensor_decorator.py took 0.109 seconds
[2023-07-05T13:01:13.682+0000] {processor.py:157} INFO - Started process (PID=1300) to work on /home/airflow/.local/lib/python3.7/site-packages/airflow/example_dags/example_sensor_decorator.py
[2023-07-05T13:01:13.683+0000] {processor.py:826} INFO - Processing file /home/airflow/.local/lib/python3.7/site-packages/airflow/example_dags/example_sensor_decorator.py for tasks to queue
[2023-07-05T13:01:13.684+0000] {logging_mixin.py:149} INFO - [2023-07-05T13:01:13.684+0000] {dagbag.py:541} INFO - Filling up the DagBag from /home/airflow/.local/lib/python3.7/site-packages/airflow/example_dags/example_sensor_decorator.py
[2023-07-05T13:01:13.691+0000] {processor.py:836} INFO - DAG(s) dict_keys(['example_sensor_decorator']) retrieved from /home/airflow/.local/lib/python3.7/site-packages/airflow/example_dags/example_sensor_decorator.py
[2023-07-05T13:01:13.721+0000] {logging_mixin.py:149} INFO - [2023-07-05T13:01:13.721+0000] {dag.py:2726} INFO - Sync 1 DAGs
[2023-07-05T13:01:13.756+0000] {logging_mixin.py:149} INFO - [2023-07-05T13:01:13.756+0000] {dag.py:3490} INFO - Setting next_dagrun for example_sensor_decorator to None, run_after=None
[2023-07-05T13:01:13.782+0000] {processor.py:179} INFO - Processing /home/airflow/.local/lib/python3.7/site-packages/airflow/example_dags/example_sensor_decorator.py took 0.105 seconds
[2023-07-05T13:01:44.078+0000] {processor.py:157} INFO - Started process (PID=1358) to work on /home/airflow/.local/lib/python3.7/site-packages/airflow/example_dags/example_sensor_decorator.py
[2023-07-05T13:01:44.079+0000] {processor.py:826} INFO - Processing file /home/airflow/.local/lib/python3.7/site-packages/airflow/example_dags/example_sensor_decorator.py for tasks to queue
[2023-07-05T13:01:44.080+0000] {logging_mixin.py:149} INFO - [2023-07-05T13:01:44.079+0000] {dagbag.py:541} INFO - Filling up the DagBag from /home/airflow/.local/lib/python3.7/site-packages/airflow/example_dags/example_sensor_decorator.py
[2023-07-05T13:01:44.087+0000] {processor.py:836} INFO - DAG(s) dict_keys(['example_sensor_decorator']) retrieved from /home/airflow/.local/lib/python3.7/site-packages/airflow/example_dags/example_sensor_decorator.py
[2023-07-05T13:01:44.121+0000] {logging_mixin.py:149} INFO - [2023-07-05T13:01:44.120+0000] {dag.py:2726} INFO - Sync 1 DAGs
[2023-07-05T13:01:44.158+0000] {logging_mixin.py:149} INFO - [2023-07-05T13:01:44.158+0000] {dag.py:3490} INFO - Setting next_dagrun for example_sensor_decorator to None, run_after=None
[2023-07-05T13:01:44.187+0000] {processor.py:179} INFO - Processing /home/airflow/.local/lib/python3.7/site-packages/airflow/example_dags/example_sensor_decorator.py took 0.114 seconds
[2023-07-05T13:02:14.464+0000] {processor.py:157} INFO - Started process (PID=1415) to work on /home/airflow/.local/lib/python3.7/site-packages/airflow/example_dags/example_sensor_decorator.py
[2023-07-05T13:02:14.466+0000] {processor.py:826} INFO - Processing file /home/airflow/.local/lib/python3.7/site-packages/airflow/example_dags/example_sensor_decorator.py for tasks to queue
[2023-07-05T13:02:14.466+0000] {logging_mixin.py:149} INFO - [2023-07-05T13:02:14.466+0000] {dagbag.py:541} INFO - Filling up the DagBag from /home/airflow/.local/lib/python3.7/site-packages/airflow/example_dags/example_sensor_decorator.py
[2023-07-05T13:02:14.472+0000] {processor.py:836} INFO - DAG(s) dict_keys(['example_sensor_decorator']) retrieved from /home/airflow/.local/lib/python3.7/site-packages/airflow/example_dags/example_sensor_decorator.py
[2023-07-05T13:02:14.503+0000] {logging_mixin.py:149} INFO - [2023-07-05T13:02:14.502+0000] {dag.py:2726} INFO - Sync 1 DAGs
[2023-07-05T13:02:14.536+0000] {logging_mixin.py:149} INFO - [2023-07-05T13:02:14.536+0000] {dag.py:3490} INFO - Setting next_dagrun for example_sensor_decorator to None, run_after=None
[2023-07-05T13:02:14.563+0000] {processor.py:179} INFO - Processing /home/airflow/.local/lib/python3.7/site-packages/airflow/example_dags/example_sensor_decorator.py took 0.103 seconds
[2023-07-05T13:02:44.783+0000] {processor.py:157} INFO - Started process (PID=1472) to work on /home/airflow/.local/lib/python3.7/site-packages/airflow/example_dags/example_sensor_decorator.py
[2023-07-05T13:02:44.784+0000] {processor.py:826} INFO - Processing file /home/airflow/.local/lib/python3.7/site-packages/airflow/example_dags/example_sensor_decorator.py for tasks to queue
[2023-07-05T13:02:44.784+0000] {logging_mixin.py:149} INFO - [2023-07-05T13:02:44.784+0000] {dagbag.py:541} INFO - Filling up the DagBag from /home/airflow/.local/lib/python3.7/site-packages/airflow/example_dags/example_sensor_decorator.py
[2023-07-05T13:02:44.790+0000] {processor.py:836} INFO - DAG(s) dict_keys(['example_sensor_decorator']) retrieved from /home/airflow/.local/lib/python3.7/site-packages/airflow/example_dags/example_sensor_decorator.py
[2023-07-05T13:02:44.838+0000] {logging_mixin.py:149} INFO - [2023-07-05T13:02:44.837+0000] {dag.py:2726} INFO - Sync 1 DAGs
[2023-07-05T13:02:44.878+0000] {logging_mixin.py:149} INFO - [2023-07-05T13:02:44.877+0000] {dag.py:3490} INFO - Setting next_dagrun for example_sensor_decorator to None, run_after=None
[2023-07-05T13:02:44.909+0000] {processor.py:179} INFO - Processing /home/airflow/.local/lib/python3.7/site-packages/airflow/example_dags/example_sensor_decorator.py took 0.130 seconds
[2023-07-05T13:03:15.082+0000] {processor.py:157} INFO - Started process (PID=1529) to work on /home/airflow/.local/lib/python3.7/site-packages/airflow/example_dags/example_sensor_decorator.py
[2023-07-05T13:03:15.084+0000] {processor.py:826} INFO - Processing file /home/airflow/.local/lib/python3.7/site-packages/airflow/example_dags/example_sensor_decorator.py for tasks to queue
[2023-07-05T13:03:15.085+0000] {logging_mixin.py:149} INFO - [2023-07-05T13:03:15.084+0000] {dagbag.py:541} INFO - Filling up the DagBag from /home/airflow/.local/lib/python3.7/site-packages/airflow/example_dags/example_sensor_decorator.py
[2023-07-05T13:03:15.092+0000] {processor.py:836} INFO - DAG(s) dict_keys(['example_sensor_decorator']) retrieved from /home/airflow/.local/lib/python3.7/site-packages/airflow/example_dags/example_sensor_decorator.py
[2023-07-05T13:03:15.125+0000] {logging_mixin.py:149} INFO - [2023-07-05T13:03:15.124+0000] {dag.py:2726} INFO - Sync 1 DAGs
[2023-07-05T13:03:15.161+0000] {logging_mixin.py:149} INFO - [2023-07-05T13:03:15.161+0000] {dag.py:3490} INFO - Setting next_dagrun for example_sensor_decorator to None, run_after=None
[2023-07-05T13:03:15.188+0000] {processor.py:179} INFO - Processing /home/airflow/.local/lib/python3.7/site-packages/airflow/example_dags/example_sensor_decorator.py took 0.110 seconds
[2023-07-05T13:03:45.427+0000] {processor.py:157} INFO - Started process (PID=1586) to work on /home/airflow/.local/lib/python3.7/site-packages/airflow/example_dags/example_sensor_decorator.py
[2023-07-05T13:03:45.428+0000] {processor.py:826} INFO - Processing file /home/airflow/.local/lib/python3.7/site-packages/airflow/example_dags/example_sensor_decorator.py for tasks to queue
[2023-07-05T13:03:45.429+0000] {logging_mixin.py:149} INFO - [2023-07-05T13:03:45.429+0000] {dagbag.py:541} INFO - Filling up the DagBag from /home/airflow/.local/lib/python3.7/site-packages/airflow/example_dags/example_sensor_decorator.py
[2023-07-05T13:03:45.437+0000] {processor.py:836} INFO - DAG(s) dict_keys(['example_sensor_decorator']) retrieved from /home/airflow/.local/lib/python3.7/site-packages/airflow/example_dags/example_sensor_decorator.py
[2023-07-05T13:03:45.472+0000] {logging_mixin.py:149} INFO - [2023-07-05T13:03:45.471+0000] {dag.py:2726} INFO - Sync 1 DAGs
[2023-07-05T13:03:45.510+0000] {logging_mixin.py:149} INFO - [2023-07-05T13:03:45.510+0000] {dag.py:3490} INFO - Setting next_dagrun for example_sensor_decorator to None, run_after=None
[2023-07-05T13:03:45.540+0000] {processor.py:179} INFO - Processing /home/airflow/.local/lib/python3.7/site-packages/airflow/example_dags/example_sensor_decorator.py took 0.118 seconds
[2023-07-05T13:04:15.844+0000] {processor.py:157} INFO - Started process (PID=1643) to work on /home/airflow/.local/lib/python3.7/site-packages/airflow/example_dags/example_sensor_decorator.py
[2023-07-05T13:04:15.846+0000] {processor.py:826} INFO - Processing file /home/airflow/.local/lib/python3.7/site-packages/airflow/example_dags/example_sensor_decorator.py for tasks to queue
[2023-07-05T13:04:15.848+0000] {logging_mixin.py:149} INFO - [2023-07-05T13:04:15.847+0000] {dagbag.py:541} INFO - Filling up the DagBag from /home/airflow/.local/lib/python3.7/site-packages/airflow/example_dags/example_sensor_decorator.py
[2023-07-05T13:04:15.855+0000] {processor.py:836} INFO - DAG(s) dict_keys(['example_sensor_decorator']) retrieved from /home/airflow/.local/lib/python3.7/site-packages/airflow/example_dags/example_sensor_decorator.py
[2023-07-05T13:04:15.893+0000] {logging_mixin.py:149} INFO - [2023-07-05T13:04:15.892+0000] {dag.py:2726} INFO - Sync 1 DAGs
[2023-07-05T13:04:15.936+0000] {logging_mixin.py:149} INFO - [2023-07-05T13:04:15.935+0000] {dag.py:3490} INFO - Setting next_dagrun for example_sensor_decorator to None, run_after=None
[2023-07-05T13:04:15.964+0000] {processor.py:179} INFO - Processing /home/airflow/.local/lib/python3.7/site-packages/airflow/example_dags/example_sensor_decorator.py took 0.124 seconds
[2023-07-05T13:04:46.976+0000] {processor.py:157} INFO - Started process (PID=1699) to work on /home/airflow/.local/lib/python3.7/site-packages/airflow/example_dags/example_sensor_decorator.py
[2023-07-05T13:04:46.978+0000] {processor.py:826} INFO - Processing file /home/airflow/.local/lib/python3.7/site-packages/airflow/example_dags/example_sensor_decorator.py for tasks to queue
[2023-07-05T13:04:46.979+0000] {logging_mixin.py:149} INFO - [2023-07-05T13:04:46.978+0000] {dagbag.py:541} INFO - Filling up the DagBag from /home/airflow/.local/lib/python3.7/site-packages/airflow/example_dags/example_sensor_decorator.py
[2023-07-05T13:04:46.986+0000] {processor.py:836} INFO - DAG(s) dict_keys(['example_sensor_decorator']) retrieved from /home/airflow/.local/lib/python3.7/site-packages/airflow/example_dags/example_sensor_decorator.py
[2023-07-05T13:04:47.022+0000] {logging_mixin.py:149} INFO - [2023-07-05T13:04:47.021+0000] {dag.py:2726} INFO - Sync 1 DAGs
[2023-07-05T13:04:47.073+0000] {logging_mixin.py:149} INFO - [2023-07-05T13:04:47.073+0000] {dag.py:3490} INFO - Setting next_dagrun for example_sensor_decorator to None, run_after=None
[2023-07-05T13:04:47.103+0000] {processor.py:179} INFO - Processing /home/airflow/.local/lib/python3.7/site-packages/airflow/example_dags/example_sensor_decorator.py took 0.131 seconds
[2023-07-05T13:05:17.346+0000] {processor.py:157} INFO - Started process (PID=1756) to work on /home/airflow/.local/lib/python3.7/site-packages/airflow/example_dags/example_sensor_decorator.py
[2023-07-05T13:05:17.348+0000] {processor.py:826} INFO - Processing file /home/airflow/.local/lib/python3.7/site-packages/airflow/example_dags/example_sensor_decorator.py for tasks to queue
[2023-07-05T13:05:17.349+0000] {logging_mixin.py:149} INFO - [2023-07-05T13:05:17.349+0000] {dagbag.py:541} INFO - Filling up the DagBag from /home/airflow/.local/lib/python3.7/site-packages/airflow/example_dags/example_sensor_decorator.py
[2023-07-05T13:05:17.355+0000] {processor.py:836} INFO - DAG(s) dict_keys(['example_sensor_decorator']) retrieved from /home/airflow/.local/lib/python3.7/site-packages/airflow/example_dags/example_sensor_decorator.py
[2023-07-05T13:05:17.389+0000] {logging_mixin.py:149} INFO - [2023-07-05T13:05:17.389+0000] {dag.py:2726} INFO - Sync 1 DAGs
[2023-07-05T13:05:17.432+0000] {logging_mixin.py:149} INFO - [2023-07-05T13:05:17.431+0000] {dag.py:3490} INFO - Setting next_dagrun for example_sensor_decorator to None, run_after=None
[2023-07-05T13:05:17.467+0000] {processor.py:179} INFO - Processing /home/airflow/.local/lib/python3.7/site-packages/airflow/example_dags/example_sensor_decorator.py took 0.125 seconds
[2023-07-05T13:05:47.705+0000] {processor.py:157} INFO - Started process (PID=1814) to work on /home/airflow/.local/lib/python3.7/site-packages/airflow/example_dags/example_sensor_decorator.py
[2023-07-05T13:05:47.707+0000] {processor.py:826} INFO - Processing file /home/airflow/.local/lib/python3.7/site-packages/airflow/example_dags/example_sensor_decorator.py for tasks to queue
[2023-07-05T13:05:47.709+0000] {logging_mixin.py:149} INFO - [2023-07-05T13:05:47.708+0000] {dagbag.py:541} INFO - Filling up the DagBag from /home/airflow/.local/lib/python3.7/site-packages/airflow/example_dags/example_sensor_decorator.py
[2023-07-05T13:05:47.717+0000] {processor.py:836} INFO - DAG(s) dict_keys(['example_sensor_decorator']) retrieved from /home/airflow/.local/lib/python3.7/site-packages/airflow/example_dags/example_sensor_decorator.py
[2023-07-05T13:05:47.749+0000] {logging_mixin.py:149} INFO - [2023-07-05T13:05:47.749+0000] {dag.py:2726} INFO - Sync 1 DAGs
[2023-07-05T13:05:47.784+0000] {logging_mixin.py:149} INFO - [2023-07-05T13:05:47.784+0000] {dag.py:3490} INFO - Setting next_dagrun for example_sensor_decorator to None, run_after=None
[2023-07-05T13:05:47.812+0000] {processor.py:179} INFO - Processing /home/airflow/.local/lib/python3.7/site-packages/airflow/example_dags/example_sensor_decorator.py took 0.112 seconds
[2023-07-05T13:06:18.162+0000] {processor.py:157} INFO - Started process (PID=1871) to work on /home/airflow/.local/lib/python3.7/site-packages/airflow/example_dags/example_sensor_decorator.py
[2023-07-05T13:06:18.164+0000] {processor.py:826} INFO - Processing file /home/airflow/.local/lib/python3.7/site-packages/airflow/example_dags/example_sensor_decorator.py for tasks to queue
[2023-07-05T13:06:18.165+0000] {logging_mixin.py:149} INFO - [2023-07-05T13:06:18.164+0000] {dagbag.py:541} INFO - Filling up the DagBag from /home/airflow/.local/lib/python3.7/site-packages/airflow/example_dags/example_sensor_decorator.py
[2023-07-05T13:06:18.186+0000] {processor.py:836} INFO - DAG(s) dict_keys(['example_sensor_decorator']) retrieved from /home/airflow/.local/lib/python3.7/site-packages/airflow/example_dags/example_sensor_decorator.py
[2023-07-05T13:06:18.221+0000] {logging_mixin.py:149} INFO - [2023-07-05T13:06:18.221+0000] {dag.py:2726} INFO - Sync 1 DAGs
[2023-07-05T13:06:18.256+0000] {logging_mixin.py:149} INFO - [2023-07-05T13:06:18.256+0000] {dag.py:3490} INFO - Setting next_dagrun for example_sensor_decorator to None, run_after=None
[2023-07-05T13:06:18.281+0000] {processor.py:179} INFO - Processing /home/airflow/.local/lib/python3.7/site-packages/airflow/example_dags/example_sensor_decorator.py took 0.122 seconds
[2023-07-05T13:06:48.469+0000] {processor.py:157} INFO - Started process (PID=1928) to work on /home/airflow/.local/lib/python3.7/site-packages/airflow/example_dags/example_sensor_decorator.py
[2023-07-05T13:06:48.471+0000] {processor.py:826} INFO - Processing file /home/airflow/.local/lib/python3.7/site-packages/airflow/example_dags/example_sensor_decorator.py for tasks to queue
[2023-07-05T13:06:48.471+0000] {logging_mixin.py:149} INFO - [2023-07-05T13:06:48.471+0000] {dagbag.py:541} INFO - Filling up the DagBag from /home/airflow/.local/lib/python3.7/site-packages/airflow/example_dags/example_sensor_decorator.py
[2023-07-05T13:06:48.479+0000] {processor.py:836} INFO - DAG(s) dict_keys(['example_sensor_decorator']) retrieved from /home/airflow/.local/lib/python3.7/site-packages/airflow/example_dags/example_sensor_decorator.py
[2023-07-05T13:06:48.511+0000] {logging_mixin.py:149} INFO - [2023-07-05T13:06:48.511+0000] {dag.py:2726} INFO - Sync 1 DAGs
[2023-07-05T13:06:48.543+0000] {logging_mixin.py:149} INFO - [2023-07-05T13:06:48.543+0000] {dag.py:3490} INFO - Setting next_dagrun for example_sensor_decorator to None, run_after=None
[2023-07-05T13:06:48.570+0000] {processor.py:179} INFO - Processing /home/airflow/.local/lib/python3.7/site-packages/airflow/example_dags/example_sensor_decorator.py took 0.105 seconds
[2023-07-05T13:07:18.830+0000] {processor.py:157} INFO - Started process (PID=1992) to work on /home/airflow/.local/lib/python3.7/site-packages/airflow/example_dags/example_sensor_decorator.py
[2023-07-05T13:07:18.832+0000] {processor.py:826} INFO - Processing file /home/airflow/.local/lib/python3.7/site-packages/airflow/example_dags/example_sensor_decorator.py for tasks to queue
[2023-07-05T13:07:18.833+0000] {logging_mixin.py:149} INFO - [2023-07-05T13:07:18.833+0000] {dagbag.py:541} INFO - Filling up the DagBag from /home/airflow/.local/lib/python3.7/site-packages/airflow/example_dags/example_sensor_decorator.py
[2023-07-05T13:07:18.840+0000] {processor.py:836} INFO - DAG(s) dict_keys(['example_sensor_decorator']) retrieved from /home/airflow/.local/lib/python3.7/site-packages/airflow/example_dags/example_sensor_decorator.py
[2023-07-05T13:07:18.874+0000] {logging_mixin.py:149} INFO - [2023-07-05T13:07:18.874+0000] {dag.py:2726} INFO - Sync 1 DAGs
[2023-07-05T13:07:18.912+0000] {logging_mixin.py:149} INFO - [2023-07-05T13:07:18.912+0000] {dag.py:3490} INFO - Setting next_dagrun for example_sensor_decorator to None, run_after=None
[2023-07-05T13:07:18.939+0000] {processor.py:179} INFO - Processing /home/airflow/.local/lib/python3.7/site-packages/airflow/example_dags/example_sensor_decorator.py took 0.114 seconds
[2023-07-05T13:07:49.151+0000] {processor.py:157} INFO - Started process (PID=2048) to work on /home/airflow/.local/lib/python3.7/site-packages/airflow/example_dags/example_sensor_decorator.py
[2023-07-05T13:07:49.152+0000] {processor.py:826} INFO - Processing file /home/airflow/.local/lib/python3.7/site-packages/airflow/example_dags/example_sensor_decorator.py for tasks to queue
[2023-07-05T13:07:49.153+0000] {logging_mixin.py:149} INFO - [2023-07-05T13:07:49.153+0000] {dagbag.py:541} INFO - Filling up the DagBag from /home/airflow/.local/lib/python3.7/site-packages/airflow/example_dags/example_sensor_decorator.py
[2023-07-05T13:07:49.171+0000] {processor.py:836} INFO - DAG(s) dict_keys(['example_sensor_decorator']) retrieved from /home/airflow/.local/lib/python3.7/site-packages/airflow/example_dags/example_sensor_decorator.py
[2023-07-05T13:07:49.212+0000] {logging_mixin.py:149} INFO - [2023-07-05T13:07:49.211+0000] {dag.py:2726} INFO - Sync 1 DAGs
[2023-07-05T13:07:49.253+0000] {logging_mixin.py:149} INFO - [2023-07-05T13:07:49.253+0000] {dag.py:3490} INFO - Setting next_dagrun for example_sensor_decorator to None, run_after=None
[2023-07-05T13:07:49.300+0000] {processor.py:179} INFO - Processing /home/airflow/.local/lib/python3.7/site-packages/airflow/example_dags/example_sensor_decorator.py took 0.156 seconds
[2023-07-05T13:08:19.412+0000] {processor.py:157} INFO - Started process (PID=2105) to work on /home/airflow/.local/lib/python3.7/site-packages/airflow/example_dags/example_sensor_decorator.py
[2023-07-05T13:08:19.414+0000] {processor.py:826} INFO - Processing file /home/airflow/.local/lib/python3.7/site-packages/airflow/example_dags/example_sensor_decorator.py for tasks to queue
[2023-07-05T13:08:19.415+0000] {logging_mixin.py:149} INFO - [2023-07-05T13:08:19.415+0000] {dagbag.py:541} INFO - Filling up the DagBag from /home/airflow/.local/lib/python3.7/site-packages/airflow/example_dags/example_sensor_decorator.py
[2023-07-05T13:08:19.422+0000] {processor.py:836} INFO - DAG(s) dict_keys(['example_sensor_decorator']) retrieved from /home/airflow/.local/lib/python3.7/site-packages/airflow/example_dags/example_sensor_decorator.py
[2023-07-05T13:08:19.454+0000] {logging_mixin.py:149} INFO - [2023-07-05T13:08:19.454+0000] {dag.py:2726} INFO - Sync 1 DAGs
[2023-07-05T13:08:19.485+0000] {logging_mixin.py:149} INFO - [2023-07-05T13:08:19.485+0000] {dag.py:3490} INFO - Setting next_dagrun for example_sensor_decorator to None, run_after=None
[2023-07-05T13:08:19.516+0000] {processor.py:179} INFO - Processing /home/airflow/.local/lib/python3.7/site-packages/airflow/example_dags/example_sensor_decorator.py took 0.108 seconds
[2023-07-05T13:08:49.836+0000] {processor.py:157} INFO - Started process (PID=2161) to work on /home/airflow/.local/lib/python3.7/site-packages/airflow/example_dags/example_sensor_decorator.py
[2023-07-05T13:08:49.837+0000] {processor.py:826} INFO - Processing file /home/airflow/.local/lib/python3.7/site-packages/airflow/example_dags/example_sensor_decorator.py for tasks to queue
[2023-07-05T13:08:49.838+0000] {logging_mixin.py:149} INFO - [2023-07-05T13:08:49.838+0000] {dagbag.py:541} INFO - Filling up the DagBag from /home/airflow/.local/lib/python3.7/site-packages/airflow/example_dags/example_sensor_decorator.py
[2023-07-05T13:08:49.846+0000] {processor.py:836} INFO - DAG(s) dict_keys(['example_sensor_decorator']) retrieved from /home/airflow/.local/lib/python3.7/site-packages/airflow/example_dags/example_sensor_decorator.py
[2023-07-05T13:08:49.881+0000] {logging_mixin.py:149} INFO - [2023-07-05T13:08:49.880+0000] {dag.py:2726} INFO - Sync 1 DAGs
[2023-07-05T13:08:49.918+0000] {logging_mixin.py:149} INFO - [2023-07-05T13:08:49.918+0000] {dag.py:3490} INFO - Setting next_dagrun for example_sensor_decorator to None, run_after=None
[2023-07-05T13:08:49.944+0000] {processor.py:179} INFO - Processing /home/airflow/.local/lib/python3.7/site-packages/airflow/example_dags/example_sensor_decorator.py took 0.112 seconds
[2023-07-05T13:09:20.357+0000] {processor.py:157} INFO - Started process (PID=2218) to work on /home/airflow/.local/lib/python3.7/site-packages/airflow/example_dags/example_sensor_decorator.py
[2023-07-05T13:09:20.358+0000] {processor.py:826} INFO - Processing file /home/airflow/.local/lib/python3.7/site-packages/airflow/example_dags/example_sensor_decorator.py for tasks to queue
[2023-07-05T13:09:20.359+0000] {logging_mixin.py:149} INFO - [2023-07-05T13:09:20.359+0000] {dagbag.py:541} INFO - Filling up the DagBag from /home/airflow/.local/lib/python3.7/site-packages/airflow/example_dags/example_sensor_decorator.py
[2023-07-05T13:09:20.365+0000] {processor.py:836} INFO - DAG(s) dict_keys(['example_sensor_decorator']) retrieved from /home/airflow/.local/lib/python3.7/site-packages/airflow/example_dags/example_sensor_decorator.py
[2023-07-05T13:09:20.394+0000] {logging_mixin.py:149} INFO - [2023-07-05T13:09:20.394+0000] {dag.py:2726} INFO - Sync 1 DAGs
[2023-07-05T13:09:20.432+0000] {logging_mixin.py:149} INFO - [2023-07-05T13:09:20.432+0000] {dag.py:3490} INFO - Setting next_dagrun for example_sensor_decorator to None, run_after=None
[2023-07-05T13:09:20.477+0000] {processor.py:179} INFO - Processing /home/airflow/.local/lib/python3.7/site-packages/airflow/example_dags/example_sensor_decorator.py took 0.124 seconds
[2023-07-05T13:09:50.645+0000] {processor.py:157} INFO - Started process (PID=2275) to work on /home/airflow/.local/lib/python3.7/site-packages/airflow/example_dags/example_sensor_decorator.py
[2023-07-05T13:09:50.646+0000] {processor.py:826} INFO - Processing file /home/airflow/.local/lib/python3.7/site-packages/airflow/example_dags/example_sensor_decorator.py for tasks to queue
[2023-07-05T13:09:50.647+0000] {logging_mixin.py:149} INFO - [2023-07-05T13:09:50.647+0000] {dagbag.py:541} INFO - Filling up the DagBag from /home/airflow/.local/lib/python3.7/site-packages/airflow/example_dags/example_sensor_decorator.py
[2023-07-05T13:09:50.657+0000] {processor.py:836} INFO - DAG(s) dict_keys(['example_sensor_decorator']) retrieved from /home/airflow/.local/lib/python3.7/site-packages/airflow/example_dags/example_sensor_decorator.py
[2023-07-05T13:09:50.702+0000] {logging_mixin.py:149} INFO - [2023-07-05T13:09:50.701+0000] {dag.py:2726} INFO - Sync 1 DAGs
[2023-07-05T13:09:50.746+0000] {logging_mixin.py:149} INFO - [2023-07-05T13:09:50.745+0000] {dag.py:3490} INFO - Setting next_dagrun for example_sensor_decorator to None, run_after=None
[2023-07-05T13:09:50.773+0000] {processor.py:179} INFO - Processing /home/airflow/.local/lib/python3.7/site-packages/airflow/example_dags/example_sensor_decorator.py took 0.131 seconds
[2023-07-05T13:10:21.054+0000] {processor.py:157} INFO - Started process (PID=2332) to work on /home/airflow/.local/lib/python3.7/site-packages/airflow/example_dags/example_sensor_decorator.py
[2023-07-05T13:10:21.055+0000] {processor.py:826} INFO - Processing file /home/airflow/.local/lib/python3.7/site-packages/airflow/example_dags/example_sensor_decorator.py for tasks to queue
[2023-07-05T13:10:21.056+0000] {logging_mixin.py:149} INFO - [2023-07-05T13:10:21.056+0000] {dagbag.py:541} INFO - Filling up the DagBag from /home/airflow/.local/lib/python3.7/site-packages/airflow/example_dags/example_sensor_decorator.py
[2023-07-05T13:10:21.063+0000] {processor.py:836} INFO - DAG(s) dict_keys(['example_sensor_decorator']) retrieved from /home/airflow/.local/lib/python3.7/site-packages/airflow/example_dags/example_sensor_decorator.py
[2023-07-05T13:10:21.096+0000] {logging_mixin.py:149} INFO - [2023-07-05T13:10:21.096+0000] {dag.py:2726} INFO - Sync 1 DAGs
[2023-07-05T13:10:21.138+0000] {logging_mixin.py:149} INFO - [2023-07-05T13:10:21.138+0000] {dag.py:3490} INFO - Setting next_dagrun for example_sensor_decorator to None, run_after=None
[2023-07-05T13:10:21.167+0000] {processor.py:179} INFO - Processing /home/airflow/.local/lib/python3.7/site-packages/airflow/example_dags/example_sensor_decorator.py took 0.117 seconds
[2023-07-05T13:10:51.466+0000] {processor.py:157} INFO - Started process (PID=2389) to work on /home/airflow/.local/lib/python3.7/site-packages/airflow/example_dags/example_sensor_decorator.py
[2023-07-05T13:10:51.467+0000] {processor.py:826} INFO - Processing file /home/airflow/.local/lib/python3.7/site-packages/airflow/example_dags/example_sensor_decorator.py for tasks to queue
[2023-07-05T13:10:51.468+0000] {logging_mixin.py:149} INFO - [2023-07-05T13:10:51.467+0000] {dagbag.py:541} INFO - Filling up the DagBag from /home/airflow/.local/lib/python3.7/site-packages/airflow/example_dags/example_sensor_decorator.py
[2023-07-05T13:10:51.474+0000] {processor.py:836} INFO - DAG(s) dict_keys(['example_sensor_decorator']) retrieved from /home/airflow/.local/lib/python3.7/site-packages/airflow/example_dags/example_sensor_decorator.py
[2023-07-05T13:10:51.512+0000] {logging_mixin.py:149} INFO - [2023-07-05T13:10:51.511+0000] {dag.py:2726} INFO - Sync 1 DAGs
[2023-07-05T13:10:51.553+0000] {logging_mixin.py:149} INFO - [2023-07-05T13:10:51.553+0000] {dag.py:3490} INFO - Setting next_dagrun for example_sensor_decorator to None, run_after=None
[2023-07-05T13:10:51.597+0000] {processor.py:179} INFO - Processing /home/airflow/.local/lib/python3.7/site-packages/airflow/example_dags/example_sensor_decorator.py took 0.135 seconds
[2023-07-05T13:11:21.809+0000] {processor.py:157} INFO - Started process (PID=2446) to work on /home/airflow/.local/lib/python3.7/site-packages/airflow/example_dags/example_sensor_decorator.py
[2023-07-05T13:11:21.811+0000] {processor.py:826} INFO - Processing file /home/airflow/.local/lib/python3.7/site-packages/airflow/example_dags/example_sensor_decorator.py for tasks to queue
[2023-07-05T13:11:21.812+0000] {logging_mixin.py:149} INFO - [2023-07-05T13:11:21.812+0000] {dagbag.py:541} INFO - Filling up the DagBag from /home/airflow/.local/lib/python3.7/site-packages/airflow/example_dags/example_sensor_decorator.py
[2023-07-05T13:11:21.819+0000] {processor.py:836} INFO - DAG(s) dict_keys(['example_sensor_decorator']) retrieved from /home/airflow/.local/lib/python3.7/site-packages/airflow/example_dags/example_sensor_decorator.py
[2023-07-05T13:11:21.848+0000] {logging_mixin.py:149} INFO - [2023-07-05T13:11:21.848+0000] {dag.py:2726} INFO - Sync 1 DAGs
[2023-07-05T13:11:21.883+0000] {logging_mixin.py:149} INFO - [2023-07-05T13:11:21.883+0000] {dag.py:3490} INFO - Setting next_dagrun for example_sensor_decorator to None, run_after=None
[2023-07-05T13:11:21.912+0000] {processor.py:179} INFO - Processing /home/airflow/.local/lib/python3.7/site-packages/airflow/example_dags/example_sensor_decorator.py took 0.107 seconds
[2023-07-05T13:11:52.201+0000] {processor.py:157} INFO - Started process (PID=2503) to work on /home/airflow/.local/lib/python3.7/site-packages/airflow/example_dags/example_sensor_decorator.py
[2023-07-05T13:11:52.202+0000] {processor.py:826} INFO - Processing file /home/airflow/.local/lib/python3.7/site-packages/airflow/example_dags/example_sensor_decorator.py for tasks to queue
[2023-07-05T13:11:52.203+0000] {logging_mixin.py:149} INFO - [2023-07-05T13:11:52.203+0000] {dagbag.py:541} INFO - Filling up the DagBag from /home/airflow/.local/lib/python3.7/site-packages/airflow/example_dags/example_sensor_decorator.py
[2023-07-05T13:11:52.211+0000] {processor.py:836} INFO - DAG(s) dict_keys(['example_sensor_decorator']) retrieved from /home/airflow/.local/lib/python3.7/site-packages/airflow/example_dags/example_sensor_decorator.py
[2023-07-05T13:11:52.240+0000] {logging_mixin.py:149} INFO - [2023-07-05T13:11:52.240+0000] {dag.py:2726} INFO - Sync 1 DAGs
[2023-07-05T13:11:52.282+0000] {logging_mixin.py:149} INFO - [2023-07-05T13:11:52.282+0000] {dag.py:3490} INFO - Setting next_dagrun for example_sensor_decorator to None, run_after=None
[2023-07-05T13:11:52.306+0000] {processor.py:179} INFO - Processing /home/airflow/.local/lib/python3.7/site-packages/airflow/example_dags/example_sensor_decorator.py took 0.108 seconds
[2023-07-05T13:12:22.944+0000] {processor.py:157} INFO - Started process (PID=2560) to work on /home/airflow/.local/lib/python3.7/site-packages/airflow/example_dags/example_sensor_decorator.py
[2023-07-05T13:12:22.945+0000] {processor.py:826} INFO - Processing file /home/airflow/.local/lib/python3.7/site-packages/airflow/example_dags/example_sensor_decorator.py for tasks to queue
[2023-07-05T13:12:22.946+0000] {logging_mixin.py:149} INFO - [2023-07-05T13:12:22.945+0000] {dagbag.py:541} INFO - Filling up the DagBag from /home/airflow/.local/lib/python3.7/site-packages/airflow/example_dags/example_sensor_decorator.py
[2023-07-05T13:12:22.953+0000] {processor.py:836} INFO - DAG(s) dict_keys(['example_sensor_decorator']) retrieved from /home/airflow/.local/lib/python3.7/site-packages/airflow/example_dags/example_sensor_decorator.py
[2023-07-05T13:12:22.986+0000] {logging_mixin.py:149} INFO - [2023-07-05T13:12:22.986+0000] {dag.py:2726} INFO - Sync 1 DAGs
[2023-07-05T13:12:23.026+0000] {logging_mixin.py:149} INFO - [2023-07-05T13:12:23.025+0000] {dag.py:3490} INFO - Setting next_dagrun for example_sensor_decorator to None, run_after=None
[2023-07-05T13:12:23.057+0000] {processor.py:179} INFO - Processing /home/airflow/.local/lib/python3.7/site-packages/airflow/example_dags/example_sensor_decorator.py took 0.119 seconds
[2023-07-05T13:12:53.180+0000] {processor.py:157} INFO - Started process (PID=2617) to work on /home/airflow/.local/lib/python3.7/site-packages/airflow/example_dags/example_sensor_decorator.py
[2023-07-05T13:12:53.181+0000] {processor.py:826} INFO - Processing file /home/airflow/.local/lib/python3.7/site-packages/airflow/example_dags/example_sensor_decorator.py for tasks to queue
[2023-07-05T13:12:53.182+0000] {logging_mixin.py:149} INFO - [2023-07-05T13:12:53.182+0000] {dagbag.py:541} INFO - Filling up the DagBag from /home/airflow/.local/lib/python3.7/site-packages/airflow/example_dags/example_sensor_decorator.py
[2023-07-05T13:12:53.189+0000] {processor.py:836} INFO - DAG(s) dict_keys(['example_sensor_decorator']) retrieved from /home/airflow/.local/lib/python3.7/site-packages/airflow/example_dags/example_sensor_decorator.py
[2023-07-05T13:12:53.226+0000] {logging_mixin.py:149} INFO - [2023-07-05T13:12:53.225+0000] {dag.py:2726} INFO - Sync 1 DAGs
[2023-07-05T13:12:53.260+0000] {logging_mixin.py:149} INFO - [2023-07-05T13:12:53.260+0000] {dag.py:3490} INFO - Setting next_dagrun for example_sensor_decorator to None, run_after=None
[2023-07-05T13:12:53.288+0000] {processor.py:179} INFO - Processing /home/airflow/.local/lib/python3.7/site-packages/airflow/example_dags/example_sensor_decorator.py took 0.112 seconds
[2023-07-05T13:13:23.666+0000] {processor.py:157} INFO - Started process (PID=2674) to work on /home/airflow/.local/lib/python3.7/site-packages/airflow/example_dags/example_sensor_decorator.py
[2023-07-05T13:13:23.668+0000] {processor.py:826} INFO - Processing file /home/airflow/.local/lib/python3.7/site-packages/airflow/example_dags/example_sensor_decorator.py for tasks to queue
[2023-07-05T13:13:23.669+0000] {logging_mixin.py:149} INFO - [2023-07-05T13:13:23.669+0000] {dagbag.py:541} INFO - Filling up the DagBag from /home/airflow/.local/lib/python3.7/site-packages/airflow/example_dags/example_sensor_decorator.py
[2023-07-05T13:13:23.676+0000] {processor.py:836} INFO - DAG(s) dict_keys(['example_sensor_decorator']) retrieved from /home/airflow/.local/lib/python3.7/site-packages/airflow/example_dags/example_sensor_decorator.py
[2023-07-05T13:13:23.709+0000] {logging_mixin.py:149} INFO - [2023-07-05T13:13:23.709+0000] {dag.py:2726} INFO - Sync 1 DAGs
[2023-07-05T13:13:23.748+0000] {logging_mixin.py:149} INFO - [2023-07-05T13:13:23.747+0000] {dag.py:3490} INFO - Setting next_dagrun for example_sensor_decorator to None, run_after=None
[2023-07-05T13:13:23.773+0000] {processor.py:179} INFO - Processing /home/airflow/.local/lib/python3.7/site-packages/airflow/example_dags/example_sensor_decorator.py took 0.110 seconds
[2023-07-05T13:13:53.934+0000] {processor.py:157} INFO - Started process (PID=2732) to work on /home/airflow/.local/lib/python3.7/site-packages/airflow/example_dags/example_sensor_decorator.py
[2023-07-05T13:13:53.936+0000] {processor.py:826} INFO - Processing file /home/airflow/.local/lib/python3.7/site-packages/airflow/example_dags/example_sensor_decorator.py for tasks to queue
[2023-07-05T13:13:53.936+0000] {logging_mixin.py:149} INFO - [2023-07-05T13:13:53.936+0000] {dagbag.py:541} INFO - Filling up the DagBag from /home/airflow/.local/lib/python3.7/site-packages/airflow/example_dags/example_sensor_decorator.py
[2023-07-05T13:13:53.946+0000] {processor.py:836} INFO - DAG(s) dict_keys(['example_sensor_decorator']) retrieved from /home/airflow/.local/lib/python3.7/site-packages/airflow/example_dags/example_sensor_decorator.py
[2023-07-05T13:13:54.001+0000] {logging_mixin.py:149} INFO - [2023-07-05T13:13:54.000+0000] {dag.py:2726} INFO - Sync 1 DAGs
[2023-07-05T13:13:54.047+0000] {logging_mixin.py:149} INFO - [2023-07-05T13:13:54.047+0000] {dag.py:3490} INFO - Setting next_dagrun for example_sensor_decorator to None, run_after=None
[2023-07-05T13:13:54.084+0000] {processor.py:179} INFO - Processing /home/airflow/.local/lib/python3.7/site-packages/airflow/example_dags/example_sensor_decorator.py took 0.155 seconds
[2023-07-05T13:14:24.327+0000] {processor.py:157} INFO - Started process (PID=2789) to work on /home/airflow/.local/lib/python3.7/site-packages/airflow/example_dags/example_sensor_decorator.py
[2023-07-05T13:14:24.328+0000] {processor.py:826} INFO - Processing file /home/airflow/.local/lib/python3.7/site-packages/airflow/example_dags/example_sensor_decorator.py for tasks to queue
[2023-07-05T13:14:24.329+0000] {logging_mixin.py:149} INFO - [2023-07-05T13:14:24.329+0000] {dagbag.py:541} INFO - Filling up the DagBag from /home/airflow/.local/lib/python3.7/site-packages/airflow/example_dags/example_sensor_decorator.py
[2023-07-05T13:14:24.335+0000] {processor.py:836} INFO - DAG(s) dict_keys(['example_sensor_decorator']) retrieved from /home/airflow/.local/lib/python3.7/site-packages/airflow/example_dags/example_sensor_decorator.py
[2023-07-05T13:14:24.368+0000] {logging_mixin.py:149} INFO - [2023-07-05T13:14:24.367+0000] {dag.py:2726} INFO - Sync 1 DAGs
[2023-07-05T13:14:24.410+0000] {logging_mixin.py:149} INFO - [2023-07-05T13:14:24.409+0000] {dag.py:3490} INFO - Setting next_dagrun for example_sensor_decorator to None, run_after=None
[2023-07-05T13:14:24.442+0000] {processor.py:179} INFO - Processing /home/airflow/.local/lib/python3.7/site-packages/airflow/example_dags/example_sensor_decorator.py took 0.118 seconds
[2023-07-05T13:14:54.678+0000] {processor.py:157} INFO - Started process (PID=2845) to work on /home/airflow/.local/lib/python3.7/site-packages/airflow/example_dags/example_sensor_decorator.py
[2023-07-05T13:14:54.679+0000] {processor.py:826} INFO - Processing file /home/airflow/.local/lib/python3.7/site-packages/airflow/example_dags/example_sensor_decorator.py for tasks to queue
[2023-07-05T13:14:54.679+0000] {logging_mixin.py:149} INFO - [2023-07-05T13:14:54.679+0000] {dagbag.py:541} INFO - Filling up the DagBag from /home/airflow/.local/lib/python3.7/site-packages/airflow/example_dags/example_sensor_decorator.py
[2023-07-05T13:14:54.685+0000] {processor.py:836} INFO - DAG(s) dict_keys(['example_sensor_decorator']) retrieved from /home/airflow/.local/lib/python3.7/site-packages/airflow/example_dags/example_sensor_decorator.py
[2023-07-05T13:14:54.718+0000] {logging_mixin.py:149} INFO - [2023-07-05T13:14:54.718+0000] {dag.py:2726} INFO - Sync 1 DAGs
[2023-07-05T13:14:54.753+0000] {logging_mixin.py:149} INFO - [2023-07-05T13:14:54.753+0000] {dag.py:3490} INFO - Setting next_dagrun for example_sensor_decorator to None, run_after=None
[2023-07-05T13:14:54.780+0000] {processor.py:179} INFO - Processing /home/airflow/.local/lib/python3.7/site-packages/airflow/example_dags/example_sensor_decorator.py took 0.106 seconds
[2023-07-05T13:15:25.129+0000] {processor.py:157} INFO - Started process (PID=2902) to work on /home/airflow/.local/lib/python3.7/site-packages/airflow/example_dags/example_sensor_decorator.py
[2023-07-05T13:15:25.130+0000] {processor.py:826} INFO - Processing file /home/airflow/.local/lib/python3.7/site-packages/airflow/example_dags/example_sensor_decorator.py for tasks to queue
[2023-07-05T13:15:25.131+0000] {logging_mixin.py:149} INFO - [2023-07-05T13:15:25.131+0000] {dagbag.py:541} INFO - Filling up the DagBag from /home/airflow/.local/lib/python3.7/site-packages/airflow/example_dags/example_sensor_decorator.py
[2023-07-05T13:15:25.138+0000] {processor.py:836} INFO - DAG(s) dict_keys(['example_sensor_decorator']) retrieved from /home/airflow/.local/lib/python3.7/site-packages/airflow/example_dags/example_sensor_decorator.py
[2023-07-05T13:15:25.174+0000] {logging_mixin.py:149} INFO - [2023-07-05T13:15:25.174+0000] {dag.py:2726} INFO - Sync 1 DAGs
[2023-07-05T13:15:25.218+0000] {logging_mixin.py:149} INFO - [2023-07-05T13:15:25.217+0000] {dag.py:3490} INFO - Setting next_dagrun for example_sensor_decorator to None, run_after=None
[2023-07-05T13:15:25.248+0000] {processor.py:179} INFO - Processing /home/airflow/.local/lib/python3.7/site-packages/airflow/example_dags/example_sensor_decorator.py took 0.123 seconds
[2023-07-05T13:15:55.434+0000] {processor.py:157} INFO - Started process (PID=2959) to work on /home/airflow/.local/lib/python3.7/site-packages/airflow/example_dags/example_sensor_decorator.py
[2023-07-05T13:15:55.436+0000] {processor.py:826} INFO - Processing file /home/airflow/.local/lib/python3.7/site-packages/airflow/example_dags/example_sensor_decorator.py for tasks to queue
[2023-07-05T13:15:55.437+0000] {logging_mixin.py:149} INFO - [2023-07-05T13:15:55.437+0000] {dagbag.py:541} INFO - Filling up the DagBag from /home/airflow/.local/lib/python3.7/site-packages/airflow/example_dags/example_sensor_decorator.py
[2023-07-05T13:15:55.446+0000] {processor.py:836} INFO - DAG(s) dict_keys(['example_sensor_decorator']) retrieved from /home/airflow/.local/lib/python3.7/site-packages/airflow/example_dags/example_sensor_decorator.py
[2023-07-05T13:15:55.480+0000] {logging_mixin.py:149} INFO - [2023-07-05T13:15:55.480+0000] {dag.py:2726} INFO - Sync 1 DAGs
[2023-07-05T13:15:55.516+0000] {logging_mixin.py:149} INFO - [2023-07-05T13:15:55.516+0000] {dag.py:3490} INFO - Setting next_dagrun for example_sensor_decorator to None, run_after=None
[2023-07-05T13:15:55.557+0000] {processor.py:179} INFO - Processing /home/airflow/.local/lib/python3.7/site-packages/airflow/example_dags/example_sensor_decorator.py took 0.127 seconds
[2023-07-05T13:16:25.765+0000] {processor.py:157} INFO - Started process (PID=3015) to work on /home/airflow/.local/lib/python3.7/site-packages/airflow/example_dags/example_sensor_decorator.py
[2023-07-05T13:16:25.766+0000] {processor.py:826} INFO - Processing file /home/airflow/.local/lib/python3.7/site-packages/airflow/example_dags/example_sensor_decorator.py for tasks to queue
[2023-07-05T13:16:25.766+0000] {logging_mixin.py:149} INFO - [2023-07-05T13:16:25.766+0000] {dagbag.py:541} INFO - Filling up the DagBag from /home/airflow/.local/lib/python3.7/site-packages/airflow/example_dags/example_sensor_decorator.py
[2023-07-05T13:16:25.773+0000] {processor.py:836} INFO - DAG(s) dict_keys(['example_sensor_decorator']) retrieved from /home/airflow/.local/lib/python3.7/site-packages/airflow/example_dags/example_sensor_decorator.py
[2023-07-05T13:16:25.805+0000] {logging_mixin.py:149} INFO - [2023-07-05T13:16:25.805+0000] {dag.py:2726} INFO - Sync 1 DAGs
[2023-07-05T13:16:25.840+0000] {logging_mixin.py:149} INFO - [2023-07-05T13:16:25.840+0000] {dag.py:3490} INFO - Setting next_dagrun for example_sensor_decorator to None, run_after=None
[2023-07-05T13:16:25.874+0000] {processor.py:179} INFO - Processing /home/airflow/.local/lib/python3.7/site-packages/airflow/example_dags/example_sensor_decorator.py took 0.113 seconds
[2023-07-05T13:16:56.713+0000] {processor.py:157} INFO - Started process (PID=3067) to work on /home/airflow/.local/lib/python3.7/site-packages/airflow/example_dags/example_sensor_decorator.py
[2023-07-05T13:16:56.715+0000] {processor.py:826} INFO - Processing file /home/airflow/.local/lib/python3.7/site-packages/airflow/example_dags/example_sensor_decorator.py for tasks to queue
[2023-07-05T13:16:56.716+0000] {logging_mixin.py:149} INFO - [2023-07-05T13:16:56.716+0000] {dagbag.py:541} INFO - Filling up the DagBag from /home/airflow/.local/lib/python3.7/site-packages/airflow/example_dags/example_sensor_decorator.py
[2023-07-05T13:16:56.722+0000] {processor.py:836} INFO - DAG(s) dict_keys(['example_sensor_decorator']) retrieved from /home/airflow/.local/lib/python3.7/site-packages/airflow/example_dags/example_sensor_decorator.py
[2023-07-05T13:16:56.754+0000] {logging_mixin.py:149} INFO - [2023-07-05T13:16:56.753+0000] {dag.py:2726} INFO - Sync 1 DAGs
[2023-07-05T13:16:56.792+0000] {logging_mixin.py:149} INFO - [2023-07-05T13:16:56.791+0000] {dag.py:3490} INFO - Setting next_dagrun for example_sensor_decorator to None, run_after=None
[2023-07-05T13:16:56.818+0000] {processor.py:179} INFO - Processing /home/airflow/.local/lib/python3.7/site-packages/airflow/example_dags/example_sensor_decorator.py took 0.108 seconds
[2023-07-05T13:17:27.309+0000] {processor.py:157} INFO - Started process (PID=3124) to work on /home/airflow/.local/lib/python3.7/site-packages/airflow/example_dags/example_sensor_decorator.py
[2023-07-05T13:17:27.311+0000] {processor.py:826} INFO - Processing file /home/airflow/.local/lib/python3.7/site-packages/airflow/example_dags/example_sensor_decorator.py for tasks to queue
[2023-07-05T13:17:27.312+0000] {logging_mixin.py:149} INFO - [2023-07-05T13:17:27.312+0000] {dagbag.py:541} INFO - Filling up the DagBag from /home/airflow/.local/lib/python3.7/site-packages/airflow/example_dags/example_sensor_decorator.py
[2023-07-05T13:17:27.319+0000] {processor.py:836} INFO - DAG(s) dict_keys(['example_sensor_decorator']) retrieved from /home/airflow/.local/lib/python3.7/site-packages/airflow/example_dags/example_sensor_decorator.py
[2023-07-05T13:17:27.356+0000] {logging_mixin.py:149} INFO - [2023-07-05T13:17:27.356+0000] {dag.py:2726} INFO - Sync 1 DAGs
[2023-07-05T13:17:27.400+0000] {logging_mixin.py:149} INFO - [2023-07-05T13:17:27.400+0000] {dag.py:3490} INFO - Setting next_dagrun for example_sensor_decorator to None, run_after=None
[2023-07-05T13:17:27.438+0000] {processor.py:179} INFO - Processing /home/airflow/.local/lib/python3.7/site-packages/airflow/example_dags/example_sensor_decorator.py took 0.133 seconds
[2023-07-05T13:17:57.731+0000] {processor.py:157} INFO - Started process (PID=3181) to work on /home/airflow/.local/lib/python3.7/site-packages/airflow/example_dags/example_sensor_decorator.py
[2023-07-05T13:17:57.732+0000] {processor.py:826} INFO - Processing file /home/airflow/.local/lib/python3.7/site-packages/airflow/example_dags/example_sensor_decorator.py for tasks to queue
[2023-07-05T13:17:57.733+0000] {logging_mixin.py:149} INFO - [2023-07-05T13:17:57.733+0000] {dagbag.py:541} INFO - Filling up the DagBag from /home/airflow/.local/lib/python3.7/site-packages/airflow/example_dags/example_sensor_decorator.py
[2023-07-05T13:17:57.739+0000] {processor.py:836} INFO - DAG(s) dict_keys(['example_sensor_decorator']) retrieved from /home/airflow/.local/lib/python3.7/site-packages/airflow/example_dags/example_sensor_decorator.py
[2023-07-05T13:17:57.770+0000] {logging_mixin.py:149} INFO - [2023-07-05T13:17:57.770+0000] {dag.py:2726} INFO - Sync 1 DAGs
[2023-07-05T13:17:57.810+0000] {logging_mixin.py:149} INFO - [2023-07-05T13:17:57.810+0000] {dag.py:3490} INFO - Setting next_dagrun for example_sensor_decorator to None, run_after=None
[2023-07-05T13:17:57.837+0000] {processor.py:179} INFO - Processing /home/airflow/.local/lib/python3.7/site-packages/airflow/example_dags/example_sensor_decorator.py took 0.110 seconds
