[2023-07-05T12:49:59.505+0000] {processor.py:157} INFO - Started process (PID=64) to work on /home/airflow/.local/lib/python3.7/site-packages/airflow/example_dags/example_dynamic_task_mapping_with_no_taskflow_operators.py
[2023-07-05T12:49:59.513+0000] {processor.py:826} INFO - Processing file /home/airflow/.local/lib/python3.7/site-packages/airflow/example_dags/example_dynamic_task_mapping_with_no_taskflow_operators.py for tasks to queue
[2023-07-05T12:49:59.517+0000] {logging_mixin.py:149} INFO - [2023-07-05T12:49:59.517+0000] {dagbag.py:541} INFO - Filling up the DagBag from /home/airflow/.local/lib/python3.7/site-packages/airflow/example_dags/example_dynamic_task_mapping_with_no_taskflow_operators.py
[2023-07-05T12:49:59.584+0000] {processor.py:836} INFO - DAG(s) dict_keys(['example_dynamic_task_mapping_with_no_taskflow_operators']) retrieved from /home/airflow/.local/lib/python3.7/site-packages/airflow/example_dags/example_dynamic_task_mapping_with_no_taskflow_operators.py
[2023-07-05T12:49:59.662+0000] {logging_mixin.py:149} INFO - [2023-07-05T12:49:59.662+0000] {dag.py:2726} INFO - Sync 1 DAGs
[2023-07-05T12:49:59.760+0000] {logging_mixin.py:149} INFO - [2023-07-05T12:49:59.759+0000] {dag.py:3490} INFO - Setting next_dagrun for example_dynamic_task_mapping_with_no_taskflow_operators to 2023-07-04T12:49:59.758061+00:00, run_after=2023-07-05T12:49:59.758061+00:00
[2023-07-05T12:49:59.827+0000] {processor.py:179} INFO - Processing /home/airflow/.local/lib/python3.7/site-packages/airflow/example_dags/example_dynamic_task_mapping_with_no_taskflow_operators.py took 0.362 seconds
[2023-07-05T12:50:33.450+0000] {processor.py:157} INFO - Started process (PID=121) to work on /home/airflow/.local/lib/python3.7/site-packages/airflow/example_dags/example_dynamic_task_mapping_with_no_taskflow_operators.py
[2023-07-05T12:50:33.452+0000] {processor.py:826} INFO - Processing file /home/airflow/.local/lib/python3.7/site-packages/airflow/example_dags/example_dynamic_task_mapping_with_no_taskflow_operators.py for tasks to queue
[2023-07-05T12:50:33.453+0000] {logging_mixin.py:149} INFO - [2023-07-05T12:50:33.453+0000] {dagbag.py:541} INFO - Filling up the DagBag from /home/airflow/.local/lib/python3.7/site-packages/airflow/example_dags/example_dynamic_task_mapping_with_no_taskflow_operators.py
[2023-07-05T12:50:33.461+0000] {processor.py:836} INFO - DAG(s) dict_keys(['example_dynamic_task_mapping_with_no_taskflow_operators']) retrieved from /home/airflow/.local/lib/python3.7/site-packages/airflow/example_dags/example_dynamic_task_mapping_with_no_taskflow_operators.py
[2023-07-05T12:50:33.489+0000] {logging_mixin.py:149} INFO - [2023-07-05T12:50:33.488+0000] {dag.py:2726} INFO - Sync 1 DAGs
[2023-07-05T12:50:33.524+0000] {logging_mixin.py:149} INFO - [2023-07-05T12:50:33.524+0000] {dag.py:3490} INFO - Setting next_dagrun for example_dynamic_task_mapping_with_no_taskflow_operators to 2023-07-04T12:50:33.523818+00:00, run_after=2023-07-05T12:50:33.523818+00:00
[2023-07-05T12:50:33.551+0000] {processor.py:179} INFO - Processing /home/airflow/.local/lib/python3.7/site-packages/airflow/example_dags/example_dynamic_task_mapping_with_no_taskflow_operators.py took 0.104 seconds
[2023-07-05T12:51:04.575+0000] {processor.py:157} INFO - Started process (PID=179) to work on /home/airflow/.local/lib/python3.7/site-packages/airflow/example_dags/example_dynamic_task_mapping_with_no_taskflow_operators.py
[2023-07-05T12:51:04.576+0000] {processor.py:826} INFO - Processing file /home/airflow/.local/lib/python3.7/site-packages/airflow/example_dags/example_dynamic_task_mapping_with_no_taskflow_operators.py for tasks to queue
[2023-07-05T12:51:04.577+0000] {logging_mixin.py:149} INFO - [2023-07-05T12:51:04.577+0000] {dagbag.py:541} INFO - Filling up the DagBag from /home/airflow/.local/lib/python3.7/site-packages/airflow/example_dags/example_dynamic_task_mapping_with_no_taskflow_operators.py
[2023-07-05T12:51:04.584+0000] {processor.py:836} INFO - DAG(s) dict_keys(['example_dynamic_task_mapping_with_no_taskflow_operators']) retrieved from /home/airflow/.local/lib/python3.7/site-packages/airflow/example_dags/example_dynamic_task_mapping_with_no_taskflow_operators.py
[2023-07-05T12:51:04.619+0000] {logging_mixin.py:149} INFO - [2023-07-05T12:51:04.619+0000] {dag.py:2726} INFO - Sync 1 DAGs
[2023-07-05T12:51:04.665+0000] {logging_mixin.py:149} INFO - [2023-07-05T12:51:04.659+0000] {dag.py:3490} INFO - Setting next_dagrun for example_dynamic_task_mapping_with_no_taskflow_operators to 2023-07-04T12:51:04.659281+00:00, run_after=2023-07-05T12:51:04.659281+00:00
[2023-07-05T12:51:04.699+0000] {processor.py:179} INFO - Processing /home/airflow/.local/lib/python3.7/site-packages/airflow/example_dags/example_dynamic_task_mapping_with_no_taskflow_operators.py took 0.127 seconds
[2023-07-05T12:51:35.926+0000] {processor.py:157} INFO - Started process (PID=236) to work on /home/airflow/.local/lib/python3.7/site-packages/airflow/example_dags/example_dynamic_task_mapping_with_no_taskflow_operators.py
[2023-07-05T12:51:35.928+0000] {processor.py:826} INFO - Processing file /home/airflow/.local/lib/python3.7/site-packages/airflow/example_dags/example_dynamic_task_mapping_with_no_taskflow_operators.py for tasks to queue
[2023-07-05T12:51:35.929+0000] {logging_mixin.py:149} INFO - [2023-07-05T12:51:35.929+0000] {dagbag.py:541} INFO - Filling up the DagBag from /home/airflow/.local/lib/python3.7/site-packages/airflow/example_dags/example_dynamic_task_mapping_with_no_taskflow_operators.py
[2023-07-05T12:51:35.936+0000] {processor.py:836} INFO - DAG(s) dict_keys(['example_dynamic_task_mapping_with_no_taskflow_operators']) retrieved from /home/airflow/.local/lib/python3.7/site-packages/airflow/example_dags/example_dynamic_task_mapping_with_no_taskflow_operators.py
[2023-07-05T12:51:35.966+0000] {logging_mixin.py:149} INFO - [2023-07-05T12:51:35.966+0000] {dag.py:2726} INFO - Sync 1 DAGs
[2023-07-05T12:51:36.004+0000] {logging_mixin.py:149} INFO - [2023-07-05T12:51:36.004+0000] {dag.py:3490} INFO - Setting next_dagrun for example_dynamic_task_mapping_with_no_taskflow_operators to 2023-07-04T12:51:36.003824+00:00, run_after=2023-07-05T12:51:36.003824+00:00
[2023-07-05T12:51:36.049+0000] {processor.py:179} INFO - Processing /home/airflow/.local/lib/python3.7/site-packages/airflow/example_dags/example_dynamic_task_mapping_with_no_taskflow_operators.py took 0.127 seconds
[2023-07-05T12:52:07.101+0000] {processor.py:157} INFO - Started process (PID=293) to work on /home/airflow/.local/lib/python3.7/site-packages/airflow/example_dags/example_dynamic_task_mapping_with_no_taskflow_operators.py
[2023-07-05T12:52:07.105+0000] {processor.py:826} INFO - Processing file /home/airflow/.local/lib/python3.7/site-packages/airflow/example_dags/example_dynamic_task_mapping_with_no_taskflow_operators.py for tasks to queue
[2023-07-05T12:52:07.106+0000] {logging_mixin.py:149} INFO - [2023-07-05T12:52:07.106+0000] {dagbag.py:541} INFO - Filling up the DagBag from /home/airflow/.local/lib/python3.7/site-packages/airflow/example_dags/example_dynamic_task_mapping_with_no_taskflow_operators.py
[2023-07-05T12:52:07.116+0000] {processor.py:836} INFO - DAG(s) dict_keys(['example_dynamic_task_mapping_with_no_taskflow_operators']) retrieved from /home/airflow/.local/lib/python3.7/site-packages/airflow/example_dags/example_dynamic_task_mapping_with_no_taskflow_operators.py
[2023-07-05T12:52:07.148+0000] {logging_mixin.py:149} INFO - [2023-07-05T12:52:07.148+0000] {dag.py:2726} INFO - Sync 1 DAGs
[2023-07-05T12:52:07.191+0000] {logging_mixin.py:149} INFO - [2023-07-05T12:52:07.190+0000] {dag.py:3490} INFO - Setting next_dagrun for example_dynamic_task_mapping_with_no_taskflow_operators to 2023-07-04T12:52:07.190345+00:00, run_after=2023-07-05T12:52:07.190345+00:00
[2023-07-05T12:52:07.222+0000] {processor.py:179} INFO - Processing /home/airflow/.local/lib/python3.7/site-packages/airflow/example_dags/example_dynamic_task_mapping_with_no_taskflow_operators.py took 0.126 seconds
[2023-07-05T12:52:38.429+0000] {processor.py:157} INFO - Started process (PID=350) to work on /home/airflow/.local/lib/python3.7/site-packages/airflow/example_dags/example_dynamic_task_mapping_with_no_taskflow_operators.py
[2023-07-05T12:52:38.430+0000] {processor.py:826} INFO - Processing file /home/airflow/.local/lib/python3.7/site-packages/airflow/example_dags/example_dynamic_task_mapping_with_no_taskflow_operators.py for tasks to queue
[2023-07-05T12:52:38.431+0000] {logging_mixin.py:149} INFO - [2023-07-05T12:52:38.431+0000] {dagbag.py:541} INFO - Filling up the DagBag from /home/airflow/.local/lib/python3.7/site-packages/airflow/example_dags/example_dynamic_task_mapping_with_no_taskflow_operators.py
[2023-07-05T12:52:38.440+0000] {processor.py:836} INFO - DAG(s) dict_keys(['example_dynamic_task_mapping_with_no_taskflow_operators']) retrieved from /home/airflow/.local/lib/python3.7/site-packages/airflow/example_dags/example_dynamic_task_mapping_with_no_taskflow_operators.py
[2023-07-05T12:52:38.469+0000] {logging_mixin.py:149} INFO - [2023-07-05T12:52:38.468+0000] {dag.py:2726} INFO - Sync 1 DAGs
[2023-07-05T12:52:38.659+0000] {logging_mixin.py:149} INFO - [2023-07-05T12:52:38.658+0000] {dag.py:3490} INFO - Setting next_dagrun for example_dynamic_task_mapping_with_no_taskflow_operators to 2023-07-04T12:52:38.658668+00:00, run_after=2023-07-05T12:52:38.658668+00:00
[2023-07-05T12:52:38.684+0000] {processor.py:179} INFO - Processing /home/airflow/.local/lib/python3.7/site-packages/airflow/example_dags/example_dynamic_task_mapping_with_no_taskflow_operators.py took 0.259 seconds
[2023-07-05T12:53:08.891+0000] {processor.py:157} INFO - Started process (PID=407) to work on /home/airflow/.local/lib/python3.7/site-packages/airflow/example_dags/example_dynamic_task_mapping_with_no_taskflow_operators.py
[2023-07-05T12:53:08.892+0000] {processor.py:826} INFO - Processing file /home/airflow/.local/lib/python3.7/site-packages/airflow/example_dags/example_dynamic_task_mapping_with_no_taskflow_operators.py for tasks to queue
[2023-07-05T12:53:08.893+0000] {logging_mixin.py:149} INFO - [2023-07-05T12:53:08.893+0000] {dagbag.py:541} INFO - Filling up the DagBag from /home/airflow/.local/lib/python3.7/site-packages/airflow/example_dags/example_dynamic_task_mapping_with_no_taskflow_operators.py
[2023-07-05T12:53:08.902+0000] {processor.py:836} INFO - DAG(s) dict_keys(['example_dynamic_task_mapping_with_no_taskflow_operators']) retrieved from /home/airflow/.local/lib/python3.7/site-packages/airflow/example_dags/example_dynamic_task_mapping_with_no_taskflow_operators.py
[2023-07-05T12:53:08.933+0000] {logging_mixin.py:149} INFO - [2023-07-05T12:53:08.933+0000] {dag.py:2726} INFO - Sync 1 DAGs
[2023-07-05T12:53:08.968+0000] {logging_mixin.py:149} INFO - [2023-07-05T12:53:08.968+0000] {dag.py:3490} INFO - Setting next_dagrun for example_dynamic_task_mapping_with_no_taskflow_operators to 2023-07-04T12:53:08.967830+00:00, run_after=2023-07-05T12:53:08.967830+00:00
[2023-07-05T12:53:08.995+0000] {processor.py:179} INFO - Processing /home/airflow/.local/lib/python3.7/site-packages/airflow/example_dags/example_dynamic_task_mapping_with_no_taskflow_operators.py took 0.108 seconds
[2023-07-05T12:53:39.071+0000] {processor.py:157} INFO - Started process (PID=464) to work on /home/airflow/.local/lib/python3.7/site-packages/airflow/example_dags/example_dynamic_task_mapping_with_no_taskflow_operators.py
[2023-07-05T12:53:39.072+0000] {processor.py:826} INFO - Processing file /home/airflow/.local/lib/python3.7/site-packages/airflow/example_dags/example_dynamic_task_mapping_with_no_taskflow_operators.py for tasks to queue
[2023-07-05T12:53:39.073+0000] {logging_mixin.py:149} INFO - [2023-07-05T12:53:39.073+0000] {dagbag.py:541} INFO - Filling up the DagBag from /home/airflow/.local/lib/python3.7/site-packages/airflow/example_dags/example_dynamic_task_mapping_with_no_taskflow_operators.py
[2023-07-05T12:53:39.081+0000] {processor.py:836} INFO - DAG(s) dict_keys(['example_dynamic_task_mapping_with_no_taskflow_operators']) retrieved from /home/airflow/.local/lib/python3.7/site-packages/airflow/example_dags/example_dynamic_task_mapping_with_no_taskflow_operators.py
[2023-07-05T12:53:39.114+0000] {logging_mixin.py:149} INFO - [2023-07-05T12:53:39.114+0000] {dag.py:2726} INFO - Sync 1 DAGs
[2023-07-05T12:53:39.153+0000] {logging_mixin.py:149} INFO - [2023-07-05T12:53:39.153+0000] {dag.py:3490} INFO - Setting next_dagrun for example_dynamic_task_mapping_with_no_taskflow_operators to 2023-07-04T12:53:39.153481+00:00, run_after=2023-07-05T12:53:39.153481+00:00
[2023-07-05T12:53:39.185+0000] {processor.py:179} INFO - Processing /home/airflow/.local/lib/python3.7/site-packages/airflow/example_dags/example_dynamic_task_mapping_with_no_taskflow_operators.py took 0.119 seconds
[2023-07-05T12:54:10.400+0000] {processor.py:157} INFO - Started process (PID=520) to work on /home/airflow/.local/lib/python3.7/site-packages/airflow/example_dags/example_dynamic_task_mapping_with_no_taskflow_operators.py
[2023-07-05T12:54:10.401+0000] {processor.py:826} INFO - Processing file /home/airflow/.local/lib/python3.7/site-packages/airflow/example_dags/example_dynamic_task_mapping_with_no_taskflow_operators.py for tasks to queue
[2023-07-05T12:54:10.402+0000] {logging_mixin.py:149} INFO - [2023-07-05T12:54:10.402+0000] {dagbag.py:541} INFO - Filling up the DagBag from /home/airflow/.local/lib/python3.7/site-packages/airflow/example_dags/example_dynamic_task_mapping_with_no_taskflow_operators.py
[2023-07-05T12:54:10.410+0000] {processor.py:836} INFO - DAG(s) dict_keys(['example_dynamic_task_mapping_with_no_taskflow_operators']) retrieved from /home/airflow/.local/lib/python3.7/site-packages/airflow/example_dags/example_dynamic_task_mapping_with_no_taskflow_operators.py
[2023-07-05T12:54:10.437+0000] {logging_mixin.py:149} INFO - [2023-07-05T12:54:10.436+0000] {dag.py:2726} INFO - Sync 1 DAGs
[2023-07-05T12:54:10.617+0000] {logging_mixin.py:149} INFO - [2023-07-05T12:54:10.616+0000] {dag.py:3490} INFO - Setting next_dagrun for example_dynamic_task_mapping_with_no_taskflow_operators to 2023-07-04T12:54:10.616571+00:00, run_after=2023-07-05T12:54:10.616571+00:00
[2023-07-05T12:54:10.645+0000] {processor.py:179} INFO - Processing /home/airflow/.local/lib/python3.7/site-packages/airflow/example_dags/example_dynamic_task_mapping_with_no_taskflow_operators.py took 0.249 seconds
[2023-07-05T12:54:41.117+0000] {processor.py:157} INFO - Started process (PID=577) to work on /home/airflow/.local/lib/python3.7/site-packages/airflow/example_dags/example_dynamic_task_mapping_with_no_taskflow_operators.py
[2023-07-05T12:54:41.120+0000] {processor.py:826} INFO - Processing file /home/airflow/.local/lib/python3.7/site-packages/airflow/example_dags/example_dynamic_task_mapping_with_no_taskflow_operators.py for tasks to queue
[2023-07-05T12:54:41.121+0000] {logging_mixin.py:149} INFO - [2023-07-05T12:54:41.120+0000] {dagbag.py:541} INFO - Filling up the DagBag from /home/airflow/.local/lib/python3.7/site-packages/airflow/example_dags/example_dynamic_task_mapping_with_no_taskflow_operators.py
[2023-07-05T12:54:41.129+0000] {processor.py:836} INFO - DAG(s) dict_keys(['example_dynamic_task_mapping_with_no_taskflow_operators']) retrieved from /home/airflow/.local/lib/python3.7/site-packages/airflow/example_dags/example_dynamic_task_mapping_with_no_taskflow_operators.py
[2023-07-05T12:54:41.167+0000] {logging_mixin.py:149} INFO - [2023-07-05T12:54:41.167+0000] {dag.py:2726} INFO - Sync 1 DAGs
[2023-07-05T12:54:41.208+0000] {logging_mixin.py:149} INFO - [2023-07-05T12:54:41.208+0000] {dag.py:3490} INFO - Setting next_dagrun for example_dynamic_task_mapping_with_no_taskflow_operators to 2023-07-04T12:54:41.207940+00:00, run_after=2023-07-05T12:54:41.207940+00:00
[2023-07-05T12:54:41.234+0000] {processor.py:179} INFO - Processing /home/airflow/.local/lib/python3.7/site-packages/airflow/example_dags/example_dynamic_task_mapping_with_no_taskflow_operators.py took 0.121 seconds
[2023-07-05T12:55:12.207+0000] {processor.py:157} INFO - Started process (PID=634) to work on /home/airflow/.local/lib/python3.7/site-packages/airflow/example_dags/example_dynamic_task_mapping_with_no_taskflow_operators.py
[2023-07-05T12:55:12.208+0000] {processor.py:826} INFO - Processing file /home/airflow/.local/lib/python3.7/site-packages/airflow/example_dags/example_dynamic_task_mapping_with_no_taskflow_operators.py for tasks to queue
[2023-07-05T12:55:12.209+0000] {logging_mixin.py:149} INFO - [2023-07-05T12:55:12.209+0000] {dagbag.py:541} INFO - Filling up the DagBag from /home/airflow/.local/lib/python3.7/site-packages/airflow/example_dags/example_dynamic_task_mapping_with_no_taskflow_operators.py
[2023-07-05T12:55:12.216+0000] {processor.py:836} INFO - DAG(s) dict_keys(['example_dynamic_task_mapping_with_no_taskflow_operators']) retrieved from /home/airflow/.local/lib/python3.7/site-packages/airflow/example_dags/example_dynamic_task_mapping_with_no_taskflow_operators.py
[2023-07-05T12:55:12.402+0000] {logging_mixin.py:149} INFO - [2023-07-05T12:55:12.401+0000] {dag.py:2726} INFO - Sync 1 DAGs
[2023-07-05T12:55:12.441+0000] {logging_mixin.py:149} INFO - [2023-07-05T12:55:12.441+0000] {dag.py:3490} INFO - Setting next_dagrun for example_dynamic_task_mapping_with_no_taskflow_operators to 2023-07-04T12:55:12.441094+00:00, run_after=2023-07-05T12:55:12.441094+00:00
[2023-07-05T12:55:12.470+0000] {processor.py:179} INFO - Processing /home/airflow/.local/lib/python3.7/site-packages/airflow/example_dags/example_dynamic_task_mapping_with_no_taskflow_operators.py took 0.267 seconds
[2023-07-05T12:55:43.321+0000] {processor.py:157} INFO - Started process (PID=691) to work on /home/airflow/.local/lib/python3.7/site-packages/airflow/example_dags/example_dynamic_task_mapping_with_no_taskflow_operators.py
[2023-07-05T12:55:43.323+0000] {processor.py:826} INFO - Processing file /home/airflow/.local/lib/python3.7/site-packages/airflow/example_dags/example_dynamic_task_mapping_with_no_taskflow_operators.py for tasks to queue
[2023-07-05T12:55:43.323+0000] {logging_mixin.py:149} INFO - [2023-07-05T12:55:43.323+0000] {dagbag.py:541} INFO - Filling up the DagBag from /home/airflow/.local/lib/python3.7/site-packages/airflow/example_dags/example_dynamic_task_mapping_with_no_taskflow_operators.py
[2023-07-05T12:55:43.331+0000] {processor.py:836} INFO - DAG(s) dict_keys(['example_dynamic_task_mapping_with_no_taskflow_operators']) retrieved from /home/airflow/.local/lib/python3.7/site-packages/airflow/example_dags/example_dynamic_task_mapping_with_no_taskflow_operators.py
[2023-07-05T12:55:43.359+0000] {logging_mixin.py:149} INFO - [2023-07-05T12:55:43.358+0000] {dag.py:2726} INFO - Sync 1 DAGs
[2023-07-05T12:55:43.394+0000] {logging_mixin.py:149} INFO - [2023-07-05T12:55:43.394+0000] {dag.py:3490} INFO - Setting next_dagrun for example_dynamic_task_mapping_with_no_taskflow_operators to 2023-07-04T12:55:43.393702+00:00, run_after=2023-07-05T12:55:43.393702+00:00
[2023-07-05T12:55:43.568+0000] {processor.py:179} INFO - Processing /home/airflow/.local/lib/python3.7/site-packages/airflow/example_dags/example_dynamic_task_mapping_with_no_taskflow_operators.py took 0.250 seconds
[2023-07-05T12:56:14.142+0000] {processor.py:157} INFO - Started process (PID=748) to work on /home/airflow/.local/lib/python3.7/site-packages/airflow/example_dags/example_dynamic_task_mapping_with_no_taskflow_operators.py
[2023-07-05T12:56:14.144+0000] {processor.py:826} INFO - Processing file /home/airflow/.local/lib/python3.7/site-packages/airflow/example_dags/example_dynamic_task_mapping_with_no_taskflow_operators.py for tasks to queue
[2023-07-05T12:56:14.145+0000] {logging_mixin.py:149} INFO - [2023-07-05T12:56:14.145+0000] {dagbag.py:541} INFO - Filling up the DagBag from /home/airflow/.local/lib/python3.7/site-packages/airflow/example_dags/example_dynamic_task_mapping_with_no_taskflow_operators.py
[2023-07-05T12:56:14.294+0000] {processor.py:836} INFO - DAG(s) dict_keys(['example_dynamic_task_mapping_with_no_taskflow_operators']) retrieved from /home/airflow/.local/lib/python3.7/site-packages/airflow/example_dags/example_dynamic_task_mapping_with_no_taskflow_operators.py
[2023-07-05T12:56:14.322+0000] {logging_mixin.py:149} INFO - [2023-07-05T12:56:14.322+0000] {dag.py:2726} INFO - Sync 1 DAGs
[2023-07-05T12:56:14.359+0000] {logging_mixin.py:149} INFO - [2023-07-05T12:56:14.359+0000] {dag.py:3490} INFO - Setting next_dagrun for example_dynamic_task_mapping_with_no_taskflow_operators to 2023-07-04T12:56:14.358903+00:00, run_after=2023-07-05T12:56:14.358903+00:00
[2023-07-05T12:56:14.382+0000] {processor.py:179} INFO - Processing /home/airflow/.local/lib/python3.7/site-packages/airflow/example_dags/example_dynamic_task_mapping_with_no_taskflow_operators.py took 0.244 seconds
[2023-07-05T12:56:44.496+0000] {processor.py:157} INFO - Started process (PID=804) to work on /home/airflow/.local/lib/python3.7/site-packages/airflow/example_dags/example_dynamic_task_mapping_with_no_taskflow_operators.py
[2023-07-05T12:56:44.497+0000] {processor.py:826} INFO - Processing file /home/airflow/.local/lib/python3.7/site-packages/airflow/example_dags/example_dynamic_task_mapping_with_no_taskflow_operators.py for tasks to queue
[2023-07-05T12:56:44.498+0000] {logging_mixin.py:149} INFO - [2023-07-05T12:56:44.498+0000] {dagbag.py:541} INFO - Filling up the DagBag from /home/airflow/.local/lib/python3.7/site-packages/airflow/example_dags/example_dynamic_task_mapping_with_no_taskflow_operators.py
[2023-07-05T12:56:44.507+0000] {processor.py:836} INFO - DAG(s) dict_keys(['example_dynamic_task_mapping_with_no_taskflow_operators']) retrieved from /home/airflow/.local/lib/python3.7/site-packages/airflow/example_dags/example_dynamic_task_mapping_with_no_taskflow_operators.py
[2023-07-05T12:56:44.538+0000] {logging_mixin.py:149} INFO - [2023-07-05T12:56:44.537+0000] {dag.py:2726} INFO - Sync 1 DAGs
[2023-07-05T12:56:44.575+0000] {logging_mixin.py:149} INFO - [2023-07-05T12:56:44.574+0000] {dag.py:3490} INFO - Setting next_dagrun for example_dynamic_task_mapping_with_no_taskflow_operators to 2023-07-04T12:56:44.574483+00:00, run_after=2023-07-05T12:56:44.574483+00:00
[2023-07-05T12:56:44.600+0000] {processor.py:179} INFO - Processing /home/airflow/.local/lib/python3.7/site-packages/airflow/example_dags/example_dynamic_task_mapping_with_no_taskflow_operators.py took 0.109 seconds
[2023-07-05T12:57:14.830+0000] {processor.py:157} INFO - Started process (PID=860) to work on /home/airflow/.local/lib/python3.7/site-packages/airflow/example_dags/example_dynamic_task_mapping_with_no_taskflow_operators.py
[2023-07-05T12:57:14.831+0000] {processor.py:826} INFO - Processing file /home/airflow/.local/lib/python3.7/site-packages/airflow/example_dags/example_dynamic_task_mapping_with_no_taskflow_operators.py for tasks to queue
[2023-07-05T12:57:14.832+0000] {logging_mixin.py:149} INFO - [2023-07-05T12:57:14.832+0000] {dagbag.py:541} INFO - Filling up the DagBag from /home/airflow/.local/lib/python3.7/site-packages/airflow/example_dags/example_dynamic_task_mapping_with_no_taskflow_operators.py
[2023-07-05T12:57:14.841+0000] {processor.py:836} INFO - DAG(s) dict_keys(['example_dynamic_task_mapping_with_no_taskflow_operators']) retrieved from /home/airflow/.local/lib/python3.7/site-packages/airflow/example_dags/example_dynamic_task_mapping_with_no_taskflow_operators.py
[2023-07-05T12:57:14.870+0000] {logging_mixin.py:149} INFO - [2023-07-05T12:57:14.870+0000] {dag.py:2726} INFO - Sync 1 DAGs
[2023-07-05T12:57:14.905+0000] {logging_mixin.py:149} INFO - [2023-07-05T12:57:14.904+0000] {dag.py:3490} INFO - Setting next_dagrun for example_dynamic_task_mapping_with_no_taskflow_operators to 2023-07-04T12:57:14.904444+00:00, run_after=2023-07-05T12:57:14.904444+00:00
[2023-07-05T12:57:14.929+0000] {processor.py:179} INFO - Processing /home/airflow/.local/lib/python3.7/site-packages/airflow/example_dags/example_dynamic_task_mapping_with_no_taskflow_operators.py took 0.103 seconds
[2023-07-05T12:57:45.076+0000] {processor.py:157} INFO - Started process (PID=917) to work on /home/airflow/.local/lib/python3.7/site-packages/airflow/example_dags/example_dynamic_task_mapping_with_no_taskflow_operators.py
[2023-07-05T12:57:45.078+0000] {processor.py:826} INFO - Processing file /home/airflow/.local/lib/python3.7/site-packages/airflow/example_dags/example_dynamic_task_mapping_with_no_taskflow_operators.py for tasks to queue
[2023-07-05T12:57:45.079+0000] {logging_mixin.py:149} INFO - [2023-07-05T12:57:45.078+0000] {dagbag.py:541} INFO - Filling up the DagBag from /home/airflow/.local/lib/python3.7/site-packages/airflow/example_dags/example_dynamic_task_mapping_with_no_taskflow_operators.py
[2023-07-05T12:57:45.086+0000] {processor.py:836} INFO - DAG(s) dict_keys(['example_dynamic_task_mapping_with_no_taskflow_operators']) retrieved from /home/airflow/.local/lib/python3.7/site-packages/airflow/example_dags/example_dynamic_task_mapping_with_no_taskflow_operators.py
[2023-07-05T12:57:45.121+0000] {logging_mixin.py:149} INFO - [2023-07-05T12:57:45.121+0000] {dag.py:2726} INFO - Sync 1 DAGs
[2023-07-05T12:57:45.164+0000] {logging_mixin.py:149} INFO - [2023-07-05T12:57:45.163+0000] {dag.py:3490} INFO - Setting next_dagrun for example_dynamic_task_mapping_with_no_taskflow_operators to 2023-07-04T12:57:45.163376+00:00, run_after=2023-07-05T12:57:45.163376+00:00
[2023-07-05T12:57:45.190+0000] {processor.py:179} INFO - Processing /home/airflow/.local/lib/python3.7/site-packages/airflow/example_dags/example_dynamic_task_mapping_with_no_taskflow_operators.py took 0.118 seconds
[2023-07-05T12:58:15.377+0000] {processor.py:157} INFO - Started process (PID=973) to work on /home/airflow/.local/lib/python3.7/site-packages/airflow/example_dags/example_dynamic_task_mapping_with_no_taskflow_operators.py
[2023-07-05T12:58:15.379+0000] {processor.py:826} INFO - Processing file /home/airflow/.local/lib/python3.7/site-packages/airflow/example_dags/example_dynamic_task_mapping_with_no_taskflow_operators.py for tasks to queue
[2023-07-05T12:58:15.379+0000] {logging_mixin.py:149} INFO - [2023-07-05T12:58:15.379+0000] {dagbag.py:541} INFO - Filling up the DagBag from /home/airflow/.local/lib/python3.7/site-packages/airflow/example_dags/example_dynamic_task_mapping_with_no_taskflow_operators.py
[2023-07-05T12:58:15.389+0000] {processor.py:836} INFO - DAG(s) dict_keys(['example_dynamic_task_mapping_with_no_taskflow_operators']) retrieved from /home/airflow/.local/lib/python3.7/site-packages/airflow/example_dags/example_dynamic_task_mapping_with_no_taskflow_operators.py
[2023-07-05T12:58:15.419+0000] {logging_mixin.py:149} INFO - [2023-07-05T12:58:15.419+0000] {dag.py:2726} INFO - Sync 1 DAGs
[2023-07-05T12:58:15.469+0000] {logging_mixin.py:149} INFO - [2023-07-05T12:58:15.468+0000] {dag.py:3490} INFO - Setting next_dagrun for example_dynamic_task_mapping_with_no_taskflow_operators to 2023-07-04T12:58:15.468142+00:00, run_after=2023-07-05T12:58:15.468142+00:00
[2023-07-05T12:58:15.497+0000] {processor.py:179} INFO - Processing /home/airflow/.local/lib/python3.7/site-packages/airflow/example_dags/example_dynamic_task_mapping_with_no_taskflow_operators.py took 0.124 seconds
[2023-07-05T12:58:45.779+0000] {processor.py:157} INFO - Started process (PID=1030) to work on /home/airflow/.local/lib/python3.7/site-packages/airflow/example_dags/example_dynamic_task_mapping_with_no_taskflow_operators.py
[2023-07-05T12:58:45.780+0000] {processor.py:826} INFO - Processing file /home/airflow/.local/lib/python3.7/site-packages/airflow/example_dags/example_dynamic_task_mapping_with_no_taskflow_operators.py for tasks to queue
[2023-07-05T12:58:45.781+0000] {logging_mixin.py:149} INFO - [2023-07-05T12:58:45.781+0000] {dagbag.py:541} INFO - Filling up the DagBag from /home/airflow/.local/lib/python3.7/site-packages/airflow/example_dags/example_dynamic_task_mapping_with_no_taskflow_operators.py
[2023-07-05T12:58:45.791+0000] {processor.py:836} INFO - DAG(s) dict_keys(['example_dynamic_task_mapping_with_no_taskflow_operators']) retrieved from /home/airflow/.local/lib/python3.7/site-packages/airflow/example_dags/example_dynamic_task_mapping_with_no_taskflow_operators.py
[2023-07-05T12:58:45.842+0000] {logging_mixin.py:149} INFO - [2023-07-05T12:58:45.842+0000] {dag.py:2726} INFO - Sync 1 DAGs
[2023-07-05T12:58:45.879+0000] {logging_mixin.py:149} INFO - [2023-07-05T12:58:45.879+0000] {dag.py:3490} INFO - Setting next_dagrun for example_dynamic_task_mapping_with_no_taskflow_operators to 2023-07-04T12:58:45.878567+00:00, run_after=2023-07-05T12:58:45.878567+00:00
[2023-07-05T12:58:45.904+0000] {processor.py:179} INFO - Processing /home/airflow/.local/lib/python3.7/site-packages/airflow/example_dags/example_dynamic_task_mapping_with_no_taskflow_operators.py took 0.129 seconds
[2023-07-05T12:59:16.155+0000] {processor.py:157} INFO - Started process (PID=1086) to work on /home/airflow/.local/lib/python3.7/site-packages/airflow/example_dags/example_dynamic_task_mapping_with_no_taskflow_operators.py
[2023-07-05T12:59:16.157+0000] {processor.py:826} INFO - Processing file /home/airflow/.local/lib/python3.7/site-packages/airflow/example_dags/example_dynamic_task_mapping_with_no_taskflow_operators.py for tasks to queue
[2023-07-05T12:59:16.158+0000] {logging_mixin.py:149} INFO - [2023-07-05T12:59:16.158+0000] {dagbag.py:541} INFO - Filling up the DagBag from /home/airflow/.local/lib/python3.7/site-packages/airflow/example_dags/example_dynamic_task_mapping_with_no_taskflow_operators.py
[2023-07-05T12:59:16.169+0000] {processor.py:836} INFO - DAG(s) dict_keys(['example_dynamic_task_mapping_with_no_taskflow_operators']) retrieved from /home/airflow/.local/lib/python3.7/site-packages/airflow/example_dags/example_dynamic_task_mapping_with_no_taskflow_operators.py
[2023-07-05T12:59:16.206+0000] {logging_mixin.py:149} INFO - [2023-07-05T12:59:16.206+0000] {dag.py:2726} INFO - Sync 1 DAGs
[2023-07-05T12:59:16.252+0000] {logging_mixin.py:149} INFO - [2023-07-05T12:59:16.252+0000] {dag.py:3490} INFO - Setting next_dagrun for example_dynamic_task_mapping_with_no_taskflow_operators to 2023-07-04T12:59:16.251891+00:00, run_after=2023-07-05T12:59:16.251891+00:00
[2023-07-05T12:59:16.277+0000] {processor.py:179} INFO - Processing /home/airflow/.local/lib/python3.7/site-packages/airflow/example_dags/example_dynamic_task_mapping_with_no_taskflow_operators.py took 0.126 seconds
[2023-07-05T12:59:47.393+0000] {processor.py:157} INFO - Started process (PID=1149) to work on /home/airflow/.local/lib/python3.7/site-packages/airflow/example_dags/example_dynamic_task_mapping_with_no_taskflow_operators.py
[2023-07-05T12:59:47.394+0000] {processor.py:826} INFO - Processing file /home/airflow/.local/lib/python3.7/site-packages/airflow/example_dags/example_dynamic_task_mapping_with_no_taskflow_operators.py for tasks to queue
[2023-07-05T12:59:47.395+0000] {logging_mixin.py:149} INFO - [2023-07-05T12:59:47.395+0000] {dagbag.py:541} INFO - Filling up the DagBag from /home/airflow/.local/lib/python3.7/site-packages/airflow/example_dags/example_dynamic_task_mapping_with_no_taskflow_operators.py
[2023-07-05T12:59:47.405+0000] {processor.py:836} INFO - DAG(s) dict_keys(['example_dynamic_task_mapping_with_no_taskflow_operators']) retrieved from /home/airflow/.local/lib/python3.7/site-packages/airflow/example_dags/example_dynamic_task_mapping_with_no_taskflow_operators.py
[2023-07-05T12:59:47.437+0000] {logging_mixin.py:149} INFO - [2023-07-05T12:59:47.437+0000] {dag.py:2726} INFO - Sync 1 DAGs
[2023-07-05T12:59:47.472+0000] {logging_mixin.py:149} INFO - [2023-07-05T12:59:47.472+0000] {dag.py:3490} INFO - Setting next_dagrun for example_dynamic_task_mapping_with_no_taskflow_operators to 2023-07-04T12:59:47.472099+00:00, run_after=2023-07-05T12:59:47.472099+00:00
[2023-07-05T12:59:47.503+0000] {processor.py:179} INFO - Processing /home/airflow/.local/lib/python3.7/site-packages/airflow/example_dags/example_dynamic_task_mapping_with_no_taskflow_operators.py took 0.116 seconds
[2023-07-05T13:00:18.280+0000] {processor.py:157} INFO - Started process (PID=1207) to work on /home/airflow/.local/lib/python3.7/site-packages/airflow/example_dags/example_dynamic_task_mapping_with_no_taskflow_operators.py
[2023-07-05T13:00:18.281+0000] {processor.py:826} INFO - Processing file /home/airflow/.local/lib/python3.7/site-packages/airflow/example_dags/example_dynamic_task_mapping_with_no_taskflow_operators.py for tasks to queue
[2023-07-05T13:00:18.282+0000] {logging_mixin.py:149} INFO - [2023-07-05T13:00:18.282+0000] {dagbag.py:541} INFO - Filling up the DagBag from /home/airflow/.local/lib/python3.7/site-packages/airflow/example_dags/example_dynamic_task_mapping_with_no_taskflow_operators.py
[2023-07-05T13:00:18.290+0000] {processor.py:836} INFO - DAG(s) dict_keys(['example_dynamic_task_mapping_with_no_taskflow_operators']) retrieved from /home/airflow/.local/lib/python3.7/site-packages/airflow/example_dags/example_dynamic_task_mapping_with_no_taskflow_operators.py
[2023-07-05T13:00:18.326+0000] {logging_mixin.py:149} INFO - [2023-07-05T13:00:18.325+0000] {dag.py:2726} INFO - Sync 1 DAGs
[2023-07-05T13:00:18.360+0000] {logging_mixin.py:149} INFO - [2023-07-05T13:00:18.360+0000] {dag.py:3490} INFO - Setting next_dagrun for example_dynamic_task_mapping_with_no_taskflow_operators to 2023-07-04T13:00:18.359814+00:00, run_after=2023-07-05T13:00:18.359814+00:00
[2023-07-05T13:00:18.393+0000] {processor.py:179} INFO - Processing /home/airflow/.local/lib/python3.7/site-packages/airflow/example_dags/example_dynamic_task_mapping_with_no_taskflow_operators.py took 0.116 seconds
[2023-07-05T13:00:48.649+0000] {processor.py:157} INFO - Started process (PID=1264) to work on /home/airflow/.local/lib/python3.7/site-packages/airflow/example_dags/example_dynamic_task_mapping_with_no_taskflow_operators.py
[2023-07-05T13:00:48.651+0000] {processor.py:826} INFO - Processing file /home/airflow/.local/lib/python3.7/site-packages/airflow/example_dags/example_dynamic_task_mapping_with_no_taskflow_operators.py for tasks to queue
[2023-07-05T13:00:48.651+0000] {logging_mixin.py:149} INFO - [2023-07-05T13:00:48.651+0000] {dagbag.py:541} INFO - Filling up the DagBag from /home/airflow/.local/lib/python3.7/site-packages/airflow/example_dags/example_dynamic_task_mapping_with_no_taskflow_operators.py
[2023-07-05T13:00:48.660+0000] {processor.py:836} INFO - DAG(s) dict_keys(['example_dynamic_task_mapping_with_no_taskflow_operators']) retrieved from /home/airflow/.local/lib/python3.7/site-packages/airflow/example_dags/example_dynamic_task_mapping_with_no_taskflow_operators.py
[2023-07-05T13:00:48.696+0000] {logging_mixin.py:149} INFO - [2023-07-05T13:00:48.696+0000] {dag.py:2726} INFO - Sync 1 DAGs
[2023-07-05T13:00:48.735+0000] {logging_mixin.py:149} INFO - [2023-07-05T13:00:48.735+0000] {dag.py:3490} INFO - Setting next_dagrun for example_dynamic_task_mapping_with_no_taskflow_operators to 2023-07-04T13:00:48.735258+00:00, run_after=2023-07-05T13:00:48.735258+00:00
[2023-07-05T13:00:48.765+0000] {processor.py:179} INFO - Processing /home/airflow/.local/lib/python3.7/site-packages/airflow/example_dags/example_dynamic_task_mapping_with_no_taskflow_operators.py took 0.119 seconds
[2023-07-05T13:01:18.911+0000] {processor.py:157} INFO - Started process (PID=1322) to work on /home/airflow/.local/lib/python3.7/site-packages/airflow/example_dags/example_dynamic_task_mapping_with_no_taskflow_operators.py
[2023-07-05T13:01:18.912+0000] {processor.py:826} INFO - Processing file /home/airflow/.local/lib/python3.7/site-packages/airflow/example_dags/example_dynamic_task_mapping_with_no_taskflow_operators.py for tasks to queue
[2023-07-05T13:01:18.914+0000] {logging_mixin.py:149} INFO - [2023-07-05T13:01:18.913+0000] {dagbag.py:541} INFO - Filling up the DagBag from /home/airflow/.local/lib/python3.7/site-packages/airflow/example_dags/example_dynamic_task_mapping_with_no_taskflow_operators.py
[2023-07-05T13:01:18.923+0000] {processor.py:836} INFO - DAG(s) dict_keys(['example_dynamic_task_mapping_with_no_taskflow_operators']) retrieved from /home/airflow/.local/lib/python3.7/site-packages/airflow/example_dags/example_dynamic_task_mapping_with_no_taskflow_operators.py
[2023-07-05T13:01:18.961+0000] {logging_mixin.py:149} INFO - [2023-07-05T13:01:18.961+0000] {dag.py:2726} INFO - Sync 1 DAGs
[2023-07-05T13:01:19.004+0000] {logging_mixin.py:149} INFO - [2023-07-05T13:01:19.004+0000] {dag.py:3490} INFO - Setting next_dagrun for example_dynamic_task_mapping_with_no_taskflow_operators to 2023-07-04T13:01:19.003817+00:00, run_after=2023-07-05T13:01:19.003817+00:00
[2023-07-05T13:01:19.027+0000] {processor.py:179} INFO - Processing /home/airflow/.local/lib/python3.7/site-packages/airflow/example_dags/example_dynamic_task_mapping_with_no_taskflow_operators.py took 0.121 seconds
[2023-07-05T13:01:49.184+0000] {processor.py:157} INFO - Started process (PID=1379) to work on /home/airflow/.local/lib/python3.7/site-packages/airflow/example_dags/example_dynamic_task_mapping_with_no_taskflow_operators.py
[2023-07-05T13:01:49.186+0000] {processor.py:826} INFO - Processing file /home/airflow/.local/lib/python3.7/site-packages/airflow/example_dags/example_dynamic_task_mapping_with_no_taskflow_operators.py for tasks to queue
[2023-07-05T13:01:49.187+0000] {logging_mixin.py:149} INFO - [2023-07-05T13:01:49.187+0000] {dagbag.py:541} INFO - Filling up the DagBag from /home/airflow/.local/lib/python3.7/site-packages/airflow/example_dags/example_dynamic_task_mapping_with_no_taskflow_operators.py
[2023-07-05T13:01:49.196+0000] {processor.py:836} INFO - DAG(s) dict_keys(['example_dynamic_task_mapping_with_no_taskflow_operators']) retrieved from /home/airflow/.local/lib/python3.7/site-packages/airflow/example_dags/example_dynamic_task_mapping_with_no_taskflow_operators.py
[2023-07-05T13:01:49.225+0000] {logging_mixin.py:149} INFO - [2023-07-05T13:01:49.225+0000] {dag.py:2726} INFO - Sync 1 DAGs
[2023-07-05T13:01:49.262+0000] {logging_mixin.py:149} INFO - [2023-07-05T13:01:49.262+0000] {dag.py:3490} INFO - Setting next_dagrun for example_dynamic_task_mapping_with_no_taskflow_operators to 2023-07-04T13:01:49.261860+00:00, run_after=2023-07-05T13:01:49.261860+00:00
[2023-07-05T13:01:49.299+0000] {processor.py:179} INFO - Processing /home/airflow/.local/lib/python3.7/site-packages/airflow/example_dags/example_dynamic_task_mapping_with_no_taskflow_operators.py took 0.119 seconds
[2023-07-05T13:02:19.458+0000] {processor.py:157} INFO - Started process (PID=1436) to work on /home/airflow/.local/lib/python3.7/site-packages/airflow/example_dags/example_dynamic_task_mapping_with_no_taskflow_operators.py
[2023-07-05T13:02:19.461+0000] {processor.py:826} INFO - Processing file /home/airflow/.local/lib/python3.7/site-packages/airflow/example_dags/example_dynamic_task_mapping_with_no_taskflow_operators.py for tasks to queue
[2023-07-05T13:02:19.463+0000] {logging_mixin.py:149} INFO - [2023-07-05T13:02:19.463+0000] {dagbag.py:541} INFO - Filling up the DagBag from /home/airflow/.local/lib/python3.7/site-packages/airflow/example_dags/example_dynamic_task_mapping_with_no_taskflow_operators.py
[2023-07-05T13:02:19.474+0000] {processor.py:836} INFO - DAG(s) dict_keys(['example_dynamic_task_mapping_with_no_taskflow_operators']) retrieved from /home/airflow/.local/lib/python3.7/site-packages/airflow/example_dags/example_dynamic_task_mapping_with_no_taskflow_operators.py
[2023-07-05T13:02:19.501+0000] {logging_mixin.py:149} INFO - [2023-07-05T13:02:19.500+0000] {dag.py:2726} INFO - Sync 1 DAGs
[2023-07-05T13:02:19.539+0000] {logging_mixin.py:149} INFO - [2023-07-05T13:02:19.538+0000] {dag.py:3490} INFO - Setting next_dagrun for example_dynamic_task_mapping_with_no_taskflow_operators to 2023-07-04T13:02:19.538501+00:00, run_after=2023-07-05T13:02:19.538501+00:00
[2023-07-05T13:02:19.572+0000] {processor.py:179} INFO - Processing /home/airflow/.local/lib/python3.7/site-packages/airflow/example_dags/example_dynamic_task_mapping_with_no_taskflow_operators.py took 0.120 seconds
[2023-07-05T13:02:49.730+0000] {processor.py:157} INFO - Started process (PID=1493) to work on /home/airflow/.local/lib/python3.7/site-packages/airflow/example_dags/example_dynamic_task_mapping_with_no_taskflow_operators.py
[2023-07-05T13:02:49.732+0000] {processor.py:826} INFO - Processing file /home/airflow/.local/lib/python3.7/site-packages/airflow/example_dags/example_dynamic_task_mapping_with_no_taskflow_operators.py for tasks to queue
[2023-07-05T13:02:49.733+0000] {logging_mixin.py:149} INFO - [2023-07-05T13:02:49.733+0000] {dagbag.py:541} INFO - Filling up the DagBag from /home/airflow/.local/lib/python3.7/site-packages/airflow/example_dags/example_dynamic_task_mapping_with_no_taskflow_operators.py
[2023-07-05T13:02:49.744+0000] {processor.py:836} INFO - DAG(s) dict_keys(['example_dynamic_task_mapping_with_no_taskflow_operators']) retrieved from /home/airflow/.local/lib/python3.7/site-packages/airflow/example_dags/example_dynamic_task_mapping_with_no_taskflow_operators.py
[2023-07-05T13:02:49.781+0000] {logging_mixin.py:149} INFO - [2023-07-05T13:02:49.781+0000] {dag.py:2726} INFO - Sync 1 DAGs
[2023-07-05T13:02:49.827+0000] {logging_mixin.py:149} INFO - [2023-07-05T13:02:49.827+0000] {dag.py:3490} INFO - Setting next_dagrun for example_dynamic_task_mapping_with_no_taskflow_operators to 2023-07-04T13:02:49.826875+00:00, run_after=2023-07-05T13:02:49.826875+00:00
[2023-07-05T13:02:49.859+0000] {processor.py:179} INFO - Processing /home/airflow/.local/lib/python3.7/site-packages/airflow/example_dags/example_dynamic_task_mapping_with_no_taskflow_operators.py took 0.134 seconds
[2023-07-05T13:03:20.114+0000] {processor.py:157} INFO - Started process (PID=1550) to work on /home/airflow/.local/lib/python3.7/site-packages/airflow/example_dags/example_dynamic_task_mapping_with_no_taskflow_operators.py
[2023-07-05T13:03:20.115+0000] {processor.py:826} INFO - Processing file /home/airflow/.local/lib/python3.7/site-packages/airflow/example_dags/example_dynamic_task_mapping_with_no_taskflow_operators.py for tasks to queue
[2023-07-05T13:03:20.116+0000] {logging_mixin.py:149} INFO - [2023-07-05T13:03:20.116+0000] {dagbag.py:541} INFO - Filling up the DagBag from /home/airflow/.local/lib/python3.7/site-packages/airflow/example_dags/example_dynamic_task_mapping_with_no_taskflow_operators.py
[2023-07-05T13:03:20.125+0000] {processor.py:836} INFO - DAG(s) dict_keys(['example_dynamic_task_mapping_with_no_taskflow_operators']) retrieved from /home/airflow/.local/lib/python3.7/site-packages/airflow/example_dags/example_dynamic_task_mapping_with_no_taskflow_operators.py
[2023-07-05T13:03:20.154+0000] {logging_mixin.py:149} INFO - [2023-07-05T13:03:20.154+0000] {dag.py:2726} INFO - Sync 1 DAGs
[2023-07-05T13:03:20.193+0000] {logging_mixin.py:149} INFO - [2023-07-05T13:03:20.193+0000] {dag.py:3490} INFO - Setting next_dagrun for example_dynamic_task_mapping_with_no_taskflow_operators to 2023-07-04T13:03:20.192838+00:00, run_after=2023-07-05T13:03:20.192838+00:00
[2023-07-05T13:03:20.218+0000] {processor.py:179} INFO - Processing /home/airflow/.local/lib/python3.7/site-packages/airflow/example_dags/example_dynamic_task_mapping_with_no_taskflow_operators.py took 0.107 seconds
[2023-07-05T13:03:50.475+0000] {processor.py:157} INFO - Started process (PID=1607) to work on /home/airflow/.local/lib/python3.7/site-packages/airflow/example_dags/example_dynamic_task_mapping_with_no_taskflow_operators.py
[2023-07-05T13:03:50.477+0000] {processor.py:826} INFO - Processing file /home/airflow/.local/lib/python3.7/site-packages/airflow/example_dags/example_dynamic_task_mapping_with_no_taskflow_operators.py for tasks to queue
[2023-07-05T13:03:50.478+0000] {logging_mixin.py:149} INFO - [2023-07-05T13:03:50.478+0000] {dagbag.py:541} INFO - Filling up the DagBag from /home/airflow/.local/lib/python3.7/site-packages/airflow/example_dags/example_dynamic_task_mapping_with_no_taskflow_operators.py
[2023-07-05T13:03:50.488+0000] {processor.py:836} INFO - DAG(s) dict_keys(['example_dynamic_task_mapping_with_no_taskflow_operators']) retrieved from /home/airflow/.local/lib/python3.7/site-packages/airflow/example_dags/example_dynamic_task_mapping_with_no_taskflow_operators.py
[2023-07-05T13:03:50.520+0000] {logging_mixin.py:149} INFO - [2023-07-05T13:03:50.519+0000] {dag.py:2726} INFO - Sync 1 DAGs
[2023-07-05T13:03:50.562+0000] {logging_mixin.py:149} INFO - [2023-07-05T13:03:50.562+0000] {dag.py:3490} INFO - Setting next_dagrun for example_dynamic_task_mapping_with_no_taskflow_operators to 2023-07-04T13:03:50.561661+00:00, run_after=2023-07-05T13:03:50.561661+00:00
[2023-07-05T13:03:50.594+0000] {processor.py:179} INFO - Processing /home/airflow/.local/lib/python3.7/site-packages/airflow/example_dags/example_dynamic_task_mapping_with_no_taskflow_operators.py took 0.123 seconds
[2023-07-05T13:04:20.813+0000] {processor.py:157} INFO - Started process (PID=1663) to work on /home/airflow/.local/lib/python3.7/site-packages/airflow/example_dags/example_dynamic_task_mapping_with_no_taskflow_operators.py
[2023-07-05T13:04:20.819+0000] {processor.py:826} INFO - Processing file /home/airflow/.local/lib/python3.7/site-packages/airflow/example_dags/example_dynamic_task_mapping_with_no_taskflow_operators.py for tasks to queue
[2023-07-05T13:04:20.821+0000] {logging_mixin.py:149} INFO - [2023-07-05T13:04:20.820+0000] {dagbag.py:541} INFO - Filling up the DagBag from /home/airflow/.local/lib/python3.7/site-packages/airflow/example_dags/example_dynamic_task_mapping_with_no_taskflow_operators.py
[2023-07-05T13:04:20.831+0000] {processor.py:836} INFO - DAG(s) dict_keys(['example_dynamic_task_mapping_with_no_taskflow_operators']) retrieved from /home/airflow/.local/lib/python3.7/site-packages/airflow/example_dags/example_dynamic_task_mapping_with_no_taskflow_operators.py
[2023-07-05T13:04:20.875+0000] {logging_mixin.py:149} INFO - [2023-07-05T13:04:20.874+0000] {dag.py:2726} INFO - Sync 1 DAGs
[2023-07-05T13:04:20.918+0000] {logging_mixin.py:149} INFO - [2023-07-05T13:04:20.917+0000] {dag.py:3490} INFO - Setting next_dagrun for example_dynamic_task_mapping_with_no_taskflow_operators to 2023-07-04T13:04:20.917393+00:00, run_after=2023-07-05T13:04:20.917393+00:00
[2023-07-05T13:04:20.947+0000] {processor.py:179} INFO - Processing /home/airflow/.local/lib/python3.7/site-packages/airflow/example_dags/example_dynamic_task_mapping_with_no_taskflow_operators.py took 0.138 seconds
[2023-07-05T13:04:51.010+0000] {processor.py:157} INFO - Started process (PID=1720) to work on /home/airflow/.local/lib/python3.7/site-packages/airflow/example_dags/example_dynamic_task_mapping_with_no_taskflow_operators.py
[2023-07-05T13:04:51.011+0000] {processor.py:826} INFO - Processing file /home/airflow/.local/lib/python3.7/site-packages/airflow/example_dags/example_dynamic_task_mapping_with_no_taskflow_operators.py for tasks to queue
[2023-07-05T13:04:51.012+0000] {logging_mixin.py:149} INFO - [2023-07-05T13:04:51.012+0000] {dagbag.py:541} INFO - Filling up the DagBag from /home/airflow/.local/lib/python3.7/site-packages/airflow/example_dags/example_dynamic_task_mapping_with_no_taskflow_operators.py
[2023-07-05T13:04:51.025+0000] {processor.py:836} INFO - DAG(s) dict_keys(['example_dynamic_task_mapping_with_no_taskflow_operators']) retrieved from /home/airflow/.local/lib/python3.7/site-packages/airflow/example_dags/example_dynamic_task_mapping_with_no_taskflow_operators.py
[2023-07-05T13:04:51.055+0000] {logging_mixin.py:149} INFO - [2023-07-05T13:04:51.055+0000] {dag.py:2726} INFO - Sync 1 DAGs
[2023-07-05T13:04:51.090+0000] {logging_mixin.py:149} INFO - [2023-07-05T13:04:51.089+0000] {dag.py:3490} INFO - Setting next_dagrun for example_dynamic_task_mapping_with_no_taskflow_operators to 2023-07-04T13:04:51.089274+00:00, run_after=2023-07-05T13:04:51.089274+00:00
[2023-07-05T13:04:51.114+0000] {processor.py:179} INFO - Processing /home/airflow/.local/lib/python3.7/site-packages/airflow/example_dags/example_dynamic_task_mapping_with_no_taskflow_operators.py took 0.107 seconds
[2023-07-05T13:05:21.399+0000] {processor.py:157} INFO - Started process (PID=1778) to work on /home/airflow/.local/lib/python3.7/site-packages/airflow/example_dags/example_dynamic_task_mapping_with_no_taskflow_operators.py
[2023-07-05T13:05:21.400+0000] {processor.py:826} INFO - Processing file /home/airflow/.local/lib/python3.7/site-packages/airflow/example_dags/example_dynamic_task_mapping_with_no_taskflow_operators.py for tasks to queue
[2023-07-05T13:05:21.401+0000] {logging_mixin.py:149} INFO - [2023-07-05T13:05:21.401+0000] {dagbag.py:541} INFO - Filling up the DagBag from /home/airflow/.local/lib/python3.7/site-packages/airflow/example_dags/example_dynamic_task_mapping_with_no_taskflow_operators.py
[2023-07-05T13:05:21.409+0000] {processor.py:836} INFO - DAG(s) dict_keys(['example_dynamic_task_mapping_with_no_taskflow_operators']) retrieved from /home/airflow/.local/lib/python3.7/site-packages/airflow/example_dags/example_dynamic_task_mapping_with_no_taskflow_operators.py
[2023-07-05T13:05:21.439+0000] {logging_mixin.py:149} INFO - [2023-07-05T13:05:21.439+0000] {dag.py:2726} INFO - Sync 1 DAGs
[2023-07-05T13:05:21.479+0000] {logging_mixin.py:149} INFO - [2023-07-05T13:05:21.478+0000] {dag.py:3490} INFO - Setting next_dagrun for example_dynamic_task_mapping_with_no_taskflow_operators to 2023-07-04T13:05:21.478450+00:00, run_after=2023-07-05T13:05:21.478450+00:00
[2023-07-05T13:05:21.504+0000] {processor.py:179} INFO - Processing /home/airflow/.local/lib/python3.7/site-packages/airflow/example_dags/example_dynamic_task_mapping_with_no_taskflow_operators.py took 0.109 seconds
[2023-07-05T13:05:51.757+0000] {processor.py:157} INFO - Started process (PID=1835) to work on /home/airflow/.local/lib/python3.7/site-packages/airflow/example_dags/example_dynamic_task_mapping_with_no_taskflow_operators.py
[2023-07-05T13:05:51.759+0000] {processor.py:826} INFO - Processing file /home/airflow/.local/lib/python3.7/site-packages/airflow/example_dags/example_dynamic_task_mapping_with_no_taskflow_operators.py for tasks to queue
[2023-07-05T13:05:51.761+0000] {logging_mixin.py:149} INFO - [2023-07-05T13:05:51.761+0000] {dagbag.py:541} INFO - Filling up the DagBag from /home/airflow/.local/lib/python3.7/site-packages/airflow/example_dags/example_dynamic_task_mapping_with_no_taskflow_operators.py
[2023-07-05T13:05:51.770+0000] {processor.py:836} INFO - DAG(s) dict_keys(['example_dynamic_task_mapping_with_no_taskflow_operators']) retrieved from /home/airflow/.local/lib/python3.7/site-packages/airflow/example_dags/example_dynamic_task_mapping_with_no_taskflow_operators.py
[2023-07-05T13:05:51.801+0000] {logging_mixin.py:149} INFO - [2023-07-05T13:05:51.800+0000] {dag.py:2726} INFO - Sync 1 DAGs
[2023-07-05T13:05:51.839+0000] {logging_mixin.py:149} INFO - [2023-07-05T13:05:51.839+0000] {dag.py:3490} INFO - Setting next_dagrun for example_dynamic_task_mapping_with_no_taskflow_operators to 2023-07-04T13:05:51.838962+00:00, run_after=2023-07-05T13:05:51.838962+00:00
[2023-07-05T13:05:51.874+0000] {processor.py:179} INFO - Processing /home/airflow/.local/lib/python3.7/site-packages/airflow/example_dags/example_dynamic_task_mapping_with_no_taskflow_operators.py took 0.123 seconds
[2023-07-05T13:06:22.190+0000] {processor.py:157} INFO - Started process (PID=1892) to work on /home/airflow/.local/lib/python3.7/site-packages/airflow/example_dags/example_dynamic_task_mapping_with_no_taskflow_operators.py
[2023-07-05T13:06:22.191+0000] {processor.py:826} INFO - Processing file /home/airflow/.local/lib/python3.7/site-packages/airflow/example_dags/example_dynamic_task_mapping_with_no_taskflow_operators.py for tasks to queue
[2023-07-05T13:06:22.192+0000] {logging_mixin.py:149} INFO - [2023-07-05T13:06:22.192+0000] {dagbag.py:541} INFO - Filling up the DagBag from /home/airflow/.local/lib/python3.7/site-packages/airflow/example_dags/example_dynamic_task_mapping_with_no_taskflow_operators.py
[2023-07-05T13:06:22.202+0000] {processor.py:836} INFO - DAG(s) dict_keys(['example_dynamic_task_mapping_with_no_taskflow_operators']) retrieved from /home/airflow/.local/lib/python3.7/site-packages/airflow/example_dags/example_dynamic_task_mapping_with_no_taskflow_operators.py
[2023-07-05T13:06:22.235+0000] {logging_mixin.py:149} INFO - [2023-07-05T13:06:22.234+0000] {dag.py:2726} INFO - Sync 1 DAGs
[2023-07-05T13:06:22.275+0000] {logging_mixin.py:149} INFO - [2023-07-05T13:06:22.275+0000] {dag.py:3490} INFO - Setting next_dagrun for example_dynamic_task_mapping_with_no_taskflow_operators to 2023-07-04T13:06:22.275253+00:00, run_after=2023-07-05T13:06:22.275253+00:00
[2023-07-05T13:06:22.302+0000] {processor.py:179} INFO - Processing /home/airflow/.local/lib/python3.7/site-packages/airflow/example_dags/example_dynamic_task_mapping_with_no_taskflow_operators.py took 0.116 seconds
[2023-07-05T13:06:52.597+0000] {processor.py:157} INFO - Started process (PID=1949) to work on /home/airflow/.local/lib/python3.7/site-packages/airflow/example_dags/example_dynamic_task_mapping_with_no_taskflow_operators.py
[2023-07-05T13:06:52.598+0000] {processor.py:826} INFO - Processing file /home/airflow/.local/lib/python3.7/site-packages/airflow/example_dags/example_dynamic_task_mapping_with_no_taskflow_operators.py for tasks to queue
[2023-07-05T13:06:52.599+0000] {logging_mixin.py:149} INFO - [2023-07-05T13:06:52.599+0000] {dagbag.py:541} INFO - Filling up the DagBag from /home/airflow/.local/lib/python3.7/site-packages/airflow/example_dags/example_dynamic_task_mapping_with_no_taskflow_operators.py
[2023-07-05T13:06:52.609+0000] {processor.py:836} INFO - DAG(s) dict_keys(['example_dynamic_task_mapping_with_no_taskflow_operators']) retrieved from /home/airflow/.local/lib/python3.7/site-packages/airflow/example_dags/example_dynamic_task_mapping_with_no_taskflow_operators.py
[2023-07-05T13:06:52.643+0000] {logging_mixin.py:149} INFO - [2023-07-05T13:06:52.642+0000] {dag.py:2726} INFO - Sync 1 DAGs
[2023-07-05T13:06:52.681+0000] {logging_mixin.py:149} INFO - [2023-07-05T13:06:52.681+0000] {dag.py:3490} INFO - Setting next_dagrun for example_dynamic_task_mapping_with_no_taskflow_operators to 2023-07-04T13:06:52.679751+00:00, run_after=2023-07-05T13:06:52.679751+00:00
[2023-07-05T13:06:52.717+0000] {processor.py:179} INFO - Processing /home/airflow/.local/lib/python3.7/site-packages/airflow/example_dags/example_dynamic_task_mapping_with_no_taskflow_operators.py took 0.124 seconds
[2023-07-05T13:07:22.987+0000] {processor.py:157} INFO - Started process (PID=2006) to work on /home/airflow/.local/lib/python3.7/site-packages/airflow/example_dags/example_dynamic_task_mapping_with_no_taskflow_operators.py
[2023-07-05T13:07:22.989+0000] {processor.py:826} INFO - Processing file /home/airflow/.local/lib/python3.7/site-packages/airflow/example_dags/example_dynamic_task_mapping_with_no_taskflow_operators.py for tasks to queue
[2023-07-05T13:07:22.990+0000] {logging_mixin.py:149} INFO - [2023-07-05T13:07:22.990+0000] {dagbag.py:541} INFO - Filling up the DagBag from /home/airflow/.local/lib/python3.7/site-packages/airflow/example_dags/example_dynamic_task_mapping_with_no_taskflow_operators.py
[2023-07-05T13:07:23.000+0000] {processor.py:836} INFO - DAG(s) dict_keys(['example_dynamic_task_mapping_with_no_taskflow_operators']) retrieved from /home/airflow/.local/lib/python3.7/site-packages/airflow/example_dags/example_dynamic_task_mapping_with_no_taskflow_operators.py
[2023-07-05T13:07:23.040+0000] {logging_mixin.py:149} INFO - [2023-07-05T13:07:23.040+0000] {dag.py:2726} INFO - Sync 1 DAGs
[2023-07-05T13:07:23.082+0000] {logging_mixin.py:149} INFO - [2023-07-05T13:07:23.081+0000] {dag.py:3490} INFO - Setting next_dagrun for example_dynamic_task_mapping_with_no_taskflow_operators to 2023-07-04T13:07:23.081502+00:00, run_after=2023-07-05T13:07:23.081502+00:00
[2023-07-05T13:07:23.102+0000] {processor.py:179} INFO - Processing /home/airflow/.local/lib/python3.7/site-packages/airflow/example_dags/example_dynamic_task_mapping_with_no_taskflow_operators.py took 0.119 seconds
[2023-07-05T13:07:53.263+0000] {processor.py:157} INFO - Started process (PID=2062) to work on /home/airflow/.local/lib/python3.7/site-packages/airflow/example_dags/example_dynamic_task_mapping_with_no_taskflow_operators.py
[2023-07-05T13:07:53.265+0000] {processor.py:826} INFO - Processing file /home/airflow/.local/lib/python3.7/site-packages/airflow/example_dags/example_dynamic_task_mapping_with_no_taskflow_operators.py for tasks to queue
[2023-07-05T13:07:53.265+0000] {logging_mixin.py:149} INFO - [2023-07-05T13:07:53.265+0000] {dagbag.py:541} INFO - Filling up the DagBag from /home/airflow/.local/lib/python3.7/site-packages/airflow/example_dags/example_dynamic_task_mapping_with_no_taskflow_operators.py
[2023-07-05T13:07:53.274+0000] {processor.py:836} INFO - DAG(s) dict_keys(['example_dynamic_task_mapping_with_no_taskflow_operators']) retrieved from /home/airflow/.local/lib/python3.7/site-packages/airflow/example_dags/example_dynamic_task_mapping_with_no_taskflow_operators.py
[2023-07-05T13:07:53.310+0000] {logging_mixin.py:149} INFO - [2023-07-05T13:07:53.310+0000] {dag.py:2726} INFO - Sync 1 DAGs
[2023-07-05T13:07:53.352+0000] {logging_mixin.py:149} INFO - [2023-07-05T13:07:53.352+0000] {dag.py:3490} INFO - Setting next_dagrun for example_dynamic_task_mapping_with_no_taskflow_operators to 2023-07-04T13:07:53.351770+00:00, run_after=2023-07-05T13:07:53.351770+00:00
[2023-07-05T13:07:53.387+0000] {processor.py:179} INFO - Processing /home/airflow/.local/lib/python3.7/site-packages/airflow/example_dags/example_dynamic_task_mapping_with_no_taskflow_operators.py took 0.128 seconds
[2023-07-05T13:08:23.506+0000] {processor.py:157} INFO - Started process (PID=2119) to work on /home/airflow/.local/lib/python3.7/site-packages/airflow/example_dags/example_dynamic_task_mapping_with_no_taskflow_operators.py
[2023-07-05T13:08:23.507+0000] {processor.py:826} INFO - Processing file /home/airflow/.local/lib/python3.7/site-packages/airflow/example_dags/example_dynamic_task_mapping_with_no_taskflow_operators.py for tasks to queue
[2023-07-05T13:08:23.508+0000] {logging_mixin.py:149} INFO - [2023-07-05T13:08:23.508+0000] {dagbag.py:541} INFO - Filling up the DagBag from /home/airflow/.local/lib/python3.7/site-packages/airflow/example_dags/example_dynamic_task_mapping_with_no_taskflow_operators.py
[2023-07-05T13:08:23.518+0000] {processor.py:836} INFO - DAG(s) dict_keys(['example_dynamic_task_mapping_with_no_taskflow_operators']) retrieved from /home/airflow/.local/lib/python3.7/site-packages/airflow/example_dags/example_dynamic_task_mapping_with_no_taskflow_operators.py
[2023-07-05T13:08:23.554+0000] {logging_mixin.py:149} INFO - [2023-07-05T13:08:23.554+0000] {dag.py:2726} INFO - Sync 1 DAGs
[2023-07-05T13:08:23.592+0000] {logging_mixin.py:149} INFO - [2023-07-05T13:08:23.592+0000] {dag.py:3490} INFO - Setting next_dagrun for example_dynamic_task_mapping_with_no_taskflow_operators to 2023-07-04T13:08:23.591662+00:00, run_after=2023-07-05T13:08:23.591662+00:00
[2023-07-05T13:08:23.618+0000] {processor.py:179} INFO - Processing /home/airflow/.local/lib/python3.7/site-packages/airflow/example_dags/example_dynamic_task_mapping_with_no_taskflow_operators.py took 0.115 seconds
[2023-07-05T13:08:54.088+0000] {processor.py:157} INFO - Started process (PID=2176) to work on /home/airflow/.local/lib/python3.7/site-packages/airflow/example_dags/example_dynamic_task_mapping_with_no_taskflow_operators.py
[2023-07-05T13:08:54.089+0000] {processor.py:826} INFO - Processing file /home/airflow/.local/lib/python3.7/site-packages/airflow/example_dags/example_dynamic_task_mapping_with_no_taskflow_operators.py for tasks to queue
[2023-07-05T13:08:54.090+0000] {logging_mixin.py:149} INFO - [2023-07-05T13:08:54.090+0000] {dagbag.py:541} INFO - Filling up the DagBag from /home/airflow/.local/lib/python3.7/site-packages/airflow/example_dags/example_dynamic_task_mapping_with_no_taskflow_operators.py
[2023-07-05T13:08:54.101+0000] {processor.py:836} INFO - DAG(s) dict_keys(['example_dynamic_task_mapping_with_no_taskflow_operators']) retrieved from /home/airflow/.local/lib/python3.7/site-packages/airflow/example_dags/example_dynamic_task_mapping_with_no_taskflow_operators.py
[2023-07-05T13:08:54.136+0000] {logging_mixin.py:149} INFO - [2023-07-05T13:08:54.135+0000] {dag.py:2726} INFO - Sync 1 DAGs
[2023-07-05T13:08:54.172+0000] {logging_mixin.py:149} INFO - [2023-07-05T13:08:54.172+0000] {dag.py:3490} INFO - Setting next_dagrun for example_dynamic_task_mapping_with_no_taskflow_operators to 2023-07-04T13:08:54.172342+00:00, run_after=2023-07-05T13:08:54.172342+00:00
[2023-07-05T13:08:54.191+0000] {processor.py:179} INFO - Processing /home/airflow/.local/lib/python3.7/site-packages/airflow/example_dags/example_dynamic_task_mapping_with_no_taskflow_operators.py took 0.107 seconds
[2023-07-05T13:09:24.598+0000] {processor.py:157} INFO - Started process (PID=2233) to work on /home/airflow/.local/lib/python3.7/site-packages/airflow/example_dags/example_dynamic_task_mapping_with_no_taskflow_operators.py
[2023-07-05T13:09:24.599+0000] {processor.py:826} INFO - Processing file /home/airflow/.local/lib/python3.7/site-packages/airflow/example_dags/example_dynamic_task_mapping_with_no_taskflow_operators.py for tasks to queue
[2023-07-05T13:09:24.600+0000] {logging_mixin.py:149} INFO - [2023-07-05T13:09:24.600+0000] {dagbag.py:541} INFO - Filling up the DagBag from /home/airflow/.local/lib/python3.7/site-packages/airflow/example_dags/example_dynamic_task_mapping_with_no_taskflow_operators.py
[2023-07-05T13:09:24.607+0000] {processor.py:836} INFO - DAG(s) dict_keys(['example_dynamic_task_mapping_with_no_taskflow_operators']) retrieved from /home/airflow/.local/lib/python3.7/site-packages/airflow/example_dags/example_dynamic_task_mapping_with_no_taskflow_operators.py
[2023-07-05T13:09:24.641+0000] {logging_mixin.py:149} INFO - [2023-07-05T13:09:24.641+0000] {dag.py:2726} INFO - Sync 1 DAGs
[2023-07-05T13:09:24.683+0000] {logging_mixin.py:149} INFO - [2023-07-05T13:09:24.682+0000] {dag.py:3490} INFO - Setting next_dagrun for example_dynamic_task_mapping_with_no_taskflow_operators to 2023-07-04T13:09:24.682635+00:00, run_after=2023-07-05T13:09:24.682635+00:00
[2023-07-05T13:09:24.707+0000] {processor.py:179} INFO - Processing /home/airflow/.local/lib/python3.7/site-packages/airflow/example_dags/example_dynamic_task_mapping_with_no_taskflow_operators.py took 0.113 seconds
[2023-07-05T13:09:55.084+0000] {processor.py:157} INFO - Started process (PID=2290) to work on /home/airflow/.local/lib/python3.7/site-packages/airflow/example_dags/example_dynamic_task_mapping_with_no_taskflow_operators.py
[2023-07-05T13:09:55.086+0000] {processor.py:826} INFO - Processing file /home/airflow/.local/lib/python3.7/site-packages/airflow/example_dags/example_dynamic_task_mapping_with_no_taskflow_operators.py for tasks to queue
[2023-07-05T13:09:55.087+0000] {logging_mixin.py:149} INFO - [2023-07-05T13:09:55.086+0000] {dagbag.py:541} INFO - Filling up the DagBag from /home/airflow/.local/lib/python3.7/site-packages/airflow/example_dags/example_dynamic_task_mapping_with_no_taskflow_operators.py
[2023-07-05T13:09:55.094+0000] {processor.py:836} INFO - DAG(s) dict_keys(['example_dynamic_task_mapping_with_no_taskflow_operators']) retrieved from /home/airflow/.local/lib/python3.7/site-packages/airflow/example_dags/example_dynamic_task_mapping_with_no_taskflow_operators.py
[2023-07-05T13:09:55.131+0000] {logging_mixin.py:149} INFO - [2023-07-05T13:09:55.131+0000] {dag.py:2726} INFO - Sync 1 DAGs
[2023-07-05T13:09:55.176+0000] {logging_mixin.py:149} INFO - [2023-07-05T13:09:55.176+0000] {dag.py:3490} INFO - Setting next_dagrun for example_dynamic_task_mapping_with_no_taskflow_operators to 2023-07-04T13:09:55.175689+00:00, run_after=2023-07-05T13:09:55.175689+00:00
[2023-07-05T13:09:55.210+0000] {processor.py:179} INFO - Processing /home/airflow/.local/lib/python3.7/site-packages/airflow/example_dags/example_dynamic_task_mapping_with_no_taskflow_operators.py took 0.129 seconds
[2023-07-05T13:10:25.398+0000] {processor.py:157} INFO - Started process (PID=2347) to work on /home/airflow/.local/lib/python3.7/site-packages/airflow/example_dags/example_dynamic_task_mapping_with_no_taskflow_operators.py
[2023-07-05T13:10:25.400+0000] {processor.py:826} INFO - Processing file /home/airflow/.local/lib/python3.7/site-packages/airflow/example_dags/example_dynamic_task_mapping_with_no_taskflow_operators.py for tasks to queue
[2023-07-05T13:10:25.401+0000] {logging_mixin.py:149} INFO - [2023-07-05T13:10:25.401+0000] {dagbag.py:541} INFO - Filling up the DagBag from /home/airflow/.local/lib/python3.7/site-packages/airflow/example_dags/example_dynamic_task_mapping_with_no_taskflow_operators.py
[2023-07-05T13:10:25.410+0000] {processor.py:836} INFO - DAG(s) dict_keys(['example_dynamic_task_mapping_with_no_taskflow_operators']) retrieved from /home/airflow/.local/lib/python3.7/site-packages/airflow/example_dags/example_dynamic_task_mapping_with_no_taskflow_operators.py
[2023-07-05T13:10:25.444+0000] {logging_mixin.py:149} INFO - [2023-07-05T13:10:25.444+0000] {dag.py:2726} INFO - Sync 1 DAGs
[2023-07-05T13:10:25.493+0000] {logging_mixin.py:149} INFO - [2023-07-05T13:10:25.493+0000] {dag.py:3490} INFO - Setting next_dagrun for example_dynamic_task_mapping_with_no_taskflow_operators to 2023-07-04T13:10:25.493034+00:00, run_after=2023-07-05T13:10:25.493034+00:00
[2023-07-05T13:10:25.530+0000] {processor.py:179} INFO - Processing /home/airflow/.local/lib/python3.7/site-packages/airflow/example_dags/example_dynamic_task_mapping_with_no_taskflow_operators.py took 0.137 seconds
[2023-07-05T13:10:55.741+0000] {processor.py:157} INFO - Started process (PID=2404) to work on /home/airflow/.local/lib/python3.7/site-packages/airflow/example_dags/example_dynamic_task_mapping_with_no_taskflow_operators.py
[2023-07-05T13:10:55.742+0000] {processor.py:826} INFO - Processing file /home/airflow/.local/lib/python3.7/site-packages/airflow/example_dags/example_dynamic_task_mapping_with_no_taskflow_operators.py for tasks to queue
[2023-07-05T13:10:55.743+0000] {logging_mixin.py:149} INFO - [2023-07-05T13:10:55.743+0000] {dagbag.py:541} INFO - Filling up the DagBag from /home/airflow/.local/lib/python3.7/site-packages/airflow/example_dags/example_dynamic_task_mapping_with_no_taskflow_operators.py
[2023-07-05T13:10:55.751+0000] {processor.py:836} INFO - DAG(s) dict_keys(['example_dynamic_task_mapping_with_no_taskflow_operators']) retrieved from /home/airflow/.local/lib/python3.7/site-packages/airflow/example_dags/example_dynamic_task_mapping_with_no_taskflow_operators.py
[2023-07-05T13:10:55.784+0000] {logging_mixin.py:149} INFO - [2023-07-05T13:10:55.784+0000] {dag.py:2726} INFO - Sync 1 DAGs
[2023-07-05T13:10:55.821+0000] {logging_mixin.py:149} INFO - [2023-07-05T13:10:55.821+0000] {dag.py:3490} INFO - Setting next_dagrun for example_dynamic_task_mapping_with_no_taskflow_operators to 2023-07-04T13:10:55.820642+00:00, run_after=2023-07-05T13:10:55.820642+00:00
[2023-07-05T13:10:55.855+0000] {processor.py:179} INFO - Processing /home/airflow/.local/lib/python3.7/site-packages/airflow/example_dags/example_dynamic_task_mapping_with_no_taskflow_operators.py took 0.119 seconds
[2023-07-05T13:11:26.185+0000] {processor.py:157} INFO - Started process (PID=2461) to work on /home/airflow/.local/lib/python3.7/site-packages/airflow/example_dags/example_dynamic_task_mapping_with_no_taskflow_operators.py
[2023-07-05T13:11:26.186+0000] {processor.py:826} INFO - Processing file /home/airflow/.local/lib/python3.7/site-packages/airflow/example_dags/example_dynamic_task_mapping_with_no_taskflow_operators.py for tasks to queue
[2023-07-05T13:11:26.187+0000] {logging_mixin.py:149} INFO - [2023-07-05T13:11:26.187+0000] {dagbag.py:541} INFO - Filling up the DagBag from /home/airflow/.local/lib/python3.7/site-packages/airflow/example_dags/example_dynamic_task_mapping_with_no_taskflow_operators.py
[2023-07-05T13:11:26.195+0000] {processor.py:836} INFO - DAG(s) dict_keys(['example_dynamic_task_mapping_with_no_taskflow_operators']) retrieved from /home/airflow/.local/lib/python3.7/site-packages/airflow/example_dags/example_dynamic_task_mapping_with_no_taskflow_operators.py
[2023-07-05T13:11:26.229+0000] {logging_mixin.py:149} INFO - [2023-07-05T13:11:26.228+0000] {dag.py:2726} INFO - Sync 1 DAGs
[2023-07-05T13:11:26.270+0000] {logging_mixin.py:149} INFO - [2023-07-05T13:11:26.269+0000] {dag.py:3490} INFO - Setting next_dagrun for example_dynamic_task_mapping_with_no_taskflow_operators to 2023-07-04T13:11:26.269327+00:00, run_after=2023-07-05T13:11:26.269327+00:00
[2023-07-05T13:11:26.295+0000] {processor.py:179} INFO - Processing /home/airflow/.local/lib/python3.7/site-packages/airflow/example_dags/example_dynamic_task_mapping_with_no_taskflow_operators.py took 0.114 seconds
[2023-07-05T13:11:56.555+0000] {processor.py:157} INFO - Started process (PID=2518) to work on /home/airflow/.local/lib/python3.7/site-packages/airflow/example_dags/example_dynamic_task_mapping_with_no_taskflow_operators.py
[2023-07-05T13:11:56.556+0000] {processor.py:826} INFO - Processing file /home/airflow/.local/lib/python3.7/site-packages/airflow/example_dags/example_dynamic_task_mapping_with_no_taskflow_operators.py for tasks to queue
[2023-07-05T13:11:56.557+0000] {logging_mixin.py:149} INFO - [2023-07-05T13:11:56.557+0000] {dagbag.py:541} INFO - Filling up the DagBag from /home/airflow/.local/lib/python3.7/site-packages/airflow/example_dags/example_dynamic_task_mapping_with_no_taskflow_operators.py
[2023-07-05T13:11:56.565+0000] {processor.py:836} INFO - DAG(s) dict_keys(['example_dynamic_task_mapping_with_no_taskflow_operators']) retrieved from /home/airflow/.local/lib/python3.7/site-packages/airflow/example_dags/example_dynamic_task_mapping_with_no_taskflow_operators.py
[2023-07-05T13:11:56.597+0000] {logging_mixin.py:149} INFO - [2023-07-05T13:11:56.597+0000] {dag.py:2726} INFO - Sync 1 DAGs
[2023-07-05T13:11:56.631+0000] {logging_mixin.py:149} INFO - [2023-07-05T13:11:56.631+0000] {dag.py:3490} INFO - Setting next_dagrun for example_dynamic_task_mapping_with_no_taskflow_operators to 2023-07-04T13:11:56.631234+00:00, run_after=2023-07-05T13:11:56.631234+00:00
[2023-07-05T13:11:56.651+0000] {processor.py:179} INFO - Processing /home/airflow/.local/lib/python3.7/site-packages/airflow/example_dags/example_dynamic_task_mapping_with_no_taskflow_operators.py took 0.099 seconds
[2023-07-05T13:12:27.338+0000] {processor.py:157} INFO - Started process (PID=2575) to work on /home/airflow/.local/lib/python3.7/site-packages/airflow/example_dags/example_dynamic_task_mapping_with_no_taskflow_operators.py
[2023-07-05T13:12:27.340+0000] {processor.py:826} INFO - Processing file /home/airflow/.local/lib/python3.7/site-packages/airflow/example_dags/example_dynamic_task_mapping_with_no_taskflow_operators.py for tasks to queue
[2023-07-05T13:12:27.341+0000] {logging_mixin.py:149} INFO - [2023-07-05T13:12:27.341+0000] {dagbag.py:541} INFO - Filling up the DagBag from /home/airflow/.local/lib/python3.7/site-packages/airflow/example_dags/example_dynamic_task_mapping_with_no_taskflow_operators.py
[2023-07-05T13:12:27.351+0000] {processor.py:836} INFO - DAG(s) dict_keys(['example_dynamic_task_mapping_with_no_taskflow_operators']) retrieved from /home/airflow/.local/lib/python3.7/site-packages/airflow/example_dags/example_dynamic_task_mapping_with_no_taskflow_operators.py
[2023-07-05T13:12:27.383+0000] {logging_mixin.py:149} INFO - [2023-07-05T13:12:27.383+0000] {dag.py:2726} INFO - Sync 1 DAGs
[2023-07-05T13:12:27.432+0000] {logging_mixin.py:149} INFO - [2023-07-05T13:12:27.431+0000] {dag.py:3490} INFO - Setting next_dagrun for example_dynamic_task_mapping_with_no_taskflow_operators to 2023-07-04T13:12:27.431581+00:00, run_after=2023-07-05T13:12:27.431581+00:00
[2023-07-05T13:12:27.461+0000] {processor.py:179} INFO - Processing /home/airflow/.local/lib/python3.7/site-packages/airflow/example_dags/example_dynamic_task_mapping_with_no_taskflow_operators.py took 0.127 seconds
[2023-07-05T13:12:57.591+0000] {processor.py:157} INFO - Started process (PID=2632) to work on /home/airflow/.local/lib/python3.7/site-packages/airflow/example_dags/example_dynamic_task_mapping_with_no_taskflow_operators.py
[2023-07-05T13:12:57.592+0000] {processor.py:826} INFO - Processing file /home/airflow/.local/lib/python3.7/site-packages/airflow/example_dags/example_dynamic_task_mapping_with_no_taskflow_operators.py for tasks to queue
[2023-07-05T13:12:57.593+0000] {logging_mixin.py:149} INFO - [2023-07-05T13:12:57.593+0000] {dagbag.py:541} INFO - Filling up the DagBag from /home/airflow/.local/lib/python3.7/site-packages/airflow/example_dags/example_dynamic_task_mapping_with_no_taskflow_operators.py
[2023-07-05T13:12:57.605+0000] {processor.py:836} INFO - DAG(s) dict_keys(['example_dynamic_task_mapping_with_no_taskflow_operators']) retrieved from /home/airflow/.local/lib/python3.7/site-packages/airflow/example_dags/example_dynamic_task_mapping_with_no_taskflow_operators.py
[2023-07-05T13:12:57.636+0000] {logging_mixin.py:149} INFO - [2023-07-05T13:12:57.636+0000] {dag.py:2726} INFO - Sync 1 DAGs
[2023-07-05T13:12:57.672+0000] {logging_mixin.py:149} INFO - [2023-07-05T13:12:57.672+0000] {dag.py:3490} INFO - Setting next_dagrun for example_dynamic_task_mapping_with_no_taskflow_operators to 2023-07-04T13:12:57.672363+00:00, run_after=2023-07-05T13:12:57.672363+00:00
[2023-07-05T13:12:57.698+0000] {processor.py:179} INFO - Processing /home/airflow/.local/lib/python3.7/site-packages/airflow/example_dags/example_dynamic_task_mapping_with_no_taskflow_operators.py took 0.111 seconds
[2023-07-05T13:13:27.924+0000] {processor.py:157} INFO - Started process (PID=2689) to work on /home/airflow/.local/lib/python3.7/site-packages/airflow/example_dags/example_dynamic_task_mapping_with_no_taskflow_operators.py
[2023-07-05T13:13:27.926+0000] {processor.py:826} INFO - Processing file /home/airflow/.local/lib/python3.7/site-packages/airflow/example_dags/example_dynamic_task_mapping_with_no_taskflow_operators.py for tasks to queue
[2023-07-05T13:13:27.927+0000] {logging_mixin.py:149} INFO - [2023-07-05T13:13:27.927+0000] {dagbag.py:541} INFO - Filling up the DagBag from /home/airflow/.local/lib/python3.7/site-packages/airflow/example_dags/example_dynamic_task_mapping_with_no_taskflow_operators.py
[2023-07-05T13:13:27.935+0000] {processor.py:836} INFO - DAG(s) dict_keys(['example_dynamic_task_mapping_with_no_taskflow_operators']) retrieved from /home/airflow/.local/lib/python3.7/site-packages/airflow/example_dags/example_dynamic_task_mapping_with_no_taskflow_operators.py
[2023-07-05T13:13:27.968+0000] {logging_mixin.py:149} INFO - [2023-07-05T13:13:27.968+0000] {dag.py:2726} INFO - Sync 1 DAGs
[2023-07-05T13:13:28.002+0000] {logging_mixin.py:149} INFO - [2023-07-05T13:13:28.002+0000] {dag.py:3490} INFO - Setting next_dagrun for example_dynamic_task_mapping_with_no_taskflow_operators to 2023-07-04T13:13:28.001867+00:00, run_after=2023-07-05T13:13:28.001867+00:00
[2023-07-05T13:13:28.033+0000] {processor.py:179} INFO - Processing /home/airflow/.local/lib/python3.7/site-packages/airflow/example_dags/example_dynamic_task_mapping_with_no_taskflow_operators.py took 0.113 seconds
[2023-07-05T13:13:58.183+0000] {processor.py:157} INFO - Started process (PID=2747) to work on /home/airflow/.local/lib/python3.7/site-packages/airflow/example_dags/example_dynamic_task_mapping_with_no_taskflow_operators.py
[2023-07-05T13:13:58.184+0000] {processor.py:826} INFO - Processing file /home/airflow/.local/lib/python3.7/site-packages/airflow/example_dags/example_dynamic_task_mapping_with_no_taskflow_operators.py for tasks to queue
[2023-07-05T13:13:58.185+0000] {logging_mixin.py:149} INFO - [2023-07-05T13:13:58.185+0000] {dagbag.py:541} INFO - Filling up the DagBag from /home/airflow/.local/lib/python3.7/site-packages/airflow/example_dags/example_dynamic_task_mapping_with_no_taskflow_operators.py
[2023-07-05T13:13:58.193+0000] {processor.py:836} INFO - DAG(s) dict_keys(['example_dynamic_task_mapping_with_no_taskflow_operators']) retrieved from /home/airflow/.local/lib/python3.7/site-packages/airflow/example_dags/example_dynamic_task_mapping_with_no_taskflow_operators.py
[2023-07-05T13:13:58.231+0000] {logging_mixin.py:149} INFO - [2023-07-05T13:13:58.231+0000] {dag.py:2726} INFO - Sync 1 DAGs
[2023-07-05T13:13:58.280+0000] {logging_mixin.py:149} INFO - [2023-07-05T13:13:58.279+0000] {dag.py:3490} INFO - Setting next_dagrun for example_dynamic_task_mapping_with_no_taskflow_operators to 2023-07-04T13:13:58.279315+00:00, run_after=2023-07-05T13:13:58.279315+00:00
[2023-07-05T13:13:58.307+0000] {processor.py:179} INFO - Processing /home/airflow/.local/lib/python3.7/site-packages/airflow/example_dags/example_dynamic_task_mapping_with_no_taskflow_operators.py took 0.128 seconds
[2023-07-05T13:14:28.653+0000] {processor.py:157} INFO - Started process (PID=2804) to work on /home/airflow/.local/lib/python3.7/site-packages/airflow/example_dags/example_dynamic_task_mapping_with_no_taskflow_operators.py
[2023-07-05T13:14:28.654+0000] {processor.py:826} INFO - Processing file /home/airflow/.local/lib/python3.7/site-packages/airflow/example_dags/example_dynamic_task_mapping_with_no_taskflow_operators.py for tasks to queue
[2023-07-05T13:14:28.654+0000] {logging_mixin.py:149} INFO - [2023-07-05T13:14:28.654+0000] {dagbag.py:541} INFO - Filling up the DagBag from /home/airflow/.local/lib/python3.7/site-packages/airflow/example_dags/example_dynamic_task_mapping_with_no_taskflow_operators.py
[2023-07-05T13:14:28.664+0000] {processor.py:836} INFO - DAG(s) dict_keys(['example_dynamic_task_mapping_with_no_taskflow_operators']) retrieved from /home/airflow/.local/lib/python3.7/site-packages/airflow/example_dags/example_dynamic_task_mapping_with_no_taskflow_operators.py
[2023-07-05T13:14:28.694+0000] {logging_mixin.py:149} INFO - [2023-07-05T13:14:28.693+0000] {dag.py:2726} INFO - Sync 1 DAGs
[2023-07-05T13:14:28.734+0000] {logging_mixin.py:149} INFO - [2023-07-05T13:14:28.734+0000] {dag.py:3490} INFO - Setting next_dagrun for example_dynamic_task_mapping_with_no_taskflow_operators to 2023-07-04T13:14:28.733771+00:00, run_after=2023-07-05T13:14:28.733771+00:00
[2023-07-05T13:14:28.770+0000] {processor.py:179} INFO - Processing /home/airflow/.local/lib/python3.7/site-packages/airflow/example_dags/example_dynamic_task_mapping_with_no_taskflow_operators.py took 0.120 seconds
[2023-07-05T13:14:58.884+0000] {processor.py:157} INFO - Started process (PID=2860) to work on /home/airflow/.local/lib/python3.7/site-packages/airflow/example_dags/example_dynamic_task_mapping_with_no_taskflow_operators.py
[2023-07-05T13:14:58.886+0000] {processor.py:826} INFO - Processing file /home/airflow/.local/lib/python3.7/site-packages/airflow/example_dags/example_dynamic_task_mapping_with_no_taskflow_operators.py for tasks to queue
[2023-07-05T13:14:58.887+0000] {logging_mixin.py:149} INFO - [2023-07-05T13:14:58.887+0000] {dagbag.py:541} INFO - Filling up the DagBag from /home/airflow/.local/lib/python3.7/site-packages/airflow/example_dags/example_dynamic_task_mapping_with_no_taskflow_operators.py
[2023-07-05T13:14:58.898+0000] {processor.py:836} INFO - DAG(s) dict_keys(['example_dynamic_task_mapping_with_no_taskflow_operators']) retrieved from /home/airflow/.local/lib/python3.7/site-packages/airflow/example_dags/example_dynamic_task_mapping_with_no_taskflow_operators.py
[2023-07-05T13:14:58.938+0000] {logging_mixin.py:149} INFO - [2023-07-05T13:14:58.938+0000] {dag.py:2726} INFO - Sync 1 DAGs
[2023-07-05T13:14:58.973+0000] {logging_mixin.py:149} INFO - [2023-07-05T13:14:58.973+0000] {dag.py:3490} INFO - Setting next_dagrun for example_dynamic_task_mapping_with_no_taskflow_operators to 2023-07-04T13:14:58.973345+00:00, run_after=2023-07-05T13:14:58.973345+00:00
[2023-07-05T13:14:59.007+0000] {processor.py:179} INFO - Processing /home/airflow/.local/lib/python3.7/site-packages/airflow/example_dags/example_dynamic_task_mapping_with_no_taskflow_operators.py took 0.127 seconds
[2023-07-05T13:15:29.320+0000] {processor.py:157} INFO - Started process (PID=2917) to work on /home/airflow/.local/lib/python3.7/site-packages/airflow/example_dags/example_dynamic_task_mapping_with_no_taskflow_operators.py
[2023-07-05T13:15:29.321+0000] {processor.py:826} INFO - Processing file /home/airflow/.local/lib/python3.7/site-packages/airflow/example_dags/example_dynamic_task_mapping_with_no_taskflow_operators.py for tasks to queue
[2023-07-05T13:15:29.322+0000] {logging_mixin.py:149} INFO - [2023-07-05T13:15:29.322+0000] {dagbag.py:541} INFO - Filling up the DagBag from /home/airflow/.local/lib/python3.7/site-packages/airflow/example_dags/example_dynamic_task_mapping_with_no_taskflow_operators.py
[2023-07-05T13:15:29.331+0000] {processor.py:836} INFO - DAG(s) dict_keys(['example_dynamic_task_mapping_with_no_taskflow_operators']) retrieved from /home/airflow/.local/lib/python3.7/site-packages/airflow/example_dags/example_dynamic_task_mapping_with_no_taskflow_operators.py
[2023-07-05T13:15:29.373+0000] {logging_mixin.py:149} INFO - [2023-07-05T13:15:29.373+0000] {dag.py:2726} INFO - Sync 1 DAGs
[2023-07-05T13:15:29.426+0000] {logging_mixin.py:149} INFO - [2023-07-05T13:15:29.426+0000] {dag.py:3490} INFO - Setting next_dagrun for example_dynamic_task_mapping_with_no_taskflow_operators to 2023-07-04T13:15:29.425738+00:00, run_after=2023-07-05T13:15:29.425738+00:00
[2023-07-05T13:15:29.461+0000] {processor.py:179} INFO - Processing /home/airflow/.local/lib/python3.7/site-packages/airflow/example_dags/example_dynamic_task_mapping_with_no_taskflow_operators.py took 0.146 seconds
[2023-07-05T13:15:59.656+0000] {processor.py:157} INFO - Started process (PID=2974) to work on /home/airflow/.local/lib/python3.7/site-packages/airflow/example_dags/example_dynamic_task_mapping_with_no_taskflow_operators.py
[2023-07-05T13:15:59.657+0000] {processor.py:826} INFO - Processing file /home/airflow/.local/lib/python3.7/site-packages/airflow/example_dags/example_dynamic_task_mapping_with_no_taskflow_operators.py for tasks to queue
[2023-07-05T13:15:59.658+0000] {logging_mixin.py:149} INFO - [2023-07-05T13:15:59.658+0000] {dagbag.py:541} INFO - Filling up the DagBag from /home/airflow/.local/lib/python3.7/site-packages/airflow/example_dags/example_dynamic_task_mapping_with_no_taskflow_operators.py
[2023-07-05T13:15:59.666+0000] {processor.py:836} INFO - DAG(s) dict_keys(['example_dynamic_task_mapping_with_no_taskflow_operators']) retrieved from /home/airflow/.local/lib/python3.7/site-packages/airflow/example_dags/example_dynamic_task_mapping_with_no_taskflow_operators.py
[2023-07-05T13:15:59.700+0000] {logging_mixin.py:149} INFO - [2023-07-05T13:15:59.700+0000] {dag.py:2726} INFO - Sync 1 DAGs
[2023-07-05T13:15:59.745+0000] {logging_mixin.py:149} INFO - [2023-07-05T13:15:59.745+0000] {dag.py:3490} INFO - Setting next_dagrun for example_dynamic_task_mapping_with_no_taskflow_operators to 2023-07-04T13:15:59.744615+00:00, run_after=2023-07-05T13:15:59.744615+00:00
[2023-07-05T13:15:59.776+0000] {processor.py:179} INFO - Processing /home/airflow/.local/lib/python3.7/site-packages/airflow/example_dags/example_dynamic_task_mapping_with_no_taskflow_operators.py took 0.123 seconds
[2023-07-05T13:16:30.001+0000] {processor.py:157} INFO - Started process (PID=3031) to work on /home/airflow/.local/lib/python3.7/site-packages/airflow/example_dags/example_dynamic_task_mapping_with_no_taskflow_operators.py
[2023-07-05T13:16:30.002+0000] {processor.py:826} INFO - Processing file /home/airflow/.local/lib/python3.7/site-packages/airflow/example_dags/example_dynamic_task_mapping_with_no_taskflow_operators.py for tasks to queue
[2023-07-05T13:16:30.003+0000] {logging_mixin.py:149} INFO - [2023-07-05T13:16:30.003+0000] {dagbag.py:541} INFO - Filling up the DagBag from /home/airflow/.local/lib/python3.7/site-packages/airflow/example_dags/example_dynamic_task_mapping_with_no_taskflow_operators.py
[2023-07-05T13:16:30.012+0000] {processor.py:836} INFO - DAG(s) dict_keys(['example_dynamic_task_mapping_with_no_taskflow_operators']) retrieved from /home/airflow/.local/lib/python3.7/site-packages/airflow/example_dags/example_dynamic_task_mapping_with_no_taskflow_operators.py
[2023-07-05T13:16:30.052+0000] {logging_mixin.py:149} INFO - [2023-07-05T13:16:30.051+0000] {dag.py:2726} INFO - Sync 1 DAGs
[2023-07-05T13:16:30.112+0000] {logging_mixin.py:149} INFO - [2023-07-05T13:16:30.112+0000] {dag.py:3490} INFO - Setting next_dagrun for example_dynamic_task_mapping_with_no_taskflow_operators to 2023-07-04T13:16:30.111958+00:00, run_after=2023-07-05T13:16:30.111958+00:00
[2023-07-05T13:16:30.152+0000] {processor.py:179} INFO - Processing /home/airflow/.local/lib/python3.7/site-packages/airflow/example_dags/example_dynamic_task_mapping_with_no_taskflow_operators.py took 0.155 seconds
[2023-07-05T13:17:00.582+0000] {processor.py:157} INFO - Started process (PID=3087) to work on /home/airflow/.local/lib/python3.7/site-packages/airflow/example_dags/example_dynamic_task_mapping_with_no_taskflow_operators.py
[2023-07-05T13:17:00.583+0000] {processor.py:826} INFO - Processing file /home/airflow/.local/lib/python3.7/site-packages/airflow/example_dags/example_dynamic_task_mapping_with_no_taskflow_operators.py for tasks to queue
[2023-07-05T13:17:00.584+0000] {logging_mixin.py:149} INFO - [2023-07-05T13:17:00.584+0000] {dagbag.py:541} INFO - Filling up the DagBag from /home/airflow/.local/lib/python3.7/site-packages/airflow/example_dags/example_dynamic_task_mapping_with_no_taskflow_operators.py
[2023-07-05T13:17:00.593+0000] {processor.py:836} INFO - DAG(s) dict_keys(['example_dynamic_task_mapping_with_no_taskflow_operators']) retrieved from /home/airflow/.local/lib/python3.7/site-packages/airflow/example_dags/example_dynamic_task_mapping_with_no_taskflow_operators.py
[2023-07-05T13:17:00.625+0000] {logging_mixin.py:149} INFO - [2023-07-05T13:17:00.625+0000] {dag.py:2726} INFO - Sync 1 DAGs
[2023-07-05T13:17:00.661+0000] {logging_mixin.py:149} INFO - [2023-07-05T13:17:00.660+0000] {dag.py:3490} INFO - Setting next_dagrun for example_dynamic_task_mapping_with_no_taskflow_operators to 2023-07-04T13:17:00.660324+00:00, run_after=2023-07-05T13:17:00.660324+00:00
[2023-07-05T13:17:00.682+0000] {processor.py:179} INFO - Processing /home/airflow/.local/lib/python3.7/site-packages/airflow/example_dags/example_dynamic_task_mapping_with_no_taskflow_operators.py took 0.105 seconds
[2023-07-05T13:17:31.130+0000] {processor.py:157} INFO - Started process (PID=3144) to work on /home/airflow/.local/lib/python3.7/site-packages/airflow/example_dags/example_dynamic_task_mapping_with_no_taskflow_operators.py
[2023-07-05T13:17:31.131+0000] {processor.py:826} INFO - Processing file /home/airflow/.local/lib/python3.7/site-packages/airflow/example_dags/example_dynamic_task_mapping_with_no_taskflow_operators.py for tasks to queue
[2023-07-05T13:17:31.132+0000] {logging_mixin.py:149} INFO - [2023-07-05T13:17:31.132+0000] {dagbag.py:541} INFO - Filling up the DagBag from /home/airflow/.local/lib/python3.7/site-packages/airflow/example_dags/example_dynamic_task_mapping_with_no_taskflow_operators.py
[2023-07-05T13:17:31.140+0000] {processor.py:836} INFO - DAG(s) dict_keys(['example_dynamic_task_mapping_with_no_taskflow_operators']) retrieved from /home/airflow/.local/lib/python3.7/site-packages/airflow/example_dags/example_dynamic_task_mapping_with_no_taskflow_operators.py
[2023-07-05T13:17:31.170+0000] {logging_mixin.py:149} INFO - [2023-07-05T13:17:31.169+0000] {dag.py:2726} INFO - Sync 1 DAGs
[2023-07-05T13:17:31.209+0000] {logging_mixin.py:149} INFO - [2023-07-05T13:17:31.209+0000] {dag.py:3490} INFO - Setting next_dagrun for example_dynamic_task_mapping_with_no_taskflow_operators to 2023-07-04T13:17:31.208797+00:00, run_after=2023-07-05T13:17:31.208797+00:00
[2023-07-05T13:17:31.237+0000] {processor.py:179} INFO - Processing /home/airflow/.local/lib/python3.7/site-packages/airflow/example_dags/example_dynamic_task_mapping_with_no_taskflow_operators.py took 0.110 seconds
[2023-07-05T13:18:01.395+0000] {processor.py:157} INFO - Started process (PID=3201) to work on /home/airflow/.local/lib/python3.7/site-packages/airflow/example_dags/example_dynamic_task_mapping_with_no_taskflow_operators.py
[2023-07-05T13:18:01.396+0000] {processor.py:826} INFO - Processing file /home/airflow/.local/lib/python3.7/site-packages/airflow/example_dags/example_dynamic_task_mapping_with_no_taskflow_operators.py for tasks to queue
[2023-07-05T13:18:01.397+0000] {logging_mixin.py:149} INFO - [2023-07-05T13:18:01.396+0000] {dagbag.py:541} INFO - Filling up the DagBag from /home/airflow/.local/lib/python3.7/site-packages/airflow/example_dags/example_dynamic_task_mapping_with_no_taskflow_operators.py
[2023-07-05T13:18:01.404+0000] {processor.py:836} INFO - DAG(s) dict_keys(['example_dynamic_task_mapping_with_no_taskflow_operators']) retrieved from /home/airflow/.local/lib/python3.7/site-packages/airflow/example_dags/example_dynamic_task_mapping_with_no_taskflow_operators.py
[2023-07-05T13:18:01.437+0000] {logging_mixin.py:149} INFO - [2023-07-05T13:18:01.436+0000] {dag.py:2726} INFO - Sync 1 DAGs
[2023-07-05T13:18:01.487+0000] {logging_mixin.py:149} INFO - [2023-07-05T13:18:01.487+0000] {dag.py:3490} INFO - Setting next_dagrun for example_dynamic_task_mapping_with_no_taskflow_operators to 2023-07-04T13:18:01.486640+00:00, run_after=2023-07-05T13:18:01.486640+00:00
[2023-07-05T13:18:01.524+0000] {processor.py:179} INFO - Processing /home/airflow/.local/lib/python3.7/site-packages/airflow/example_dags/example_dynamic_task_mapping_with_no_taskflow_operators.py took 0.133 seconds
