[2023-07-05T12:50:00.124+0000] {processor.py:157} INFO - Started process (PID=68) to work on /home/airflow/.local/lib/python3.7/site-packages/airflow/example_dags/example_branch_day_of_week_operator.py
[2023-07-05T12:50:00.132+0000] {processor.py:826} INFO - Processing file /home/airflow/.local/lib/python3.7/site-packages/airflow/example_dags/example_branch_day_of_week_operator.py for tasks to queue
[2023-07-05T12:50:00.136+0000] {logging_mixin.py:149} INFO - [2023-07-05T12:50:00.135+0000] {dagbag.py:541} INFO - Filling up the DagBag from /home/airflow/.local/lib/python3.7/site-packages/airflow/example_dags/example_branch_day_of_week_operator.py
[2023-07-05T12:50:00.182+0000] {processor.py:836} INFO - DAG(s) dict_keys(['example_weekday_branch_operator']) retrieved from /home/airflow/.local/lib/python3.7/site-packages/airflow/example_dags/example_branch_day_of_week_operator.py
[2023-07-05T12:50:00.272+0000] {logging_mixin.py:149} INFO - [2023-07-05T12:50:00.271+0000] {dag.py:2726} INFO - Sync 1 DAGs
[2023-07-05T12:50:00.393+0000] {logging_mixin.py:149} INFO - [2023-07-05T12:50:00.392+0000] {dag.py:3490} INFO - Setting next_dagrun for example_weekday_branch_operator to 2023-07-04T00:00:00+00:00, run_after=2023-07-05T00:00:00+00:00
[2023-07-05T12:50:00.522+0000] {processor.py:179} INFO - Processing /home/airflow/.local/lib/python3.7/site-packages/airflow/example_dags/example_branch_day_of_week_operator.py took 0.435 seconds
[2023-07-05T12:50:33.714+0000] {processor.py:157} INFO - Started process (PID=125) to work on /home/airflow/.local/lib/python3.7/site-packages/airflow/example_dags/example_branch_day_of_week_operator.py
[2023-07-05T12:50:33.715+0000] {processor.py:826} INFO - Processing file /home/airflow/.local/lib/python3.7/site-packages/airflow/example_dags/example_branch_day_of_week_operator.py for tasks to queue
[2023-07-05T12:50:33.715+0000] {logging_mixin.py:149} INFO - [2023-07-05T12:50:33.715+0000] {dagbag.py:541} INFO - Filling up the DagBag from /home/airflow/.local/lib/python3.7/site-packages/airflow/example_dags/example_branch_day_of_week_operator.py
[2023-07-05T12:50:33.724+0000] {processor.py:836} INFO - DAG(s) dict_keys(['example_weekday_branch_operator']) retrieved from /home/airflow/.local/lib/python3.7/site-packages/airflow/example_dags/example_branch_day_of_week_operator.py
[2023-07-05T12:50:33.756+0000] {logging_mixin.py:149} INFO - [2023-07-05T12:50:33.756+0000] {dag.py:2726} INFO - Sync 1 DAGs
[2023-07-05T12:50:33.797+0000] {logging_mixin.py:149} INFO - [2023-07-05T12:50:33.797+0000] {dag.py:3490} INFO - Setting next_dagrun for example_weekday_branch_operator to 2023-07-04T00:00:00+00:00, run_after=2023-07-05T00:00:00+00:00
[2023-07-05T12:50:33.822+0000] {processor.py:179} INFO - Processing /home/airflow/.local/lib/python3.7/site-packages/airflow/example_dags/example_branch_day_of_week_operator.py took 0.112 seconds
[2023-07-05T12:51:04.879+0000] {processor.py:157} INFO - Started process (PID=183) to work on /home/airflow/.local/lib/python3.7/site-packages/airflow/example_dags/example_branch_day_of_week_operator.py
[2023-07-05T12:51:04.880+0000] {processor.py:826} INFO - Processing file /home/airflow/.local/lib/python3.7/site-packages/airflow/example_dags/example_branch_day_of_week_operator.py for tasks to queue
[2023-07-05T12:51:04.881+0000] {logging_mixin.py:149} INFO - [2023-07-05T12:51:04.881+0000] {dagbag.py:541} INFO - Filling up the DagBag from /home/airflow/.local/lib/python3.7/site-packages/airflow/example_dags/example_branch_day_of_week_operator.py
[2023-07-05T12:51:04.891+0000] {processor.py:836} INFO - DAG(s) dict_keys(['example_weekday_branch_operator']) retrieved from /home/airflow/.local/lib/python3.7/site-packages/airflow/example_dags/example_branch_day_of_week_operator.py
[2023-07-05T12:51:04.932+0000] {logging_mixin.py:149} INFO - [2023-07-05T12:51:04.932+0000] {dag.py:2726} INFO - Sync 1 DAGs
[2023-07-05T12:51:04.978+0000] {logging_mixin.py:149} INFO - [2023-07-05T12:51:04.978+0000] {dag.py:3490} INFO - Setting next_dagrun for example_weekday_branch_operator to 2023-07-04T00:00:00+00:00, run_after=2023-07-05T00:00:00+00:00
[2023-07-05T12:51:05.016+0000] {processor.py:179} INFO - Processing /home/airflow/.local/lib/python3.7/site-packages/airflow/example_dags/example_branch_day_of_week_operator.py took 0.141 seconds
[2023-07-05T12:51:36.217+0000] {processor.py:157} INFO - Started process (PID=240) to work on /home/airflow/.local/lib/python3.7/site-packages/airflow/example_dags/example_branch_day_of_week_operator.py
[2023-07-05T12:51:36.219+0000] {processor.py:826} INFO - Processing file /home/airflow/.local/lib/python3.7/site-packages/airflow/example_dags/example_branch_day_of_week_operator.py for tasks to queue
[2023-07-05T12:51:36.220+0000] {logging_mixin.py:149} INFO - [2023-07-05T12:51:36.220+0000] {dagbag.py:541} INFO - Filling up the DagBag from /home/airflow/.local/lib/python3.7/site-packages/airflow/example_dags/example_branch_day_of_week_operator.py
[2023-07-05T12:51:36.230+0000] {processor.py:836} INFO - DAG(s) dict_keys(['example_weekday_branch_operator']) retrieved from /home/airflow/.local/lib/python3.7/site-packages/airflow/example_dags/example_branch_day_of_week_operator.py
[2023-07-05T12:51:36.271+0000] {logging_mixin.py:149} INFO - [2023-07-05T12:51:36.271+0000] {dag.py:2726} INFO - Sync 1 DAGs
[2023-07-05T12:51:36.311+0000] {logging_mixin.py:149} INFO - [2023-07-05T12:51:36.311+0000] {dag.py:3490} INFO - Setting next_dagrun for example_weekday_branch_operator to 2023-07-04T00:00:00+00:00, run_after=2023-07-05T00:00:00+00:00
[2023-07-05T12:51:36.344+0000] {processor.py:179} INFO - Processing /home/airflow/.local/lib/python3.7/site-packages/airflow/example_dags/example_branch_day_of_week_operator.py took 0.130 seconds
[2023-07-05T12:52:07.396+0000] {processor.py:157} INFO - Started process (PID=297) to work on /home/airflow/.local/lib/python3.7/site-packages/airflow/example_dags/example_branch_day_of_week_operator.py
[2023-07-05T12:52:07.397+0000] {processor.py:826} INFO - Processing file /home/airflow/.local/lib/python3.7/site-packages/airflow/example_dags/example_branch_day_of_week_operator.py for tasks to queue
[2023-07-05T12:52:07.399+0000] {logging_mixin.py:149} INFO - [2023-07-05T12:52:07.398+0000] {dagbag.py:541} INFO - Filling up the DagBag from /home/airflow/.local/lib/python3.7/site-packages/airflow/example_dags/example_branch_day_of_week_operator.py
[2023-07-05T12:52:07.411+0000] {processor.py:836} INFO - DAG(s) dict_keys(['example_weekday_branch_operator']) retrieved from /home/airflow/.local/lib/python3.7/site-packages/airflow/example_dags/example_branch_day_of_week_operator.py
[2023-07-05T12:52:07.452+0000] {logging_mixin.py:149} INFO - [2023-07-05T12:52:07.451+0000] {dag.py:2726} INFO - Sync 1 DAGs
[2023-07-05T12:52:07.516+0000] {logging_mixin.py:149} INFO - [2023-07-05T12:52:07.516+0000] {dag.py:3490} INFO - Setting next_dagrun for example_weekday_branch_operator to 2023-07-04T00:00:00+00:00, run_after=2023-07-05T00:00:00+00:00
[2023-07-05T12:52:07.553+0000] {processor.py:179} INFO - Processing /home/airflow/.local/lib/python3.7/site-packages/airflow/example_dags/example_branch_day_of_week_operator.py took 0.162 seconds
[2023-07-05T12:52:38.994+0000] {processor.py:157} INFO - Started process (PID=354) to work on /home/airflow/.local/lib/python3.7/site-packages/airflow/example_dags/example_branch_day_of_week_operator.py
[2023-07-05T12:52:38.995+0000] {processor.py:826} INFO - Processing file /home/airflow/.local/lib/python3.7/site-packages/airflow/example_dags/example_branch_day_of_week_operator.py for tasks to queue
[2023-07-05T12:52:38.996+0000] {logging_mixin.py:149} INFO - [2023-07-05T12:52:38.995+0000] {dagbag.py:541} INFO - Filling up the DagBag from /home/airflow/.local/lib/python3.7/site-packages/airflow/example_dags/example_branch_day_of_week_operator.py
[2023-07-05T12:52:39.005+0000] {processor.py:836} INFO - DAG(s) dict_keys(['example_weekday_branch_operator']) retrieved from /home/airflow/.local/lib/python3.7/site-packages/airflow/example_dags/example_branch_day_of_week_operator.py
[2023-07-05T12:52:39.045+0000] {logging_mixin.py:149} INFO - [2023-07-05T12:52:39.045+0000] {dag.py:2726} INFO - Sync 1 DAGs
[2023-07-05T12:52:39.227+0000] {logging_mixin.py:149} INFO - [2023-07-05T12:52:39.226+0000] {dag.py:3490} INFO - Setting next_dagrun for example_weekday_branch_operator to 2023-07-04T00:00:00+00:00, run_after=2023-07-05T00:00:00+00:00
[2023-07-05T12:52:39.252+0000] {processor.py:179} INFO - Processing /home/airflow/.local/lib/python3.7/site-packages/airflow/example_dags/example_branch_day_of_week_operator.py took 0.263 seconds
[2023-07-05T12:53:09.303+0000] {processor.py:157} INFO - Started process (PID=412) to work on /home/airflow/.local/lib/python3.7/site-packages/airflow/example_dags/example_branch_day_of_week_operator.py
[2023-07-05T12:53:09.304+0000] {processor.py:826} INFO - Processing file /home/airflow/.local/lib/python3.7/site-packages/airflow/example_dags/example_branch_day_of_week_operator.py for tasks to queue
[2023-07-05T12:53:09.304+0000] {logging_mixin.py:149} INFO - [2023-07-05T12:53:09.304+0000] {dagbag.py:541} INFO - Filling up the DagBag from /home/airflow/.local/lib/python3.7/site-packages/airflow/example_dags/example_branch_day_of_week_operator.py
[2023-07-05T12:53:09.313+0000] {processor.py:836} INFO - DAG(s) dict_keys(['example_weekday_branch_operator']) retrieved from /home/airflow/.local/lib/python3.7/site-packages/airflow/example_dags/example_branch_day_of_week_operator.py
[2023-07-05T12:53:09.347+0000] {logging_mixin.py:149} INFO - [2023-07-05T12:53:09.347+0000] {dag.py:2726} INFO - Sync 1 DAGs
[2023-07-05T12:53:09.394+0000] {logging_mixin.py:149} INFO - [2023-07-05T12:53:09.393+0000] {dag.py:3490} INFO - Setting next_dagrun for example_weekday_branch_operator to 2023-07-04T00:00:00+00:00, run_after=2023-07-05T00:00:00+00:00
[2023-07-05T12:53:09.424+0000] {processor.py:179} INFO - Processing /home/airflow/.local/lib/python3.7/site-packages/airflow/example_dags/example_branch_day_of_week_operator.py took 0.125 seconds
[2023-07-05T12:53:39.615+0000] {processor.py:157} INFO - Started process (PID=468) to work on /home/airflow/.local/lib/python3.7/site-packages/airflow/example_dags/example_branch_day_of_week_operator.py
[2023-07-05T12:53:39.616+0000] {processor.py:826} INFO - Processing file /home/airflow/.local/lib/python3.7/site-packages/airflow/example_dags/example_branch_day_of_week_operator.py for tasks to queue
[2023-07-05T12:53:39.617+0000] {logging_mixin.py:149} INFO - [2023-07-05T12:53:39.617+0000] {dagbag.py:541} INFO - Filling up the DagBag from /home/airflow/.local/lib/python3.7/site-packages/airflow/example_dags/example_branch_day_of_week_operator.py
[2023-07-05T12:53:39.625+0000] {processor.py:836} INFO - DAG(s) dict_keys(['example_weekday_branch_operator']) retrieved from /home/airflow/.local/lib/python3.7/site-packages/airflow/example_dags/example_branch_day_of_week_operator.py
[2023-07-05T12:53:39.658+0000] {logging_mixin.py:149} INFO - [2023-07-05T12:53:39.658+0000] {dag.py:2726} INFO - Sync 1 DAGs
[2023-07-05T12:53:39.698+0000] {logging_mixin.py:149} INFO - [2023-07-05T12:53:39.698+0000] {dag.py:3490} INFO - Setting next_dagrun for example_weekday_branch_operator to 2023-07-04T00:00:00+00:00, run_after=2023-07-05T00:00:00+00:00
[2023-07-05T12:53:39.726+0000] {processor.py:179} INFO - Processing /home/airflow/.local/lib/python3.7/site-packages/airflow/example_dags/example_branch_day_of_week_operator.py took 0.114 seconds
[2023-07-05T12:54:11.245+0000] {processor.py:157} INFO - Started process (PID=525) to work on /home/airflow/.local/lib/python3.7/site-packages/airflow/example_dags/example_branch_day_of_week_operator.py
[2023-07-05T12:54:11.246+0000] {processor.py:826} INFO - Processing file /home/airflow/.local/lib/python3.7/site-packages/airflow/example_dags/example_branch_day_of_week_operator.py for tasks to queue
[2023-07-05T12:54:11.247+0000] {logging_mixin.py:149} INFO - [2023-07-05T12:54:11.247+0000] {dagbag.py:541} INFO - Filling up the DagBag from /home/airflow/.local/lib/python3.7/site-packages/airflow/example_dags/example_branch_day_of_week_operator.py
[2023-07-05T12:54:11.258+0000] {processor.py:836} INFO - DAG(s) dict_keys(['example_weekday_branch_operator']) retrieved from /home/airflow/.local/lib/python3.7/site-packages/airflow/example_dags/example_branch_day_of_week_operator.py
[2023-07-05T12:54:11.297+0000] {logging_mixin.py:149} INFO - [2023-07-05T12:54:11.297+0000] {dag.py:2726} INFO - Sync 1 DAGs
[2023-07-05T12:54:11.498+0000] {logging_mixin.py:149} INFO - [2023-07-05T12:54:11.497+0000] {dag.py:3490} INFO - Setting next_dagrun for example_weekday_branch_operator to 2023-07-04T00:00:00+00:00, run_after=2023-07-05T00:00:00+00:00
[2023-07-05T12:54:11.520+0000] {processor.py:179} INFO - Processing /home/airflow/.local/lib/python3.7/site-packages/airflow/example_dags/example_branch_day_of_week_operator.py took 0.280 seconds
[2023-07-05T12:54:41.701+0000] {processor.py:157} INFO - Started process (PID=583) to work on /home/airflow/.local/lib/python3.7/site-packages/airflow/example_dags/example_branch_day_of_week_operator.py
[2023-07-05T12:54:41.702+0000] {processor.py:826} INFO - Processing file /home/airflow/.local/lib/python3.7/site-packages/airflow/example_dags/example_branch_day_of_week_operator.py for tasks to queue
[2023-07-05T12:54:41.703+0000] {logging_mixin.py:149} INFO - [2023-07-05T12:54:41.703+0000] {dagbag.py:541} INFO - Filling up the DagBag from /home/airflow/.local/lib/python3.7/site-packages/airflow/example_dags/example_branch_day_of_week_operator.py
[2023-07-05T12:54:41.713+0000] {processor.py:836} INFO - DAG(s) dict_keys(['example_weekday_branch_operator']) retrieved from /home/airflow/.local/lib/python3.7/site-packages/airflow/example_dags/example_branch_day_of_week_operator.py
[2023-07-05T12:54:41.744+0000] {logging_mixin.py:149} INFO - [2023-07-05T12:54:41.744+0000] {dag.py:2726} INFO - Sync 1 DAGs
[2023-07-05T12:54:41.781+0000] {logging_mixin.py:149} INFO - [2023-07-05T12:54:41.781+0000] {dag.py:3490} INFO - Setting next_dagrun for example_weekday_branch_operator to 2023-07-04T00:00:00+00:00, run_after=2023-07-05T00:00:00+00:00
[2023-07-05T12:54:41.806+0000] {processor.py:179} INFO - Processing /home/airflow/.local/lib/python3.7/site-packages/airflow/example_dags/example_branch_day_of_week_operator.py took 0.108 seconds
[2023-07-05T12:55:12.822+0000] {processor.py:157} INFO - Started process (PID=639) to work on /home/airflow/.local/lib/python3.7/site-packages/airflow/example_dags/example_branch_day_of_week_operator.py
[2023-07-05T12:55:12.823+0000] {processor.py:826} INFO - Processing file /home/airflow/.local/lib/python3.7/site-packages/airflow/example_dags/example_branch_day_of_week_operator.py for tasks to queue
[2023-07-05T12:55:12.824+0000] {logging_mixin.py:149} INFO - [2023-07-05T12:55:12.824+0000] {dagbag.py:541} INFO - Filling up the DagBag from /home/airflow/.local/lib/python3.7/site-packages/airflow/example_dags/example_branch_day_of_week_operator.py
[2023-07-05T12:55:12.834+0000] {processor.py:836} INFO - DAG(s) dict_keys(['example_weekday_branch_operator']) retrieved from /home/airflow/.local/lib/python3.7/site-packages/airflow/example_dags/example_branch_day_of_week_operator.py
[2023-07-05T12:55:13.008+0000] {logging_mixin.py:149} INFO - [2023-07-05T12:55:13.008+0000] {dag.py:2726} INFO - Sync 1 DAGs
[2023-07-05T12:55:13.055+0000] {logging_mixin.py:149} INFO - [2023-07-05T12:55:13.055+0000] {dag.py:3490} INFO - Setting next_dagrun for example_weekday_branch_operator to 2023-07-04T00:00:00+00:00, run_after=2023-07-05T00:00:00+00:00
[2023-07-05T12:55:13.086+0000] {processor.py:179} INFO - Processing /home/airflow/.local/lib/python3.7/site-packages/airflow/example_dags/example_branch_day_of_week_operator.py took 0.269 seconds
[2023-07-05T12:55:44.258+0000] {processor.py:157} INFO - Started process (PID=696) to work on /home/airflow/.local/lib/python3.7/site-packages/airflow/example_dags/example_branch_day_of_week_operator.py
[2023-07-05T12:55:44.260+0000] {processor.py:826} INFO - Processing file /home/airflow/.local/lib/python3.7/site-packages/airflow/example_dags/example_branch_day_of_week_operator.py for tasks to queue
[2023-07-05T12:55:44.262+0000] {logging_mixin.py:149} INFO - [2023-07-05T12:55:44.262+0000] {dagbag.py:541} INFO - Filling up the DagBag from /home/airflow/.local/lib/python3.7/site-packages/airflow/example_dags/example_branch_day_of_week_operator.py
[2023-07-05T12:55:44.273+0000] {processor.py:836} INFO - DAG(s) dict_keys(['example_weekday_branch_operator']) retrieved from /home/airflow/.local/lib/python3.7/site-packages/airflow/example_dags/example_branch_day_of_week_operator.py
[2023-07-05T12:55:44.313+0000] {logging_mixin.py:149} INFO - [2023-07-05T12:55:44.313+0000] {dag.py:2726} INFO - Sync 1 DAGs
[2023-07-05T12:55:44.518+0000] {logging_mixin.py:149} INFO - [2023-07-05T12:55:44.518+0000] {dag.py:3490} INFO - Setting next_dagrun for example_weekday_branch_operator to 2023-07-04T00:00:00+00:00, run_after=2023-07-05T00:00:00+00:00
[2023-07-05T12:55:44.546+0000] {processor.py:179} INFO - Processing /home/airflow/.local/lib/python3.7/site-packages/airflow/example_dags/example_branch_day_of_week_operator.py took 0.292 seconds
[2023-07-05T12:56:15.025+0000] {processor.py:157} INFO - Started process (PID=753) to work on /home/airflow/.local/lib/python3.7/site-packages/airflow/example_dags/example_branch_day_of_week_operator.py
[2023-07-05T12:56:15.026+0000] {processor.py:826} INFO - Processing file /home/airflow/.local/lib/python3.7/site-packages/airflow/example_dags/example_branch_day_of_week_operator.py for tasks to queue
[2023-07-05T12:56:15.027+0000] {logging_mixin.py:149} INFO - [2023-07-05T12:56:15.027+0000] {dagbag.py:541} INFO - Filling up the DagBag from /home/airflow/.local/lib/python3.7/site-packages/airflow/example_dags/example_branch_day_of_week_operator.py
[2023-07-05T12:56:15.038+0000] {processor.py:836} INFO - DAG(s) dict_keys(['example_weekday_branch_operator']) retrieved from /home/airflow/.local/lib/python3.7/site-packages/airflow/example_dags/example_branch_day_of_week_operator.py
[2023-07-05T12:56:15.231+0000] {logging_mixin.py:149} INFO - [2023-07-05T12:56:15.231+0000] {dag.py:2726} INFO - Sync 1 DAGs
[2023-07-05T12:56:15.273+0000] {logging_mixin.py:149} INFO - [2023-07-05T12:56:15.273+0000] {dag.py:3490} INFO - Setting next_dagrun for example_weekday_branch_operator to 2023-07-04T00:00:00+00:00, run_after=2023-07-05T00:00:00+00:00
[2023-07-05T12:56:15.305+0000] {processor.py:179} INFO - Processing /home/airflow/.local/lib/python3.7/site-packages/airflow/example_dags/example_branch_day_of_week_operator.py took 0.285 seconds
[2023-07-05T12:56:45.927+0000] {processor.py:157} INFO - Started process (PID=809) to work on /home/airflow/.local/lib/python3.7/site-packages/airflow/example_dags/example_branch_day_of_week_operator.py
[2023-07-05T12:56:45.929+0000] {processor.py:826} INFO - Processing file /home/airflow/.local/lib/python3.7/site-packages/airflow/example_dags/example_branch_day_of_week_operator.py for tasks to queue
[2023-07-05T12:56:45.929+0000] {logging_mixin.py:149} INFO - [2023-07-05T12:56:45.929+0000] {dagbag.py:541} INFO - Filling up the DagBag from /home/airflow/.local/lib/python3.7/site-packages/airflow/example_dags/example_branch_day_of_week_operator.py
[2023-07-05T12:56:45.945+0000] {processor.py:836} INFO - DAG(s) dict_keys(['example_weekday_branch_operator']) retrieved from /home/airflow/.local/lib/python3.7/site-packages/airflow/example_dags/example_branch_day_of_week_operator.py
[2023-07-05T12:56:45.987+0000] {logging_mixin.py:149} INFO - [2023-07-05T12:56:45.987+0000] {dag.py:2726} INFO - Sync 1 DAGs
[2023-07-05T12:56:46.027+0000] {logging_mixin.py:149} INFO - [2023-07-05T12:56:46.027+0000] {dag.py:3490} INFO - Setting next_dagrun for example_weekday_branch_operator to 2023-07-04T00:00:00+00:00, run_after=2023-07-05T00:00:00+00:00
[2023-07-05T12:56:46.063+0000] {processor.py:179} INFO - Processing /home/airflow/.local/lib/python3.7/site-packages/airflow/example_dags/example_branch_day_of_week_operator.py took 0.139 seconds
[2023-07-05T12:57:16.576+0000] {processor.py:157} INFO - Started process (PID=865) to work on /home/airflow/.local/lib/python3.7/site-packages/airflow/example_dags/example_branch_day_of_week_operator.py
[2023-07-05T12:57:16.578+0000] {processor.py:826} INFO - Processing file /home/airflow/.local/lib/python3.7/site-packages/airflow/example_dags/example_branch_day_of_week_operator.py for tasks to queue
[2023-07-05T12:57:16.579+0000] {logging_mixin.py:149} INFO - [2023-07-05T12:57:16.579+0000] {dagbag.py:541} INFO - Filling up the DagBag from /home/airflow/.local/lib/python3.7/site-packages/airflow/example_dags/example_branch_day_of_week_operator.py
[2023-07-05T12:57:16.590+0000] {processor.py:836} INFO - DAG(s) dict_keys(['example_weekday_branch_operator']) retrieved from /home/airflow/.local/lib/python3.7/site-packages/airflow/example_dags/example_branch_day_of_week_operator.py
[2023-07-05T12:57:16.630+0000] {logging_mixin.py:149} INFO - [2023-07-05T12:57:16.629+0000] {dag.py:2726} INFO - Sync 1 DAGs
[2023-07-05T12:57:16.676+0000] {logging_mixin.py:149} INFO - [2023-07-05T12:57:16.675+0000] {dag.py:3490} INFO - Setting next_dagrun for example_weekday_branch_operator to 2023-07-04T00:00:00+00:00, run_after=2023-07-05T00:00:00+00:00
[2023-07-05T12:57:16.702+0000] {processor.py:179} INFO - Processing /home/airflow/.local/lib/python3.7/site-packages/airflow/example_dags/example_branch_day_of_week_operator.py took 0.131 seconds
[2023-07-05T12:57:47.449+0000] {processor.py:157} INFO - Started process (PID=928) to work on /home/airflow/.local/lib/python3.7/site-packages/airflow/example_dags/example_branch_day_of_week_operator.py
[2023-07-05T12:57:47.450+0000] {processor.py:826} INFO - Processing file /home/airflow/.local/lib/python3.7/site-packages/airflow/example_dags/example_branch_day_of_week_operator.py for tasks to queue
[2023-07-05T12:57:47.451+0000] {logging_mixin.py:149} INFO - [2023-07-05T12:57:47.451+0000] {dagbag.py:541} INFO - Filling up the DagBag from /home/airflow/.local/lib/python3.7/site-packages/airflow/example_dags/example_branch_day_of_week_operator.py
[2023-07-05T12:57:47.459+0000] {processor.py:836} INFO - DAG(s) dict_keys(['example_weekday_branch_operator']) retrieved from /home/airflow/.local/lib/python3.7/site-packages/airflow/example_dags/example_branch_day_of_week_operator.py
[2023-07-05T12:57:47.497+0000] {logging_mixin.py:149} INFO - [2023-07-05T12:57:47.497+0000] {dag.py:2726} INFO - Sync 1 DAGs
[2023-07-05T12:57:47.542+0000] {logging_mixin.py:149} INFO - [2023-07-05T12:57:47.542+0000] {dag.py:3490} INFO - Setting next_dagrun for example_weekday_branch_operator to 2023-07-04T00:00:00+00:00, run_after=2023-07-05T00:00:00+00:00
[2023-07-05T12:57:47.568+0000] {processor.py:179} INFO - Processing /home/airflow/.local/lib/python3.7/site-packages/airflow/example_dags/example_branch_day_of_week_operator.py took 0.123 seconds
[2023-07-05T12:58:17.709+0000] {processor.py:157} INFO - Started process (PID=984) to work on /home/airflow/.local/lib/python3.7/site-packages/airflow/example_dags/example_branch_day_of_week_operator.py
[2023-07-05T12:58:17.710+0000] {processor.py:826} INFO - Processing file /home/airflow/.local/lib/python3.7/site-packages/airflow/example_dags/example_branch_day_of_week_operator.py for tasks to queue
[2023-07-05T12:58:17.712+0000] {logging_mixin.py:149} INFO - [2023-07-05T12:58:17.712+0000] {dagbag.py:541} INFO - Filling up the DagBag from /home/airflow/.local/lib/python3.7/site-packages/airflow/example_dags/example_branch_day_of_week_operator.py
[2023-07-05T12:58:17.724+0000] {processor.py:836} INFO - DAG(s) dict_keys(['example_weekday_branch_operator']) retrieved from /home/airflow/.local/lib/python3.7/site-packages/airflow/example_dags/example_branch_day_of_week_operator.py
[2023-07-05T12:58:17.761+0000] {logging_mixin.py:149} INFO - [2023-07-05T12:58:17.761+0000] {dag.py:2726} INFO - Sync 1 DAGs
[2023-07-05T12:58:17.808+0000] {logging_mixin.py:149} INFO - [2023-07-05T12:58:17.807+0000] {dag.py:3490} INFO - Setting next_dagrun for example_weekday_branch_operator to 2023-07-04T00:00:00+00:00, run_after=2023-07-05T00:00:00+00:00
[2023-07-05T12:58:17.836+0000] {processor.py:179} INFO - Processing /home/airflow/.local/lib/python3.7/site-packages/airflow/example_dags/example_branch_day_of_week_operator.py took 0.133 seconds
[2023-07-05T12:58:47.962+0000] {processor.py:157} INFO - Started process (PID=1040) to work on /home/airflow/.local/lib/python3.7/site-packages/airflow/example_dags/example_branch_day_of_week_operator.py
[2023-07-05T12:58:47.963+0000] {processor.py:826} INFO - Processing file /home/airflow/.local/lib/python3.7/site-packages/airflow/example_dags/example_branch_day_of_week_operator.py for tasks to queue
[2023-07-05T12:58:47.963+0000] {logging_mixin.py:149} INFO - [2023-07-05T12:58:47.963+0000] {dagbag.py:541} INFO - Filling up the DagBag from /home/airflow/.local/lib/python3.7/site-packages/airflow/example_dags/example_branch_day_of_week_operator.py
[2023-07-05T12:58:47.973+0000] {processor.py:836} INFO - DAG(s) dict_keys(['example_weekday_branch_operator']) retrieved from /home/airflow/.local/lib/python3.7/site-packages/airflow/example_dags/example_branch_day_of_week_operator.py
[2023-07-05T12:58:48.015+0000] {logging_mixin.py:149} INFO - [2023-07-05T12:58:48.015+0000] {dag.py:2726} INFO - Sync 1 DAGs
[2023-07-05T12:58:48.077+0000] {logging_mixin.py:149} INFO - [2023-07-05T12:58:48.077+0000] {dag.py:3490} INFO - Setting next_dagrun for example_weekday_branch_operator to 2023-07-04T00:00:00+00:00, run_after=2023-07-05T00:00:00+00:00
[2023-07-05T12:58:48.108+0000] {processor.py:179} INFO - Processing /home/airflow/.local/lib/python3.7/site-packages/airflow/example_dags/example_branch_day_of_week_operator.py took 0.150 seconds
[2023-07-05T12:59:18.384+0000] {processor.py:157} INFO - Started process (PID=1097) to work on /home/airflow/.local/lib/python3.7/site-packages/airflow/example_dags/example_branch_day_of_week_operator.py
[2023-07-05T12:59:18.386+0000] {processor.py:826} INFO - Processing file /home/airflow/.local/lib/python3.7/site-packages/airflow/example_dags/example_branch_day_of_week_operator.py for tasks to queue
[2023-07-05T12:59:18.386+0000] {logging_mixin.py:149} INFO - [2023-07-05T12:59:18.386+0000] {dagbag.py:541} INFO - Filling up the DagBag from /home/airflow/.local/lib/python3.7/site-packages/airflow/example_dags/example_branch_day_of_week_operator.py
[2023-07-05T12:59:18.397+0000] {processor.py:836} INFO - DAG(s) dict_keys(['example_weekday_branch_operator']) retrieved from /home/airflow/.local/lib/python3.7/site-packages/airflow/example_dags/example_branch_day_of_week_operator.py
[2023-07-05T12:59:18.431+0000] {logging_mixin.py:149} INFO - [2023-07-05T12:59:18.431+0000] {dag.py:2726} INFO - Sync 1 DAGs
[2023-07-05T12:59:18.475+0000] {logging_mixin.py:149} INFO - [2023-07-05T12:59:18.474+0000] {dag.py:3490} INFO - Setting next_dagrun for example_weekday_branch_operator to 2023-07-04T00:00:00+00:00, run_after=2023-07-05T00:00:00+00:00
[2023-07-05T12:59:18.504+0000] {processor.py:179} INFO - Processing /home/airflow/.local/lib/python3.7/site-packages/airflow/example_dags/example_branch_day_of_week_operator.py took 0.123 seconds
[2023-07-05T12:59:48.671+0000] {processor.py:157} INFO - Started process (PID=1154) to work on /home/airflow/.local/lib/python3.7/site-packages/airflow/example_dags/example_branch_day_of_week_operator.py
[2023-07-05T12:59:48.672+0000] {processor.py:826} INFO - Processing file /home/airflow/.local/lib/python3.7/site-packages/airflow/example_dags/example_branch_day_of_week_operator.py for tasks to queue
[2023-07-05T12:59:48.673+0000] {logging_mixin.py:149} INFO - [2023-07-05T12:59:48.673+0000] {dagbag.py:541} INFO - Filling up the DagBag from /home/airflow/.local/lib/python3.7/site-packages/airflow/example_dags/example_branch_day_of_week_operator.py
[2023-07-05T12:59:48.685+0000] {processor.py:836} INFO - DAG(s) dict_keys(['example_weekday_branch_operator']) retrieved from /home/airflow/.local/lib/python3.7/site-packages/airflow/example_dags/example_branch_day_of_week_operator.py
[2023-07-05T12:59:48.726+0000] {logging_mixin.py:149} INFO - [2023-07-05T12:59:48.725+0000] {dag.py:2726} INFO - Sync 1 DAGs
[2023-07-05T12:59:48.776+0000] {logging_mixin.py:149} INFO - [2023-07-05T12:59:48.776+0000] {dag.py:3490} INFO - Setting next_dagrun for example_weekday_branch_operator to 2023-07-04T00:00:00+00:00, run_after=2023-07-05T00:00:00+00:00
[2023-07-05T12:59:48.810+0000] {processor.py:179} INFO - Processing /home/airflow/.local/lib/python3.7/site-packages/airflow/example_dags/example_branch_day_of_week_operator.py took 0.144 seconds
[2023-07-05T13:00:19.483+0000] {processor.py:157} INFO - Started process (PID=1211) to work on /home/airflow/.local/lib/python3.7/site-packages/airflow/example_dags/example_branch_day_of_week_operator.py
[2023-07-05T13:00:19.484+0000] {processor.py:826} INFO - Processing file /home/airflow/.local/lib/python3.7/site-packages/airflow/example_dags/example_branch_day_of_week_operator.py for tasks to queue
[2023-07-05T13:00:19.485+0000] {logging_mixin.py:149} INFO - [2023-07-05T13:00:19.485+0000] {dagbag.py:541} INFO - Filling up the DagBag from /home/airflow/.local/lib/python3.7/site-packages/airflow/example_dags/example_branch_day_of_week_operator.py
[2023-07-05T13:00:19.496+0000] {processor.py:836} INFO - DAG(s) dict_keys(['example_weekday_branch_operator']) retrieved from /home/airflow/.local/lib/python3.7/site-packages/airflow/example_dags/example_branch_day_of_week_operator.py
[2023-07-05T13:00:19.531+0000] {logging_mixin.py:149} INFO - [2023-07-05T13:00:19.530+0000] {dag.py:2726} INFO - Sync 1 DAGs
[2023-07-05T13:00:19.569+0000] {logging_mixin.py:149} INFO - [2023-07-05T13:00:19.569+0000] {dag.py:3490} INFO - Setting next_dagrun for example_weekday_branch_operator to 2023-07-04T00:00:00+00:00, run_after=2023-07-05T00:00:00+00:00
[2023-07-05T13:00:19.595+0000] {processor.py:179} INFO - Processing /home/airflow/.local/lib/python3.7/site-packages/airflow/example_dags/example_branch_day_of_week_operator.py took 0.116 seconds
[2023-07-05T13:00:49.943+0000] {processor.py:157} INFO - Started process (PID=1268) to work on /home/airflow/.local/lib/python3.7/site-packages/airflow/example_dags/example_branch_day_of_week_operator.py
[2023-07-05T13:00:49.946+0000] {processor.py:826} INFO - Processing file /home/airflow/.local/lib/python3.7/site-packages/airflow/example_dags/example_branch_day_of_week_operator.py for tasks to queue
[2023-07-05T13:00:49.946+0000] {logging_mixin.py:149} INFO - [2023-07-05T13:00:49.946+0000] {dagbag.py:541} INFO - Filling up the DagBag from /home/airflow/.local/lib/python3.7/site-packages/airflow/example_dags/example_branch_day_of_week_operator.py
[2023-07-05T13:00:49.956+0000] {processor.py:836} INFO - DAG(s) dict_keys(['example_weekday_branch_operator']) retrieved from /home/airflow/.local/lib/python3.7/site-packages/airflow/example_dags/example_branch_day_of_week_operator.py
[2023-07-05T13:00:49.988+0000] {logging_mixin.py:149} INFO - [2023-07-05T13:00:49.988+0000] {dag.py:2726} INFO - Sync 1 DAGs
[2023-07-05T13:00:50.028+0000] {logging_mixin.py:149} INFO - [2023-07-05T13:00:50.028+0000] {dag.py:3490} INFO - Setting next_dagrun for example_weekday_branch_operator to 2023-07-04T00:00:00+00:00, run_after=2023-07-05T00:00:00+00:00
[2023-07-05T13:00:50.058+0000] {processor.py:179} INFO - Processing /home/airflow/.local/lib/python3.7/site-packages/airflow/example_dags/example_branch_day_of_week_operator.py took 0.118 seconds
[2023-07-05T13:01:20.107+0000] {processor.py:157} INFO - Started process (PID=1326) to work on /home/airflow/.local/lib/python3.7/site-packages/airflow/example_dags/example_branch_day_of_week_operator.py
[2023-07-05T13:01:20.108+0000] {processor.py:826} INFO - Processing file /home/airflow/.local/lib/python3.7/site-packages/airflow/example_dags/example_branch_day_of_week_operator.py for tasks to queue
[2023-07-05T13:01:20.109+0000] {logging_mixin.py:149} INFO - [2023-07-05T13:01:20.109+0000] {dagbag.py:541} INFO - Filling up the DagBag from /home/airflow/.local/lib/python3.7/site-packages/airflow/example_dags/example_branch_day_of_week_operator.py
[2023-07-05T13:01:20.123+0000] {processor.py:836} INFO - DAG(s) dict_keys(['example_weekday_branch_operator']) retrieved from /home/airflow/.local/lib/python3.7/site-packages/airflow/example_dags/example_branch_day_of_week_operator.py
[2023-07-05T13:01:20.166+0000] {logging_mixin.py:149} INFO - [2023-07-05T13:01:20.165+0000] {dag.py:2726} INFO - Sync 1 DAGs
[2023-07-05T13:01:20.223+0000] {logging_mixin.py:149} INFO - [2023-07-05T13:01:20.223+0000] {dag.py:3490} INFO - Setting next_dagrun for example_weekday_branch_operator to 2023-07-04T00:00:00+00:00, run_after=2023-07-05T00:00:00+00:00
[2023-07-05T13:01:20.298+0000] {processor.py:179} INFO - Processing /home/airflow/.local/lib/python3.7/site-packages/airflow/example_dags/example_branch_day_of_week_operator.py took 0.196 seconds
[2023-07-05T13:01:50.384+0000] {processor.py:157} INFO - Started process (PID=1383) to work on /home/airflow/.local/lib/python3.7/site-packages/airflow/example_dags/example_branch_day_of_week_operator.py
[2023-07-05T13:01:50.385+0000] {processor.py:826} INFO - Processing file /home/airflow/.local/lib/python3.7/site-packages/airflow/example_dags/example_branch_day_of_week_operator.py for tasks to queue
[2023-07-05T13:01:50.386+0000] {logging_mixin.py:149} INFO - [2023-07-05T13:01:50.386+0000] {dagbag.py:541} INFO - Filling up the DagBag from /home/airflow/.local/lib/python3.7/site-packages/airflow/example_dags/example_branch_day_of_week_operator.py
[2023-07-05T13:01:50.398+0000] {processor.py:836} INFO - DAG(s) dict_keys(['example_weekday_branch_operator']) retrieved from /home/airflow/.local/lib/python3.7/site-packages/airflow/example_dags/example_branch_day_of_week_operator.py
[2023-07-05T13:01:50.437+0000] {logging_mixin.py:149} INFO - [2023-07-05T13:01:50.436+0000] {dag.py:2726} INFO - Sync 1 DAGs
[2023-07-05T13:01:50.477+0000] {logging_mixin.py:149} INFO - [2023-07-05T13:01:50.477+0000] {dag.py:3490} INFO - Setting next_dagrun for example_weekday_branch_operator to 2023-07-04T00:00:00+00:00, run_after=2023-07-05T00:00:00+00:00
[2023-07-05T13:01:50.509+0000] {processor.py:179} INFO - Processing /home/airflow/.local/lib/python3.7/site-packages/airflow/example_dags/example_branch_day_of_week_operator.py took 0.130 seconds
[2023-07-05T13:02:20.648+0000] {processor.py:157} INFO - Started process (PID=1440) to work on /home/airflow/.local/lib/python3.7/site-packages/airflow/example_dags/example_branch_day_of_week_operator.py
[2023-07-05T13:02:20.650+0000] {processor.py:826} INFO - Processing file /home/airflow/.local/lib/python3.7/site-packages/airflow/example_dags/example_branch_day_of_week_operator.py for tasks to queue
[2023-07-05T13:02:20.651+0000] {logging_mixin.py:149} INFO - [2023-07-05T13:02:20.651+0000] {dagbag.py:541} INFO - Filling up the DagBag from /home/airflow/.local/lib/python3.7/site-packages/airflow/example_dags/example_branch_day_of_week_operator.py
[2023-07-05T13:02:20.664+0000] {processor.py:836} INFO - DAG(s) dict_keys(['example_weekday_branch_operator']) retrieved from /home/airflow/.local/lib/python3.7/site-packages/airflow/example_dags/example_branch_day_of_week_operator.py
[2023-07-05T13:02:20.703+0000] {logging_mixin.py:149} INFO - [2023-07-05T13:02:20.703+0000] {dag.py:2726} INFO - Sync 1 DAGs
[2023-07-05T13:02:20.747+0000] {logging_mixin.py:149} INFO - [2023-07-05T13:02:20.746+0000] {dag.py:3490} INFO - Setting next_dagrun for example_weekday_branch_operator to 2023-07-04T00:00:00+00:00, run_after=2023-07-05T00:00:00+00:00
[2023-07-05T13:02:20.775+0000] {processor.py:179} INFO - Processing /home/airflow/.local/lib/python3.7/site-packages/airflow/example_dags/example_branch_day_of_week_operator.py took 0.131 seconds
[2023-07-05T13:02:50.928+0000] {processor.py:157} INFO - Started process (PID=1497) to work on /home/airflow/.local/lib/python3.7/site-packages/airflow/example_dags/example_branch_day_of_week_operator.py
[2023-07-05T13:02:50.930+0000] {processor.py:826} INFO - Processing file /home/airflow/.local/lib/python3.7/site-packages/airflow/example_dags/example_branch_day_of_week_operator.py for tasks to queue
[2023-07-05T13:02:50.931+0000] {logging_mixin.py:149} INFO - [2023-07-05T13:02:50.930+0000] {dagbag.py:541} INFO - Filling up the DagBag from /home/airflow/.local/lib/python3.7/site-packages/airflow/example_dags/example_branch_day_of_week_operator.py
[2023-07-05T13:02:50.940+0000] {processor.py:836} INFO - DAG(s) dict_keys(['example_weekday_branch_operator']) retrieved from /home/airflow/.local/lib/python3.7/site-packages/airflow/example_dags/example_branch_day_of_week_operator.py
[2023-07-05T13:02:50.975+0000] {logging_mixin.py:149} INFO - [2023-07-05T13:02:50.975+0000] {dag.py:2726} INFO - Sync 1 DAGs
[2023-07-05T13:02:51.018+0000] {logging_mixin.py:149} INFO - [2023-07-05T13:02:51.017+0000] {dag.py:3490} INFO - Setting next_dagrun for example_weekday_branch_operator to 2023-07-04T00:00:00+00:00, run_after=2023-07-05T00:00:00+00:00
[2023-07-05T13:02:51.050+0000] {processor.py:179} INFO - Processing /home/airflow/.local/lib/python3.7/site-packages/airflow/example_dags/example_branch_day_of_week_operator.py took 0.126 seconds
[2023-07-05T13:03:21.303+0000] {processor.py:157} INFO - Started process (PID=1554) to work on /home/airflow/.local/lib/python3.7/site-packages/airflow/example_dags/example_branch_day_of_week_operator.py
[2023-07-05T13:03:21.305+0000] {processor.py:826} INFO - Processing file /home/airflow/.local/lib/python3.7/site-packages/airflow/example_dags/example_branch_day_of_week_operator.py for tasks to queue
[2023-07-05T13:03:21.306+0000] {logging_mixin.py:149} INFO - [2023-07-05T13:03:21.305+0000] {dagbag.py:541} INFO - Filling up the DagBag from /home/airflow/.local/lib/python3.7/site-packages/airflow/example_dags/example_branch_day_of_week_operator.py
[2023-07-05T13:03:21.316+0000] {processor.py:836} INFO - DAG(s) dict_keys(['example_weekday_branch_operator']) retrieved from /home/airflow/.local/lib/python3.7/site-packages/airflow/example_dags/example_branch_day_of_week_operator.py
[2023-07-05T13:03:21.355+0000] {logging_mixin.py:149} INFO - [2023-07-05T13:03:21.355+0000] {dag.py:2726} INFO - Sync 1 DAGs
[2023-07-05T13:03:21.385+0000] {logging_mixin.py:149} INFO - [2023-07-05T13:03:21.385+0000] {dag.py:3490} INFO - Setting next_dagrun for example_weekday_branch_operator to 2023-07-04T00:00:00+00:00, run_after=2023-07-05T00:00:00+00:00
[2023-07-05T13:03:21.407+0000] {processor.py:179} INFO - Processing /home/airflow/.local/lib/python3.7/site-packages/airflow/example_dags/example_branch_day_of_week_operator.py took 0.108 seconds
[2023-07-05T13:03:51.665+0000] {processor.py:157} INFO - Started process (PID=1611) to work on /home/airflow/.local/lib/python3.7/site-packages/airflow/example_dags/example_branch_day_of_week_operator.py
[2023-07-05T13:03:51.666+0000] {processor.py:826} INFO - Processing file /home/airflow/.local/lib/python3.7/site-packages/airflow/example_dags/example_branch_day_of_week_operator.py for tasks to queue
[2023-07-05T13:03:51.666+0000] {logging_mixin.py:149} INFO - [2023-07-05T13:03:51.666+0000] {dagbag.py:541} INFO - Filling up the DagBag from /home/airflow/.local/lib/python3.7/site-packages/airflow/example_dags/example_branch_day_of_week_operator.py
[2023-07-05T13:03:51.675+0000] {processor.py:836} INFO - DAG(s) dict_keys(['example_weekday_branch_operator']) retrieved from /home/airflow/.local/lib/python3.7/site-packages/airflow/example_dags/example_branch_day_of_week_operator.py
[2023-07-05T13:03:51.718+0000] {logging_mixin.py:149} INFO - [2023-07-05T13:03:51.718+0000] {dag.py:2726} INFO - Sync 1 DAGs
[2023-07-05T13:03:51.765+0000] {logging_mixin.py:149} INFO - [2023-07-05T13:03:51.764+0000] {dag.py:3490} INFO - Setting next_dagrun for example_weekday_branch_operator to 2023-07-04T00:00:00+00:00, run_after=2023-07-05T00:00:00+00:00
[2023-07-05T13:03:51.799+0000] {processor.py:179} INFO - Processing /home/airflow/.local/lib/python3.7/site-packages/airflow/example_dags/example_branch_day_of_week_operator.py took 0.138 seconds
[2023-07-05T13:04:22.126+0000] {processor.py:157} INFO - Started process (PID=1667) to work on /home/airflow/.local/lib/python3.7/site-packages/airflow/example_dags/example_branch_day_of_week_operator.py
[2023-07-05T13:04:22.128+0000] {processor.py:826} INFO - Processing file /home/airflow/.local/lib/python3.7/site-packages/airflow/example_dags/example_branch_day_of_week_operator.py for tasks to queue
[2023-07-05T13:04:22.128+0000] {logging_mixin.py:149} INFO - [2023-07-05T13:04:22.128+0000] {dagbag.py:541} INFO - Filling up the DagBag from /home/airflow/.local/lib/python3.7/site-packages/airflow/example_dags/example_branch_day_of_week_operator.py
[2023-07-05T13:04:22.139+0000] {processor.py:836} INFO - DAG(s) dict_keys(['example_weekday_branch_operator']) retrieved from /home/airflow/.local/lib/python3.7/site-packages/airflow/example_dags/example_branch_day_of_week_operator.py
[2023-07-05T13:04:22.171+0000] {logging_mixin.py:149} INFO - [2023-07-05T13:04:22.171+0000] {dag.py:2726} INFO - Sync 1 DAGs
[2023-07-05T13:04:22.213+0000] {logging_mixin.py:149} INFO - [2023-07-05T13:04:22.212+0000] {dag.py:3490} INFO - Setting next_dagrun for example_weekday_branch_operator to 2023-07-04T00:00:00+00:00, run_after=2023-07-05T00:00:00+00:00
[2023-07-05T13:04:22.250+0000] {processor.py:179} INFO - Processing /home/airflow/.local/lib/python3.7/site-packages/airflow/example_dags/example_branch_day_of_week_operator.py took 0.128 seconds
[2023-07-05T13:04:52.310+0000] {processor.py:157} INFO - Started process (PID=1724) to work on /home/airflow/.local/lib/python3.7/site-packages/airflow/example_dags/example_branch_day_of_week_operator.py
[2023-07-05T13:04:52.311+0000] {processor.py:826} INFO - Processing file /home/airflow/.local/lib/python3.7/site-packages/airflow/example_dags/example_branch_day_of_week_operator.py for tasks to queue
[2023-07-05T13:04:52.312+0000] {logging_mixin.py:149} INFO - [2023-07-05T13:04:52.312+0000] {dagbag.py:541} INFO - Filling up the DagBag from /home/airflow/.local/lib/python3.7/site-packages/airflow/example_dags/example_branch_day_of_week_operator.py
[2023-07-05T13:04:52.324+0000] {processor.py:836} INFO - DAG(s) dict_keys(['example_weekday_branch_operator']) retrieved from /home/airflow/.local/lib/python3.7/site-packages/airflow/example_dags/example_branch_day_of_week_operator.py
[2023-07-05T13:04:52.359+0000] {logging_mixin.py:149} INFO - [2023-07-05T13:04:52.359+0000] {dag.py:2726} INFO - Sync 1 DAGs
[2023-07-05T13:04:52.400+0000] {logging_mixin.py:149} INFO - [2023-07-05T13:04:52.400+0000] {dag.py:3490} INFO - Setting next_dagrun for example_weekday_branch_operator to 2023-07-04T00:00:00+00:00, run_after=2023-07-05T00:00:00+00:00
[2023-07-05T13:04:52.433+0000] {processor.py:179} INFO - Processing /home/airflow/.local/lib/python3.7/site-packages/airflow/example_dags/example_branch_day_of_week_operator.py took 0.127 seconds
[2023-07-05T13:05:22.575+0000] {processor.py:157} INFO - Started process (PID=1782) to work on /home/airflow/.local/lib/python3.7/site-packages/airflow/example_dags/example_branch_day_of_week_operator.py
[2023-07-05T13:05:22.577+0000] {processor.py:826} INFO - Processing file /home/airflow/.local/lib/python3.7/site-packages/airflow/example_dags/example_branch_day_of_week_operator.py for tasks to queue
[2023-07-05T13:05:22.578+0000] {logging_mixin.py:149} INFO - [2023-07-05T13:05:22.578+0000] {dagbag.py:541} INFO - Filling up the DagBag from /home/airflow/.local/lib/python3.7/site-packages/airflow/example_dags/example_branch_day_of_week_operator.py
[2023-07-05T13:05:22.592+0000] {processor.py:836} INFO - DAG(s) dict_keys(['example_weekday_branch_operator']) retrieved from /home/airflow/.local/lib/python3.7/site-packages/airflow/example_dags/example_branch_day_of_week_operator.py
[2023-07-05T13:05:22.626+0000] {logging_mixin.py:149} INFO - [2023-07-05T13:05:22.626+0000] {dag.py:2726} INFO - Sync 1 DAGs
[2023-07-05T13:05:22.662+0000] {logging_mixin.py:149} INFO - [2023-07-05T13:05:22.662+0000] {dag.py:3490} INFO - Setting next_dagrun for example_weekday_branch_operator to 2023-07-04T00:00:00+00:00, run_after=2023-07-05T00:00:00+00:00
[2023-07-05T13:05:22.688+0000] {processor.py:179} INFO - Processing /home/airflow/.local/lib/python3.7/site-packages/airflow/example_dags/example_branch_day_of_week_operator.py took 0.118 seconds
[2023-07-05T13:05:52.925+0000] {processor.py:157} INFO - Started process (PID=1839) to work on /home/airflow/.local/lib/python3.7/site-packages/airflow/example_dags/example_branch_day_of_week_operator.py
[2023-07-05T13:05:52.927+0000] {processor.py:826} INFO - Processing file /home/airflow/.local/lib/python3.7/site-packages/airflow/example_dags/example_branch_day_of_week_operator.py for tasks to queue
[2023-07-05T13:05:52.928+0000] {logging_mixin.py:149} INFO - [2023-07-05T13:05:52.928+0000] {dagbag.py:541} INFO - Filling up the DagBag from /home/airflow/.local/lib/python3.7/site-packages/airflow/example_dags/example_branch_day_of_week_operator.py
[2023-07-05T13:05:52.939+0000] {processor.py:836} INFO - DAG(s) dict_keys(['example_weekday_branch_operator']) retrieved from /home/airflow/.local/lib/python3.7/site-packages/airflow/example_dags/example_branch_day_of_week_operator.py
[2023-07-05T13:05:52.982+0000] {logging_mixin.py:149} INFO - [2023-07-05T13:05:52.981+0000] {dag.py:2726} INFO - Sync 1 DAGs
[2023-07-05T13:05:53.029+0000] {logging_mixin.py:149} INFO - [2023-07-05T13:05:53.029+0000] {dag.py:3490} INFO - Setting next_dagrun for example_weekday_branch_operator to 2023-07-04T00:00:00+00:00, run_after=2023-07-05T00:00:00+00:00
[2023-07-05T13:05:53.069+0000] {processor.py:179} INFO - Processing /home/airflow/.local/lib/python3.7/site-packages/airflow/example_dags/example_branch_day_of_week_operator.py took 0.148 seconds
[2023-07-05T13:06:23.485+0000] {processor.py:157} INFO - Started process (PID=1896) to work on /home/airflow/.local/lib/python3.7/site-packages/airflow/example_dags/example_branch_day_of_week_operator.py
[2023-07-05T13:06:23.486+0000] {processor.py:826} INFO - Processing file /home/airflow/.local/lib/python3.7/site-packages/airflow/example_dags/example_branch_day_of_week_operator.py for tasks to queue
[2023-07-05T13:06:23.487+0000] {logging_mixin.py:149} INFO - [2023-07-05T13:06:23.487+0000] {dagbag.py:541} INFO - Filling up the DagBag from /home/airflow/.local/lib/python3.7/site-packages/airflow/example_dags/example_branch_day_of_week_operator.py
[2023-07-05T13:06:23.496+0000] {processor.py:836} INFO - DAG(s) dict_keys(['example_weekday_branch_operator']) retrieved from /home/airflow/.local/lib/python3.7/site-packages/airflow/example_dags/example_branch_day_of_week_operator.py
[2023-07-05T13:06:23.527+0000] {logging_mixin.py:149} INFO - [2023-07-05T13:06:23.527+0000] {dag.py:2726} INFO - Sync 1 DAGs
[2023-07-05T13:06:23.563+0000] {logging_mixin.py:149} INFO - [2023-07-05T13:06:23.562+0000] {dag.py:3490} INFO - Setting next_dagrun for example_weekday_branch_operator to 2023-07-04T00:00:00+00:00, run_after=2023-07-05T00:00:00+00:00
[2023-07-05T13:06:24.031+0000] {processor.py:179} INFO - Processing /home/airflow/.local/lib/python3.7/site-packages/airflow/example_dags/example_branch_day_of_week_operator.py took 0.550 seconds
[2023-07-05T13:06:54.914+0000] {processor.py:157} INFO - Started process (PID=1953) to work on /home/airflow/.local/lib/python3.7/site-packages/airflow/example_dags/example_branch_day_of_week_operator.py
[2023-07-05T13:06:54.916+0000] {processor.py:826} INFO - Processing file /home/airflow/.local/lib/python3.7/site-packages/airflow/example_dags/example_branch_day_of_week_operator.py for tasks to queue
[2023-07-05T13:06:54.917+0000] {logging_mixin.py:149} INFO - [2023-07-05T13:06:54.917+0000] {dagbag.py:541} INFO - Filling up the DagBag from /home/airflow/.local/lib/python3.7/site-packages/airflow/example_dags/example_branch_day_of_week_operator.py
[2023-07-05T13:06:54.929+0000] {processor.py:836} INFO - DAG(s) dict_keys(['example_weekday_branch_operator']) retrieved from /home/airflow/.local/lib/python3.7/site-packages/airflow/example_dags/example_branch_day_of_week_operator.py
[2023-07-05T13:06:54.959+0000] {logging_mixin.py:149} INFO - [2023-07-05T13:06:54.959+0000] {dag.py:2726} INFO - Sync 1 DAGs
[2023-07-05T13:06:54.998+0000] {logging_mixin.py:149} INFO - [2023-07-05T13:06:54.997+0000] {dag.py:3490} INFO - Setting next_dagrun for example_weekday_branch_operator to 2023-07-04T00:00:00+00:00, run_after=2023-07-05T00:00:00+00:00
[2023-07-05T13:06:55.039+0000] {processor.py:179} INFO - Processing /home/airflow/.local/lib/python3.7/site-packages/airflow/example_dags/example_branch_day_of_week_operator.py took 0.128 seconds
[2023-07-05T13:07:25.170+0000] {processor.py:157} INFO - Started process (PID=2010) to work on /home/airflow/.local/lib/python3.7/site-packages/airflow/example_dags/example_branch_day_of_week_operator.py
[2023-07-05T13:07:25.172+0000] {processor.py:826} INFO - Processing file /home/airflow/.local/lib/python3.7/site-packages/airflow/example_dags/example_branch_day_of_week_operator.py for tasks to queue
[2023-07-05T13:07:25.173+0000] {logging_mixin.py:149} INFO - [2023-07-05T13:07:25.173+0000] {dagbag.py:541} INFO - Filling up the DagBag from /home/airflow/.local/lib/python3.7/site-packages/airflow/example_dags/example_branch_day_of_week_operator.py
[2023-07-05T13:07:25.185+0000] {processor.py:836} INFO - DAG(s) dict_keys(['example_weekday_branch_operator']) retrieved from /home/airflow/.local/lib/python3.7/site-packages/airflow/example_dags/example_branch_day_of_week_operator.py
[2023-07-05T13:07:25.220+0000] {logging_mixin.py:149} INFO - [2023-07-05T13:07:25.219+0000] {dag.py:2726} INFO - Sync 1 DAGs
[2023-07-05T13:07:25.260+0000] {logging_mixin.py:149} INFO - [2023-07-05T13:07:25.260+0000] {dag.py:3490} INFO - Setting next_dagrun for example_weekday_branch_operator to 2023-07-04T00:00:00+00:00, run_after=2023-07-05T00:00:00+00:00
[2023-07-05T13:07:25.289+0000] {processor.py:179} INFO - Processing /home/airflow/.local/lib/python3.7/site-packages/airflow/example_dags/example_branch_day_of_week_operator.py took 0.124 seconds
[2023-07-05T13:07:55.502+0000] {processor.py:157} INFO - Started process (PID=2066) to work on /home/airflow/.local/lib/python3.7/site-packages/airflow/example_dags/example_branch_day_of_week_operator.py
[2023-07-05T13:07:55.503+0000] {processor.py:826} INFO - Processing file /home/airflow/.local/lib/python3.7/site-packages/airflow/example_dags/example_branch_day_of_week_operator.py for tasks to queue
[2023-07-05T13:07:55.504+0000] {logging_mixin.py:149} INFO - [2023-07-05T13:07:55.504+0000] {dagbag.py:541} INFO - Filling up the DagBag from /home/airflow/.local/lib/python3.7/site-packages/airflow/example_dags/example_branch_day_of_week_operator.py
[2023-07-05T13:07:55.515+0000] {processor.py:836} INFO - DAG(s) dict_keys(['example_weekday_branch_operator']) retrieved from /home/airflow/.local/lib/python3.7/site-packages/airflow/example_dags/example_branch_day_of_week_operator.py
[2023-07-05T13:07:55.546+0000] {logging_mixin.py:149} INFO - [2023-07-05T13:07:55.545+0000] {dag.py:2726} INFO - Sync 1 DAGs
[2023-07-05T13:07:55.586+0000] {logging_mixin.py:149} INFO - [2023-07-05T13:07:55.586+0000] {dag.py:3490} INFO - Setting next_dagrun for example_weekday_branch_operator to 2023-07-04T00:00:00+00:00, run_after=2023-07-05T00:00:00+00:00
[2023-07-05T13:07:55.617+0000] {processor.py:179} INFO - Processing /home/airflow/.local/lib/python3.7/site-packages/airflow/example_dags/example_branch_day_of_week_operator.py took 0.119 seconds
[2023-07-05T13:08:25.680+0000] {processor.py:157} INFO - Started process (PID=2123) to work on /home/airflow/.local/lib/python3.7/site-packages/airflow/example_dags/example_branch_day_of_week_operator.py
[2023-07-05T13:08:25.683+0000] {processor.py:826} INFO - Processing file /home/airflow/.local/lib/python3.7/site-packages/airflow/example_dags/example_branch_day_of_week_operator.py for tasks to queue
[2023-07-05T13:08:25.684+0000] {logging_mixin.py:149} INFO - [2023-07-05T13:08:25.684+0000] {dagbag.py:541} INFO - Filling up the DagBag from /home/airflow/.local/lib/python3.7/site-packages/airflow/example_dags/example_branch_day_of_week_operator.py
[2023-07-05T13:08:25.698+0000] {processor.py:836} INFO - DAG(s) dict_keys(['example_weekday_branch_operator']) retrieved from /home/airflow/.local/lib/python3.7/site-packages/airflow/example_dags/example_branch_day_of_week_operator.py
[2023-07-05T13:08:25.742+0000] {logging_mixin.py:149} INFO - [2023-07-05T13:08:25.742+0000] {dag.py:2726} INFO - Sync 1 DAGs
[2023-07-05T13:08:25.800+0000] {logging_mixin.py:149} INFO - [2023-07-05T13:08:25.799+0000] {dag.py:3490} INFO - Setting next_dagrun for example_weekday_branch_operator to 2023-07-04T00:00:00+00:00, run_after=2023-07-05T00:00:00+00:00
[2023-07-05T13:08:25.831+0000] {processor.py:179} INFO - Processing /home/airflow/.local/lib/python3.7/site-packages/airflow/example_dags/example_branch_day_of_week_operator.py took 0.155 seconds
[2023-07-05T13:08:56.246+0000] {processor.py:157} INFO - Started process (PID=2180) to work on /home/airflow/.local/lib/python3.7/site-packages/airflow/example_dags/example_branch_day_of_week_operator.py
[2023-07-05T13:08:56.248+0000] {processor.py:826} INFO - Processing file /home/airflow/.local/lib/python3.7/site-packages/airflow/example_dags/example_branch_day_of_week_operator.py for tasks to queue
[2023-07-05T13:08:56.248+0000] {logging_mixin.py:149} INFO - [2023-07-05T13:08:56.248+0000] {dagbag.py:541} INFO - Filling up the DagBag from /home/airflow/.local/lib/python3.7/site-packages/airflow/example_dags/example_branch_day_of_week_operator.py
[2023-07-05T13:08:56.258+0000] {processor.py:836} INFO - DAG(s) dict_keys(['example_weekday_branch_operator']) retrieved from /home/airflow/.local/lib/python3.7/site-packages/airflow/example_dags/example_branch_day_of_week_operator.py
[2023-07-05T13:08:56.289+0000] {logging_mixin.py:149} INFO - [2023-07-05T13:08:56.288+0000] {dag.py:2726} INFO - Sync 1 DAGs
[2023-07-05T13:08:56.322+0000] {logging_mixin.py:149} INFO - [2023-07-05T13:08:56.322+0000] {dag.py:3490} INFO - Setting next_dagrun for example_weekday_branch_operator to 2023-07-04T00:00:00+00:00, run_after=2023-07-05T00:00:00+00:00
[2023-07-05T13:08:56.347+0000] {processor.py:179} INFO - Processing /home/airflow/.local/lib/python3.7/site-packages/airflow/example_dags/example_branch_day_of_week_operator.py took 0.104 seconds
[2023-07-05T13:09:26.883+0000] {processor.py:157} INFO - Started process (PID=2237) to work on /home/airflow/.local/lib/python3.7/site-packages/airflow/example_dags/example_branch_day_of_week_operator.py
[2023-07-05T13:09:26.884+0000] {processor.py:826} INFO - Processing file /home/airflow/.local/lib/python3.7/site-packages/airflow/example_dags/example_branch_day_of_week_operator.py for tasks to queue
[2023-07-05T13:09:26.885+0000] {logging_mixin.py:149} INFO - [2023-07-05T13:09:26.885+0000] {dagbag.py:541} INFO - Filling up the DagBag from /home/airflow/.local/lib/python3.7/site-packages/airflow/example_dags/example_branch_day_of_week_operator.py
[2023-07-05T13:09:26.897+0000] {processor.py:836} INFO - DAG(s) dict_keys(['example_weekday_branch_operator']) retrieved from /home/airflow/.local/lib/python3.7/site-packages/airflow/example_dags/example_branch_day_of_week_operator.py
[2023-07-05T13:09:26.935+0000] {logging_mixin.py:149} INFO - [2023-07-05T13:09:26.934+0000] {dag.py:2726} INFO - Sync 1 DAGs
[2023-07-05T13:09:26.974+0000] {logging_mixin.py:149} INFO - [2023-07-05T13:09:26.974+0000] {dag.py:3490} INFO - Setting next_dagrun for example_weekday_branch_operator to 2023-07-04T00:00:00+00:00, run_after=2023-07-05T00:00:00+00:00
[2023-07-05T13:09:27.004+0000] {processor.py:179} INFO - Processing /home/airflow/.local/lib/python3.7/site-packages/airflow/example_dags/example_branch_day_of_week_operator.py took 0.125 seconds
[2023-07-05T13:09:57.285+0000] {processor.py:157} INFO - Started process (PID=2294) to work on /home/airflow/.local/lib/python3.7/site-packages/airflow/example_dags/example_branch_day_of_week_operator.py
[2023-07-05T13:09:57.286+0000] {processor.py:826} INFO - Processing file /home/airflow/.local/lib/python3.7/site-packages/airflow/example_dags/example_branch_day_of_week_operator.py for tasks to queue
[2023-07-05T13:09:57.287+0000] {logging_mixin.py:149} INFO - [2023-07-05T13:09:57.287+0000] {dagbag.py:541} INFO - Filling up the DagBag from /home/airflow/.local/lib/python3.7/site-packages/airflow/example_dags/example_branch_day_of_week_operator.py
[2023-07-05T13:09:57.299+0000] {processor.py:836} INFO - DAG(s) dict_keys(['example_weekday_branch_operator']) retrieved from /home/airflow/.local/lib/python3.7/site-packages/airflow/example_dags/example_branch_day_of_week_operator.py
[2023-07-05T13:09:57.342+0000] {logging_mixin.py:149} INFO - [2023-07-05T13:09:57.341+0000] {dag.py:2726} INFO - Sync 1 DAGs
[2023-07-05T13:09:57.389+0000] {logging_mixin.py:149} INFO - [2023-07-05T13:09:57.388+0000] {dag.py:3490} INFO - Setting next_dagrun for example_weekday_branch_operator to 2023-07-04T00:00:00+00:00, run_after=2023-07-05T00:00:00+00:00
[2023-07-05T13:09:57.418+0000] {processor.py:179} INFO - Processing /home/airflow/.local/lib/python3.7/site-packages/airflow/example_dags/example_branch_day_of_week_operator.py took 0.140 seconds
[2023-07-05T13:10:27.612+0000] {processor.py:157} INFO - Started process (PID=2351) to work on /home/airflow/.local/lib/python3.7/site-packages/airflow/example_dags/example_branch_day_of_week_operator.py
[2023-07-05T13:10:27.613+0000] {processor.py:826} INFO - Processing file /home/airflow/.local/lib/python3.7/site-packages/airflow/example_dags/example_branch_day_of_week_operator.py for tasks to queue
[2023-07-05T13:10:27.614+0000] {logging_mixin.py:149} INFO - [2023-07-05T13:10:27.614+0000] {dagbag.py:541} INFO - Filling up the DagBag from /home/airflow/.local/lib/python3.7/site-packages/airflow/example_dags/example_branch_day_of_week_operator.py
[2023-07-05T13:10:27.624+0000] {processor.py:836} INFO - DAG(s) dict_keys(['example_weekday_branch_operator']) retrieved from /home/airflow/.local/lib/python3.7/site-packages/airflow/example_dags/example_branch_day_of_week_operator.py
[2023-07-05T13:10:27.664+0000] {logging_mixin.py:149} INFO - [2023-07-05T13:10:27.664+0000] {dag.py:2726} INFO - Sync 1 DAGs
[2023-07-05T13:10:27.711+0000] {logging_mixin.py:149} INFO - [2023-07-05T13:10:27.710+0000] {dag.py:3490} INFO - Setting next_dagrun for example_weekday_branch_operator to 2023-07-04T00:00:00+00:00, run_after=2023-07-05T00:00:00+00:00
[2023-07-05T13:10:27.755+0000] {processor.py:179} INFO - Processing /home/airflow/.local/lib/python3.7/site-packages/airflow/example_dags/example_branch_day_of_week_operator.py took 0.146 seconds
[2023-07-05T13:10:57.941+0000] {processor.py:157} INFO - Started process (PID=2408) to work on /home/airflow/.local/lib/python3.7/site-packages/airflow/example_dags/example_branch_day_of_week_operator.py
[2023-07-05T13:10:57.942+0000] {processor.py:826} INFO - Processing file /home/airflow/.local/lib/python3.7/site-packages/airflow/example_dags/example_branch_day_of_week_operator.py for tasks to queue
[2023-07-05T13:10:57.943+0000] {logging_mixin.py:149} INFO - [2023-07-05T13:10:57.943+0000] {dagbag.py:541} INFO - Filling up the DagBag from /home/airflow/.local/lib/python3.7/site-packages/airflow/example_dags/example_branch_day_of_week_operator.py
[2023-07-05T13:10:57.955+0000] {processor.py:836} INFO - DAG(s) dict_keys(['example_weekday_branch_operator']) retrieved from /home/airflow/.local/lib/python3.7/site-packages/airflow/example_dags/example_branch_day_of_week_operator.py
[2023-07-05T13:10:57.989+0000] {logging_mixin.py:149} INFO - [2023-07-05T13:10:57.989+0000] {dag.py:2726} INFO - Sync 1 DAGs
[2023-07-05T13:10:58.027+0000] {logging_mixin.py:149} INFO - [2023-07-05T13:10:58.026+0000] {dag.py:3490} INFO - Setting next_dagrun for example_weekday_branch_operator to 2023-07-04T00:00:00+00:00, run_after=2023-07-05T00:00:00+00:00
[2023-07-05T13:10:58.071+0000] {processor.py:179} INFO - Processing /home/airflow/.local/lib/python3.7/site-packages/airflow/example_dags/example_branch_day_of_week_operator.py took 0.135 seconds
[2023-07-05T13:11:28.364+0000] {processor.py:157} INFO - Started process (PID=2465) to work on /home/airflow/.local/lib/python3.7/site-packages/airflow/example_dags/example_branch_day_of_week_operator.py
[2023-07-05T13:11:28.366+0000] {processor.py:826} INFO - Processing file /home/airflow/.local/lib/python3.7/site-packages/airflow/example_dags/example_branch_day_of_week_operator.py for tasks to queue
[2023-07-05T13:11:28.367+0000] {logging_mixin.py:149} INFO - [2023-07-05T13:11:28.366+0000] {dagbag.py:541} INFO - Filling up the DagBag from /home/airflow/.local/lib/python3.7/site-packages/airflow/example_dags/example_branch_day_of_week_operator.py
[2023-07-05T13:11:28.376+0000] {processor.py:836} INFO - DAG(s) dict_keys(['example_weekday_branch_operator']) retrieved from /home/airflow/.local/lib/python3.7/site-packages/airflow/example_dags/example_branch_day_of_week_operator.py
[2023-07-05T13:11:28.418+0000] {logging_mixin.py:149} INFO - [2023-07-05T13:11:28.418+0000] {dag.py:2726} INFO - Sync 1 DAGs
[2023-07-05T13:11:28.461+0000] {logging_mixin.py:149} INFO - [2023-07-05T13:11:28.461+0000] {dag.py:3490} INFO - Setting next_dagrun for example_weekday_branch_operator to 2023-07-04T00:00:00+00:00, run_after=2023-07-05T00:00:00+00:00
[2023-07-05T13:11:28.502+0000] {processor.py:179} INFO - Processing /home/airflow/.local/lib/python3.7/site-packages/airflow/example_dags/example_branch_day_of_week_operator.py took 0.141 seconds
[2023-07-05T13:11:58.831+0000] {processor.py:157} INFO - Started process (PID=2522) to work on /home/airflow/.local/lib/python3.7/site-packages/airflow/example_dags/example_branch_day_of_week_operator.py
[2023-07-05T13:11:58.833+0000] {processor.py:826} INFO - Processing file /home/airflow/.local/lib/python3.7/site-packages/airflow/example_dags/example_branch_day_of_week_operator.py for tasks to queue
[2023-07-05T13:11:58.834+0000] {logging_mixin.py:149} INFO - [2023-07-05T13:11:58.833+0000] {dagbag.py:541} INFO - Filling up the DagBag from /home/airflow/.local/lib/python3.7/site-packages/airflow/example_dags/example_branch_day_of_week_operator.py
[2023-07-05T13:11:58.845+0000] {processor.py:836} INFO - DAG(s) dict_keys(['example_weekday_branch_operator']) retrieved from /home/airflow/.local/lib/python3.7/site-packages/airflow/example_dags/example_branch_day_of_week_operator.py
[2023-07-05T13:11:58.878+0000] {logging_mixin.py:149} INFO - [2023-07-05T13:11:58.878+0000] {dag.py:2726} INFO - Sync 1 DAGs
[2023-07-05T13:11:58.921+0000] {logging_mixin.py:149} INFO - [2023-07-05T13:11:58.920+0000] {dag.py:3490} INFO - Setting next_dagrun for example_weekday_branch_operator to 2023-07-04T00:00:00+00:00, run_after=2023-07-05T00:00:00+00:00
[2023-07-05T13:11:58.947+0000] {processor.py:179} INFO - Processing /home/airflow/.local/lib/python3.7/site-packages/airflow/example_dags/example_branch_day_of_week_operator.py took 0.121 seconds
[2023-07-05T13:12:29.519+0000] {processor.py:157} INFO - Started process (PID=2579) to work on /home/airflow/.local/lib/python3.7/site-packages/airflow/example_dags/example_branch_day_of_week_operator.py
[2023-07-05T13:12:29.523+0000] {processor.py:826} INFO - Processing file /home/airflow/.local/lib/python3.7/site-packages/airflow/example_dags/example_branch_day_of_week_operator.py for tasks to queue
[2023-07-05T13:12:29.524+0000] {logging_mixin.py:149} INFO - [2023-07-05T13:12:29.524+0000] {dagbag.py:541} INFO - Filling up the DagBag from /home/airflow/.local/lib/python3.7/site-packages/airflow/example_dags/example_branch_day_of_week_operator.py
[2023-07-05T13:12:29.535+0000] {processor.py:836} INFO - DAG(s) dict_keys(['example_weekday_branch_operator']) retrieved from /home/airflow/.local/lib/python3.7/site-packages/airflow/example_dags/example_branch_day_of_week_operator.py
[2023-07-05T13:12:29.582+0000] {logging_mixin.py:149} INFO - [2023-07-05T13:12:29.581+0000] {dag.py:2726} INFO - Sync 1 DAGs
[2023-07-05T13:12:29.635+0000] {logging_mixin.py:149} INFO - [2023-07-05T13:12:29.635+0000] {dag.py:3490} INFO - Setting next_dagrun for example_weekday_branch_operator to 2023-07-04T00:00:00+00:00, run_after=2023-07-05T00:00:00+00:00
[2023-07-05T13:12:29.665+0000] {processor.py:179} INFO - Processing /home/airflow/.local/lib/python3.7/site-packages/airflow/example_dags/example_branch_day_of_week_operator.py took 0.150 seconds
[2023-07-05T13:12:59.881+0000] {processor.py:157} INFO - Started process (PID=2636) to work on /home/airflow/.local/lib/python3.7/site-packages/airflow/example_dags/example_branch_day_of_week_operator.py
[2023-07-05T13:12:59.882+0000] {processor.py:826} INFO - Processing file /home/airflow/.local/lib/python3.7/site-packages/airflow/example_dags/example_branch_day_of_week_operator.py for tasks to queue
[2023-07-05T13:12:59.883+0000] {logging_mixin.py:149} INFO - [2023-07-05T13:12:59.883+0000] {dagbag.py:541} INFO - Filling up the DagBag from /home/airflow/.local/lib/python3.7/site-packages/airflow/example_dags/example_branch_day_of_week_operator.py
[2023-07-05T13:12:59.893+0000] {processor.py:836} INFO - DAG(s) dict_keys(['example_weekday_branch_operator']) retrieved from /home/airflow/.local/lib/python3.7/site-packages/airflow/example_dags/example_branch_day_of_week_operator.py
[2023-07-05T13:12:59.936+0000] {logging_mixin.py:149} INFO - [2023-07-05T13:12:59.936+0000] {dag.py:2726} INFO - Sync 1 DAGs
[2023-07-05T13:12:59.982+0000] {logging_mixin.py:149} INFO - [2023-07-05T13:12:59.982+0000] {dag.py:3490} INFO - Setting next_dagrun for example_weekday_branch_operator to 2023-07-04T00:00:00+00:00, run_after=2023-07-05T00:00:00+00:00
[2023-07-05T13:13:00.027+0000] {processor.py:179} INFO - Processing /home/airflow/.local/lib/python3.7/site-packages/airflow/example_dags/example_branch_day_of_week_operator.py took 0.150 seconds
[2023-07-05T13:13:30.150+0000] {processor.py:157} INFO - Started process (PID=2693) to work on /home/airflow/.local/lib/python3.7/site-packages/airflow/example_dags/example_branch_day_of_week_operator.py
[2023-07-05T13:13:30.151+0000] {processor.py:826} INFO - Processing file /home/airflow/.local/lib/python3.7/site-packages/airflow/example_dags/example_branch_day_of_week_operator.py for tasks to queue
[2023-07-05T13:13:30.152+0000] {logging_mixin.py:149} INFO - [2023-07-05T13:13:30.152+0000] {dagbag.py:541} INFO - Filling up the DagBag from /home/airflow/.local/lib/python3.7/site-packages/airflow/example_dags/example_branch_day_of_week_operator.py
[2023-07-05T13:13:30.164+0000] {processor.py:836} INFO - DAG(s) dict_keys(['example_weekday_branch_operator']) retrieved from /home/airflow/.local/lib/python3.7/site-packages/airflow/example_dags/example_branch_day_of_week_operator.py
[2023-07-05T13:13:30.209+0000] {logging_mixin.py:149} INFO - [2023-07-05T13:13:30.208+0000] {dag.py:2726} INFO - Sync 1 DAGs
[2023-07-05T13:13:30.249+0000] {logging_mixin.py:149} INFO - [2023-07-05T13:13:30.249+0000] {dag.py:3490} INFO - Setting next_dagrun for example_weekday_branch_operator to 2023-07-04T00:00:00+00:00, run_after=2023-07-05T00:00:00+00:00
[2023-07-05T13:13:30.277+0000] {processor.py:179} INFO - Processing /home/airflow/.local/lib/python3.7/site-packages/airflow/example_dags/example_branch_day_of_week_operator.py took 0.130 seconds
[2023-07-05T13:14:00.362+0000] {processor.py:157} INFO - Started process (PID=2751) to work on /home/airflow/.local/lib/python3.7/site-packages/airflow/example_dags/example_branch_day_of_week_operator.py
[2023-07-05T13:14:00.364+0000] {processor.py:826} INFO - Processing file /home/airflow/.local/lib/python3.7/site-packages/airflow/example_dags/example_branch_day_of_week_operator.py for tasks to queue
[2023-07-05T13:14:00.364+0000] {logging_mixin.py:149} INFO - [2023-07-05T13:14:00.364+0000] {dagbag.py:541} INFO - Filling up the DagBag from /home/airflow/.local/lib/python3.7/site-packages/airflow/example_dags/example_branch_day_of_week_operator.py
[2023-07-05T13:14:00.374+0000] {processor.py:836} INFO - DAG(s) dict_keys(['example_weekday_branch_operator']) retrieved from /home/airflow/.local/lib/python3.7/site-packages/airflow/example_dags/example_branch_day_of_week_operator.py
[2023-07-05T13:14:00.404+0000] {logging_mixin.py:149} INFO - [2023-07-05T13:14:00.404+0000] {dag.py:2726} INFO - Sync 1 DAGs
[2023-07-05T13:14:00.450+0000] {logging_mixin.py:149} INFO - [2023-07-05T13:14:00.449+0000] {dag.py:3490} INFO - Setting next_dagrun for example_weekday_branch_operator to 2023-07-04T00:00:00+00:00, run_after=2023-07-05T00:00:00+00:00
[2023-07-05T13:14:00.480+0000] {processor.py:179} INFO - Processing /home/airflow/.local/lib/python3.7/site-packages/airflow/example_dags/example_branch_day_of_week_operator.py took 0.121 seconds
[2023-07-05T13:14:30.836+0000] {processor.py:157} INFO - Started process (PID=2808) to work on /home/airflow/.local/lib/python3.7/site-packages/airflow/example_dags/example_branch_day_of_week_operator.py
[2023-07-05T13:14:30.837+0000] {processor.py:826} INFO - Processing file /home/airflow/.local/lib/python3.7/site-packages/airflow/example_dags/example_branch_day_of_week_operator.py for tasks to queue
[2023-07-05T13:14:30.838+0000] {logging_mixin.py:149} INFO - [2023-07-05T13:14:30.837+0000] {dagbag.py:541} INFO - Filling up the DagBag from /home/airflow/.local/lib/python3.7/site-packages/airflow/example_dags/example_branch_day_of_week_operator.py
[2023-07-05T13:14:30.846+0000] {processor.py:836} INFO - DAG(s) dict_keys(['example_weekday_branch_operator']) retrieved from /home/airflow/.local/lib/python3.7/site-packages/airflow/example_dags/example_branch_day_of_week_operator.py
[2023-07-05T13:14:30.882+0000] {logging_mixin.py:149} INFO - [2023-07-05T13:14:30.881+0000] {dag.py:2726} INFO - Sync 1 DAGs
[2023-07-05T13:14:30.919+0000] {logging_mixin.py:149} INFO - [2023-07-05T13:14:30.919+0000] {dag.py:3490} INFO - Setting next_dagrun for example_weekday_branch_operator to 2023-07-04T00:00:00+00:00, run_after=2023-07-05T00:00:00+00:00
[2023-07-05T13:14:30.942+0000] {processor.py:179} INFO - Processing /home/airflow/.local/lib/python3.7/site-packages/airflow/example_dags/example_branch_day_of_week_operator.py took 0.110 seconds
[2023-07-05T13:15:01.119+0000] {processor.py:157} INFO - Started process (PID=2864) to work on /home/airflow/.local/lib/python3.7/site-packages/airflow/example_dags/example_branch_day_of_week_operator.py
[2023-07-05T13:15:01.122+0000] {processor.py:826} INFO - Processing file /home/airflow/.local/lib/python3.7/site-packages/airflow/example_dags/example_branch_day_of_week_operator.py for tasks to queue
[2023-07-05T13:15:01.123+0000] {logging_mixin.py:149} INFO - [2023-07-05T13:15:01.123+0000] {dagbag.py:541} INFO - Filling up the DagBag from /home/airflow/.local/lib/python3.7/site-packages/airflow/example_dags/example_branch_day_of_week_operator.py
[2023-07-05T13:15:01.134+0000] {processor.py:836} INFO - DAG(s) dict_keys(['example_weekday_branch_operator']) retrieved from /home/airflow/.local/lib/python3.7/site-packages/airflow/example_dags/example_branch_day_of_week_operator.py
[2023-07-05T13:15:01.170+0000] {logging_mixin.py:149} INFO - [2023-07-05T13:15:01.169+0000] {dag.py:2726} INFO - Sync 1 DAGs
[2023-07-05T13:15:01.212+0000] {logging_mixin.py:149} INFO - [2023-07-05T13:15:01.212+0000] {dag.py:3490} INFO - Setting next_dagrun for example_weekday_branch_operator to 2023-07-04T00:00:00+00:00, run_after=2023-07-05T00:00:00+00:00
[2023-07-05T13:15:01.245+0000] {processor.py:179} INFO - Processing /home/airflow/.local/lib/python3.7/site-packages/airflow/example_dags/example_branch_day_of_week_operator.py took 0.131 seconds
[2023-07-05T13:15:31.523+0000] {processor.py:157} INFO - Started process (PID=2921) to work on /home/airflow/.local/lib/python3.7/site-packages/airflow/example_dags/example_branch_day_of_week_operator.py
[2023-07-05T13:15:31.524+0000] {processor.py:826} INFO - Processing file /home/airflow/.local/lib/python3.7/site-packages/airflow/example_dags/example_branch_day_of_week_operator.py for tasks to queue
[2023-07-05T13:15:31.526+0000] {logging_mixin.py:149} INFO - [2023-07-05T13:15:31.526+0000] {dagbag.py:541} INFO - Filling up the DagBag from /home/airflow/.local/lib/python3.7/site-packages/airflow/example_dags/example_branch_day_of_week_operator.py
[2023-07-05T13:15:31.536+0000] {processor.py:836} INFO - DAG(s) dict_keys(['example_weekday_branch_operator']) retrieved from /home/airflow/.local/lib/python3.7/site-packages/airflow/example_dags/example_branch_day_of_week_operator.py
[2023-07-05T13:15:31.571+0000] {logging_mixin.py:149} INFO - [2023-07-05T13:15:31.570+0000] {dag.py:2726} INFO - Sync 1 DAGs
[2023-07-05T13:15:31.607+0000] {logging_mixin.py:149} INFO - [2023-07-05T13:15:31.607+0000] {dag.py:3490} INFO - Setting next_dagrun for example_weekday_branch_operator to 2023-07-04T00:00:00+00:00, run_after=2023-07-05T00:00:00+00:00
[2023-07-05T13:15:31.636+0000] {processor.py:179} INFO - Processing /home/airflow/.local/lib/python3.7/site-packages/airflow/example_dags/example_branch_day_of_week_operator.py took 0.119 seconds
[2023-07-05T13:16:01.848+0000] {processor.py:157} INFO - Started process (PID=2978) to work on /home/airflow/.local/lib/python3.7/site-packages/airflow/example_dags/example_branch_day_of_week_operator.py
[2023-07-05T13:16:01.849+0000] {processor.py:826} INFO - Processing file /home/airflow/.local/lib/python3.7/site-packages/airflow/example_dags/example_branch_day_of_week_operator.py for tasks to queue
[2023-07-05T13:16:01.850+0000] {logging_mixin.py:149} INFO - [2023-07-05T13:16:01.850+0000] {dagbag.py:541} INFO - Filling up the DagBag from /home/airflow/.local/lib/python3.7/site-packages/airflow/example_dags/example_branch_day_of_week_operator.py
[2023-07-05T13:16:01.860+0000] {processor.py:836} INFO - DAG(s) dict_keys(['example_weekday_branch_operator']) retrieved from /home/airflow/.local/lib/python3.7/site-packages/airflow/example_dags/example_branch_day_of_week_operator.py
[2023-07-05T13:16:01.899+0000] {logging_mixin.py:149} INFO - [2023-07-05T13:16:01.899+0000] {dag.py:2726} INFO - Sync 1 DAGs
[2023-07-05T13:16:01.951+0000] {logging_mixin.py:149} INFO - [2023-07-05T13:16:01.951+0000] {dag.py:3490} INFO - Setting next_dagrun for example_weekday_branch_operator to 2023-07-04T00:00:00+00:00, run_after=2023-07-05T00:00:00+00:00
[2023-07-05T13:16:01.991+0000] {processor.py:179} INFO - Processing /home/airflow/.local/lib/python3.7/site-packages/airflow/example_dags/example_branch_day_of_week_operator.py took 0.148 seconds
[2023-07-05T13:16:32.231+0000] {processor.py:157} INFO - Started process (PID=3035) to work on /home/airflow/.local/lib/python3.7/site-packages/airflow/example_dags/example_branch_day_of_week_operator.py
[2023-07-05T13:16:32.232+0000] {processor.py:826} INFO - Processing file /home/airflow/.local/lib/python3.7/site-packages/airflow/example_dags/example_branch_day_of_week_operator.py for tasks to queue
[2023-07-05T13:16:32.233+0000] {logging_mixin.py:149} INFO - [2023-07-05T13:16:32.233+0000] {dagbag.py:541} INFO - Filling up the DagBag from /home/airflow/.local/lib/python3.7/site-packages/airflow/example_dags/example_branch_day_of_week_operator.py
[2023-07-05T13:16:32.245+0000] {processor.py:836} INFO - DAG(s) dict_keys(['example_weekday_branch_operator']) retrieved from /home/airflow/.local/lib/python3.7/site-packages/airflow/example_dags/example_branch_day_of_week_operator.py
[2023-07-05T13:16:32.279+0000] {logging_mixin.py:149} INFO - [2023-07-05T13:16:32.278+0000] {dag.py:2726} INFO - Sync 1 DAGs
[2023-07-05T13:16:32.321+0000] {logging_mixin.py:149} INFO - [2023-07-05T13:16:32.320+0000] {dag.py:3490} INFO - Setting next_dagrun for example_weekday_branch_operator to 2023-07-04T00:00:00+00:00, run_after=2023-07-05T00:00:00+00:00
[2023-07-05T13:16:32.348+0000] {processor.py:179} INFO - Processing /home/airflow/.local/lib/python3.7/site-packages/airflow/example_dags/example_branch_day_of_week_operator.py took 0.121 seconds
[2023-07-05T13:17:02.892+0000] {processor.py:157} INFO - Started process (PID=3091) to work on /home/airflow/.local/lib/python3.7/site-packages/airflow/example_dags/example_branch_day_of_week_operator.py
[2023-07-05T13:17:02.894+0000] {processor.py:826} INFO - Processing file /home/airflow/.local/lib/python3.7/site-packages/airflow/example_dags/example_branch_day_of_week_operator.py for tasks to queue
[2023-07-05T13:17:02.895+0000] {logging_mixin.py:149} INFO - [2023-07-05T13:17:02.895+0000] {dagbag.py:541} INFO - Filling up the DagBag from /home/airflow/.local/lib/python3.7/site-packages/airflow/example_dags/example_branch_day_of_week_operator.py
[2023-07-05T13:17:02.909+0000] {processor.py:836} INFO - DAG(s) dict_keys(['example_weekday_branch_operator']) retrieved from /home/airflow/.local/lib/python3.7/site-packages/airflow/example_dags/example_branch_day_of_week_operator.py
[2023-07-05T13:17:02.983+0000] {logging_mixin.py:149} INFO - [2023-07-05T13:17:02.982+0000] {dag.py:2726} INFO - Sync 1 DAGs
[2023-07-05T13:17:03.038+0000] {logging_mixin.py:149} INFO - [2023-07-05T13:17:03.037+0000] {dag.py:3490} INFO - Setting next_dagrun for example_weekday_branch_operator to 2023-07-04T00:00:00+00:00, run_after=2023-07-05T00:00:00+00:00
[2023-07-05T13:17:03.078+0000] {processor.py:179} INFO - Processing /home/airflow/.local/lib/python3.7/site-packages/airflow/example_dags/example_branch_day_of_week_operator.py took 0.193 seconds
[2023-07-05T13:17:33.333+0000] {processor.py:157} INFO - Started process (PID=3148) to work on /home/airflow/.local/lib/python3.7/site-packages/airflow/example_dags/example_branch_day_of_week_operator.py
[2023-07-05T13:17:33.334+0000] {processor.py:826} INFO - Processing file /home/airflow/.local/lib/python3.7/site-packages/airflow/example_dags/example_branch_day_of_week_operator.py for tasks to queue
[2023-07-05T13:17:33.335+0000] {logging_mixin.py:149} INFO - [2023-07-05T13:17:33.334+0000] {dagbag.py:541} INFO - Filling up the DagBag from /home/airflow/.local/lib/python3.7/site-packages/airflow/example_dags/example_branch_day_of_week_operator.py
[2023-07-05T13:17:33.345+0000] {processor.py:836} INFO - DAG(s) dict_keys(['example_weekday_branch_operator']) retrieved from /home/airflow/.local/lib/python3.7/site-packages/airflow/example_dags/example_branch_day_of_week_operator.py
[2023-07-05T13:17:33.375+0000] {logging_mixin.py:149} INFO - [2023-07-05T13:17:33.375+0000] {dag.py:2726} INFO - Sync 1 DAGs
[2023-07-05T13:17:33.411+0000] {logging_mixin.py:149} INFO - [2023-07-05T13:17:33.410+0000] {dag.py:3490} INFO - Setting next_dagrun for example_weekday_branch_operator to 2023-07-04T00:00:00+00:00, run_after=2023-07-05T00:00:00+00:00
[2023-07-05T13:17:33.433+0000] {processor.py:179} INFO - Processing /home/airflow/.local/lib/python3.7/site-packages/airflow/example_dags/example_branch_day_of_week_operator.py took 0.104 seconds
[2023-07-05T13:18:03.586+0000] {processor.py:157} INFO - Started process (PID=3205) to work on /home/airflow/.local/lib/python3.7/site-packages/airflow/example_dags/example_branch_day_of_week_operator.py
[2023-07-05T13:18:03.588+0000] {processor.py:826} INFO - Processing file /home/airflow/.local/lib/python3.7/site-packages/airflow/example_dags/example_branch_day_of_week_operator.py for tasks to queue
[2023-07-05T13:18:03.589+0000] {logging_mixin.py:149} INFO - [2023-07-05T13:18:03.589+0000] {dagbag.py:541} INFO - Filling up the DagBag from /home/airflow/.local/lib/python3.7/site-packages/airflow/example_dags/example_branch_day_of_week_operator.py
[2023-07-05T13:18:03.602+0000] {processor.py:836} INFO - DAG(s) dict_keys(['example_weekday_branch_operator']) retrieved from /home/airflow/.local/lib/python3.7/site-packages/airflow/example_dags/example_branch_day_of_week_operator.py
[2023-07-05T13:18:03.636+0000] {logging_mixin.py:149} INFO - [2023-07-05T13:18:03.635+0000] {dag.py:2726} INFO - Sync 1 DAGs
[2023-07-05T13:18:03.683+0000] {logging_mixin.py:149} INFO - [2023-07-05T13:18:03.682+0000] {dag.py:3490} INFO - Setting next_dagrun for example_weekday_branch_operator to 2023-07-04T00:00:00+00:00, run_after=2023-07-05T00:00:00+00:00
[2023-07-05T13:18:03.715+0000] {processor.py:179} INFO - Processing /home/airflow/.local/lib/python3.7/site-packages/airflow/example_dags/example_branch_day_of_week_operator.py took 0.134 seconds
