[2023-07-05T12:49:54.169+0000] {processor.py:157} INFO - Started process (PID=34) to work on /home/airflow/.local/lib/python3.7/site-packages/airflow/example_dags/example_dag_decorator.py
[2023-07-05T12:49:54.179+0000] {processor.py:826} INFO - Processing file /home/airflow/.local/lib/python3.7/site-packages/airflow/example_dags/example_dag_decorator.py for tasks to queue
[2023-07-05T12:49:54.183+0000] {logging_mixin.py:149} INFO - [2023-07-05T12:49:54.182+0000] {dagbag.py:541} INFO - Filling up the DagBag from /home/airflow/.local/lib/python3.7/site-packages/airflow/example_dags/example_dag_decorator.py
[2023-07-05T12:49:54.340+0000] {processor.py:836} INFO - DAG(s) dict_keys(['example_dag_decorator']) retrieved from /home/airflow/.local/lib/python3.7/site-packages/airflow/example_dags/example_dag_decorator.py
[2023-07-05T12:49:54.488+0000] {logging_mixin.py:149} INFO - [2023-07-05T12:49:54.488+0000] {dag.py:2726} INFO - Sync 1 DAGs
[2023-07-05T12:49:54.568+0000] {logging_mixin.py:149} INFO - [2023-07-05T12:49:54.568+0000] {dag.py:3490} INFO - Setting next_dagrun for example_dag_decorator to None, run_after=None
[2023-07-05T12:49:54.620+0000] {processor.py:179} INFO - Processing /home/airflow/.local/lib/python3.7/site-packages/airflow/example_dags/example_dag_decorator.py took 0.492 seconds
[2023-07-05T12:50:25.020+0000] {processor.py:157} INFO - Started process (PID=91) to work on /home/airflow/.local/lib/python3.7/site-packages/airflow/example_dags/example_dag_decorator.py
[2023-07-05T12:50:25.112+0000] {processor.py:826} INFO - Processing file /home/airflow/.local/lib/python3.7/site-packages/airflow/example_dags/example_dag_decorator.py for tasks to queue
[2023-07-05T12:50:25.181+0000] {logging_mixin.py:149} INFO - [2023-07-05T12:50:25.181+0000] {dagbag.py:541} INFO - Filling up the DagBag from /home/airflow/.local/lib/python3.7/site-packages/airflow/example_dags/example_dag_decorator.py
[2023-07-05T12:50:26.175+0000] {processor.py:836} INFO - DAG(s) dict_keys(['example_dag_decorator']) retrieved from /home/airflow/.local/lib/python3.7/site-packages/airflow/example_dags/example_dag_decorator.py
[2023-07-05T12:50:29.612+0000] {logging_mixin.py:149} INFO - [2023-07-05T12:50:29.612+0000] {dag.py:2726} INFO - Sync 1 DAGs
[2023-07-05T12:50:29.911+0000] {logging_mixin.py:149} INFO - [2023-07-05T12:50:29.911+0000] {dag.py:3490} INFO - Setting next_dagrun for example_dag_decorator to None, run_after=None
[2023-07-05T12:50:30.208+0000] {processor.py:179} INFO - Processing /home/airflow/.local/lib/python3.7/site-packages/airflow/example_dags/example_dag_decorator.py took 5.485 seconds
[2023-07-05T12:51:00.422+0000] {processor.py:157} INFO - Started process (PID=150) to work on /home/airflow/.local/lib/python3.7/site-packages/airflow/example_dags/example_dag_decorator.py
[2023-07-05T12:51:00.424+0000] {processor.py:826} INFO - Processing file /home/airflow/.local/lib/python3.7/site-packages/airflow/example_dags/example_dag_decorator.py for tasks to queue
[2023-07-05T12:51:00.425+0000] {logging_mixin.py:149} INFO - [2023-07-05T12:51:00.425+0000] {dagbag.py:541} INFO - Filling up the DagBag from /home/airflow/.local/lib/python3.7/site-packages/airflow/example_dags/example_dag_decorator.py
[2023-07-05T12:51:00.449+0000] {processor.py:836} INFO - DAG(s) dict_keys(['example_dag_decorator']) retrieved from /home/airflow/.local/lib/python3.7/site-packages/airflow/example_dags/example_dag_decorator.py
[2023-07-05T12:51:00.780+0000] {logging_mixin.py:149} INFO - [2023-07-05T12:51:00.780+0000] {dag.py:2726} INFO - Sync 1 DAGs
[2023-07-05T12:51:00.814+0000] {logging_mixin.py:149} INFO - [2023-07-05T12:51:00.814+0000] {dag.py:3490} INFO - Setting next_dagrun for example_dag_decorator to None, run_after=None
[2023-07-05T12:51:00.842+0000] {processor.py:179} INFO - Processing /home/airflow/.local/lib/python3.7/site-packages/airflow/example_dags/example_dag_decorator.py took 0.426 seconds
[2023-07-05T12:51:30.970+0000] {processor.py:157} INFO - Started process (PID=207) to work on /home/airflow/.local/lib/python3.7/site-packages/airflow/example_dags/example_dag_decorator.py
[2023-07-05T12:51:30.973+0000] {processor.py:826} INFO - Processing file /home/airflow/.local/lib/python3.7/site-packages/airflow/example_dags/example_dag_decorator.py for tasks to queue
[2023-07-05T12:51:30.974+0000] {logging_mixin.py:149} INFO - [2023-07-05T12:51:30.974+0000] {dagbag.py:541} INFO - Filling up the DagBag from /home/airflow/.local/lib/python3.7/site-packages/airflow/example_dags/example_dag_decorator.py
[2023-07-05T12:51:30.996+0000] {processor.py:836} INFO - DAG(s) dict_keys(['example_dag_decorator']) retrieved from /home/airflow/.local/lib/python3.7/site-packages/airflow/example_dags/example_dag_decorator.py
[2023-07-05T12:51:31.222+0000] {logging_mixin.py:149} INFO - [2023-07-05T12:51:31.222+0000] {dag.py:2726} INFO - Sync 1 DAGs
[2023-07-05T12:51:31.265+0000] {logging_mixin.py:149} INFO - [2023-07-05T12:51:31.265+0000] {dag.py:3490} INFO - Setting next_dagrun for example_dag_decorator to None, run_after=None
[2023-07-05T12:51:31.548+0000] {processor.py:179} INFO - Processing /home/airflow/.local/lib/python3.7/site-packages/airflow/example_dags/example_dag_decorator.py took 0.582 seconds
[2023-07-05T12:52:02.508+0000] {processor.py:157} INFO - Started process (PID=266) to work on /home/airflow/.local/lib/python3.7/site-packages/airflow/example_dags/example_dag_decorator.py
[2023-07-05T12:52:02.510+0000] {processor.py:826} INFO - Processing file /home/airflow/.local/lib/python3.7/site-packages/airflow/example_dags/example_dag_decorator.py for tasks to queue
[2023-07-05T12:52:02.511+0000] {logging_mixin.py:149} INFO - [2023-07-05T12:52:02.511+0000] {dagbag.py:541} INFO - Filling up the DagBag from /home/airflow/.local/lib/python3.7/site-packages/airflow/example_dags/example_dag_decorator.py
[2023-07-05T12:52:02.534+0000] {processor.py:836} INFO - DAG(s) dict_keys(['example_dag_decorator']) retrieved from /home/airflow/.local/lib/python3.7/site-packages/airflow/example_dags/example_dag_decorator.py
[2023-07-05T12:52:02.956+0000] {logging_mixin.py:149} INFO - [2023-07-05T12:52:02.955+0000] {dag.py:2726} INFO - Sync 1 DAGs
[2023-07-05T12:52:02.989+0000] {logging_mixin.py:149} INFO - [2023-07-05T12:52:02.988+0000] {dag.py:3490} INFO - Setting next_dagrun for example_dag_decorator to None, run_after=None
[2023-07-05T12:52:03.035+0000] {processor.py:179} INFO - Processing /home/airflow/.local/lib/python3.7/site-packages/airflow/example_dags/example_dag_decorator.py took 0.531 seconds
[2023-07-05T12:52:33.290+0000] {processor.py:157} INFO - Started process (PID=323) to work on /home/airflow/.local/lib/python3.7/site-packages/airflow/example_dags/example_dag_decorator.py
[2023-07-05T12:52:33.290+0000] {processor.py:826} INFO - Processing file /home/airflow/.local/lib/python3.7/site-packages/airflow/example_dags/example_dag_decorator.py for tasks to queue
[2023-07-05T12:52:33.291+0000] {logging_mixin.py:149} INFO - [2023-07-05T12:52:33.291+0000] {dagbag.py:541} INFO - Filling up the DagBag from /home/airflow/.local/lib/python3.7/site-packages/airflow/example_dags/example_dag_decorator.py
[2023-07-05T12:52:33.307+0000] {processor.py:836} INFO - DAG(s) dict_keys(['example_dag_decorator']) retrieved from /home/airflow/.local/lib/python3.7/site-packages/airflow/example_dags/example_dag_decorator.py
[2023-07-05T12:52:33.688+0000] {logging_mixin.py:149} INFO - [2023-07-05T12:52:33.687+0000] {dag.py:2726} INFO - Sync 1 DAGs
[2023-07-05T12:52:33.729+0000] {logging_mixin.py:149} INFO - [2023-07-05T12:52:33.728+0000] {dag.py:3490} INFO - Setting next_dagrun for example_dag_decorator to None, run_after=None
[2023-07-05T12:52:33.772+0000] {processor.py:179} INFO - Processing /home/airflow/.local/lib/python3.7/site-packages/airflow/example_dags/example_dag_decorator.py took 0.486 seconds
[2023-07-05T12:53:03.909+0000] {processor.py:157} INFO - Started process (PID=381) to work on /home/airflow/.local/lib/python3.7/site-packages/airflow/example_dags/example_dag_decorator.py
[2023-07-05T12:53:03.911+0000] {processor.py:826} INFO - Processing file /home/airflow/.local/lib/python3.7/site-packages/airflow/example_dags/example_dag_decorator.py for tasks to queue
[2023-07-05T12:53:03.915+0000] {logging_mixin.py:149} INFO - [2023-07-05T12:53:03.914+0000] {dagbag.py:541} INFO - Filling up the DagBag from /home/airflow/.local/lib/python3.7/site-packages/airflow/example_dags/example_dag_decorator.py
[2023-07-05T12:53:03.933+0000] {processor.py:836} INFO - DAG(s) dict_keys(['example_dag_decorator']) retrieved from /home/airflow/.local/lib/python3.7/site-packages/airflow/example_dags/example_dag_decorator.py
[2023-07-05T12:53:04.288+0000] {logging_mixin.py:149} INFO - [2023-07-05T12:53:04.288+0000] {dag.py:2726} INFO - Sync 1 DAGs
[2023-07-05T12:53:04.319+0000] {logging_mixin.py:149} INFO - [2023-07-05T12:53:04.319+0000] {dag.py:3490} INFO - Setting next_dagrun for example_dag_decorator to None, run_after=None
[2023-07-05T12:53:04.347+0000] {processor.py:179} INFO - Processing /home/airflow/.local/lib/python3.7/site-packages/airflow/example_dags/example_dag_decorator.py took 0.442 seconds
[2023-07-05T12:53:34.375+0000] {processor.py:157} INFO - Started process (PID=438) to work on /home/airflow/.local/lib/python3.7/site-packages/airflow/example_dags/example_dag_decorator.py
[2023-07-05T12:53:34.377+0000] {processor.py:826} INFO - Processing file /home/airflow/.local/lib/python3.7/site-packages/airflow/example_dags/example_dag_decorator.py for tasks to queue
[2023-07-05T12:53:34.378+0000] {logging_mixin.py:149} INFO - [2023-07-05T12:53:34.378+0000] {dagbag.py:541} INFO - Filling up the DagBag from /home/airflow/.local/lib/python3.7/site-packages/airflow/example_dags/example_dag_decorator.py
[2023-07-05T12:53:34.395+0000] {processor.py:836} INFO - DAG(s) dict_keys(['example_dag_decorator']) retrieved from /home/airflow/.local/lib/python3.7/site-packages/airflow/example_dags/example_dag_decorator.py
[2023-07-05T12:53:34.709+0000] {logging_mixin.py:149} INFO - [2023-07-05T12:53:34.709+0000] {dag.py:2726} INFO - Sync 1 DAGs
[2023-07-05T12:53:34.742+0000] {logging_mixin.py:149} INFO - [2023-07-05T12:53:34.742+0000] {dag.py:3490} INFO - Setting next_dagrun for example_dag_decorator to None, run_after=None
[2023-07-05T12:53:34.771+0000] {processor.py:179} INFO - Processing /home/airflow/.local/lib/python3.7/site-packages/airflow/example_dags/example_dag_decorator.py took 0.399 seconds
[2023-07-05T12:54:05.010+0000] {processor.py:157} INFO - Started process (PID=495) to work on /home/airflow/.local/lib/python3.7/site-packages/airflow/example_dags/example_dag_decorator.py
[2023-07-05T12:54:05.012+0000] {processor.py:826} INFO - Processing file /home/airflow/.local/lib/python3.7/site-packages/airflow/example_dags/example_dag_decorator.py for tasks to queue
[2023-07-05T12:54:05.012+0000] {logging_mixin.py:149} INFO - [2023-07-05T12:54:05.012+0000] {dagbag.py:541} INFO - Filling up the DagBag from /home/airflow/.local/lib/python3.7/site-packages/airflow/example_dags/example_dag_decorator.py
[2023-07-05T12:54:05.030+0000] {processor.py:836} INFO - DAG(s) dict_keys(['example_dag_decorator']) retrieved from /home/airflow/.local/lib/python3.7/site-packages/airflow/example_dags/example_dag_decorator.py
[2023-07-05T12:54:05.350+0000] {logging_mixin.py:149} INFO - [2023-07-05T12:54:05.349+0000] {dag.py:2726} INFO - Sync 1 DAGs
[2023-07-05T12:54:05.379+0000] {logging_mixin.py:149} INFO - [2023-07-05T12:54:05.379+0000] {dag.py:3490} INFO - Setting next_dagrun for example_dag_decorator to None, run_after=None
[2023-07-05T12:54:05.409+0000] {processor.py:179} INFO - Processing /home/airflow/.local/lib/python3.7/site-packages/airflow/example_dags/example_dag_decorator.py took 0.403 seconds
[2023-07-05T12:54:35.939+0000] {processor.py:157} INFO - Started process (PID=551) to work on /home/airflow/.local/lib/python3.7/site-packages/airflow/example_dags/example_dag_decorator.py
[2023-07-05T12:54:35.942+0000] {processor.py:826} INFO - Processing file /home/airflow/.local/lib/python3.7/site-packages/airflow/example_dags/example_dag_decorator.py for tasks to queue
[2023-07-05T12:54:35.943+0000] {logging_mixin.py:149} INFO - [2023-07-05T12:54:35.943+0000] {dagbag.py:541} INFO - Filling up the DagBag from /home/airflow/.local/lib/python3.7/site-packages/airflow/example_dags/example_dag_decorator.py
[2023-07-05T12:54:35.961+0000] {processor.py:836} INFO - DAG(s) dict_keys(['example_dag_decorator']) retrieved from /home/airflow/.local/lib/python3.7/site-packages/airflow/example_dags/example_dag_decorator.py
[2023-07-05T12:54:36.329+0000] {logging_mixin.py:149} INFO - [2023-07-05T12:54:36.329+0000] {dag.py:2726} INFO - Sync 1 DAGs
[2023-07-05T12:54:36.359+0000] {logging_mixin.py:149} INFO - [2023-07-05T12:54:36.358+0000] {dag.py:3490} INFO - Setting next_dagrun for example_dag_decorator to None, run_after=None
[2023-07-05T12:54:36.397+0000] {processor.py:179} INFO - Processing /home/airflow/.local/lib/python3.7/site-packages/airflow/example_dags/example_dag_decorator.py took 0.462 seconds
[2023-07-05T12:55:06.546+0000] {processor.py:157} INFO - Started process (PID=608) to work on /home/airflow/.local/lib/python3.7/site-packages/airflow/example_dags/example_dag_decorator.py
[2023-07-05T12:55:06.547+0000] {processor.py:826} INFO - Processing file /home/airflow/.local/lib/python3.7/site-packages/airflow/example_dags/example_dag_decorator.py for tasks to queue
[2023-07-05T12:55:06.548+0000] {logging_mixin.py:149} INFO - [2023-07-05T12:55:06.548+0000] {dagbag.py:541} INFO - Filling up the DagBag from /home/airflow/.local/lib/python3.7/site-packages/airflow/example_dags/example_dag_decorator.py
[2023-07-05T12:55:06.567+0000] {processor.py:836} INFO - DAG(s) dict_keys(['example_dag_decorator']) retrieved from /home/airflow/.local/lib/python3.7/site-packages/airflow/example_dags/example_dag_decorator.py
[2023-07-05T12:55:06.880+0000] {logging_mixin.py:149} INFO - [2023-07-05T12:55:06.879+0000] {dag.py:2726} INFO - Sync 1 DAGs
[2023-07-05T12:55:06.915+0000] {logging_mixin.py:149} INFO - [2023-07-05T12:55:06.915+0000] {dag.py:3490} INFO - Setting next_dagrun for example_dag_decorator to None, run_after=None
[2023-07-05T12:55:06.942+0000] {processor.py:179} INFO - Processing /home/airflow/.local/lib/python3.7/site-packages/airflow/example_dags/example_dag_decorator.py took 0.400 seconds
[2023-07-05T12:55:37.734+0000] {processor.py:157} INFO - Started process (PID=665) to work on /home/airflow/.local/lib/python3.7/site-packages/airflow/example_dags/example_dag_decorator.py
[2023-07-05T12:55:37.736+0000] {processor.py:826} INFO - Processing file /home/airflow/.local/lib/python3.7/site-packages/airflow/example_dags/example_dag_decorator.py for tasks to queue
[2023-07-05T12:55:37.737+0000] {logging_mixin.py:149} INFO - [2023-07-05T12:55:37.737+0000] {dagbag.py:541} INFO - Filling up the DagBag from /home/airflow/.local/lib/python3.7/site-packages/airflow/example_dags/example_dag_decorator.py
[2023-07-05T12:55:37.757+0000] {processor.py:836} INFO - DAG(s) dict_keys(['example_dag_decorator']) retrieved from /home/airflow/.local/lib/python3.7/site-packages/airflow/example_dags/example_dag_decorator.py
[2023-07-05T12:55:38.112+0000] {logging_mixin.py:149} INFO - [2023-07-05T12:55:38.112+0000] {dag.py:2726} INFO - Sync 1 DAGs
[2023-07-05T12:55:38.147+0000] {logging_mixin.py:149} INFO - [2023-07-05T12:55:38.147+0000] {dag.py:3490} INFO - Setting next_dagrun for example_dag_decorator to None, run_after=None
[2023-07-05T12:55:38.174+0000] {processor.py:179} INFO - Processing /home/airflow/.local/lib/python3.7/site-packages/airflow/example_dags/example_dag_decorator.py took 0.444 seconds
[2023-07-05T12:56:08.494+0000] {processor.py:157} INFO - Started process (PID=723) to work on /home/airflow/.local/lib/python3.7/site-packages/airflow/example_dags/example_dag_decorator.py
[2023-07-05T12:56:08.496+0000] {processor.py:826} INFO - Processing file /home/airflow/.local/lib/python3.7/site-packages/airflow/example_dags/example_dag_decorator.py for tasks to queue
[2023-07-05T12:56:08.497+0000] {logging_mixin.py:149} INFO - [2023-07-05T12:56:08.497+0000] {dagbag.py:541} INFO - Filling up the DagBag from /home/airflow/.local/lib/python3.7/site-packages/airflow/example_dags/example_dag_decorator.py
[2023-07-05T12:56:08.514+0000] {processor.py:836} INFO - DAG(s) dict_keys(['example_dag_decorator']) retrieved from /home/airflow/.local/lib/python3.7/site-packages/airflow/example_dags/example_dag_decorator.py
[2023-07-05T12:56:08.829+0000] {logging_mixin.py:149} INFO - [2023-07-05T12:56:08.828+0000] {dag.py:2726} INFO - Sync 1 DAGs
[2023-07-05T12:56:08.862+0000] {logging_mixin.py:149} INFO - [2023-07-05T12:56:08.862+0000] {dag.py:3490} INFO - Setting next_dagrun for example_dag_decorator to None, run_after=None
[2023-07-05T12:56:08.896+0000] {processor.py:179} INFO - Processing /home/airflow/.local/lib/python3.7/site-packages/airflow/example_dags/example_dag_decorator.py took 0.405 seconds
[2023-07-05T12:56:39.061+0000] {processor.py:157} INFO - Started process (PID=780) to work on /home/airflow/.local/lib/python3.7/site-packages/airflow/example_dags/example_dag_decorator.py
[2023-07-05T12:56:39.062+0000] {processor.py:826} INFO - Processing file /home/airflow/.local/lib/python3.7/site-packages/airflow/example_dags/example_dag_decorator.py for tasks to queue
[2023-07-05T12:56:39.063+0000] {logging_mixin.py:149} INFO - [2023-07-05T12:56:39.063+0000] {dagbag.py:541} INFO - Filling up the DagBag from /home/airflow/.local/lib/python3.7/site-packages/airflow/example_dags/example_dag_decorator.py
[2023-07-05T12:56:39.083+0000] {processor.py:836} INFO - DAG(s) dict_keys(['example_dag_decorator']) retrieved from /home/airflow/.local/lib/python3.7/site-packages/airflow/example_dags/example_dag_decorator.py
[2023-07-05T12:56:39.262+0000] {logging_mixin.py:149} INFO - [2023-07-05T12:56:39.261+0000] {dag.py:2726} INFO - Sync 1 DAGs
[2023-07-05T12:56:39.294+0000] {logging_mixin.py:149} INFO - [2023-07-05T12:56:39.294+0000] {dag.py:3490} INFO - Setting next_dagrun for example_dag_decorator to None, run_after=None
[2023-07-05T12:56:39.322+0000] {processor.py:179} INFO - Processing /home/airflow/.local/lib/python3.7/site-packages/airflow/example_dags/example_dag_decorator.py took 0.265 seconds
[2023-07-05T12:57:09.350+0000] {processor.py:157} INFO - Started process (PID=836) to work on /home/airflow/.local/lib/python3.7/site-packages/airflow/example_dags/example_dag_decorator.py
[2023-07-05T12:57:09.352+0000] {processor.py:826} INFO - Processing file /home/airflow/.local/lib/python3.7/site-packages/airflow/example_dags/example_dag_decorator.py for tasks to queue
[2023-07-05T12:57:09.353+0000] {logging_mixin.py:149} INFO - [2023-07-05T12:57:09.353+0000] {dagbag.py:541} INFO - Filling up the DagBag from /home/airflow/.local/lib/python3.7/site-packages/airflow/example_dags/example_dag_decorator.py
[2023-07-05T12:57:09.370+0000] {processor.py:836} INFO - DAG(s) dict_keys(['example_dag_decorator']) retrieved from /home/airflow/.local/lib/python3.7/site-packages/airflow/example_dags/example_dag_decorator.py
[2023-07-05T12:57:09.553+0000] {logging_mixin.py:149} INFO - [2023-07-05T12:57:09.552+0000] {dag.py:2726} INFO - Sync 1 DAGs
[2023-07-05T12:57:09.585+0000] {logging_mixin.py:149} INFO - [2023-07-05T12:57:09.585+0000] {dag.py:3490} INFO - Setting next_dagrun for example_dag_decorator to None, run_after=None
[2023-07-05T12:57:09.617+0000] {processor.py:179} INFO - Processing /home/airflow/.local/lib/python3.7/site-packages/airflow/example_dags/example_dag_decorator.py took 0.270 seconds
[2023-07-05T12:57:39.801+0000] {processor.py:157} INFO - Started process (PID=891) to work on /home/airflow/.local/lib/python3.7/site-packages/airflow/example_dags/example_dag_decorator.py
[2023-07-05T12:57:39.803+0000] {processor.py:826} INFO - Processing file /home/airflow/.local/lib/python3.7/site-packages/airflow/example_dags/example_dag_decorator.py for tasks to queue
[2023-07-05T12:57:39.804+0000] {logging_mixin.py:149} INFO - [2023-07-05T12:57:39.804+0000] {dagbag.py:541} INFO - Filling up the DagBag from /home/airflow/.local/lib/python3.7/site-packages/airflow/example_dags/example_dag_decorator.py
[2023-07-05T12:57:39.824+0000] {processor.py:836} INFO - DAG(s) dict_keys(['example_dag_decorator']) retrieved from /home/airflow/.local/lib/python3.7/site-packages/airflow/example_dags/example_dag_decorator.py
[2023-07-05T12:57:40.032+0000] {logging_mixin.py:149} INFO - [2023-07-05T12:57:40.032+0000] {dag.py:2726} INFO - Sync 1 DAGs
[2023-07-05T12:57:40.075+0000] {logging_mixin.py:149} INFO - [2023-07-05T12:57:40.075+0000] {dag.py:3490} INFO - Setting next_dagrun for example_dag_decorator to None, run_after=None
[2023-07-05T12:57:40.123+0000] {processor.py:179} INFO - Processing /home/airflow/.local/lib/python3.7/site-packages/airflow/example_dags/example_dag_decorator.py took 0.326 seconds
[2023-07-05T12:58:10.309+0000] {processor.py:157} INFO - Started process (PID=948) to work on /home/airflow/.local/lib/python3.7/site-packages/airflow/example_dags/example_dag_decorator.py
[2023-07-05T12:58:10.310+0000] {processor.py:826} INFO - Processing file /home/airflow/.local/lib/python3.7/site-packages/airflow/example_dags/example_dag_decorator.py for tasks to queue
[2023-07-05T12:58:10.311+0000] {logging_mixin.py:149} INFO - [2023-07-05T12:58:10.311+0000] {dagbag.py:541} INFO - Filling up the DagBag from /home/airflow/.local/lib/python3.7/site-packages/airflow/example_dags/example_dag_decorator.py
[2023-07-05T12:58:10.334+0000] {processor.py:836} INFO - DAG(s) dict_keys(['example_dag_decorator']) retrieved from /home/airflow/.local/lib/python3.7/site-packages/airflow/example_dags/example_dag_decorator.py
[2023-07-05T12:58:10.559+0000] {logging_mixin.py:149} INFO - [2023-07-05T12:58:10.558+0000] {dag.py:2726} INFO - Sync 1 DAGs
[2023-07-05T12:58:10.603+0000] {logging_mixin.py:149} INFO - [2023-07-05T12:58:10.603+0000] {dag.py:3490} INFO - Setting next_dagrun for example_dag_decorator to None, run_after=None
[2023-07-05T12:58:10.658+0000] {processor.py:179} INFO - Processing /home/airflow/.local/lib/python3.7/site-packages/airflow/example_dags/example_dag_decorator.py took 0.355 seconds
[2023-07-05T12:58:40.776+0000] {processor.py:157} INFO - Started process (PID=1006) to work on /home/airflow/.local/lib/python3.7/site-packages/airflow/example_dags/example_dag_decorator.py
[2023-07-05T12:58:40.777+0000] {processor.py:826} INFO - Processing file /home/airflow/.local/lib/python3.7/site-packages/airflow/example_dags/example_dag_decorator.py for tasks to queue
[2023-07-05T12:58:40.777+0000] {logging_mixin.py:149} INFO - [2023-07-05T12:58:40.777+0000] {dagbag.py:541} INFO - Filling up the DagBag from /home/airflow/.local/lib/python3.7/site-packages/airflow/example_dags/example_dag_decorator.py
[2023-07-05T12:58:40.795+0000] {processor.py:836} INFO - DAG(s) dict_keys(['example_dag_decorator']) retrieved from /home/airflow/.local/lib/python3.7/site-packages/airflow/example_dags/example_dag_decorator.py
[2023-07-05T12:58:41.019+0000] {logging_mixin.py:149} INFO - [2023-07-05T12:58:41.018+0000] {dag.py:2726} INFO - Sync 1 DAGs
[2023-07-05T12:58:41.060+0000] {logging_mixin.py:149} INFO - [2023-07-05T12:58:41.059+0000] {dag.py:3490} INFO - Setting next_dagrun for example_dag_decorator to None, run_after=None
[2023-07-05T12:58:41.089+0000] {processor.py:179} INFO - Processing /home/airflow/.local/lib/python3.7/site-packages/airflow/example_dags/example_dag_decorator.py took 0.317 seconds
[2023-07-05T12:59:11.137+0000] {processor.py:157} INFO - Started process (PID=1063) to work on /home/airflow/.local/lib/python3.7/site-packages/airflow/example_dags/example_dag_decorator.py
[2023-07-05T12:59:11.139+0000] {processor.py:826} INFO - Processing file /home/airflow/.local/lib/python3.7/site-packages/airflow/example_dags/example_dag_decorator.py for tasks to queue
[2023-07-05T12:59:11.140+0000] {logging_mixin.py:149} INFO - [2023-07-05T12:59:11.140+0000] {dagbag.py:541} INFO - Filling up the DagBag from /home/airflow/.local/lib/python3.7/site-packages/airflow/example_dags/example_dag_decorator.py
[2023-07-05T12:59:11.157+0000] {processor.py:836} INFO - DAG(s) dict_keys(['example_dag_decorator']) retrieved from /home/airflow/.local/lib/python3.7/site-packages/airflow/example_dags/example_dag_decorator.py
[2023-07-05T12:59:11.336+0000] {logging_mixin.py:149} INFO - [2023-07-05T12:59:11.336+0000] {dag.py:2726} INFO - Sync 1 DAGs
[2023-07-05T12:59:11.373+0000] {logging_mixin.py:149} INFO - [2023-07-05T12:59:11.373+0000] {dag.py:3490} INFO - Setting next_dagrun for example_dag_decorator to None, run_after=None
[2023-07-05T12:59:11.402+0000] {processor.py:179} INFO - Processing /home/airflow/.local/lib/python3.7/site-packages/airflow/example_dags/example_dag_decorator.py took 0.270 seconds
[2023-07-05T12:59:41.499+0000] {processor.py:157} INFO - Started process (PID=1117) to work on /home/airflow/.local/lib/python3.7/site-packages/airflow/example_dags/example_dag_decorator.py
[2023-07-05T12:59:41.500+0000] {processor.py:826} INFO - Processing file /home/airflow/.local/lib/python3.7/site-packages/airflow/example_dags/example_dag_decorator.py for tasks to queue
[2023-07-05T12:59:41.501+0000] {logging_mixin.py:149} INFO - [2023-07-05T12:59:41.501+0000] {dagbag.py:541} INFO - Filling up the DagBag from /home/airflow/.local/lib/python3.7/site-packages/airflow/example_dags/example_dag_decorator.py
[2023-07-05T12:59:41.525+0000] {processor.py:836} INFO - DAG(s) dict_keys(['example_dag_decorator']) retrieved from /home/airflow/.local/lib/python3.7/site-packages/airflow/example_dags/example_dag_decorator.py
[2023-07-05T12:59:41.738+0000] {logging_mixin.py:149} INFO - [2023-07-05T12:59:41.737+0000] {dag.py:2726} INFO - Sync 1 DAGs
[2023-07-05T12:59:41.775+0000] {logging_mixin.py:149} INFO - [2023-07-05T12:59:41.775+0000] {dag.py:3490} INFO - Setting next_dagrun for example_dag_decorator to None, run_after=None
[2023-07-05T12:59:41.814+0000] {processor.py:179} INFO - Processing /home/airflow/.local/lib/python3.7/site-packages/airflow/example_dags/example_dag_decorator.py took 0.320 seconds
[2023-07-05T13:00:11.855+0000] {processor.py:157} INFO - Started process (PID=1175) to work on /home/airflow/.local/lib/python3.7/site-packages/airflow/example_dags/example_dag_decorator.py
[2023-07-05T13:00:11.857+0000] {processor.py:826} INFO - Processing file /home/airflow/.local/lib/python3.7/site-packages/airflow/example_dags/example_dag_decorator.py for tasks to queue
[2023-07-05T13:00:11.858+0000] {logging_mixin.py:149} INFO - [2023-07-05T13:00:11.858+0000] {dagbag.py:541} INFO - Filling up the DagBag from /home/airflow/.local/lib/python3.7/site-packages/airflow/example_dags/example_dag_decorator.py
[2023-07-05T13:00:11.884+0000] {processor.py:836} INFO - DAG(s) dict_keys(['example_dag_decorator']) retrieved from /home/airflow/.local/lib/python3.7/site-packages/airflow/example_dags/example_dag_decorator.py
[2023-07-05T13:00:12.121+0000] {logging_mixin.py:149} INFO - [2023-07-05T13:00:12.120+0000] {dag.py:2726} INFO - Sync 1 DAGs
[2023-07-05T13:00:12.159+0000] {logging_mixin.py:149} INFO - [2023-07-05T13:00:12.159+0000] {dag.py:3490} INFO - Setting next_dagrun for example_dag_decorator to None, run_after=None
[2023-07-05T13:00:12.195+0000] {processor.py:179} INFO - Processing /home/airflow/.local/lib/python3.7/site-packages/airflow/example_dags/example_dag_decorator.py took 0.346 seconds
[2023-07-05T13:00:42.268+0000] {processor.py:157} INFO - Started process (PID=1232) to work on /home/airflow/.local/lib/python3.7/site-packages/airflow/example_dags/example_dag_decorator.py
[2023-07-05T13:00:42.270+0000] {processor.py:826} INFO - Processing file /home/airflow/.local/lib/python3.7/site-packages/airflow/example_dags/example_dag_decorator.py for tasks to queue
[2023-07-05T13:00:42.272+0000] {logging_mixin.py:149} INFO - [2023-07-05T13:00:42.272+0000] {dagbag.py:541} INFO - Filling up the DagBag from /home/airflow/.local/lib/python3.7/site-packages/airflow/example_dags/example_dag_decorator.py
[2023-07-05T13:00:42.289+0000] {processor.py:836} INFO - DAG(s) dict_keys(['example_dag_decorator']) retrieved from /home/airflow/.local/lib/python3.7/site-packages/airflow/example_dags/example_dag_decorator.py
[2023-07-05T13:00:42.504+0000] {logging_mixin.py:149} INFO - [2023-07-05T13:00:42.503+0000] {dag.py:2726} INFO - Sync 1 DAGs
[2023-07-05T13:00:42.551+0000] {logging_mixin.py:149} INFO - [2023-07-05T13:00:42.551+0000] {dag.py:3490} INFO - Setting next_dagrun for example_dag_decorator to None, run_after=None
[2023-07-05T13:00:42.600+0000] {processor.py:179} INFO - Processing /home/airflow/.local/lib/python3.7/site-packages/airflow/example_dags/example_dag_decorator.py took 0.336 seconds
[2023-07-05T13:01:12.801+0000] {processor.py:157} INFO - Started process (PID=1291) to work on /home/airflow/.local/lib/python3.7/site-packages/airflow/example_dags/example_dag_decorator.py
[2023-07-05T13:01:12.803+0000] {processor.py:826} INFO - Processing file /home/airflow/.local/lib/python3.7/site-packages/airflow/example_dags/example_dag_decorator.py for tasks to queue
[2023-07-05T13:01:12.804+0000] {logging_mixin.py:149} INFO - [2023-07-05T13:01:12.804+0000] {dagbag.py:541} INFO - Filling up the DagBag from /home/airflow/.local/lib/python3.7/site-packages/airflow/example_dags/example_dag_decorator.py
[2023-07-05T13:01:12.824+0000] {processor.py:836} INFO - DAG(s) dict_keys(['example_dag_decorator']) retrieved from /home/airflow/.local/lib/python3.7/site-packages/airflow/example_dags/example_dag_decorator.py
[2023-07-05T13:01:13.041+0000] {logging_mixin.py:149} INFO - [2023-07-05T13:01:13.040+0000] {dag.py:2726} INFO - Sync 1 DAGs
[2023-07-05T13:01:13.096+0000] {logging_mixin.py:149} INFO - [2023-07-05T13:01:13.096+0000] {dag.py:3490} INFO - Setting next_dagrun for example_dag_decorator to None, run_after=None
[2023-07-05T13:01:13.142+0000] {processor.py:179} INFO - Processing /home/airflow/.local/lib/python3.7/site-packages/airflow/example_dags/example_dag_decorator.py took 0.346 seconds
[2023-07-05T13:01:43.173+0000] {processor.py:157} INFO - Started process (PID=1349) to work on /home/airflow/.local/lib/python3.7/site-packages/airflow/example_dags/example_dag_decorator.py
[2023-07-05T13:01:43.174+0000] {processor.py:826} INFO - Processing file /home/airflow/.local/lib/python3.7/site-packages/airflow/example_dags/example_dag_decorator.py for tasks to queue
[2023-07-05T13:01:43.175+0000] {logging_mixin.py:149} INFO - [2023-07-05T13:01:43.175+0000] {dagbag.py:541} INFO - Filling up the DagBag from /home/airflow/.local/lib/python3.7/site-packages/airflow/example_dags/example_dag_decorator.py
[2023-07-05T13:01:43.191+0000] {processor.py:836} INFO - DAG(s) dict_keys(['example_dag_decorator']) retrieved from /home/airflow/.local/lib/python3.7/site-packages/airflow/example_dags/example_dag_decorator.py
[2023-07-05T13:01:43.388+0000] {logging_mixin.py:149} INFO - [2023-07-05T13:01:43.388+0000] {dag.py:2726} INFO - Sync 1 DAGs
[2023-07-05T13:01:43.429+0000] {logging_mixin.py:149} INFO - [2023-07-05T13:01:43.428+0000] {dag.py:3490} INFO - Setting next_dagrun for example_dag_decorator to None, run_after=None
[2023-07-05T13:01:43.455+0000] {processor.py:179} INFO - Processing /home/airflow/.local/lib/python3.7/site-packages/airflow/example_dags/example_dag_decorator.py took 0.286 seconds
[2023-07-05T13:02:13.692+0000] {processor.py:157} INFO - Started process (PID=1407) to work on /home/airflow/.local/lib/python3.7/site-packages/airflow/example_dags/example_dag_decorator.py
[2023-07-05T13:02:13.695+0000] {processor.py:826} INFO - Processing file /home/airflow/.local/lib/python3.7/site-packages/airflow/example_dags/example_dag_decorator.py for tasks to queue
[2023-07-05T13:02:13.696+0000] {logging_mixin.py:149} INFO - [2023-07-05T13:02:13.696+0000] {dagbag.py:541} INFO - Filling up the DagBag from /home/airflow/.local/lib/python3.7/site-packages/airflow/example_dags/example_dag_decorator.py
[2023-07-05T13:02:13.718+0000] {processor.py:836} INFO - DAG(s) dict_keys(['example_dag_decorator']) retrieved from /home/airflow/.local/lib/python3.7/site-packages/airflow/example_dags/example_dag_decorator.py
[2023-07-05T13:02:13.916+0000] {logging_mixin.py:149} INFO - [2023-07-05T13:02:13.916+0000] {dag.py:2726} INFO - Sync 1 DAGs
[2023-07-05T13:02:13.956+0000] {logging_mixin.py:149} INFO - [2023-07-05T13:02:13.956+0000] {dag.py:3490} INFO - Setting next_dagrun for example_dag_decorator to None, run_after=None
[2023-07-05T13:02:13.990+0000] {processor.py:179} INFO - Processing /home/airflow/.local/lib/python3.7/site-packages/airflow/example_dags/example_dag_decorator.py took 0.303 seconds
[2023-07-05T13:02:44.046+0000] {processor.py:157} INFO - Started process (PID=1465) to work on /home/airflow/.local/lib/python3.7/site-packages/airflow/example_dags/example_dag_decorator.py
[2023-07-05T13:02:44.047+0000] {processor.py:826} INFO - Processing file /home/airflow/.local/lib/python3.7/site-packages/airflow/example_dags/example_dag_decorator.py for tasks to queue
[2023-07-05T13:02:44.048+0000] {logging_mixin.py:149} INFO - [2023-07-05T13:02:44.048+0000] {dagbag.py:541} INFO - Filling up the DagBag from /home/airflow/.local/lib/python3.7/site-packages/airflow/example_dags/example_dag_decorator.py
[2023-07-05T13:02:44.064+0000] {processor.py:836} INFO - DAG(s) dict_keys(['example_dag_decorator']) retrieved from /home/airflow/.local/lib/python3.7/site-packages/airflow/example_dags/example_dag_decorator.py
[2023-07-05T13:02:44.237+0000] {logging_mixin.py:149} INFO - [2023-07-05T13:02:44.237+0000] {dag.py:2726} INFO - Sync 1 DAGs
[2023-07-05T13:02:44.273+0000] {logging_mixin.py:149} INFO - [2023-07-05T13:02:44.273+0000] {dag.py:3490} INFO - Setting next_dagrun for example_dag_decorator to None, run_after=None
[2023-07-05T13:02:44.299+0000] {processor.py:179} INFO - Processing /home/airflow/.local/lib/python3.7/site-packages/airflow/example_dags/example_dag_decorator.py took 0.257 seconds
[2023-07-05T13:03:14.365+0000] {processor.py:157} INFO - Started process (PID=1523) to work on /home/airflow/.local/lib/python3.7/site-packages/airflow/example_dags/example_dag_decorator.py
[2023-07-05T13:03:14.366+0000] {processor.py:826} INFO - Processing file /home/airflow/.local/lib/python3.7/site-packages/airflow/example_dags/example_dag_decorator.py for tasks to queue
[2023-07-05T13:03:14.367+0000] {logging_mixin.py:149} INFO - [2023-07-05T13:03:14.367+0000] {dagbag.py:541} INFO - Filling up the DagBag from /home/airflow/.local/lib/python3.7/site-packages/airflow/example_dags/example_dag_decorator.py
[2023-07-05T13:03:14.385+0000] {processor.py:836} INFO - DAG(s) dict_keys(['example_dag_decorator']) retrieved from /home/airflow/.local/lib/python3.7/site-packages/airflow/example_dags/example_dag_decorator.py
[2023-07-05T13:03:14.580+0000] {logging_mixin.py:149} INFO - [2023-07-05T13:03:14.580+0000] {dag.py:2726} INFO - Sync 1 DAGs
[2023-07-05T13:03:14.622+0000] {logging_mixin.py:149} INFO - [2023-07-05T13:03:14.621+0000] {dag.py:3490} INFO - Setting next_dagrun for example_dag_decorator to None, run_after=None
[2023-07-05T13:03:14.709+0000] {processor.py:179} INFO - Processing /home/airflow/.local/lib/python3.7/site-packages/airflow/example_dags/example_dag_decorator.py took 0.348 seconds
[2023-07-05T13:03:44.897+0000] {processor.py:157} INFO - Started process (PID=1581) to work on /home/airflow/.local/lib/python3.7/site-packages/airflow/example_dags/example_dag_decorator.py
[2023-07-05T13:03:44.899+0000] {processor.py:826} INFO - Processing file /home/airflow/.local/lib/python3.7/site-packages/airflow/example_dags/example_dag_decorator.py for tasks to queue
[2023-07-05T13:03:44.901+0000] {logging_mixin.py:149} INFO - [2023-07-05T13:03:44.900+0000] {dagbag.py:541} INFO - Filling up the DagBag from /home/airflow/.local/lib/python3.7/site-packages/airflow/example_dags/example_dag_decorator.py
[2023-07-05T13:03:44.924+0000] {processor.py:836} INFO - DAG(s) dict_keys(['example_dag_decorator']) retrieved from /home/airflow/.local/lib/python3.7/site-packages/airflow/example_dags/example_dag_decorator.py
[2023-07-05T13:03:45.157+0000] {logging_mixin.py:149} INFO - [2023-07-05T13:03:45.157+0000] {dag.py:2726} INFO - Sync 1 DAGs
[2023-07-05T13:03:45.190+0000] {logging_mixin.py:149} INFO - [2023-07-05T13:03:45.190+0000] {dag.py:3490} INFO - Setting next_dagrun for example_dag_decorator to None, run_after=None
[2023-07-05T13:03:45.219+0000] {processor.py:179} INFO - Processing /home/airflow/.local/lib/python3.7/site-packages/airflow/example_dags/example_dag_decorator.py took 0.326 seconds
[2023-07-05T13:04:15.368+0000] {processor.py:157} INFO - Started process (PID=1638) to work on /home/airflow/.local/lib/python3.7/site-packages/airflow/example_dags/example_dag_decorator.py
[2023-07-05T13:04:15.370+0000] {processor.py:826} INFO - Processing file /home/airflow/.local/lib/python3.7/site-packages/airflow/example_dags/example_dag_decorator.py for tasks to queue
[2023-07-05T13:04:15.371+0000] {logging_mixin.py:149} INFO - [2023-07-05T13:04:15.371+0000] {dagbag.py:541} INFO - Filling up the DagBag from /home/airflow/.local/lib/python3.7/site-packages/airflow/example_dags/example_dag_decorator.py
[2023-07-05T13:04:15.389+0000] {processor.py:836} INFO - DAG(s) dict_keys(['example_dag_decorator']) retrieved from /home/airflow/.local/lib/python3.7/site-packages/airflow/example_dags/example_dag_decorator.py
[2023-07-05T13:04:15.595+0000] {logging_mixin.py:149} INFO - [2023-07-05T13:04:15.595+0000] {dag.py:2726} INFO - Sync 1 DAGs
[2023-07-05T13:04:15.634+0000] {logging_mixin.py:149} INFO - [2023-07-05T13:04:15.634+0000] {dag.py:3490} INFO - Setting next_dagrun for example_dag_decorator to None, run_after=None
[2023-07-05T13:04:15.672+0000] {processor.py:179} INFO - Processing /home/airflow/.local/lib/python3.7/site-packages/airflow/example_dags/example_dag_decorator.py took 0.309 seconds
[2023-07-05T13:04:46.647+0000] {processor.py:157} INFO - Started process (PID=1695) to work on /home/airflow/.local/lib/python3.7/site-packages/airflow/example_dags/example_dag_decorator.py
[2023-07-05T13:04:46.648+0000] {processor.py:826} INFO - Processing file /home/airflow/.local/lib/python3.7/site-packages/airflow/example_dags/example_dag_decorator.py for tasks to queue
[2023-07-05T13:04:46.649+0000] {logging_mixin.py:149} INFO - [2023-07-05T13:04:46.649+0000] {dagbag.py:541} INFO - Filling up the DagBag from /home/airflow/.local/lib/python3.7/site-packages/airflow/example_dags/example_dag_decorator.py
[2023-07-05T13:04:46.667+0000] {processor.py:836} INFO - DAG(s) dict_keys(['example_dag_decorator']) retrieved from /home/airflow/.local/lib/python3.7/site-packages/airflow/example_dags/example_dag_decorator.py
[2023-07-05T13:04:46.843+0000] {logging_mixin.py:149} INFO - [2023-07-05T13:04:46.843+0000] {dag.py:2726} INFO - Sync 1 DAGs
[2023-07-05T13:04:46.880+0000] {logging_mixin.py:149} INFO - [2023-07-05T13:04:46.880+0000] {dag.py:3490} INFO - Setting next_dagrun for example_dag_decorator to None, run_after=None
[2023-07-05T13:04:46.908+0000] {processor.py:179} INFO - Processing /home/airflow/.local/lib/python3.7/site-packages/airflow/example_dags/example_dag_decorator.py took 0.266 seconds
[2023-07-05T13:05:16.993+0000] {processor.py:157} INFO - Started process (PID=1752) to work on /home/airflow/.local/lib/python3.7/site-packages/airflow/example_dags/example_dag_decorator.py
[2023-07-05T13:05:16.994+0000] {processor.py:826} INFO - Processing file /home/airflow/.local/lib/python3.7/site-packages/airflow/example_dags/example_dag_decorator.py for tasks to queue
[2023-07-05T13:05:16.995+0000] {logging_mixin.py:149} INFO - [2023-07-05T13:05:16.995+0000] {dagbag.py:541} INFO - Filling up the DagBag from /home/airflow/.local/lib/python3.7/site-packages/airflow/example_dags/example_dag_decorator.py
[2023-07-05T13:05:17.013+0000] {processor.py:836} INFO - DAG(s) dict_keys(['example_dag_decorator']) retrieved from /home/airflow/.local/lib/python3.7/site-packages/airflow/example_dags/example_dag_decorator.py
[2023-07-05T13:05:17.209+0000] {logging_mixin.py:149} INFO - [2023-07-05T13:05:17.209+0000] {dag.py:2726} INFO - Sync 1 DAGs
[2023-07-05T13:05:17.245+0000] {logging_mixin.py:149} INFO - [2023-07-05T13:05:17.245+0000] {dag.py:3490} INFO - Setting next_dagrun for example_dag_decorator to None, run_after=None
[2023-07-05T13:05:17.280+0000] {processor.py:179} INFO - Processing /home/airflow/.local/lib/python3.7/site-packages/airflow/example_dags/example_dag_decorator.py took 0.291 seconds
[2023-07-05T13:05:47.381+0000] {processor.py:157} INFO - Started process (PID=1810) to work on /home/airflow/.local/lib/python3.7/site-packages/airflow/example_dags/example_dag_decorator.py
[2023-07-05T13:05:47.382+0000] {processor.py:826} INFO - Processing file /home/airflow/.local/lib/python3.7/site-packages/airflow/example_dags/example_dag_decorator.py for tasks to queue
[2023-07-05T13:05:47.383+0000] {logging_mixin.py:149} INFO - [2023-07-05T13:05:47.382+0000] {dagbag.py:541} INFO - Filling up the DagBag from /home/airflow/.local/lib/python3.7/site-packages/airflow/example_dags/example_dag_decorator.py
[2023-07-05T13:05:47.398+0000] {processor.py:836} INFO - DAG(s) dict_keys(['example_dag_decorator']) retrieved from /home/airflow/.local/lib/python3.7/site-packages/airflow/example_dags/example_dag_decorator.py
[2023-07-05T13:05:47.576+0000] {logging_mixin.py:149} INFO - [2023-07-05T13:05:47.576+0000] {dag.py:2726} INFO - Sync 1 DAGs
[2023-07-05T13:05:47.616+0000] {logging_mixin.py:149} INFO - [2023-07-05T13:05:47.616+0000] {dag.py:3490} INFO - Setting next_dagrun for example_dag_decorator to None, run_after=None
[2023-07-05T13:05:47.652+0000] {processor.py:179} INFO - Processing /home/airflow/.local/lib/python3.7/site-packages/airflow/example_dags/example_dag_decorator.py took 0.275 seconds
[2023-07-05T13:06:17.813+0000] {processor.py:157} INFO - Started process (PID=1868) to work on /home/airflow/.local/lib/python3.7/site-packages/airflow/example_dags/example_dag_decorator.py
[2023-07-05T13:06:17.814+0000] {processor.py:826} INFO - Processing file /home/airflow/.local/lib/python3.7/site-packages/airflow/example_dags/example_dag_decorator.py for tasks to queue
[2023-07-05T13:06:17.815+0000] {logging_mixin.py:149} INFO - [2023-07-05T13:06:17.815+0000] {dagbag.py:541} INFO - Filling up the DagBag from /home/airflow/.local/lib/python3.7/site-packages/airflow/example_dags/example_dag_decorator.py
[2023-07-05T13:06:17.835+0000] {processor.py:836} INFO - DAG(s) dict_keys(['example_dag_decorator']) retrieved from /home/airflow/.local/lib/python3.7/site-packages/airflow/example_dags/example_dag_decorator.py
[2023-07-05T13:06:18.030+0000] {logging_mixin.py:149} INFO - [2023-07-05T13:06:18.030+0000] {dag.py:2726} INFO - Sync 1 DAGs
[2023-07-05T13:06:18.074+0000] {logging_mixin.py:149} INFO - [2023-07-05T13:06:18.073+0000] {dag.py:3490} INFO - Setting next_dagrun for example_dag_decorator to None, run_after=None
[2023-07-05T13:06:18.117+0000] {processor.py:179} INFO - Processing /home/airflow/.local/lib/python3.7/site-packages/airflow/example_dags/example_dag_decorator.py took 0.308 seconds
[2023-07-05T13:06:48.168+0000] {processor.py:157} INFO - Started process (PID=1926) to work on /home/airflow/.local/lib/python3.7/site-packages/airflow/example_dags/example_dag_decorator.py
[2023-07-05T13:06:48.169+0000] {processor.py:826} INFO - Processing file /home/airflow/.local/lib/python3.7/site-packages/airflow/example_dags/example_dag_decorator.py for tasks to queue
[2023-07-05T13:06:48.171+0000] {logging_mixin.py:149} INFO - [2023-07-05T13:06:48.170+0000] {dagbag.py:541} INFO - Filling up the DagBag from /home/airflow/.local/lib/python3.7/site-packages/airflow/example_dags/example_dag_decorator.py
[2023-07-05T13:06:48.191+0000] {processor.py:836} INFO - DAG(s) dict_keys(['example_dag_decorator']) retrieved from /home/airflow/.local/lib/python3.7/site-packages/airflow/example_dags/example_dag_decorator.py
[2023-07-05T13:06:48.376+0000] {logging_mixin.py:149} INFO - [2023-07-05T13:06:48.375+0000] {dag.py:2726} INFO - Sync 1 DAGs
[2023-07-05T13:06:48.406+0000] {logging_mixin.py:149} INFO - [2023-07-05T13:06:48.406+0000] {dag.py:3490} INFO - Setting next_dagrun for example_dag_decorator to None, run_after=None
[2023-07-05T13:06:48.433+0000] {processor.py:179} INFO - Processing /home/airflow/.local/lib/python3.7/site-packages/airflow/example_dags/example_dag_decorator.py took 0.270 seconds
[2023-07-05T13:07:18.527+0000] {processor.py:157} INFO - Started process (PID=1983) to work on /home/airflow/.local/lib/python3.7/site-packages/airflow/example_dags/example_dag_decorator.py
[2023-07-05T13:07:18.529+0000] {processor.py:826} INFO - Processing file /home/airflow/.local/lib/python3.7/site-packages/airflow/example_dags/example_dag_decorator.py for tasks to queue
[2023-07-05T13:07:18.531+0000] {logging_mixin.py:149} INFO - [2023-07-05T13:07:18.530+0000] {dagbag.py:541} INFO - Filling up the DagBag from /home/airflow/.local/lib/python3.7/site-packages/airflow/example_dags/example_dag_decorator.py
[2023-07-05T13:07:18.554+0000] {processor.py:836} INFO - DAG(s) dict_keys(['example_dag_decorator']) retrieved from /home/airflow/.local/lib/python3.7/site-packages/airflow/example_dags/example_dag_decorator.py
[2023-07-05T13:07:18.730+0000] {logging_mixin.py:149} INFO - [2023-07-05T13:07:18.730+0000] {dag.py:2726} INFO - Sync 1 DAGs
[2023-07-05T13:07:18.769+0000] {logging_mixin.py:149} INFO - [2023-07-05T13:07:18.769+0000] {dag.py:3490} INFO - Setting next_dagrun for example_dag_decorator to None, run_after=None
[2023-07-05T13:07:18.794+0000] {processor.py:179} INFO - Processing /home/airflow/.local/lib/python3.7/site-packages/airflow/example_dags/example_dag_decorator.py took 0.271 seconds
[2023-07-05T13:07:48.959+0000] {processor.py:157} INFO - Started process (PID=2046) to work on /home/airflow/.local/lib/python3.7/site-packages/airflow/example_dags/example_dag_decorator.py
[2023-07-05T13:07:48.961+0000] {processor.py:826} INFO - Processing file /home/airflow/.local/lib/python3.7/site-packages/airflow/example_dags/example_dag_decorator.py for tasks to queue
[2023-07-05T13:07:48.962+0000] {logging_mixin.py:149} INFO - [2023-07-05T13:07:48.962+0000] {dagbag.py:541} INFO - Filling up the DagBag from /home/airflow/.local/lib/python3.7/site-packages/airflow/example_dags/example_dag_decorator.py
[2023-07-05T13:07:48.985+0000] {processor.py:836} INFO - DAG(s) dict_keys(['example_dag_decorator']) retrieved from /home/airflow/.local/lib/python3.7/site-packages/airflow/example_dags/example_dag_decorator.py
[2023-07-05T13:07:49.206+0000] {logging_mixin.py:149} INFO - [2023-07-05T13:07:49.206+0000] {dag.py:2726} INFO - Sync 1 DAGs
[2023-07-05T13:07:49.247+0000] {logging_mixin.py:149} INFO - [2023-07-05T13:07:49.247+0000] {dag.py:3490} INFO - Setting next_dagrun for example_dag_decorator to None, run_after=None
[2023-07-05T13:07:49.276+0000] {processor.py:179} INFO - Processing /home/airflow/.local/lib/python3.7/site-packages/airflow/example_dags/example_dag_decorator.py took 0.321 seconds
[2023-07-05T13:08:19.403+0000] {processor.py:157} INFO - Started process (PID=2104) to work on /home/airflow/.local/lib/python3.7/site-packages/airflow/example_dags/example_dag_decorator.py
[2023-07-05T13:08:19.405+0000] {processor.py:826} INFO - Processing file /home/airflow/.local/lib/python3.7/site-packages/airflow/example_dags/example_dag_decorator.py for tasks to queue
[2023-07-05T13:08:19.407+0000] {logging_mixin.py:149} INFO - [2023-07-05T13:08:19.406+0000] {dagbag.py:541} INFO - Filling up the DagBag from /home/airflow/.local/lib/python3.7/site-packages/airflow/example_dags/example_dag_decorator.py
[2023-07-05T13:08:19.430+0000] {processor.py:836} INFO - DAG(s) dict_keys(['example_dag_decorator']) retrieved from /home/airflow/.local/lib/python3.7/site-packages/airflow/example_dags/example_dag_decorator.py
[2023-07-05T13:08:19.621+0000] {logging_mixin.py:149} INFO - [2023-07-05T13:08:19.621+0000] {dag.py:2726} INFO - Sync 1 DAGs
[2023-07-05T13:08:19.661+0000] {logging_mixin.py:149} INFO - [2023-07-05T13:08:19.661+0000] {dag.py:3490} INFO - Setting next_dagrun for example_dag_decorator to None, run_after=None
[2023-07-05T13:08:19.690+0000] {processor.py:179} INFO - Processing /home/airflow/.local/lib/python3.7/site-packages/airflow/example_dags/example_dag_decorator.py took 0.292 seconds
[2023-07-05T13:08:49.938+0000] {processor.py:157} INFO - Started process (PID=2162) to work on /home/airflow/.local/lib/python3.7/site-packages/airflow/example_dags/example_dag_decorator.py
[2023-07-05T13:08:49.938+0000] {processor.py:826} INFO - Processing file /home/airflow/.local/lib/python3.7/site-packages/airflow/example_dags/example_dag_decorator.py for tasks to queue
[2023-07-05T13:08:49.939+0000] {logging_mixin.py:149} INFO - [2023-07-05T13:08:49.939+0000] {dagbag.py:541} INFO - Filling up the DagBag from /home/airflow/.local/lib/python3.7/site-packages/airflow/example_dags/example_dag_decorator.py
[2023-07-05T13:08:49.959+0000] {processor.py:836} INFO - DAG(s) dict_keys(['example_dag_decorator']) retrieved from /home/airflow/.local/lib/python3.7/site-packages/airflow/example_dags/example_dag_decorator.py
[2023-07-05T13:08:50.176+0000] {logging_mixin.py:149} INFO - [2023-07-05T13:08:50.176+0000] {dag.py:2726} INFO - Sync 1 DAGs
[2023-07-05T13:08:50.235+0000] {logging_mixin.py:149} INFO - [2023-07-05T13:08:50.235+0000] {dag.py:3490} INFO - Setting next_dagrun for example_dag_decorator to None, run_after=None
[2023-07-05T13:08:50.277+0000] {processor.py:179} INFO - Processing /home/airflow/.local/lib/python3.7/site-packages/airflow/example_dags/example_dag_decorator.py took 0.343 seconds
[2023-07-05T13:09:20.517+0000] {processor.py:157} INFO - Started process (PID=2220) to work on /home/airflow/.local/lib/python3.7/site-packages/airflow/example_dags/example_dag_decorator.py
[2023-07-05T13:09:20.518+0000] {processor.py:826} INFO - Processing file /home/airflow/.local/lib/python3.7/site-packages/airflow/example_dags/example_dag_decorator.py for tasks to queue
[2023-07-05T13:09:20.519+0000] {logging_mixin.py:149} INFO - [2023-07-05T13:09:20.519+0000] {dagbag.py:541} INFO - Filling up the DagBag from /home/airflow/.local/lib/python3.7/site-packages/airflow/example_dags/example_dag_decorator.py
[2023-07-05T13:09:20.539+0000] {processor.py:836} INFO - DAG(s) dict_keys(['example_dag_decorator']) retrieved from /home/airflow/.local/lib/python3.7/site-packages/airflow/example_dags/example_dag_decorator.py
[2023-07-05T13:09:20.763+0000] {logging_mixin.py:149} INFO - [2023-07-05T13:09:20.763+0000] {dag.py:2726} INFO - Sync 1 DAGs
[2023-07-05T13:09:20.803+0000] {logging_mixin.py:149} INFO - [2023-07-05T13:09:20.803+0000] {dag.py:3490} INFO - Setting next_dagrun for example_dag_decorator to None, run_after=None
[2023-07-05T13:09:20.829+0000] {processor.py:179} INFO - Processing /home/airflow/.local/lib/python3.7/site-packages/airflow/example_dags/example_dag_decorator.py took 0.316 seconds
[2023-07-05T13:09:50.915+0000] {processor.py:157} INFO - Started process (PID=2278) to work on /home/airflow/.local/lib/python3.7/site-packages/airflow/example_dags/example_dag_decorator.py
[2023-07-05T13:09:50.917+0000] {processor.py:826} INFO - Processing file /home/airflow/.local/lib/python3.7/site-packages/airflow/example_dags/example_dag_decorator.py for tasks to queue
[2023-07-05T13:09:50.918+0000] {logging_mixin.py:149} INFO - [2023-07-05T13:09:50.918+0000] {dagbag.py:541} INFO - Filling up the DagBag from /home/airflow/.local/lib/python3.7/site-packages/airflow/example_dags/example_dag_decorator.py
[2023-07-05T13:09:50.940+0000] {processor.py:836} INFO - DAG(s) dict_keys(['example_dag_decorator']) retrieved from /home/airflow/.local/lib/python3.7/site-packages/airflow/example_dags/example_dag_decorator.py
[2023-07-05T13:09:51.159+0000] {logging_mixin.py:149} INFO - [2023-07-05T13:09:51.159+0000] {dag.py:2726} INFO - Sync 1 DAGs
[2023-07-05T13:09:51.207+0000] {logging_mixin.py:149} INFO - [2023-07-05T13:09:51.207+0000] {dag.py:3490} INFO - Setting next_dagrun for example_dag_decorator to None, run_after=None
[2023-07-05T13:09:51.240+0000] {processor.py:179} INFO - Processing /home/airflow/.local/lib/python3.7/site-packages/airflow/example_dags/example_dag_decorator.py took 0.329 seconds
[2023-07-05T13:10:21.357+0000] {processor.py:157} INFO - Started process (PID=2336) to work on /home/airflow/.local/lib/python3.7/site-packages/airflow/example_dags/example_dag_decorator.py
[2023-07-05T13:10:21.359+0000] {processor.py:826} INFO - Processing file /home/airflow/.local/lib/python3.7/site-packages/airflow/example_dags/example_dag_decorator.py for tasks to queue
[2023-07-05T13:10:21.360+0000] {logging_mixin.py:149} INFO - [2023-07-05T13:10:21.360+0000] {dagbag.py:541} INFO - Filling up the DagBag from /home/airflow/.local/lib/python3.7/site-packages/airflow/example_dags/example_dag_decorator.py
[2023-07-05T13:10:21.395+0000] {processor.py:836} INFO - DAG(s) dict_keys(['example_dag_decorator']) retrieved from /home/airflow/.local/lib/python3.7/site-packages/airflow/example_dags/example_dag_decorator.py
[2023-07-05T13:10:21.587+0000] {logging_mixin.py:149} INFO - [2023-07-05T13:10:21.587+0000] {dag.py:2726} INFO - Sync 1 DAGs
[2023-07-05T13:10:21.625+0000] {logging_mixin.py:149} INFO - [2023-07-05T13:10:21.625+0000] {dag.py:3490} INFO - Setting next_dagrun for example_dag_decorator to None, run_after=None
[2023-07-05T13:10:21.649+0000] {processor.py:179} INFO - Processing /home/airflow/.local/lib/python3.7/site-packages/airflow/example_dags/example_dag_decorator.py took 0.296 seconds
[2023-07-05T13:10:51.788+0000] {processor.py:157} INFO - Started process (PID=2393) to work on /home/airflow/.local/lib/python3.7/site-packages/airflow/example_dags/example_dag_decorator.py
[2023-07-05T13:10:51.790+0000] {processor.py:826} INFO - Processing file /home/airflow/.local/lib/python3.7/site-packages/airflow/example_dags/example_dag_decorator.py for tasks to queue
[2023-07-05T13:10:51.791+0000] {logging_mixin.py:149} INFO - [2023-07-05T13:10:51.791+0000] {dagbag.py:541} INFO - Filling up the DagBag from /home/airflow/.local/lib/python3.7/site-packages/airflow/example_dags/example_dag_decorator.py
[2023-07-05T13:10:51.810+0000] {processor.py:836} INFO - DAG(s) dict_keys(['example_dag_decorator']) retrieved from /home/airflow/.local/lib/python3.7/site-packages/airflow/example_dags/example_dag_decorator.py
[2023-07-05T13:10:51.996+0000] {logging_mixin.py:149} INFO - [2023-07-05T13:10:51.996+0000] {dag.py:2726} INFO - Sync 1 DAGs
[2023-07-05T13:10:52.030+0000] {logging_mixin.py:149} INFO - [2023-07-05T13:10:52.030+0000] {dag.py:3490} INFO - Setting next_dagrun for example_dag_decorator to None, run_after=None
[2023-07-05T13:10:52.058+0000] {processor.py:179} INFO - Processing /home/airflow/.local/lib/python3.7/site-packages/airflow/example_dags/example_dag_decorator.py took 0.274 seconds
[2023-07-05T13:11:22.135+0000] {processor.py:157} INFO - Started process (PID=2450) to work on /home/airflow/.local/lib/python3.7/site-packages/airflow/example_dags/example_dag_decorator.py
[2023-07-05T13:11:22.136+0000] {processor.py:826} INFO - Processing file /home/airflow/.local/lib/python3.7/site-packages/airflow/example_dags/example_dag_decorator.py for tasks to queue
[2023-07-05T13:11:22.137+0000] {logging_mixin.py:149} INFO - [2023-07-05T13:11:22.137+0000] {dagbag.py:541} INFO - Filling up the DagBag from /home/airflow/.local/lib/python3.7/site-packages/airflow/example_dags/example_dag_decorator.py
[2023-07-05T13:11:22.155+0000] {processor.py:836} INFO - DAG(s) dict_keys(['example_dag_decorator']) retrieved from /home/airflow/.local/lib/python3.7/site-packages/airflow/example_dags/example_dag_decorator.py
[2023-07-05T13:11:22.373+0000] {logging_mixin.py:149} INFO - [2023-07-05T13:11:22.373+0000] {dag.py:2726} INFO - Sync 1 DAGs
[2023-07-05T13:11:22.423+0000] {logging_mixin.py:149} INFO - [2023-07-05T13:11:22.423+0000] {dag.py:3490} INFO - Setting next_dagrun for example_dag_decorator to None, run_after=None
[2023-07-05T13:11:22.455+0000] {processor.py:179} INFO - Processing /home/airflow/.local/lib/python3.7/site-packages/airflow/example_dags/example_dag_decorator.py took 0.324 seconds
[2023-07-05T13:11:52.505+0000] {processor.py:157} INFO - Started process (PID=2507) to work on /home/airflow/.local/lib/python3.7/site-packages/airflow/example_dags/example_dag_decorator.py
[2023-07-05T13:11:52.506+0000] {processor.py:826} INFO - Processing file /home/airflow/.local/lib/python3.7/site-packages/airflow/example_dags/example_dag_decorator.py for tasks to queue
[2023-07-05T13:11:52.507+0000] {logging_mixin.py:149} INFO - [2023-07-05T13:11:52.507+0000] {dagbag.py:541} INFO - Filling up the DagBag from /home/airflow/.local/lib/python3.7/site-packages/airflow/example_dags/example_dag_decorator.py
[2023-07-05T13:11:52.525+0000] {processor.py:836} INFO - DAG(s) dict_keys(['example_dag_decorator']) retrieved from /home/airflow/.local/lib/python3.7/site-packages/airflow/example_dags/example_dag_decorator.py
[2023-07-05T13:11:52.723+0000] {logging_mixin.py:149} INFO - [2023-07-05T13:11:52.723+0000] {dag.py:2726} INFO - Sync 1 DAGs
[2023-07-05T13:11:52.766+0000] {logging_mixin.py:149} INFO - [2023-07-05T13:11:52.766+0000] {dag.py:3490} INFO - Setting next_dagrun for example_dag_decorator to None, run_after=None
[2023-07-05T13:11:52.794+0000] {processor.py:179} INFO - Processing /home/airflow/.local/lib/python3.7/site-packages/airflow/example_dags/example_dag_decorator.py took 0.293 seconds
[2023-07-05T13:12:23.292+0000] {processor.py:157} INFO - Started process (PID=2564) to work on /home/airflow/.local/lib/python3.7/site-packages/airflow/example_dags/example_dag_decorator.py
[2023-07-05T13:12:23.294+0000] {processor.py:826} INFO - Processing file /home/airflow/.local/lib/python3.7/site-packages/airflow/example_dags/example_dag_decorator.py for tasks to queue
[2023-07-05T13:12:23.295+0000] {logging_mixin.py:149} INFO - [2023-07-05T13:12:23.295+0000] {dagbag.py:541} INFO - Filling up the DagBag from /home/airflow/.local/lib/python3.7/site-packages/airflow/example_dags/example_dag_decorator.py
[2023-07-05T13:12:23.317+0000] {processor.py:836} INFO - DAG(s) dict_keys(['example_dag_decorator']) retrieved from /home/airflow/.local/lib/python3.7/site-packages/airflow/example_dags/example_dag_decorator.py
[2023-07-05T13:12:23.501+0000] {logging_mixin.py:149} INFO - [2023-07-05T13:12:23.501+0000] {dag.py:2726} INFO - Sync 1 DAGs
[2023-07-05T13:12:23.538+0000] {logging_mixin.py:149} INFO - [2023-07-05T13:12:23.538+0000] {dag.py:3490} INFO - Setting next_dagrun for example_dag_decorator to None, run_after=None
[2023-07-05T13:12:23.573+0000] {processor.py:179} INFO - Processing /home/airflow/.local/lib/python3.7/site-packages/airflow/example_dags/example_dag_decorator.py took 0.286 seconds
[2023-07-05T13:12:53.675+0000] {processor.py:157} INFO - Started process (PID=2621) to work on /home/airflow/.local/lib/python3.7/site-packages/airflow/example_dags/example_dag_decorator.py
[2023-07-05T13:12:53.676+0000] {processor.py:826} INFO - Processing file /home/airflow/.local/lib/python3.7/site-packages/airflow/example_dags/example_dag_decorator.py for tasks to queue
[2023-07-05T13:12:53.677+0000] {logging_mixin.py:149} INFO - [2023-07-05T13:12:53.676+0000] {dagbag.py:541} INFO - Filling up the DagBag from /home/airflow/.local/lib/python3.7/site-packages/airflow/example_dags/example_dag_decorator.py
[2023-07-05T13:12:53.693+0000] {processor.py:836} INFO - DAG(s) dict_keys(['example_dag_decorator']) retrieved from /home/airflow/.local/lib/python3.7/site-packages/airflow/example_dags/example_dag_decorator.py
[2023-07-05T13:12:53.877+0000] {logging_mixin.py:149} INFO - [2023-07-05T13:12:53.877+0000] {dag.py:2726} INFO - Sync 1 DAGs
[2023-07-05T13:12:53.915+0000] {logging_mixin.py:149} INFO - [2023-07-05T13:12:53.915+0000] {dag.py:3490} INFO - Setting next_dagrun for example_dag_decorator to None, run_after=None
[2023-07-05T13:12:53.941+0000] {processor.py:179} INFO - Processing /home/airflow/.local/lib/python3.7/site-packages/airflow/example_dags/example_dag_decorator.py took 0.269 seconds
[2023-07-05T13:13:24.133+0000] {processor.py:157} INFO - Started process (PID=2679) to work on /home/airflow/.local/lib/python3.7/site-packages/airflow/example_dags/example_dag_decorator.py
[2023-07-05T13:13:24.135+0000] {processor.py:826} INFO - Processing file /home/airflow/.local/lib/python3.7/site-packages/airflow/example_dags/example_dag_decorator.py for tasks to queue
[2023-07-05T13:13:24.135+0000] {logging_mixin.py:149} INFO - [2023-07-05T13:13:24.135+0000] {dagbag.py:541} INFO - Filling up the DagBag from /home/airflow/.local/lib/python3.7/site-packages/airflow/example_dags/example_dag_decorator.py
[2023-07-05T13:13:24.153+0000] {processor.py:836} INFO - DAG(s) dict_keys(['example_dag_decorator']) retrieved from /home/airflow/.local/lib/python3.7/site-packages/airflow/example_dags/example_dag_decorator.py
[2023-07-05T13:13:24.343+0000] {logging_mixin.py:149} INFO - [2023-07-05T13:13:24.343+0000] {dag.py:2726} INFO - Sync 1 DAGs
[2023-07-05T13:13:24.376+0000] {logging_mixin.py:149} INFO - [2023-07-05T13:13:24.376+0000] {dag.py:3490} INFO - Setting next_dagrun for example_dag_decorator to None, run_after=None
[2023-07-05T13:13:24.410+0000] {processor.py:179} INFO - Processing /home/airflow/.local/lib/python3.7/site-packages/airflow/example_dags/example_dag_decorator.py took 0.280 seconds
[2023-07-05T13:13:54.512+0000] {processor.py:157} INFO - Started process (PID=2738) to work on /home/airflow/.local/lib/python3.7/site-packages/airflow/example_dags/example_dag_decorator.py
[2023-07-05T13:13:54.514+0000] {processor.py:826} INFO - Processing file /home/airflow/.local/lib/python3.7/site-packages/airflow/example_dags/example_dag_decorator.py for tasks to queue
[2023-07-05T13:13:54.515+0000] {logging_mixin.py:149} INFO - [2023-07-05T13:13:54.514+0000] {dagbag.py:541} INFO - Filling up the DagBag from /home/airflow/.local/lib/python3.7/site-packages/airflow/example_dags/example_dag_decorator.py
[2023-07-05T13:13:54.537+0000] {processor.py:836} INFO - DAG(s) dict_keys(['example_dag_decorator']) retrieved from /home/airflow/.local/lib/python3.7/site-packages/airflow/example_dags/example_dag_decorator.py
[2023-07-05T13:13:54.713+0000] {logging_mixin.py:149} INFO - [2023-07-05T13:13:54.713+0000] {dag.py:2726} INFO - Sync 1 DAGs
[2023-07-05T13:13:54.749+0000] {logging_mixin.py:149} INFO - [2023-07-05T13:13:54.748+0000] {dag.py:3490} INFO - Setting next_dagrun for example_dag_decorator to None, run_after=None
[2023-07-05T13:13:54.776+0000] {processor.py:179} INFO - Processing /home/airflow/.local/lib/python3.7/site-packages/airflow/example_dags/example_dag_decorator.py took 0.267 seconds
[2023-07-05T13:14:24.910+0000] {processor.py:157} INFO - Started process (PID=2795) to work on /home/airflow/.local/lib/python3.7/site-packages/airflow/example_dags/example_dag_decorator.py
[2023-07-05T13:14:24.911+0000] {processor.py:826} INFO - Processing file /home/airflow/.local/lib/python3.7/site-packages/airflow/example_dags/example_dag_decorator.py for tasks to queue
[2023-07-05T13:14:24.912+0000] {logging_mixin.py:149} INFO - [2023-07-05T13:14:24.912+0000] {dagbag.py:541} INFO - Filling up the DagBag from /home/airflow/.local/lib/python3.7/site-packages/airflow/example_dags/example_dag_decorator.py
[2023-07-05T13:14:24.934+0000] {processor.py:836} INFO - DAG(s) dict_keys(['example_dag_decorator']) retrieved from /home/airflow/.local/lib/python3.7/site-packages/airflow/example_dags/example_dag_decorator.py
[2023-07-05T13:14:25.138+0000] {logging_mixin.py:149} INFO - [2023-07-05T13:14:25.137+0000] {dag.py:2726} INFO - Sync 1 DAGs
[2023-07-05T13:14:25.183+0000] {logging_mixin.py:149} INFO - [2023-07-05T13:14:25.183+0000] {dag.py:3490} INFO - Setting next_dagrun for example_dag_decorator to None, run_after=None
[2023-07-05T13:14:25.219+0000] {processor.py:179} INFO - Processing /home/airflow/.local/lib/python3.7/site-packages/airflow/example_dags/example_dag_decorator.py took 0.313 seconds
[2023-07-05T13:14:55.254+0000] {processor.py:157} INFO - Started process (PID=2852) to work on /home/airflow/.local/lib/python3.7/site-packages/airflow/example_dags/example_dag_decorator.py
[2023-07-05T13:14:55.255+0000] {processor.py:826} INFO - Processing file /home/airflow/.local/lib/python3.7/site-packages/airflow/example_dags/example_dag_decorator.py for tasks to queue
[2023-07-05T13:14:55.257+0000] {logging_mixin.py:149} INFO - [2023-07-05T13:14:55.257+0000] {dagbag.py:541} INFO - Filling up the DagBag from /home/airflow/.local/lib/python3.7/site-packages/airflow/example_dags/example_dag_decorator.py
[2023-07-05T13:14:55.275+0000] {processor.py:836} INFO - DAG(s) dict_keys(['example_dag_decorator']) retrieved from /home/airflow/.local/lib/python3.7/site-packages/airflow/example_dags/example_dag_decorator.py
[2023-07-05T13:14:55.478+0000] {logging_mixin.py:149} INFO - [2023-07-05T13:14:55.477+0000] {dag.py:2726} INFO - Sync 1 DAGs
[2023-07-05T13:14:55.510+0000] {logging_mixin.py:149} INFO - [2023-07-05T13:14:55.510+0000] {dag.py:3490} INFO - Setting next_dagrun for example_dag_decorator to None, run_after=None
[2023-07-05T13:14:55.545+0000] {processor.py:179} INFO - Processing /home/airflow/.local/lib/python3.7/site-packages/airflow/example_dags/example_dag_decorator.py took 0.295 seconds
[2023-07-05T13:15:25.694+0000] {processor.py:157} INFO - Started process (PID=2909) to work on /home/airflow/.local/lib/python3.7/site-packages/airflow/example_dags/example_dag_decorator.py
[2023-07-05T13:15:25.695+0000] {processor.py:826} INFO - Processing file /home/airflow/.local/lib/python3.7/site-packages/airflow/example_dags/example_dag_decorator.py for tasks to queue
[2023-07-05T13:15:25.696+0000] {logging_mixin.py:149} INFO - [2023-07-05T13:15:25.696+0000] {dagbag.py:541} INFO - Filling up the DagBag from /home/airflow/.local/lib/python3.7/site-packages/airflow/example_dags/example_dag_decorator.py
[2023-07-05T13:15:25.712+0000] {processor.py:836} INFO - DAG(s) dict_keys(['example_dag_decorator']) retrieved from /home/airflow/.local/lib/python3.7/site-packages/airflow/example_dags/example_dag_decorator.py
[2023-07-05T13:15:25.884+0000] {logging_mixin.py:149} INFO - [2023-07-05T13:15:25.884+0000] {dag.py:2726} INFO - Sync 1 DAGs
[2023-07-05T13:15:25.916+0000] {logging_mixin.py:149} INFO - [2023-07-05T13:15:25.916+0000] {dag.py:3490} INFO - Setting next_dagrun for example_dag_decorator to None, run_after=None
[2023-07-05T13:15:25.946+0000] {processor.py:179} INFO - Processing /home/airflow/.local/lib/python3.7/site-packages/airflow/example_dags/example_dag_decorator.py took 0.256 seconds
[2023-07-05T13:15:56.066+0000] {processor.py:157} INFO - Started process (PID=2966) to work on /home/airflow/.local/lib/python3.7/site-packages/airflow/example_dags/example_dag_decorator.py
[2023-07-05T13:15:56.068+0000] {processor.py:826} INFO - Processing file /home/airflow/.local/lib/python3.7/site-packages/airflow/example_dags/example_dag_decorator.py for tasks to queue
[2023-07-05T13:15:56.069+0000] {logging_mixin.py:149} INFO - [2023-07-05T13:15:56.068+0000] {dagbag.py:541} INFO - Filling up the DagBag from /home/airflow/.local/lib/python3.7/site-packages/airflow/example_dags/example_dag_decorator.py
[2023-07-05T13:15:56.090+0000] {processor.py:836} INFO - DAG(s) dict_keys(['example_dag_decorator']) retrieved from /home/airflow/.local/lib/python3.7/site-packages/airflow/example_dags/example_dag_decorator.py
[2023-07-05T13:15:56.288+0000] {logging_mixin.py:149} INFO - [2023-07-05T13:15:56.288+0000] {dag.py:2726} INFO - Sync 1 DAGs
[2023-07-05T13:15:56.329+0000] {logging_mixin.py:149} INFO - [2023-07-05T13:15:56.329+0000] {dag.py:3490} INFO - Setting next_dagrun for example_dag_decorator to None, run_after=None
[2023-07-05T13:15:56.364+0000] {processor.py:179} INFO - Processing /home/airflow/.local/lib/python3.7/site-packages/airflow/example_dags/example_dag_decorator.py took 0.302 seconds
[2023-07-05T13:16:26.487+0000] {processor.py:157} INFO - Started process (PID=3023) to work on /home/airflow/.local/lib/python3.7/site-packages/airflow/example_dags/example_dag_decorator.py
[2023-07-05T13:16:26.488+0000] {processor.py:826} INFO - Processing file /home/airflow/.local/lib/python3.7/site-packages/airflow/example_dags/example_dag_decorator.py for tasks to queue
[2023-07-05T13:16:26.489+0000] {logging_mixin.py:149} INFO - [2023-07-05T13:16:26.488+0000] {dagbag.py:541} INFO - Filling up the DagBag from /home/airflow/.local/lib/python3.7/site-packages/airflow/example_dags/example_dag_decorator.py
[2023-07-05T13:16:26.504+0000] {processor.py:836} INFO - DAG(s) dict_keys(['example_dag_decorator']) retrieved from /home/airflow/.local/lib/python3.7/site-packages/airflow/example_dags/example_dag_decorator.py
[2023-07-05T13:16:26.688+0000] {logging_mixin.py:149} INFO - [2023-07-05T13:16:26.687+0000] {dag.py:2726} INFO - Sync 1 DAGs
[2023-07-05T13:16:26.722+0000] {logging_mixin.py:149} INFO - [2023-07-05T13:16:26.722+0000] {dag.py:3490} INFO - Setting next_dagrun for example_dag_decorator to None, run_after=None
[2023-07-05T13:16:26.751+0000] {processor.py:179} INFO - Processing /home/airflow/.local/lib/python3.7/site-packages/airflow/example_dags/example_dag_decorator.py took 0.267 seconds
[2023-07-05T13:16:57.833+0000] {processor.py:157} INFO - Started process (PID=3078) to work on /home/airflow/.local/lib/python3.7/site-packages/airflow/example_dags/example_dag_decorator.py
[2023-07-05T13:16:57.834+0000] {processor.py:826} INFO - Processing file /home/airflow/.local/lib/python3.7/site-packages/airflow/example_dags/example_dag_decorator.py for tasks to queue
[2023-07-05T13:16:57.835+0000] {logging_mixin.py:149} INFO - [2023-07-05T13:16:57.835+0000] {dagbag.py:541} INFO - Filling up the DagBag from /home/airflow/.local/lib/python3.7/site-packages/airflow/example_dags/example_dag_decorator.py
[2023-07-05T13:16:57.851+0000] {processor.py:836} INFO - DAG(s) dict_keys(['example_dag_decorator']) retrieved from /home/airflow/.local/lib/python3.7/site-packages/airflow/example_dags/example_dag_decorator.py
[2023-07-05T13:16:58.017+0000] {logging_mixin.py:149} INFO - [2023-07-05T13:16:58.017+0000] {dag.py:2726} INFO - Sync 1 DAGs
[2023-07-05T13:16:58.054+0000] {logging_mixin.py:149} INFO - [2023-07-05T13:16:58.054+0000] {dag.py:3490} INFO - Setting next_dagrun for example_dag_decorator to None, run_after=None
[2023-07-05T13:16:58.083+0000] {processor.py:179} INFO - Processing /home/airflow/.local/lib/python3.7/site-packages/airflow/example_dags/example_dag_decorator.py took 0.253 seconds
[2023-07-05T13:17:28.360+0000] {processor.py:157} INFO - Started process (PID=3135) to work on /home/airflow/.local/lib/python3.7/site-packages/airflow/example_dags/example_dag_decorator.py
[2023-07-05T13:17:28.361+0000] {processor.py:826} INFO - Processing file /home/airflow/.local/lib/python3.7/site-packages/airflow/example_dags/example_dag_decorator.py for tasks to queue
[2023-07-05T13:17:28.362+0000] {logging_mixin.py:149} INFO - [2023-07-05T13:17:28.362+0000] {dagbag.py:541} INFO - Filling up the DagBag from /home/airflow/.local/lib/python3.7/site-packages/airflow/example_dags/example_dag_decorator.py
[2023-07-05T13:17:28.379+0000] {processor.py:836} INFO - DAG(s) dict_keys(['example_dag_decorator']) retrieved from /home/airflow/.local/lib/python3.7/site-packages/airflow/example_dags/example_dag_decorator.py
[2023-07-05T13:17:28.578+0000] {logging_mixin.py:149} INFO - [2023-07-05T13:17:28.577+0000] {dag.py:2726} INFO - Sync 1 DAGs
[2023-07-05T13:17:28.621+0000] {logging_mixin.py:149} INFO - [2023-07-05T13:17:28.621+0000] {dag.py:3490} INFO - Setting next_dagrun for example_dag_decorator to None, run_after=None
[2023-07-05T13:17:28.653+0000] {processor.py:179} INFO - Processing /home/airflow/.local/lib/python3.7/site-packages/airflow/example_dags/example_dag_decorator.py took 0.297 seconds
[2023-07-05T13:17:59.140+0000] {processor.py:157} INFO - Started process (PID=3187) to work on /home/airflow/.local/lib/python3.7/site-packages/airflow/example_dags/example_dag_decorator.py
[2023-07-05T13:17:59.142+0000] {processor.py:826} INFO - Processing file /home/airflow/.local/lib/python3.7/site-packages/airflow/example_dags/example_dag_decorator.py for tasks to queue
[2023-07-05T13:17:59.143+0000] {logging_mixin.py:149} INFO - [2023-07-05T13:17:59.142+0000] {dagbag.py:541} INFO - Filling up the DagBag from /home/airflow/.local/lib/python3.7/site-packages/airflow/example_dags/example_dag_decorator.py
[2023-07-05T13:17:59.164+0000] {processor.py:836} INFO - DAG(s) dict_keys(['example_dag_decorator']) retrieved from /home/airflow/.local/lib/python3.7/site-packages/airflow/example_dags/example_dag_decorator.py
[2023-07-05T13:17:59.361+0000] {logging_mixin.py:149} INFO - [2023-07-05T13:17:59.361+0000] {dag.py:2726} INFO - Sync 1 DAGs
[2023-07-05T13:17:59.399+0000] {logging_mixin.py:149} INFO - [2023-07-05T13:17:59.398+0000] {dag.py:3490} INFO - Setting next_dagrun for example_dag_decorator to None, run_after=None
[2023-07-05T13:17:59.430+0000] {processor.py:179} INFO - Processing /home/airflow/.local/lib/python3.7/site-packages/airflow/example_dags/example_dag_decorator.py took 0.294 seconds
