[2023-07-05T12:49:55.043+0000] {processor.py:157} INFO - Started process (PID=40) to work on /home/airflow/.local/lib/python3.7/site-packages/airflow/example_dags/example_sla_dag.py
[2023-07-05T12:49:55.045+0000] {processor.py:826} INFO - Processing file /home/airflow/.local/lib/python3.7/site-packages/airflow/example_dags/example_sla_dag.py for tasks to queue
[2023-07-05T12:49:55.046+0000] {logging_mixin.py:149} INFO - [2023-07-05T12:49:55.046+0000] {dagbag.py:541} INFO - Filling up the DagBag from /home/airflow/.local/lib/python3.7/site-packages/airflow/example_dags/example_sla_dag.py
[2023-07-05T12:49:55.062+0000] {processor.py:836} INFO - DAG(s) dict_keys(['example_sla_dag']) retrieved from /home/airflow/.local/lib/python3.7/site-packages/airflow/example_dags/example_sla_dag.py
[2023-07-05T12:49:55.095+0000] {logging_mixin.py:149} INFO - [2023-07-05T12:49:55.095+0000] {dag.py:2726} INFO - Sync 1 DAGs
[2023-07-05T12:49:55.155+0000] {logging_mixin.py:149} INFO - [2023-07-05T12:49:55.154+0000] {dag.py:3490} INFO - Setting next_dagrun for example_sla_dag to 2023-07-05T12:46:00+00:00, run_after=2023-07-05T12:48:00+00:00
[2023-07-05T12:49:55.199+0000] {processor.py:179} INFO - Processing /home/airflow/.local/lib/python3.7/site-packages/airflow/example_dags/example_sla_dag.py took 0.160 seconds
[2023-07-05T12:50:30.629+0000] {processor.py:157} INFO - Started process (PID=97) to work on /home/airflow/.local/lib/python3.7/site-packages/airflow/example_dags/example_sla_dag.py
[2023-07-05T12:50:30.630+0000] {processor.py:826} INFO - Processing file /home/airflow/.local/lib/python3.7/site-packages/airflow/example_dags/example_sla_dag.py for tasks to queue
[2023-07-05T12:50:30.631+0000] {logging_mixin.py:149} INFO - [2023-07-05T12:50:30.631+0000] {dagbag.py:541} INFO - Filling up the DagBag from /home/airflow/.local/lib/python3.7/site-packages/airflow/example_dags/example_sla_dag.py
[2023-07-05T12:50:30.641+0000] {processor.py:836} INFO - DAG(s) dict_keys(['example_sla_dag']) retrieved from /home/airflow/.local/lib/python3.7/site-packages/airflow/example_dags/example_sla_dag.py
[2023-07-05T12:50:30.676+0000] {logging_mixin.py:149} INFO - [2023-07-05T12:50:30.676+0000] {dag.py:2726} INFO - Sync 1 DAGs
[2023-07-05T12:50:30.716+0000] {logging_mixin.py:149} INFO - [2023-07-05T12:50:30.716+0000] {dag.py:3490} INFO - Setting next_dagrun for example_sla_dag to 2023-07-05T12:48:00+00:00, run_after=2023-07-05T12:50:00+00:00
[2023-07-05T12:50:30.740+0000] {processor.py:179} INFO - Processing /home/airflow/.local/lib/python3.7/site-packages/airflow/example_dags/example_sla_dag.py took 0.115 seconds
[2023-07-05T12:51:01.063+0000] {processor.py:157} INFO - Started process (PID=155) to work on /home/airflow/.local/lib/python3.7/site-packages/airflow/example_dags/example_sla_dag.py
[2023-07-05T12:51:01.064+0000] {processor.py:826} INFO - Processing file /home/airflow/.local/lib/python3.7/site-packages/airflow/example_dags/example_sla_dag.py for tasks to queue
[2023-07-05T12:51:01.065+0000] {logging_mixin.py:149} INFO - [2023-07-05T12:51:01.065+0000] {dagbag.py:541} INFO - Filling up the DagBag from /home/airflow/.local/lib/python3.7/site-packages/airflow/example_dags/example_sla_dag.py
[2023-07-05T12:51:01.075+0000] {processor.py:836} INFO - DAG(s) dict_keys(['example_sla_dag']) retrieved from /home/airflow/.local/lib/python3.7/site-packages/airflow/example_dags/example_sla_dag.py
[2023-07-05T12:51:01.111+0000] {logging_mixin.py:149} INFO - [2023-07-05T12:51:01.111+0000] {dag.py:2726} INFO - Sync 1 DAGs
[2023-07-05T12:51:01.152+0000] {logging_mixin.py:149} INFO - [2023-07-05T12:51:01.152+0000] {dag.py:3490} INFO - Setting next_dagrun for example_sla_dag to 2023-07-05T12:48:00+00:00, run_after=2023-07-05T12:50:00+00:00
[2023-07-05T12:51:01.178+0000] {processor.py:179} INFO - Processing /home/airflow/.local/lib/python3.7/site-packages/airflow/example_dags/example_sla_dag.py took 0.119 seconds
[2023-07-05T12:51:31.614+0000] {processor.py:157} INFO - Started process (PID=212) to work on /home/airflow/.local/lib/python3.7/site-packages/airflow/example_dags/example_sla_dag.py
[2023-07-05T12:51:31.616+0000] {processor.py:826} INFO - Processing file /home/airflow/.local/lib/python3.7/site-packages/airflow/example_dags/example_sla_dag.py for tasks to queue
[2023-07-05T12:51:31.617+0000] {logging_mixin.py:149} INFO - [2023-07-05T12:51:31.616+0000] {dagbag.py:541} INFO - Filling up the DagBag from /home/airflow/.local/lib/python3.7/site-packages/airflow/example_dags/example_sla_dag.py
[2023-07-05T12:51:31.626+0000] {processor.py:836} INFO - DAG(s) dict_keys(['example_sla_dag']) retrieved from /home/airflow/.local/lib/python3.7/site-packages/airflow/example_dags/example_sla_dag.py
[2023-07-05T12:51:31.654+0000] {logging_mixin.py:149} INFO - [2023-07-05T12:51:31.654+0000] {dag.py:2726} INFO - Sync 1 DAGs
[2023-07-05T12:51:31.696+0000] {logging_mixin.py:149} INFO - [2023-07-05T12:51:31.695+0000] {dag.py:3490} INFO - Setting next_dagrun for example_sla_dag to 2023-07-05T12:48:00+00:00, run_after=2023-07-05T12:50:00+00:00
[2023-07-05T12:51:31.723+0000] {processor.py:179} INFO - Processing /home/airflow/.local/lib/python3.7/site-packages/airflow/example_dags/example_sla_dag.py took 0.111 seconds
[2023-07-05T12:52:02.888+0000] {processor.py:157} INFO - Started process (PID=269) to work on /home/airflow/.local/lib/python3.7/site-packages/airflow/example_dags/example_sla_dag.py
[2023-07-05T12:52:02.891+0000] {processor.py:826} INFO - Processing file /home/airflow/.local/lib/python3.7/site-packages/airflow/example_dags/example_sla_dag.py for tasks to queue
[2023-07-05T12:52:02.893+0000] {logging_mixin.py:149} INFO - [2023-07-05T12:52:02.892+0000] {dagbag.py:541} INFO - Filling up the DagBag from /home/airflow/.local/lib/python3.7/site-packages/airflow/example_dags/example_sla_dag.py
[2023-07-05T12:52:02.904+0000] {processor.py:836} INFO - DAG(s) dict_keys(['example_sla_dag']) retrieved from /home/airflow/.local/lib/python3.7/site-packages/airflow/example_dags/example_sla_dag.py
[2023-07-05T12:52:02.941+0000] {logging_mixin.py:149} INFO - [2023-07-05T12:52:02.941+0000] {dag.py:2726} INFO - Sync 1 DAGs
[2023-07-05T12:52:02.983+0000] {logging_mixin.py:149} INFO - [2023-07-05T12:52:02.983+0000] {dag.py:3490} INFO - Setting next_dagrun for example_sla_dag to 2023-07-05T12:50:00+00:00, run_after=2023-07-05T12:52:00+00:00
[2023-07-05T12:52:03.063+0000] {processor.py:179} INFO - Processing /home/airflow/.local/lib/python3.7/site-packages/airflow/example_dags/example_sla_dag.py took 0.182 seconds
[2023-07-05T12:52:33.804+0000] {processor.py:157} INFO - Started process (PID=326) to work on /home/airflow/.local/lib/python3.7/site-packages/airflow/example_dags/example_sla_dag.py
[2023-07-05T12:52:33.805+0000] {processor.py:826} INFO - Processing file /home/airflow/.local/lib/python3.7/site-packages/airflow/example_dags/example_sla_dag.py for tasks to queue
[2023-07-05T12:52:33.806+0000] {logging_mixin.py:149} INFO - [2023-07-05T12:52:33.806+0000] {dagbag.py:541} INFO - Filling up the DagBag from /home/airflow/.local/lib/python3.7/site-packages/airflow/example_dags/example_sla_dag.py
[2023-07-05T12:52:33.817+0000] {processor.py:836} INFO - DAG(s) dict_keys(['example_sla_dag']) retrieved from /home/airflow/.local/lib/python3.7/site-packages/airflow/example_dags/example_sla_dag.py
[2023-07-05T12:52:33.852+0000] {logging_mixin.py:149} INFO - [2023-07-05T12:52:33.852+0000] {dag.py:2726} INFO - Sync 1 DAGs
[2023-07-05T12:52:33.898+0000] {logging_mixin.py:149} INFO - [2023-07-05T12:52:33.898+0000] {dag.py:3490} INFO - Setting next_dagrun for example_sla_dag to 2023-07-05T12:50:00+00:00, run_after=2023-07-05T12:52:00+00:00
[2023-07-05T12:52:34.093+0000] {processor.py:179} INFO - Processing /home/airflow/.local/lib/python3.7/site-packages/airflow/example_dags/example_sla_dag.py took 0.294 seconds
[2023-07-05T12:53:04.387+0000] {processor.py:157} INFO - Started process (PID=383) to work on /home/airflow/.local/lib/python3.7/site-packages/airflow/example_dags/example_sla_dag.py
[2023-07-05T12:53:04.389+0000] {processor.py:826} INFO - Processing file /home/airflow/.local/lib/python3.7/site-packages/airflow/example_dags/example_sla_dag.py for tasks to queue
[2023-07-05T12:53:04.390+0000] {logging_mixin.py:149} INFO - [2023-07-05T12:53:04.390+0000] {dagbag.py:541} INFO - Filling up the DagBag from /home/airflow/.local/lib/python3.7/site-packages/airflow/example_dags/example_sla_dag.py
[2023-07-05T12:53:04.399+0000] {processor.py:836} INFO - DAG(s) dict_keys(['example_sla_dag']) retrieved from /home/airflow/.local/lib/python3.7/site-packages/airflow/example_dags/example_sla_dag.py
[2023-07-05T12:53:04.444+0000] {logging_mixin.py:149} INFO - [2023-07-05T12:53:04.444+0000] {dag.py:2726} INFO - Sync 1 DAGs
[2023-07-05T12:53:04.493+0000] {logging_mixin.py:149} INFO - [2023-07-05T12:53:04.493+0000] {dag.py:3490} INFO - Setting next_dagrun for example_sla_dag to 2023-07-05T12:50:00+00:00, run_after=2023-07-05T12:52:00+00:00
[2023-07-05T12:53:04.530+0000] {processor.py:179} INFO - Processing /home/airflow/.local/lib/python3.7/site-packages/airflow/example_dags/example_sla_dag.py took 0.147 seconds
[2023-07-05T12:53:34.829+0000] {processor.py:157} INFO - Started process (PID=440) to work on /home/airflow/.local/lib/python3.7/site-packages/airflow/example_dags/example_sla_dag.py
[2023-07-05T12:53:34.831+0000] {processor.py:826} INFO - Processing file /home/airflow/.local/lib/python3.7/site-packages/airflow/example_dags/example_sla_dag.py for tasks to queue
[2023-07-05T12:53:34.832+0000] {logging_mixin.py:149} INFO - [2023-07-05T12:53:34.832+0000] {dagbag.py:541} INFO - Filling up the DagBag from /home/airflow/.local/lib/python3.7/site-packages/airflow/example_dags/example_sla_dag.py
[2023-07-05T12:53:34.842+0000] {processor.py:836} INFO - DAG(s) dict_keys(['example_sla_dag']) retrieved from /home/airflow/.local/lib/python3.7/site-packages/airflow/example_dags/example_sla_dag.py
[2023-07-05T12:53:34.870+0000] {logging_mixin.py:149} INFO - [2023-07-05T12:53:34.870+0000] {dag.py:2726} INFO - Sync 1 DAGs
[2023-07-05T12:53:35.029+0000] {logging_mixin.py:149} INFO - [2023-07-05T12:53:35.029+0000] {dag.py:3490} INFO - Setting next_dagrun for example_sla_dag to 2023-07-05T12:50:00+00:00, run_after=2023-07-05T12:52:00+00:00
[2023-07-05T12:53:35.052+0000] {processor.py:179} INFO - Processing /home/airflow/.local/lib/python3.7/site-packages/airflow/example_dags/example_sla_dag.py took 0.228 seconds
[2023-07-05T12:54:05.447+0000] {processor.py:157} INFO - Started process (PID=497) to work on /home/airflow/.local/lib/python3.7/site-packages/airflow/example_dags/example_sla_dag.py
[2023-07-05T12:54:05.448+0000] {processor.py:826} INFO - Processing file /home/airflow/.local/lib/python3.7/site-packages/airflow/example_dags/example_sla_dag.py for tasks to queue
[2023-07-05T12:54:05.449+0000] {logging_mixin.py:149} INFO - [2023-07-05T12:54:05.449+0000] {dagbag.py:541} INFO - Filling up the DagBag from /home/airflow/.local/lib/python3.7/site-packages/airflow/example_dags/example_sla_dag.py
[2023-07-05T12:54:05.459+0000] {processor.py:836} INFO - DAG(s) dict_keys(['example_sla_dag']) retrieved from /home/airflow/.local/lib/python3.7/site-packages/airflow/example_dags/example_sla_dag.py
[2023-07-05T12:54:05.489+0000] {logging_mixin.py:149} INFO - [2023-07-05T12:54:05.489+0000] {dag.py:2726} INFO - Sync 1 DAGs
[2023-07-05T12:54:05.546+0000] {logging_mixin.py:149} INFO - [2023-07-05T12:54:05.545+0000] {dag.py:3490} INFO - Setting next_dagrun for example_sla_dag to 2023-07-05T12:52:00+00:00, run_after=2023-07-05T12:54:00+00:00
[2023-07-05T12:54:05.742+0000] {processor.py:179} INFO - Processing /home/airflow/.local/lib/python3.7/site-packages/airflow/example_dags/example_sla_dag.py took 0.299 seconds
[2023-07-05T12:54:36.271+0000] {processor.py:157} INFO - Started process (PID=554) to work on /home/airflow/.local/lib/python3.7/site-packages/airflow/example_dags/example_sla_dag.py
[2023-07-05T12:54:36.272+0000] {processor.py:826} INFO - Processing file /home/airflow/.local/lib/python3.7/site-packages/airflow/example_dags/example_sla_dag.py for tasks to queue
[2023-07-05T12:54:36.272+0000] {logging_mixin.py:149} INFO - [2023-07-05T12:54:36.272+0000] {dagbag.py:541} INFO - Filling up the DagBag from /home/airflow/.local/lib/python3.7/site-packages/airflow/example_dags/example_sla_dag.py
[2023-07-05T12:54:36.283+0000] {processor.py:836} INFO - DAG(s) dict_keys(['example_sla_dag']) retrieved from /home/airflow/.local/lib/python3.7/site-packages/airflow/example_dags/example_sla_dag.py
[2023-07-05T12:54:36.316+0000] {logging_mixin.py:149} INFO - [2023-07-05T12:54:36.316+0000] {dag.py:2726} INFO - Sync 1 DAGs
[2023-07-05T12:54:36.353+0000] {logging_mixin.py:149} INFO - [2023-07-05T12:54:36.353+0000] {dag.py:3490} INFO - Setting next_dagrun for example_sla_dag to 2023-07-05T12:52:00+00:00, run_after=2023-07-05T12:54:00+00:00
[2023-07-05T12:54:36.377+0000] {processor.py:179} INFO - Processing /home/airflow/.local/lib/python3.7/site-packages/airflow/example_dags/example_sla_dag.py took 0.110 seconds
[2023-07-05T12:55:06.977+0000] {processor.py:157} INFO - Started process (PID=611) to work on /home/airflow/.local/lib/python3.7/site-packages/airflow/example_dags/example_sla_dag.py
[2023-07-05T12:55:06.978+0000] {processor.py:826} INFO - Processing file /home/airflow/.local/lib/python3.7/site-packages/airflow/example_dags/example_sla_dag.py for tasks to queue
[2023-07-05T12:55:06.979+0000] {logging_mixin.py:149} INFO - [2023-07-05T12:55:06.979+0000] {dagbag.py:541} INFO - Filling up the DagBag from /home/airflow/.local/lib/python3.7/site-packages/airflow/example_dags/example_sla_dag.py
[2023-07-05T12:55:06.989+0000] {processor.py:836} INFO - DAG(s) dict_keys(['example_sla_dag']) retrieved from /home/airflow/.local/lib/python3.7/site-packages/airflow/example_dags/example_sla_dag.py
[2023-07-05T12:55:07.022+0000] {logging_mixin.py:149} INFO - [2023-07-05T12:55:07.022+0000] {dag.py:2726} INFO - Sync 1 DAGs
[2023-07-05T12:55:07.254+0000] {logging_mixin.py:149} INFO - [2023-07-05T12:55:07.254+0000] {dag.py:3490} INFO - Setting next_dagrun for example_sla_dag to 2023-07-05T12:52:00+00:00, run_after=2023-07-05T12:54:00+00:00
[2023-07-05T12:55:07.279+0000] {processor.py:179} INFO - Processing /home/airflow/.local/lib/python3.7/site-packages/airflow/example_dags/example_sla_dag.py took 0.306 seconds
[2023-07-05T12:55:38.207+0000] {processor.py:157} INFO - Started process (PID=668) to work on /home/airflow/.local/lib/python3.7/site-packages/airflow/example_dags/example_sla_dag.py
[2023-07-05T12:55:38.208+0000] {processor.py:826} INFO - Processing file /home/airflow/.local/lib/python3.7/site-packages/airflow/example_dags/example_sla_dag.py for tasks to queue
[2023-07-05T12:55:38.209+0000] {logging_mixin.py:149} INFO - [2023-07-05T12:55:38.209+0000] {dagbag.py:541} INFO - Filling up the DagBag from /home/airflow/.local/lib/python3.7/site-packages/airflow/example_dags/example_sla_dag.py
[2023-07-05T12:55:38.220+0000] {processor.py:836} INFO - DAG(s) dict_keys(['example_sla_dag']) retrieved from /home/airflow/.local/lib/python3.7/site-packages/airflow/example_dags/example_sla_dag.py
[2023-07-05T12:55:38.251+0000] {logging_mixin.py:149} INFO - [2023-07-05T12:55:38.251+0000] {dag.py:2726} INFO - Sync 1 DAGs
[2023-07-05T12:55:38.293+0000] {logging_mixin.py:149} INFO - [2023-07-05T12:55:38.293+0000] {dag.py:3490} INFO - Setting next_dagrun for example_sla_dag to 2023-07-05T12:52:00+00:00, run_after=2023-07-05T12:54:00+00:00
[2023-07-05T12:55:38.321+0000] {processor.py:179} INFO - Processing /home/airflow/.local/lib/python3.7/site-packages/airflow/example_dags/example_sla_dag.py took 0.118 seconds
[2023-07-05T12:56:08.804+0000] {processor.py:157} INFO - Started process (PID=725) to work on /home/airflow/.local/lib/python3.7/site-packages/airflow/example_dags/example_sla_dag.py
[2023-07-05T12:56:08.805+0000] {processor.py:826} INFO - Processing file /home/airflow/.local/lib/python3.7/site-packages/airflow/example_dags/example_sla_dag.py for tasks to queue
[2023-07-05T12:56:08.806+0000] {logging_mixin.py:149} INFO - [2023-07-05T12:56:08.806+0000] {dagbag.py:541} INFO - Filling up the DagBag from /home/airflow/.local/lib/python3.7/site-packages/airflow/example_dags/example_sla_dag.py
[2023-07-05T12:56:08.817+0000] {processor.py:836} INFO - DAG(s) dict_keys(['example_sla_dag']) retrieved from /home/airflow/.local/lib/python3.7/site-packages/airflow/example_dags/example_sla_dag.py
[2023-07-05T12:56:09.007+0000] {logging_mixin.py:149} INFO - [2023-07-05T12:56:09.007+0000] {dag.py:2726} INFO - Sync 1 DAGs
[2023-07-05T12:56:09.048+0000] {logging_mixin.py:149} INFO - [2023-07-05T12:56:09.048+0000] {dag.py:3490} INFO - Setting next_dagrun for example_sla_dag to 2023-07-05T12:54:00+00:00, run_after=2023-07-05T12:56:00+00:00
[2023-07-05T12:56:09.078+0000] {processor.py:179} INFO - Processing /home/airflow/.local/lib/python3.7/site-packages/airflow/example_dags/example_sla_dag.py took 0.278 seconds
[2023-07-05T12:56:39.352+0000] {processor.py:157} INFO - Started process (PID=781) to work on /home/airflow/.local/lib/python3.7/site-packages/airflow/example_dags/example_sla_dag.py
[2023-07-05T12:56:39.353+0000] {processor.py:826} INFO - Processing file /home/airflow/.local/lib/python3.7/site-packages/airflow/example_dags/example_sla_dag.py for tasks to queue
[2023-07-05T12:56:39.354+0000] {logging_mixin.py:149} INFO - [2023-07-05T12:56:39.354+0000] {dagbag.py:541} INFO - Filling up the DagBag from /home/airflow/.local/lib/python3.7/site-packages/airflow/example_dags/example_sla_dag.py
[2023-07-05T12:56:39.364+0000] {processor.py:836} INFO - DAG(s) dict_keys(['example_sla_dag']) retrieved from /home/airflow/.local/lib/python3.7/site-packages/airflow/example_dags/example_sla_dag.py
[2023-07-05T12:56:39.401+0000] {logging_mixin.py:149} INFO - [2023-07-05T12:56:39.401+0000] {dag.py:2726} INFO - Sync 1 DAGs
[2023-07-05T12:56:39.448+0000] {logging_mixin.py:149} INFO - [2023-07-05T12:56:39.448+0000] {dag.py:3490} INFO - Setting next_dagrun for example_sla_dag to 2023-07-05T12:54:00+00:00, run_after=2023-07-05T12:56:00+00:00
[2023-07-05T12:56:39.483+0000] {processor.py:179} INFO - Processing /home/airflow/.local/lib/python3.7/site-packages/airflow/example_dags/example_sla_dag.py took 0.134 seconds
[2023-07-05T12:57:09.647+0000] {processor.py:157} INFO - Started process (PID=837) to work on /home/airflow/.local/lib/python3.7/site-packages/airflow/example_dags/example_sla_dag.py
[2023-07-05T12:57:09.649+0000] {processor.py:826} INFO - Processing file /home/airflow/.local/lib/python3.7/site-packages/airflow/example_dags/example_sla_dag.py for tasks to queue
[2023-07-05T12:57:09.650+0000] {logging_mixin.py:149} INFO - [2023-07-05T12:57:09.650+0000] {dagbag.py:541} INFO - Filling up the DagBag from /home/airflow/.local/lib/python3.7/site-packages/airflow/example_dags/example_sla_dag.py
[2023-07-05T12:57:09.662+0000] {processor.py:836} INFO - DAG(s) dict_keys(['example_sla_dag']) retrieved from /home/airflow/.local/lib/python3.7/site-packages/airflow/example_dags/example_sla_dag.py
[2023-07-05T12:57:09.703+0000] {logging_mixin.py:149} INFO - [2023-07-05T12:57:09.703+0000] {dag.py:2726} INFO - Sync 1 DAGs
[2023-07-05T12:57:09.765+0000] {logging_mixin.py:149} INFO - [2023-07-05T12:57:09.764+0000] {dag.py:3490} INFO - Setting next_dagrun for example_sla_dag to 2023-07-05T12:54:00+00:00, run_after=2023-07-05T12:56:00+00:00
[2023-07-05T12:57:09.802+0000] {processor.py:179} INFO - Processing /home/airflow/.local/lib/python3.7/site-packages/airflow/example_dags/example_sla_dag.py took 0.160 seconds
[2023-07-05T12:57:40.140+0000] {processor.py:157} INFO - Started process (PID=894) to work on /home/airflow/.local/lib/python3.7/site-packages/airflow/example_dags/example_sla_dag.py
[2023-07-05T12:57:40.145+0000] {processor.py:826} INFO - Processing file /home/airflow/.local/lib/python3.7/site-packages/airflow/example_dags/example_sla_dag.py for tasks to queue
[2023-07-05T12:57:40.146+0000] {logging_mixin.py:149} INFO - [2023-07-05T12:57:40.145+0000] {dagbag.py:541} INFO - Filling up the DagBag from /home/airflow/.local/lib/python3.7/site-packages/airflow/example_dags/example_sla_dag.py
[2023-07-05T12:57:40.156+0000] {processor.py:836} INFO - DAG(s) dict_keys(['example_sla_dag']) retrieved from /home/airflow/.local/lib/python3.7/site-packages/airflow/example_dags/example_sla_dag.py
[2023-07-05T12:57:40.191+0000] {logging_mixin.py:149} INFO - [2023-07-05T12:57:40.190+0000] {dag.py:2726} INFO - Sync 1 DAGs
[2023-07-05T12:57:40.240+0000] {logging_mixin.py:149} INFO - [2023-07-05T12:57:40.240+0000] {dag.py:3490} INFO - Setting next_dagrun for example_sla_dag to 2023-07-05T12:54:00+00:00, run_after=2023-07-05T12:56:00+00:00
[2023-07-05T12:57:40.265+0000] {processor.py:179} INFO - Processing /home/airflow/.local/lib/python3.7/site-packages/airflow/example_dags/example_sla_dag.py took 0.130 seconds
[2023-07-05T12:58:10.534+0000] {processor.py:157} INFO - Started process (PID=950) to work on /home/airflow/.local/lib/python3.7/site-packages/airflow/example_dags/example_sla_dag.py
[2023-07-05T12:58:10.536+0000] {processor.py:826} INFO - Processing file /home/airflow/.local/lib/python3.7/site-packages/airflow/example_dags/example_sla_dag.py for tasks to queue
[2023-07-05T12:58:10.537+0000] {logging_mixin.py:149} INFO - [2023-07-05T12:58:10.537+0000] {dagbag.py:541} INFO - Filling up the DagBag from /home/airflow/.local/lib/python3.7/site-packages/airflow/example_dags/example_sla_dag.py
[2023-07-05T12:58:10.550+0000] {processor.py:836} INFO - DAG(s) dict_keys(['example_sla_dag']) retrieved from /home/airflow/.local/lib/python3.7/site-packages/airflow/example_dags/example_sla_dag.py
[2023-07-05T12:58:10.589+0000] {logging_mixin.py:149} INFO - [2023-07-05T12:58:10.589+0000] {dag.py:2726} INFO - Sync 1 DAGs
[2023-07-05T12:58:10.639+0000] {logging_mixin.py:149} INFO - [2023-07-05T12:58:10.639+0000] {dag.py:3490} INFO - Setting next_dagrun for example_sla_dag to 2023-07-05T12:56:00+00:00, run_after=2023-07-05T12:58:00+00:00
[2023-07-05T12:58:10.679+0000] {processor.py:179} INFO - Processing /home/airflow/.local/lib/python3.7/site-packages/airflow/example_dags/example_sla_dag.py took 0.151 seconds
[2023-07-05T12:58:40.787+0000] {processor.py:157} INFO - Started process (PID=1007) to work on /home/airflow/.local/lib/python3.7/site-packages/airflow/example_dags/example_sla_dag.py
[2023-07-05T12:58:40.788+0000] {processor.py:826} INFO - Processing file /home/airflow/.local/lib/python3.7/site-packages/airflow/example_dags/example_sla_dag.py for tasks to queue
[2023-07-05T12:58:40.789+0000] {logging_mixin.py:149} INFO - [2023-07-05T12:58:40.789+0000] {dagbag.py:541} INFO - Filling up the DagBag from /home/airflow/.local/lib/python3.7/site-packages/airflow/example_dags/example_sla_dag.py
[2023-07-05T12:58:40.800+0000] {processor.py:836} INFO - DAG(s) dict_keys(['example_sla_dag']) retrieved from /home/airflow/.local/lib/python3.7/site-packages/airflow/example_dags/example_sla_dag.py
[2023-07-05T12:58:40.833+0000] {logging_mixin.py:149} INFO - [2023-07-05T12:58:40.832+0000] {dag.py:2726} INFO - Sync 1 DAGs
[2023-07-05T12:58:40.872+0000] {logging_mixin.py:149} INFO - [2023-07-05T12:58:40.872+0000] {dag.py:3490} INFO - Setting next_dagrun for example_sla_dag to 2023-07-05T12:56:00+00:00, run_after=2023-07-05T12:58:00+00:00
[2023-07-05T12:58:40.897+0000] {processor.py:179} INFO - Processing /home/airflow/.local/lib/python3.7/site-packages/airflow/example_dags/example_sla_dag.py took 0.114 seconds
[2023-07-05T12:59:11.073+0000] {processor.py:157} INFO - Started process (PID=1062) to work on /home/airflow/.local/lib/python3.7/site-packages/airflow/example_dags/example_sla_dag.py
[2023-07-05T12:59:11.120+0000] {processor.py:826} INFO - Processing file /home/airflow/.local/lib/python3.7/site-packages/airflow/example_dags/example_sla_dag.py for tasks to queue
[2023-07-05T12:59:11.121+0000] {logging_mixin.py:149} INFO - [2023-07-05T12:59:11.121+0000] {dagbag.py:541} INFO - Filling up the DagBag from /home/airflow/.local/lib/python3.7/site-packages/airflow/example_dags/example_sla_dag.py
[2023-07-05T12:59:11.132+0000] {processor.py:836} INFO - DAG(s) dict_keys(['example_sla_dag']) retrieved from /home/airflow/.local/lib/python3.7/site-packages/airflow/example_dags/example_sla_dag.py
[2023-07-05T12:59:11.163+0000] {logging_mixin.py:149} INFO - [2023-07-05T12:59:11.163+0000] {dag.py:2726} INFO - Sync 1 DAGs
[2023-07-05T12:59:11.214+0000] {logging_mixin.py:149} INFO - [2023-07-05T12:59:11.214+0000] {dag.py:3490} INFO - Setting next_dagrun for example_sla_dag to 2023-07-05T12:56:00+00:00, run_after=2023-07-05T12:58:00+00:00
[2023-07-05T12:59:11.248+0000] {processor.py:179} INFO - Processing /home/airflow/.local/lib/python3.7/site-packages/airflow/example_dags/example_sla_dag.py took 0.179 seconds
[2023-07-05T12:59:41.844+0000] {processor.py:157} INFO - Started process (PID=1120) to work on /home/airflow/.local/lib/python3.7/site-packages/airflow/example_dags/example_sla_dag.py
[2023-07-05T12:59:41.845+0000] {processor.py:826} INFO - Processing file /home/airflow/.local/lib/python3.7/site-packages/airflow/example_dags/example_sla_dag.py for tasks to queue
[2023-07-05T12:59:41.846+0000] {logging_mixin.py:149} INFO - [2023-07-05T12:59:41.846+0000] {dagbag.py:541} INFO - Filling up the DagBag from /home/airflow/.local/lib/python3.7/site-packages/airflow/example_dags/example_sla_dag.py
[2023-07-05T12:59:41.858+0000] {processor.py:836} INFO - DAG(s) dict_keys(['example_sla_dag']) retrieved from /home/airflow/.local/lib/python3.7/site-packages/airflow/example_dags/example_sla_dag.py
[2023-07-05T12:59:41.887+0000] {logging_mixin.py:149} INFO - [2023-07-05T12:59:41.887+0000] {dag.py:2726} INFO - Sync 1 DAGs
[2023-07-05T12:59:41.925+0000] {logging_mixin.py:149} INFO - [2023-07-05T12:59:41.925+0000] {dag.py:3490} INFO - Setting next_dagrun for example_sla_dag to 2023-07-05T12:56:00+00:00, run_after=2023-07-05T12:58:00+00:00
[2023-07-05T12:59:41.951+0000] {processor.py:179} INFO - Processing /home/airflow/.local/lib/python3.7/site-packages/airflow/example_dags/example_sla_dag.py took 0.112 seconds
[2023-07-05T13:00:12.212+0000] {processor.py:157} INFO - Started process (PID=1177) to work on /home/airflow/.local/lib/python3.7/site-packages/airflow/example_dags/example_sla_dag.py
[2023-07-05T13:00:12.214+0000] {processor.py:826} INFO - Processing file /home/airflow/.local/lib/python3.7/site-packages/airflow/example_dags/example_sla_dag.py for tasks to queue
[2023-07-05T13:00:12.215+0000] {logging_mixin.py:149} INFO - [2023-07-05T13:00:12.215+0000] {dagbag.py:541} INFO - Filling up the DagBag from /home/airflow/.local/lib/python3.7/site-packages/airflow/example_dags/example_sla_dag.py
[2023-07-05T13:00:12.225+0000] {processor.py:836} INFO - DAG(s) dict_keys(['example_sla_dag']) retrieved from /home/airflow/.local/lib/python3.7/site-packages/airflow/example_dags/example_sla_dag.py
[2023-07-05T13:00:12.259+0000] {logging_mixin.py:149} INFO - [2023-07-05T13:00:12.259+0000] {dag.py:2726} INFO - Sync 1 DAGs
[2023-07-05T13:00:12.306+0000] {logging_mixin.py:149} INFO - [2023-07-05T13:00:12.306+0000] {dag.py:3490} INFO - Setting next_dagrun for example_sla_dag to 2023-07-05T12:58:00+00:00, run_after=2023-07-05T13:00:00+00:00
[2023-07-05T13:00:12.334+0000] {processor.py:179} INFO - Processing /home/airflow/.local/lib/python3.7/site-packages/airflow/example_dags/example_sla_dag.py took 0.126 seconds
[2023-07-05T13:00:42.442+0000] {processor.py:157} INFO - Started process (PID=1234) to work on /home/airflow/.local/lib/python3.7/site-packages/airflow/example_dags/example_sla_dag.py
[2023-07-05T13:00:42.450+0000] {processor.py:826} INFO - Processing file /home/airflow/.local/lib/python3.7/site-packages/airflow/example_dags/example_sla_dag.py for tasks to queue
[2023-07-05T13:00:42.451+0000] {logging_mixin.py:149} INFO - [2023-07-05T13:00:42.451+0000] {dagbag.py:541} INFO - Filling up the DagBag from /home/airflow/.local/lib/python3.7/site-packages/airflow/example_dags/example_sla_dag.py
[2023-07-05T13:00:42.464+0000] {processor.py:836} INFO - DAG(s) dict_keys(['example_sla_dag']) retrieved from /home/airflow/.local/lib/python3.7/site-packages/airflow/example_dags/example_sla_dag.py
[2023-07-05T13:00:42.503+0000] {logging_mixin.py:149} INFO - [2023-07-05T13:00:42.502+0000] {dag.py:2726} INFO - Sync 1 DAGs
[2023-07-05T13:00:42.548+0000] {logging_mixin.py:149} INFO - [2023-07-05T13:00:42.547+0000] {dag.py:3490} INFO - Setting next_dagrun for example_sla_dag to 2023-07-05T12:58:00+00:00, run_after=2023-07-05T13:00:00+00:00
[2023-07-05T13:00:42.573+0000] {processor.py:179} INFO - Processing /home/airflow/.local/lib/python3.7/site-packages/airflow/example_dags/example_sla_dag.py took 0.136 seconds
[2023-07-05T13:01:12.759+0000] {processor.py:157} INFO - Started process (PID=1290) to work on /home/airflow/.local/lib/python3.7/site-packages/airflow/example_dags/example_sla_dag.py
[2023-07-05T13:01:12.761+0000] {processor.py:826} INFO - Processing file /home/airflow/.local/lib/python3.7/site-packages/airflow/example_dags/example_sla_dag.py for tasks to queue
[2023-07-05T13:01:12.762+0000] {logging_mixin.py:149} INFO - [2023-07-05T13:01:12.762+0000] {dagbag.py:541} INFO - Filling up the DagBag from /home/airflow/.local/lib/python3.7/site-packages/airflow/example_dags/example_sla_dag.py
[2023-07-05T13:01:12.778+0000] {processor.py:836} INFO - DAG(s) dict_keys(['example_sla_dag']) retrieved from /home/airflow/.local/lib/python3.7/site-packages/airflow/example_dags/example_sla_dag.py
[2023-07-05T13:01:12.813+0000] {logging_mixin.py:149} INFO - [2023-07-05T13:01:12.813+0000] {dag.py:2726} INFO - Sync 1 DAGs
[2023-07-05T13:01:12.859+0000] {logging_mixin.py:149} INFO - [2023-07-05T13:01:12.858+0000] {dag.py:3490} INFO - Setting next_dagrun for example_sla_dag to 2023-07-05T12:58:00+00:00, run_after=2023-07-05T13:00:00+00:00
[2023-07-05T13:01:12.890+0000] {processor.py:179} INFO - Processing /home/airflow/.local/lib/python3.7/site-packages/airflow/example_dags/example_sla_dag.py took 0.136 seconds
[2023-07-05T13:01:43.039+0000] {processor.py:157} INFO - Started process (PID=1348) to work on /home/airflow/.local/lib/python3.7/site-packages/airflow/example_dags/example_sla_dag.py
[2023-07-05T13:01:43.041+0000] {processor.py:826} INFO - Processing file /home/airflow/.local/lib/python3.7/site-packages/airflow/example_dags/example_sla_dag.py for tasks to queue
[2023-07-05T13:01:43.041+0000] {logging_mixin.py:149} INFO - [2023-07-05T13:01:43.041+0000] {dagbag.py:541} INFO - Filling up the DagBag from /home/airflow/.local/lib/python3.7/site-packages/airflow/example_dags/example_sla_dag.py
[2023-07-05T13:01:43.051+0000] {processor.py:836} INFO - DAG(s) dict_keys(['example_sla_dag']) retrieved from /home/airflow/.local/lib/python3.7/site-packages/airflow/example_dags/example_sla_dag.py
[2023-07-05T13:01:43.082+0000] {logging_mixin.py:149} INFO - [2023-07-05T13:01:43.081+0000] {dag.py:2726} INFO - Sync 1 DAGs
[2023-07-05T13:01:43.125+0000] {logging_mixin.py:149} INFO - [2023-07-05T13:01:43.125+0000] {dag.py:3490} INFO - Setting next_dagrun for example_sla_dag to 2023-07-05T12:58:00+00:00, run_after=2023-07-05T13:00:00+00:00
[2023-07-05T13:01:43.149+0000] {processor.py:179} INFO - Processing /home/airflow/.local/lib/python3.7/site-packages/airflow/example_dags/example_sla_dag.py took 0.114 seconds
[2023-07-05T13:02:13.528+0000] {processor.py:157} INFO - Started process (PID=1405) to work on /home/airflow/.local/lib/python3.7/site-packages/airflow/example_dags/example_sla_dag.py
[2023-07-05T13:02:13.529+0000] {processor.py:826} INFO - Processing file /home/airflow/.local/lib/python3.7/site-packages/airflow/example_dags/example_sla_dag.py for tasks to queue
[2023-07-05T13:02:13.530+0000] {logging_mixin.py:149} INFO - [2023-07-05T13:02:13.530+0000] {dagbag.py:541} INFO - Filling up the DagBag from /home/airflow/.local/lib/python3.7/site-packages/airflow/example_dags/example_sla_dag.py
[2023-07-05T13:02:13.540+0000] {processor.py:836} INFO - DAG(s) dict_keys(['example_sla_dag']) retrieved from /home/airflow/.local/lib/python3.7/site-packages/airflow/example_dags/example_sla_dag.py
[2023-07-05T13:02:13.569+0000] {logging_mixin.py:149} INFO - [2023-07-05T13:02:13.568+0000] {dag.py:2726} INFO - Sync 1 DAGs
[2023-07-05T13:02:13.622+0000] {logging_mixin.py:149} INFO - [2023-07-05T13:02:13.621+0000] {dag.py:3490} INFO - Setting next_dagrun for example_sla_dag to 2023-07-05T13:00:00+00:00, run_after=2023-07-05T13:02:00+00:00
[2023-07-05T13:02:13.655+0000] {processor.py:179} INFO - Processing /home/airflow/.local/lib/python3.7/site-packages/airflow/example_dags/example_sla_dag.py took 0.131 seconds
[2023-07-05T13:02:43.784+0000] {processor.py:157} INFO - Started process (PID=1462) to work on /home/airflow/.local/lib/python3.7/site-packages/airflow/example_dags/example_sla_dag.py
[2023-07-05T13:02:43.785+0000] {processor.py:826} INFO - Processing file /home/airflow/.local/lib/python3.7/site-packages/airflow/example_dags/example_sla_dag.py for tasks to queue
[2023-07-05T13:02:43.786+0000] {logging_mixin.py:149} INFO - [2023-07-05T13:02:43.786+0000] {dagbag.py:541} INFO - Filling up the DagBag from /home/airflow/.local/lib/python3.7/site-packages/airflow/example_dags/example_sla_dag.py
[2023-07-05T13:02:43.796+0000] {processor.py:836} INFO - DAG(s) dict_keys(['example_sla_dag']) retrieved from /home/airflow/.local/lib/python3.7/site-packages/airflow/example_dags/example_sla_dag.py
[2023-07-05T13:02:43.825+0000] {logging_mixin.py:149} INFO - [2023-07-05T13:02:43.825+0000] {dag.py:2726} INFO - Sync 1 DAGs
[2023-07-05T13:02:43.873+0000] {logging_mixin.py:149} INFO - [2023-07-05T13:02:43.872+0000] {dag.py:3490} INFO - Setting next_dagrun for example_sla_dag to 2023-07-05T13:00:00+00:00, run_after=2023-07-05T13:02:00+00:00
[2023-07-05T13:02:43.896+0000] {processor.py:179} INFO - Processing /home/airflow/.local/lib/python3.7/site-packages/airflow/example_dags/example_sla_dag.py took 0.115 seconds
[2023-07-05T13:03:14.044+0000] {processor.py:157} INFO - Started process (PID=1519) to work on /home/airflow/.local/lib/python3.7/site-packages/airflow/example_dags/example_sla_dag.py
[2023-07-05T13:03:14.045+0000] {processor.py:826} INFO - Processing file /home/airflow/.local/lib/python3.7/site-packages/airflow/example_dags/example_sla_dag.py for tasks to queue
[2023-07-05T13:03:14.045+0000] {logging_mixin.py:149} INFO - [2023-07-05T13:03:14.045+0000] {dagbag.py:541} INFO - Filling up the DagBag from /home/airflow/.local/lib/python3.7/site-packages/airflow/example_dags/example_sla_dag.py
[2023-07-05T13:03:14.057+0000] {processor.py:836} INFO - DAG(s) dict_keys(['example_sla_dag']) retrieved from /home/airflow/.local/lib/python3.7/site-packages/airflow/example_dags/example_sla_dag.py
[2023-07-05T13:03:14.091+0000] {logging_mixin.py:149} INFO - [2023-07-05T13:03:14.091+0000] {dag.py:2726} INFO - Sync 1 DAGs
[2023-07-05T13:03:14.139+0000] {logging_mixin.py:149} INFO - [2023-07-05T13:03:14.139+0000] {dag.py:3490} INFO - Setting next_dagrun for example_sla_dag to 2023-07-05T13:00:00+00:00, run_after=2023-07-05T13:02:00+00:00
[2023-07-05T13:03:14.182+0000] {processor.py:179} INFO - Processing /home/airflow/.local/lib/python3.7/site-packages/airflow/example_dags/example_sla_dag.py took 0.143 seconds
[2023-07-05T13:03:44.508+0000] {processor.py:157} INFO - Started process (PID=1576) to work on /home/airflow/.local/lib/python3.7/site-packages/airflow/example_dags/example_sla_dag.py
[2023-07-05T13:03:44.510+0000] {processor.py:826} INFO - Processing file /home/airflow/.local/lib/python3.7/site-packages/airflow/example_dags/example_sla_dag.py for tasks to queue
[2023-07-05T13:03:44.511+0000] {logging_mixin.py:149} INFO - [2023-07-05T13:03:44.511+0000] {dagbag.py:541} INFO - Filling up the DagBag from /home/airflow/.local/lib/python3.7/site-packages/airflow/example_dags/example_sla_dag.py
[2023-07-05T13:03:44.523+0000] {processor.py:836} INFO - DAG(s) dict_keys(['example_sla_dag']) retrieved from /home/airflow/.local/lib/python3.7/site-packages/airflow/example_dags/example_sla_dag.py
[2023-07-05T13:03:44.557+0000] {logging_mixin.py:149} INFO - [2023-07-05T13:03:44.557+0000] {dag.py:2726} INFO - Sync 1 DAGs
[2023-07-05T13:03:44.606+0000] {logging_mixin.py:149} INFO - [2023-07-05T13:03:44.606+0000] {dag.py:3490} INFO - Setting next_dagrun for example_sla_dag to 2023-07-05T13:00:00+00:00, run_after=2023-07-05T13:02:00+00:00
[2023-07-05T13:03:44.639+0000] {processor.py:179} INFO - Processing /home/airflow/.local/lib/python3.7/site-packages/airflow/example_dags/example_sla_dag.py took 0.135 seconds
[2023-07-05T13:04:14.765+0000] {processor.py:157} INFO - Started process (PID=1633) to work on /home/airflow/.local/lib/python3.7/site-packages/airflow/example_dags/example_sla_dag.py
[2023-07-05T13:04:14.766+0000] {processor.py:826} INFO - Processing file /home/airflow/.local/lib/python3.7/site-packages/airflow/example_dags/example_sla_dag.py for tasks to queue
[2023-07-05T13:04:14.767+0000] {logging_mixin.py:149} INFO - [2023-07-05T13:04:14.767+0000] {dagbag.py:541} INFO - Filling up the DagBag from /home/airflow/.local/lib/python3.7/site-packages/airflow/example_dags/example_sla_dag.py
[2023-07-05T13:04:14.779+0000] {processor.py:836} INFO - DAG(s) dict_keys(['example_sla_dag']) retrieved from /home/airflow/.local/lib/python3.7/site-packages/airflow/example_dags/example_sla_dag.py
[2023-07-05T13:04:14.809+0000] {logging_mixin.py:149} INFO - [2023-07-05T13:04:14.809+0000] {dag.py:2726} INFO - Sync 1 DAGs
[2023-07-05T13:04:14.858+0000] {logging_mixin.py:149} INFO - [2023-07-05T13:04:14.858+0000] {dag.py:3490} INFO - Setting next_dagrun for example_sla_dag to 2023-07-05T13:02:00+00:00, run_after=2023-07-05T13:04:00+00:00
[2023-07-05T13:04:14.902+0000] {processor.py:179} INFO - Processing /home/airflow/.local/lib/python3.7/site-packages/airflow/example_dags/example_sla_dag.py took 0.141 seconds
[2023-07-05T13:04:45.224+0000] {processor.py:157} INFO - Started process (PID=1689) to work on /home/airflow/.local/lib/python3.7/site-packages/airflow/example_dags/example_sla_dag.py
[2023-07-05T13:04:45.226+0000] {processor.py:826} INFO - Processing file /home/airflow/.local/lib/python3.7/site-packages/airflow/example_dags/example_sla_dag.py for tasks to queue
[2023-07-05T13:04:45.227+0000] {logging_mixin.py:149} INFO - [2023-07-05T13:04:45.227+0000] {dagbag.py:541} INFO - Filling up the DagBag from /home/airflow/.local/lib/python3.7/site-packages/airflow/example_dags/example_sla_dag.py
[2023-07-05T13:04:45.238+0000] {processor.py:836} INFO - DAG(s) dict_keys(['example_sla_dag']) retrieved from /home/airflow/.local/lib/python3.7/site-packages/airflow/example_dags/example_sla_dag.py
[2023-07-05T13:04:45.273+0000] {logging_mixin.py:149} INFO - [2023-07-05T13:04:45.273+0000] {dag.py:2726} INFO - Sync 1 DAGs
[2023-07-05T13:04:45.319+0000] {logging_mixin.py:149} INFO - [2023-07-05T13:04:45.319+0000] {dag.py:3490} INFO - Setting next_dagrun for example_sla_dag to 2023-07-05T13:02:00+00:00, run_after=2023-07-05T13:04:00+00:00
[2023-07-05T13:04:45.350+0000] {processor.py:179} INFO - Processing /home/airflow/.local/lib/python3.7/site-packages/airflow/example_dags/example_sla_dag.py took 0.130 seconds
[2023-07-05T13:05:15.522+0000] {processor.py:157} INFO - Started process (PID=1746) to work on /home/airflow/.local/lib/python3.7/site-packages/airflow/example_dags/example_sla_dag.py
[2023-07-05T13:05:15.524+0000] {processor.py:826} INFO - Processing file /home/airflow/.local/lib/python3.7/site-packages/airflow/example_dags/example_sla_dag.py for tasks to queue
[2023-07-05T13:05:15.525+0000] {logging_mixin.py:149} INFO - [2023-07-05T13:05:15.525+0000] {dagbag.py:541} INFO - Filling up the DagBag from /home/airflow/.local/lib/python3.7/site-packages/airflow/example_dags/example_sla_dag.py
[2023-07-05T13:05:15.535+0000] {processor.py:836} INFO - DAG(s) dict_keys(['example_sla_dag']) retrieved from /home/airflow/.local/lib/python3.7/site-packages/airflow/example_dags/example_sla_dag.py
[2023-07-05T13:05:15.573+0000] {logging_mixin.py:149} INFO - [2023-07-05T13:05:15.573+0000] {dag.py:2726} INFO - Sync 1 DAGs
[2023-07-05T13:05:15.622+0000] {logging_mixin.py:149} INFO - [2023-07-05T13:05:15.622+0000] {dag.py:3490} INFO - Setting next_dagrun for example_sla_dag to 2023-07-05T13:02:00+00:00, run_after=2023-07-05T13:04:00+00:00
[2023-07-05T13:05:15.663+0000] {processor.py:179} INFO - Processing /home/airflow/.local/lib/python3.7/site-packages/airflow/example_dags/example_sla_dag.py took 0.144 seconds
[2023-07-05T13:05:45.794+0000] {processor.py:157} INFO - Started process (PID=1804) to work on /home/airflow/.local/lib/python3.7/site-packages/airflow/example_dags/example_sla_dag.py
[2023-07-05T13:05:45.795+0000] {processor.py:826} INFO - Processing file /home/airflow/.local/lib/python3.7/site-packages/airflow/example_dags/example_sla_dag.py for tasks to queue
[2023-07-05T13:05:45.797+0000] {logging_mixin.py:149} INFO - [2023-07-05T13:05:45.796+0000] {dagbag.py:541} INFO - Filling up the DagBag from /home/airflow/.local/lib/python3.7/site-packages/airflow/example_dags/example_sla_dag.py
[2023-07-05T13:05:45.808+0000] {processor.py:836} INFO - DAG(s) dict_keys(['example_sla_dag']) retrieved from /home/airflow/.local/lib/python3.7/site-packages/airflow/example_dags/example_sla_dag.py
[2023-07-05T13:05:45.839+0000] {logging_mixin.py:149} INFO - [2023-07-05T13:05:45.838+0000] {dag.py:2726} INFO - Sync 1 DAGs
[2023-07-05T13:05:45.889+0000] {logging_mixin.py:149} INFO - [2023-07-05T13:05:45.889+0000] {dag.py:3490} INFO - Setting next_dagrun for example_sla_dag to 2023-07-05T13:02:00+00:00, run_after=2023-07-05T13:04:00+00:00
[2023-07-05T13:05:45.916+0000] {processor.py:179} INFO - Processing /home/airflow/.local/lib/python3.7/site-packages/airflow/example_dags/example_sla_dag.py took 0.127 seconds
[2023-07-05T13:06:16.176+0000] {processor.py:157} INFO - Started process (PID=1861) to work on /home/airflow/.local/lib/python3.7/site-packages/airflow/example_dags/example_sla_dag.py
[2023-07-05T13:06:16.177+0000] {processor.py:826} INFO - Processing file /home/airflow/.local/lib/python3.7/site-packages/airflow/example_dags/example_sla_dag.py for tasks to queue
[2023-07-05T13:06:16.178+0000] {logging_mixin.py:149} INFO - [2023-07-05T13:06:16.178+0000] {dagbag.py:541} INFO - Filling up the DagBag from /home/airflow/.local/lib/python3.7/site-packages/airflow/example_dags/example_sla_dag.py
[2023-07-05T13:06:16.187+0000] {processor.py:836} INFO - DAG(s) dict_keys(['example_sla_dag']) retrieved from /home/airflow/.local/lib/python3.7/site-packages/airflow/example_dags/example_sla_dag.py
[2023-07-05T13:06:16.218+0000] {logging_mixin.py:149} INFO - [2023-07-05T13:06:16.218+0000] {dag.py:2726} INFO - Sync 1 DAGs
[2023-07-05T13:06:16.259+0000] {logging_mixin.py:149} INFO - [2023-07-05T13:06:16.259+0000] {dag.py:3490} INFO - Setting next_dagrun for example_sla_dag to 2023-07-05T13:04:00+00:00, run_after=2023-07-05T13:06:00+00:00
[2023-07-05T13:06:16.287+0000] {processor.py:179} INFO - Processing /home/airflow/.local/lib/python3.7/site-packages/airflow/example_dags/example_sla_dag.py took 0.115 seconds
[2023-07-05T13:06:46.517+0000] {processor.py:157} INFO - Started process (PID=1918) to work on /home/airflow/.local/lib/python3.7/site-packages/airflow/example_dags/example_sla_dag.py
[2023-07-05T13:06:46.518+0000] {processor.py:826} INFO - Processing file /home/airflow/.local/lib/python3.7/site-packages/airflow/example_dags/example_sla_dag.py for tasks to queue
[2023-07-05T13:06:46.519+0000] {logging_mixin.py:149} INFO - [2023-07-05T13:06:46.519+0000] {dagbag.py:541} INFO - Filling up the DagBag from /home/airflow/.local/lib/python3.7/site-packages/airflow/example_dags/example_sla_dag.py
[2023-07-05T13:06:46.527+0000] {processor.py:836} INFO - DAG(s) dict_keys(['example_sla_dag']) retrieved from /home/airflow/.local/lib/python3.7/site-packages/airflow/example_dags/example_sla_dag.py
[2023-07-05T13:06:46.558+0000] {logging_mixin.py:149} INFO - [2023-07-05T13:06:46.558+0000] {dag.py:2726} INFO - Sync 1 DAGs
[2023-07-05T13:06:46.595+0000] {logging_mixin.py:149} INFO - [2023-07-05T13:06:46.595+0000] {dag.py:3490} INFO - Setting next_dagrun for example_sla_dag to 2023-07-05T13:04:00+00:00, run_after=2023-07-05T13:06:00+00:00
[2023-07-05T13:06:46.619+0000] {processor.py:179} INFO - Processing /home/airflow/.local/lib/python3.7/site-packages/airflow/example_dags/example_sla_dag.py took 0.106 seconds
[2023-07-05T13:07:16.903+0000] {processor.py:157} INFO - Started process (PID=1975) to work on /home/airflow/.local/lib/python3.7/site-packages/airflow/example_dags/example_sla_dag.py
[2023-07-05T13:07:16.905+0000] {processor.py:826} INFO - Processing file /home/airflow/.local/lib/python3.7/site-packages/airflow/example_dags/example_sla_dag.py for tasks to queue
[2023-07-05T13:07:16.906+0000] {logging_mixin.py:149} INFO - [2023-07-05T13:07:16.906+0000] {dagbag.py:541} INFO - Filling up the DagBag from /home/airflow/.local/lib/python3.7/site-packages/airflow/example_dags/example_sla_dag.py
[2023-07-05T13:07:16.916+0000] {processor.py:836} INFO - DAG(s) dict_keys(['example_sla_dag']) retrieved from /home/airflow/.local/lib/python3.7/site-packages/airflow/example_dags/example_sla_dag.py
[2023-07-05T13:07:16.952+0000] {logging_mixin.py:149} INFO - [2023-07-05T13:07:16.951+0000] {dag.py:2726} INFO - Sync 1 DAGs
[2023-07-05T13:07:16.999+0000] {logging_mixin.py:149} INFO - [2023-07-05T13:07:16.998+0000] {dag.py:3490} INFO - Setting next_dagrun for example_sla_dag to 2023-07-05T13:04:00+00:00, run_after=2023-07-05T13:06:00+00:00
[2023-07-05T13:07:17.040+0000] {processor.py:179} INFO - Processing /home/airflow/.local/lib/python3.7/site-packages/airflow/example_dags/example_sla_dag.py took 0.141 seconds
[2023-07-05T13:07:47.296+0000] {processor.py:157} INFO - Started process (PID=2032) to work on /home/airflow/.local/lib/python3.7/site-packages/airflow/example_dags/example_sla_dag.py
[2023-07-05T13:07:47.298+0000] {processor.py:826} INFO - Processing file /home/airflow/.local/lib/python3.7/site-packages/airflow/example_dags/example_sla_dag.py for tasks to queue
[2023-07-05T13:07:47.299+0000] {logging_mixin.py:149} INFO - [2023-07-05T13:07:47.299+0000] {dagbag.py:541} INFO - Filling up the DagBag from /home/airflow/.local/lib/python3.7/site-packages/airflow/example_dags/example_sla_dag.py
[2023-07-05T13:07:47.311+0000] {processor.py:836} INFO - DAG(s) dict_keys(['example_sla_dag']) retrieved from /home/airflow/.local/lib/python3.7/site-packages/airflow/example_dags/example_sla_dag.py
[2023-07-05T13:07:47.343+0000] {logging_mixin.py:149} INFO - [2023-07-05T13:07:47.343+0000] {dag.py:2726} INFO - Sync 1 DAGs
[2023-07-05T13:07:47.389+0000] {logging_mixin.py:149} INFO - [2023-07-05T13:07:47.388+0000] {dag.py:3490} INFO - Setting next_dagrun for example_sla_dag to 2023-07-05T13:04:00+00:00, run_after=2023-07-05T13:06:00+00:00
[2023-07-05T13:07:47.417+0000] {processor.py:179} INFO - Processing /home/airflow/.local/lib/python3.7/site-packages/airflow/example_dags/example_sla_dag.py took 0.125 seconds
[2023-07-05T13:08:17.574+0000] {processor.py:157} INFO - Started process (PID=2088) to work on /home/airflow/.local/lib/python3.7/site-packages/airflow/example_dags/example_sla_dag.py
[2023-07-05T13:08:17.576+0000] {processor.py:826} INFO - Processing file /home/airflow/.local/lib/python3.7/site-packages/airflow/example_dags/example_sla_dag.py for tasks to queue
[2023-07-05T13:08:17.577+0000] {logging_mixin.py:149} INFO - [2023-07-05T13:08:17.577+0000] {dagbag.py:541} INFO - Filling up the DagBag from /home/airflow/.local/lib/python3.7/site-packages/airflow/example_dags/example_sla_dag.py
[2023-07-05T13:08:17.590+0000] {processor.py:836} INFO - DAG(s) dict_keys(['example_sla_dag']) retrieved from /home/airflow/.local/lib/python3.7/site-packages/airflow/example_dags/example_sla_dag.py
[2023-07-05T13:08:17.626+0000] {logging_mixin.py:149} INFO - [2023-07-05T13:08:17.626+0000] {dag.py:2726} INFO - Sync 1 DAGs
[2023-07-05T13:08:17.678+0000] {logging_mixin.py:149} INFO - [2023-07-05T13:08:17.678+0000] {dag.py:3490} INFO - Setting next_dagrun for example_sla_dag to 2023-07-05T13:06:00+00:00, run_after=2023-07-05T13:08:00+00:00
[2023-07-05T13:08:17.708+0000] {processor.py:179} INFO - Processing /home/airflow/.local/lib/python3.7/site-packages/airflow/example_dags/example_sla_dag.py took 0.140 seconds
[2023-07-05T13:08:48.196+0000] {processor.py:157} INFO - Started process (PID=2145) to work on /home/airflow/.local/lib/python3.7/site-packages/airflow/example_dags/example_sla_dag.py
[2023-07-05T13:08:48.196+0000] {processor.py:826} INFO - Processing file /home/airflow/.local/lib/python3.7/site-packages/airflow/example_dags/example_sla_dag.py for tasks to queue
[2023-07-05T13:08:48.197+0000] {logging_mixin.py:149} INFO - [2023-07-05T13:08:48.197+0000] {dagbag.py:541} INFO - Filling up the DagBag from /home/airflow/.local/lib/python3.7/site-packages/airflow/example_dags/example_sla_dag.py
[2023-07-05T13:08:48.206+0000] {processor.py:836} INFO - DAG(s) dict_keys(['example_sla_dag']) retrieved from /home/airflow/.local/lib/python3.7/site-packages/airflow/example_dags/example_sla_dag.py
[2023-07-05T13:08:48.241+0000] {logging_mixin.py:149} INFO - [2023-07-05T13:08:48.241+0000] {dag.py:2726} INFO - Sync 1 DAGs
[2023-07-05T13:08:48.279+0000] {logging_mixin.py:149} INFO - [2023-07-05T13:08:48.279+0000] {dag.py:3490} INFO - Setting next_dagrun for example_sla_dag to 2023-07-05T13:06:00+00:00, run_after=2023-07-05T13:08:00+00:00
[2023-07-05T13:08:48.303+0000] {processor.py:179} INFO - Processing /home/airflow/.local/lib/python3.7/site-packages/airflow/example_dags/example_sla_dag.py took 0.111 seconds
[2023-07-05T13:09:18.670+0000] {processor.py:157} INFO - Started process (PID=2202) to work on /home/airflow/.local/lib/python3.7/site-packages/airflow/example_dags/example_sla_dag.py
[2023-07-05T13:09:18.672+0000] {processor.py:826} INFO - Processing file /home/airflow/.local/lib/python3.7/site-packages/airflow/example_dags/example_sla_dag.py for tasks to queue
[2023-07-05T13:09:18.673+0000] {logging_mixin.py:149} INFO - [2023-07-05T13:09:18.673+0000] {dagbag.py:541} INFO - Filling up the DagBag from /home/airflow/.local/lib/python3.7/site-packages/airflow/example_dags/example_sla_dag.py
[2023-07-05T13:09:18.685+0000] {processor.py:836} INFO - DAG(s) dict_keys(['example_sla_dag']) retrieved from /home/airflow/.local/lib/python3.7/site-packages/airflow/example_dags/example_sla_dag.py
[2023-07-05T13:09:18.716+0000] {logging_mixin.py:149} INFO - [2023-07-05T13:09:18.716+0000] {dag.py:2726} INFO - Sync 1 DAGs
[2023-07-05T13:09:18.758+0000] {logging_mixin.py:149} INFO - [2023-07-05T13:09:18.758+0000] {dag.py:3490} INFO - Setting next_dagrun for example_sla_dag to 2023-07-05T13:06:00+00:00, run_after=2023-07-05T13:08:00+00:00
[2023-07-05T13:09:18.790+0000] {processor.py:179} INFO - Processing /home/airflow/.local/lib/python3.7/site-packages/airflow/example_dags/example_sla_dag.py took 0.124 seconds
[2023-07-05T13:09:48.853+0000] {processor.py:157} INFO - Started process (PID=2259) to work on /home/airflow/.local/lib/python3.7/site-packages/airflow/example_dags/example_sla_dag.py
[2023-07-05T13:09:48.854+0000] {processor.py:826} INFO - Processing file /home/airflow/.local/lib/python3.7/site-packages/airflow/example_dags/example_sla_dag.py for tasks to queue
[2023-07-05T13:09:48.855+0000] {logging_mixin.py:149} INFO - [2023-07-05T13:09:48.855+0000] {dagbag.py:541} INFO - Filling up the DagBag from /home/airflow/.local/lib/python3.7/site-packages/airflow/example_dags/example_sla_dag.py
[2023-07-05T13:09:48.865+0000] {processor.py:836} INFO - DAG(s) dict_keys(['example_sla_dag']) retrieved from /home/airflow/.local/lib/python3.7/site-packages/airflow/example_dags/example_sla_dag.py
[2023-07-05T13:09:48.894+0000] {logging_mixin.py:149} INFO - [2023-07-05T13:09:48.893+0000] {dag.py:2726} INFO - Sync 1 DAGs
[2023-07-05T13:09:48.934+0000] {logging_mixin.py:149} INFO - [2023-07-05T13:09:48.934+0000] {dag.py:3490} INFO - Setting next_dagrun for example_sla_dag to 2023-07-05T13:06:00+00:00, run_after=2023-07-05T13:08:00+00:00
[2023-07-05T13:09:48.958+0000] {processor.py:179} INFO - Processing /home/airflow/.local/lib/python3.7/site-packages/airflow/example_dags/example_sla_dag.py took 0.110 seconds
[2023-07-05T13:10:19.398+0000] {processor.py:157} INFO - Started process (PID=2322) to work on /home/airflow/.local/lib/python3.7/site-packages/airflow/example_dags/example_sla_dag.py
[2023-07-05T13:10:19.400+0000] {processor.py:826} INFO - Processing file /home/airflow/.local/lib/python3.7/site-packages/airflow/example_dags/example_sla_dag.py for tasks to queue
[2023-07-05T13:10:19.402+0000] {logging_mixin.py:149} INFO - [2023-07-05T13:10:19.401+0000] {dagbag.py:541} INFO - Filling up the DagBag from /home/airflow/.local/lib/python3.7/site-packages/airflow/example_dags/example_sla_dag.py
[2023-07-05T13:10:19.412+0000] {processor.py:836} INFO - DAG(s) dict_keys(['example_sla_dag']) retrieved from /home/airflow/.local/lib/python3.7/site-packages/airflow/example_dags/example_sla_dag.py
[2023-07-05T13:10:19.447+0000] {logging_mixin.py:149} INFO - [2023-07-05T13:10:19.447+0000] {dag.py:2726} INFO - Sync 1 DAGs
[2023-07-05T13:10:19.491+0000] {logging_mixin.py:149} INFO - [2023-07-05T13:10:19.491+0000] {dag.py:3490} INFO - Setting next_dagrun for example_sla_dag to 2023-07-05T13:08:00+00:00, run_after=2023-07-05T13:10:00+00:00
[2023-07-05T13:10:19.514+0000] {processor.py:179} INFO - Processing /home/airflow/.local/lib/python3.7/site-packages/airflow/example_dags/example_sla_dag.py took 0.120 seconds
[2023-07-05T13:10:49.754+0000] {processor.py:157} INFO - Started process (PID=2380) to work on /home/airflow/.local/lib/python3.7/site-packages/airflow/example_dags/example_sla_dag.py
[2023-07-05T13:10:49.755+0000] {processor.py:826} INFO - Processing file /home/airflow/.local/lib/python3.7/site-packages/airflow/example_dags/example_sla_dag.py for tasks to queue
[2023-07-05T13:10:49.756+0000] {logging_mixin.py:149} INFO - [2023-07-05T13:10:49.756+0000] {dagbag.py:541} INFO - Filling up the DagBag from /home/airflow/.local/lib/python3.7/site-packages/airflow/example_dags/example_sla_dag.py
[2023-07-05T13:10:49.767+0000] {processor.py:836} INFO - DAG(s) dict_keys(['example_sla_dag']) retrieved from /home/airflow/.local/lib/python3.7/site-packages/airflow/example_dags/example_sla_dag.py
[2023-07-05T13:10:49.813+0000] {logging_mixin.py:149} INFO - [2023-07-05T13:10:49.813+0000] {dag.py:2726} INFO - Sync 1 DAGs
[2023-07-05T13:10:49.864+0000] {logging_mixin.py:149} INFO - [2023-07-05T13:10:49.863+0000] {dag.py:3490} INFO - Setting next_dagrun for example_sla_dag to 2023-07-05T13:08:00+00:00, run_after=2023-07-05T13:10:00+00:00
[2023-07-05T13:10:49.894+0000] {processor.py:179} INFO - Processing /home/airflow/.local/lib/python3.7/site-packages/airflow/example_dags/example_sla_dag.py took 0.144 seconds
[2023-07-05T13:11:20.095+0000] {processor.py:157} INFO - Started process (PID=2437) to work on /home/airflow/.local/lib/python3.7/site-packages/airflow/example_dags/example_sla_dag.py
[2023-07-05T13:11:20.097+0000] {processor.py:826} INFO - Processing file /home/airflow/.local/lib/python3.7/site-packages/airflow/example_dags/example_sla_dag.py for tasks to queue
[2023-07-05T13:11:20.098+0000] {logging_mixin.py:149} INFO - [2023-07-05T13:11:20.097+0000] {dagbag.py:541} INFO - Filling up the DagBag from /home/airflow/.local/lib/python3.7/site-packages/airflow/example_dags/example_sla_dag.py
[2023-07-05T13:11:20.108+0000] {processor.py:836} INFO - DAG(s) dict_keys(['example_sla_dag']) retrieved from /home/airflow/.local/lib/python3.7/site-packages/airflow/example_dags/example_sla_dag.py
[2023-07-05T13:11:20.146+0000] {logging_mixin.py:149} INFO - [2023-07-05T13:11:20.145+0000] {dag.py:2726} INFO - Sync 1 DAGs
[2023-07-05T13:11:20.211+0000] {logging_mixin.py:149} INFO - [2023-07-05T13:11:20.211+0000] {dag.py:3490} INFO - Setting next_dagrun for example_sla_dag to 2023-07-05T13:08:00+00:00, run_after=2023-07-05T13:10:00+00:00
[2023-07-05T13:11:20.252+0000] {processor.py:179} INFO - Processing /home/airflow/.local/lib/python3.7/site-packages/airflow/example_dags/example_sla_dag.py took 0.161 seconds
[2023-07-05T13:11:50.574+0000] {processor.py:157} INFO - Started process (PID=2494) to work on /home/airflow/.local/lib/python3.7/site-packages/airflow/example_dags/example_sla_dag.py
[2023-07-05T13:11:50.576+0000] {processor.py:826} INFO - Processing file /home/airflow/.local/lib/python3.7/site-packages/airflow/example_dags/example_sla_dag.py for tasks to queue
[2023-07-05T13:11:50.577+0000] {logging_mixin.py:149} INFO - [2023-07-05T13:11:50.576+0000] {dagbag.py:541} INFO - Filling up the DagBag from /home/airflow/.local/lib/python3.7/site-packages/airflow/example_dags/example_sla_dag.py
[2023-07-05T13:11:50.587+0000] {processor.py:836} INFO - DAG(s) dict_keys(['example_sla_dag']) retrieved from /home/airflow/.local/lib/python3.7/site-packages/airflow/example_dags/example_sla_dag.py
[2023-07-05T13:11:50.619+0000] {logging_mixin.py:149} INFO - [2023-07-05T13:11:50.619+0000] {dag.py:2726} INFO - Sync 1 DAGs
[2023-07-05T13:11:50.668+0000] {logging_mixin.py:149} INFO - [2023-07-05T13:11:50.667+0000] {dag.py:3490} INFO - Setting next_dagrun for example_sla_dag to 2023-07-05T13:08:00+00:00, run_after=2023-07-05T13:10:00+00:00
[2023-07-05T13:11:50.689+0000] {processor.py:179} INFO - Processing /home/airflow/.local/lib/python3.7/site-packages/airflow/example_dags/example_sla_dag.py took 0.118 seconds
[2023-07-05T13:12:21.247+0000] {processor.py:157} INFO - Started process (PID=2551) to work on /home/airflow/.local/lib/python3.7/site-packages/airflow/example_dags/example_sla_dag.py
[2023-07-05T13:12:21.249+0000] {processor.py:826} INFO - Processing file /home/airflow/.local/lib/python3.7/site-packages/airflow/example_dags/example_sla_dag.py for tasks to queue
[2023-07-05T13:12:21.250+0000] {logging_mixin.py:149} INFO - [2023-07-05T13:12:21.250+0000] {dagbag.py:541} INFO - Filling up the DagBag from /home/airflow/.local/lib/python3.7/site-packages/airflow/example_dags/example_sla_dag.py
[2023-07-05T13:12:21.262+0000] {processor.py:836} INFO - DAG(s) dict_keys(['example_sla_dag']) retrieved from /home/airflow/.local/lib/python3.7/site-packages/airflow/example_dags/example_sla_dag.py
[2023-07-05T13:12:21.300+0000] {logging_mixin.py:149} INFO - [2023-07-05T13:12:21.299+0000] {dag.py:2726} INFO - Sync 1 DAGs
[2023-07-05T13:12:21.344+0000] {logging_mixin.py:149} INFO - [2023-07-05T13:12:21.344+0000] {dag.py:3490} INFO - Setting next_dagrun for example_sla_dag to 2023-07-05T13:10:00+00:00, run_after=2023-07-05T13:12:00+00:00
[2023-07-05T13:12:21.372+0000] {processor.py:179} INFO - Processing /home/airflow/.local/lib/python3.7/site-packages/airflow/example_dags/example_sla_dag.py took 0.130 seconds
[2023-07-05T13:12:51.564+0000] {processor.py:157} INFO - Started process (PID=2608) to work on /home/airflow/.local/lib/python3.7/site-packages/airflow/example_dags/example_sla_dag.py
[2023-07-05T13:12:51.565+0000] {processor.py:826} INFO - Processing file /home/airflow/.local/lib/python3.7/site-packages/airflow/example_dags/example_sla_dag.py for tasks to queue
[2023-07-05T13:12:51.566+0000] {logging_mixin.py:149} INFO - [2023-07-05T13:12:51.566+0000] {dagbag.py:541} INFO - Filling up the DagBag from /home/airflow/.local/lib/python3.7/site-packages/airflow/example_dags/example_sla_dag.py
[2023-07-05T13:12:51.577+0000] {processor.py:836} INFO - DAG(s) dict_keys(['example_sla_dag']) retrieved from /home/airflow/.local/lib/python3.7/site-packages/airflow/example_dags/example_sla_dag.py
[2023-07-05T13:12:51.608+0000] {logging_mixin.py:149} INFO - [2023-07-05T13:12:51.608+0000] {dag.py:2726} INFO - Sync 1 DAGs
[2023-07-05T13:12:51.646+0000] {logging_mixin.py:149} INFO - [2023-07-05T13:12:51.644+0000] {dag.py:3490} INFO - Setting next_dagrun for example_sla_dag to 2023-07-05T13:10:00+00:00, run_after=2023-07-05T13:12:00+00:00
[2023-07-05T13:12:51.669+0000] {processor.py:179} INFO - Processing /home/airflow/.local/lib/python3.7/site-packages/airflow/example_dags/example_sla_dag.py took 0.110 seconds
[2023-07-05T13:13:21.909+0000] {processor.py:157} INFO - Started process (PID=2665) to work on /home/airflow/.local/lib/python3.7/site-packages/airflow/example_dags/example_sla_dag.py
[2023-07-05T13:13:21.910+0000] {processor.py:826} INFO - Processing file /home/airflow/.local/lib/python3.7/site-packages/airflow/example_dags/example_sla_dag.py for tasks to queue
[2023-07-05T13:13:21.911+0000] {logging_mixin.py:149} INFO - [2023-07-05T13:13:21.911+0000] {dagbag.py:541} INFO - Filling up the DagBag from /home/airflow/.local/lib/python3.7/site-packages/airflow/example_dags/example_sla_dag.py
[2023-07-05T13:13:21.923+0000] {processor.py:836} INFO - DAG(s) dict_keys(['example_sla_dag']) retrieved from /home/airflow/.local/lib/python3.7/site-packages/airflow/example_dags/example_sla_dag.py
[2023-07-05T13:13:21.969+0000] {logging_mixin.py:149} INFO - [2023-07-05T13:13:21.969+0000] {dag.py:2726} INFO - Sync 1 DAGs
[2023-07-05T13:13:22.027+0000] {logging_mixin.py:149} INFO - [2023-07-05T13:13:22.026+0000] {dag.py:3490} INFO - Setting next_dagrun for example_sla_dag to 2023-07-05T13:10:00+00:00, run_after=2023-07-05T13:12:00+00:00
[2023-07-05T13:13:22.058+0000] {processor.py:179} INFO - Processing /home/airflow/.local/lib/python3.7/site-packages/airflow/example_dags/example_sla_dag.py took 0.153 seconds
[2023-07-05T13:13:52.290+0000] {processor.py:157} INFO - Started process (PID=2723) to work on /home/airflow/.local/lib/python3.7/site-packages/airflow/example_dags/example_sla_dag.py
[2023-07-05T13:13:52.292+0000] {processor.py:826} INFO - Processing file /home/airflow/.local/lib/python3.7/site-packages/airflow/example_dags/example_sla_dag.py for tasks to queue
[2023-07-05T13:13:52.293+0000] {logging_mixin.py:149} INFO - [2023-07-05T13:13:52.293+0000] {dagbag.py:541} INFO - Filling up the DagBag from /home/airflow/.local/lib/python3.7/site-packages/airflow/example_dags/example_sla_dag.py
[2023-07-05T13:13:52.303+0000] {processor.py:836} INFO - DAG(s) dict_keys(['example_sla_dag']) retrieved from /home/airflow/.local/lib/python3.7/site-packages/airflow/example_dags/example_sla_dag.py
[2023-07-05T13:13:52.341+0000] {logging_mixin.py:149} INFO - [2023-07-05T13:13:52.340+0000] {dag.py:2726} INFO - Sync 1 DAGs
[2023-07-05T13:13:52.391+0000] {logging_mixin.py:149} INFO - [2023-07-05T13:13:52.391+0000] {dag.py:3490} INFO - Setting next_dagrun for example_sla_dag to 2023-07-05T13:10:00+00:00, run_after=2023-07-05T13:12:00+00:00
[2023-07-05T13:13:52.421+0000] {processor.py:179} INFO - Processing /home/airflow/.local/lib/python3.7/site-packages/airflow/example_dags/example_sla_dag.py took 0.136 seconds
[2023-07-05T13:14:22.530+0000] {processor.py:157} INFO - Started process (PID=2780) to work on /home/airflow/.local/lib/python3.7/site-packages/airflow/example_dags/example_sla_dag.py
[2023-07-05T13:14:22.532+0000] {processor.py:826} INFO - Processing file /home/airflow/.local/lib/python3.7/site-packages/airflow/example_dags/example_sla_dag.py for tasks to queue
[2023-07-05T13:14:22.533+0000] {logging_mixin.py:149} INFO - [2023-07-05T13:14:22.533+0000] {dagbag.py:541} INFO - Filling up the DagBag from /home/airflow/.local/lib/python3.7/site-packages/airflow/example_dags/example_sla_dag.py
[2023-07-05T13:14:22.543+0000] {processor.py:836} INFO - DAG(s) dict_keys(['example_sla_dag']) retrieved from /home/airflow/.local/lib/python3.7/site-packages/airflow/example_dags/example_sla_dag.py
[2023-07-05T13:14:22.575+0000] {logging_mixin.py:149} INFO - [2023-07-05T13:14:22.574+0000] {dag.py:2726} INFO - Sync 1 DAGs
[2023-07-05T13:14:22.617+0000] {logging_mixin.py:149} INFO - [2023-07-05T13:14:22.617+0000] {dag.py:3490} INFO - Setting next_dagrun for example_sla_dag to 2023-07-05T13:12:00+00:00, run_after=2023-07-05T13:14:00+00:00
[2023-07-05T13:14:22.643+0000] {processor.py:179} INFO - Processing /home/airflow/.local/lib/python3.7/site-packages/airflow/example_dags/example_sla_dag.py took 0.119 seconds
[2023-07-05T13:14:53.002+0000] {processor.py:157} INFO - Started process (PID=2836) to work on /home/airflow/.local/lib/python3.7/site-packages/airflow/example_dags/example_sla_dag.py
[2023-07-05T13:14:53.003+0000] {processor.py:826} INFO - Processing file /home/airflow/.local/lib/python3.7/site-packages/airflow/example_dags/example_sla_dag.py for tasks to queue
[2023-07-05T13:14:53.004+0000] {logging_mixin.py:149} INFO - [2023-07-05T13:14:53.004+0000] {dagbag.py:541} INFO - Filling up the DagBag from /home/airflow/.local/lib/python3.7/site-packages/airflow/example_dags/example_sla_dag.py
[2023-07-05T13:14:53.015+0000] {processor.py:836} INFO - DAG(s) dict_keys(['example_sla_dag']) retrieved from /home/airflow/.local/lib/python3.7/site-packages/airflow/example_dags/example_sla_dag.py
[2023-07-05T13:14:53.047+0000] {logging_mixin.py:149} INFO - [2023-07-05T13:14:53.047+0000] {dag.py:2726} INFO - Sync 1 DAGs
[2023-07-05T13:14:53.089+0000] {logging_mixin.py:149} INFO - [2023-07-05T13:14:53.089+0000] {dag.py:3490} INFO - Setting next_dagrun for example_sla_dag to 2023-07-05T13:12:00+00:00, run_after=2023-07-05T13:14:00+00:00
[2023-07-05T13:14:53.116+0000] {processor.py:179} INFO - Processing /home/airflow/.local/lib/python3.7/site-packages/airflow/example_dags/example_sla_dag.py took 0.118 seconds
[2023-07-05T13:15:23.871+0000] {processor.py:157} INFO - Started process (PID=2888) to work on /home/airflow/.local/lib/python3.7/site-packages/airflow/example_dags/example_sla_dag.py
[2023-07-05T13:15:23.872+0000] {processor.py:826} INFO - Processing file /home/airflow/.local/lib/python3.7/site-packages/airflow/example_dags/example_sla_dag.py for tasks to queue
[2023-07-05T13:15:23.873+0000] {logging_mixin.py:149} INFO - [2023-07-05T13:15:23.872+0000] {dagbag.py:541} INFO - Filling up the DagBag from /home/airflow/.local/lib/python3.7/site-packages/airflow/example_dags/example_sla_dag.py
[2023-07-05T13:15:23.882+0000] {processor.py:836} INFO - DAG(s) dict_keys(['example_sla_dag']) retrieved from /home/airflow/.local/lib/python3.7/site-packages/airflow/example_dags/example_sla_dag.py
[2023-07-05T13:15:23.911+0000] {logging_mixin.py:149} INFO - [2023-07-05T13:15:23.910+0000] {dag.py:2726} INFO - Sync 1 DAGs
[2023-07-05T13:15:23.965+0000] {logging_mixin.py:149} INFO - [2023-07-05T13:15:23.965+0000] {dag.py:3490} INFO - Setting next_dagrun for example_sla_dag to 2023-07-05T13:12:00+00:00, run_after=2023-07-05T13:14:00+00:00
[2023-07-05T13:15:23.996+0000] {processor.py:179} INFO - Processing /home/airflow/.local/lib/python3.7/site-packages/airflow/example_dags/example_sla_dag.py took 0.129 seconds
[2023-07-05T13:15:54.443+0000] {processor.py:157} INFO - Started process (PID=2945) to work on /home/airflow/.local/lib/python3.7/site-packages/airflow/example_dags/example_sla_dag.py
[2023-07-05T13:15:54.445+0000] {processor.py:826} INFO - Processing file /home/airflow/.local/lib/python3.7/site-packages/airflow/example_dags/example_sla_dag.py for tasks to queue
[2023-07-05T13:15:54.447+0000] {logging_mixin.py:149} INFO - [2023-07-05T13:15:54.446+0000] {dagbag.py:541} INFO - Filling up the DagBag from /home/airflow/.local/lib/python3.7/site-packages/airflow/example_dags/example_sla_dag.py
[2023-07-05T13:15:54.459+0000] {processor.py:836} INFO - DAG(s) dict_keys(['example_sla_dag']) retrieved from /home/airflow/.local/lib/python3.7/site-packages/airflow/example_dags/example_sla_dag.py
[2023-07-05T13:15:54.496+0000] {logging_mixin.py:149} INFO - [2023-07-05T13:15:54.496+0000] {dag.py:2726} INFO - Sync 1 DAGs
[2023-07-05T13:15:54.548+0000] {logging_mixin.py:149} INFO - [2023-07-05T13:15:54.547+0000] {dag.py:3490} INFO - Setting next_dagrun for example_sla_dag to 2023-07-05T13:12:00+00:00, run_after=2023-07-05T13:14:00+00:00
[2023-07-05T13:15:54.580+0000] {processor.py:179} INFO - Processing /home/airflow/.local/lib/python3.7/site-packages/airflow/example_dags/example_sla_dag.py took 0.142 seconds
[2023-07-05T13:16:24.708+0000] {processor.py:157} INFO - Started process (PID=3002) to work on /home/airflow/.local/lib/python3.7/site-packages/airflow/example_dags/example_sla_dag.py
[2023-07-05T13:16:24.710+0000] {processor.py:826} INFO - Processing file /home/airflow/.local/lib/python3.7/site-packages/airflow/example_dags/example_sla_dag.py for tasks to queue
[2023-07-05T13:16:24.711+0000] {logging_mixin.py:149} INFO - [2023-07-05T13:16:24.711+0000] {dagbag.py:541} INFO - Filling up the DagBag from /home/airflow/.local/lib/python3.7/site-packages/airflow/example_dags/example_sla_dag.py
[2023-07-05T13:16:24.722+0000] {processor.py:836} INFO - DAG(s) dict_keys(['example_sla_dag']) retrieved from /home/airflow/.local/lib/python3.7/site-packages/airflow/example_dags/example_sla_dag.py
[2023-07-05T13:16:24.756+0000] {logging_mixin.py:149} INFO - [2023-07-05T13:16:24.755+0000] {dag.py:2726} INFO - Sync 1 DAGs
[2023-07-05T13:16:24.795+0000] {logging_mixin.py:149} INFO - [2023-07-05T13:16:24.795+0000] {dag.py:3490} INFO - Setting next_dagrun for example_sla_dag to 2023-07-05T13:14:00+00:00, run_after=2023-07-05T13:16:00+00:00
[2023-07-05T13:16:24.827+0000] {processor.py:179} INFO - Processing /home/airflow/.local/lib/python3.7/site-packages/airflow/example_dags/example_sla_dag.py took 0.124 seconds
[2023-07-05T13:16:54.954+0000] {processor.py:157} INFO - Started process (PID=3058) to work on /home/airflow/.local/lib/python3.7/site-packages/airflow/example_dags/example_sla_dag.py
[2023-07-05T13:16:54.956+0000] {processor.py:826} INFO - Processing file /home/airflow/.local/lib/python3.7/site-packages/airflow/example_dags/example_sla_dag.py for tasks to queue
[2023-07-05T13:16:54.957+0000] {logging_mixin.py:149} INFO - [2023-07-05T13:16:54.957+0000] {dagbag.py:541} INFO - Filling up the DagBag from /home/airflow/.local/lib/python3.7/site-packages/airflow/example_dags/example_sla_dag.py
[2023-07-05T13:16:54.967+0000] {processor.py:836} INFO - DAG(s) dict_keys(['example_sla_dag']) retrieved from /home/airflow/.local/lib/python3.7/site-packages/airflow/example_dags/example_sla_dag.py
[2023-07-05T13:16:54.999+0000] {logging_mixin.py:149} INFO - [2023-07-05T13:16:54.999+0000] {dag.py:2726} INFO - Sync 1 DAGs
[2023-07-05T13:16:55.045+0000] {logging_mixin.py:149} INFO - [2023-07-05T13:16:55.044+0000] {dag.py:3490} INFO - Setting next_dagrun for example_sla_dag to 2023-07-05T13:14:00+00:00, run_after=2023-07-05T13:16:00+00:00
[2023-07-05T13:16:55.073+0000] {processor.py:179} INFO - Processing /home/airflow/.local/lib/python3.7/site-packages/airflow/example_dags/example_sla_dag.py took 0.123 seconds
[2023-07-05T13:17:25.692+0000] {processor.py:157} INFO - Started process (PID=3115) to work on /home/airflow/.local/lib/python3.7/site-packages/airflow/example_dags/example_sla_dag.py
[2023-07-05T13:17:25.693+0000] {processor.py:826} INFO - Processing file /home/airflow/.local/lib/python3.7/site-packages/airflow/example_dags/example_sla_dag.py for tasks to queue
[2023-07-05T13:17:25.694+0000] {logging_mixin.py:149} INFO - [2023-07-05T13:17:25.694+0000] {dagbag.py:541} INFO - Filling up the DagBag from /home/airflow/.local/lib/python3.7/site-packages/airflow/example_dags/example_sla_dag.py
[2023-07-05T13:17:25.706+0000] {processor.py:836} INFO - DAG(s) dict_keys(['example_sla_dag']) retrieved from /home/airflow/.local/lib/python3.7/site-packages/airflow/example_dags/example_sla_dag.py
[2023-07-05T13:17:25.734+0000] {logging_mixin.py:149} INFO - [2023-07-05T13:17:25.734+0000] {dag.py:2726} INFO - Sync 1 DAGs
[2023-07-05T13:17:25.773+0000] {logging_mixin.py:149} INFO - [2023-07-05T13:17:25.772+0000] {dag.py:3490} INFO - Setting next_dagrun for example_sla_dag to 2023-07-05T13:14:00+00:00, run_after=2023-07-05T13:16:00+00:00
[2023-07-05T13:17:25.796+0000] {processor.py:179} INFO - Processing /home/airflow/.local/lib/python3.7/site-packages/airflow/example_dags/example_sla_dag.py took 0.109 seconds
[2023-07-05T13:17:56.004+0000] {processor.py:157} INFO - Started process (PID=3172) to work on /home/airflow/.local/lib/python3.7/site-packages/airflow/example_dags/example_sla_dag.py
[2023-07-05T13:17:56.006+0000] {processor.py:826} INFO - Processing file /home/airflow/.local/lib/python3.7/site-packages/airflow/example_dags/example_sla_dag.py for tasks to queue
[2023-07-05T13:17:56.010+0000] {logging_mixin.py:149} INFO - [2023-07-05T13:17:56.008+0000] {dagbag.py:541} INFO - Filling up the DagBag from /home/airflow/.local/lib/python3.7/site-packages/airflow/example_dags/example_sla_dag.py
[2023-07-05T13:17:56.021+0000] {processor.py:836} INFO - DAG(s) dict_keys(['example_sla_dag']) retrieved from /home/airflow/.local/lib/python3.7/site-packages/airflow/example_dags/example_sla_dag.py
[2023-07-05T13:17:56.052+0000] {logging_mixin.py:149} INFO - [2023-07-05T13:17:56.052+0000] {dag.py:2726} INFO - Sync 1 DAGs
[2023-07-05T13:17:56.092+0000] {logging_mixin.py:149} INFO - [2023-07-05T13:17:56.092+0000] {dag.py:3490} INFO - Setting next_dagrun for example_sla_dag to 2023-07-05T13:14:00+00:00, run_after=2023-07-05T13:16:00+00:00
[2023-07-05T13:17:56.118+0000] {processor.py:179} INFO - Processing /home/airflow/.local/lib/python3.7/site-packages/airflow/example_dags/example_sla_dag.py took 0.118 seconds
