[2023-07-05T12:49:54.654+0000] {processor.py:157} INFO - Started process (PID=36) to work on /home/airflow/.local/lib/python3.7/site-packages/airflow/example_dags/example_external_task_marker_dag.py
[2023-07-05T12:49:54.655+0000] {processor.py:826} INFO - Processing file /home/airflow/.local/lib/python3.7/site-packages/airflow/example_dags/example_external_task_marker_dag.py for tasks to queue
[2023-07-05T12:49:54.657+0000] {logging_mixin.py:149} INFO - [2023-07-05T12:49:54.656+0000] {dagbag.py:541} INFO - Filling up the DagBag from /home/airflow/.local/lib/python3.7/site-packages/airflow/example_dags/example_external_task_marker_dag.py
[2023-07-05T12:49:54.666+0000] {processor.py:836} INFO - DAG(s) dict_keys(['example_external_task_marker_child', 'example_external_task_marker_parent']) retrieved from /home/airflow/.local/lib/python3.7/site-packages/airflow/example_dags/example_external_task_marker_dag.py
[2023-07-05T12:49:54.688+0000] {logging_mixin.py:149} INFO - [2023-07-05T12:49:54.688+0000] {dag.py:2726} INFO - Sync 2 DAGs
[2023-07-05T12:49:54.741+0000] {logging_mixin.py:149} INFO - [2023-07-05T12:49:54.740+0000] {dag.py:3490} INFO - Setting next_dagrun for example_external_task_marker_child to None, run_after=None
[2023-07-05T12:49:54.746+0000] {logging_mixin.py:149} INFO - [2023-07-05T12:49:54.745+0000] {dag.py:3490} INFO - Setting next_dagrun for example_external_task_marker_parent to None, run_after=None
[2023-07-05T12:49:54.769+0000] {processor.py:179} INFO - Processing /home/airflow/.local/lib/python3.7/site-packages/airflow/example_dags/example_external_task_marker_dag.py took 0.120 seconds
[2023-07-05T12:50:29.144+0000] {processor.py:157} INFO - Started process (PID=93) to work on /home/airflow/.local/lib/python3.7/site-packages/airflow/example_dags/example_external_task_marker_dag.py
[2023-07-05T12:50:29.146+0000] {processor.py:826} INFO - Processing file /home/airflow/.local/lib/python3.7/site-packages/airflow/example_dags/example_external_task_marker_dag.py for tasks to queue
[2023-07-05T12:50:29.147+0000] {logging_mixin.py:149} INFO - [2023-07-05T12:50:29.147+0000] {dagbag.py:541} INFO - Filling up the DagBag from /home/airflow/.local/lib/python3.7/site-packages/airflow/example_dags/example_external_task_marker_dag.py
[2023-07-05T12:50:29.157+0000] {processor.py:836} INFO - DAG(s) dict_keys(['example_external_task_marker_parent', 'example_external_task_marker_child']) retrieved from /home/airflow/.local/lib/python3.7/site-packages/airflow/example_dags/example_external_task_marker_dag.py
[2023-07-05T12:50:29.204+0000] {logging_mixin.py:149} INFO - [2023-07-05T12:50:29.203+0000] {dag.py:2726} INFO - Sync 2 DAGs
[2023-07-05T12:50:29.917+0000] {logging_mixin.py:149} INFO - [2023-07-05T12:50:29.917+0000] {dag.py:3490} INFO - Setting next_dagrun for example_external_task_marker_child to None, run_after=None
[2023-07-05T12:50:29.961+0000] {logging_mixin.py:149} INFO - [2023-07-05T12:50:29.961+0000] {dag.py:3490} INFO - Setting next_dagrun for example_external_task_marker_parent to None, run_after=None
[2023-07-05T12:50:30.213+0000] {processor.py:179} INFO - Processing /home/airflow/.local/lib/python3.7/site-packages/airflow/example_dags/example_external_task_marker_dag.py took 1.077 seconds
[2023-07-05T12:51:00.439+0000] {processor.py:157} INFO - Started process (PID=151) to work on /home/airflow/.local/lib/python3.7/site-packages/airflow/example_dags/example_external_task_marker_dag.py
[2023-07-05T12:51:00.443+0000] {processor.py:826} INFO - Processing file /home/airflow/.local/lib/python3.7/site-packages/airflow/example_dags/example_external_task_marker_dag.py for tasks to queue
[2023-07-05T12:51:00.448+0000] {logging_mixin.py:149} INFO - [2023-07-05T12:51:00.448+0000] {dagbag.py:541} INFO - Filling up the DagBag from /home/airflow/.local/lib/python3.7/site-packages/airflow/example_dags/example_external_task_marker_dag.py
[2023-07-05T12:51:00.477+0000] {processor.py:836} INFO - DAG(s) dict_keys(['example_external_task_marker_parent', 'example_external_task_marker_child']) retrieved from /home/airflow/.local/lib/python3.7/site-packages/airflow/example_dags/example_external_task_marker_dag.py
[2023-07-05T12:51:00.606+0000] {logging_mixin.py:149} INFO - [2023-07-05T12:51:00.606+0000] {dag.py:2726} INFO - Sync 2 DAGs
[2023-07-05T12:51:00.688+0000] {logging_mixin.py:149} INFO - [2023-07-05T12:51:00.687+0000] {dag.py:3490} INFO - Setting next_dagrun for example_external_task_marker_child to None, run_after=None
[2023-07-05T12:51:00.696+0000] {logging_mixin.py:149} INFO - [2023-07-05T12:51:00.696+0000] {dag.py:3490} INFO - Setting next_dagrun for example_external_task_marker_parent to None, run_after=None
[2023-07-05T12:51:00.752+0000] {processor.py:179} INFO - Processing /home/airflow/.local/lib/python3.7/site-packages/airflow/example_dags/example_external_task_marker_dag.py took 0.323 seconds
[2023-07-05T12:51:30.979+0000] {processor.py:157} INFO - Started process (PID=208) to work on /home/airflow/.local/lib/python3.7/site-packages/airflow/example_dags/example_external_task_marker_dag.py
[2023-07-05T12:51:30.980+0000] {processor.py:826} INFO - Processing file /home/airflow/.local/lib/python3.7/site-packages/airflow/example_dags/example_external_task_marker_dag.py for tasks to queue
[2023-07-05T12:51:30.981+0000] {logging_mixin.py:149} INFO - [2023-07-05T12:51:30.981+0000] {dagbag.py:541} INFO - Filling up the DagBag from /home/airflow/.local/lib/python3.7/site-packages/airflow/example_dags/example_external_task_marker_dag.py
[2023-07-05T12:51:30.989+0000] {processor.py:836} INFO - DAG(s) dict_keys(['example_external_task_marker_child', 'example_external_task_marker_parent']) retrieved from /home/airflow/.local/lib/python3.7/site-packages/airflow/example_dags/example_external_task_marker_dag.py
[2023-07-05T12:51:31.038+0000] {logging_mixin.py:149} INFO - [2023-07-05T12:51:31.037+0000] {dag.py:2726} INFO - Sync 2 DAGs
[2023-07-05T12:51:31.080+0000] {logging_mixin.py:149} INFO - [2023-07-05T12:51:31.080+0000] {dag.py:3490} INFO - Setting next_dagrun for example_external_task_marker_child to None, run_after=None
[2023-07-05T12:51:31.086+0000] {logging_mixin.py:149} INFO - [2023-07-05T12:51:31.086+0000] {dag.py:3490} INFO - Setting next_dagrun for example_external_task_marker_parent to None, run_after=None
[2023-07-05T12:51:31.122+0000] {processor.py:179} INFO - Processing /home/airflow/.local/lib/python3.7/site-packages/airflow/example_dags/example_external_task_marker_dag.py took 0.148 seconds
[2023-07-05T12:52:01.337+0000] {processor.py:157} INFO - Started process (PID=264) to work on /home/airflow/.local/lib/python3.7/site-packages/airflow/example_dags/example_external_task_marker_dag.py
[2023-07-05T12:52:01.339+0000] {processor.py:826} INFO - Processing file /home/airflow/.local/lib/python3.7/site-packages/airflow/example_dags/example_external_task_marker_dag.py for tasks to queue
[2023-07-05T12:52:01.340+0000] {logging_mixin.py:149} INFO - [2023-07-05T12:52:01.340+0000] {dagbag.py:541} INFO - Filling up the DagBag from /home/airflow/.local/lib/python3.7/site-packages/airflow/example_dags/example_external_task_marker_dag.py
[2023-07-05T12:52:01.349+0000] {processor.py:836} INFO - DAG(s) dict_keys(['example_external_task_marker_parent', 'example_external_task_marker_child']) retrieved from /home/airflow/.local/lib/python3.7/site-packages/airflow/example_dags/example_external_task_marker_dag.py
[2023-07-05T12:52:01.397+0000] {logging_mixin.py:149} INFO - [2023-07-05T12:52:01.397+0000] {dag.py:2726} INFO - Sync 2 DAGs
[2023-07-05T12:52:01.437+0000] {logging_mixin.py:149} INFO - [2023-07-05T12:52:01.437+0000] {dag.py:3490} INFO - Setting next_dagrun for example_external_task_marker_child to None, run_after=None
[2023-07-05T12:52:01.442+0000] {logging_mixin.py:149} INFO - [2023-07-05T12:52:01.442+0000] {dag.py:3490} INFO - Setting next_dagrun for example_external_task_marker_parent to None, run_after=None
[2023-07-05T12:52:01.471+0000] {processor.py:179} INFO - Processing /home/airflow/.local/lib/python3.7/site-packages/airflow/example_dags/example_external_task_marker_dag.py took 0.137 seconds
[2023-07-05T12:52:31.754+0000] {processor.py:157} INFO - Started process (PID=321) to work on /home/airflow/.local/lib/python3.7/site-packages/airflow/example_dags/example_external_task_marker_dag.py
[2023-07-05T12:52:31.756+0000] {processor.py:826} INFO - Processing file /home/airflow/.local/lib/python3.7/site-packages/airflow/example_dags/example_external_task_marker_dag.py for tasks to queue
[2023-07-05T12:52:31.757+0000] {logging_mixin.py:149} INFO - [2023-07-05T12:52:31.757+0000] {dagbag.py:541} INFO - Filling up the DagBag from /home/airflow/.local/lib/python3.7/site-packages/airflow/example_dags/example_external_task_marker_dag.py
[2023-07-05T12:52:31.764+0000] {processor.py:836} INFO - DAG(s) dict_keys(['example_external_task_marker_child', 'example_external_task_marker_parent']) retrieved from /home/airflow/.local/lib/python3.7/site-packages/airflow/example_dags/example_external_task_marker_dag.py
[2023-07-05T12:52:31.808+0000] {logging_mixin.py:149} INFO - [2023-07-05T12:52:31.807+0000] {dag.py:2726} INFO - Sync 2 DAGs
[2023-07-05T12:52:31.849+0000] {logging_mixin.py:149} INFO - [2023-07-05T12:52:31.849+0000] {dag.py:3490} INFO - Setting next_dagrun for example_external_task_marker_child to None, run_after=None
[2023-07-05T12:52:31.857+0000] {logging_mixin.py:149} INFO - [2023-07-05T12:52:31.857+0000] {dag.py:3490} INFO - Setting next_dagrun for example_external_task_marker_parent to None, run_after=None
[2023-07-05T12:52:32.250+0000] {processor.py:179} INFO - Processing /home/airflow/.local/lib/python3.7/site-packages/airflow/example_dags/example_external_task_marker_dag.py took 0.500 seconds
[2023-07-05T12:53:02.391+0000] {processor.py:157} INFO - Started process (PID=378) to work on /home/airflow/.local/lib/python3.7/site-packages/airflow/example_dags/example_external_task_marker_dag.py
[2023-07-05T12:53:02.393+0000] {processor.py:826} INFO - Processing file /home/airflow/.local/lib/python3.7/site-packages/airflow/example_dags/example_external_task_marker_dag.py for tasks to queue
[2023-07-05T12:53:02.396+0000] {logging_mixin.py:149} INFO - [2023-07-05T12:53:02.396+0000] {dagbag.py:541} INFO - Filling up the DagBag from /home/airflow/.local/lib/python3.7/site-packages/airflow/example_dags/example_external_task_marker_dag.py
[2023-07-05T12:53:02.405+0000] {processor.py:836} INFO - DAG(s) dict_keys(['example_external_task_marker_parent', 'example_external_task_marker_child']) retrieved from /home/airflow/.local/lib/python3.7/site-packages/airflow/example_dags/example_external_task_marker_dag.py
[2023-07-05T12:53:02.461+0000] {logging_mixin.py:149} INFO - [2023-07-05T12:53:02.461+0000] {dag.py:2726} INFO - Sync 2 DAGs
[2023-07-05T12:53:02.508+0000] {logging_mixin.py:149} INFO - [2023-07-05T12:53:02.508+0000] {dag.py:3490} INFO - Setting next_dagrun for example_external_task_marker_child to None, run_after=None
[2023-07-05T12:53:02.514+0000] {logging_mixin.py:149} INFO - [2023-07-05T12:53:02.513+0000] {dag.py:3490} INFO - Setting next_dagrun for example_external_task_marker_parent to None, run_after=None
[2023-07-05T12:53:02.542+0000] {processor.py:179} INFO - Processing /home/airflow/.local/lib/python3.7/site-packages/airflow/example_dags/example_external_task_marker_dag.py took 0.160 seconds
[2023-07-05T12:53:33.011+0000] {processor.py:157} INFO - Started process (PID=435) to work on /home/airflow/.local/lib/python3.7/site-packages/airflow/example_dags/example_external_task_marker_dag.py
[2023-07-05T12:53:33.013+0000] {processor.py:826} INFO - Processing file /home/airflow/.local/lib/python3.7/site-packages/airflow/example_dags/example_external_task_marker_dag.py for tasks to queue
[2023-07-05T12:53:33.014+0000] {logging_mixin.py:149} INFO - [2023-07-05T12:53:33.014+0000] {dagbag.py:541} INFO - Filling up the DagBag from /home/airflow/.local/lib/python3.7/site-packages/airflow/example_dags/example_external_task_marker_dag.py
[2023-07-05T12:53:33.023+0000] {processor.py:836} INFO - DAG(s) dict_keys(['example_external_task_marker_parent', 'example_external_task_marker_child']) retrieved from /home/airflow/.local/lib/python3.7/site-packages/airflow/example_dags/example_external_task_marker_dag.py
[2023-07-05T12:53:33.069+0000] {logging_mixin.py:149} INFO - [2023-07-05T12:53:33.069+0000] {dag.py:2726} INFO - Sync 2 DAGs
[2023-07-05T12:53:33.274+0000] {logging_mixin.py:149} INFO - [2023-07-05T12:53:33.274+0000] {dag.py:3490} INFO - Setting next_dagrun for example_external_task_marker_child to None, run_after=None
[2023-07-05T12:53:33.279+0000] {logging_mixin.py:149} INFO - [2023-07-05T12:53:33.279+0000] {dag.py:3490} INFO - Setting next_dagrun for example_external_task_marker_parent to None, run_after=None
[2023-07-05T12:53:33.304+0000] {processor.py:179} INFO - Processing /home/airflow/.local/lib/python3.7/site-packages/airflow/example_dags/example_external_task_marker_dag.py took 0.297 seconds
[2023-07-05T12:54:03.524+0000] {processor.py:157} INFO - Started process (PID=492) to work on /home/airflow/.local/lib/python3.7/site-packages/airflow/example_dags/example_external_task_marker_dag.py
[2023-07-05T12:54:03.525+0000] {processor.py:826} INFO - Processing file /home/airflow/.local/lib/python3.7/site-packages/airflow/example_dags/example_external_task_marker_dag.py for tasks to queue
[2023-07-05T12:54:03.526+0000] {logging_mixin.py:149} INFO - [2023-07-05T12:54:03.526+0000] {dagbag.py:541} INFO - Filling up the DagBag from /home/airflow/.local/lib/python3.7/site-packages/airflow/example_dags/example_external_task_marker_dag.py
[2023-07-05T12:54:03.533+0000] {processor.py:836} INFO - DAG(s) dict_keys(['example_external_task_marker_parent', 'example_external_task_marker_child']) retrieved from /home/airflow/.local/lib/python3.7/site-packages/airflow/example_dags/example_external_task_marker_dag.py
[2023-07-05T12:54:03.575+0000] {logging_mixin.py:149} INFO - [2023-07-05T12:54:03.575+0000] {dag.py:2726} INFO - Sync 2 DAGs
[2023-07-05T12:54:03.621+0000] {logging_mixin.py:149} INFO - [2023-07-05T12:54:03.620+0000] {dag.py:3490} INFO - Setting next_dagrun for example_external_task_marker_child to None, run_after=None
[2023-07-05T12:54:03.627+0000] {logging_mixin.py:149} INFO - [2023-07-05T12:54:03.627+0000] {dag.py:3490} INFO - Setting next_dagrun for example_external_task_marker_parent to None, run_after=None
[2023-07-05T12:54:03.658+0000] {processor.py:179} INFO - Processing /home/airflow/.local/lib/python3.7/site-packages/airflow/example_dags/example_external_task_marker_dag.py took 0.139 seconds
[2023-07-05T12:54:33.761+0000] {processor.py:157} INFO - Started process (PID=549) to work on /home/airflow/.local/lib/python3.7/site-packages/airflow/example_dags/example_external_task_marker_dag.py
[2023-07-05T12:54:33.762+0000] {processor.py:826} INFO - Processing file /home/airflow/.local/lib/python3.7/site-packages/airflow/example_dags/example_external_task_marker_dag.py for tasks to queue
[2023-07-05T12:54:33.763+0000] {logging_mixin.py:149} INFO - [2023-07-05T12:54:33.763+0000] {dagbag.py:541} INFO - Filling up the DagBag from /home/airflow/.local/lib/python3.7/site-packages/airflow/example_dags/example_external_task_marker_dag.py
[2023-07-05T12:54:33.770+0000] {processor.py:836} INFO - DAG(s) dict_keys(['example_external_task_marker_parent', 'example_external_task_marker_child']) retrieved from /home/airflow/.local/lib/python3.7/site-packages/airflow/example_dags/example_external_task_marker_dag.py
[2023-07-05T12:54:33.813+0000] {logging_mixin.py:149} INFO - [2023-07-05T12:54:33.813+0000] {dag.py:2726} INFO - Sync 2 DAGs
[2023-07-05T12:54:33.864+0000] {logging_mixin.py:149} INFO - [2023-07-05T12:54:33.864+0000] {dag.py:3490} INFO - Setting next_dagrun for example_external_task_marker_child to None, run_after=None
[2023-07-05T12:54:33.869+0000] {logging_mixin.py:149} INFO - [2023-07-05T12:54:33.869+0000] {dag.py:3490} INFO - Setting next_dagrun for example_external_task_marker_parent to None, run_after=None
[2023-07-05T12:54:33.898+0000] {processor.py:179} INFO - Processing /home/airflow/.local/lib/python3.7/site-packages/airflow/example_dags/example_external_task_marker_dag.py took 0.141 seconds
[2023-07-05T12:55:04.471+0000] {processor.py:157} INFO - Started process (PID=606) to work on /home/airflow/.local/lib/python3.7/site-packages/airflow/example_dags/example_external_task_marker_dag.py
[2023-07-05T12:55:04.473+0000] {processor.py:826} INFO - Processing file /home/airflow/.local/lib/python3.7/site-packages/airflow/example_dags/example_external_task_marker_dag.py for tasks to queue
[2023-07-05T12:55:04.474+0000] {logging_mixin.py:149} INFO - [2023-07-05T12:55:04.473+0000] {dagbag.py:541} INFO - Filling up the DagBag from /home/airflow/.local/lib/python3.7/site-packages/airflow/example_dags/example_external_task_marker_dag.py
[2023-07-05T12:55:04.481+0000] {processor.py:836} INFO - DAG(s) dict_keys(['example_external_task_marker_child', 'example_external_task_marker_parent']) retrieved from /home/airflow/.local/lib/python3.7/site-packages/airflow/example_dags/example_external_task_marker_dag.py
[2023-07-05T12:55:04.539+0000] {logging_mixin.py:149} INFO - [2023-07-05T12:55:04.539+0000] {dag.py:2726} INFO - Sync 2 DAGs
[2023-07-05T12:55:04.765+0000] {logging_mixin.py:149} INFO - [2023-07-05T12:55:04.765+0000] {dag.py:3490} INFO - Setting next_dagrun for example_external_task_marker_child to None, run_after=None
[2023-07-05T12:55:04.771+0000] {logging_mixin.py:149} INFO - [2023-07-05T12:55:04.771+0000] {dag.py:3490} INFO - Setting next_dagrun for example_external_task_marker_parent to None, run_after=None
[2023-07-05T12:55:04.802+0000] {processor.py:179} INFO - Processing /home/airflow/.local/lib/python3.7/site-packages/airflow/example_dags/example_external_task_marker_dag.py took 0.334 seconds
[2023-07-05T12:55:35.590+0000] {processor.py:157} INFO - Started process (PID=663) to work on /home/airflow/.local/lib/python3.7/site-packages/airflow/example_dags/example_external_task_marker_dag.py
[2023-07-05T12:55:35.591+0000] {processor.py:826} INFO - Processing file /home/airflow/.local/lib/python3.7/site-packages/airflow/example_dags/example_external_task_marker_dag.py for tasks to queue
[2023-07-05T12:55:35.592+0000] {logging_mixin.py:149} INFO - [2023-07-05T12:55:35.592+0000] {dagbag.py:541} INFO - Filling up the DagBag from /home/airflow/.local/lib/python3.7/site-packages/airflow/example_dags/example_external_task_marker_dag.py
[2023-07-05T12:55:35.598+0000] {processor.py:836} INFO - DAG(s) dict_keys(['example_external_task_marker_parent', 'example_external_task_marker_child']) retrieved from /home/airflow/.local/lib/python3.7/site-packages/airflow/example_dags/example_external_task_marker_dag.py
[2023-07-05T12:55:35.635+0000] {logging_mixin.py:149} INFO - [2023-07-05T12:55:35.635+0000] {dag.py:2726} INFO - Sync 2 DAGs
[2023-07-05T12:55:35.667+0000] {logging_mixin.py:149} INFO - [2023-07-05T12:55:35.667+0000] {dag.py:3490} INFO - Setting next_dagrun for example_external_task_marker_child to None, run_after=None
[2023-07-05T12:55:35.673+0000] {logging_mixin.py:149} INFO - [2023-07-05T12:55:35.673+0000] {dag.py:3490} INFO - Setting next_dagrun for example_external_task_marker_parent to None, run_after=None
[2023-07-05T12:55:35.695+0000] {processor.py:179} INFO - Processing /home/airflow/.local/lib/python3.7/site-packages/airflow/example_dags/example_external_task_marker_dag.py took 0.109 seconds
[2023-07-05T12:56:05.825+0000] {processor.py:157} INFO - Started process (PID=720) to work on /home/airflow/.local/lib/python3.7/site-packages/airflow/example_dags/example_external_task_marker_dag.py
[2023-07-05T12:56:05.826+0000] {processor.py:826} INFO - Processing file /home/airflow/.local/lib/python3.7/site-packages/airflow/example_dags/example_external_task_marker_dag.py for tasks to queue
[2023-07-05T12:56:05.827+0000] {logging_mixin.py:149} INFO - [2023-07-05T12:56:05.827+0000] {dagbag.py:541} INFO - Filling up the DagBag from /home/airflow/.local/lib/python3.7/site-packages/airflow/example_dags/example_external_task_marker_dag.py
[2023-07-05T12:56:05.834+0000] {processor.py:836} INFO - DAG(s) dict_keys(['example_external_task_marker_parent', 'example_external_task_marker_child']) retrieved from /home/airflow/.local/lib/python3.7/site-packages/airflow/example_dags/example_external_task_marker_dag.py
[2023-07-05T12:56:06.073+0000] {logging_mixin.py:149} INFO - [2023-07-05T12:56:06.073+0000] {dag.py:2726} INFO - Sync 2 DAGs
[2023-07-05T12:56:06.113+0000] {logging_mixin.py:149} INFO - [2023-07-05T12:56:06.112+0000] {dag.py:3490} INFO - Setting next_dagrun for example_external_task_marker_child to None, run_after=None
[2023-07-05T12:56:06.120+0000] {logging_mixin.py:149} INFO - [2023-07-05T12:56:06.120+0000] {dag.py:3490} INFO - Setting next_dagrun for example_external_task_marker_parent to None, run_after=None
[2023-07-05T12:56:06.147+0000] {processor.py:179} INFO - Processing /home/airflow/.local/lib/python3.7/site-packages/airflow/example_dags/example_external_task_marker_dag.py took 0.327 seconds
[2023-07-05T12:56:36.571+0000] {processor.py:157} INFO - Started process (PID=776) to work on /home/airflow/.local/lib/python3.7/site-packages/airflow/example_dags/example_external_task_marker_dag.py
[2023-07-05T12:56:36.574+0000] {processor.py:826} INFO - Processing file /home/airflow/.local/lib/python3.7/site-packages/airflow/example_dags/example_external_task_marker_dag.py for tasks to queue
[2023-07-05T12:56:36.575+0000] {logging_mixin.py:149} INFO - [2023-07-05T12:56:36.575+0000] {dagbag.py:541} INFO - Filling up the DagBag from /home/airflow/.local/lib/python3.7/site-packages/airflow/example_dags/example_external_task_marker_dag.py
[2023-07-05T12:56:36.582+0000] {processor.py:836} INFO - DAG(s) dict_keys(['example_external_task_marker_child', 'example_external_task_marker_parent']) retrieved from /home/airflow/.local/lib/python3.7/site-packages/airflow/example_dags/example_external_task_marker_dag.py
[2023-07-05T12:56:36.624+0000] {logging_mixin.py:149} INFO - [2023-07-05T12:56:36.624+0000] {dag.py:2726} INFO - Sync 2 DAGs
[2023-07-05T12:56:36.659+0000] {logging_mixin.py:149} INFO - [2023-07-05T12:56:36.658+0000] {dag.py:3490} INFO - Setting next_dagrun for example_external_task_marker_child to None, run_after=None
[2023-07-05T12:56:36.664+0000] {logging_mixin.py:149} INFO - [2023-07-05T12:56:36.664+0000] {dag.py:3490} INFO - Setting next_dagrun for example_external_task_marker_parent to None, run_after=None
[2023-07-05T12:56:36.695+0000] {processor.py:179} INFO - Processing /home/airflow/.local/lib/python3.7/site-packages/airflow/example_dags/example_external_task_marker_dag.py took 0.130 seconds
[2023-07-05T12:57:06.976+0000] {processor.py:157} INFO - Started process (PID=832) to work on /home/airflow/.local/lib/python3.7/site-packages/airflow/example_dags/example_external_task_marker_dag.py
[2023-07-05T12:57:06.978+0000] {processor.py:826} INFO - Processing file /home/airflow/.local/lib/python3.7/site-packages/airflow/example_dags/example_external_task_marker_dag.py for tasks to queue
[2023-07-05T12:57:06.979+0000] {logging_mixin.py:149} INFO - [2023-07-05T12:57:06.979+0000] {dagbag.py:541} INFO - Filling up the DagBag from /home/airflow/.local/lib/python3.7/site-packages/airflow/example_dags/example_external_task_marker_dag.py
[2023-07-05T12:57:06.987+0000] {processor.py:836} INFO - DAG(s) dict_keys(['example_external_task_marker_parent', 'example_external_task_marker_child']) retrieved from /home/airflow/.local/lib/python3.7/site-packages/airflow/example_dags/example_external_task_marker_dag.py
[2023-07-05T12:57:07.033+0000] {logging_mixin.py:149} INFO - [2023-07-05T12:57:07.033+0000] {dag.py:2726} INFO - Sync 2 DAGs
[2023-07-05T12:57:07.077+0000] {logging_mixin.py:149} INFO - [2023-07-05T12:57:07.077+0000] {dag.py:3490} INFO - Setting next_dagrun for example_external_task_marker_child to None, run_after=None
[2023-07-05T12:57:07.083+0000] {logging_mixin.py:149} INFO - [2023-07-05T12:57:07.083+0000] {dag.py:3490} INFO - Setting next_dagrun for example_external_task_marker_parent to None, run_after=None
[2023-07-05T12:57:07.127+0000] {processor.py:179} INFO - Processing /home/airflow/.local/lib/python3.7/site-packages/airflow/example_dags/example_external_task_marker_dag.py took 0.156 seconds
[2023-07-05T12:57:37.651+0000] {processor.py:157} INFO - Started process (PID=889) to work on /home/airflow/.local/lib/python3.7/site-packages/airflow/example_dags/example_external_task_marker_dag.py
[2023-07-05T12:57:37.652+0000] {processor.py:826} INFO - Processing file /home/airflow/.local/lib/python3.7/site-packages/airflow/example_dags/example_external_task_marker_dag.py for tasks to queue
[2023-07-05T12:57:37.653+0000] {logging_mixin.py:149} INFO - [2023-07-05T12:57:37.653+0000] {dagbag.py:541} INFO - Filling up the DagBag from /home/airflow/.local/lib/python3.7/site-packages/airflow/example_dags/example_external_task_marker_dag.py
[2023-07-05T12:57:37.659+0000] {processor.py:836} INFO - DAG(s) dict_keys(['example_external_task_marker_parent', 'example_external_task_marker_child']) retrieved from /home/airflow/.local/lib/python3.7/site-packages/airflow/example_dags/example_external_task_marker_dag.py
[2023-07-05T12:57:37.696+0000] {logging_mixin.py:149} INFO - [2023-07-05T12:57:37.696+0000] {dag.py:2726} INFO - Sync 2 DAGs
[2023-07-05T12:57:37.732+0000] {logging_mixin.py:149} INFO - [2023-07-05T12:57:37.732+0000] {dag.py:3490} INFO - Setting next_dagrun for example_external_task_marker_child to None, run_after=None
[2023-07-05T12:57:37.737+0000] {logging_mixin.py:149} INFO - [2023-07-05T12:57:37.737+0000] {dag.py:3490} INFO - Setting next_dagrun for example_external_task_marker_parent to None, run_after=None
[2023-07-05T12:57:37.760+0000] {processor.py:179} INFO - Processing /home/airflow/.local/lib/python3.7/site-packages/airflow/example_dags/example_external_task_marker_dag.py took 0.114 seconds
[2023-07-05T12:58:07.881+0000] {processor.py:157} INFO - Started process (PID=945) to work on /home/airflow/.local/lib/python3.7/site-packages/airflow/example_dags/example_external_task_marker_dag.py
[2023-07-05T12:58:07.884+0000] {processor.py:826} INFO - Processing file /home/airflow/.local/lib/python3.7/site-packages/airflow/example_dags/example_external_task_marker_dag.py for tasks to queue
[2023-07-05T12:58:07.885+0000] {logging_mixin.py:149} INFO - [2023-07-05T12:58:07.885+0000] {dagbag.py:541} INFO - Filling up the DagBag from /home/airflow/.local/lib/python3.7/site-packages/airflow/example_dags/example_external_task_marker_dag.py
[2023-07-05T12:58:07.895+0000] {processor.py:836} INFO - DAG(s) dict_keys(['example_external_task_marker_parent', 'example_external_task_marker_child']) retrieved from /home/airflow/.local/lib/python3.7/site-packages/airflow/example_dags/example_external_task_marker_dag.py
[2023-07-05T12:58:07.957+0000] {logging_mixin.py:149} INFO - [2023-07-05T12:58:07.957+0000] {dag.py:2726} INFO - Sync 2 DAGs
[2023-07-05T12:58:08.001+0000] {logging_mixin.py:149} INFO - [2023-07-05T12:58:08.001+0000] {dag.py:3490} INFO - Setting next_dagrun for example_external_task_marker_child to None, run_after=None
[2023-07-05T12:58:08.011+0000] {logging_mixin.py:149} INFO - [2023-07-05T12:58:08.011+0000] {dag.py:3490} INFO - Setting next_dagrun for example_external_task_marker_parent to None, run_after=None
[2023-07-05T12:58:08.066+0000] {processor.py:179} INFO - Processing /home/airflow/.local/lib/python3.7/site-packages/airflow/example_dags/example_external_task_marker_dag.py took 0.188 seconds
[2023-07-05T12:58:38.303+0000] {processor.py:157} INFO - Started process (PID=1002) to work on /home/airflow/.local/lib/python3.7/site-packages/airflow/example_dags/example_external_task_marker_dag.py
[2023-07-05T12:58:38.304+0000] {processor.py:826} INFO - Processing file /home/airflow/.local/lib/python3.7/site-packages/airflow/example_dags/example_external_task_marker_dag.py for tasks to queue
[2023-07-05T12:58:38.305+0000] {logging_mixin.py:149} INFO - [2023-07-05T12:58:38.304+0000] {dagbag.py:541} INFO - Filling up the DagBag from /home/airflow/.local/lib/python3.7/site-packages/airflow/example_dags/example_external_task_marker_dag.py
[2023-07-05T12:58:38.311+0000] {processor.py:836} INFO - DAG(s) dict_keys(['example_external_task_marker_parent', 'example_external_task_marker_child']) retrieved from /home/airflow/.local/lib/python3.7/site-packages/airflow/example_dags/example_external_task_marker_dag.py
[2023-07-05T12:58:38.345+0000] {logging_mixin.py:149} INFO - [2023-07-05T12:58:38.345+0000] {dag.py:2726} INFO - Sync 2 DAGs
[2023-07-05T12:58:38.385+0000] {logging_mixin.py:149} INFO - [2023-07-05T12:58:38.385+0000] {dag.py:3490} INFO - Setting next_dagrun for example_external_task_marker_child to None, run_after=None
[2023-07-05T12:58:38.391+0000] {logging_mixin.py:149} INFO - [2023-07-05T12:58:38.391+0000] {dag.py:3490} INFO - Setting next_dagrun for example_external_task_marker_parent to None, run_after=None
[2023-07-05T12:58:38.417+0000] {processor.py:179} INFO - Processing /home/airflow/.local/lib/python3.7/site-packages/airflow/example_dags/example_external_task_marker_dag.py took 0.118 seconds
[2023-07-05T12:59:08.733+0000] {processor.py:157} INFO - Started process (PID=1058) to work on /home/airflow/.local/lib/python3.7/site-packages/airflow/example_dags/example_external_task_marker_dag.py
[2023-07-05T12:59:08.735+0000] {processor.py:826} INFO - Processing file /home/airflow/.local/lib/python3.7/site-packages/airflow/example_dags/example_external_task_marker_dag.py for tasks to queue
[2023-07-05T12:59:08.737+0000] {logging_mixin.py:149} INFO - [2023-07-05T12:59:08.737+0000] {dagbag.py:541} INFO - Filling up the DagBag from /home/airflow/.local/lib/python3.7/site-packages/airflow/example_dags/example_external_task_marker_dag.py
[2023-07-05T12:59:08.745+0000] {processor.py:836} INFO - DAG(s) dict_keys(['example_external_task_marker_parent', 'example_external_task_marker_child']) retrieved from /home/airflow/.local/lib/python3.7/site-packages/airflow/example_dags/example_external_task_marker_dag.py
[2023-07-05T12:59:08.794+0000] {logging_mixin.py:149} INFO - [2023-07-05T12:59:08.793+0000] {dag.py:2726} INFO - Sync 2 DAGs
[2023-07-05T12:59:08.841+0000] {logging_mixin.py:149} INFO - [2023-07-05T12:59:08.841+0000] {dag.py:3490} INFO - Setting next_dagrun for example_external_task_marker_child to None, run_after=None
[2023-07-05T12:59:08.848+0000] {logging_mixin.py:149} INFO - [2023-07-05T12:59:08.847+0000] {dag.py:3490} INFO - Setting next_dagrun for example_external_task_marker_parent to None, run_after=None
[2023-07-05T12:59:08.880+0000] {processor.py:179} INFO - Processing /home/airflow/.local/lib/python3.7/site-packages/airflow/example_dags/example_external_task_marker_dag.py took 0.151 seconds
[2023-07-05T12:59:39.333+0000] {processor.py:157} INFO - Started process (PID=1115) to work on /home/airflow/.local/lib/python3.7/site-packages/airflow/example_dags/example_external_task_marker_dag.py
[2023-07-05T12:59:39.334+0000] {processor.py:826} INFO - Processing file /home/airflow/.local/lib/python3.7/site-packages/airflow/example_dags/example_external_task_marker_dag.py for tasks to queue
[2023-07-05T12:59:39.335+0000] {logging_mixin.py:149} INFO - [2023-07-05T12:59:39.335+0000] {dagbag.py:541} INFO - Filling up the DagBag from /home/airflow/.local/lib/python3.7/site-packages/airflow/example_dags/example_external_task_marker_dag.py
[2023-07-05T12:59:39.343+0000] {processor.py:836} INFO - DAG(s) dict_keys(['example_external_task_marker_child', 'example_external_task_marker_parent']) retrieved from /home/airflow/.local/lib/python3.7/site-packages/airflow/example_dags/example_external_task_marker_dag.py
[2023-07-05T12:59:39.385+0000] {logging_mixin.py:149} INFO - [2023-07-05T12:59:39.384+0000] {dag.py:2726} INFO - Sync 2 DAGs
[2023-07-05T12:59:39.420+0000] {logging_mixin.py:149} INFO - [2023-07-05T12:59:39.420+0000] {dag.py:3490} INFO - Setting next_dagrun for example_external_task_marker_child to None, run_after=None
[2023-07-05T12:59:39.426+0000] {logging_mixin.py:149} INFO - [2023-07-05T12:59:39.426+0000] {dag.py:3490} INFO - Setting next_dagrun for example_external_task_marker_parent to None, run_after=None
[2023-07-05T12:59:39.453+0000] {processor.py:179} INFO - Processing /home/airflow/.local/lib/python3.7/site-packages/airflow/example_dags/example_external_task_marker_dag.py took 0.124 seconds
[2023-07-05T13:00:09.636+0000] {processor.py:157} INFO - Started process (PID=1172) to work on /home/airflow/.local/lib/python3.7/site-packages/airflow/example_dags/example_external_task_marker_dag.py
[2023-07-05T13:00:09.641+0000] {processor.py:826} INFO - Processing file /home/airflow/.local/lib/python3.7/site-packages/airflow/example_dags/example_external_task_marker_dag.py for tasks to queue
[2023-07-05T13:00:09.642+0000] {logging_mixin.py:149} INFO - [2023-07-05T13:00:09.642+0000] {dagbag.py:541} INFO - Filling up the DagBag from /home/airflow/.local/lib/python3.7/site-packages/airflow/example_dags/example_external_task_marker_dag.py
[2023-07-05T13:00:09.650+0000] {processor.py:836} INFO - DAG(s) dict_keys(['example_external_task_marker_parent', 'example_external_task_marker_child']) retrieved from /home/airflow/.local/lib/python3.7/site-packages/airflow/example_dags/example_external_task_marker_dag.py
[2023-07-05T13:00:09.698+0000] {logging_mixin.py:149} INFO - [2023-07-05T13:00:09.698+0000] {dag.py:2726} INFO - Sync 2 DAGs
[2023-07-05T13:00:09.744+0000] {logging_mixin.py:149} INFO - [2023-07-05T13:00:09.744+0000] {dag.py:3490} INFO - Setting next_dagrun for example_external_task_marker_child to None, run_after=None
[2023-07-05T13:00:09.750+0000] {logging_mixin.py:149} INFO - [2023-07-05T13:00:09.750+0000] {dag.py:3490} INFO - Setting next_dagrun for example_external_task_marker_parent to None, run_after=None
[2023-07-05T13:00:09.787+0000] {processor.py:179} INFO - Processing /home/airflow/.local/lib/python3.7/site-packages/airflow/example_dags/example_external_task_marker_dag.py took 0.156 seconds
[2023-07-05T13:00:39.896+0000] {processor.py:157} INFO - Started process (PID=1229) to work on /home/airflow/.local/lib/python3.7/site-packages/airflow/example_dags/example_external_task_marker_dag.py
[2023-07-05T13:00:39.898+0000] {processor.py:826} INFO - Processing file /home/airflow/.local/lib/python3.7/site-packages/airflow/example_dags/example_external_task_marker_dag.py for tasks to queue
[2023-07-05T13:00:39.899+0000] {logging_mixin.py:149} INFO - [2023-07-05T13:00:39.899+0000] {dagbag.py:541} INFO - Filling up the DagBag from /home/airflow/.local/lib/python3.7/site-packages/airflow/example_dags/example_external_task_marker_dag.py
[2023-07-05T13:00:39.907+0000] {processor.py:836} INFO - DAG(s) dict_keys(['example_external_task_marker_parent', 'example_external_task_marker_child']) retrieved from /home/airflow/.local/lib/python3.7/site-packages/airflow/example_dags/example_external_task_marker_dag.py
[2023-07-05T13:00:39.958+0000] {logging_mixin.py:149} INFO - [2023-07-05T13:00:39.957+0000] {dag.py:2726} INFO - Sync 2 DAGs
[2023-07-05T13:00:39.998+0000] {logging_mixin.py:149} INFO - [2023-07-05T13:00:39.998+0000] {dag.py:3490} INFO - Setting next_dagrun for example_external_task_marker_child to None, run_after=None
[2023-07-05T13:00:40.003+0000] {logging_mixin.py:149} INFO - [2023-07-05T13:00:40.003+0000] {dag.py:3490} INFO - Setting next_dagrun for example_external_task_marker_parent to None, run_after=None
[2023-07-05T13:00:40.035+0000] {processor.py:179} INFO - Processing /home/airflow/.local/lib/python3.7/site-packages/airflow/example_dags/example_external_task_marker_dag.py took 0.143 seconds
[2023-07-05T13:01:10.426+0000] {processor.py:157} INFO - Started process (PID=1286) to work on /home/airflow/.local/lib/python3.7/site-packages/airflow/example_dags/example_external_task_marker_dag.py
[2023-07-05T13:01:10.427+0000] {processor.py:826} INFO - Processing file /home/airflow/.local/lib/python3.7/site-packages/airflow/example_dags/example_external_task_marker_dag.py for tasks to queue
[2023-07-05T13:01:10.428+0000] {logging_mixin.py:149} INFO - [2023-07-05T13:01:10.428+0000] {dagbag.py:541} INFO - Filling up the DagBag from /home/airflow/.local/lib/python3.7/site-packages/airflow/example_dags/example_external_task_marker_dag.py
[2023-07-05T13:01:10.438+0000] {processor.py:836} INFO - DAG(s) dict_keys(['example_external_task_marker_parent', 'example_external_task_marker_child']) retrieved from /home/airflow/.local/lib/python3.7/site-packages/airflow/example_dags/example_external_task_marker_dag.py
[2023-07-05T13:01:10.481+0000] {logging_mixin.py:149} INFO - [2023-07-05T13:01:10.481+0000] {dag.py:2726} INFO - Sync 2 DAGs
[2023-07-05T13:01:10.522+0000] {logging_mixin.py:149} INFO - [2023-07-05T13:01:10.521+0000] {dag.py:3490} INFO - Setting next_dagrun for example_external_task_marker_child to None, run_after=None
[2023-07-05T13:01:10.527+0000] {logging_mixin.py:149} INFO - [2023-07-05T13:01:10.526+0000] {dag.py:3490} INFO - Setting next_dagrun for example_external_task_marker_parent to None, run_after=None
[2023-07-05T13:01:10.553+0000] {processor.py:179} INFO - Processing /home/airflow/.local/lib/python3.7/site-packages/airflow/example_dags/example_external_task_marker_dag.py took 0.132 seconds
[2023-07-05T13:01:40.720+0000] {processor.py:157} INFO - Started process (PID=1344) to work on /home/airflow/.local/lib/python3.7/site-packages/airflow/example_dags/example_external_task_marker_dag.py
[2023-07-05T13:01:40.721+0000] {processor.py:826} INFO - Processing file /home/airflow/.local/lib/python3.7/site-packages/airflow/example_dags/example_external_task_marker_dag.py for tasks to queue
[2023-07-05T13:01:40.723+0000] {logging_mixin.py:149} INFO - [2023-07-05T13:01:40.723+0000] {dagbag.py:541} INFO - Filling up the DagBag from /home/airflow/.local/lib/python3.7/site-packages/airflow/example_dags/example_external_task_marker_dag.py
[2023-07-05T13:01:40.733+0000] {processor.py:836} INFO - DAG(s) dict_keys(['example_external_task_marker_child', 'example_external_task_marker_parent']) retrieved from /home/airflow/.local/lib/python3.7/site-packages/airflow/example_dags/example_external_task_marker_dag.py
[2023-07-05T13:01:40.780+0000] {logging_mixin.py:149} INFO - [2023-07-05T13:01:40.780+0000] {dag.py:2726} INFO - Sync 2 DAGs
[2023-07-05T13:01:40.823+0000] {logging_mixin.py:149} INFO - [2023-07-05T13:01:40.823+0000] {dag.py:3490} INFO - Setting next_dagrun for example_external_task_marker_child to None, run_after=None
[2023-07-05T13:01:40.829+0000] {logging_mixin.py:149} INFO - [2023-07-05T13:01:40.828+0000] {dag.py:3490} INFO - Setting next_dagrun for example_external_task_marker_parent to None, run_after=None
[2023-07-05T13:01:40.853+0000] {processor.py:179} INFO - Processing /home/airflow/.local/lib/python3.7/site-packages/airflow/example_dags/example_external_task_marker_dag.py took 0.140 seconds
[2023-07-05T13:02:11.211+0000] {processor.py:157} INFO - Started process (PID=1401) to work on /home/airflow/.local/lib/python3.7/site-packages/airflow/example_dags/example_external_task_marker_dag.py
[2023-07-05T13:02:11.212+0000] {processor.py:826} INFO - Processing file /home/airflow/.local/lib/python3.7/site-packages/airflow/example_dags/example_external_task_marker_dag.py for tasks to queue
[2023-07-05T13:02:11.213+0000] {logging_mixin.py:149} INFO - [2023-07-05T13:02:11.213+0000] {dagbag.py:541} INFO - Filling up the DagBag from /home/airflow/.local/lib/python3.7/site-packages/airflow/example_dags/example_external_task_marker_dag.py
[2023-07-05T13:02:11.218+0000] {processor.py:836} INFO - DAG(s) dict_keys(['example_external_task_marker_parent', 'example_external_task_marker_child']) retrieved from /home/airflow/.local/lib/python3.7/site-packages/airflow/example_dags/example_external_task_marker_dag.py
[2023-07-05T13:02:11.263+0000] {logging_mixin.py:149} INFO - [2023-07-05T13:02:11.263+0000] {dag.py:2726} INFO - Sync 2 DAGs
[2023-07-05T13:02:11.305+0000] {logging_mixin.py:149} INFO - [2023-07-05T13:02:11.305+0000] {dag.py:3490} INFO - Setting next_dagrun for example_external_task_marker_child to None, run_after=None
[2023-07-05T13:02:11.311+0000] {logging_mixin.py:149} INFO - [2023-07-05T13:02:11.311+0000] {dag.py:3490} INFO - Setting next_dagrun for example_external_task_marker_parent to None, run_after=None
[2023-07-05T13:02:11.340+0000] {processor.py:179} INFO - Processing /home/airflow/.local/lib/python3.7/site-packages/airflow/example_dags/example_external_task_marker_dag.py took 0.134 seconds
[2023-07-05T13:02:41.456+0000] {processor.py:157} INFO - Started process (PID=1458) to work on /home/airflow/.local/lib/python3.7/site-packages/airflow/example_dags/example_external_task_marker_dag.py
[2023-07-05T13:02:41.459+0000] {processor.py:826} INFO - Processing file /home/airflow/.local/lib/python3.7/site-packages/airflow/example_dags/example_external_task_marker_dag.py for tasks to queue
[2023-07-05T13:02:41.460+0000] {logging_mixin.py:149} INFO - [2023-07-05T13:02:41.460+0000] {dagbag.py:541} INFO - Filling up the DagBag from /home/airflow/.local/lib/python3.7/site-packages/airflow/example_dags/example_external_task_marker_dag.py
[2023-07-05T13:02:41.467+0000] {processor.py:836} INFO - DAG(s) dict_keys(['example_external_task_marker_child', 'example_external_task_marker_parent']) retrieved from /home/airflow/.local/lib/python3.7/site-packages/airflow/example_dags/example_external_task_marker_dag.py
[2023-07-05T13:02:41.541+0000] {logging_mixin.py:149} INFO - [2023-07-05T13:02:41.541+0000] {dag.py:2726} INFO - Sync 2 DAGs
[2023-07-05T13:02:41.581+0000] {logging_mixin.py:149} INFO - [2023-07-05T13:02:41.581+0000] {dag.py:3490} INFO - Setting next_dagrun for example_external_task_marker_child to None, run_after=None
[2023-07-05T13:02:41.586+0000] {logging_mixin.py:149} INFO - [2023-07-05T13:02:41.586+0000] {dag.py:3490} INFO - Setting next_dagrun for example_external_task_marker_parent to None, run_after=None
[2023-07-05T13:02:41.612+0000] {processor.py:179} INFO - Processing /home/airflow/.local/lib/python3.7/site-packages/airflow/example_dags/example_external_task_marker_dag.py took 0.161 seconds
[2023-07-05T13:03:11.706+0000] {processor.py:157} INFO - Started process (PID=1515) to work on /home/airflow/.local/lib/python3.7/site-packages/airflow/example_dags/example_external_task_marker_dag.py
[2023-07-05T13:03:11.707+0000] {processor.py:826} INFO - Processing file /home/airflow/.local/lib/python3.7/site-packages/airflow/example_dags/example_external_task_marker_dag.py for tasks to queue
[2023-07-05T13:03:11.708+0000] {logging_mixin.py:149} INFO - [2023-07-05T13:03:11.708+0000] {dagbag.py:541} INFO - Filling up the DagBag from /home/airflow/.local/lib/python3.7/site-packages/airflow/example_dags/example_external_task_marker_dag.py
[2023-07-05T13:03:11.716+0000] {processor.py:836} INFO - DAG(s) dict_keys(['example_external_task_marker_parent', 'example_external_task_marker_child']) retrieved from /home/airflow/.local/lib/python3.7/site-packages/airflow/example_dags/example_external_task_marker_dag.py
[2023-07-05T13:03:11.766+0000] {logging_mixin.py:149} INFO - [2023-07-05T13:03:11.766+0000] {dag.py:2726} INFO - Sync 2 DAGs
[2023-07-05T13:03:11.806+0000] {logging_mixin.py:149} INFO - [2023-07-05T13:03:11.805+0000] {dag.py:3490} INFO - Setting next_dagrun for example_external_task_marker_child to None, run_after=None
[2023-07-05T13:03:11.811+0000] {logging_mixin.py:149} INFO - [2023-07-05T13:03:11.810+0000] {dag.py:3490} INFO - Setting next_dagrun for example_external_task_marker_parent to None, run_after=None
[2023-07-05T13:03:11.837+0000] {processor.py:179} INFO - Processing /home/airflow/.local/lib/python3.7/site-packages/airflow/example_dags/example_external_task_marker_dag.py took 0.137 seconds
[2023-07-05T13:03:42.159+0000] {processor.py:157} INFO - Started process (PID=1572) to work on /home/airflow/.local/lib/python3.7/site-packages/airflow/example_dags/example_external_task_marker_dag.py
[2023-07-05T13:03:42.160+0000] {processor.py:826} INFO - Processing file /home/airflow/.local/lib/python3.7/site-packages/airflow/example_dags/example_external_task_marker_dag.py for tasks to queue
[2023-07-05T13:03:42.161+0000] {logging_mixin.py:149} INFO - [2023-07-05T13:03:42.161+0000] {dagbag.py:541} INFO - Filling up the DagBag from /home/airflow/.local/lib/python3.7/site-packages/airflow/example_dags/example_external_task_marker_dag.py
[2023-07-05T13:03:42.167+0000] {processor.py:836} INFO - DAG(s) dict_keys(['example_external_task_marker_parent', 'example_external_task_marker_child']) retrieved from /home/airflow/.local/lib/python3.7/site-packages/airflow/example_dags/example_external_task_marker_dag.py
[2023-07-05T13:03:42.206+0000] {logging_mixin.py:149} INFO - [2023-07-05T13:03:42.205+0000] {dag.py:2726} INFO - Sync 2 DAGs
[2023-07-05T13:03:42.248+0000] {logging_mixin.py:149} INFO - [2023-07-05T13:03:42.248+0000] {dag.py:3490} INFO - Setting next_dagrun for example_external_task_marker_child to None, run_after=None
[2023-07-05T13:03:42.253+0000] {logging_mixin.py:149} INFO - [2023-07-05T13:03:42.253+0000] {dag.py:3490} INFO - Setting next_dagrun for example_external_task_marker_parent to None, run_after=None
[2023-07-05T13:03:42.288+0000] {processor.py:179} INFO - Processing /home/airflow/.local/lib/python3.7/site-packages/airflow/example_dags/example_external_task_marker_dag.py took 0.133 seconds
[2023-07-05T13:04:12.467+0000] {processor.py:157} INFO - Started process (PID=1629) to work on /home/airflow/.local/lib/python3.7/site-packages/airflow/example_dags/example_external_task_marker_dag.py
[2023-07-05T13:04:12.469+0000] {processor.py:826} INFO - Processing file /home/airflow/.local/lib/python3.7/site-packages/airflow/example_dags/example_external_task_marker_dag.py for tasks to queue
[2023-07-05T13:04:12.470+0000] {logging_mixin.py:149} INFO - [2023-07-05T13:04:12.470+0000] {dagbag.py:541} INFO - Filling up the DagBag from /home/airflow/.local/lib/python3.7/site-packages/airflow/example_dags/example_external_task_marker_dag.py
[2023-07-05T13:04:12.476+0000] {processor.py:836} INFO - DAG(s) dict_keys(['example_external_task_marker_parent', 'example_external_task_marker_child']) retrieved from /home/airflow/.local/lib/python3.7/site-packages/airflow/example_dags/example_external_task_marker_dag.py
[2023-07-05T13:04:12.517+0000] {logging_mixin.py:149} INFO - [2023-07-05T13:04:12.517+0000] {dag.py:2726} INFO - Sync 2 DAGs
[2023-07-05T13:04:12.558+0000] {logging_mixin.py:149} INFO - [2023-07-05T13:04:12.558+0000] {dag.py:3490} INFO - Setting next_dagrun for example_external_task_marker_child to None, run_after=None
[2023-07-05T13:04:12.562+0000] {logging_mixin.py:149} INFO - [2023-07-05T13:04:12.562+0000] {dag.py:3490} INFO - Setting next_dagrun for example_external_task_marker_parent to None, run_after=None
[2023-07-05T13:04:12.589+0000] {processor.py:179} INFO - Processing /home/airflow/.local/lib/python3.7/site-packages/airflow/example_dags/example_external_task_marker_dag.py took 0.125 seconds
[2023-07-05T13:04:42.921+0000] {processor.py:157} INFO - Started process (PID=1685) to work on /home/airflow/.local/lib/python3.7/site-packages/airflow/example_dags/example_external_task_marker_dag.py
[2023-07-05T13:04:42.923+0000] {processor.py:826} INFO - Processing file /home/airflow/.local/lib/python3.7/site-packages/airflow/example_dags/example_external_task_marker_dag.py for tasks to queue
[2023-07-05T13:04:42.924+0000] {logging_mixin.py:149} INFO - [2023-07-05T13:04:42.924+0000] {dagbag.py:541} INFO - Filling up the DagBag from /home/airflow/.local/lib/python3.7/site-packages/airflow/example_dags/example_external_task_marker_dag.py
[2023-07-05T13:04:42.933+0000] {processor.py:836} INFO - DAG(s) dict_keys(['example_external_task_marker_parent', 'example_external_task_marker_child']) retrieved from /home/airflow/.local/lib/python3.7/site-packages/airflow/example_dags/example_external_task_marker_dag.py
[2023-07-05T13:04:42.984+0000] {logging_mixin.py:149} INFO - [2023-07-05T13:04:42.983+0000] {dag.py:2726} INFO - Sync 2 DAGs
[2023-07-05T13:04:43.029+0000] {logging_mixin.py:149} INFO - [2023-07-05T13:04:43.029+0000] {dag.py:3490} INFO - Setting next_dagrun for example_external_task_marker_child to None, run_after=None
[2023-07-05T13:04:43.035+0000] {logging_mixin.py:149} INFO - [2023-07-05T13:04:43.035+0000] {dag.py:3490} INFO - Setting next_dagrun for example_external_task_marker_parent to None, run_after=None
[2023-07-05T13:04:43.064+0000] {processor.py:179} INFO - Processing /home/airflow/.local/lib/python3.7/site-packages/airflow/example_dags/example_external_task_marker_dag.py took 0.149 seconds
[2023-07-05T13:05:13.182+0000] {processor.py:157} INFO - Started process (PID=1742) to work on /home/airflow/.local/lib/python3.7/site-packages/airflow/example_dags/example_external_task_marker_dag.py
[2023-07-05T13:05:13.183+0000] {processor.py:826} INFO - Processing file /home/airflow/.local/lib/python3.7/site-packages/airflow/example_dags/example_external_task_marker_dag.py for tasks to queue
[2023-07-05T13:05:13.184+0000] {logging_mixin.py:149} INFO - [2023-07-05T13:05:13.184+0000] {dagbag.py:541} INFO - Filling up the DagBag from /home/airflow/.local/lib/python3.7/site-packages/airflow/example_dags/example_external_task_marker_dag.py
[2023-07-05T13:05:13.192+0000] {processor.py:836} INFO - DAG(s) dict_keys(['example_external_task_marker_child', 'example_external_task_marker_parent']) retrieved from /home/airflow/.local/lib/python3.7/site-packages/airflow/example_dags/example_external_task_marker_dag.py
[2023-07-05T13:05:13.232+0000] {logging_mixin.py:149} INFO - [2023-07-05T13:05:13.232+0000] {dag.py:2726} INFO - Sync 2 DAGs
[2023-07-05T13:05:13.272+0000] {logging_mixin.py:149} INFO - [2023-07-05T13:05:13.272+0000] {dag.py:3490} INFO - Setting next_dagrun for example_external_task_marker_child to None, run_after=None
[2023-07-05T13:05:13.278+0000] {logging_mixin.py:149} INFO - [2023-07-05T13:05:13.278+0000] {dag.py:3490} INFO - Setting next_dagrun for example_external_task_marker_parent to None, run_after=None
[2023-07-05T13:05:13.305+0000] {processor.py:179} INFO - Processing /home/airflow/.local/lib/python3.7/site-packages/airflow/example_dags/example_external_task_marker_dag.py took 0.127 seconds
[2023-07-05T13:05:43.358+0000] {processor.py:157} INFO - Started process (PID=1800) to work on /home/airflow/.local/lib/python3.7/site-packages/airflow/example_dags/example_external_task_marker_dag.py
[2023-07-05T13:05:43.361+0000] {processor.py:826} INFO - Processing file /home/airflow/.local/lib/python3.7/site-packages/airflow/example_dags/example_external_task_marker_dag.py for tasks to queue
[2023-07-05T13:05:43.362+0000] {logging_mixin.py:149} INFO - [2023-07-05T13:05:43.362+0000] {dagbag.py:541} INFO - Filling up the DagBag from /home/airflow/.local/lib/python3.7/site-packages/airflow/example_dags/example_external_task_marker_dag.py
[2023-07-05T13:05:43.370+0000] {processor.py:836} INFO - DAG(s) dict_keys(['example_external_task_marker_child', 'example_external_task_marker_parent']) retrieved from /home/airflow/.local/lib/python3.7/site-packages/airflow/example_dags/example_external_task_marker_dag.py
[2023-07-05T13:05:43.415+0000] {logging_mixin.py:149} INFO - [2023-07-05T13:05:43.414+0000] {dag.py:2726} INFO - Sync 2 DAGs
[2023-07-05T13:05:43.459+0000] {logging_mixin.py:149} INFO - [2023-07-05T13:05:43.459+0000] {dag.py:3490} INFO - Setting next_dagrun for example_external_task_marker_child to None, run_after=None
[2023-07-05T13:05:43.466+0000] {logging_mixin.py:149} INFO - [2023-07-05T13:05:43.466+0000] {dag.py:3490} INFO - Setting next_dagrun for example_external_task_marker_parent to None, run_after=None
[2023-07-05T13:05:43.491+0000] {processor.py:179} INFO - Processing /home/airflow/.local/lib/python3.7/site-packages/airflow/example_dags/example_external_task_marker_dag.py took 0.138 seconds
[2023-07-05T13:06:13.875+0000] {processor.py:157} INFO - Started process (PID=1857) to work on /home/airflow/.local/lib/python3.7/site-packages/airflow/example_dags/example_external_task_marker_dag.py
[2023-07-05T13:06:13.884+0000] {processor.py:826} INFO - Processing file /home/airflow/.local/lib/python3.7/site-packages/airflow/example_dags/example_external_task_marker_dag.py for tasks to queue
[2023-07-05T13:06:13.885+0000] {logging_mixin.py:149} INFO - [2023-07-05T13:06:13.885+0000] {dagbag.py:541} INFO - Filling up the DagBag from /home/airflow/.local/lib/python3.7/site-packages/airflow/example_dags/example_external_task_marker_dag.py
[2023-07-05T13:06:13.893+0000] {processor.py:836} INFO - DAG(s) dict_keys(['example_external_task_marker_parent', 'example_external_task_marker_child']) retrieved from /home/airflow/.local/lib/python3.7/site-packages/airflow/example_dags/example_external_task_marker_dag.py
[2023-07-05T13:06:13.935+0000] {logging_mixin.py:149} INFO - [2023-07-05T13:06:13.934+0000] {dag.py:2726} INFO - Sync 2 DAGs
[2023-07-05T13:06:13.969+0000] {logging_mixin.py:149} INFO - [2023-07-05T13:06:13.969+0000] {dag.py:3490} INFO - Setting next_dagrun for example_external_task_marker_child to None, run_after=None
[2023-07-05T13:06:13.974+0000] {logging_mixin.py:149} INFO - [2023-07-05T13:06:13.974+0000] {dag.py:3490} INFO - Setting next_dagrun for example_external_task_marker_parent to None, run_after=None
[2023-07-05T13:06:14.001+0000] {processor.py:179} INFO - Processing /home/airflow/.local/lib/python3.7/site-packages/airflow/example_dags/example_external_task_marker_dag.py took 0.130 seconds
[2023-07-05T13:06:44.178+0000] {processor.py:157} INFO - Started process (PID=1914) to work on /home/airflow/.local/lib/python3.7/site-packages/airflow/example_dags/example_external_task_marker_dag.py
[2023-07-05T13:06:44.184+0000] {processor.py:826} INFO - Processing file /home/airflow/.local/lib/python3.7/site-packages/airflow/example_dags/example_external_task_marker_dag.py for tasks to queue
[2023-07-05T13:06:44.185+0000] {logging_mixin.py:149} INFO - [2023-07-05T13:06:44.185+0000] {dagbag.py:541} INFO - Filling up the DagBag from /home/airflow/.local/lib/python3.7/site-packages/airflow/example_dags/example_external_task_marker_dag.py
[2023-07-05T13:06:44.192+0000] {processor.py:836} INFO - DAG(s) dict_keys(['example_external_task_marker_parent', 'example_external_task_marker_child']) retrieved from /home/airflow/.local/lib/python3.7/site-packages/airflow/example_dags/example_external_task_marker_dag.py
[2023-07-05T13:06:44.239+0000] {logging_mixin.py:149} INFO - [2023-07-05T13:06:44.239+0000] {dag.py:2726} INFO - Sync 2 DAGs
[2023-07-05T13:06:44.278+0000] {logging_mixin.py:149} INFO - [2023-07-05T13:06:44.278+0000] {dag.py:3490} INFO - Setting next_dagrun for example_external_task_marker_child to None, run_after=None
[2023-07-05T13:06:44.284+0000] {logging_mixin.py:149} INFO - [2023-07-05T13:06:44.283+0000] {dag.py:3490} INFO - Setting next_dagrun for example_external_task_marker_parent to None, run_after=None
[2023-07-05T13:06:44.310+0000] {processor.py:179} INFO - Processing /home/airflow/.local/lib/python3.7/site-packages/airflow/example_dags/example_external_task_marker_dag.py took 0.136 seconds
[2023-07-05T13:07:14.603+0000] {processor.py:157} INFO - Started process (PID=1971) to work on /home/airflow/.local/lib/python3.7/site-packages/airflow/example_dags/example_external_task_marker_dag.py
[2023-07-05T13:07:14.605+0000] {processor.py:826} INFO - Processing file /home/airflow/.local/lib/python3.7/site-packages/airflow/example_dags/example_external_task_marker_dag.py for tasks to queue
[2023-07-05T13:07:14.606+0000] {logging_mixin.py:149} INFO - [2023-07-05T13:07:14.606+0000] {dagbag.py:541} INFO - Filling up the DagBag from /home/airflow/.local/lib/python3.7/site-packages/airflow/example_dags/example_external_task_marker_dag.py
[2023-07-05T13:07:14.613+0000] {processor.py:836} INFO - DAG(s) dict_keys(['example_external_task_marker_parent', 'example_external_task_marker_child']) retrieved from /home/airflow/.local/lib/python3.7/site-packages/airflow/example_dags/example_external_task_marker_dag.py
[2023-07-05T13:07:14.655+0000] {logging_mixin.py:149} INFO - [2023-07-05T13:07:14.655+0000] {dag.py:2726} INFO - Sync 2 DAGs
[2023-07-05T13:07:14.688+0000] {logging_mixin.py:149} INFO - [2023-07-05T13:07:14.688+0000] {dag.py:3490} INFO - Setting next_dagrun for example_external_task_marker_child to None, run_after=None
[2023-07-05T13:07:14.693+0000] {logging_mixin.py:149} INFO - [2023-07-05T13:07:14.692+0000] {dag.py:3490} INFO - Setting next_dagrun for example_external_task_marker_parent to None, run_after=None
[2023-07-05T13:07:14.719+0000] {processor.py:179} INFO - Processing /home/airflow/.local/lib/python3.7/site-packages/airflow/example_dags/example_external_task_marker_dag.py took 0.119 seconds
[2023-07-05T13:07:44.996+0000] {processor.py:157} INFO - Started process (PID=2028) to work on /home/airflow/.local/lib/python3.7/site-packages/airflow/example_dags/example_external_task_marker_dag.py
[2023-07-05T13:07:44.998+0000] {processor.py:826} INFO - Processing file /home/airflow/.local/lib/python3.7/site-packages/airflow/example_dags/example_external_task_marker_dag.py for tasks to queue
[2023-07-05T13:07:44.999+0000] {logging_mixin.py:149} INFO - [2023-07-05T13:07:44.998+0000] {dagbag.py:541} INFO - Filling up the DagBag from /home/airflow/.local/lib/python3.7/site-packages/airflow/example_dags/example_external_task_marker_dag.py
[2023-07-05T13:07:45.006+0000] {processor.py:836} INFO - DAG(s) dict_keys(['example_external_task_marker_parent', 'example_external_task_marker_child']) retrieved from /home/airflow/.local/lib/python3.7/site-packages/airflow/example_dags/example_external_task_marker_dag.py
[2023-07-05T13:07:45.055+0000] {logging_mixin.py:149} INFO - [2023-07-05T13:07:45.055+0000] {dag.py:2726} INFO - Sync 2 DAGs
[2023-07-05T13:07:45.103+0000] {logging_mixin.py:149} INFO - [2023-07-05T13:07:45.102+0000] {dag.py:3490} INFO - Setting next_dagrun for example_external_task_marker_child to None, run_after=None
[2023-07-05T13:07:45.112+0000] {logging_mixin.py:149} INFO - [2023-07-05T13:07:45.112+0000] {dag.py:3490} INFO - Setting next_dagrun for example_external_task_marker_parent to None, run_after=None
[2023-07-05T13:07:45.136+0000] {processor.py:179} INFO - Processing /home/airflow/.local/lib/python3.7/site-packages/airflow/example_dags/example_external_task_marker_dag.py took 0.144 seconds
[2023-07-05T13:08:15.214+0000] {processor.py:157} INFO - Started process (PID=2084) to work on /home/airflow/.local/lib/python3.7/site-packages/airflow/example_dags/example_external_task_marker_dag.py
[2023-07-05T13:08:15.216+0000] {processor.py:826} INFO - Processing file /home/airflow/.local/lib/python3.7/site-packages/airflow/example_dags/example_external_task_marker_dag.py for tasks to queue
[2023-07-05T13:08:15.217+0000] {logging_mixin.py:149} INFO - [2023-07-05T13:08:15.216+0000] {dagbag.py:541} INFO - Filling up the DagBag from /home/airflow/.local/lib/python3.7/site-packages/airflow/example_dags/example_external_task_marker_dag.py
[2023-07-05T13:08:15.225+0000] {processor.py:836} INFO - DAG(s) dict_keys(['example_external_task_marker_parent', 'example_external_task_marker_child']) retrieved from /home/airflow/.local/lib/python3.7/site-packages/airflow/example_dags/example_external_task_marker_dag.py
[2023-07-05T13:08:15.268+0000] {logging_mixin.py:149} INFO - [2023-07-05T13:08:15.267+0000] {dag.py:2726} INFO - Sync 2 DAGs
[2023-07-05T13:08:15.307+0000] {logging_mixin.py:149} INFO - [2023-07-05T13:08:15.307+0000] {dag.py:3490} INFO - Setting next_dagrun for example_external_task_marker_child to None, run_after=None
[2023-07-05T13:08:15.313+0000] {logging_mixin.py:149} INFO - [2023-07-05T13:08:15.312+0000] {dag.py:3490} INFO - Setting next_dagrun for example_external_task_marker_parent to None, run_after=None
[2023-07-05T13:08:15.347+0000] {processor.py:179} INFO - Processing /home/airflow/.local/lib/python3.7/site-packages/airflow/example_dags/example_external_task_marker_dag.py took 0.138 seconds
[2023-07-05T13:08:45.893+0000] {processor.py:157} INFO - Started process (PID=2141) to work on /home/airflow/.local/lib/python3.7/site-packages/airflow/example_dags/example_external_task_marker_dag.py
[2023-07-05T13:08:45.894+0000] {processor.py:826} INFO - Processing file /home/airflow/.local/lib/python3.7/site-packages/airflow/example_dags/example_external_task_marker_dag.py for tasks to queue
[2023-07-05T13:08:45.895+0000] {logging_mixin.py:149} INFO - [2023-07-05T13:08:45.895+0000] {dagbag.py:541} INFO - Filling up the DagBag from /home/airflow/.local/lib/python3.7/site-packages/airflow/example_dags/example_external_task_marker_dag.py
[2023-07-05T13:08:45.904+0000] {processor.py:836} INFO - DAG(s) dict_keys(['example_external_task_marker_child', 'example_external_task_marker_parent']) retrieved from /home/airflow/.local/lib/python3.7/site-packages/airflow/example_dags/example_external_task_marker_dag.py
[2023-07-05T13:08:45.946+0000] {logging_mixin.py:149} INFO - [2023-07-05T13:08:45.946+0000] {dag.py:2726} INFO - Sync 2 DAGs
[2023-07-05T13:08:45.982+0000] {logging_mixin.py:149} INFO - [2023-07-05T13:08:45.982+0000] {dag.py:3490} INFO - Setting next_dagrun for example_external_task_marker_child to None, run_after=None
[2023-07-05T13:08:45.988+0000] {logging_mixin.py:149} INFO - [2023-07-05T13:08:45.988+0000] {dag.py:3490} INFO - Setting next_dagrun for example_external_task_marker_parent to None, run_after=None
[2023-07-05T13:08:46.015+0000] {processor.py:179} INFO - Processing /home/airflow/.local/lib/python3.7/site-packages/airflow/example_dags/example_external_task_marker_dag.py took 0.127 seconds
[2023-07-05T13:09:16.363+0000] {processor.py:157} INFO - Started process (PID=2198) to work on /home/airflow/.local/lib/python3.7/site-packages/airflow/example_dags/example_external_task_marker_dag.py
[2023-07-05T13:09:16.365+0000] {processor.py:826} INFO - Processing file /home/airflow/.local/lib/python3.7/site-packages/airflow/example_dags/example_external_task_marker_dag.py for tasks to queue
[2023-07-05T13:09:16.366+0000] {logging_mixin.py:149} INFO - [2023-07-05T13:09:16.366+0000] {dagbag.py:541} INFO - Filling up the DagBag from /home/airflow/.local/lib/python3.7/site-packages/airflow/example_dags/example_external_task_marker_dag.py
[2023-07-05T13:09:16.374+0000] {processor.py:836} INFO - DAG(s) dict_keys(['example_external_task_marker_parent', 'example_external_task_marker_child']) retrieved from /home/airflow/.local/lib/python3.7/site-packages/airflow/example_dags/example_external_task_marker_dag.py
[2023-07-05T13:09:16.411+0000] {logging_mixin.py:149} INFO - [2023-07-05T13:09:16.411+0000] {dag.py:2726} INFO - Sync 2 DAGs
[2023-07-05T13:09:16.447+0000] {logging_mixin.py:149} INFO - [2023-07-05T13:09:16.447+0000] {dag.py:3490} INFO - Setting next_dagrun for example_external_task_marker_child to None, run_after=None
[2023-07-05T13:09:16.451+0000] {logging_mixin.py:149} INFO - [2023-07-05T13:09:16.451+0000] {dag.py:3490} INFO - Setting next_dagrun for example_external_task_marker_parent to None, run_after=None
[2023-07-05T13:09:16.474+0000] {processor.py:179} INFO - Processing /home/airflow/.local/lib/python3.7/site-packages/airflow/example_dags/example_external_task_marker_dag.py took 0.115 seconds
[2023-07-05T13:09:46.552+0000] {processor.py:157} INFO - Started process (PID=2255) to work on /home/airflow/.local/lib/python3.7/site-packages/airflow/example_dags/example_external_task_marker_dag.py
[2023-07-05T13:09:46.553+0000] {processor.py:826} INFO - Processing file /home/airflow/.local/lib/python3.7/site-packages/airflow/example_dags/example_external_task_marker_dag.py for tasks to queue
[2023-07-05T13:09:46.554+0000] {logging_mixin.py:149} INFO - [2023-07-05T13:09:46.553+0000] {dagbag.py:541} INFO - Filling up the DagBag from /home/airflow/.local/lib/python3.7/site-packages/airflow/example_dags/example_external_task_marker_dag.py
[2023-07-05T13:09:46.559+0000] {processor.py:836} INFO - DAG(s) dict_keys(['example_external_task_marker_child', 'example_external_task_marker_parent']) retrieved from /home/airflow/.local/lib/python3.7/site-packages/airflow/example_dags/example_external_task_marker_dag.py
[2023-07-05T13:09:46.602+0000] {logging_mixin.py:149} INFO - [2023-07-05T13:09:46.601+0000] {dag.py:2726} INFO - Sync 2 DAGs
[2023-07-05T13:09:46.642+0000] {logging_mixin.py:149} INFO - [2023-07-05T13:09:46.642+0000] {dag.py:3490} INFO - Setting next_dagrun for example_external_task_marker_child to None, run_after=None
[2023-07-05T13:09:46.646+0000] {logging_mixin.py:149} INFO - [2023-07-05T13:09:46.646+0000] {dag.py:3490} INFO - Setting next_dagrun for example_external_task_marker_parent to None, run_after=None
[2023-07-05T13:09:46.667+0000] {processor.py:179} INFO - Processing /home/airflow/.local/lib/python3.7/site-packages/airflow/example_dags/example_external_task_marker_dag.py took 0.119 seconds
[2023-07-05T13:10:17.085+0000] {processor.py:157} INFO - Started process (PID=2312) to work on /home/airflow/.local/lib/python3.7/site-packages/airflow/example_dags/example_external_task_marker_dag.py
[2023-07-05T13:10:17.086+0000] {processor.py:826} INFO - Processing file /home/airflow/.local/lib/python3.7/site-packages/airflow/example_dags/example_external_task_marker_dag.py for tasks to queue
[2023-07-05T13:10:17.087+0000] {logging_mixin.py:149} INFO - [2023-07-05T13:10:17.087+0000] {dagbag.py:541} INFO - Filling up the DagBag from /home/airflow/.local/lib/python3.7/site-packages/airflow/example_dags/example_external_task_marker_dag.py
[2023-07-05T13:10:17.094+0000] {processor.py:836} INFO - DAG(s) dict_keys(['example_external_task_marker_child', 'example_external_task_marker_parent']) retrieved from /home/airflow/.local/lib/python3.7/site-packages/airflow/example_dags/example_external_task_marker_dag.py
[2023-07-05T13:10:17.134+0000] {logging_mixin.py:149} INFO - [2023-07-05T13:10:17.134+0000] {dag.py:2726} INFO - Sync 2 DAGs
[2023-07-05T13:10:17.172+0000] {logging_mixin.py:149} INFO - [2023-07-05T13:10:17.172+0000] {dag.py:3490} INFO - Setting next_dagrun for example_external_task_marker_child to None, run_after=None
[2023-07-05T13:10:17.178+0000] {logging_mixin.py:149} INFO - [2023-07-05T13:10:17.178+0000] {dag.py:3490} INFO - Setting next_dagrun for example_external_task_marker_parent to None, run_after=None
[2023-07-05T13:10:17.201+0000] {processor.py:179} INFO - Processing /home/airflow/.local/lib/python3.7/site-packages/airflow/example_dags/example_external_task_marker_dag.py took 0.120 seconds
[2023-07-05T13:10:47.419+0000] {processor.py:157} INFO - Started process (PID=2369) to work on /home/airflow/.local/lib/python3.7/site-packages/airflow/example_dags/example_external_task_marker_dag.py
[2023-07-05T13:10:47.421+0000] {processor.py:826} INFO - Processing file /home/airflow/.local/lib/python3.7/site-packages/airflow/example_dags/example_external_task_marker_dag.py for tasks to queue
[2023-07-05T13:10:47.422+0000] {logging_mixin.py:149} INFO - [2023-07-05T13:10:47.422+0000] {dagbag.py:541} INFO - Filling up the DagBag from /home/airflow/.local/lib/python3.7/site-packages/airflow/example_dags/example_external_task_marker_dag.py
[2023-07-05T13:10:47.431+0000] {processor.py:836} INFO - DAG(s) dict_keys(['example_external_task_marker_parent', 'example_external_task_marker_child']) retrieved from /home/airflow/.local/lib/python3.7/site-packages/airflow/example_dags/example_external_task_marker_dag.py
[2023-07-05T13:10:47.483+0000] {logging_mixin.py:149} INFO - [2023-07-05T13:10:47.482+0000] {dag.py:2726} INFO - Sync 2 DAGs
[2023-07-05T13:10:47.531+0000] {logging_mixin.py:149} INFO - [2023-07-05T13:10:47.531+0000] {dag.py:3490} INFO - Setting next_dagrun for example_external_task_marker_child to None, run_after=None
[2023-07-05T13:10:47.536+0000] {logging_mixin.py:149} INFO - [2023-07-05T13:10:47.535+0000] {dag.py:3490} INFO - Setting next_dagrun for example_external_task_marker_parent to None, run_after=None
[2023-07-05T13:10:47.567+0000] {processor.py:179} INFO - Processing /home/airflow/.local/lib/python3.7/site-packages/airflow/example_dags/example_external_task_marker_dag.py took 0.154 seconds
[2023-07-05T13:11:17.773+0000] {processor.py:157} INFO - Started process (PID=2426) to work on /home/airflow/.local/lib/python3.7/site-packages/airflow/example_dags/example_external_task_marker_dag.py
[2023-07-05T13:11:17.773+0000] {processor.py:826} INFO - Processing file /home/airflow/.local/lib/python3.7/site-packages/airflow/example_dags/example_external_task_marker_dag.py for tasks to queue
[2023-07-05T13:11:17.774+0000] {logging_mixin.py:149} INFO - [2023-07-05T13:11:17.774+0000] {dagbag.py:541} INFO - Filling up the DagBag from /home/airflow/.local/lib/python3.7/site-packages/airflow/example_dags/example_external_task_marker_dag.py
[2023-07-05T13:11:17.782+0000] {processor.py:836} INFO - DAG(s) dict_keys(['example_external_task_marker_parent', 'example_external_task_marker_child']) retrieved from /home/airflow/.local/lib/python3.7/site-packages/airflow/example_dags/example_external_task_marker_dag.py
[2023-07-05T13:11:17.825+0000] {logging_mixin.py:149} INFO - [2023-07-05T13:11:17.824+0000] {dag.py:2726} INFO - Sync 2 DAGs
[2023-07-05T13:11:17.863+0000] {logging_mixin.py:149} INFO - [2023-07-05T13:11:17.863+0000] {dag.py:3490} INFO - Setting next_dagrun for example_external_task_marker_child to None, run_after=None
[2023-07-05T13:11:17.868+0000] {logging_mixin.py:149} INFO - [2023-07-05T13:11:17.867+0000] {dag.py:3490} INFO - Setting next_dagrun for example_external_task_marker_parent to None, run_after=None
[2023-07-05T13:11:17.889+0000] {processor.py:179} INFO - Processing /home/airflow/.local/lib/python3.7/site-packages/airflow/example_dags/example_external_task_marker_dag.py took 0.120 seconds
[2023-07-05T13:11:48.359+0000] {processor.py:157} INFO - Started process (PID=2483) to work on /home/airflow/.local/lib/python3.7/site-packages/airflow/example_dags/example_external_task_marker_dag.py
[2023-07-05T13:11:48.361+0000] {processor.py:826} INFO - Processing file /home/airflow/.local/lib/python3.7/site-packages/airflow/example_dags/example_external_task_marker_dag.py for tasks to queue
[2023-07-05T13:11:48.363+0000] {logging_mixin.py:149} INFO - [2023-07-05T13:11:48.363+0000] {dagbag.py:541} INFO - Filling up the DagBag from /home/airflow/.local/lib/python3.7/site-packages/airflow/example_dags/example_external_task_marker_dag.py
[2023-07-05T13:11:48.371+0000] {processor.py:836} INFO - DAG(s) dict_keys(['example_external_task_marker_child', 'example_external_task_marker_parent']) retrieved from /home/airflow/.local/lib/python3.7/site-packages/airflow/example_dags/example_external_task_marker_dag.py
[2023-07-05T13:11:48.414+0000] {logging_mixin.py:149} INFO - [2023-07-05T13:11:48.414+0000] {dag.py:2726} INFO - Sync 2 DAGs
[2023-07-05T13:11:48.463+0000] {logging_mixin.py:149} INFO - [2023-07-05T13:11:48.462+0000] {dag.py:3490} INFO - Setting next_dagrun for example_external_task_marker_child to None, run_after=None
[2023-07-05T13:11:48.470+0000] {logging_mixin.py:149} INFO - [2023-07-05T13:11:48.469+0000] {dag.py:3490} INFO - Setting next_dagrun for example_external_task_marker_parent to None, run_after=None
[2023-07-05T13:11:48.500+0000] {processor.py:179} INFO - Processing /home/airflow/.local/lib/python3.7/site-packages/airflow/example_dags/example_external_task_marker_dag.py took 0.146 seconds
[2023-07-05T13:12:18.905+0000] {processor.py:157} INFO - Started process (PID=2540) to work on /home/airflow/.local/lib/python3.7/site-packages/airflow/example_dags/example_external_task_marker_dag.py
[2023-07-05T13:12:18.906+0000] {processor.py:826} INFO - Processing file /home/airflow/.local/lib/python3.7/site-packages/airflow/example_dags/example_external_task_marker_dag.py for tasks to queue
[2023-07-05T13:12:18.908+0000] {logging_mixin.py:149} INFO - [2023-07-05T13:12:18.907+0000] {dagbag.py:541} INFO - Filling up the DagBag from /home/airflow/.local/lib/python3.7/site-packages/airflow/example_dags/example_external_task_marker_dag.py
[2023-07-05T13:12:18.915+0000] {processor.py:836} INFO - DAG(s) dict_keys(['example_external_task_marker_parent', 'example_external_task_marker_child']) retrieved from /home/airflow/.local/lib/python3.7/site-packages/airflow/example_dags/example_external_task_marker_dag.py
[2023-07-05T13:12:18.961+0000] {logging_mixin.py:149} INFO - [2023-07-05T13:12:18.960+0000] {dag.py:2726} INFO - Sync 2 DAGs
[2023-07-05T13:12:19.006+0000] {logging_mixin.py:149} INFO - [2023-07-05T13:12:19.006+0000] {dag.py:3490} INFO - Setting next_dagrun for example_external_task_marker_child to None, run_after=None
[2023-07-05T13:12:19.011+0000] {logging_mixin.py:149} INFO - [2023-07-05T13:12:19.011+0000] {dag.py:3490} INFO - Setting next_dagrun for example_external_task_marker_parent to None, run_after=None
[2023-07-05T13:12:19.042+0000] {processor.py:179} INFO - Processing /home/airflow/.local/lib/python3.7/site-packages/airflow/example_dags/example_external_task_marker_dag.py took 0.143 seconds
[2023-07-05T13:12:49.249+0000] {processor.py:157} INFO - Started process (PID=2597) to work on /home/airflow/.local/lib/python3.7/site-packages/airflow/example_dags/example_external_task_marker_dag.py
[2023-07-05T13:12:49.250+0000] {processor.py:826} INFO - Processing file /home/airflow/.local/lib/python3.7/site-packages/airflow/example_dags/example_external_task_marker_dag.py for tasks to queue
[2023-07-05T13:12:49.251+0000] {logging_mixin.py:149} INFO - [2023-07-05T13:12:49.251+0000] {dagbag.py:541} INFO - Filling up the DagBag from /home/airflow/.local/lib/python3.7/site-packages/airflow/example_dags/example_external_task_marker_dag.py
[2023-07-05T13:12:49.257+0000] {processor.py:836} INFO - DAG(s) dict_keys(['example_external_task_marker_parent', 'example_external_task_marker_child']) retrieved from /home/airflow/.local/lib/python3.7/site-packages/airflow/example_dags/example_external_task_marker_dag.py
[2023-07-05T13:12:49.321+0000] {logging_mixin.py:149} INFO - [2023-07-05T13:12:49.321+0000] {dag.py:2726} INFO - Sync 2 DAGs
[2023-07-05T13:12:49.365+0000] {logging_mixin.py:149} INFO - [2023-07-05T13:12:49.364+0000] {dag.py:3490} INFO - Setting next_dagrun for example_external_task_marker_child to None, run_after=None
[2023-07-05T13:12:49.370+0000] {logging_mixin.py:149} INFO - [2023-07-05T13:12:49.370+0000] {dag.py:3490} INFO - Setting next_dagrun for example_external_task_marker_parent to None, run_after=None
[2023-07-05T13:12:49.398+0000] {processor.py:179} INFO - Processing /home/airflow/.local/lib/python3.7/site-packages/airflow/example_dags/example_external_task_marker_dag.py took 0.154 seconds
[2023-07-05T13:13:19.582+0000] {processor.py:157} INFO - Started process (PID=2655) to work on /home/airflow/.local/lib/python3.7/site-packages/airflow/example_dags/example_external_task_marker_dag.py
[2023-07-05T13:13:19.583+0000] {processor.py:826} INFO - Processing file /home/airflow/.local/lib/python3.7/site-packages/airflow/example_dags/example_external_task_marker_dag.py for tasks to queue
[2023-07-05T13:13:19.584+0000] {logging_mixin.py:149} INFO - [2023-07-05T13:13:19.584+0000] {dagbag.py:541} INFO - Filling up the DagBag from /home/airflow/.local/lib/python3.7/site-packages/airflow/example_dags/example_external_task_marker_dag.py
[2023-07-05T13:13:19.591+0000] {processor.py:836} INFO - DAG(s) dict_keys(['example_external_task_marker_child', 'example_external_task_marker_parent']) retrieved from /home/airflow/.local/lib/python3.7/site-packages/airflow/example_dags/example_external_task_marker_dag.py
[2023-07-05T13:13:19.654+0000] {logging_mixin.py:149} INFO - [2023-07-05T13:13:19.653+0000] {dag.py:2726} INFO - Sync 2 DAGs
[2023-07-05T13:13:19.692+0000] {logging_mixin.py:149} INFO - [2023-07-05T13:13:19.691+0000] {dag.py:3490} INFO - Setting next_dagrun for example_external_task_marker_child to None, run_after=None
[2023-07-05T13:13:19.697+0000] {logging_mixin.py:149} INFO - [2023-07-05T13:13:19.697+0000] {dag.py:3490} INFO - Setting next_dagrun for example_external_task_marker_parent to None, run_after=None
[2023-07-05T13:13:19.718+0000] {processor.py:179} INFO - Processing /home/airflow/.local/lib/python3.7/site-packages/airflow/example_dags/example_external_task_marker_dag.py took 0.140 seconds
[2023-07-05T13:13:50.472+0000] {processor.py:157} INFO - Started process (PID=2714) to work on /home/airflow/.local/lib/python3.7/site-packages/airflow/example_dags/example_external_task_marker_dag.py
[2023-07-05T13:13:50.474+0000] {processor.py:826} INFO - Processing file /home/airflow/.local/lib/python3.7/site-packages/airflow/example_dags/example_external_task_marker_dag.py for tasks to queue
[2023-07-05T13:13:50.475+0000] {logging_mixin.py:149} INFO - [2023-07-05T13:13:50.475+0000] {dagbag.py:541} INFO - Filling up the DagBag from /home/airflow/.local/lib/python3.7/site-packages/airflow/example_dags/example_external_task_marker_dag.py
[2023-07-05T13:13:50.483+0000] {processor.py:836} INFO - DAG(s) dict_keys(['example_external_task_marker_child', 'example_external_task_marker_parent']) retrieved from /home/airflow/.local/lib/python3.7/site-packages/airflow/example_dags/example_external_task_marker_dag.py
[2023-07-05T13:13:50.525+0000] {logging_mixin.py:149} INFO - [2023-07-05T13:13:50.525+0000] {dag.py:2726} INFO - Sync 2 DAGs
[2023-07-05T13:13:50.573+0000] {logging_mixin.py:149} INFO - [2023-07-05T13:13:50.573+0000] {dag.py:3490} INFO - Setting next_dagrun for example_external_task_marker_child to None, run_after=None
[2023-07-05T13:13:50.581+0000] {logging_mixin.py:149} INFO - [2023-07-05T13:13:50.581+0000] {dag.py:3490} INFO - Setting next_dagrun for example_external_task_marker_parent to None, run_after=None
[2023-07-05T13:13:50.615+0000] {processor.py:179} INFO - Processing /home/airflow/.local/lib/python3.7/site-packages/airflow/example_dags/example_external_task_marker_dag.py took 0.148 seconds
[2023-07-05T13:14:20.729+0000] {processor.py:157} INFO - Started process (PID=2771) to work on /home/airflow/.local/lib/python3.7/site-packages/airflow/example_dags/example_external_task_marker_dag.py
[2023-07-05T13:14:20.730+0000] {processor.py:826} INFO - Processing file /home/airflow/.local/lib/python3.7/site-packages/airflow/example_dags/example_external_task_marker_dag.py for tasks to queue
[2023-07-05T13:14:20.732+0000] {logging_mixin.py:149} INFO - [2023-07-05T13:14:20.732+0000] {dagbag.py:541} INFO - Filling up the DagBag from /home/airflow/.local/lib/python3.7/site-packages/airflow/example_dags/example_external_task_marker_dag.py
[2023-07-05T13:14:20.741+0000] {processor.py:836} INFO - DAG(s) dict_keys(['example_external_task_marker_child', 'example_external_task_marker_parent']) retrieved from /home/airflow/.local/lib/python3.7/site-packages/airflow/example_dags/example_external_task_marker_dag.py
[2023-07-05T13:14:20.793+0000] {logging_mixin.py:149} INFO - [2023-07-05T13:14:20.793+0000] {dag.py:2726} INFO - Sync 2 DAGs
[2023-07-05T13:14:20.838+0000] {logging_mixin.py:149} INFO - [2023-07-05T13:14:20.838+0000] {dag.py:3490} INFO - Setting next_dagrun for example_external_task_marker_child to None, run_after=None
[2023-07-05T13:14:20.845+0000] {logging_mixin.py:149} INFO - [2023-07-05T13:14:20.845+0000] {dag.py:3490} INFO - Setting next_dagrun for example_external_task_marker_parent to None, run_after=None
[2023-07-05T13:14:20.873+0000] {processor.py:179} INFO - Processing /home/airflow/.local/lib/python3.7/site-packages/airflow/example_dags/example_external_task_marker_dag.py took 0.149 seconds
[2023-07-05T13:14:51.182+0000] {processor.py:157} INFO - Started process (PID=2827) to work on /home/airflow/.local/lib/python3.7/site-packages/airflow/example_dags/example_external_task_marker_dag.py
[2023-07-05T13:14:51.184+0000] {processor.py:826} INFO - Processing file /home/airflow/.local/lib/python3.7/site-packages/airflow/example_dags/example_external_task_marker_dag.py for tasks to queue
[2023-07-05T13:14:51.185+0000] {logging_mixin.py:149} INFO - [2023-07-05T13:14:51.185+0000] {dagbag.py:541} INFO - Filling up the DagBag from /home/airflow/.local/lib/python3.7/site-packages/airflow/example_dags/example_external_task_marker_dag.py
[2023-07-05T13:14:51.192+0000] {processor.py:836} INFO - DAG(s) dict_keys(['example_external_task_marker_parent', 'example_external_task_marker_child']) retrieved from /home/airflow/.local/lib/python3.7/site-packages/airflow/example_dags/example_external_task_marker_dag.py
[2023-07-05T13:14:51.257+0000] {logging_mixin.py:149} INFO - [2023-07-05T13:14:51.257+0000] {dag.py:2726} INFO - Sync 2 DAGs
[2023-07-05T13:14:51.306+0000] {logging_mixin.py:149} INFO - [2023-07-05T13:14:51.305+0000] {dag.py:3490} INFO - Setting next_dagrun for example_external_task_marker_child to None, run_after=None
[2023-07-05T13:14:51.314+0000] {logging_mixin.py:149} INFO - [2023-07-05T13:14:51.314+0000] {dag.py:3490} INFO - Setting next_dagrun for example_external_task_marker_parent to None, run_after=None
[2023-07-05T13:14:51.348+0000] {processor.py:179} INFO - Processing /home/airflow/.local/lib/python3.7/site-packages/airflow/example_dags/example_external_task_marker_dag.py took 0.170 seconds
[2023-07-05T13:15:21.650+0000] {processor.py:157} INFO - Started process (PID=2884) to work on /home/airflow/.local/lib/python3.7/site-packages/airflow/example_dags/example_external_task_marker_dag.py
[2023-07-05T13:15:21.651+0000] {processor.py:826} INFO - Processing file /home/airflow/.local/lib/python3.7/site-packages/airflow/example_dags/example_external_task_marker_dag.py for tasks to queue
[2023-07-05T13:15:21.652+0000] {logging_mixin.py:149} INFO - [2023-07-05T13:15:21.652+0000] {dagbag.py:541} INFO - Filling up the DagBag from /home/airflow/.local/lib/python3.7/site-packages/airflow/example_dags/example_external_task_marker_dag.py
[2023-07-05T13:15:21.659+0000] {processor.py:836} INFO - DAG(s) dict_keys(['example_external_task_marker_parent', 'example_external_task_marker_child']) retrieved from /home/airflow/.local/lib/python3.7/site-packages/airflow/example_dags/example_external_task_marker_dag.py
[2023-07-05T13:15:21.706+0000] {logging_mixin.py:149} INFO - [2023-07-05T13:15:21.704+0000] {dag.py:2726} INFO - Sync 2 DAGs
[2023-07-05T13:15:21.749+0000] {logging_mixin.py:149} INFO - [2023-07-05T13:15:21.749+0000] {dag.py:3490} INFO - Setting next_dagrun for example_external_task_marker_child to None, run_after=None
[2023-07-05T13:15:21.754+0000] {logging_mixin.py:149} INFO - [2023-07-05T13:15:21.754+0000] {dag.py:3490} INFO - Setting next_dagrun for example_external_task_marker_parent to None, run_after=None
[2023-07-05T13:15:21.781+0000] {processor.py:179} INFO - Processing /home/airflow/.local/lib/python3.7/site-packages/airflow/example_dags/example_external_task_marker_dag.py took 0.135 seconds
[2023-07-05T13:15:52.083+0000] {processor.py:157} INFO - Started process (PID=2941) to work on /home/airflow/.local/lib/python3.7/site-packages/airflow/example_dags/example_external_task_marker_dag.py
[2023-07-05T13:15:52.085+0000] {processor.py:826} INFO - Processing file /home/airflow/.local/lib/python3.7/site-packages/airflow/example_dags/example_external_task_marker_dag.py for tasks to queue
[2023-07-05T13:15:52.086+0000] {logging_mixin.py:149} INFO - [2023-07-05T13:15:52.086+0000] {dagbag.py:541} INFO - Filling up the DagBag from /home/airflow/.local/lib/python3.7/site-packages/airflow/example_dags/example_external_task_marker_dag.py
[2023-07-05T13:15:52.098+0000] {processor.py:836} INFO - DAG(s) dict_keys(['example_external_task_marker_child', 'example_external_task_marker_parent']) retrieved from /home/airflow/.local/lib/python3.7/site-packages/airflow/example_dags/example_external_task_marker_dag.py
[2023-07-05T13:15:52.152+0000] {logging_mixin.py:149} INFO - [2023-07-05T13:15:52.152+0000] {dag.py:2726} INFO - Sync 2 DAGs
[2023-07-05T13:15:52.194+0000] {logging_mixin.py:149} INFO - [2023-07-05T13:15:52.194+0000] {dag.py:3490} INFO - Setting next_dagrun for example_external_task_marker_child to None, run_after=None
[2023-07-05T13:15:52.202+0000] {logging_mixin.py:149} INFO - [2023-07-05T13:15:52.202+0000] {dag.py:3490} INFO - Setting next_dagrun for example_external_task_marker_parent to None, run_after=None
[2023-07-05T13:15:52.231+0000] {processor.py:179} INFO - Processing /home/airflow/.local/lib/python3.7/site-packages/airflow/example_dags/example_external_task_marker_dag.py took 0.152 seconds
[2023-07-05T13:16:22.397+0000] {processor.py:157} INFO - Started process (PID=2998) to work on /home/airflow/.local/lib/python3.7/site-packages/airflow/example_dags/example_external_task_marker_dag.py
[2023-07-05T13:16:22.398+0000] {processor.py:826} INFO - Processing file /home/airflow/.local/lib/python3.7/site-packages/airflow/example_dags/example_external_task_marker_dag.py for tasks to queue
[2023-07-05T13:16:22.399+0000] {logging_mixin.py:149} INFO - [2023-07-05T13:16:22.399+0000] {dagbag.py:541} INFO - Filling up the DagBag from /home/airflow/.local/lib/python3.7/site-packages/airflow/example_dags/example_external_task_marker_dag.py
[2023-07-05T13:16:22.407+0000] {processor.py:836} INFO - DAG(s) dict_keys(['example_external_task_marker_child', 'example_external_task_marker_parent']) retrieved from /home/airflow/.local/lib/python3.7/site-packages/airflow/example_dags/example_external_task_marker_dag.py
[2023-07-05T13:16:22.451+0000] {logging_mixin.py:149} INFO - [2023-07-05T13:16:22.451+0000] {dag.py:2726} INFO - Sync 2 DAGs
[2023-07-05T13:16:22.487+0000] {logging_mixin.py:149} INFO - [2023-07-05T13:16:22.486+0000] {dag.py:3490} INFO - Setting next_dagrun for example_external_task_marker_child to None, run_after=None
[2023-07-05T13:16:22.491+0000] {logging_mixin.py:149} INFO - [2023-07-05T13:16:22.490+0000] {dag.py:3490} INFO - Setting next_dagrun for example_external_task_marker_parent to None, run_after=None
[2023-07-05T13:16:22.517+0000] {processor.py:179} INFO - Processing /home/airflow/.local/lib/python3.7/site-packages/airflow/example_dags/example_external_task_marker_dag.py took 0.124 seconds
[2023-07-05T13:16:52.696+0000] {processor.py:157} INFO - Started process (PID=3046) to work on /home/airflow/.local/lib/python3.7/site-packages/airflow/example_dags/example_external_task_marker_dag.py
[2023-07-05T13:16:52.697+0000] {processor.py:826} INFO - Processing file /home/airflow/.local/lib/python3.7/site-packages/airflow/example_dags/example_external_task_marker_dag.py for tasks to queue
[2023-07-05T13:16:52.698+0000] {logging_mixin.py:149} INFO - [2023-07-05T13:16:52.698+0000] {dagbag.py:541} INFO - Filling up the DagBag from /home/airflow/.local/lib/python3.7/site-packages/airflow/example_dags/example_external_task_marker_dag.py
[2023-07-05T13:16:52.708+0000] {processor.py:836} INFO - DAG(s) dict_keys(['example_external_task_marker_parent', 'example_external_task_marker_child']) retrieved from /home/airflow/.local/lib/python3.7/site-packages/airflow/example_dags/example_external_task_marker_dag.py
[2023-07-05T13:16:52.760+0000] {logging_mixin.py:149} INFO - [2023-07-05T13:16:52.760+0000] {dag.py:2726} INFO - Sync 2 DAGs
[2023-07-05T13:16:52.808+0000] {logging_mixin.py:149} INFO - [2023-07-05T13:16:52.808+0000] {dag.py:3490} INFO - Setting next_dagrun for example_external_task_marker_child to None, run_after=None
[2023-07-05T13:16:52.814+0000] {logging_mixin.py:149} INFO - [2023-07-05T13:16:52.814+0000] {dag.py:3490} INFO - Setting next_dagrun for example_external_task_marker_parent to None, run_after=None
[2023-07-05T13:16:52.840+0000] {processor.py:179} INFO - Processing /home/airflow/.local/lib/python3.7/site-packages/airflow/example_dags/example_external_task_marker_dag.py took 0.148 seconds
[2023-07-05T13:17:23.456+0000] {processor.py:157} INFO - Started process (PID=3103) to work on /home/airflow/.local/lib/python3.7/site-packages/airflow/example_dags/example_external_task_marker_dag.py
[2023-07-05T13:17:23.457+0000] {processor.py:826} INFO - Processing file /home/airflow/.local/lib/python3.7/site-packages/airflow/example_dags/example_external_task_marker_dag.py for tasks to queue
[2023-07-05T13:17:23.458+0000] {logging_mixin.py:149} INFO - [2023-07-05T13:17:23.457+0000] {dagbag.py:541} INFO - Filling up the DagBag from /home/airflow/.local/lib/python3.7/site-packages/airflow/example_dags/example_external_task_marker_dag.py
[2023-07-05T13:17:23.465+0000] {processor.py:836} INFO - DAG(s) dict_keys(['example_external_task_marker_child', 'example_external_task_marker_parent']) retrieved from /home/airflow/.local/lib/python3.7/site-packages/airflow/example_dags/example_external_task_marker_dag.py
[2023-07-05T13:17:23.500+0000] {logging_mixin.py:149} INFO - [2023-07-05T13:17:23.500+0000] {dag.py:2726} INFO - Sync 2 DAGs
[2023-07-05T13:17:23.532+0000] {logging_mixin.py:149} INFO - [2023-07-05T13:17:23.532+0000] {dag.py:3490} INFO - Setting next_dagrun for example_external_task_marker_child to None, run_after=None
[2023-07-05T13:17:23.537+0000] {logging_mixin.py:149} INFO - [2023-07-05T13:17:23.537+0000] {dag.py:3490} INFO - Setting next_dagrun for example_external_task_marker_parent to None, run_after=None
[2023-07-05T13:17:23.562+0000] {processor.py:179} INFO - Processing /home/airflow/.local/lib/python3.7/site-packages/airflow/example_dags/example_external_task_marker_dag.py took 0.110 seconds
[2023-07-05T13:17:53.774+0000] {processor.py:157} INFO - Started process (PID=3160) to work on /home/airflow/.local/lib/python3.7/site-packages/airflow/example_dags/example_external_task_marker_dag.py
[2023-07-05T13:17:53.776+0000] {processor.py:826} INFO - Processing file /home/airflow/.local/lib/python3.7/site-packages/airflow/example_dags/example_external_task_marker_dag.py for tasks to queue
[2023-07-05T13:17:53.777+0000] {logging_mixin.py:149} INFO - [2023-07-05T13:17:53.777+0000] {dagbag.py:541} INFO - Filling up the DagBag from /home/airflow/.local/lib/python3.7/site-packages/airflow/example_dags/example_external_task_marker_dag.py
[2023-07-05T13:17:53.787+0000] {processor.py:836} INFO - DAG(s) dict_keys(['example_external_task_marker_child', 'example_external_task_marker_parent']) retrieved from /home/airflow/.local/lib/python3.7/site-packages/airflow/example_dags/example_external_task_marker_dag.py
[2023-07-05T13:17:53.837+0000] {logging_mixin.py:149} INFO - [2023-07-05T13:17:53.837+0000] {dag.py:2726} INFO - Sync 2 DAGs
[2023-07-05T13:17:53.878+0000] {logging_mixin.py:149} INFO - [2023-07-05T13:17:53.878+0000] {dag.py:3490} INFO - Setting next_dagrun for example_external_task_marker_child to None, run_after=None
[2023-07-05T13:17:53.885+0000] {logging_mixin.py:149} INFO - [2023-07-05T13:17:53.885+0000] {dag.py:3490} INFO - Setting next_dagrun for example_external_task_marker_parent to None, run_after=None
[2023-07-05T13:17:53.907+0000] {processor.py:179} INFO - Processing /home/airflow/.local/lib/python3.7/site-packages/airflow/example_dags/example_external_task_marker_dag.py took 0.137 seconds
