[2023-07-05T12:49:58.833+0000] {processor.py:157} INFO - Started process (PID=61) to work on /home/airflow/.local/lib/python3.7/site-packages/airflow/example_dags/example_branch_operator.py
[2023-07-05T12:49:58.846+0000] {processor.py:826} INFO - Processing file /home/airflow/.local/lib/python3.7/site-packages/airflow/example_dags/example_branch_operator.py for tasks to queue
[2023-07-05T12:49:58.856+0000] {logging_mixin.py:149} INFO - [2023-07-05T12:49:58.855+0000] {dagbag.py:541} INFO - Filling up the DagBag from /home/airflow/.local/lib/python3.7/site-packages/airflow/example_dags/example_branch_operator.py
[2023-07-05T12:49:58.945+0000] {processor.py:836} INFO - DAG(s) dict_keys(['example_branch_operator']) retrieved from /home/airflow/.local/lib/python3.7/site-packages/airflow/example_dags/example_branch_operator.py
[2023-07-05T12:49:59.054+0000] {logging_mixin.py:149} INFO - [2023-07-05T12:49:59.054+0000] {dag.py:2726} INFO - Sync 1 DAGs
[2023-07-05T12:49:59.163+0000] {logging_mixin.py:149} INFO - [2023-07-05T12:49:59.162+0000] {dag.py:3490} INFO - Setting next_dagrun for example_branch_operator to 2023-07-04T00:00:00+00:00, run_after=2023-07-05T00:00:00+00:00
[2023-07-05T12:49:59.212+0000] {processor.py:179} INFO - Processing /home/airflow/.local/lib/python3.7/site-packages/airflow/example_dags/example_branch_operator.py took 0.388 seconds
[2023-07-05T12:50:33.151+0000] {processor.py:157} INFO - Started process (PID=118) to work on /home/airflow/.local/lib/python3.7/site-packages/airflow/example_dags/example_branch_operator.py
[2023-07-05T12:50:33.152+0000] {processor.py:826} INFO - Processing file /home/airflow/.local/lib/python3.7/site-packages/airflow/example_dags/example_branch_operator.py for tasks to queue
[2023-07-05T12:50:33.152+0000] {logging_mixin.py:149} INFO - [2023-07-05T12:50:33.152+0000] {dagbag.py:541} INFO - Filling up the DagBag from /home/airflow/.local/lib/python3.7/site-packages/airflow/example_dags/example_branch_operator.py
[2023-07-05T12:50:33.165+0000] {processor.py:836} INFO - DAG(s) dict_keys(['example_branch_operator']) retrieved from /home/airflow/.local/lib/python3.7/site-packages/airflow/example_dags/example_branch_operator.py
[2023-07-05T12:50:33.209+0000] {logging_mixin.py:149} INFO - [2023-07-05T12:50:33.208+0000] {dag.py:2726} INFO - Sync 1 DAGs
[2023-07-05T12:50:33.255+0000] {logging_mixin.py:149} INFO - [2023-07-05T12:50:33.254+0000] {dag.py:3490} INFO - Setting next_dagrun for example_branch_operator to 2023-07-04T00:00:00+00:00, run_after=2023-07-05T00:00:00+00:00
[2023-07-05T12:50:33.284+0000] {processor.py:179} INFO - Processing /home/airflow/.local/lib/python3.7/site-packages/airflow/example_dags/example_branch_operator.py took 0.136 seconds
[2023-07-05T12:51:04.318+0000] {processor.py:157} INFO - Started process (PID=176) to work on /home/airflow/.local/lib/python3.7/site-packages/airflow/example_dags/example_branch_operator.py
[2023-07-05T12:51:04.319+0000] {processor.py:826} INFO - Processing file /home/airflow/.local/lib/python3.7/site-packages/airflow/example_dags/example_branch_operator.py for tasks to queue
[2023-07-05T12:51:04.321+0000] {logging_mixin.py:149} INFO - [2023-07-05T12:51:04.320+0000] {dagbag.py:541} INFO - Filling up the DagBag from /home/airflow/.local/lib/python3.7/site-packages/airflow/example_dags/example_branch_operator.py
[2023-07-05T12:51:04.334+0000] {processor.py:836} INFO - DAG(s) dict_keys(['example_branch_operator']) retrieved from /home/airflow/.local/lib/python3.7/site-packages/airflow/example_dags/example_branch_operator.py
[2023-07-05T12:51:04.373+0000] {logging_mixin.py:149} INFO - [2023-07-05T12:51:04.373+0000] {dag.py:2726} INFO - Sync 1 DAGs
[2023-07-05T12:51:04.416+0000] {logging_mixin.py:149} INFO - [2023-07-05T12:51:04.416+0000] {dag.py:3490} INFO - Setting next_dagrun for example_branch_operator to 2023-07-04T00:00:00+00:00, run_after=2023-07-05T00:00:00+00:00
[2023-07-05T12:51:04.447+0000] {processor.py:179} INFO - Processing /home/airflow/.local/lib/python3.7/site-packages/airflow/example_dags/example_branch_operator.py took 0.133 seconds
[2023-07-05T12:51:35.710+0000] {processor.py:157} INFO - Started process (PID=233) to work on /home/airflow/.local/lib/python3.7/site-packages/airflow/example_dags/example_branch_operator.py
[2023-07-05T12:51:35.711+0000] {processor.py:826} INFO - Processing file /home/airflow/.local/lib/python3.7/site-packages/airflow/example_dags/example_branch_operator.py for tasks to queue
[2023-07-05T12:51:35.712+0000] {logging_mixin.py:149} INFO - [2023-07-05T12:51:35.712+0000] {dagbag.py:541} INFO - Filling up the DagBag from /home/airflow/.local/lib/python3.7/site-packages/airflow/example_dags/example_branch_operator.py
[2023-07-05T12:51:35.725+0000] {processor.py:836} INFO - DAG(s) dict_keys(['example_branch_operator']) retrieved from /home/airflow/.local/lib/python3.7/site-packages/airflow/example_dags/example_branch_operator.py
[2023-07-05T12:51:35.760+0000] {logging_mixin.py:149} INFO - [2023-07-05T12:51:35.760+0000] {dag.py:2726} INFO - Sync 1 DAGs
[2023-07-05T12:51:35.801+0000] {logging_mixin.py:149} INFO - [2023-07-05T12:51:35.801+0000] {dag.py:3490} INFO - Setting next_dagrun for example_branch_operator to 2023-07-04T00:00:00+00:00, run_after=2023-07-05T00:00:00+00:00
[2023-07-05T12:51:35.837+0000] {processor.py:179} INFO - Processing /home/airflow/.local/lib/python3.7/site-packages/airflow/example_dags/example_branch_operator.py took 0.131 seconds
[2023-07-05T12:52:06.882+0000] {processor.py:157} INFO - Started process (PID=290) to work on /home/airflow/.local/lib/python3.7/site-packages/airflow/example_dags/example_branch_operator.py
[2023-07-05T12:52:06.884+0000] {processor.py:826} INFO - Processing file /home/airflow/.local/lib/python3.7/site-packages/airflow/example_dags/example_branch_operator.py for tasks to queue
[2023-07-05T12:52:06.885+0000] {logging_mixin.py:149} INFO - [2023-07-05T12:52:06.885+0000] {dagbag.py:541} INFO - Filling up the DagBag from /home/airflow/.local/lib/python3.7/site-packages/airflow/example_dags/example_branch_operator.py
[2023-07-05T12:52:06.899+0000] {processor.py:836} INFO - DAG(s) dict_keys(['example_branch_operator']) retrieved from /home/airflow/.local/lib/python3.7/site-packages/airflow/example_dags/example_branch_operator.py
[2023-07-05T12:52:06.941+0000] {logging_mixin.py:149} INFO - [2023-07-05T12:52:06.941+0000] {dag.py:2726} INFO - Sync 1 DAGs
[2023-07-05T12:52:06.985+0000] {logging_mixin.py:149} INFO - [2023-07-05T12:52:06.984+0000] {dag.py:3490} INFO - Setting next_dagrun for example_branch_operator to 2023-07-04T00:00:00+00:00, run_after=2023-07-05T00:00:00+00:00
[2023-07-05T12:52:07.020+0000] {processor.py:179} INFO - Processing /home/airflow/.local/lib/python3.7/site-packages/airflow/example_dags/example_branch_operator.py took 0.143 seconds
[2023-07-05T12:52:37.727+0000] {processor.py:157} INFO - Started process (PID=347) to work on /home/airflow/.local/lib/python3.7/site-packages/airflow/example_dags/example_branch_operator.py
[2023-07-05T12:52:37.729+0000] {processor.py:826} INFO - Processing file /home/airflow/.local/lib/python3.7/site-packages/airflow/example_dags/example_branch_operator.py for tasks to queue
[2023-07-05T12:52:37.730+0000] {logging_mixin.py:149} INFO - [2023-07-05T12:52:37.729+0000] {dagbag.py:541} INFO - Filling up the DagBag from /home/airflow/.local/lib/python3.7/site-packages/airflow/example_dags/example_branch_operator.py
[2023-07-05T12:52:37.740+0000] {processor.py:836} INFO - DAG(s) dict_keys(['example_branch_operator']) retrieved from /home/airflow/.local/lib/python3.7/site-packages/airflow/example_dags/example_branch_operator.py
[2023-07-05T12:52:37.777+0000] {logging_mixin.py:149} INFO - [2023-07-05T12:52:37.777+0000] {dag.py:2726} INFO - Sync 1 DAGs
[2023-07-05T12:52:38.107+0000] {logging_mixin.py:149} INFO - [2023-07-05T12:52:38.107+0000] {dag.py:3490} INFO - Setting next_dagrun for example_branch_operator to 2023-07-04T00:00:00+00:00, run_after=2023-07-05T00:00:00+00:00
[2023-07-05T12:52:38.139+0000] {processor.py:179} INFO - Processing /home/airflow/.local/lib/python3.7/site-packages/airflow/example_dags/example_branch_operator.py took 0.415 seconds
[2023-07-05T12:53:08.409+0000] {processor.py:157} INFO - Started process (PID=404) to work on /home/airflow/.local/lib/python3.7/site-packages/airflow/example_dags/example_branch_operator.py
[2023-07-05T12:53:08.410+0000] {processor.py:826} INFO - Processing file /home/airflow/.local/lib/python3.7/site-packages/airflow/example_dags/example_branch_operator.py for tasks to queue
[2023-07-05T12:53:08.411+0000] {logging_mixin.py:149} INFO - [2023-07-05T12:53:08.411+0000] {dagbag.py:541} INFO - Filling up the DagBag from /home/airflow/.local/lib/python3.7/site-packages/airflow/example_dags/example_branch_operator.py
[2023-07-05T12:53:08.422+0000] {processor.py:836} INFO - DAG(s) dict_keys(['example_branch_operator']) retrieved from /home/airflow/.local/lib/python3.7/site-packages/airflow/example_dags/example_branch_operator.py
[2023-07-05T12:53:08.456+0000] {logging_mixin.py:149} INFO - [2023-07-05T12:53:08.455+0000] {dag.py:2726} INFO - Sync 1 DAGs
[2023-07-05T12:53:08.500+0000] {logging_mixin.py:149} INFO - [2023-07-05T12:53:08.500+0000] {dag.py:3490} INFO - Setting next_dagrun for example_branch_operator to 2023-07-04T00:00:00+00:00, run_after=2023-07-05T00:00:00+00:00
[2023-07-05T12:53:08.532+0000] {processor.py:179} INFO - Processing /home/airflow/.local/lib/python3.7/site-packages/airflow/example_dags/example_branch_operator.py took 0.126 seconds
[2023-07-05T12:53:38.628+0000] {processor.py:157} INFO - Started process (PID=460) to work on /home/airflow/.local/lib/python3.7/site-packages/airflow/example_dags/example_branch_operator.py
[2023-07-05T12:53:38.629+0000] {processor.py:826} INFO - Processing file /home/airflow/.local/lib/python3.7/site-packages/airflow/example_dags/example_branch_operator.py for tasks to queue
[2023-07-05T12:53:38.630+0000] {logging_mixin.py:149} INFO - [2023-07-05T12:53:38.630+0000] {dagbag.py:541} INFO - Filling up the DagBag from /home/airflow/.local/lib/python3.7/site-packages/airflow/example_dags/example_branch_operator.py
[2023-07-05T12:53:38.644+0000] {processor.py:836} INFO - DAG(s) dict_keys(['example_branch_operator']) retrieved from /home/airflow/.local/lib/python3.7/site-packages/airflow/example_dags/example_branch_operator.py
[2023-07-05T12:53:38.685+0000] {logging_mixin.py:149} INFO - [2023-07-05T12:53:38.684+0000] {dag.py:2726} INFO - Sync 1 DAGs
[2023-07-05T12:53:38.723+0000] {logging_mixin.py:149} INFO - [2023-07-05T12:53:38.723+0000] {dag.py:3490} INFO - Setting next_dagrun for example_branch_operator to 2023-07-04T00:00:00+00:00, run_after=2023-07-05T00:00:00+00:00
[2023-07-05T12:53:38.749+0000] {processor.py:179} INFO - Processing /home/airflow/.local/lib/python3.7/site-packages/airflow/example_dags/example_branch_operator.py took 0.126 seconds
[2023-07-05T12:54:09.817+0000] {processor.py:157} INFO - Started process (PID=517) to work on /home/airflow/.local/lib/python3.7/site-packages/airflow/example_dags/example_branch_operator.py
[2023-07-05T12:54:09.818+0000] {processor.py:826} INFO - Processing file /home/airflow/.local/lib/python3.7/site-packages/airflow/example_dags/example_branch_operator.py for tasks to queue
[2023-07-05T12:54:09.819+0000] {logging_mixin.py:149} INFO - [2023-07-05T12:54:09.819+0000] {dagbag.py:541} INFO - Filling up the DagBag from /home/airflow/.local/lib/python3.7/site-packages/airflow/example_dags/example_branch_operator.py
[2023-07-05T12:54:09.832+0000] {processor.py:836} INFO - DAG(s) dict_keys(['example_branch_operator']) retrieved from /home/airflow/.local/lib/python3.7/site-packages/airflow/example_dags/example_branch_operator.py
[2023-07-05T12:54:09.872+0000] {logging_mixin.py:149} INFO - [2023-07-05T12:54:09.872+0000] {dag.py:2726} INFO - Sync 1 DAGs
[2023-07-05T12:54:10.064+0000] {logging_mixin.py:149} INFO - [2023-07-05T12:54:10.063+0000] {dag.py:3490} INFO - Setting next_dagrun for example_branch_operator to 2023-07-04T00:00:00+00:00, run_after=2023-07-05T00:00:00+00:00
[2023-07-05T12:54:10.094+0000] {processor.py:179} INFO - Processing /home/airflow/.local/lib/python3.7/site-packages/airflow/example_dags/example_branch_operator.py took 0.281 seconds
[2023-07-05T12:54:40.856+0000] {processor.py:157} INFO - Started process (PID=574) to work on /home/airflow/.local/lib/python3.7/site-packages/airflow/example_dags/example_branch_operator.py
[2023-07-05T12:54:40.862+0000] {processor.py:826} INFO - Processing file /home/airflow/.local/lib/python3.7/site-packages/airflow/example_dags/example_branch_operator.py for tasks to queue
[2023-07-05T12:54:40.863+0000] {logging_mixin.py:149} INFO - [2023-07-05T12:54:40.863+0000] {dagbag.py:541} INFO - Filling up the DagBag from /home/airflow/.local/lib/python3.7/site-packages/airflow/example_dags/example_branch_operator.py
[2023-07-05T12:54:40.880+0000] {processor.py:836} INFO - DAG(s) dict_keys(['example_branch_operator']) retrieved from /home/airflow/.local/lib/python3.7/site-packages/airflow/example_dags/example_branch_operator.py
[2023-07-05T12:54:40.915+0000] {logging_mixin.py:149} INFO - [2023-07-05T12:54:40.915+0000] {dag.py:2726} INFO - Sync 1 DAGs
[2023-07-05T12:54:40.962+0000] {logging_mixin.py:149} INFO - [2023-07-05T12:54:40.962+0000] {dag.py:3490} INFO - Setting next_dagrun for example_branch_operator to 2023-07-04T00:00:00+00:00, run_after=2023-07-05T00:00:00+00:00
[2023-07-05T12:54:40.996+0000] {processor.py:179} INFO - Processing /home/airflow/.local/lib/python3.7/site-packages/airflow/example_dags/example_branch_operator.py took 0.144 seconds
[2023-07-05T12:55:11.681+0000] {processor.py:157} INFO - Started process (PID=631) to work on /home/airflow/.local/lib/python3.7/site-packages/airflow/example_dags/example_branch_operator.py
[2023-07-05T12:55:11.683+0000] {processor.py:826} INFO - Processing file /home/airflow/.local/lib/python3.7/site-packages/airflow/example_dags/example_branch_operator.py for tasks to queue
[2023-07-05T12:55:11.683+0000] {logging_mixin.py:149} INFO - [2023-07-05T12:55:11.683+0000] {dagbag.py:541} INFO - Filling up the DagBag from /home/airflow/.local/lib/python3.7/site-packages/airflow/example_dags/example_branch_operator.py
[2023-07-05T12:55:11.695+0000] {processor.py:836} INFO - DAG(s) dict_keys(['example_branch_operator']) retrieved from /home/airflow/.local/lib/python3.7/site-packages/airflow/example_dags/example_branch_operator.py
[2023-07-05T12:55:11.866+0000] {logging_mixin.py:149} INFO - [2023-07-05T12:55:11.866+0000] {dag.py:2726} INFO - Sync 1 DAGs
[2023-07-05T12:55:11.907+0000] {logging_mixin.py:149} INFO - [2023-07-05T12:55:11.906+0000] {dag.py:3490} INFO - Setting next_dagrun for example_branch_operator to 2023-07-04T00:00:00+00:00, run_after=2023-07-05T00:00:00+00:00
[2023-07-05T12:55:11.934+0000] {processor.py:179} INFO - Processing /home/airflow/.local/lib/python3.7/site-packages/airflow/example_dags/example_branch_operator.py took 0.256 seconds
[2023-07-05T12:55:42.619+0000] {processor.py:157} INFO - Started process (PID=688) to work on /home/airflow/.local/lib/python3.7/site-packages/airflow/example_dags/example_branch_operator.py
[2023-07-05T12:55:42.621+0000] {processor.py:826} INFO - Processing file /home/airflow/.local/lib/python3.7/site-packages/airflow/example_dags/example_branch_operator.py for tasks to queue
[2023-07-05T12:55:42.622+0000] {logging_mixin.py:149} INFO - [2023-07-05T12:55:42.622+0000] {dagbag.py:541} INFO - Filling up the DagBag from /home/airflow/.local/lib/python3.7/site-packages/airflow/example_dags/example_branch_operator.py
[2023-07-05T12:55:42.638+0000] {processor.py:836} INFO - DAG(s) dict_keys(['example_branch_operator']) retrieved from /home/airflow/.local/lib/python3.7/site-packages/airflow/example_dags/example_branch_operator.py
[2023-07-05T12:55:42.692+0000] {logging_mixin.py:149} INFO - [2023-07-05T12:55:42.692+0000] {dag.py:2726} INFO - Sync 1 DAGs
[2023-07-05T12:55:42.730+0000] {logging_mixin.py:149} INFO - [2023-07-05T12:55:42.729+0000] {dag.py:3490} INFO - Setting next_dagrun for example_branch_operator to 2023-07-04T00:00:00+00:00, run_after=2023-07-05T00:00:00+00:00
[2023-07-05T12:55:42.921+0000] {processor.py:179} INFO - Processing /home/airflow/.local/lib/python3.7/site-packages/airflow/example_dags/example_branch_operator.py took 0.307 seconds
[2023-07-05T12:56:13.492+0000] {processor.py:157} INFO - Started process (PID=745) to work on /home/airflow/.local/lib/python3.7/site-packages/airflow/example_dags/example_branch_operator.py
[2023-07-05T12:56:13.494+0000] {processor.py:826} INFO - Processing file /home/airflow/.local/lib/python3.7/site-packages/airflow/example_dags/example_branch_operator.py for tasks to queue
[2023-07-05T12:56:13.495+0000] {logging_mixin.py:149} INFO - [2023-07-05T12:56:13.495+0000] {dagbag.py:541} INFO - Filling up the DagBag from /home/airflow/.local/lib/python3.7/site-packages/airflow/example_dags/example_branch_operator.py
[2023-07-05T12:56:13.509+0000] {processor.py:836} INFO - DAG(s) dict_keys(['example_branch_operator']) retrieved from /home/airflow/.local/lib/python3.7/site-packages/airflow/example_dags/example_branch_operator.py
[2023-07-05T12:56:13.719+0000] {logging_mixin.py:149} INFO - [2023-07-05T12:56:13.719+0000] {dag.py:2726} INFO - Sync 1 DAGs
[2023-07-05T12:56:13.761+0000] {logging_mixin.py:149} INFO - [2023-07-05T12:56:13.761+0000] {dag.py:3490} INFO - Setting next_dagrun for example_branch_operator to 2023-07-04T00:00:00+00:00, run_after=2023-07-05T00:00:00+00:00
[2023-07-05T12:56:13.788+0000] {processor.py:179} INFO - Processing /home/airflow/.local/lib/python3.7/site-packages/airflow/example_dags/example_branch_operator.py took 0.301 seconds
[2023-07-05T12:56:44.228+0000] {processor.py:157} INFO - Started process (PID=801) to work on /home/airflow/.local/lib/python3.7/site-packages/airflow/example_dags/example_branch_operator.py
[2023-07-05T12:56:44.230+0000] {processor.py:826} INFO - Processing file /home/airflow/.local/lib/python3.7/site-packages/airflow/example_dags/example_branch_operator.py for tasks to queue
[2023-07-05T12:56:44.231+0000] {logging_mixin.py:149} INFO - [2023-07-05T12:56:44.231+0000] {dagbag.py:541} INFO - Filling up the DagBag from /home/airflow/.local/lib/python3.7/site-packages/airflow/example_dags/example_branch_operator.py
[2023-07-05T12:56:44.242+0000] {processor.py:836} INFO - DAG(s) dict_keys(['example_branch_operator']) retrieved from /home/airflow/.local/lib/python3.7/site-packages/airflow/example_dags/example_branch_operator.py
[2023-07-05T12:56:44.276+0000] {logging_mixin.py:149} INFO - [2023-07-05T12:56:44.275+0000] {dag.py:2726} INFO - Sync 1 DAGs
[2023-07-05T12:56:44.311+0000] {logging_mixin.py:149} INFO - [2023-07-05T12:56:44.311+0000] {dag.py:3490} INFO - Setting next_dagrun for example_branch_operator to 2023-07-04T00:00:00+00:00, run_after=2023-07-05T00:00:00+00:00
[2023-07-05T12:56:44.345+0000] {processor.py:179} INFO - Processing /home/airflow/.local/lib/python3.7/site-packages/airflow/example_dags/example_branch_operator.py took 0.120 seconds
[2023-07-05T12:57:14.566+0000] {processor.py:157} INFO - Started process (PID=857) to work on /home/airflow/.local/lib/python3.7/site-packages/airflow/example_dags/example_branch_operator.py
[2023-07-05T12:57:14.568+0000] {processor.py:826} INFO - Processing file /home/airflow/.local/lib/python3.7/site-packages/airflow/example_dags/example_branch_operator.py for tasks to queue
[2023-07-05T12:57:14.569+0000] {logging_mixin.py:149} INFO - [2023-07-05T12:57:14.569+0000] {dagbag.py:541} INFO - Filling up the DagBag from /home/airflow/.local/lib/python3.7/site-packages/airflow/example_dags/example_branch_operator.py
[2023-07-05T12:57:14.583+0000] {processor.py:836} INFO - DAG(s) dict_keys(['example_branch_operator']) retrieved from /home/airflow/.local/lib/python3.7/site-packages/airflow/example_dags/example_branch_operator.py
[2023-07-05T12:57:14.635+0000] {logging_mixin.py:149} INFO - [2023-07-05T12:57:14.635+0000] {dag.py:2726} INFO - Sync 1 DAGs
[2023-07-05T12:57:14.679+0000] {logging_mixin.py:149} INFO - [2023-07-05T12:57:14.678+0000] {dag.py:3490} INFO - Setting next_dagrun for example_branch_operator to 2023-07-04T00:00:00+00:00, run_after=2023-07-05T00:00:00+00:00
[2023-07-05T12:57:14.711+0000] {processor.py:179} INFO - Processing /home/airflow/.local/lib/python3.7/site-packages/airflow/example_dags/example_branch_operator.py took 0.150 seconds
[2023-07-05T12:57:44.804+0000] {processor.py:157} INFO - Started process (PID=914) to work on /home/airflow/.local/lib/python3.7/site-packages/airflow/example_dags/example_branch_operator.py
[2023-07-05T12:57:44.805+0000] {processor.py:826} INFO - Processing file /home/airflow/.local/lib/python3.7/site-packages/airflow/example_dags/example_branch_operator.py for tasks to queue
[2023-07-05T12:57:44.806+0000] {logging_mixin.py:149} INFO - [2023-07-05T12:57:44.806+0000] {dagbag.py:541} INFO - Filling up the DagBag from /home/airflow/.local/lib/python3.7/site-packages/airflow/example_dags/example_branch_operator.py
[2023-07-05T12:57:44.818+0000] {processor.py:836} INFO - DAG(s) dict_keys(['example_branch_operator']) retrieved from /home/airflow/.local/lib/python3.7/site-packages/airflow/example_dags/example_branch_operator.py
[2023-07-05T12:57:44.857+0000] {logging_mixin.py:149} INFO - [2023-07-05T12:57:44.857+0000] {dag.py:2726} INFO - Sync 1 DAGs
[2023-07-05T12:57:44.906+0000] {logging_mixin.py:149} INFO - [2023-07-05T12:57:44.905+0000] {dag.py:3490} INFO - Setting next_dagrun for example_branch_operator to 2023-07-04T00:00:00+00:00, run_after=2023-07-05T00:00:00+00:00
[2023-07-05T12:57:44.933+0000] {processor.py:179} INFO - Processing /home/airflow/.local/lib/python3.7/site-packages/airflow/example_dags/example_branch_operator.py took 0.133 seconds
[2023-07-05T12:58:15.076+0000] {processor.py:157} INFO - Started process (PID=970) to work on /home/airflow/.local/lib/python3.7/site-packages/airflow/example_dags/example_branch_operator.py
[2023-07-05T12:58:15.079+0000] {processor.py:826} INFO - Processing file /home/airflow/.local/lib/python3.7/site-packages/airflow/example_dags/example_branch_operator.py for tasks to queue
[2023-07-05T12:58:15.080+0000] {logging_mixin.py:149} INFO - [2023-07-05T12:58:15.080+0000] {dagbag.py:541} INFO - Filling up the DagBag from /home/airflow/.local/lib/python3.7/site-packages/airflow/example_dags/example_branch_operator.py
[2023-07-05T12:58:15.094+0000] {processor.py:836} INFO - DAG(s) dict_keys(['example_branch_operator']) retrieved from /home/airflow/.local/lib/python3.7/site-packages/airflow/example_dags/example_branch_operator.py
[2023-07-05T12:58:15.131+0000] {logging_mixin.py:149} INFO - [2023-07-05T12:58:15.130+0000] {dag.py:2726} INFO - Sync 1 DAGs
[2023-07-05T12:58:15.169+0000] {logging_mixin.py:149} INFO - [2023-07-05T12:58:15.168+0000] {dag.py:3490} INFO - Setting next_dagrun for example_branch_operator to 2023-07-04T00:00:00+00:00, run_after=2023-07-05T00:00:00+00:00
[2023-07-05T12:58:15.195+0000] {processor.py:179} INFO - Processing /home/airflow/.local/lib/python3.7/site-packages/airflow/example_dags/example_branch_operator.py took 0.122 seconds
[2023-07-05T12:58:45.525+0000] {processor.py:157} INFO - Started process (PID=1027) to work on /home/airflow/.local/lib/python3.7/site-packages/airflow/example_dags/example_branch_operator.py
[2023-07-05T12:58:45.526+0000] {processor.py:826} INFO - Processing file /home/airflow/.local/lib/python3.7/site-packages/airflow/example_dags/example_branch_operator.py for tasks to queue
[2023-07-05T12:58:45.527+0000] {logging_mixin.py:149} INFO - [2023-07-05T12:58:45.526+0000] {dagbag.py:541} INFO - Filling up the DagBag from /home/airflow/.local/lib/python3.7/site-packages/airflow/example_dags/example_branch_operator.py
[2023-07-05T12:58:45.539+0000] {processor.py:836} INFO - DAG(s) dict_keys(['example_branch_operator']) retrieved from /home/airflow/.local/lib/python3.7/site-packages/airflow/example_dags/example_branch_operator.py
[2023-07-05T12:58:45.571+0000] {logging_mixin.py:149} INFO - [2023-07-05T12:58:45.571+0000] {dag.py:2726} INFO - Sync 1 DAGs
[2023-07-05T12:58:45.606+0000] {logging_mixin.py:149} INFO - [2023-07-05T12:58:45.605+0000] {dag.py:3490} INFO - Setting next_dagrun for example_branch_operator to 2023-07-04T00:00:00+00:00, run_after=2023-07-05T00:00:00+00:00
[2023-07-05T12:58:45.631+0000] {processor.py:179} INFO - Processing /home/airflow/.local/lib/python3.7/site-packages/airflow/example_dags/example_branch_operator.py took 0.110 seconds
[2023-07-05T12:59:15.863+0000] {processor.py:157} INFO - Started process (PID=1083) to work on /home/airflow/.local/lib/python3.7/site-packages/airflow/example_dags/example_branch_operator.py
[2023-07-05T12:59:15.864+0000] {processor.py:826} INFO - Processing file /home/airflow/.local/lib/python3.7/site-packages/airflow/example_dags/example_branch_operator.py for tasks to queue
[2023-07-05T12:59:15.865+0000] {logging_mixin.py:149} INFO - [2023-07-05T12:59:15.865+0000] {dagbag.py:541} INFO - Filling up the DagBag from /home/airflow/.local/lib/python3.7/site-packages/airflow/example_dags/example_branch_operator.py
[2023-07-05T12:59:15.877+0000] {processor.py:836} INFO - DAG(s) dict_keys(['example_branch_operator']) retrieved from /home/airflow/.local/lib/python3.7/site-packages/airflow/example_dags/example_branch_operator.py
[2023-07-05T12:59:15.915+0000] {logging_mixin.py:149} INFO - [2023-07-05T12:59:15.915+0000] {dag.py:2726} INFO - Sync 1 DAGs
[2023-07-05T12:59:15.960+0000] {logging_mixin.py:149} INFO - [2023-07-05T12:59:15.960+0000] {dag.py:3490} INFO - Setting next_dagrun for example_branch_operator to 2023-07-04T00:00:00+00:00, run_after=2023-07-05T00:00:00+00:00
[2023-07-05T12:59:15.994+0000] {processor.py:179} INFO - Processing /home/airflow/.local/lib/python3.7/site-packages/airflow/example_dags/example_branch_operator.py took 0.136 seconds
[2023-07-05T12:59:46.205+0000] {processor.py:157} INFO - Started process (PID=1140) to work on /home/airflow/.local/lib/python3.7/site-packages/airflow/example_dags/example_branch_operator.py
[2023-07-05T12:59:46.206+0000] {processor.py:826} INFO - Processing file /home/airflow/.local/lib/python3.7/site-packages/airflow/example_dags/example_branch_operator.py for tasks to queue
[2023-07-05T12:59:46.207+0000] {logging_mixin.py:149} INFO - [2023-07-05T12:59:46.207+0000] {dagbag.py:541} INFO - Filling up the DagBag from /home/airflow/.local/lib/python3.7/site-packages/airflow/example_dags/example_branch_operator.py
[2023-07-05T12:59:46.220+0000] {processor.py:836} INFO - DAG(s) dict_keys(['example_branch_operator']) retrieved from /home/airflow/.local/lib/python3.7/site-packages/airflow/example_dags/example_branch_operator.py
[2023-07-05T12:59:46.254+0000] {logging_mixin.py:149} INFO - [2023-07-05T12:59:46.254+0000] {dag.py:2726} INFO - Sync 1 DAGs
[2023-07-05T12:59:46.298+0000] {logging_mixin.py:149} INFO - [2023-07-05T12:59:46.298+0000] {dag.py:3490} INFO - Setting next_dagrun for example_branch_operator to 2023-07-04T00:00:00+00:00, run_after=2023-07-05T00:00:00+00:00
[2023-07-05T12:59:46.328+0000] {processor.py:179} INFO - Processing /home/airflow/.local/lib/python3.7/site-packages/airflow/example_dags/example_branch_operator.py took 0.127 seconds
[2023-07-05T13:00:16.986+0000] {processor.py:157} INFO - Started process (PID=1197) to work on /home/airflow/.local/lib/python3.7/site-packages/airflow/example_dags/example_branch_operator.py
[2023-07-05T13:00:16.989+0000] {processor.py:826} INFO - Processing file /home/airflow/.local/lib/python3.7/site-packages/airflow/example_dags/example_branch_operator.py for tasks to queue
[2023-07-05T13:00:16.994+0000] {logging_mixin.py:149} INFO - [2023-07-05T13:00:16.993+0000] {dagbag.py:541} INFO - Filling up the DagBag from /home/airflow/.local/lib/python3.7/site-packages/airflow/example_dags/example_branch_operator.py
[2023-07-05T13:00:17.010+0000] {processor.py:836} INFO - DAG(s) dict_keys(['example_branch_operator']) retrieved from /home/airflow/.local/lib/python3.7/site-packages/airflow/example_dags/example_branch_operator.py
[2023-07-05T13:00:17.049+0000] {logging_mixin.py:149} INFO - [2023-07-05T13:00:17.049+0000] {dag.py:2726} INFO - Sync 1 DAGs
[2023-07-05T13:00:17.092+0000] {logging_mixin.py:149} INFO - [2023-07-05T13:00:17.089+0000] {dag.py:3490} INFO - Setting next_dagrun for example_branch_operator to 2023-07-04T00:00:00+00:00, run_after=2023-07-05T00:00:00+00:00
[2023-07-05T13:00:17.130+0000] {processor.py:179} INFO - Processing /home/airflow/.local/lib/python3.7/site-packages/airflow/example_dags/example_branch_operator.py took 0.149 seconds
[2023-07-05T13:00:47.257+0000] {processor.py:157} INFO - Started process (PID=1254) to work on /home/airflow/.local/lib/python3.7/site-packages/airflow/example_dags/example_branch_operator.py
[2023-07-05T13:00:47.259+0000] {processor.py:826} INFO - Processing file /home/airflow/.local/lib/python3.7/site-packages/airflow/example_dags/example_branch_operator.py for tasks to queue
[2023-07-05T13:00:47.261+0000] {logging_mixin.py:149} INFO - [2023-07-05T13:00:47.260+0000] {dagbag.py:541} INFO - Filling up the DagBag from /home/airflow/.local/lib/python3.7/site-packages/airflow/example_dags/example_branch_operator.py
[2023-07-05T13:00:47.275+0000] {processor.py:836} INFO - DAG(s) dict_keys(['example_branch_operator']) retrieved from /home/airflow/.local/lib/python3.7/site-packages/airflow/example_dags/example_branch_operator.py
[2023-07-05T13:00:47.325+0000] {logging_mixin.py:149} INFO - [2023-07-05T13:00:47.325+0000] {dag.py:2726} INFO - Sync 1 DAGs
[2023-07-05T13:00:47.377+0000] {logging_mixin.py:149} INFO - [2023-07-05T13:00:47.377+0000] {dag.py:3490} INFO - Setting next_dagrun for example_branch_operator to 2023-07-04T00:00:00+00:00, run_after=2023-07-05T00:00:00+00:00
[2023-07-05T13:00:47.412+0000] {processor.py:179} INFO - Processing /home/airflow/.local/lib/python3.7/site-packages/airflow/example_dags/example_branch_operator.py took 0.159 seconds
[2023-07-05T13:01:17.596+0000] {processor.py:157} INFO - Started process (PID=1311) to work on /home/airflow/.local/lib/python3.7/site-packages/airflow/example_dags/example_branch_operator.py
[2023-07-05T13:01:17.598+0000] {processor.py:826} INFO - Processing file /home/airflow/.local/lib/python3.7/site-packages/airflow/example_dags/example_branch_operator.py for tasks to queue
[2023-07-05T13:01:17.599+0000] {logging_mixin.py:149} INFO - [2023-07-05T13:01:17.599+0000] {dagbag.py:541} INFO - Filling up the DagBag from /home/airflow/.local/lib/python3.7/site-packages/airflow/example_dags/example_branch_operator.py
[2023-07-05T13:01:17.617+0000] {processor.py:836} INFO - DAG(s) dict_keys(['example_branch_operator']) retrieved from /home/airflow/.local/lib/python3.7/site-packages/airflow/example_dags/example_branch_operator.py
[2023-07-05T13:01:17.658+0000] {logging_mixin.py:149} INFO - [2023-07-05T13:01:17.658+0000] {dag.py:2726} INFO - Sync 1 DAGs
[2023-07-05T13:01:17.701+0000] {logging_mixin.py:149} INFO - [2023-07-05T13:01:17.701+0000] {dag.py:3490} INFO - Setting next_dagrun for example_branch_operator to 2023-07-04T00:00:00+00:00, run_after=2023-07-05T00:00:00+00:00
[2023-07-05T13:01:17.748+0000] {processor.py:179} INFO - Processing /home/airflow/.local/lib/python3.7/site-packages/airflow/example_dags/example_branch_operator.py took 0.157 seconds
[2023-07-05T13:01:47.853+0000] {processor.py:157} INFO - Started process (PID=1376) to work on /home/airflow/.local/lib/python3.7/site-packages/airflow/example_dags/example_branch_operator.py
[2023-07-05T13:01:47.854+0000] {processor.py:826} INFO - Processing file /home/airflow/.local/lib/python3.7/site-packages/airflow/example_dags/example_branch_operator.py for tasks to queue
[2023-07-05T13:01:47.855+0000] {logging_mixin.py:149} INFO - [2023-07-05T13:01:47.855+0000] {dagbag.py:541} INFO - Filling up the DagBag from /home/airflow/.local/lib/python3.7/site-packages/airflow/example_dags/example_branch_operator.py
[2023-07-05T13:01:47.867+0000] {processor.py:836} INFO - DAG(s) dict_keys(['example_branch_operator']) retrieved from /home/airflow/.local/lib/python3.7/site-packages/airflow/example_dags/example_branch_operator.py
[2023-07-05T13:01:47.909+0000] {logging_mixin.py:149} INFO - [2023-07-05T13:01:47.908+0000] {dag.py:2726} INFO - Sync 1 DAGs
[2023-07-05T13:01:47.951+0000] {logging_mixin.py:149} INFO - [2023-07-05T13:01:47.950+0000] {dag.py:3490} INFO - Setting next_dagrun for example_branch_operator to 2023-07-04T00:00:00+00:00, run_after=2023-07-05T00:00:00+00:00
[2023-07-05T13:01:47.978+0000] {processor.py:179} INFO - Processing /home/airflow/.local/lib/python3.7/site-packages/airflow/example_dags/example_branch_operator.py took 0.130 seconds
[2023-07-05T13:02:18.167+0000] {processor.py:157} INFO - Started process (PID=1433) to work on /home/airflow/.local/lib/python3.7/site-packages/airflow/example_dags/example_branch_operator.py
[2023-07-05T13:02:18.169+0000] {processor.py:826} INFO - Processing file /home/airflow/.local/lib/python3.7/site-packages/airflow/example_dags/example_branch_operator.py for tasks to queue
[2023-07-05T13:02:18.169+0000] {logging_mixin.py:149} INFO - [2023-07-05T13:02:18.169+0000] {dagbag.py:541} INFO - Filling up the DagBag from /home/airflow/.local/lib/python3.7/site-packages/airflow/example_dags/example_branch_operator.py
[2023-07-05T13:02:18.184+0000] {processor.py:836} INFO - DAG(s) dict_keys(['example_branch_operator']) retrieved from /home/airflow/.local/lib/python3.7/site-packages/airflow/example_dags/example_branch_operator.py
[2023-07-05T13:02:18.222+0000] {logging_mixin.py:149} INFO - [2023-07-05T13:02:18.222+0000] {dag.py:2726} INFO - Sync 1 DAGs
[2023-07-05T13:02:18.272+0000] {logging_mixin.py:149} INFO - [2023-07-05T13:02:18.271+0000] {dag.py:3490} INFO - Setting next_dagrun for example_branch_operator to 2023-07-04T00:00:00+00:00, run_after=2023-07-05T00:00:00+00:00
[2023-07-05T13:02:18.306+0000] {processor.py:179} INFO - Processing /home/airflow/.local/lib/python3.7/site-packages/airflow/example_dags/example_branch_operator.py took 0.143 seconds
[2023-07-05T13:02:48.421+0000] {processor.py:157} INFO - Started process (PID=1490) to work on /home/airflow/.local/lib/python3.7/site-packages/airflow/example_dags/example_branch_operator.py
[2023-07-05T13:02:48.423+0000] {processor.py:826} INFO - Processing file /home/airflow/.local/lib/python3.7/site-packages/airflow/example_dags/example_branch_operator.py for tasks to queue
[2023-07-05T13:02:48.424+0000] {logging_mixin.py:149} INFO - [2023-07-05T13:02:48.424+0000] {dagbag.py:541} INFO - Filling up the DagBag from /home/airflow/.local/lib/python3.7/site-packages/airflow/example_dags/example_branch_operator.py
[2023-07-05T13:02:48.439+0000] {processor.py:836} INFO - DAG(s) dict_keys(['example_branch_operator']) retrieved from /home/airflow/.local/lib/python3.7/site-packages/airflow/example_dags/example_branch_operator.py
[2023-07-05T13:02:48.479+0000] {logging_mixin.py:149} INFO - [2023-07-05T13:02:48.478+0000] {dag.py:2726} INFO - Sync 1 DAGs
[2023-07-05T13:02:48.524+0000] {logging_mixin.py:149} INFO - [2023-07-05T13:02:48.524+0000] {dag.py:3490} INFO - Setting next_dagrun for example_branch_operator to 2023-07-04T00:00:00+00:00, run_after=2023-07-05T00:00:00+00:00
[2023-07-05T13:02:48.551+0000] {processor.py:179} INFO - Processing /home/airflow/.local/lib/python3.7/site-packages/airflow/example_dags/example_branch_operator.py took 0.135 seconds
[2023-07-05T13:03:18.836+0000] {processor.py:157} INFO - Started process (PID=1547) to work on /home/airflow/.local/lib/python3.7/site-packages/airflow/example_dags/example_branch_operator.py
[2023-07-05T13:03:18.837+0000] {processor.py:826} INFO - Processing file /home/airflow/.local/lib/python3.7/site-packages/airflow/example_dags/example_branch_operator.py for tasks to queue
[2023-07-05T13:03:18.837+0000] {logging_mixin.py:149} INFO - [2023-07-05T13:03:18.837+0000] {dagbag.py:541} INFO - Filling up the DagBag from /home/airflow/.local/lib/python3.7/site-packages/airflow/example_dags/example_branch_operator.py
[2023-07-05T13:03:18.850+0000] {processor.py:836} INFO - DAG(s) dict_keys(['example_branch_operator']) retrieved from /home/airflow/.local/lib/python3.7/site-packages/airflow/example_dags/example_branch_operator.py
[2023-07-05T13:03:18.884+0000] {logging_mixin.py:149} INFO - [2023-07-05T13:03:18.883+0000] {dag.py:2726} INFO - Sync 1 DAGs
[2023-07-05T13:03:18.920+0000] {logging_mixin.py:149} INFO - [2023-07-05T13:03:18.919+0000] {dag.py:3490} INFO - Setting next_dagrun for example_branch_operator to 2023-07-04T00:00:00+00:00, run_after=2023-07-05T00:00:00+00:00
[2023-07-05T13:03:18.958+0000] {processor.py:179} INFO - Processing /home/airflow/.local/lib/python3.7/site-packages/airflow/example_dags/example_branch_operator.py took 0.126 seconds
[2023-07-05T13:03:49.173+0000] {processor.py:157} INFO - Started process (PID=1604) to work on /home/airflow/.local/lib/python3.7/site-packages/airflow/example_dags/example_branch_operator.py
[2023-07-05T13:03:49.174+0000] {processor.py:826} INFO - Processing file /home/airflow/.local/lib/python3.7/site-packages/airflow/example_dags/example_branch_operator.py for tasks to queue
[2023-07-05T13:03:49.175+0000] {logging_mixin.py:149} INFO - [2023-07-05T13:03:49.175+0000] {dagbag.py:541} INFO - Filling up the DagBag from /home/airflow/.local/lib/python3.7/site-packages/airflow/example_dags/example_branch_operator.py
[2023-07-05T13:03:49.189+0000] {processor.py:836} INFO - DAG(s) dict_keys(['example_branch_operator']) retrieved from /home/airflow/.local/lib/python3.7/site-packages/airflow/example_dags/example_branch_operator.py
[2023-07-05T13:03:49.233+0000] {logging_mixin.py:149} INFO - [2023-07-05T13:03:49.232+0000] {dag.py:2726} INFO - Sync 1 DAGs
[2023-07-05T13:03:49.282+0000] {logging_mixin.py:149} INFO - [2023-07-05T13:03:49.281+0000] {dag.py:3490} INFO - Setting next_dagrun for example_branch_operator to 2023-07-04T00:00:00+00:00, run_after=2023-07-05T00:00:00+00:00
[2023-07-05T13:03:49.304+0000] {processor.py:179} INFO - Processing /home/airflow/.local/lib/python3.7/site-packages/airflow/example_dags/example_branch_operator.py took 0.134 seconds
[2023-07-05T13:04:19.488+0000] {processor.py:157} INFO - Started process (PID=1660) to work on /home/airflow/.local/lib/python3.7/site-packages/airflow/example_dags/example_branch_operator.py
[2023-07-05T13:04:19.490+0000] {processor.py:826} INFO - Processing file /home/airflow/.local/lib/python3.7/site-packages/airflow/example_dags/example_branch_operator.py for tasks to queue
[2023-07-05T13:04:19.491+0000] {logging_mixin.py:149} INFO - [2023-07-05T13:04:19.491+0000] {dagbag.py:541} INFO - Filling up the DagBag from /home/airflow/.local/lib/python3.7/site-packages/airflow/example_dags/example_branch_operator.py
[2023-07-05T13:04:19.503+0000] {processor.py:836} INFO - DAG(s) dict_keys(['example_branch_operator']) retrieved from /home/airflow/.local/lib/python3.7/site-packages/airflow/example_dags/example_branch_operator.py
[2023-07-05T13:04:19.538+0000] {logging_mixin.py:149} INFO - [2023-07-05T13:04:19.537+0000] {dag.py:2726} INFO - Sync 1 DAGs
[2023-07-05T13:04:19.579+0000] {logging_mixin.py:149} INFO - [2023-07-05T13:04:19.579+0000] {dag.py:3490} INFO - Setting next_dagrun for example_branch_operator to 2023-07-04T00:00:00+00:00, run_after=2023-07-05T00:00:00+00:00
[2023-07-05T13:04:19.607+0000] {processor.py:179} INFO - Processing /home/airflow/.local/lib/python3.7/site-packages/airflow/example_dags/example_branch_operator.py took 0.123 seconds
[2023-07-05T13:04:49.744+0000] {processor.py:157} INFO - Started process (PID=1717) to work on /home/airflow/.local/lib/python3.7/site-packages/airflow/example_dags/example_branch_operator.py
[2023-07-05T13:04:49.745+0000] {processor.py:826} INFO - Processing file /home/airflow/.local/lib/python3.7/site-packages/airflow/example_dags/example_branch_operator.py for tasks to queue
[2023-07-05T13:04:49.746+0000] {logging_mixin.py:149} INFO - [2023-07-05T13:04:49.746+0000] {dagbag.py:541} INFO - Filling up the DagBag from /home/airflow/.local/lib/python3.7/site-packages/airflow/example_dags/example_branch_operator.py
[2023-07-05T13:04:49.759+0000] {processor.py:836} INFO - DAG(s) dict_keys(['example_branch_operator']) retrieved from /home/airflow/.local/lib/python3.7/site-packages/airflow/example_dags/example_branch_operator.py
[2023-07-05T13:04:49.799+0000] {logging_mixin.py:149} INFO - [2023-07-05T13:04:49.799+0000] {dag.py:2726} INFO - Sync 1 DAGs
[2023-07-05T13:04:49.838+0000] {logging_mixin.py:149} INFO - [2023-07-05T13:04:49.838+0000] {dag.py:3490} INFO - Setting next_dagrun for example_branch_operator to 2023-07-04T00:00:00+00:00, run_after=2023-07-05T00:00:00+00:00
[2023-07-05T13:04:49.870+0000] {processor.py:179} INFO - Processing /home/airflow/.local/lib/python3.7/site-packages/airflow/example_dags/example_branch_operator.py took 0.131 seconds
[2023-07-05T13:05:20.101+0000] {processor.py:157} INFO - Started process (PID=1775) to work on /home/airflow/.local/lib/python3.7/site-packages/airflow/example_dags/example_branch_operator.py
[2023-07-05T13:05:20.103+0000] {processor.py:826} INFO - Processing file /home/airflow/.local/lib/python3.7/site-packages/airflow/example_dags/example_branch_operator.py for tasks to queue
[2023-07-05T13:05:20.104+0000] {logging_mixin.py:149} INFO - [2023-07-05T13:05:20.103+0000] {dagbag.py:541} INFO - Filling up the DagBag from /home/airflow/.local/lib/python3.7/site-packages/airflow/example_dags/example_branch_operator.py
[2023-07-05T13:05:20.123+0000] {processor.py:836} INFO - DAG(s) dict_keys(['example_branch_operator']) retrieved from /home/airflow/.local/lib/python3.7/site-packages/airflow/example_dags/example_branch_operator.py
[2023-07-05T13:05:20.179+0000] {logging_mixin.py:149} INFO - [2023-07-05T13:05:20.179+0000] {dag.py:2726} INFO - Sync 1 DAGs
[2023-07-05T13:05:20.232+0000] {logging_mixin.py:149} INFO - [2023-07-05T13:05:20.232+0000] {dag.py:3490} INFO - Setting next_dagrun for example_branch_operator to 2023-07-04T00:00:00+00:00, run_after=2023-07-05T00:00:00+00:00
[2023-07-05T13:05:20.277+0000] {processor.py:179} INFO - Processing /home/airflow/.local/lib/python3.7/site-packages/airflow/example_dags/example_branch_operator.py took 0.181 seconds
[2023-07-05T13:05:50.465+0000] {processor.py:157} INFO - Started process (PID=1832) to work on /home/airflow/.local/lib/python3.7/site-packages/airflow/example_dags/example_branch_operator.py
[2023-07-05T13:05:50.466+0000] {processor.py:826} INFO - Processing file /home/airflow/.local/lib/python3.7/site-packages/airflow/example_dags/example_branch_operator.py for tasks to queue
[2023-07-05T13:05:50.467+0000] {logging_mixin.py:149} INFO - [2023-07-05T13:05:50.467+0000] {dagbag.py:541} INFO - Filling up the DagBag from /home/airflow/.local/lib/python3.7/site-packages/airflow/example_dags/example_branch_operator.py
[2023-07-05T13:05:50.479+0000] {processor.py:836} INFO - DAG(s) dict_keys(['example_branch_operator']) retrieved from /home/airflow/.local/lib/python3.7/site-packages/airflow/example_dags/example_branch_operator.py
[2023-07-05T13:05:50.516+0000] {logging_mixin.py:149} INFO - [2023-07-05T13:05:50.516+0000] {dag.py:2726} INFO - Sync 1 DAGs
[2023-07-05T13:05:50.565+0000] {logging_mixin.py:149} INFO - [2023-07-05T13:05:50.564+0000] {dag.py:3490} INFO - Setting next_dagrun for example_branch_operator to 2023-07-04T00:00:00+00:00, run_after=2023-07-05T00:00:00+00:00
[2023-07-05T13:05:50.598+0000] {processor.py:179} INFO - Processing /home/airflow/.local/lib/python3.7/site-packages/airflow/example_dags/example_branch_operator.py took 0.137 seconds
[2023-07-05T13:06:20.868+0000] {processor.py:157} INFO - Started process (PID=1889) to work on /home/airflow/.local/lib/python3.7/site-packages/airflow/example_dags/example_branch_operator.py
[2023-07-05T13:06:20.869+0000] {processor.py:826} INFO - Processing file /home/airflow/.local/lib/python3.7/site-packages/airflow/example_dags/example_branch_operator.py for tasks to queue
[2023-07-05T13:06:20.870+0000] {logging_mixin.py:149} INFO - [2023-07-05T13:06:20.870+0000] {dagbag.py:541} INFO - Filling up the DagBag from /home/airflow/.local/lib/python3.7/site-packages/airflow/example_dags/example_branch_operator.py
[2023-07-05T13:06:20.886+0000] {processor.py:836} INFO - DAG(s) dict_keys(['example_branch_operator']) retrieved from /home/airflow/.local/lib/python3.7/site-packages/airflow/example_dags/example_branch_operator.py
[2023-07-05T13:06:20.924+0000] {logging_mixin.py:149} INFO - [2023-07-05T13:06:20.924+0000] {dag.py:2726} INFO - Sync 1 DAGs
[2023-07-05T13:06:20.962+0000] {logging_mixin.py:149} INFO - [2023-07-05T13:06:20.961+0000] {dag.py:3490} INFO - Setting next_dagrun for example_branch_operator to 2023-07-04T00:00:00+00:00, run_after=2023-07-05T00:00:00+00:00
[2023-07-05T13:06:21.000+0000] {processor.py:179} INFO - Processing /home/airflow/.local/lib/python3.7/site-packages/airflow/example_dags/example_branch_operator.py took 0.137 seconds
[2023-07-05T13:06:51.305+0000] {processor.py:157} INFO - Started process (PID=1946) to work on /home/airflow/.local/lib/python3.7/site-packages/airflow/example_dags/example_branch_operator.py
[2023-07-05T13:06:51.306+0000] {processor.py:826} INFO - Processing file /home/airflow/.local/lib/python3.7/site-packages/airflow/example_dags/example_branch_operator.py for tasks to queue
[2023-07-05T13:06:51.307+0000] {logging_mixin.py:149} INFO - [2023-07-05T13:06:51.307+0000] {dagbag.py:541} INFO - Filling up the DagBag from /home/airflow/.local/lib/python3.7/site-packages/airflow/example_dags/example_branch_operator.py
[2023-07-05T13:06:51.320+0000] {processor.py:836} INFO - DAG(s) dict_keys(['example_branch_operator']) retrieved from /home/airflow/.local/lib/python3.7/site-packages/airflow/example_dags/example_branch_operator.py
[2023-07-05T13:06:51.363+0000] {logging_mixin.py:149} INFO - [2023-07-05T13:06:51.363+0000] {dag.py:2726} INFO - Sync 1 DAGs
[2023-07-05T13:06:51.409+0000] {logging_mixin.py:149} INFO - [2023-07-05T13:06:51.409+0000] {dag.py:3490} INFO - Setting next_dagrun for example_branch_operator to 2023-07-04T00:00:00+00:00, run_after=2023-07-05T00:00:00+00:00
[2023-07-05T13:06:51.439+0000] {processor.py:179} INFO - Processing /home/airflow/.local/lib/python3.7/site-packages/airflow/example_dags/example_branch_operator.py took 0.138 seconds
[2023-07-05T13:07:21.664+0000] {processor.py:157} INFO - Started process (PID=2003) to work on /home/airflow/.local/lib/python3.7/site-packages/airflow/example_dags/example_branch_operator.py
[2023-07-05T13:07:21.666+0000] {processor.py:826} INFO - Processing file /home/airflow/.local/lib/python3.7/site-packages/airflow/example_dags/example_branch_operator.py for tasks to queue
[2023-07-05T13:07:21.667+0000] {logging_mixin.py:149} INFO - [2023-07-05T13:07:21.667+0000] {dagbag.py:541} INFO - Filling up the DagBag from /home/airflow/.local/lib/python3.7/site-packages/airflow/example_dags/example_branch_operator.py
[2023-07-05T13:07:21.681+0000] {processor.py:836} INFO - DAG(s) dict_keys(['example_branch_operator']) retrieved from /home/airflow/.local/lib/python3.7/site-packages/airflow/example_dags/example_branch_operator.py
[2023-07-05T13:07:21.714+0000] {logging_mixin.py:149} INFO - [2023-07-05T13:07:21.714+0000] {dag.py:2726} INFO - Sync 1 DAGs
[2023-07-05T13:07:21.749+0000] {logging_mixin.py:149} INFO - [2023-07-05T13:07:21.748+0000] {dag.py:3490} INFO - Setting next_dagrun for example_branch_operator to 2023-07-04T00:00:00+00:00, run_after=2023-07-05T00:00:00+00:00
[2023-07-05T13:07:21.776+0000] {processor.py:179} INFO - Processing /home/airflow/.local/lib/python3.7/site-packages/airflow/example_dags/example_branch_operator.py took 0.117 seconds
[2023-07-05T13:07:51.932+0000] {processor.py:157} INFO - Started process (PID=2059) to work on /home/airflow/.local/lib/python3.7/site-packages/airflow/example_dags/example_branch_operator.py
[2023-07-05T13:07:51.933+0000] {processor.py:826} INFO - Processing file /home/airflow/.local/lib/python3.7/site-packages/airflow/example_dags/example_branch_operator.py for tasks to queue
[2023-07-05T13:07:51.934+0000] {logging_mixin.py:149} INFO - [2023-07-05T13:07:51.933+0000] {dagbag.py:541} INFO - Filling up the DagBag from /home/airflow/.local/lib/python3.7/site-packages/airflow/example_dags/example_branch_operator.py
[2023-07-05T13:07:51.946+0000] {processor.py:836} INFO - DAG(s) dict_keys(['example_branch_operator']) retrieved from /home/airflow/.local/lib/python3.7/site-packages/airflow/example_dags/example_branch_operator.py
[2023-07-05T13:07:51.979+0000] {logging_mixin.py:149} INFO - [2023-07-05T13:07:51.979+0000] {dag.py:2726} INFO - Sync 1 DAGs
[2023-07-05T13:07:52.020+0000] {logging_mixin.py:149} INFO - [2023-07-05T13:07:52.019+0000] {dag.py:3490} INFO - Setting next_dagrun for example_branch_operator to 2023-07-04T00:00:00+00:00, run_after=2023-07-05T00:00:00+00:00
[2023-07-05T13:07:52.047+0000] {processor.py:179} INFO - Processing /home/airflow/.local/lib/python3.7/site-packages/airflow/example_dags/example_branch_operator.py took 0.118 seconds
[2023-07-05T13:08:22.219+0000] {processor.py:157} INFO - Started process (PID=2116) to work on /home/airflow/.local/lib/python3.7/site-packages/airflow/example_dags/example_branch_operator.py
[2023-07-05T13:08:22.226+0000] {processor.py:826} INFO - Processing file /home/airflow/.local/lib/python3.7/site-packages/airflow/example_dags/example_branch_operator.py for tasks to queue
[2023-07-05T13:08:22.227+0000] {logging_mixin.py:149} INFO - [2023-07-05T13:08:22.227+0000] {dagbag.py:541} INFO - Filling up the DagBag from /home/airflow/.local/lib/python3.7/site-packages/airflow/example_dags/example_branch_operator.py
[2023-07-05T13:08:22.240+0000] {processor.py:836} INFO - DAG(s) dict_keys(['example_branch_operator']) retrieved from /home/airflow/.local/lib/python3.7/site-packages/airflow/example_dags/example_branch_operator.py
[2023-07-05T13:08:22.283+0000] {logging_mixin.py:149} INFO - [2023-07-05T13:08:22.283+0000] {dag.py:2726} INFO - Sync 1 DAGs
[2023-07-05T13:08:22.329+0000] {logging_mixin.py:149} INFO - [2023-07-05T13:08:22.329+0000] {dag.py:3490} INFO - Setting next_dagrun for example_branch_operator to 2023-07-04T00:00:00+00:00, run_after=2023-07-05T00:00:00+00:00
[2023-07-05T13:08:22.361+0000] {processor.py:179} INFO - Processing /home/airflow/.local/lib/python3.7/site-packages/airflow/example_dags/example_branch_operator.py took 0.147 seconds
[2023-07-05T13:08:52.819+0000] {processor.py:157} INFO - Started process (PID=2173) to work on /home/airflow/.local/lib/python3.7/site-packages/airflow/example_dags/example_branch_operator.py
[2023-07-05T13:08:52.820+0000] {processor.py:826} INFO - Processing file /home/airflow/.local/lib/python3.7/site-packages/airflow/example_dags/example_branch_operator.py for tasks to queue
[2023-07-05T13:08:52.821+0000] {logging_mixin.py:149} INFO - [2023-07-05T13:08:52.821+0000] {dagbag.py:541} INFO - Filling up the DagBag from /home/airflow/.local/lib/python3.7/site-packages/airflow/example_dags/example_branch_operator.py
[2023-07-05T13:08:52.834+0000] {processor.py:836} INFO - DAG(s) dict_keys(['example_branch_operator']) retrieved from /home/airflow/.local/lib/python3.7/site-packages/airflow/example_dags/example_branch_operator.py
[2023-07-05T13:08:52.877+0000] {logging_mixin.py:149} INFO - [2023-07-05T13:08:52.876+0000] {dag.py:2726} INFO - Sync 1 DAGs
[2023-07-05T13:08:52.918+0000] {logging_mixin.py:149} INFO - [2023-07-05T13:08:52.918+0000] {dag.py:3490} INFO - Setting next_dagrun for example_branch_operator to 2023-07-04T00:00:00+00:00, run_after=2023-07-05T00:00:00+00:00
[2023-07-05T13:08:52.941+0000] {processor.py:179} INFO - Processing /home/airflow/.local/lib/python3.7/site-packages/airflow/example_dags/example_branch_operator.py took 0.127 seconds
[2023-07-05T13:09:23.293+0000] {processor.py:157} INFO - Started process (PID=2230) to work on /home/airflow/.local/lib/python3.7/site-packages/airflow/example_dags/example_branch_operator.py
[2023-07-05T13:09:23.294+0000] {processor.py:826} INFO - Processing file /home/airflow/.local/lib/python3.7/site-packages/airflow/example_dags/example_branch_operator.py for tasks to queue
[2023-07-05T13:09:23.295+0000] {logging_mixin.py:149} INFO - [2023-07-05T13:09:23.295+0000] {dagbag.py:541} INFO - Filling up the DagBag from /home/airflow/.local/lib/python3.7/site-packages/airflow/example_dags/example_branch_operator.py
[2023-07-05T13:09:23.308+0000] {processor.py:836} INFO - DAG(s) dict_keys(['example_branch_operator']) retrieved from /home/airflow/.local/lib/python3.7/site-packages/airflow/example_dags/example_branch_operator.py
[2023-07-05T13:09:23.344+0000] {logging_mixin.py:149} INFO - [2023-07-05T13:09:23.344+0000] {dag.py:2726} INFO - Sync 1 DAGs
[2023-07-05T13:09:23.394+0000] {logging_mixin.py:149} INFO - [2023-07-05T13:09:23.394+0000] {dag.py:3490} INFO - Setting next_dagrun for example_branch_operator to 2023-07-04T00:00:00+00:00, run_after=2023-07-05T00:00:00+00:00
[2023-07-05T13:09:23.423+0000] {processor.py:179} INFO - Processing /home/airflow/.local/lib/python3.7/site-packages/airflow/example_dags/example_branch_operator.py took 0.134 seconds
[2023-07-05T13:09:53.757+0000] {processor.py:157} INFO - Started process (PID=2287) to work on /home/airflow/.local/lib/python3.7/site-packages/airflow/example_dags/example_branch_operator.py
[2023-07-05T13:09:53.759+0000] {processor.py:826} INFO - Processing file /home/airflow/.local/lib/python3.7/site-packages/airflow/example_dags/example_branch_operator.py for tasks to queue
[2023-07-05T13:09:53.760+0000] {logging_mixin.py:149} INFO - [2023-07-05T13:09:53.760+0000] {dagbag.py:541} INFO - Filling up the DagBag from /home/airflow/.local/lib/python3.7/site-packages/airflow/example_dags/example_branch_operator.py
[2023-07-05T13:09:53.773+0000] {processor.py:836} INFO - DAG(s) dict_keys(['example_branch_operator']) retrieved from /home/airflow/.local/lib/python3.7/site-packages/airflow/example_dags/example_branch_operator.py
[2023-07-05T13:09:53.809+0000] {logging_mixin.py:149} INFO - [2023-07-05T13:09:53.809+0000] {dag.py:2726} INFO - Sync 1 DAGs
[2023-07-05T13:09:53.846+0000] {logging_mixin.py:149} INFO - [2023-07-05T13:09:53.846+0000] {dag.py:3490} INFO - Setting next_dagrun for example_branch_operator to 2023-07-04T00:00:00+00:00, run_after=2023-07-05T00:00:00+00:00
[2023-07-05T13:09:53.876+0000] {processor.py:179} INFO - Processing /home/airflow/.local/lib/python3.7/site-packages/airflow/example_dags/example_branch_operator.py took 0.123 seconds
[2023-07-05T13:10:24.103+0000] {processor.py:157} INFO - Started process (PID=2344) to work on /home/airflow/.local/lib/python3.7/site-packages/airflow/example_dags/example_branch_operator.py
[2023-07-05T13:10:24.104+0000] {processor.py:826} INFO - Processing file /home/airflow/.local/lib/python3.7/site-packages/airflow/example_dags/example_branch_operator.py for tasks to queue
[2023-07-05T13:10:24.104+0000] {logging_mixin.py:149} INFO - [2023-07-05T13:10:24.104+0000] {dagbag.py:541} INFO - Filling up the DagBag from /home/airflow/.local/lib/python3.7/site-packages/airflow/example_dags/example_branch_operator.py
[2023-07-05T13:10:24.116+0000] {processor.py:836} INFO - DAG(s) dict_keys(['example_branch_operator']) retrieved from /home/airflow/.local/lib/python3.7/site-packages/airflow/example_dags/example_branch_operator.py
[2023-07-05T13:10:24.148+0000] {logging_mixin.py:149} INFO - [2023-07-05T13:10:24.148+0000] {dag.py:2726} INFO - Sync 1 DAGs
[2023-07-05T13:10:24.190+0000] {logging_mixin.py:149} INFO - [2023-07-05T13:10:24.190+0000] {dag.py:3490} INFO - Setting next_dagrun for example_branch_operator to 2023-07-04T00:00:00+00:00, run_after=2023-07-05T00:00:00+00:00
[2023-07-05T13:10:24.219+0000] {processor.py:179} INFO - Processing /home/airflow/.local/lib/python3.7/site-packages/airflow/example_dags/example_branch_operator.py took 0.120 seconds
[2023-07-05T13:10:54.482+0000] {processor.py:157} INFO - Started process (PID=2401) to work on /home/airflow/.local/lib/python3.7/site-packages/airflow/example_dags/example_branch_operator.py
[2023-07-05T13:10:54.483+0000] {processor.py:826} INFO - Processing file /home/airflow/.local/lib/python3.7/site-packages/airflow/example_dags/example_branch_operator.py for tasks to queue
[2023-07-05T13:10:54.489+0000] {logging_mixin.py:149} INFO - [2023-07-05T13:10:54.489+0000] {dagbag.py:541} INFO - Filling up the DagBag from /home/airflow/.local/lib/python3.7/site-packages/airflow/example_dags/example_branch_operator.py
[2023-07-05T13:10:54.502+0000] {processor.py:836} INFO - DAG(s) dict_keys(['example_branch_operator']) retrieved from /home/airflow/.local/lib/python3.7/site-packages/airflow/example_dags/example_branch_operator.py
[2023-07-05T13:10:54.546+0000] {logging_mixin.py:149} INFO - [2023-07-05T13:10:54.546+0000] {dag.py:2726} INFO - Sync 1 DAGs
[2023-07-05T13:10:54.594+0000] {logging_mixin.py:149} INFO - [2023-07-05T13:10:54.593+0000] {dag.py:3490} INFO - Setting next_dagrun for example_branch_operator to 2023-07-04T00:00:00+00:00, run_after=2023-07-05T00:00:00+00:00
[2023-07-05T13:10:54.628+0000] {processor.py:179} INFO - Processing /home/airflow/.local/lib/python3.7/site-packages/airflow/example_dags/example_branch_operator.py took 0.158 seconds
[2023-07-05T13:11:24.909+0000] {processor.py:157} INFO - Started process (PID=2458) to work on /home/airflow/.local/lib/python3.7/site-packages/airflow/example_dags/example_branch_operator.py
[2023-07-05T13:11:24.910+0000] {processor.py:826} INFO - Processing file /home/airflow/.local/lib/python3.7/site-packages/airflow/example_dags/example_branch_operator.py for tasks to queue
[2023-07-05T13:11:24.911+0000] {logging_mixin.py:149} INFO - [2023-07-05T13:11:24.911+0000] {dagbag.py:541} INFO - Filling up the DagBag from /home/airflow/.local/lib/python3.7/site-packages/airflow/example_dags/example_branch_operator.py
[2023-07-05T13:11:24.925+0000] {processor.py:836} INFO - DAG(s) dict_keys(['example_branch_operator']) retrieved from /home/airflow/.local/lib/python3.7/site-packages/airflow/example_dags/example_branch_operator.py
[2023-07-05T13:11:24.962+0000] {logging_mixin.py:149} INFO - [2023-07-05T13:11:24.962+0000] {dag.py:2726} INFO - Sync 1 DAGs
[2023-07-05T13:11:24.999+0000] {logging_mixin.py:149} INFO - [2023-07-05T13:11:24.999+0000] {dag.py:3490} INFO - Setting next_dagrun for example_branch_operator to 2023-07-04T00:00:00+00:00, run_after=2023-07-05T00:00:00+00:00
[2023-07-05T13:11:25.025+0000] {processor.py:179} INFO - Processing /home/airflow/.local/lib/python3.7/site-packages/airflow/example_dags/example_branch_operator.py took 0.120 seconds
[2023-07-05T13:11:55.271+0000] {processor.py:157} INFO - Started process (PID=2515) to work on /home/airflow/.local/lib/python3.7/site-packages/airflow/example_dags/example_branch_operator.py
[2023-07-05T13:11:55.272+0000] {processor.py:826} INFO - Processing file /home/airflow/.local/lib/python3.7/site-packages/airflow/example_dags/example_branch_operator.py for tasks to queue
[2023-07-05T13:11:55.273+0000] {logging_mixin.py:149} INFO - [2023-07-05T13:11:55.273+0000] {dagbag.py:541} INFO - Filling up the DagBag from /home/airflow/.local/lib/python3.7/site-packages/airflow/example_dags/example_branch_operator.py
[2023-07-05T13:11:55.286+0000] {processor.py:836} INFO - DAG(s) dict_keys(['example_branch_operator']) retrieved from /home/airflow/.local/lib/python3.7/site-packages/airflow/example_dags/example_branch_operator.py
[2023-07-05T13:11:55.334+0000] {logging_mixin.py:149} INFO - [2023-07-05T13:11:55.334+0000] {dag.py:2726} INFO - Sync 1 DAGs
[2023-07-05T13:11:55.375+0000] {logging_mixin.py:149} INFO - [2023-07-05T13:11:55.375+0000] {dag.py:3490} INFO - Setting next_dagrun for example_branch_operator to 2023-07-04T00:00:00+00:00, run_after=2023-07-05T00:00:00+00:00
[2023-07-05T13:11:55.406+0000] {processor.py:179} INFO - Processing /home/airflow/.local/lib/python3.7/site-packages/airflow/example_dags/example_branch_operator.py took 0.139 seconds
[2023-07-05T13:12:26.034+0000] {processor.py:157} INFO - Started process (PID=2572) to work on /home/airflow/.local/lib/python3.7/site-packages/airflow/example_dags/example_branch_operator.py
[2023-07-05T13:12:26.036+0000] {processor.py:826} INFO - Processing file /home/airflow/.local/lib/python3.7/site-packages/airflow/example_dags/example_branch_operator.py for tasks to queue
[2023-07-05T13:12:26.037+0000] {logging_mixin.py:149} INFO - [2023-07-05T13:12:26.037+0000] {dagbag.py:541} INFO - Filling up the DagBag from /home/airflow/.local/lib/python3.7/site-packages/airflow/example_dags/example_branch_operator.py
[2023-07-05T13:12:26.049+0000] {processor.py:836} INFO - DAG(s) dict_keys(['example_branch_operator']) retrieved from /home/airflow/.local/lib/python3.7/site-packages/airflow/example_dags/example_branch_operator.py
[2023-07-05T13:12:26.088+0000] {logging_mixin.py:149} INFO - [2023-07-05T13:12:26.088+0000] {dag.py:2726} INFO - Sync 1 DAGs
[2023-07-05T13:12:26.135+0000] {logging_mixin.py:149} INFO - [2023-07-05T13:12:26.134+0000] {dag.py:3490} INFO - Setting next_dagrun for example_branch_operator to 2023-07-04T00:00:00+00:00, run_after=2023-07-05T00:00:00+00:00
[2023-07-05T13:12:26.168+0000] {processor.py:179} INFO - Processing /home/airflow/.local/lib/python3.7/site-packages/airflow/example_dags/example_branch_operator.py took 0.138 seconds
[2023-07-05T13:12:56.286+0000] {processor.py:157} INFO - Started process (PID=2629) to work on /home/airflow/.local/lib/python3.7/site-packages/airflow/example_dags/example_branch_operator.py
[2023-07-05T13:12:56.287+0000] {processor.py:826} INFO - Processing file /home/airflow/.local/lib/python3.7/site-packages/airflow/example_dags/example_branch_operator.py for tasks to queue
[2023-07-05T13:12:56.288+0000] {logging_mixin.py:149} INFO - [2023-07-05T13:12:56.287+0000] {dagbag.py:541} INFO - Filling up the DagBag from /home/airflow/.local/lib/python3.7/site-packages/airflow/example_dags/example_branch_operator.py
[2023-07-05T13:12:56.299+0000] {processor.py:836} INFO - DAG(s) dict_keys(['example_branch_operator']) retrieved from /home/airflow/.local/lib/python3.7/site-packages/airflow/example_dags/example_branch_operator.py
[2023-07-05T13:12:56.335+0000] {logging_mixin.py:149} INFO - [2023-07-05T13:12:56.335+0000] {dag.py:2726} INFO - Sync 1 DAGs
[2023-07-05T13:12:56.377+0000] {logging_mixin.py:149} INFO - [2023-07-05T13:12:56.377+0000] {dag.py:3490} INFO - Setting next_dagrun for example_branch_operator to 2023-07-04T00:00:00+00:00, run_after=2023-07-05T00:00:00+00:00
[2023-07-05T13:12:56.401+0000] {processor.py:179} INFO - Processing /home/airflow/.local/lib/python3.7/site-packages/airflow/example_dags/example_branch_operator.py took 0.120 seconds
[2023-07-05T13:13:26.666+0000] {processor.py:157} INFO - Started process (PID=2686) to work on /home/airflow/.local/lib/python3.7/site-packages/airflow/example_dags/example_branch_operator.py
[2023-07-05T13:13:26.667+0000] {processor.py:826} INFO - Processing file /home/airflow/.local/lib/python3.7/site-packages/airflow/example_dags/example_branch_operator.py for tasks to queue
[2023-07-05T13:13:26.668+0000] {logging_mixin.py:149} INFO - [2023-07-05T13:13:26.668+0000] {dagbag.py:541} INFO - Filling up the DagBag from /home/airflow/.local/lib/python3.7/site-packages/airflow/example_dags/example_branch_operator.py
[2023-07-05T13:13:26.681+0000] {processor.py:836} INFO - DAG(s) dict_keys(['example_branch_operator']) retrieved from /home/airflow/.local/lib/python3.7/site-packages/airflow/example_dags/example_branch_operator.py
[2023-07-05T13:13:26.722+0000] {logging_mixin.py:149} INFO - [2023-07-05T13:13:26.722+0000] {dag.py:2726} INFO - Sync 1 DAGs
[2023-07-05T13:13:26.762+0000] {logging_mixin.py:149} INFO - [2023-07-05T13:13:26.761+0000] {dag.py:3490} INFO - Setting next_dagrun for example_branch_operator to 2023-07-04T00:00:00+00:00, run_after=2023-07-05T00:00:00+00:00
[2023-07-05T13:13:26.787+0000] {processor.py:179} INFO - Processing /home/airflow/.local/lib/python3.7/site-packages/airflow/example_dags/example_branch_operator.py took 0.124 seconds
[2023-07-05T13:13:56.863+0000] {processor.py:157} INFO - Started process (PID=2744) to work on /home/airflow/.local/lib/python3.7/site-packages/airflow/example_dags/example_branch_operator.py
[2023-07-05T13:13:56.865+0000] {processor.py:826} INFO - Processing file /home/airflow/.local/lib/python3.7/site-packages/airflow/example_dags/example_branch_operator.py for tasks to queue
[2023-07-05T13:13:56.866+0000] {logging_mixin.py:149} INFO - [2023-07-05T13:13:56.866+0000] {dagbag.py:541} INFO - Filling up the DagBag from /home/airflow/.local/lib/python3.7/site-packages/airflow/example_dags/example_branch_operator.py
[2023-07-05T13:13:56.882+0000] {processor.py:836} INFO - DAG(s) dict_keys(['example_branch_operator']) retrieved from /home/airflow/.local/lib/python3.7/site-packages/airflow/example_dags/example_branch_operator.py
[2023-07-05T13:13:56.921+0000] {logging_mixin.py:149} INFO - [2023-07-05T13:13:56.920+0000] {dag.py:2726} INFO - Sync 1 DAGs
[2023-07-05T13:13:56.963+0000] {logging_mixin.py:149} INFO - [2023-07-05T13:13:56.963+0000] {dag.py:3490} INFO - Setting next_dagrun for example_branch_operator to 2023-07-04T00:00:00+00:00, run_after=2023-07-05T00:00:00+00:00
[2023-07-05T13:13:56.991+0000] {processor.py:179} INFO - Processing /home/airflow/.local/lib/python3.7/site-packages/airflow/example_dags/example_branch_operator.py took 0.131 seconds
[2023-07-05T13:14:27.380+0000] {processor.py:157} INFO - Started process (PID=2801) to work on /home/airflow/.local/lib/python3.7/site-packages/airflow/example_dags/example_branch_operator.py
[2023-07-05T13:14:27.381+0000] {processor.py:826} INFO - Processing file /home/airflow/.local/lib/python3.7/site-packages/airflow/example_dags/example_branch_operator.py for tasks to queue
[2023-07-05T13:14:27.382+0000] {logging_mixin.py:149} INFO - [2023-07-05T13:14:27.382+0000] {dagbag.py:541} INFO - Filling up the DagBag from /home/airflow/.local/lib/python3.7/site-packages/airflow/example_dags/example_branch_operator.py
[2023-07-05T13:14:27.394+0000] {processor.py:836} INFO - DAG(s) dict_keys(['example_branch_operator']) retrieved from /home/airflow/.local/lib/python3.7/site-packages/airflow/example_dags/example_branch_operator.py
[2023-07-05T13:14:27.445+0000] {logging_mixin.py:149} INFO - [2023-07-05T13:14:27.445+0000] {dag.py:2726} INFO - Sync 1 DAGs
[2023-07-05T13:14:27.484+0000] {logging_mixin.py:149} INFO - [2023-07-05T13:14:27.484+0000] {dag.py:3490} INFO - Setting next_dagrun for example_branch_operator to 2023-07-04T00:00:00+00:00, run_after=2023-07-05T00:00:00+00:00
[2023-07-05T13:14:27.522+0000] {processor.py:179} INFO - Processing /home/airflow/.local/lib/python3.7/site-packages/airflow/example_dags/example_branch_operator.py took 0.146 seconds
[2023-07-05T13:14:57.594+0000] {processor.py:157} INFO - Started process (PID=2857) to work on /home/airflow/.local/lib/python3.7/site-packages/airflow/example_dags/example_branch_operator.py
[2023-07-05T13:14:57.596+0000] {processor.py:826} INFO - Processing file /home/airflow/.local/lib/python3.7/site-packages/airflow/example_dags/example_branch_operator.py for tasks to queue
[2023-07-05T13:14:57.598+0000] {logging_mixin.py:149} INFO - [2023-07-05T13:14:57.597+0000] {dagbag.py:541} INFO - Filling up the DagBag from /home/airflow/.local/lib/python3.7/site-packages/airflow/example_dags/example_branch_operator.py
[2023-07-05T13:14:57.612+0000] {processor.py:836} INFO - DAG(s) dict_keys(['example_branch_operator']) retrieved from /home/airflow/.local/lib/python3.7/site-packages/airflow/example_dags/example_branch_operator.py
[2023-07-05T13:14:57.650+0000] {logging_mixin.py:149} INFO - [2023-07-05T13:14:57.650+0000] {dag.py:2726} INFO - Sync 1 DAGs
[2023-07-05T13:14:57.694+0000] {logging_mixin.py:149} INFO - [2023-07-05T13:14:57.693+0000] {dag.py:3490} INFO - Setting next_dagrun for example_branch_operator to 2023-07-04T00:00:00+00:00, run_after=2023-07-05T00:00:00+00:00
[2023-07-05T13:14:57.726+0000] {processor.py:179} INFO - Processing /home/airflow/.local/lib/python3.7/site-packages/airflow/example_dags/example_branch_operator.py took 0.136 seconds
[2023-07-05T13:15:28.035+0000] {processor.py:157} INFO - Started process (PID=2914) to work on /home/airflow/.local/lib/python3.7/site-packages/airflow/example_dags/example_branch_operator.py
[2023-07-05T13:15:28.036+0000] {processor.py:826} INFO - Processing file /home/airflow/.local/lib/python3.7/site-packages/airflow/example_dags/example_branch_operator.py for tasks to queue
[2023-07-05T13:15:28.036+0000] {logging_mixin.py:149} INFO - [2023-07-05T13:15:28.036+0000] {dagbag.py:541} INFO - Filling up the DagBag from /home/airflow/.local/lib/python3.7/site-packages/airflow/example_dags/example_branch_operator.py
[2023-07-05T13:15:28.049+0000] {processor.py:836} INFO - DAG(s) dict_keys(['example_branch_operator']) retrieved from /home/airflow/.local/lib/python3.7/site-packages/airflow/example_dags/example_branch_operator.py
[2023-07-05T13:15:28.090+0000] {logging_mixin.py:149} INFO - [2023-07-05T13:15:28.089+0000] {dag.py:2726} INFO - Sync 1 DAGs
[2023-07-05T13:15:28.126+0000] {logging_mixin.py:149} INFO - [2023-07-05T13:15:28.125+0000] {dag.py:3490} INFO - Setting next_dagrun for example_branch_operator to 2023-07-04T00:00:00+00:00, run_after=2023-07-05T00:00:00+00:00
[2023-07-05T13:15:28.152+0000] {processor.py:179} INFO - Processing /home/airflow/.local/lib/python3.7/site-packages/airflow/example_dags/example_branch_operator.py took 0.121 seconds
[2023-07-05T13:15:58.342+0000] {processor.py:157} INFO - Started process (PID=2971) to work on /home/airflow/.local/lib/python3.7/site-packages/airflow/example_dags/example_branch_operator.py
[2023-07-05T13:15:58.344+0000] {processor.py:826} INFO - Processing file /home/airflow/.local/lib/python3.7/site-packages/airflow/example_dags/example_branch_operator.py for tasks to queue
[2023-07-05T13:15:58.345+0000] {logging_mixin.py:149} INFO - [2023-07-05T13:15:58.345+0000] {dagbag.py:541} INFO - Filling up the DagBag from /home/airflow/.local/lib/python3.7/site-packages/airflow/example_dags/example_branch_operator.py
[2023-07-05T13:15:58.358+0000] {processor.py:836} INFO - DAG(s) dict_keys(['example_branch_operator']) retrieved from /home/airflow/.local/lib/python3.7/site-packages/airflow/example_dags/example_branch_operator.py
[2023-07-05T13:15:58.398+0000] {logging_mixin.py:149} INFO - [2023-07-05T13:15:58.398+0000] {dag.py:2726} INFO - Sync 1 DAGs
[2023-07-05T13:15:58.443+0000] {logging_mixin.py:149} INFO - [2023-07-05T13:15:58.443+0000] {dag.py:3490} INFO - Setting next_dagrun for example_branch_operator to 2023-07-04T00:00:00+00:00, run_after=2023-07-05T00:00:00+00:00
[2023-07-05T13:15:58.490+0000] {processor.py:179} INFO - Processing /home/airflow/.local/lib/python3.7/site-packages/airflow/example_dags/example_branch_operator.py took 0.152 seconds
[2023-07-05T13:16:28.714+0000] {processor.py:157} INFO - Started process (PID=3028) to work on /home/airflow/.local/lib/python3.7/site-packages/airflow/example_dags/example_branch_operator.py
[2023-07-05T13:16:28.715+0000] {processor.py:826} INFO - Processing file /home/airflow/.local/lib/python3.7/site-packages/airflow/example_dags/example_branch_operator.py for tasks to queue
[2023-07-05T13:16:28.717+0000] {logging_mixin.py:149} INFO - [2023-07-05T13:16:28.716+0000] {dagbag.py:541} INFO - Filling up the DagBag from /home/airflow/.local/lib/python3.7/site-packages/airflow/example_dags/example_branch_operator.py
[2023-07-05T13:16:28.730+0000] {processor.py:836} INFO - DAG(s) dict_keys(['example_branch_operator']) retrieved from /home/airflow/.local/lib/python3.7/site-packages/airflow/example_dags/example_branch_operator.py
[2023-07-05T13:16:28.768+0000] {logging_mixin.py:149} INFO - [2023-07-05T13:16:28.768+0000] {dag.py:2726} INFO - Sync 1 DAGs
[2023-07-05T13:16:28.804+0000] {logging_mixin.py:149} INFO - [2023-07-05T13:16:28.804+0000] {dag.py:3490} INFO - Setting next_dagrun for example_branch_operator to 2023-07-04T00:00:00+00:00, run_after=2023-07-05T00:00:00+00:00
[2023-07-05T13:16:28.826+0000] {processor.py:179} INFO - Processing /home/airflow/.local/lib/python3.7/site-packages/airflow/example_dags/example_branch_operator.py took 0.117 seconds
[2023-07-05T13:16:59.287+0000] {processor.py:157} INFO - Started process (PID=3084) to work on /home/airflow/.local/lib/python3.7/site-packages/airflow/example_dags/example_branch_operator.py
[2023-07-05T13:16:59.289+0000] {processor.py:826} INFO - Processing file /home/airflow/.local/lib/python3.7/site-packages/airflow/example_dags/example_branch_operator.py for tasks to queue
[2023-07-05T13:16:59.291+0000] {logging_mixin.py:149} INFO - [2023-07-05T13:16:59.291+0000] {dagbag.py:541} INFO - Filling up the DagBag from /home/airflow/.local/lib/python3.7/site-packages/airflow/example_dags/example_branch_operator.py
[2023-07-05T13:16:59.305+0000] {processor.py:836} INFO - DAG(s) dict_keys(['example_branch_operator']) retrieved from /home/airflow/.local/lib/python3.7/site-packages/airflow/example_dags/example_branch_operator.py
[2023-07-05T13:16:59.345+0000] {logging_mixin.py:149} INFO - [2023-07-05T13:16:59.344+0000] {dag.py:2726} INFO - Sync 1 DAGs
[2023-07-05T13:16:59.384+0000] {logging_mixin.py:149} INFO - [2023-07-05T13:16:59.384+0000] {dag.py:3490} INFO - Setting next_dagrun for example_branch_operator to 2023-07-04T00:00:00+00:00, run_after=2023-07-05T00:00:00+00:00
[2023-07-05T13:16:59.414+0000] {processor.py:179} INFO - Processing /home/airflow/.local/lib/python3.7/site-packages/airflow/example_dags/example_branch_operator.py took 0.132 seconds
[2023-07-05T13:17:29.855+0000] {processor.py:157} INFO - Started process (PID=3141) to work on /home/airflow/.local/lib/python3.7/site-packages/airflow/example_dags/example_branch_operator.py
[2023-07-05T13:17:29.857+0000] {processor.py:826} INFO - Processing file /home/airflow/.local/lib/python3.7/site-packages/airflow/example_dags/example_branch_operator.py for tasks to queue
[2023-07-05T13:17:29.858+0000] {logging_mixin.py:149} INFO - [2023-07-05T13:17:29.858+0000] {dagbag.py:541} INFO - Filling up the DagBag from /home/airflow/.local/lib/python3.7/site-packages/airflow/example_dags/example_branch_operator.py
[2023-07-05T13:17:29.873+0000] {processor.py:836} INFO - DAG(s) dict_keys(['example_branch_operator']) retrieved from /home/airflow/.local/lib/python3.7/site-packages/airflow/example_dags/example_branch_operator.py
[2023-07-05T13:17:29.914+0000] {logging_mixin.py:149} INFO - [2023-07-05T13:17:29.913+0000] {dag.py:2726} INFO - Sync 1 DAGs
[2023-07-05T13:17:29.959+0000] {logging_mixin.py:149} INFO - [2023-07-05T13:17:29.959+0000] {dag.py:3490} INFO - Setting next_dagrun for example_branch_operator to 2023-07-04T00:00:00+00:00, run_after=2023-07-05T00:00:00+00:00
[2023-07-05T13:17:29.987+0000] {processor.py:179} INFO - Processing /home/airflow/.local/lib/python3.7/site-packages/airflow/example_dags/example_branch_operator.py took 0.137 seconds
[2023-07-05T13:18:00.242+0000] {processor.py:157} INFO - Started process (PID=3198) to work on /home/airflow/.local/lib/python3.7/site-packages/airflow/example_dags/example_branch_operator.py
[2023-07-05T13:18:00.243+0000] {processor.py:826} INFO - Processing file /home/airflow/.local/lib/python3.7/site-packages/airflow/example_dags/example_branch_operator.py for tasks to queue
[2023-07-05T13:18:00.244+0000] {logging_mixin.py:149} INFO - [2023-07-05T13:18:00.244+0000] {dagbag.py:541} INFO - Filling up the DagBag from /home/airflow/.local/lib/python3.7/site-packages/airflow/example_dags/example_branch_operator.py
[2023-07-05T13:18:00.255+0000] {processor.py:836} INFO - DAG(s) dict_keys(['example_branch_operator']) retrieved from /home/airflow/.local/lib/python3.7/site-packages/airflow/example_dags/example_branch_operator.py
[2023-07-05T13:18:00.289+0000] {logging_mixin.py:149} INFO - [2023-07-05T13:18:00.289+0000] {dag.py:2726} INFO - Sync 1 DAGs
[2023-07-05T13:18:00.334+0000] {logging_mixin.py:149} INFO - [2023-07-05T13:18:00.334+0000] {dag.py:3490} INFO - Setting next_dagrun for example_branch_operator to 2023-07-04T00:00:00+00:00, run_after=2023-07-05T00:00:00+00:00
[2023-07-05T13:18:00.357+0000] {processor.py:179} INFO - Processing /home/airflow/.local/lib/python3.7/site-packages/airflow/example_dags/example_branch_operator.py took 0.120 seconds
