[2023-07-05T12:50:03.129+0000] {processor.py:157} INFO - Started process (PID=75) to work on /home/airflow/.local/lib/python3.7/site-packages/airflow/example_dags/example_params_ui_tutorial.py
[2023-07-05T12:50:03.131+0000] {processor.py:826} INFO - Processing file /home/airflow/.local/lib/python3.7/site-packages/airflow/example_dags/example_params_ui_tutorial.py for tasks to queue
[2023-07-05T12:50:03.132+0000] {logging_mixin.py:149} INFO - [2023-07-05T12:50:03.132+0000] {dagbag.py:541} INFO - Filling up the DagBag from /home/airflow/.local/lib/python3.7/site-packages/airflow/example_dags/example_params_ui_tutorial.py
[2023-07-05T12:50:03.223+0000] {processor.py:836} INFO - DAG(s) dict_keys(['example_params_ui_tutorial']) retrieved from /home/airflow/.local/lib/python3.7/site-packages/airflow/example_dags/example_params_ui_tutorial.py
[2023-07-05T12:50:03.242+0000] {logging_mixin.py:149} INFO - [2023-07-05T12:50:03.241+0000] {dag.py:2726} INFO - Sync 1 DAGs
[2023-07-05T12:50:03.290+0000] {logging_mixin.py:149} INFO - [2023-07-05T12:50:03.290+0000] {dag.py:3490} INFO - Setting next_dagrun for example_params_ui_tutorial to None, run_after=None
[2023-07-05T12:50:03.343+0000] {processor.py:179} INFO - Processing /home/airflow/.local/lib/python3.7/site-packages/airflow/example_dags/example_params_ui_tutorial.py took 0.221 seconds
[2023-07-05T12:50:34.443+0000] {processor.py:157} INFO - Started process (PID=132) to work on /home/airflow/.local/lib/python3.7/site-packages/airflow/example_dags/example_params_ui_tutorial.py
[2023-07-05T12:50:34.444+0000] {processor.py:826} INFO - Processing file /home/airflow/.local/lib/python3.7/site-packages/airflow/example_dags/example_params_ui_tutorial.py for tasks to queue
[2023-07-05T12:50:34.445+0000] {logging_mixin.py:149} INFO - [2023-07-05T12:50:34.445+0000] {dagbag.py:541} INFO - Filling up the DagBag from /home/airflow/.local/lib/python3.7/site-packages/airflow/example_dags/example_params_ui_tutorial.py
[2023-07-05T12:50:34.498+0000] {processor.py:836} INFO - DAG(s) dict_keys(['example_params_ui_tutorial']) retrieved from /home/airflow/.local/lib/python3.7/site-packages/airflow/example_dags/example_params_ui_tutorial.py
[2023-07-05T12:50:34.590+0000] {logging_mixin.py:149} INFO - [2023-07-05T12:50:34.590+0000] {dag.py:2726} INFO - Sync 1 DAGs
[2023-07-05T12:50:34.625+0000] {logging_mixin.py:149} INFO - [2023-07-05T12:50:34.625+0000] {dag.py:3490} INFO - Setting next_dagrun for example_params_ui_tutorial to None, run_after=None
[2023-07-05T12:50:34.648+0000] {processor.py:179} INFO - Processing /home/airflow/.local/lib/python3.7/site-packages/airflow/example_dags/example_params_ui_tutorial.py took 0.209 seconds
[2023-07-05T12:51:05.869+0000] {processor.py:157} INFO - Started process (PID=190) to work on /home/airflow/.local/lib/python3.7/site-packages/airflow/example_dags/example_params_ui_tutorial.py
[2023-07-05T12:51:05.870+0000] {processor.py:826} INFO - Processing file /home/airflow/.local/lib/python3.7/site-packages/airflow/example_dags/example_params_ui_tutorial.py for tasks to queue
[2023-07-05T12:51:05.871+0000] {logging_mixin.py:149} INFO - [2023-07-05T12:51:05.871+0000] {dagbag.py:541} INFO - Filling up the DagBag from /home/airflow/.local/lib/python3.7/site-packages/airflow/example_dags/example_params_ui_tutorial.py
[2023-07-05T12:51:05.929+0000] {processor.py:836} INFO - DAG(s) dict_keys(['example_params_ui_tutorial']) retrieved from /home/airflow/.local/lib/python3.7/site-packages/airflow/example_dags/example_params_ui_tutorial.py
[2023-07-05T12:51:06.033+0000] {logging_mixin.py:149} INFO - [2023-07-05T12:51:06.032+0000] {dag.py:2726} INFO - Sync 1 DAGs
[2023-07-05T12:51:06.084+0000] {logging_mixin.py:149} INFO - [2023-07-05T12:51:06.084+0000] {dag.py:3490} INFO - Setting next_dagrun for example_params_ui_tutorial to None, run_after=None
[2023-07-05T12:51:06.117+0000] {processor.py:179} INFO - Processing /home/airflow/.local/lib/python3.7/site-packages/airflow/example_dags/example_params_ui_tutorial.py took 0.253 seconds
[2023-07-05T12:51:37.209+0000] {processor.py:157} INFO - Started process (PID=247) to work on /home/airflow/.local/lib/python3.7/site-packages/airflow/example_dags/example_params_ui_tutorial.py
[2023-07-05T12:51:37.211+0000] {processor.py:826} INFO - Processing file /home/airflow/.local/lib/python3.7/site-packages/airflow/example_dags/example_params_ui_tutorial.py for tasks to queue
[2023-07-05T12:51:37.213+0000] {logging_mixin.py:149} INFO - [2023-07-05T12:51:37.213+0000] {dagbag.py:541} INFO - Filling up the DagBag from /home/airflow/.local/lib/python3.7/site-packages/airflow/example_dags/example_params_ui_tutorial.py
[2023-07-05T12:51:37.279+0000] {processor.py:836} INFO - DAG(s) dict_keys(['example_params_ui_tutorial']) retrieved from /home/airflow/.local/lib/python3.7/site-packages/airflow/example_dags/example_params_ui_tutorial.py
[2023-07-05T12:51:37.449+0000] {logging_mixin.py:149} INFO - [2023-07-05T12:51:37.449+0000] {dag.py:2726} INFO - Sync 1 DAGs
[2023-07-05T12:51:37.491+0000] {logging_mixin.py:149} INFO - [2023-07-05T12:51:37.491+0000] {dag.py:3490} INFO - Setting next_dagrun for example_params_ui_tutorial to None, run_after=None
[2023-07-05T12:51:37.525+0000] {processor.py:179} INFO - Processing /home/airflow/.local/lib/python3.7/site-packages/airflow/example_dags/example_params_ui_tutorial.py took 0.320 seconds
[2023-07-05T12:52:08.449+0000] {processor.py:157} INFO - Started process (PID=304) to work on /home/airflow/.local/lib/python3.7/site-packages/airflow/example_dags/example_params_ui_tutorial.py
[2023-07-05T12:52:08.450+0000] {processor.py:826} INFO - Processing file /home/airflow/.local/lib/python3.7/site-packages/airflow/example_dags/example_params_ui_tutorial.py for tasks to queue
[2023-07-05T12:52:08.451+0000] {logging_mixin.py:149} INFO - [2023-07-05T12:52:08.451+0000] {dagbag.py:541} INFO - Filling up the DagBag from /home/airflow/.local/lib/python3.7/site-packages/airflow/example_dags/example_params_ui_tutorial.py
[2023-07-05T12:52:08.498+0000] {processor.py:836} INFO - DAG(s) dict_keys(['example_params_ui_tutorial']) retrieved from /home/airflow/.local/lib/python3.7/site-packages/airflow/example_dags/example_params_ui_tutorial.py
[2023-07-05T12:52:08.597+0000] {logging_mixin.py:149} INFO - [2023-07-05T12:52:08.596+0000] {dag.py:2726} INFO - Sync 1 DAGs
[2023-07-05T12:52:08.867+0000] {logging_mixin.py:149} INFO - [2023-07-05T12:52:08.867+0000] {dag.py:3490} INFO - Setting next_dagrun for example_params_ui_tutorial to None, run_after=None
[2023-07-05T12:52:08.893+0000] {processor.py:179} INFO - Processing /home/airflow/.local/lib/python3.7/site-packages/airflow/example_dags/example_params_ui_tutorial.py took 0.448 seconds
[2023-07-05T12:52:39.801+0000] {processor.py:157} INFO - Started process (PID=361) to work on /home/airflow/.local/lib/python3.7/site-packages/airflow/example_dags/example_params_ui_tutorial.py
[2023-07-05T12:52:39.802+0000] {processor.py:826} INFO - Processing file /home/airflow/.local/lib/python3.7/site-packages/airflow/example_dags/example_params_ui_tutorial.py for tasks to queue
[2023-07-05T12:52:39.802+0000] {logging_mixin.py:149} INFO - [2023-07-05T12:52:39.802+0000] {dagbag.py:541} INFO - Filling up the DagBag from /home/airflow/.local/lib/python3.7/site-packages/airflow/example_dags/example_params_ui_tutorial.py
[2023-07-05T12:52:39.860+0000] {processor.py:836} INFO - DAG(s) dict_keys(['example_params_ui_tutorial']) retrieved from /home/airflow/.local/lib/python3.7/site-packages/airflow/example_dags/example_params_ui_tutorial.py
[2023-07-05T12:52:39.974+0000] {logging_mixin.py:149} INFO - [2023-07-05T12:52:39.974+0000] {dag.py:2726} INFO - Sync 1 DAGs
[2023-07-05T12:52:40.018+0000] {logging_mixin.py:149} INFO - [2023-07-05T12:52:40.018+0000] {dag.py:3490} INFO - Setting next_dagrun for example_params_ui_tutorial to None, run_after=None
[2023-07-05T12:52:40.065+0000] {processor.py:179} INFO - Processing /home/airflow/.local/lib/python3.7/site-packages/airflow/example_dags/example_params_ui_tutorial.py took 0.267 seconds
[2023-07-05T12:53:10.282+0000] {processor.py:157} INFO - Started process (PID=418) to work on /home/airflow/.local/lib/python3.7/site-packages/airflow/example_dags/example_params_ui_tutorial.py
[2023-07-05T12:53:10.283+0000] {processor.py:826} INFO - Processing file /home/airflow/.local/lib/python3.7/site-packages/airflow/example_dags/example_params_ui_tutorial.py for tasks to queue
[2023-07-05T12:53:10.285+0000] {logging_mixin.py:149} INFO - [2023-07-05T12:53:10.284+0000] {dagbag.py:541} INFO - Filling up the DagBag from /home/airflow/.local/lib/python3.7/site-packages/airflow/example_dags/example_params_ui_tutorial.py
[2023-07-05T12:53:10.347+0000] {processor.py:836} INFO - DAG(s) dict_keys(['example_params_ui_tutorial']) retrieved from /home/airflow/.local/lib/python3.7/site-packages/airflow/example_dags/example_params_ui_tutorial.py
[2023-07-05T12:53:10.458+0000] {logging_mixin.py:149} INFO - [2023-07-05T12:53:10.458+0000] {dag.py:2726} INFO - Sync 1 DAGs
[2023-07-05T12:53:10.647+0000] {logging_mixin.py:149} INFO - [2023-07-05T12:53:10.647+0000] {dag.py:3490} INFO - Setting next_dagrun for example_params_ui_tutorial to None, run_after=None
[2023-07-05T12:53:10.674+0000] {processor.py:179} INFO - Processing /home/airflow/.local/lib/python3.7/site-packages/airflow/example_dags/example_params_ui_tutorial.py took 0.396 seconds
[2023-07-05T12:53:41.424+0000] {processor.py:157} INFO - Started process (PID=475) to work on /home/airflow/.local/lib/python3.7/site-packages/airflow/example_dags/example_params_ui_tutorial.py
[2023-07-05T12:53:41.425+0000] {processor.py:826} INFO - Processing file /home/airflow/.local/lib/python3.7/site-packages/airflow/example_dags/example_params_ui_tutorial.py for tasks to queue
[2023-07-05T12:53:41.426+0000] {logging_mixin.py:149} INFO - [2023-07-05T12:53:41.426+0000] {dagbag.py:541} INFO - Filling up the DagBag from /home/airflow/.local/lib/python3.7/site-packages/airflow/example_dags/example_params_ui_tutorial.py
[2023-07-05T12:53:41.483+0000] {processor.py:836} INFO - DAG(s) dict_keys(['example_params_ui_tutorial']) retrieved from /home/airflow/.local/lib/python3.7/site-packages/airflow/example_dags/example_params_ui_tutorial.py
[2023-07-05T12:53:41.586+0000] {logging_mixin.py:149} INFO - [2023-07-05T12:53:41.585+0000] {dag.py:2726} INFO - Sync 1 DAGs
[2023-07-05T12:53:41.629+0000] {logging_mixin.py:149} INFO - [2023-07-05T12:53:41.629+0000] {dag.py:3490} INFO - Setting next_dagrun for example_params_ui_tutorial to None, run_after=None
[2023-07-05T12:53:41.823+0000] {processor.py:179} INFO - Processing /home/airflow/.local/lib/python3.7/site-packages/airflow/example_dags/example_params_ui_tutorial.py took 0.404 seconds
[2023-07-05T12:54:12.384+0000] {processor.py:157} INFO - Started process (PID=535) to work on /home/airflow/.local/lib/python3.7/site-packages/airflow/example_dags/example_params_ui_tutorial.py
[2023-07-05T12:54:12.385+0000] {processor.py:826} INFO - Processing file /home/airflow/.local/lib/python3.7/site-packages/airflow/example_dags/example_params_ui_tutorial.py for tasks to queue
[2023-07-05T12:54:12.386+0000] {logging_mixin.py:149} INFO - [2023-07-05T12:54:12.386+0000] {dagbag.py:541} INFO - Filling up the DagBag from /home/airflow/.local/lib/python3.7/site-packages/airflow/example_dags/example_params_ui_tutorial.py
[2023-07-05T12:54:12.436+0000] {processor.py:836} INFO - DAG(s) dict_keys(['example_params_ui_tutorial']) retrieved from /home/airflow/.local/lib/python3.7/site-packages/airflow/example_dags/example_params_ui_tutorial.py
[2023-07-05T12:54:12.528+0000] {logging_mixin.py:149} INFO - [2023-07-05T12:54:12.527+0000] {dag.py:2726} INFO - Sync 1 DAGs
[2023-07-05T12:54:12.563+0000] {logging_mixin.py:149} INFO - [2023-07-05T12:54:12.563+0000] {dag.py:3490} INFO - Setting next_dagrun for example_params_ui_tutorial to None, run_after=None
[2023-07-05T12:54:12.593+0000] {processor.py:179} INFO - Processing /home/airflow/.local/lib/python3.7/site-packages/airflow/example_dags/example_params_ui_tutorial.py took 0.213 seconds
[2023-07-05T12:54:42.979+0000] {processor.py:157} INFO - Started process (PID=591) to work on /home/airflow/.local/lib/python3.7/site-packages/airflow/example_dags/example_params_ui_tutorial.py
[2023-07-05T12:54:42.981+0000] {processor.py:826} INFO - Processing file /home/airflow/.local/lib/python3.7/site-packages/airflow/example_dags/example_params_ui_tutorial.py for tasks to queue
[2023-07-05T12:54:42.982+0000] {logging_mixin.py:149} INFO - [2023-07-05T12:54:42.982+0000] {dagbag.py:541} INFO - Filling up the DagBag from /home/airflow/.local/lib/python3.7/site-packages/airflow/example_dags/example_params_ui_tutorial.py
[2023-07-05T12:54:43.042+0000] {processor.py:836} INFO - DAG(s) dict_keys(['example_params_ui_tutorial']) retrieved from /home/airflow/.local/lib/python3.7/site-packages/airflow/example_dags/example_params_ui_tutorial.py
[2023-07-05T12:54:43.132+0000] {logging_mixin.py:149} INFO - [2023-07-05T12:54:43.132+0000] {dag.py:2726} INFO - Sync 1 DAGs
[2023-07-05T12:54:43.300+0000] {logging_mixin.py:149} INFO - [2023-07-05T12:54:43.300+0000] {dag.py:3490} INFO - Setting next_dagrun for example_params_ui_tutorial to None, run_after=None
[2023-07-05T12:54:43.322+0000] {processor.py:179} INFO - Processing /home/airflow/.local/lib/python3.7/site-packages/airflow/example_dags/example_params_ui_tutorial.py took 0.347 seconds
[2023-07-05T12:55:14.042+0000] {processor.py:157} INFO - Started process (PID=646) to work on /home/airflow/.local/lib/python3.7/site-packages/airflow/example_dags/example_params_ui_tutorial.py
[2023-07-05T12:55:14.043+0000] {processor.py:826} INFO - Processing file /home/airflow/.local/lib/python3.7/site-packages/airflow/example_dags/example_params_ui_tutorial.py for tasks to queue
[2023-07-05T12:55:14.044+0000] {logging_mixin.py:149} INFO - [2023-07-05T12:55:14.044+0000] {dagbag.py:541} INFO - Filling up the DagBag from /home/airflow/.local/lib/python3.7/site-packages/airflow/example_dags/example_params_ui_tutorial.py
[2023-07-05T12:55:14.095+0000] {processor.py:836} INFO - DAG(s) dict_keys(['example_params_ui_tutorial']) retrieved from /home/airflow/.local/lib/python3.7/site-packages/airflow/example_dags/example_params_ui_tutorial.py
[2023-07-05T12:55:14.200+0000] {logging_mixin.py:149} INFO - [2023-07-05T12:55:14.200+0000] {dag.py:2726} INFO - Sync 1 DAGs
[2023-07-05T12:55:14.241+0000] {logging_mixin.py:149} INFO - [2023-07-05T12:55:14.241+0000] {dag.py:3490} INFO - Setting next_dagrun for example_params_ui_tutorial to None, run_after=None
[2023-07-05T12:55:14.417+0000] {processor.py:179} INFO - Processing /home/airflow/.local/lib/python3.7/site-packages/airflow/example_dags/example_params_ui_tutorial.py took 0.379 seconds
[2023-07-05T12:55:45.667+0000] {processor.py:157} INFO - Started process (PID=703) to work on /home/airflow/.local/lib/python3.7/site-packages/airflow/example_dags/example_params_ui_tutorial.py
[2023-07-05T12:55:45.669+0000] {processor.py:826} INFO - Processing file /home/airflow/.local/lib/python3.7/site-packages/airflow/example_dags/example_params_ui_tutorial.py for tasks to queue
[2023-07-05T12:55:45.670+0000] {logging_mixin.py:149} INFO - [2023-07-05T12:55:45.670+0000] {dagbag.py:541} INFO - Filling up the DagBag from /home/airflow/.local/lib/python3.7/site-packages/airflow/example_dags/example_params_ui_tutorial.py
[2023-07-05T12:55:45.717+0000] {processor.py:836} INFO - DAG(s) dict_keys(['example_params_ui_tutorial']) retrieved from /home/airflow/.local/lib/python3.7/site-packages/airflow/example_dags/example_params_ui_tutorial.py
[2023-07-05T12:55:45.968+0000] {logging_mixin.py:149} INFO - [2023-07-05T12:55:45.968+0000] {dag.py:2726} INFO - Sync 1 DAGs
[2023-07-05T12:55:46.009+0000] {logging_mixin.py:149} INFO - [2023-07-05T12:55:46.008+0000] {dag.py:3490} INFO - Setting next_dagrun for example_params_ui_tutorial to None, run_after=None
[2023-07-05T12:55:46.038+0000] {processor.py:179} INFO - Processing /home/airflow/.local/lib/python3.7/site-packages/airflow/example_dags/example_params_ui_tutorial.py took 0.375 seconds
[2023-07-05T12:56:16.124+0000] {processor.py:157} INFO - Started process (PID=760) to work on /home/airflow/.local/lib/python3.7/site-packages/airflow/example_dags/example_params_ui_tutorial.py
[2023-07-05T12:56:16.130+0000] {processor.py:826} INFO - Processing file /home/airflow/.local/lib/python3.7/site-packages/airflow/example_dags/example_params_ui_tutorial.py for tasks to queue
[2023-07-05T12:56:16.135+0000] {logging_mixin.py:149} INFO - [2023-07-05T12:56:16.134+0000] {dagbag.py:541} INFO - Filling up the DagBag from /home/airflow/.local/lib/python3.7/site-packages/airflow/example_dags/example_params_ui_tutorial.py
[2023-07-05T12:56:16.228+0000] {processor.py:836} INFO - DAG(s) dict_keys(['example_params_ui_tutorial']) retrieved from /home/airflow/.local/lib/python3.7/site-packages/airflow/example_dags/example_params_ui_tutorial.py
[2023-07-05T12:56:16.335+0000] {logging_mixin.py:149} INFO - [2023-07-05T12:56:16.335+0000] {dag.py:2726} INFO - Sync 1 DAGs
[2023-07-05T12:56:16.373+0000] {logging_mixin.py:149} INFO - [2023-07-05T12:56:16.373+0000] {dag.py:3490} INFO - Setting next_dagrun for example_params_ui_tutorial to None, run_after=None
[2023-07-05T12:56:16.406+0000] {processor.py:179} INFO - Processing /home/airflow/.local/lib/python3.7/site-packages/airflow/example_dags/example_params_ui_tutorial.py took 0.286 seconds
[2023-07-05T12:56:46.582+0000] {processor.py:157} INFO - Started process (PID=816) to work on /home/airflow/.local/lib/python3.7/site-packages/airflow/example_dags/example_params_ui_tutorial.py
[2023-07-05T12:56:46.583+0000] {processor.py:826} INFO - Processing file /home/airflow/.local/lib/python3.7/site-packages/airflow/example_dags/example_params_ui_tutorial.py for tasks to queue
[2023-07-05T12:56:46.584+0000] {logging_mixin.py:149} INFO - [2023-07-05T12:56:46.583+0000] {dagbag.py:541} INFO - Filling up the DagBag from /home/airflow/.local/lib/python3.7/site-packages/airflow/example_dags/example_params_ui_tutorial.py
[2023-07-05T12:56:46.643+0000] {processor.py:836} INFO - DAG(s) dict_keys(['example_params_ui_tutorial']) retrieved from /home/airflow/.local/lib/python3.7/site-packages/airflow/example_dags/example_params_ui_tutorial.py
[2023-07-05T12:56:46.759+0000] {logging_mixin.py:149} INFO - [2023-07-05T12:56:46.758+0000] {dag.py:2726} INFO - Sync 1 DAGs
[2023-07-05T12:56:46.801+0000] {logging_mixin.py:149} INFO - [2023-07-05T12:56:46.801+0000] {dag.py:3490} INFO - Setting next_dagrun for example_params_ui_tutorial to None, run_after=None
[2023-07-05T12:56:46.830+0000] {processor.py:179} INFO - Processing /home/airflow/.local/lib/python3.7/site-packages/airflow/example_dags/example_params_ui_tutorial.py took 0.252 seconds
[2023-07-05T12:57:17.223+0000] {processor.py:157} INFO - Started process (PID=879) to work on /home/airflow/.local/lib/python3.7/site-packages/airflow/example_dags/example_params_ui_tutorial.py
[2023-07-05T12:57:17.224+0000] {processor.py:826} INFO - Processing file /home/airflow/.local/lib/python3.7/site-packages/airflow/example_dags/example_params_ui_tutorial.py for tasks to queue
[2023-07-05T12:57:17.225+0000] {logging_mixin.py:149} INFO - [2023-07-05T12:57:17.225+0000] {dagbag.py:541} INFO - Filling up the DagBag from /home/airflow/.local/lib/python3.7/site-packages/airflow/example_dags/example_params_ui_tutorial.py
[2023-07-05T12:57:17.278+0000] {processor.py:836} INFO - DAG(s) dict_keys(['example_params_ui_tutorial']) retrieved from /home/airflow/.local/lib/python3.7/site-packages/airflow/example_dags/example_params_ui_tutorial.py
[2023-07-05T12:57:17.388+0000] {logging_mixin.py:149} INFO - [2023-07-05T12:57:17.387+0000] {dag.py:2726} INFO - Sync 1 DAGs
[2023-07-05T12:57:17.450+0000] {logging_mixin.py:149} INFO - [2023-07-05T12:57:17.449+0000] {dag.py:3490} INFO - Setting next_dagrun for example_params_ui_tutorial to None, run_after=None
[2023-07-05T12:57:17.481+0000] {processor.py:179} INFO - Processing /home/airflow/.local/lib/python3.7/site-packages/airflow/example_dags/example_params_ui_tutorial.py took 0.262 seconds
[2023-07-05T12:57:48.438+0000] {processor.py:157} INFO - Started process (PID=935) to work on /home/airflow/.local/lib/python3.7/site-packages/airflow/example_dags/example_params_ui_tutorial.py
[2023-07-05T12:57:48.440+0000] {processor.py:826} INFO - Processing file /home/airflow/.local/lib/python3.7/site-packages/airflow/example_dags/example_params_ui_tutorial.py for tasks to queue
[2023-07-05T12:57:48.441+0000] {logging_mixin.py:149} INFO - [2023-07-05T12:57:48.440+0000] {dagbag.py:541} INFO - Filling up the DagBag from /home/airflow/.local/lib/python3.7/site-packages/airflow/example_dags/example_params_ui_tutorial.py
[2023-07-05T12:57:48.498+0000] {processor.py:836} INFO - DAG(s) dict_keys(['example_params_ui_tutorial']) retrieved from /home/airflow/.local/lib/python3.7/site-packages/airflow/example_dags/example_params_ui_tutorial.py
[2023-07-05T12:57:48.597+0000] {logging_mixin.py:149} INFO - [2023-07-05T12:57:48.597+0000] {dag.py:2726} INFO - Sync 1 DAGs
[2023-07-05T12:57:48.639+0000] {logging_mixin.py:149} INFO - [2023-07-05T12:57:48.639+0000] {dag.py:3490} INFO - Setting next_dagrun for example_params_ui_tutorial to None, run_after=None
[2023-07-05T12:57:48.667+0000] {processor.py:179} INFO - Processing /home/airflow/.local/lib/python3.7/site-packages/airflow/example_dags/example_params_ui_tutorial.py took 0.235 seconds
[2023-07-05T12:58:18.875+0000] {processor.py:157} INFO - Started process (PID=992) to work on /home/airflow/.local/lib/python3.7/site-packages/airflow/example_dags/example_params_ui_tutorial.py
[2023-07-05T12:58:18.877+0000] {processor.py:826} INFO - Processing file /home/airflow/.local/lib/python3.7/site-packages/airflow/example_dags/example_params_ui_tutorial.py for tasks to queue
[2023-07-05T12:58:18.878+0000] {logging_mixin.py:149} INFO - [2023-07-05T12:58:18.878+0000] {dagbag.py:541} INFO - Filling up the DagBag from /home/airflow/.local/lib/python3.7/site-packages/airflow/example_dags/example_params_ui_tutorial.py
[2023-07-05T12:58:18.933+0000] {processor.py:836} INFO - DAG(s) dict_keys(['example_params_ui_tutorial']) retrieved from /home/airflow/.local/lib/python3.7/site-packages/airflow/example_dags/example_params_ui_tutorial.py
[2023-07-05T12:58:19.039+0000] {logging_mixin.py:149} INFO - [2023-07-05T12:58:19.039+0000] {dag.py:2726} INFO - Sync 1 DAGs
[2023-07-05T12:58:19.082+0000] {logging_mixin.py:149} INFO - [2023-07-05T12:58:19.082+0000] {dag.py:3490} INFO - Setting next_dagrun for example_params_ui_tutorial to None, run_after=None
[2023-07-05T12:58:19.119+0000] {processor.py:179} INFO - Processing /home/airflow/.local/lib/python3.7/site-packages/airflow/example_dags/example_params_ui_tutorial.py took 0.248 seconds
[2023-07-05T12:58:49.318+0000] {processor.py:157} INFO - Started process (PID=1048) to work on /home/airflow/.local/lib/python3.7/site-packages/airflow/example_dags/example_params_ui_tutorial.py
[2023-07-05T12:58:49.319+0000] {processor.py:826} INFO - Processing file /home/airflow/.local/lib/python3.7/site-packages/airflow/example_dags/example_params_ui_tutorial.py for tasks to queue
[2023-07-05T12:58:49.320+0000] {logging_mixin.py:149} INFO - [2023-07-05T12:58:49.320+0000] {dagbag.py:541} INFO - Filling up the DagBag from /home/airflow/.local/lib/python3.7/site-packages/airflow/example_dags/example_params_ui_tutorial.py
[2023-07-05T12:58:49.374+0000] {processor.py:836} INFO - DAG(s) dict_keys(['example_params_ui_tutorial']) retrieved from /home/airflow/.local/lib/python3.7/site-packages/airflow/example_dags/example_params_ui_tutorial.py
[2023-07-05T12:58:49.468+0000] {logging_mixin.py:149} INFO - [2023-07-05T12:58:49.467+0000] {dag.py:2726} INFO - Sync 1 DAGs
[2023-07-05T12:58:49.505+0000] {logging_mixin.py:149} INFO - [2023-07-05T12:58:49.504+0000] {dag.py:3490} INFO - Setting next_dagrun for example_params_ui_tutorial to None, run_after=None
[2023-07-05T12:58:49.530+0000] {processor.py:179} INFO - Processing /home/airflow/.local/lib/python3.7/site-packages/airflow/example_dags/example_params_ui_tutorial.py took 0.216 seconds
[2023-07-05T12:59:19.866+0000] {processor.py:157} INFO - Started process (PID=1105) to work on /home/airflow/.local/lib/python3.7/site-packages/airflow/example_dags/example_params_ui_tutorial.py
[2023-07-05T12:59:19.868+0000] {processor.py:826} INFO - Processing file /home/airflow/.local/lib/python3.7/site-packages/airflow/example_dags/example_params_ui_tutorial.py for tasks to queue
[2023-07-05T12:59:19.870+0000] {logging_mixin.py:149} INFO - [2023-07-05T12:59:19.870+0000] {dagbag.py:541} INFO - Filling up the DagBag from /home/airflow/.local/lib/python3.7/site-packages/airflow/example_dags/example_params_ui_tutorial.py
[2023-07-05T12:59:19.936+0000] {processor.py:836} INFO - DAG(s) dict_keys(['example_params_ui_tutorial']) retrieved from /home/airflow/.local/lib/python3.7/site-packages/airflow/example_dags/example_params_ui_tutorial.py
[2023-07-05T12:59:20.068+0000] {logging_mixin.py:149} INFO - [2023-07-05T12:59:20.068+0000] {dag.py:2726} INFO - Sync 1 DAGs
[2023-07-05T12:59:20.114+0000] {logging_mixin.py:149} INFO - [2023-07-05T12:59:20.114+0000] {dag.py:3490} INFO - Setting next_dagrun for example_params_ui_tutorial to None, run_after=None
[2023-07-05T12:59:20.166+0000] {processor.py:179} INFO - Processing /home/airflow/.local/lib/python3.7/site-packages/airflow/example_dags/example_params_ui_tutorial.py took 0.309 seconds
[2023-07-05T12:59:50.763+0000] {processor.py:157} INFO - Started process (PID=1163) to work on /home/airflow/.local/lib/python3.7/site-packages/airflow/example_dags/example_params_ui_tutorial.py
[2023-07-05T12:59:50.764+0000] {processor.py:826} INFO - Processing file /home/airflow/.local/lib/python3.7/site-packages/airflow/example_dags/example_params_ui_tutorial.py for tasks to queue
[2023-07-05T12:59:50.765+0000] {logging_mixin.py:149} INFO - [2023-07-05T12:59:50.765+0000] {dagbag.py:541} INFO - Filling up the DagBag from /home/airflow/.local/lib/python3.7/site-packages/airflow/example_dags/example_params_ui_tutorial.py
[2023-07-05T12:59:50.815+0000] {processor.py:836} INFO - DAG(s) dict_keys(['example_params_ui_tutorial']) retrieved from /home/airflow/.local/lib/python3.7/site-packages/airflow/example_dags/example_params_ui_tutorial.py
[2023-07-05T12:59:50.918+0000] {logging_mixin.py:149} INFO - [2023-07-05T12:59:50.918+0000] {dag.py:2726} INFO - Sync 1 DAGs
[2023-07-05T12:59:50.956+0000] {logging_mixin.py:149} INFO - [2023-07-05T12:59:50.956+0000] {dag.py:3490} INFO - Setting next_dagrun for example_params_ui_tutorial to None, run_after=None
[2023-07-05T12:59:50.985+0000] {processor.py:179} INFO - Processing /home/airflow/.local/lib/python3.7/site-packages/airflow/example_dags/example_params_ui_tutorial.py took 0.226 seconds
[2023-07-05T13:00:21.469+0000] {processor.py:157} INFO - Started process (PID=1220) to work on /home/airflow/.local/lib/python3.7/site-packages/airflow/example_dags/example_params_ui_tutorial.py
[2023-07-05T13:00:21.470+0000] {processor.py:826} INFO - Processing file /home/airflow/.local/lib/python3.7/site-packages/airflow/example_dags/example_params_ui_tutorial.py for tasks to queue
[2023-07-05T13:00:21.471+0000] {logging_mixin.py:149} INFO - [2023-07-05T13:00:21.471+0000] {dagbag.py:541} INFO - Filling up the DagBag from /home/airflow/.local/lib/python3.7/site-packages/airflow/example_dags/example_params_ui_tutorial.py
[2023-07-05T13:00:21.526+0000] {processor.py:836} INFO - DAG(s) dict_keys(['example_params_ui_tutorial']) retrieved from /home/airflow/.local/lib/python3.7/site-packages/airflow/example_dags/example_params_ui_tutorial.py
[2023-07-05T13:00:21.634+0000] {logging_mixin.py:149} INFO - [2023-07-05T13:00:21.634+0000] {dag.py:2726} INFO - Sync 1 DAGs
[2023-07-05T13:00:21.680+0000] {logging_mixin.py:149} INFO - [2023-07-05T13:00:21.680+0000] {dag.py:3490} INFO - Setting next_dagrun for example_params_ui_tutorial to None, run_after=None
[2023-07-05T13:00:21.711+0000] {processor.py:179} INFO - Processing /home/airflow/.local/lib/python3.7/site-packages/airflow/example_dags/example_params_ui_tutorial.py took 0.247 seconds
[2023-07-05T13:00:52.032+0000] {processor.py:157} INFO - Started process (PID=1277) to work on /home/airflow/.local/lib/python3.7/site-packages/airflow/example_dags/example_params_ui_tutorial.py
[2023-07-05T13:00:52.036+0000] {processor.py:826} INFO - Processing file /home/airflow/.local/lib/python3.7/site-packages/airflow/example_dags/example_params_ui_tutorial.py for tasks to queue
[2023-07-05T13:00:52.037+0000] {logging_mixin.py:149} INFO - [2023-07-05T13:00:52.037+0000] {dagbag.py:541} INFO - Filling up the DagBag from /home/airflow/.local/lib/python3.7/site-packages/airflow/example_dags/example_params_ui_tutorial.py
[2023-07-05T13:00:52.092+0000] {processor.py:836} INFO - DAG(s) dict_keys(['example_params_ui_tutorial']) retrieved from /home/airflow/.local/lib/python3.7/site-packages/airflow/example_dags/example_params_ui_tutorial.py
[2023-07-05T13:00:52.198+0000] {logging_mixin.py:149} INFO - [2023-07-05T13:00:52.198+0000] {dag.py:2726} INFO - Sync 1 DAGs
[2023-07-05T13:00:52.240+0000] {logging_mixin.py:149} INFO - [2023-07-05T13:00:52.240+0000] {dag.py:3490} INFO - Setting next_dagrun for example_params_ui_tutorial to None, run_after=None
[2023-07-05T13:00:52.274+0000] {processor.py:179} INFO - Processing /home/airflow/.local/lib/python3.7/site-packages/airflow/example_dags/example_params_ui_tutorial.py took 0.247 seconds
[2023-07-05T13:01:23.191+0000] {processor.py:157} INFO - Started process (PID=1334) to work on /home/airflow/.local/lib/python3.7/site-packages/airflow/example_dags/example_params_ui_tutorial.py
[2023-07-05T13:01:23.193+0000] {processor.py:826} INFO - Processing file /home/airflow/.local/lib/python3.7/site-packages/airflow/example_dags/example_params_ui_tutorial.py for tasks to queue
[2023-07-05T13:01:23.195+0000] {logging_mixin.py:149} INFO - [2023-07-05T13:01:23.195+0000] {dagbag.py:541} INFO - Filling up the DagBag from /home/airflow/.local/lib/python3.7/site-packages/airflow/example_dags/example_params_ui_tutorial.py
[2023-07-05T13:01:23.258+0000] {processor.py:836} INFO - DAG(s) dict_keys(['example_params_ui_tutorial']) retrieved from /home/airflow/.local/lib/python3.7/site-packages/airflow/example_dags/example_params_ui_tutorial.py
[2023-07-05T13:01:23.364+0000] {logging_mixin.py:149} INFO - [2023-07-05T13:01:23.364+0000] {dag.py:2726} INFO - Sync 1 DAGs
[2023-07-05T13:01:23.404+0000] {logging_mixin.py:149} INFO - [2023-07-05T13:01:23.404+0000] {dag.py:3490} INFO - Setting next_dagrun for example_params_ui_tutorial to None, run_after=None
[2023-07-05T13:01:23.433+0000] {processor.py:179} INFO - Processing /home/airflow/.local/lib/python3.7/site-packages/airflow/example_dags/example_params_ui_tutorial.py took 0.246 seconds
[2023-07-05T13:01:54.302+0000] {processor.py:157} INFO - Started process (PID=1391) to work on /home/airflow/.local/lib/python3.7/site-packages/airflow/example_dags/example_params_ui_tutorial.py
[2023-07-05T13:01:54.303+0000] {processor.py:826} INFO - Processing file /home/airflow/.local/lib/python3.7/site-packages/airflow/example_dags/example_params_ui_tutorial.py for tasks to queue
[2023-07-05T13:01:54.304+0000] {logging_mixin.py:149} INFO - [2023-07-05T13:01:54.304+0000] {dagbag.py:541} INFO - Filling up the DagBag from /home/airflow/.local/lib/python3.7/site-packages/airflow/example_dags/example_params_ui_tutorial.py
[2023-07-05T13:01:54.353+0000] {processor.py:836} INFO - DAG(s) dict_keys(['example_params_ui_tutorial']) retrieved from /home/airflow/.local/lib/python3.7/site-packages/airflow/example_dags/example_params_ui_tutorial.py
[2023-07-05T13:01:54.457+0000] {logging_mixin.py:149} INFO - [2023-07-05T13:01:54.457+0000] {dag.py:2726} INFO - Sync 1 DAGs
[2023-07-05T13:01:54.498+0000] {logging_mixin.py:149} INFO - [2023-07-05T13:01:54.498+0000] {dag.py:3490} INFO - Setting next_dagrun for example_params_ui_tutorial to None, run_after=None
[2023-07-05T13:01:54.532+0000] {processor.py:179} INFO - Processing /home/airflow/.local/lib/python3.7/site-packages/airflow/example_dags/example_params_ui_tutorial.py took 0.234 seconds
[2023-07-05T13:02:25.589+0000] {processor.py:157} INFO - Started process (PID=1448) to work on /home/airflow/.local/lib/python3.7/site-packages/airflow/example_dags/example_params_ui_tutorial.py
[2023-07-05T13:02:25.595+0000] {processor.py:826} INFO - Processing file /home/airflow/.local/lib/python3.7/site-packages/airflow/example_dags/example_params_ui_tutorial.py for tasks to queue
[2023-07-05T13:02:25.597+0000] {logging_mixin.py:149} INFO - [2023-07-05T13:02:25.596+0000] {dagbag.py:541} INFO - Filling up the DagBag from /home/airflow/.local/lib/python3.7/site-packages/airflow/example_dags/example_params_ui_tutorial.py
[2023-07-05T13:02:25.656+0000] {processor.py:836} INFO - DAG(s) dict_keys(['example_params_ui_tutorial']) retrieved from /home/airflow/.local/lib/python3.7/site-packages/airflow/example_dags/example_params_ui_tutorial.py
[2023-07-05T13:02:25.760+0000] {logging_mixin.py:149} INFO - [2023-07-05T13:02:25.759+0000] {dag.py:2726} INFO - Sync 1 DAGs
[2023-07-05T13:02:25.794+0000] {logging_mixin.py:149} INFO - [2023-07-05T13:02:25.794+0000] {dag.py:3490} INFO - Setting next_dagrun for example_params_ui_tutorial to None, run_after=None
[2023-07-05T13:02:25.830+0000] {processor.py:179} INFO - Processing /home/airflow/.local/lib/python3.7/site-packages/airflow/example_dags/example_params_ui_tutorial.py took 0.244 seconds
[2023-07-05T13:02:56.724+0000] {processor.py:157} INFO - Started process (PID=1505) to work on /home/airflow/.local/lib/python3.7/site-packages/airflow/example_dags/example_params_ui_tutorial.py
[2023-07-05T13:02:56.725+0000] {processor.py:826} INFO - Processing file /home/airflow/.local/lib/python3.7/site-packages/airflow/example_dags/example_params_ui_tutorial.py for tasks to queue
[2023-07-05T13:02:56.726+0000] {logging_mixin.py:149} INFO - [2023-07-05T13:02:56.726+0000] {dagbag.py:541} INFO - Filling up the DagBag from /home/airflow/.local/lib/python3.7/site-packages/airflow/example_dags/example_params_ui_tutorial.py
[2023-07-05T13:02:56.776+0000] {processor.py:836} INFO - DAG(s) dict_keys(['example_params_ui_tutorial']) retrieved from /home/airflow/.local/lib/python3.7/site-packages/airflow/example_dags/example_params_ui_tutorial.py
[2023-07-05T13:02:56.880+0000] {logging_mixin.py:149} INFO - [2023-07-05T13:02:56.880+0000] {dag.py:2726} INFO - Sync 1 DAGs
[2023-07-05T13:02:56.923+0000] {logging_mixin.py:149} INFO - [2023-07-05T13:02:56.922+0000] {dag.py:3490} INFO - Setting next_dagrun for example_params_ui_tutorial to None, run_after=None
[2023-07-05T13:02:56.957+0000] {processor.py:179} INFO - Processing /home/airflow/.local/lib/python3.7/site-packages/airflow/example_dags/example_params_ui_tutorial.py took 0.237 seconds
[2023-07-05T13:03:27.255+0000] {processor.py:157} INFO - Started process (PID=1562) to work on /home/airflow/.local/lib/python3.7/site-packages/airflow/example_dags/example_params_ui_tutorial.py
[2023-07-05T13:03:27.256+0000] {processor.py:826} INFO - Processing file /home/airflow/.local/lib/python3.7/site-packages/airflow/example_dags/example_params_ui_tutorial.py for tasks to queue
[2023-07-05T13:03:27.256+0000] {logging_mixin.py:149} INFO - [2023-07-05T13:03:27.256+0000] {dagbag.py:541} INFO - Filling up the DagBag from /home/airflow/.local/lib/python3.7/site-packages/airflow/example_dags/example_params_ui_tutorial.py
[2023-07-05T13:03:27.308+0000] {processor.py:836} INFO - DAG(s) dict_keys(['example_params_ui_tutorial']) retrieved from /home/airflow/.local/lib/python3.7/site-packages/airflow/example_dags/example_params_ui_tutorial.py
[2023-07-05T13:03:27.401+0000] {logging_mixin.py:149} INFO - [2023-07-05T13:03:27.400+0000] {dag.py:2726} INFO - Sync 1 DAGs
[2023-07-05T13:03:27.444+0000] {logging_mixin.py:149} INFO - [2023-07-05T13:03:27.444+0000] {dag.py:3490} INFO - Setting next_dagrun for example_params_ui_tutorial to None, run_after=None
[2023-07-05T13:03:27.476+0000] {processor.py:179} INFO - Processing /home/airflow/.local/lib/python3.7/site-packages/airflow/example_dags/example_params_ui_tutorial.py took 0.225 seconds
[2023-07-05T13:03:58.510+0000] {processor.py:157} INFO - Started process (PID=1619) to work on /home/airflow/.local/lib/python3.7/site-packages/airflow/example_dags/example_params_ui_tutorial.py
[2023-07-05T13:03:58.512+0000] {processor.py:826} INFO - Processing file /home/airflow/.local/lib/python3.7/site-packages/airflow/example_dags/example_params_ui_tutorial.py for tasks to queue
[2023-07-05T13:03:58.513+0000] {logging_mixin.py:149} INFO - [2023-07-05T13:03:58.513+0000] {dagbag.py:541} INFO - Filling up the DagBag from /home/airflow/.local/lib/python3.7/site-packages/airflow/example_dags/example_params_ui_tutorial.py
[2023-07-05T13:03:58.559+0000] {processor.py:836} INFO - DAG(s) dict_keys(['example_params_ui_tutorial']) retrieved from /home/airflow/.local/lib/python3.7/site-packages/airflow/example_dags/example_params_ui_tutorial.py
[2023-07-05T13:03:58.655+0000] {logging_mixin.py:149} INFO - [2023-07-05T13:03:58.655+0000] {dag.py:2726} INFO - Sync 1 DAGs
[2023-07-05T13:03:58.688+0000] {logging_mixin.py:149} INFO - [2023-07-05T13:03:58.688+0000] {dag.py:3490} INFO - Setting next_dagrun for example_params_ui_tutorial to None, run_after=None
[2023-07-05T13:03:58.714+0000] {processor.py:179} INFO - Processing /home/airflow/.local/lib/python3.7/site-packages/airflow/example_dags/example_params_ui_tutorial.py took 0.209 seconds
[2023-07-05T13:04:29.086+0000] {processor.py:157} INFO - Started process (PID=1675) to work on /home/airflow/.local/lib/python3.7/site-packages/airflow/example_dags/example_params_ui_tutorial.py
[2023-07-05T13:04:29.087+0000] {processor.py:826} INFO - Processing file /home/airflow/.local/lib/python3.7/site-packages/airflow/example_dags/example_params_ui_tutorial.py for tasks to queue
[2023-07-05T13:04:29.088+0000] {logging_mixin.py:149} INFO - [2023-07-05T13:04:29.088+0000] {dagbag.py:541} INFO - Filling up the DagBag from /home/airflow/.local/lib/python3.7/site-packages/airflow/example_dags/example_params_ui_tutorial.py
[2023-07-05T13:04:29.137+0000] {processor.py:836} INFO - DAG(s) dict_keys(['example_params_ui_tutorial']) retrieved from /home/airflow/.local/lib/python3.7/site-packages/airflow/example_dags/example_params_ui_tutorial.py
[2023-07-05T13:04:29.242+0000] {logging_mixin.py:149} INFO - [2023-07-05T13:04:29.242+0000] {dag.py:2726} INFO - Sync 1 DAGs
[2023-07-05T13:04:29.286+0000] {logging_mixin.py:149} INFO - [2023-07-05T13:04:29.285+0000] {dag.py:3490} INFO - Setting next_dagrun for example_params_ui_tutorial to None, run_after=None
[2023-07-05T13:04:29.312+0000] {processor.py:179} INFO - Processing /home/airflow/.local/lib/python3.7/site-packages/airflow/example_dags/example_params_ui_tutorial.py took 0.230 seconds
[2023-07-05T13:05:00.316+0000] {processor.py:157} INFO - Started process (PID=1732) to work on /home/airflow/.local/lib/python3.7/site-packages/airflow/example_dags/example_params_ui_tutorial.py
[2023-07-05T13:05:00.320+0000] {processor.py:826} INFO - Processing file /home/airflow/.local/lib/python3.7/site-packages/airflow/example_dags/example_params_ui_tutorial.py for tasks to queue
[2023-07-05T13:05:00.322+0000] {logging_mixin.py:149} INFO - [2023-07-05T13:05:00.321+0000] {dagbag.py:541} INFO - Filling up the DagBag from /home/airflow/.local/lib/python3.7/site-packages/airflow/example_dags/example_params_ui_tutorial.py
[2023-07-05T13:05:00.392+0000] {processor.py:836} INFO - DAG(s) dict_keys(['example_params_ui_tutorial']) retrieved from /home/airflow/.local/lib/python3.7/site-packages/airflow/example_dags/example_params_ui_tutorial.py
[2023-07-05T13:05:00.508+0000] {logging_mixin.py:149} INFO - [2023-07-05T13:05:00.508+0000] {dag.py:2726} INFO - Sync 1 DAGs
[2023-07-05T13:05:00.552+0000] {logging_mixin.py:149} INFO - [2023-07-05T13:05:00.552+0000] {dag.py:3490} INFO - Setting next_dagrun for example_params_ui_tutorial to None, run_after=None
[2023-07-05T13:05:00.593+0000] {processor.py:179} INFO - Processing /home/airflow/.local/lib/python3.7/site-packages/airflow/example_dags/example_params_ui_tutorial.py took 0.282 seconds
[2023-07-05T13:05:31.487+0000] {processor.py:157} INFO - Started process (PID=1790) to work on /home/airflow/.local/lib/python3.7/site-packages/airflow/example_dags/example_params_ui_tutorial.py
[2023-07-05T13:05:31.488+0000] {processor.py:826} INFO - Processing file /home/airflow/.local/lib/python3.7/site-packages/airflow/example_dags/example_params_ui_tutorial.py for tasks to queue
[2023-07-05T13:05:31.489+0000] {logging_mixin.py:149} INFO - [2023-07-05T13:05:31.489+0000] {dagbag.py:541} INFO - Filling up the DagBag from /home/airflow/.local/lib/python3.7/site-packages/airflow/example_dags/example_params_ui_tutorial.py
[2023-07-05T13:05:31.537+0000] {processor.py:836} INFO - DAG(s) dict_keys(['example_params_ui_tutorial']) retrieved from /home/airflow/.local/lib/python3.7/site-packages/airflow/example_dags/example_params_ui_tutorial.py
[2023-07-05T13:05:31.627+0000] {logging_mixin.py:149} INFO - [2023-07-05T13:05:31.627+0000] {dag.py:2726} INFO - Sync 1 DAGs
[2023-07-05T13:05:31.671+0000] {logging_mixin.py:149} INFO - [2023-07-05T13:05:31.670+0000] {dag.py:3490} INFO - Setting next_dagrun for example_params_ui_tutorial to None, run_after=None
[2023-07-05T13:05:31.716+0000] {processor.py:179} INFO - Processing /home/airflow/.local/lib/python3.7/site-packages/airflow/example_dags/example_params_ui_tutorial.py took 0.232 seconds
[2023-07-05T13:06:02.066+0000] {processor.py:157} INFO - Started process (PID=1847) to work on /home/airflow/.local/lib/python3.7/site-packages/airflow/example_dags/example_params_ui_tutorial.py
[2023-07-05T13:06:02.068+0000] {processor.py:826} INFO - Processing file /home/airflow/.local/lib/python3.7/site-packages/airflow/example_dags/example_params_ui_tutorial.py for tasks to queue
[2023-07-05T13:06:02.069+0000] {logging_mixin.py:149} INFO - [2023-07-05T13:06:02.069+0000] {dagbag.py:541} INFO - Filling up the DagBag from /home/airflow/.local/lib/python3.7/site-packages/airflow/example_dags/example_params_ui_tutorial.py
[2023-07-05T13:06:02.123+0000] {processor.py:836} INFO - DAG(s) dict_keys(['example_params_ui_tutorial']) retrieved from /home/airflow/.local/lib/python3.7/site-packages/airflow/example_dags/example_params_ui_tutorial.py
[2023-07-05T13:06:02.220+0000] {logging_mixin.py:149} INFO - [2023-07-05T13:06:02.220+0000] {dag.py:2726} INFO - Sync 1 DAGs
[2023-07-05T13:06:02.259+0000] {logging_mixin.py:149} INFO - [2023-07-05T13:06:02.259+0000] {dag.py:3490} INFO - Setting next_dagrun for example_params_ui_tutorial to None, run_after=None
[2023-07-05T13:06:02.287+0000] {processor.py:179} INFO - Processing /home/airflow/.local/lib/python3.7/site-packages/airflow/example_dags/example_params_ui_tutorial.py took 0.225 seconds
[2023-07-05T13:06:32.760+0000] {processor.py:157} INFO - Started process (PID=1904) to work on /home/airflow/.local/lib/python3.7/site-packages/airflow/example_dags/example_params_ui_tutorial.py
[2023-07-05T13:06:32.761+0000] {processor.py:826} INFO - Processing file /home/airflow/.local/lib/python3.7/site-packages/airflow/example_dags/example_params_ui_tutorial.py for tasks to queue
[2023-07-05T13:06:32.762+0000] {logging_mixin.py:149} INFO - [2023-07-05T13:06:32.762+0000] {dagbag.py:541} INFO - Filling up the DagBag from /home/airflow/.local/lib/python3.7/site-packages/airflow/example_dags/example_params_ui_tutorial.py
[2023-07-05T13:06:32.814+0000] {processor.py:836} INFO - DAG(s) dict_keys(['example_params_ui_tutorial']) retrieved from /home/airflow/.local/lib/python3.7/site-packages/airflow/example_dags/example_params_ui_tutorial.py
[2023-07-05T13:06:32.904+0000] {logging_mixin.py:149} INFO - [2023-07-05T13:06:32.904+0000] {dag.py:2726} INFO - Sync 1 DAGs
[2023-07-05T13:06:32.940+0000] {logging_mixin.py:149} INFO - [2023-07-05T13:06:32.940+0000] {dag.py:3490} INFO - Setting next_dagrun for example_params_ui_tutorial to None, run_after=None
[2023-07-05T13:06:32.965+0000] {processor.py:179} INFO - Processing /home/airflow/.local/lib/python3.7/site-packages/airflow/example_dags/example_params_ui_tutorial.py took 0.210 seconds
[2023-07-05T13:07:03.823+0000] {processor.py:157} INFO - Started process (PID=1961) to work on /home/airflow/.local/lib/python3.7/site-packages/airflow/example_dags/example_params_ui_tutorial.py
[2023-07-05T13:07:03.824+0000] {processor.py:826} INFO - Processing file /home/airflow/.local/lib/python3.7/site-packages/airflow/example_dags/example_params_ui_tutorial.py for tasks to queue
[2023-07-05T13:07:03.826+0000] {logging_mixin.py:149} INFO - [2023-07-05T13:07:03.826+0000] {dagbag.py:541} INFO - Filling up the DagBag from /home/airflow/.local/lib/python3.7/site-packages/airflow/example_dags/example_params_ui_tutorial.py
[2023-07-05T13:07:03.889+0000] {processor.py:836} INFO - DAG(s) dict_keys(['example_params_ui_tutorial']) retrieved from /home/airflow/.local/lib/python3.7/site-packages/airflow/example_dags/example_params_ui_tutorial.py
[2023-07-05T13:07:03.999+0000] {logging_mixin.py:149} INFO - [2023-07-05T13:07:03.998+0000] {dag.py:2726} INFO - Sync 1 DAGs
[2023-07-05T13:07:04.037+0000] {logging_mixin.py:149} INFO - [2023-07-05T13:07:04.037+0000] {dag.py:3490} INFO - Setting next_dagrun for example_params_ui_tutorial to None, run_after=None
[2023-07-05T13:07:04.062+0000] {processor.py:179} INFO - Processing /home/airflow/.local/lib/python3.7/site-packages/airflow/example_dags/example_params_ui_tutorial.py took 0.244 seconds
[2023-07-05T13:07:35.096+0000] {processor.py:157} INFO - Started process (PID=2018) to work on /home/airflow/.local/lib/python3.7/site-packages/airflow/example_dags/example_params_ui_tutorial.py
[2023-07-05T13:07:35.098+0000] {processor.py:826} INFO - Processing file /home/airflow/.local/lib/python3.7/site-packages/airflow/example_dags/example_params_ui_tutorial.py for tasks to queue
[2023-07-05T13:07:35.099+0000] {logging_mixin.py:149} INFO - [2023-07-05T13:07:35.099+0000] {dagbag.py:541} INFO - Filling up the DagBag from /home/airflow/.local/lib/python3.7/site-packages/airflow/example_dags/example_params_ui_tutorial.py
[2023-07-05T13:07:35.162+0000] {processor.py:836} INFO - DAG(s) dict_keys(['example_params_ui_tutorial']) retrieved from /home/airflow/.local/lib/python3.7/site-packages/airflow/example_dags/example_params_ui_tutorial.py
[2023-07-05T13:07:35.286+0000] {logging_mixin.py:149} INFO - [2023-07-05T13:07:35.286+0000] {dag.py:2726} INFO - Sync 1 DAGs
[2023-07-05T13:07:35.336+0000] {logging_mixin.py:149} INFO - [2023-07-05T13:07:35.336+0000] {dag.py:3490} INFO - Setting next_dagrun for example_params_ui_tutorial to None, run_after=None
[2023-07-05T13:07:35.368+0000] {processor.py:179} INFO - Processing /home/airflow/.local/lib/python3.7/site-packages/airflow/example_dags/example_params_ui_tutorial.py took 0.277 seconds
[2023-07-05T13:08:06.427+0000] {processor.py:157} INFO - Started process (PID=2074) to work on /home/airflow/.local/lib/python3.7/site-packages/airflow/example_dags/example_params_ui_tutorial.py
[2023-07-05T13:08:06.429+0000] {processor.py:826} INFO - Processing file /home/airflow/.local/lib/python3.7/site-packages/airflow/example_dags/example_params_ui_tutorial.py for tasks to queue
[2023-07-05T13:08:06.430+0000] {logging_mixin.py:149} INFO - [2023-07-05T13:08:06.429+0000] {dagbag.py:541} INFO - Filling up the DagBag from /home/airflow/.local/lib/python3.7/site-packages/airflow/example_dags/example_params_ui_tutorial.py
[2023-07-05T13:08:06.478+0000] {processor.py:836} INFO - DAG(s) dict_keys(['example_params_ui_tutorial']) retrieved from /home/airflow/.local/lib/python3.7/site-packages/airflow/example_dags/example_params_ui_tutorial.py
[2023-07-05T13:08:06.572+0000] {logging_mixin.py:149} INFO - [2023-07-05T13:08:06.572+0000] {dag.py:2726} INFO - Sync 1 DAGs
[2023-07-05T13:08:06.618+0000] {logging_mixin.py:149} INFO - [2023-07-05T13:08:06.618+0000] {dag.py:3490} INFO - Setting next_dagrun for example_params_ui_tutorial to None, run_after=None
[2023-07-05T13:08:06.646+0000] {processor.py:179} INFO - Processing /home/airflow/.local/lib/python3.7/site-packages/airflow/example_dags/example_params_ui_tutorial.py took 0.222 seconds
[2023-07-05T13:08:37.552+0000] {processor.py:157} INFO - Started process (PID=2131) to work on /home/airflow/.local/lib/python3.7/site-packages/airflow/example_dags/example_params_ui_tutorial.py
[2023-07-05T13:08:37.554+0000] {processor.py:826} INFO - Processing file /home/airflow/.local/lib/python3.7/site-packages/airflow/example_dags/example_params_ui_tutorial.py for tasks to queue
[2023-07-05T13:08:37.556+0000] {logging_mixin.py:149} INFO - [2023-07-05T13:08:37.555+0000] {dagbag.py:541} INFO - Filling up the DagBag from /home/airflow/.local/lib/python3.7/site-packages/airflow/example_dags/example_params_ui_tutorial.py
[2023-07-05T13:08:37.610+0000] {processor.py:836} INFO - DAG(s) dict_keys(['example_params_ui_tutorial']) retrieved from /home/airflow/.local/lib/python3.7/site-packages/airflow/example_dags/example_params_ui_tutorial.py
[2023-07-05T13:08:37.715+0000] {logging_mixin.py:149} INFO - [2023-07-05T13:08:37.714+0000] {dag.py:2726} INFO - Sync 1 DAGs
[2023-07-05T13:08:37.759+0000] {logging_mixin.py:149} INFO - [2023-07-05T13:08:37.758+0000] {dag.py:3490} INFO - Setting next_dagrun for example_params_ui_tutorial to None, run_after=None
[2023-07-05T13:08:37.791+0000] {processor.py:179} INFO - Processing /home/airflow/.local/lib/python3.7/site-packages/airflow/example_dags/example_params_ui_tutorial.py took 0.244 seconds
[2023-07-05T13:09:08.012+0000] {processor.py:157} INFO - Started process (PID=2188) to work on /home/airflow/.local/lib/python3.7/site-packages/airflow/example_dags/example_params_ui_tutorial.py
[2023-07-05T13:09:08.014+0000] {processor.py:826} INFO - Processing file /home/airflow/.local/lib/python3.7/site-packages/airflow/example_dags/example_params_ui_tutorial.py for tasks to queue
[2023-07-05T13:09:08.015+0000] {logging_mixin.py:149} INFO - [2023-07-05T13:09:08.014+0000] {dagbag.py:541} INFO - Filling up the DagBag from /home/airflow/.local/lib/python3.7/site-packages/airflow/example_dags/example_params_ui_tutorial.py
[2023-07-05T13:09:08.078+0000] {processor.py:836} INFO - DAG(s) dict_keys(['example_params_ui_tutorial']) retrieved from /home/airflow/.local/lib/python3.7/site-packages/airflow/example_dags/example_params_ui_tutorial.py
[2023-07-05T13:09:08.176+0000] {logging_mixin.py:149} INFO - [2023-07-05T13:09:08.176+0000] {dag.py:2726} INFO - Sync 1 DAGs
[2023-07-05T13:09:08.209+0000] {logging_mixin.py:149} INFO - [2023-07-05T13:09:08.209+0000] {dag.py:3490} INFO - Setting next_dagrun for example_params_ui_tutorial to None, run_after=None
[2023-07-05T13:09:08.233+0000] {processor.py:179} INFO - Processing /home/airflow/.local/lib/python3.7/site-packages/airflow/example_dags/example_params_ui_tutorial.py took 0.227 seconds
[2023-07-05T13:09:38.727+0000] {processor.py:157} INFO - Started process (PID=2245) to work on /home/airflow/.local/lib/python3.7/site-packages/airflow/example_dags/example_params_ui_tutorial.py
[2023-07-05T13:09:38.729+0000] {processor.py:826} INFO - Processing file /home/airflow/.local/lib/python3.7/site-packages/airflow/example_dags/example_params_ui_tutorial.py for tasks to queue
[2023-07-05T13:09:38.730+0000] {logging_mixin.py:149} INFO - [2023-07-05T13:09:38.730+0000] {dagbag.py:541} INFO - Filling up the DagBag from /home/airflow/.local/lib/python3.7/site-packages/airflow/example_dags/example_params_ui_tutorial.py
[2023-07-05T13:09:38.785+0000] {processor.py:836} INFO - DAG(s) dict_keys(['example_params_ui_tutorial']) retrieved from /home/airflow/.local/lib/python3.7/site-packages/airflow/example_dags/example_params_ui_tutorial.py
[2023-07-05T13:09:38.891+0000] {logging_mixin.py:149} INFO - [2023-07-05T13:09:38.890+0000] {dag.py:2726} INFO - Sync 1 DAGs
[2023-07-05T13:09:38.933+0000] {logging_mixin.py:149} INFO - [2023-07-05T13:09:38.933+0000] {dag.py:3490} INFO - Setting next_dagrun for example_params_ui_tutorial to None, run_after=None
[2023-07-05T13:09:38.957+0000] {processor.py:179} INFO - Processing /home/airflow/.local/lib/python3.7/site-packages/airflow/example_dags/example_params_ui_tutorial.py took 0.234 seconds
[2023-07-05T13:10:09.240+0000] {processor.py:157} INFO - Started process (PID=2302) to work on /home/airflow/.local/lib/python3.7/site-packages/airflow/example_dags/example_params_ui_tutorial.py
[2023-07-05T13:10:09.241+0000] {processor.py:826} INFO - Processing file /home/airflow/.local/lib/python3.7/site-packages/airflow/example_dags/example_params_ui_tutorial.py for tasks to queue
[2023-07-05T13:10:09.242+0000] {logging_mixin.py:149} INFO - [2023-07-05T13:10:09.242+0000] {dagbag.py:541} INFO - Filling up the DagBag from /home/airflow/.local/lib/python3.7/site-packages/airflow/example_dags/example_params_ui_tutorial.py
[2023-07-05T13:10:09.303+0000] {processor.py:836} INFO - DAG(s) dict_keys(['example_params_ui_tutorial']) retrieved from /home/airflow/.local/lib/python3.7/site-packages/airflow/example_dags/example_params_ui_tutorial.py
[2023-07-05T13:10:09.423+0000] {logging_mixin.py:149} INFO - [2023-07-05T13:10:09.422+0000] {dag.py:2726} INFO - Sync 1 DAGs
[2023-07-05T13:10:09.460+0000] {logging_mixin.py:149} INFO - [2023-07-05T13:10:09.460+0000] {dag.py:3490} INFO - Setting next_dagrun for example_params_ui_tutorial to None, run_after=None
[2023-07-05T13:10:09.490+0000] {processor.py:179} INFO - Processing /home/airflow/.local/lib/python3.7/site-packages/airflow/example_dags/example_params_ui_tutorial.py took 0.256 seconds
[2023-07-05T13:10:40.581+0000] {processor.py:157} INFO - Started process (PID=2359) to work on /home/airflow/.local/lib/python3.7/site-packages/airflow/example_dags/example_params_ui_tutorial.py
[2023-07-05T13:10:40.582+0000] {processor.py:826} INFO - Processing file /home/airflow/.local/lib/python3.7/site-packages/airflow/example_dags/example_params_ui_tutorial.py for tasks to queue
[2023-07-05T13:10:40.583+0000] {logging_mixin.py:149} INFO - [2023-07-05T13:10:40.583+0000] {dagbag.py:541} INFO - Filling up the DagBag from /home/airflow/.local/lib/python3.7/site-packages/airflow/example_dags/example_params_ui_tutorial.py
[2023-07-05T13:10:40.638+0000] {processor.py:836} INFO - DAG(s) dict_keys(['example_params_ui_tutorial']) retrieved from /home/airflow/.local/lib/python3.7/site-packages/airflow/example_dags/example_params_ui_tutorial.py
[2023-07-05T13:10:40.735+0000] {logging_mixin.py:149} INFO - [2023-07-05T13:10:40.735+0000] {dag.py:2726} INFO - Sync 1 DAGs
[2023-07-05T13:10:40.774+0000] {logging_mixin.py:149} INFO - [2023-07-05T13:10:40.774+0000] {dag.py:3490} INFO - Setting next_dagrun for example_params_ui_tutorial to None, run_after=None
[2023-07-05T13:10:40.802+0000] {processor.py:179} INFO - Processing /home/airflow/.local/lib/python3.7/site-packages/airflow/example_dags/example_params_ui_tutorial.py took 0.227 seconds
[2023-07-05T13:11:11.961+0000] {processor.py:157} INFO - Started process (PID=2416) to work on /home/airflow/.local/lib/python3.7/site-packages/airflow/example_dags/example_params_ui_tutorial.py
[2023-07-05T13:11:11.962+0000] {processor.py:826} INFO - Processing file /home/airflow/.local/lib/python3.7/site-packages/airflow/example_dags/example_params_ui_tutorial.py for tasks to queue
[2023-07-05T13:11:11.963+0000] {logging_mixin.py:149} INFO - [2023-07-05T13:11:11.963+0000] {dagbag.py:541} INFO - Filling up the DagBag from /home/airflow/.local/lib/python3.7/site-packages/airflow/example_dags/example_params_ui_tutorial.py
[2023-07-05T13:11:12.017+0000] {processor.py:836} INFO - DAG(s) dict_keys(['example_params_ui_tutorial']) retrieved from /home/airflow/.local/lib/python3.7/site-packages/airflow/example_dags/example_params_ui_tutorial.py
[2023-07-05T13:11:12.119+0000] {logging_mixin.py:149} INFO - [2023-07-05T13:11:12.119+0000] {dag.py:2726} INFO - Sync 1 DAGs
[2023-07-05T13:11:12.153+0000] {logging_mixin.py:149} INFO - [2023-07-05T13:11:12.153+0000] {dag.py:3490} INFO - Setting next_dagrun for example_params_ui_tutorial to None, run_after=None
[2023-07-05T13:11:12.201+0000] {processor.py:179} INFO - Processing /home/airflow/.local/lib/python3.7/site-packages/airflow/example_dags/example_params_ui_tutorial.py took 0.243 seconds
[2023-07-05T13:11:43.397+0000] {processor.py:157} INFO - Started process (PID=2473) to work on /home/airflow/.local/lib/python3.7/site-packages/airflow/example_dags/example_params_ui_tutorial.py
[2023-07-05T13:11:43.398+0000] {processor.py:826} INFO - Processing file /home/airflow/.local/lib/python3.7/site-packages/airflow/example_dags/example_params_ui_tutorial.py for tasks to queue
[2023-07-05T13:11:43.400+0000] {logging_mixin.py:149} INFO - [2023-07-05T13:11:43.399+0000] {dagbag.py:541} INFO - Filling up the DagBag from /home/airflow/.local/lib/python3.7/site-packages/airflow/example_dags/example_params_ui_tutorial.py
[2023-07-05T13:11:43.449+0000] {processor.py:836} INFO - DAG(s) dict_keys(['example_params_ui_tutorial']) retrieved from /home/airflow/.local/lib/python3.7/site-packages/airflow/example_dags/example_params_ui_tutorial.py
[2023-07-05T13:11:43.551+0000] {logging_mixin.py:149} INFO - [2023-07-05T13:11:43.551+0000] {dag.py:2726} INFO - Sync 1 DAGs
[2023-07-05T13:11:43.589+0000] {logging_mixin.py:149} INFO - [2023-07-05T13:11:43.589+0000] {dag.py:3490} INFO - Setting next_dagrun for example_params_ui_tutorial to None, run_after=None
[2023-07-05T13:11:43.626+0000] {processor.py:179} INFO - Processing /home/airflow/.local/lib/python3.7/site-packages/airflow/example_dags/example_params_ui_tutorial.py took 0.233 seconds
[2023-07-05T13:12:13.934+0000] {processor.py:157} INFO - Started process (PID=2530) to work on /home/airflow/.local/lib/python3.7/site-packages/airflow/example_dags/example_params_ui_tutorial.py
[2023-07-05T13:12:13.936+0000] {processor.py:826} INFO - Processing file /home/airflow/.local/lib/python3.7/site-packages/airflow/example_dags/example_params_ui_tutorial.py for tasks to queue
[2023-07-05T13:12:13.937+0000] {logging_mixin.py:149} INFO - [2023-07-05T13:12:13.937+0000] {dagbag.py:541} INFO - Filling up the DagBag from /home/airflow/.local/lib/python3.7/site-packages/airflow/example_dags/example_params_ui_tutorial.py
[2023-07-05T13:12:14.000+0000] {processor.py:836} INFO - DAG(s) dict_keys(['example_params_ui_tutorial']) retrieved from /home/airflow/.local/lib/python3.7/site-packages/airflow/example_dags/example_params_ui_tutorial.py
[2023-07-05T13:12:14.097+0000] {logging_mixin.py:149} INFO - [2023-07-05T13:12:14.096+0000] {dag.py:2726} INFO - Sync 1 DAGs
[2023-07-05T13:12:14.133+0000] {logging_mixin.py:149} INFO - [2023-07-05T13:12:14.133+0000] {dag.py:3490} INFO - Setting next_dagrun for example_params_ui_tutorial to None, run_after=None
[2023-07-05T13:12:14.169+0000] {processor.py:179} INFO - Processing /home/airflow/.local/lib/python3.7/site-packages/airflow/example_dags/example_params_ui_tutorial.py took 0.238 seconds
[2023-07-05T13:12:44.450+0000] {processor.py:157} INFO - Started process (PID=2587) to work on /home/airflow/.local/lib/python3.7/site-packages/airflow/example_dags/example_params_ui_tutorial.py
[2023-07-05T13:12:44.451+0000] {processor.py:826} INFO - Processing file /home/airflow/.local/lib/python3.7/site-packages/airflow/example_dags/example_params_ui_tutorial.py for tasks to queue
[2023-07-05T13:12:44.452+0000] {logging_mixin.py:149} INFO - [2023-07-05T13:12:44.452+0000] {dagbag.py:541} INFO - Filling up the DagBag from /home/airflow/.local/lib/python3.7/site-packages/airflow/example_dags/example_params_ui_tutorial.py
[2023-07-05T13:12:44.511+0000] {processor.py:836} INFO - DAG(s) dict_keys(['example_params_ui_tutorial']) retrieved from /home/airflow/.local/lib/python3.7/site-packages/airflow/example_dags/example_params_ui_tutorial.py
[2023-07-05T13:12:44.607+0000] {logging_mixin.py:149} INFO - [2023-07-05T13:12:44.607+0000] {dag.py:2726} INFO - Sync 1 DAGs
[2023-07-05T13:12:44.658+0000] {logging_mixin.py:149} INFO - [2023-07-05T13:12:44.657+0000] {dag.py:3490} INFO - Setting next_dagrun for example_params_ui_tutorial to None, run_after=None
[2023-07-05T13:12:44.687+0000] {processor.py:179} INFO - Processing /home/airflow/.local/lib/python3.7/site-packages/airflow/example_dags/example_params_ui_tutorial.py took 0.241 seconds
[2023-07-05T13:13:14.920+0000] {processor.py:157} INFO - Started process (PID=2644) to work on /home/airflow/.local/lib/python3.7/site-packages/airflow/example_dags/example_params_ui_tutorial.py
[2023-07-05T13:13:14.921+0000] {processor.py:826} INFO - Processing file /home/airflow/.local/lib/python3.7/site-packages/airflow/example_dags/example_params_ui_tutorial.py for tasks to queue
[2023-07-05T13:13:14.922+0000] {logging_mixin.py:149} INFO - [2023-07-05T13:13:14.921+0000] {dagbag.py:541} INFO - Filling up the DagBag from /home/airflow/.local/lib/python3.7/site-packages/airflow/example_dags/example_params_ui_tutorial.py
[2023-07-05T13:13:14.976+0000] {processor.py:836} INFO - DAG(s) dict_keys(['example_params_ui_tutorial']) retrieved from /home/airflow/.local/lib/python3.7/site-packages/airflow/example_dags/example_params_ui_tutorial.py
[2023-07-05T13:13:15.094+0000] {logging_mixin.py:149} INFO - [2023-07-05T13:13:15.093+0000] {dag.py:2726} INFO - Sync 1 DAGs
[2023-07-05T13:13:15.140+0000] {logging_mixin.py:149} INFO - [2023-07-05T13:13:15.140+0000] {dag.py:3490} INFO - Setting next_dagrun for example_params_ui_tutorial to None, run_after=None
[2023-07-05T13:13:15.170+0000] {processor.py:179} INFO - Processing /home/airflow/.local/lib/python3.7/site-packages/airflow/example_dags/example_params_ui_tutorial.py took 0.254 seconds
[2023-07-05T13:13:46.186+0000] {processor.py:157} INFO - Started process (PID=2701) to work on /home/airflow/.local/lib/python3.7/site-packages/airflow/example_dags/example_params_ui_tutorial.py
[2023-07-05T13:13:46.187+0000] {processor.py:826} INFO - Processing file /home/airflow/.local/lib/python3.7/site-packages/airflow/example_dags/example_params_ui_tutorial.py for tasks to queue
[2023-07-05T13:13:46.188+0000] {logging_mixin.py:149} INFO - [2023-07-05T13:13:46.188+0000] {dagbag.py:541} INFO - Filling up the DagBag from /home/airflow/.local/lib/python3.7/site-packages/airflow/example_dags/example_params_ui_tutorial.py
[2023-07-05T13:13:46.237+0000] {processor.py:836} INFO - DAG(s) dict_keys(['example_params_ui_tutorial']) retrieved from /home/airflow/.local/lib/python3.7/site-packages/airflow/example_dags/example_params_ui_tutorial.py
[2023-07-05T13:13:46.319+0000] {logging_mixin.py:149} INFO - [2023-07-05T13:13:46.319+0000] {dag.py:2726} INFO - Sync 1 DAGs
[2023-07-05T13:13:46.354+0000] {logging_mixin.py:149} INFO - [2023-07-05T13:13:46.354+0000] {dag.py:3490} INFO - Setting next_dagrun for example_params_ui_tutorial to None, run_after=None
[2023-07-05T13:13:46.376+0000] {processor.py:179} INFO - Processing /home/airflow/.local/lib/python3.7/site-packages/airflow/example_dags/example_params_ui_tutorial.py took 0.193 seconds
[2023-07-05T13:14:17.410+0000] {processor.py:157} INFO - Started process (PID=2759) to work on /home/airflow/.local/lib/python3.7/site-packages/airflow/example_dags/example_params_ui_tutorial.py
[2023-07-05T13:14:17.412+0000] {processor.py:826} INFO - Processing file /home/airflow/.local/lib/python3.7/site-packages/airflow/example_dags/example_params_ui_tutorial.py for tasks to queue
[2023-07-05T13:14:17.413+0000] {logging_mixin.py:149} INFO - [2023-07-05T13:14:17.412+0000] {dagbag.py:541} INFO - Filling up the DagBag from /home/airflow/.local/lib/python3.7/site-packages/airflow/example_dags/example_params_ui_tutorial.py
[2023-07-05T13:14:17.465+0000] {processor.py:836} INFO - DAG(s) dict_keys(['example_params_ui_tutorial']) retrieved from /home/airflow/.local/lib/python3.7/site-packages/airflow/example_dags/example_params_ui_tutorial.py
[2023-07-05T13:14:17.569+0000] {logging_mixin.py:149} INFO - [2023-07-05T13:14:17.569+0000] {dag.py:2726} INFO - Sync 1 DAGs
[2023-07-05T13:14:17.606+0000] {logging_mixin.py:149} INFO - [2023-07-05T13:14:17.606+0000] {dag.py:3490} INFO - Setting next_dagrun for example_params_ui_tutorial to None, run_after=None
[2023-07-05T13:14:17.637+0000] {processor.py:179} INFO - Processing /home/airflow/.local/lib/python3.7/site-packages/airflow/example_dags/example_params_ui_tutorial.py took 0.232 seconds
[2023-07-05T13:14:48.835+0000] {processor.py:157} INFO - Started process (PID=2816) to work on /home/airflow/.local/lib/python3.7/site-packages/airflow/example_dags/example_params_ui_tutorial.py
[2023-07-05T13:14:48.836+0000] {processor.py:826} INFO - Processing file /home/airflow/.local/lib/python3.7/site-packages/airflow/example_dags/example_params_ui_tutorial.py for tasks to queue
[2023-07-05T13:14:48.837+0000] {logging_mixin.py:149} INFO - [2023-07-05T13:14:48.836+0000] {dagbag.py:541} INFO - Filling up the DagBag from /home/airflow/.local/lib/python3.7/site-packages/airflow/example_dags/example_params_ui_tutorial.py
[2023-07-05T13:14:48.893+0000] {processor.py:836} INFO - DAG(s) dict_keys(['example_params_ui_tutorial']) retrieved from /home/airflow/.local/lib/python3.7/site-packages/airflow/example_dags/example_params_ui_tutorial.py
[2023-07-05T13:14:49.003+0000] {logging_mixin.py:149} INFO - [2023-07-05T13:14:49.002+0000] {dag.py:2726} INFO - Sync 1 DAGs
[2023-07-05T13:14:49.050+0000] {logging_mixin.py:149} INFO - [2023-07-05T13:14:49.050+0000] {dag.py:3490} INFO - Setting next_dagrun for example_params_ui_tutorial to None, run_after=None
[2023-07-05T13:14:49.086+0000] {processor.py:179} INFO - Processing /home/airflow/.local/lib/python3.7/site-packages/airflow/example_dags/example_params_ui_tutorial.py took 0.256 seconds
[2023-07-05T13:15:20.434+0000] {processor.py:157} INFO - Started process (PID=2879) to work on /home/airflow/.local/lib/python3.7/site-packages/airflow/example_dags/example_params_ui_tutorial.py
[2023-07-05T13:15:20.436+0000] {processor.py:826} INFO - Processing file /home/airflow/.local/lib/python3.7/site-packages/airflow/example_dags/example_params_ui_tutorial.py for tasks to queue
[2023-07-05T13:15:20.437+0000] {logging_mixin.py:149} INFO - [2023-07-05T13:15:20.437+0000] {dagbag.py:541} INFO - Filling up the DagBag from /home/airflow/.local/lib/python3.7/site-packages/airflow/example_dags/example_params_ui_tutorial.py
[2023-07-05T13:15:20.507+0000] {processor.py:836} INFO - DAG(s) dict_keys(['example_params_ui_tutorial']) retrieved from /home/airflow/.local/lib/python3.7/site-packages/airflow/example_dags/example_params_ui_tutorial.py
[2023-07-05T13:15:20.618+0000] {logging_mixin.py:149} INFO - [2023-07-05T13:15:20.618+0000] {dag.py:2726} INFO - Sync 1 DAGs
[2023-07-05T13:15:20.657+0000] {logging_mixin.py:149} INFO - [2023-07-05T13:15:20.656+0000] {dag.py:3490} INFO - Setting next_dagrun for example_params_ui_tutorial to None, run_after=None
[2023-07-05T13:15:20.687+0000] {processor.py:179} INFO - Processing /home/airflow/.local/lib/python3.7/site-packages/airflow/example_dags/example_params_ui_tutorial.py took 0.257 seconds
[2023-07-05T13:15:50.753+0000] {processor.py:157} INFO - Started process (PID=2938) to work on /home/airflow/.local/lib/python3.7/site-packages/airflow/example_dags/example_params_ui_tutorial.py
[2023-07-05T13:15:50.755+0000] {processor.py:826} INFO - Processing file /home/airflow/.local/lib/python3.7/site-packages/airflow/example_dags/example_params_ui_tutorial.py for tasks to queue
[2023-07-05T13:15:50.756+0000] {logging_mixin.py:149} INFO - [2023-07-05T13:15:50.756+0000] {dagbag.py:541} INFO - Filling up the DagBag from /home/airflow/.local/lib/python3.7/site-packages/airflow/example_dags/example_params_ui_tutorial.py
[2023-07-05T13:15:50.818+0000] {processor.py:836} INFO - DAG(s) dict_keys(['example_params_ui_tutorial']) retrieved from /home/airflow/.local/lib/python3.7/site-packages/airflow/example_dags/example_params_ui_tutorial.py
[2023-07-05T13:15:50.932+0000] {logging_mixin.py:149} INFO - [2023-07-05T13:15:50.931+0000] {dag.py:2726} INFO - Sync 1 DAGs
[2023-07-05T13:15:50.983+0000] {logging_mixin.py:149} INFO - [2023-07-05T13:15:50.983+0000] {dag.py:3490} INFO - Setting next_dagrun for example_params_ui_tutorial to None, run_after=None
[2023-07-05T13:15:51.023+0000] {processor.py:179} INFO - Processing /home/airflow/.local/lib/python3.7/site-packages/airflow/example_dags/example_params_ui_tutorial.py took 0.275 seconds
[2023-07-05T13:16:22.007+0000] {processor.py:157} INFO - Started process (PID=2994) to work on /home/airflow/.local/lib/python3.7/site-packages/airflow/example_dags/example_params_ui_tutorial.py
[2023-07-05T13:16:22.008+0000] {processor.py:826} INFO - Processing file /home/airflow/.local/lib/python3.7/site-packages/airflow/example_dags/example_params_ui_tutorial.py for tasks to queue
[2023-07-05T13:16:22.009+0000] {logging_mixin.py:149} INFO - [2023-07-05T13:16:22.009+0000] {dagbag.py:541} INFO - Filling up the DagBag from /home/airflow/.local/lib/python3.7/site-packages/airflow/example_dags/example_params_ui_tutorial.py
[2023-07-05T13:16:22.065+0000] {processor.py:836} INFO - DAG(s) dict_keys(['example_params_ui_tutorial']) retrieved from /home/airflow/.local/lib/python3.7/site-packages/airflow/example_dags/example_params_ui_tutorial.py
[2023-07-05T13:16:22.215+0000] {logging_mixin.py:149} INFO - [2023-07-05T13:16:22.214+0000] {dag.py:2726} INFO - Sync 1 DAGs
[2023-07-05T13:16:22.256+0000] {logging_mixin.py:149} INFO - [2023-07-05T13:16:22.256+0000] {dag.py:3490} INFO - Setting next_dagrun for example_params_ui_tutorial to None, run_after=None
[2023-07-05T13:16:22.297+0000] {processor.py:179} INFO - Processing /home/airflow/.local/lib/python3.7/site-packages/airflow/example_dags/example_params_ui_tutorial.py took 0.295 seconds
[2023-07-05T13:16:53.454+0000] {processor.py:157} INFO - Started process (PID=3052) to work on /home/airflow/.local/lib/python3.7/site-packages/airflow/example_dags/example_params_ui_tutorial.py
[2023-07-05T13:16:53.456+0000] {processor.py:826} INFO - Processing file /home/airflow/.local/lib/python3.7/site-packages/airflow/example_dags/example_params_ui_tutorial.py for tasks to queue
[2023-07-05T13:16:53.457+0000] {logging_mixin.py:149} INFO - [2023-07-05T13:16:53.456+0000] {dagbag.py:541} INFO - Filling up the DagBag from /home/airflow/.local/lib/python3.7/site-packages/airflow/example_dags/example_params_ui_tutorial.py
[2023-07-05T13:16:53.515+0000] {processor.py:836} INFO - DAG(s) dict_keys(['example_params_ui_tutorial']) retrieved from /home/airflow/.local/lib/python3.7/site-packages/airflow/example_dags/example_params_ui_tutorial.py
[2023-07-05T13:16:53.619+0000] {logging_mixin.py:149} INFO - [2023-07-05T13:16:53.619+0000] {dag.py:2726} INFO - Sync 1 DAGs
[2023-07-05T13:16:53.658+0000] {logging_mixin.py:149} INFO - [2023-07-05T13:16:53.658+0000] {dag.py:3490} INFO - Setting next_dagrun for example_params_ui_tutorial to None, run_after=None
[2023-07-05T13:16:53.698+0000] {processor.py:179} INFO - Processing /home/airflow/.local/lib/python3.7/site-packages/airflow/example_dags/example_params_ui_tutorial.py took 0.248 seconds
[2023-07-05T13:17:24.311+0000] {processor.py:157} INFO - Started process (PID=3109) to work on /home/airflow/.local/lib/python3.7/site-packages/airflow/example_dags/example_params_ui_tutorial.py
[2023-07-05T13:17:24.313+0000] {processor.py:826} INFO - Processing file /home/airflow/.local/lib/python3.7/site-packages/airflow/example_dags/example_params_ui_tutorial.py for tasks to queue
[2023-07-05T13:17:24.313+0000] {logging_mixin.py:149} INFO - [2023-07-05T13:17:24.313+0000] {dagbag.py:541} INFO - Filling up the DagBag from /home/airflow/.local/lib/python3.7/site-packages/airflow/example_dags/example_params_ui_tutorial.py
[2023-07-05T13:17:24.367+0000] {processor.py:836} INFO - DAG(s) dict_keys(['example_params_ui_tutorial']) retrieved from /home/airflow/.local/lib/python3.7/site-packages/airflow/example_dags/example_params_ui_tutorial.py
[2023-07-05T13:17:24.463+0000] {logging_mixin.py:149} INFO - [2023-07-05T13:17:24.463+0000] {dag.py:2726} INFO - Sync 1 DAGs
[2023-07-05T13:17:24.501+0000] {logging_mixin.py:149} INFO - [2023-07-05T13:17:24.501+0000] {dag.py:3490} INFO - Setting next_dagrun for example_params_ui_tutorial to None, run_after=None
[2023-07-05T13:17:24.530+0000] {processor.py:179} INFO - Processing /home/airflow/.local/lib/python3.7/site-packages/airflow/example_dags/example_params_ui_tutorial.py took 0.223 seconds
[2023-07-05T13:17:55.491+0000] {processor.py:157} INFO - Started process (PID=3166) to work on /home/airflow/.local/lib/python3.7/site-packages/airflow/example_dags/example_params_ui_tutorial.py
[2023-07-05T13:17:55.493+0000] {processor.py:826} INFO - Processing file /home/airflow/.local/lib/python3.7/site-packages/airflow/example_dags/example_params_ui_tutorial.py for tasks to queue
[2023-07-05T13:17:55.494+0000] {logging_mixin.py:149} INFO - [2023-07-05T13:17:55.494+0000] {dagbag.py:541} INFO - Filling up the DagBag from /home/airflow/.local/lib/python3.7/site-packages/airflow/example_dags/example_params_ui_tutorial.py
[2023-07-05T13:17:55.548+0000] {processor.py:836} INFO - DAG(s) dict_keys(['example_params_ui_tutorial']) retrieved from /home/airflow/.local/lib/python3.7/site-packages/airflow/example_dags/example_params_ui_tutorial.py
[2023-07-05T13:17:55.660+0000] {logging_mixin.py:149} INFO - [2023-07-05T13:17:55.659+0000] {dag.py:2726} INFO - Sync 1 DAGs
[2023-07-05T13:17:55.702+0000] {logging_mixin.py:149} INFO - [2023-07-05T13:17:55.702+0000] {dag.py:3490} INFO - Setting next_dagrun for example_params_ui_tutorial to None, run_after=None
[2023-07-05T13:17:55.723+0000] {processor.py:179} INFO - Processing /home/airflow/.local/lib/python3.7/site-packages/airflow/example_dags/example_params_ui_tutorial.py took 0.237 seconds
