[2023-07-05T12:49:54.813+0000] {processor.py:157} INFO - Started process (PID=38) to work on /home/airflow/.local/lib/python3.7/site-packages/airflow/example_dags/example_bash_operator.py
[2023-07-05T12:49:54.815+0000] {processor.py:826} INFO - Processing file /home/airflow/.local/lib/python3.7/site-packages/airflow/example_dags/example_bash_operator.py for tasks to queue
[2023-07-05T12:49:54.817+0000] {logging_mixin.py:149} INFO - [2023-07-05T12:49:54.817+0000] {dagbag.py:541} INFO - Filling up the DagBag from /home/airflow/.local/lib/python3.7/site-packages/airflow/example_dags/example_bash_operator.py
[2023-07-05T12:49:54.841+0000] {processor.py:836} INFO - DAG(s) dict_keys(['example_bash_operator']) retrieved from /home/airflow/.local/lib/python3.7/site-packages/airflow/example_dags/example_bash_operator.py
[2023-07-05T12:49:54.892+0000] {logging_mixin.py:149} INFO - [2023-07-05T12:49:54.892+0000] {dag.py:2726} INFO - Sync 1 DAGs
[2023-07-05T12:49:54.974+0000] {logging_mixin.py:149} INFO - [2023-07-05T12:49:54.974+0000] {dag.py:3490} INFO - Setting next_dagrun for example_bash_operator to 2023-07-04T00:00:00+00:00, run_after=2023-07-05T00:00:00+00:00
[2023-07-05T12:49:55.012+0000] {processor.py:179} INFO - Processing /home/airflow/.local/lib/python3.7/site-packages/airflow/example_dags/example_bash_operator.py took 0.204 seconds
[2023-07-05T12:50:30.474+0000] {processor.py:157} INFO - Started process (PID=95) to work on /home/airflow/.local/lib/python3.7/site-packages/airflow/example_dags/example_bash_operator.py
[2023-07-05T12:50:30.475+0000] {processor.py:826} INFO - Processing file /home/airflow/.local/lib/python3.7/site-packages/airflow/example_dags/example_bash_operator.py for tasks to queue
[2023-07-05T12:50:30.475+0000] {logging_mixin.py:149} INFO - [2023-07-05T12:50:30.475+0000] {dagbag.py:541} INFO - Filling up the DagBag from /home/airflow/.local/lib/python3.7/site-packages/airflow/example_dags/example_bash_operator.py
[2023-07-05T12:50:30.492+0000] {processor.py:836} INFO - DAG(s) dict_keys(['example_bash_operator']) retrieved from /home/airflow/.local/lib/python3.7/site-packages/airflow/example_dags/example_bash_operator.py
[2023-07-05T12:50:30.545+0000] {logging_mixin.py:149} INFO - [2023-07-05T12:50:30.544+0000] {dag.py:2726} INFO - Sync 1 DAGs
[2023-07-05T12:50:30.581+0000] {logging_mixin.py:149} INFO - [2023-07-05T12:50:30.580+0000] {dag.py:3490} INFO - Setting next_dagrun for example_bash_operator to 2023-07-04T00:00:00+00:00, run_after=2023-07-05T00:00:00+00:00
[2023-07-05T12:50:30.616+0000] {processor.py:179} INFO - Processing /home/airflow/.local/lib/python3.7/site-packages/airflow/example_dags/example_bash_operator.py took 0.146 seconds
[2023-07-05T12:51:00.871+0000] {processor.py:157} INFO - Started process (PID=153) to work on /home/airflow/.local/lib/python3.7/site-packages/airflow/example_dags/example_bash_operator.py
[2023-07-05T12:51:00.872+0000] {processor.py:826} INFO - Processing file /home/airflow/.local/lib/python3.7/site-packages/airflow/example_dags/example_bash_operator.py for tasks to queue
[2023-07-05T12:51:00.873+0000] {logging_mixin.py:149} INFO - [2023-07-05T12:51:00.873+0000] {dagbag.py:541} INFO - Filling up the DagBag from /home/airflow/.local/lib/python3.7/site-packages/airflow/example_dags/example_bash_operator.py
[2023-07-05T12:51:00.890+0000] {processor.py:836} INFO - DAG(s) dict_keys(['example_bash_operator']) retrieved from /home/airflow/.local/lib/python3.7/site-packages/airflow/example_dags/example_bash_operator.py
[2023-07-05T12:51:00.941+0000] {logging_mixin.py:149} INFO - [2023-07-05T12:51:00.941+0000] {dag.py:2726} INFO - Sync 1 DAGs
[2023-07-05T12:51:00.985+0000] {logging_mixin.py:149} INFO - [2023-07-05T12:51:00.985+0000] {dag.py:3490} INFO - Setting next_dagrun for example_bash_operator to 2023-07-04T00:00:00+00:00, run_after=2023-07-05T00:00:00+00:00
[2023-07-05T12:51:01.026+0000] {processor.py:179} INFO - Processing /home/airflow/.local/lib/python3.7/site-packages/airflow/example_dags/example_bash_operator.py took 0.159 seconds
[2023-07-05T12:51:31.295+0000] {processor.py:157} INFO - Started process (PID=210) to work on /home/airflow/.local/lib/python3.7/site-packages/airflow/example_dags/example_bash_operator.py
[2023-07-05T12:51:31.297+0000] {processor.py:826} INFO - Processing file /home/airflow/.local/lib/python3.7/site-packages/airflow/example_dags/example_bash_operator.py for tasks to queue
[2023-07-05T12:51:31.298+0000] {logging_mixin.py:149} INFO - [2023-07-05T12:51:31.298+0000] {dagbag.py:541} INFO - Filling up the DagBag from /home/airflow/.local/lib/python3.7/site-packages/airflow/example_dags/example_bash_operator.py
[2023-07-05T12:51:31.323+0000] {processor.py:836} INFO - DAG(s) dict_keys(['example_bash_operator']) retrieved from /home/airflow/.local/lib/python3.7/site-packages/airflow/example_dags/example_bash_operator.py
[2023-07-05T12:51:31.402+0000] {logging_mixin.py:149} INFO - [2023-07-05T12:51:31.402+0000] {dag.py:2726} INFO - Sync 1 DAGs
[2023-07-05T12:51:31.544+0000] {logging_mixin.py:149} INFO - [2023-07-05T12:51:31.544+0000] {dag.py:3490} INFO - Setting next_dagrun for example_bash_operator to 2023-07-04T00:00:00+00:00, run_after=2023-07-05T00:00:00+00:00
[2023-07-05T12:51:31.590+0000] {processor.py:179} INFO - Processing /home/airflow/.local/lib/python3.7/site-packages/airflow/example_dags/example_bash_operator.py took 0.299 seconds
[2023-07-05T12:52:02.516+0000] {processor.py:157} INFO - Started process (PID=267) to work on /home/airflow/.local/lib/python3.7/site-packages/airflow/example_dags/example_bash_operator.py
[2023-07-05T12:52:02.517+0000] {processor.py:826} INFO - Processing file /home/airflow/.local/lib/python3.7/site-packages/airflow/example_dags/example_bash_operator.py for tasks to queue
[2023-07-05T12:52:02.518+0000] {logging_mixin.py:149} INFO - [2023-07-05T12:52:02.518+0000] {dagbag.py:541} INFO - Filling up the DagBag from /home/airflow/.local/lib/python3.7/site-packages/airflow/example_dags/example_bash_operator.py
[2023-07-05T12:52:02.540+0000] {processor.py:836} INFO - DAG(s) dict_keys(['example_bash_operator']) retrieved from /home/airflow/.local/lib/python3.7/site-packages/airflow/example_dags/example_bash_operator.py
[2023-07-05T12:52:02.599+0000] {logging_mixin.py:149} INFO - [2023-07-05T12:52:02.598+0000] {dag.py:2726} INFO - Sync 1 DAGs
[2023-07-05T12:52:02.643+0000] {logging_mixin.py:149} INFO - [2023-07-05T12:52:02.643+0000] {dag.py:3490} INFO - Setting next_dagrun for example_bash_operator to 2023-07-04T00:00:00+00:00, run_after=2023-07-05T00:00:00+00:00
[2023-07-05T12:52:02.681+0000] {processor.py:179} INFO - Processing /home/airflow/.local/lib/python3.7/site-packages/airflow/example_dags/example_bash_operator.py took 0.170 seconds
[2023-07-05T12:52:33.297+0000] {processor.py:157} INFO - Started process (PID=324) to work on /home/airflow/.local/lib/python3.7/site-packages/airflow/example_dags/example_bash_operator.py
[2023-07-05T12:52:33.298+0000] {processor.py:826} INFO - Processing file /home/airflow/.local/lib/python3.7/site-packages/airflow/example_dags/example_bash_operator.py for tasks to queue
[2023-07-05T12:52:33.298+0000] {logging_mixin.py:149} INFO - [2023-07-05T12:52:33.298+0000] {dagbag.py:541} INFO - Filling up the DagBag from /home/airflow/.local/lib/python3.7/site-packages/airflow/example_dags/example_bash_operator.py
[2023-07-05T12:52:33.318+0000] {processor.py:836} INFO - DAG(s) dict_keys(['example_bash_operator']) retrieved from /home/airflow/.local/lib/python3.7/site-packages/airflow/example_dags/example_bash_operator.py
[2023-07-05T12:52:33.381+0000] {logging_mixin.py:149} INFO - [2023-07-05T12:52:33.381+0000] {dag.py:2726} INFO - Sync 1 DAGs
[2023-07-05T12:52:33.587+0000] {logging_mixin.py:149} INFO - [2023-07-05T12:52:33.587+0000] {dag.py:3490} INFO - Setting next_dagrun for example_bash_operator to 2023-07-04T00:00:00+00:00, run_after=2023-07-05T00:00:00+00:00
[2023-07-05T12:52:33.618+0000] {processor.py:179} INFO - Processing /home/airflow/.local/lib/python3.7/site-packages/airflow/example_dags/example_bash_operator.py took 0.325 seconds
[2023-07-05T12:53:03.733+0000] {processor.py:157} INFO - Started process (PID=380) to work on /home/airflow/.local/lib/python3.7/site-packages/airflow/example_dags/example_bash_operator.py
[2023-07-05T12:53:03.736+0000] {processor.py:826} INFO - Processing file /home/airflow/.local/lib/python3.7/site-packages/airflow/example_dags/example_bash_operator.py for tasks to queue
[2023-07-05T12:53:03.737+0000] {logging_mixin.py:149} INFO - [2023-07-05T12:53:03.736+0000] {dagbag.py:541} INFO - Filling up the DagBag from /home/airflow/.local/lib/python3.7/site-packages/airflow/example_dags/example_bash_operator.py
[2023-07-05T12:53:03.757+0000] {processor.py:836} INFO - DAG(s) dict_keys(['example_bash_operator']) retrieved from /home/airflow/.local/lib/python3.7/site-packages/airflow/example_dags/example_bash_operator.py
[2023-07-05T12:53:03.810+0000] {logging_mixin.py:149} INFO - [2023-07-05T12:53:03.810+0000] {dag.py:2726} INFO - Sync 1 DAGs
[2023-07-05T12:53:03.852+0000] {logging_mixin.py:149} INFO - [2023-07-05T12:53:03.852+0000] {dag.py:3490} INFO - Setting next_dagrun for example_bash_operator to 2023-07-04T00:00:00+00:00, run_after=2023-07-05T00:00:00+00:00
[2023-07-05T12:53:03.883+0000] {processor.py:179} INFO - Processing /home/airflow/.local/lib/python3.7/site-packages/airflow/example_dags/example_bash_operator.py took 0.153 seconds
[2023-07-05T12:53:34.049+0000] {processor.py:157} INFO - Started process (PID=437) to work on /home/airflow/.local/lib/python3.7/site-packages/airflow/example_dags/example_bash_operator.py
[2023-07-05T12:53:34.055+0000] {processor.py:826} INFO - Processing file /home/airflow/.local/lib/python3.7/site-packages/airflow/example_dags/example_bash_operator.py for tasks to queue
[2023-07-05T12:53:34.056+0000] {logging_mixin.py:149} INFO - [2023-07-05T12:53:34.056+0000] {dagbag.py:541} INFO - Filling up the DagBag from /home/airflow/.local/lib/python3.7/site-packages/airflow/example_dags/example_bash_operator.py
[2023-07-05T12:53:34.072+0000] {processor.py:836} INFO - DAG(s) dict_keys(['example_bash_operator']) retrieved from /home/airflow/.local/lib/python3.7/site-packages/airflow/example_dags/example_bash_operator.py
[2023-07-05T12:53:34.129+0000] {logging_mixin.py:149} INFO - [2023-07-05T12:53:34.129+0000] {dag.py:2726} INFO - Sync 1 DAGs
[2023-07-05T12:53:34.322+0000] {logging_mixin.py:149} INFO - [2023-07-05T12:53:34.322+0000] {dag.py:3490} INFO - Setting next_dagrun for example_bash_operator to 2023-07-04T00:00:00+00:00, run_after=2023-07-05T00:00:00+00:00
[2023-07-05T12:53:34.347+0000] {processor.py:179} INFO - Processing /home/airflow/.local/lib/python3.7/site-packages/airflow/example_dags/example_bash_operator.py took 0.302 seconds
[2023-07-05T12:54:04.693+0000] {processor.py:157} INFO - Started process (PID=494) to work on /home/airflow/.local/lib/python3.7/site-packages/airflow/example_dags/example_bash_operator.py
[2023-07-05T12:54:04.694+0000] {processor.py:826} INFO - Processing file /home/airflow/.local/lib/python3.7/site-packages/airflow/example_dags/example_bash_operator.py for tasks to queue
[2023-07-05T12:54:04.695+0000] {logging_mixin.py:149} INFO - [2023-07-05T12:54:04.695+0000] {dagbag.py:541} INFO - Filling up the DagBag from /home/airflow/.local/lib/python3.7/site-packages/airflow/example_dags/example_bash_operator.py
[2023-07-05T12:54:04.716+0000] {processor.py:836} INFO - DAG(s) dict_keys(['example_bash_operator']) retrieved from /home/airflow/.local/lib/python3.7/site-packages/airflow/example_dags/example_bash_operator.py
[2023-07-05T12:54:04.768+0000] {logging_mixin.py:149} INFO - [2023-07-05T12:54:04.768+0000] {dag.py:2726} INFO - Sync 1 DAGs
[2023-07-05T12:54:04.812+0000] {logging_mixin.py:149} INFO - [2023-07-05T12:54:04.811+0000] {dag.py:3490} INFO - Setting next_dagrun for example_bash_operator to 2023-07-04T00:00:00+00:00, run_after=2023-07-05T00:00:00+00:00
[2023-07-05T12:54:04.983+0000] {processor.py:179} INFO - Processing /home/airflow/.local/lib/python3.7/site-packages/airflow/example_dags/example_bash_operator.py took 0.295 seconds
[2023-07-05T12:54:35.947+0000] {processor.py:157} INFO - Started process (PID=552) to work on /home/airflow/.local/lib/python3.7/site-packages/airflow/example_dags/example_bash_operator.py
[2023-07-05T12:54:35.949+0000] {processor.py:826} INFO - Processing file /home/airflow/.local/lib/python3.7/site-packages/airflow/example_dags/example_bash_operator.py for tasks to queue
[2023-07-05T12:54:35.950+0000] {logging_mixin.py:149} INFO - [2023-07-05T12:54:35.949+0000] {dagbag.py:541} INFO - Filling up the DagBag from /home/airflow/.local/lib/python3.7/site-packages/airflow/example_dags/example_bash_operator.py
[2023-07-05T12:54:35.969+0000] {processor.py:836} INFO - DAG(s) dict_keys(['example_bash_operator']) retrieved from /home/airflow/.local/lib/python3.7/site-packages/airflow/example_dags/example_bash_operator.py
[2023-07-05T12:54:36.038+0000] {logging_mixin.py:149} INFO - [2023-07-05T12:54:36.037+0000] {dag.py:2726} INFO - Sync 1 DAGs
[2023-07-05T12:54:36.081+0000] {logging_mixin.py:149} INFO - [2023-07-05T12:54:36.081+0000] {dag.py:3490} INFO - Setting next_dagrun for example_bash_operator to 2023-07-04T00:00:00+00:00, run_after=2023-07-05T00:00:00+00:00
[2023-07-05T12:54:36.106+0000] {processor.py:179} INFO - Processing /home/airflow/.local/lib/python3.7/site-packages/airflow/example_dags/example_bash_operator.py took 0.163 seconds
[2023-07-05T12:55:06.554+0000] {processor.py:157} INFO - Started process (PID=609) to work on /home/airflow/.local/lib/python3.7/site-packages/airflow/example_dags/example_bash_operator.py
[2023-07-05T12:55:06.556+0000] {processor.py:826} INFO - Processing file /home/airflow/.local/lib/python3.7/site-packages/airflow/example_dags/example_bash_operator.py for tasks to queue
[2023-07-05T12:55:06.557+0000] {logging_mixin.py:149} INFO - [2023-07-05T12:55:06.556+0000] {dagbag.py:541} INFO - Filling up the DagBag from /home/airflow/.local/lib/python3.7/site-packages/airflow/example_dags/example_bash_operator.py
[2023-07-05T12:55:06.576+0000] {processor.py:836} INFO - DAG(s) dict_keys(['example_bash_operator']) retrieved from /home/airflow/.local/lib/python3.7/site-packages/airflow/example_dags/example_bash_operator.py
[2023-07-05T12:55:06.753+0000] {logging_mixin.py:149} INFO - [2023-07-05T12:55:06.753+0000] {dag.py:2726} INFO - Sync 1 DAGs
[2023-07-05T12:55:06.786+0000] {logging_mixin.py:149} INFO - [2023-07-05T12:55:06.785+0000] {dag.py:3490} INFO - Setting next_dagrun for example_bash_operator to 2023-07-04T00:00:00+00:00, run_after=2023-07-05T00:00:00+00:00
[2023-07-05T12:55:06.808+0000] {processor.py:179} INFO - Processing /home/airflow/.local/lib/python3.7/site-packages/airflow/example_dags/example_bash_operator.py took 0.258 seconds
[2023-07-05T12:55:37.742+0000] {processor.py:157} INFO - Started process (PID=666) to work on /home/airflow/.local/lib/python3.7/site-packages/airflow/example_dags/example_bash_operator.py
[2023-07-05T12:55:37.743+0000] {processor.py:826} INFO - Processing file /home/airflow/.local/lib/python3.7/site-packages/airflow/example_dags/example_bash_operator.py for tasks to queue
[2023-07-05T12:55:37.744+0000] {logging_mixin.py:149} INFO - [2023-07-05T12:55:37.744+0000] {dagbag.py:541} INFO - Filling up the DagBag from /home/airflow/.local/lib/python3.7/site-packages/airflow/example_dags/example_bash_operator.py
[2023-07-05T12:55:37.763+0000] {processor.py:836} INFO - DAG(s) dict_keys(['example_bash_operator']) retrieved from /home/airflow/.local/lib/python3.7/site-packages/airflow/example_dags/example_bash_operator.py
[2023-07-05T12:55:37.826+0000] {logging_mixin.py:149} INFO - [2023-07-05T12:55:37.826+0000] {dag.py:2726} INFO - Sync 1 DAGs
[2023-07-05T12:55:37.871+0000] {logging_mixin.py:149} INFO - [2023-07-05T12:55:37.870+0000] {dag.py:3490} INFO - Setting next_dagrun for example_bash_operator to 2023-07-04T00:00:00+00:00, run_after=2023-07-05T00:00:00+00:00
[2023-07-05T12:55:38.046+0000] {processor.py:179} INFO - Processing /home/airflow/.local/lib/python3.7/site-packages/airflow/example_dags/example_bash_operator.py took 0.308 seconds
[2023-07-05T12:56:08.158+0000] {processor.py:157} INFO - Started process (PID=722) to work on /home/airflow/.local/lib/python3.7/site-packages/airflow/example_dags/example_bash_operator.py
[2023-07-05T12:56:08.160+0000] {processor.py:826} INFO - Processing file /home/airflow/.local/lib/python3.7/site-packages/airflow/example_dags/example_bash_operator.py for tasks to queue
[2023-07-05T12:56:08.161+0000] {logging_mixin.py:149} INFO - [2023-07-05T12:56:08.160+0000] {dagbag.py:541} INFO - Filling up the DagBag from /home/airflow/.local/lib/python3.7/site-packages/airflow/example_dags/example_bash_operator.py
[2023-07-05T12:56:08.183+0000] {processor.py:836} INFO - DAG(s) dict_keys(['example_bash_operator']) retrieved from /home/airflow/.local/lib/python3.7/site-packages/airflow/example_dags/example_bash_operator.py
[2023-07-05T12:56:08.404+0000] {logging_mixin.py:149} INFO - [2023-07-05T12:56:08.403+0000] {dag.py:2726} INFO - Sync 1 DAGs
[2023-07-05T12:56:08.441+0000] {logging_mixin.py:149} INFO - [2023-07-05T12:56:08.441+0000] {dag.py:3490} INFO - Setting next_dagrun for example_bash_operator to 2023-07-04T00:00:00+00:00, run_after=2023-07-05T00:00:00+00:00
[2023-07-05T12:56:08.465+0000] {processor.py:179} INFO - Processing /home/airflow/.local/lib/python3.7/site-packages/airflow/example_dags/example_bash_operator.py took 0.311 seconds
[2023-07-05T12:56:38.731+0000] {processor.py:157} INFO - Started process (PID=778) to work on /home/airflow/.local/lib/python3.7/site-packages/airflow/example_dags/example_bash_operator.py
[2023-07-05T12:56:38.732+0000] {processor.py:826} INFO - Processing file /home/airflow/.local/lib/python3.7/site-packages/airflow/example_dags/example_bash_operator.py for tasks to queue
[2023-07-05T12:56:38.733+0000] {logging_mixin.py:149} INFO - [2023-07-05T12:56:38.733+0000] {dagbag.py:541} INFO - Filling up the DagBag from /home/airflow/.local/lib/python3.7/site-packages/airflow/example_dags/example_bash_operator.py
[2023-07-05T12:56:38.752+0000] {processor.py:836} INFO - DAG(s) dict_keys(['example_bash_operator']) retrieved from /home/airflow/.local/lib/python3.7/site-packages/airflow/example_dags/example_bash_operator.py
[2023-07-05T12:56:38.809+0000] {logging_mixin.py:149} INFO - [2023-07-05T12:56:38.809+0000] {dag.py:2726} INFO - Sync 1 DAGs
[2023-07-05T12:56:38.849+0000] {logging_mixin.py:149} INFO - [2023-07-05T12:56:38.849+0000] {dag.py:3490} INFO - Setting next_dagrun for example_bash_operator to 2023-07-04T00:00:00+00:00, run_after=2023-07-05T00:00:00+00:00
[2023-07-05T12:56:38.890+0000] {processor.py:179} INFO - Processing /home/airflow/.local/lib/python3.7/site-packages/airflow/example_dags/example_bash_operator.py took 0.164 seconds
[2023-07-05T12:57:09.170+0000] {processor.py:157} INFO - Started process (PID=834) to work on /home/airflow/.local/lib/python3.7/site-packages/airflow/example_dags/example_bash_operator.py
[2023-07-05T12:57:09.171+0000] {processor.py:826} INFO - Processing file /home/airflow/.local/lib/python3.7/site-packages/airflow/example_dags/example_bash_operator.py for tasks to queue
[2023-07-05T12:57:09.172+0000] {logging_mixin.py:149} INFO - [2023-07-05T12:57:09.172+0000] {dagbag.py:541} INFO - Filling up the DagBag from /home/airflow/.local/lib/python3.7/site-packages/airflow/example_dags/example_bash_operator.py
[2023-07-05T12:57:09.195+0000] {processor.py:836} INFO - DAG(s) dict_keys(['example_bash_operator']) retrieved from /home/airflow/.local/lib/python3.7/site-packages/airflow/example_dags/example_bash_operator.py
[2023-07-05T12:57:09.246+0000] {logging_mixin.py:149} INFO - [2023-07-05T12:57:09.245+0000] {dag.py:2726} INFO - Sync 1 DAGs
[2023-07-05T12:57:09.292+0000] {logging_mixin.py:149} INFO - [2023-07-05T12:57:09.292+0000] {dag.py:3490} INFO - Setting next_dagrun for example_bash_operator to 2023-07-04T00:00:00+00:00, run_after=2023-07-05T00:00:00+00:00
[2023-07-05T12:57:09.323+0000] {processor.py:179} INFO - Processing /home/airflow/.local/lib/python3.7/site-packages/airflow/example_dags/example_bash_operator.py took 0.158 seconds
[2023-07-05T12:57:39.809+0000] {processor.py:157} INFO - Started process (PID=892) to work on /home/airflow/.local/lib/python3.7/site-packages/airflow/example_dags/example_bash_operator.py
[2023-07-05T12:57:39.811+0000] {processor.py:826} INFO - Processing file /home/airflow/.local/lib/python3.7/site-packages/airflow/example_dags/example_bash_operator.py for tasks to queue
[2023-07-05T12:57:39.812+0000] {logging_mixin.py:149} INFO - [2023-07-05T12:57:39.812+0000] {dagbag.py:541} INFO - Filling up the DagBag from /home/airflow/.local/lib/python3.7/site-packages/airflow/example_dags/example_bash_operator.py
[2023-07-05T12:57:39.833+0000] {processor.py:836} INFO - DAG(s) dict_keys(['example_bash_operator']) retrieved from /home/airflow/.local/lib/python3.7/site-packages/airflow/example_dags/example_bash_operator.py
[2023-07-05T12:57:39.893+0000] {logging_mixin.py:149} INFO - [2023-07-05T12:57:39.893+0000] {dag.py:2726} INFO - Sync 1 DAGs
[2023-07-05T12:57:39.935+0000] {logging_mixin.py:149} INFO - [2023-07-05T12:57:39.935+0000] {dag.py:3490} INFO - Setting next_dagrun for example_bash_operator to 2023-07-04T00:00:00+00:00, run_after=2023-07-05T00:00:00+00:00
[2023-07-05T12:57:39.967+0000] {processor.py:179} INFO - Processing /home/airflow/.local/lib/python3.7/site-packages/airflow/example_dags/example_bash_operator.py took 0.162 seconds
[2023-07-05T12:58:10.097+0000] {processor.py:157} INFO - Started process (PID=947) to work on /home/airflow/.local/lib/python3.7/site-packages/airflow/example_dags/example_bash_operator.py
[2023-07-05T12:58:10.098+0000] {processor.py:826} INFO - Processing file /home/airflow/.local/lib/python3.7/site-packages/airflow/example_dags/example_bash_operator.py for tasks to queue
[2023-07-05T12:58:10.099+0000] {logging_mixin.py:149} INFO - [2023-07-05T12:58:10.099+0000] {dagbag.py:541} INFO - Filling up the DagBag from /home/airflow/.local/lib/python3.7/site-packages/airflow/example_dags/example_bash_operator.py
[2023-07-05T12:58:10.118+0000] {processor.py:836} INFO - DAG(s) dict_keys(['example_bash_operator']) retrieved from /home/airflow/.local/lib/python3.7/site-packages/airflow/example_dags/example_bash_operator.py
[2023-07-05T12:58:10.187+0000] {logging_mixin.py:149} INFO - [2023-07-05T12:58:10.187+0000] {dag.py:2726} INFO - Sync 1 DAGs
[2023-07-05T12:58:10.244+0000] {logging_mixin.py:149} INFO - [2023-07-05T12:58:10.244+0000] {dag.py:3490} INFO - Setting next_dagrun for example_bash_operator to 2023-07-04T00:00:00+00:00, run_after=2023-07-05T00:00:00+00:00
[2023-07-05T12:58:10.280+0000] {processor.py:179} INFO - Processing /home/airflow/.local/lib/python3.7/site-packages/airflow/example_dags/example_bash_operator.py took 0.186 seconds
[2023-07-05T12:58:40.454+0000] {processor.py:157} INFO - Started process (PID=1004) to work on /home/airflow/.local/lib/python3.7/site-packages/airflow/example_dags/example_bash_operator.py
[2023-07-05T12:58:40.456+0000] {processor.py:826} INFO - Processing file /home/airflow/.local/lib/python3.7/site-packages/airflow/example_dags/example_bash_operator.py for tasks to queue
[2023-07-05T12:58:40.457+0000] {logging_mixin.py:149} INFO - [2023-07-05T12:58:40.457+0000] {dagbag.py:541} INFO - Filling up the DagBag from /home/airflow/.local/lib/python3.7/site-packages/airflow/example_dags/example_bash_operator.py
[2023-07-05T12:58:40.475+0000] {processor.py:836} INFO - DAG(s) dict_keys(['example_bash_operator']) retrieved from /home/airflow/.local/lib/python3.7/site-packages/airflow/example_dags/example_bash_operator.py
[2023-07-05T12:58:40.529+0000] {logging_mixin.py:149} INFO - [2023-07-05T12:58:40.528+0000] {dag.py:2726} INFO - Sync 1 DAGs
[2023-07-05T12:58:40.573+0000] {logging_mixin.py:149} INFO - [2023-07-05T12:58:40.573+0000] {dag.py:3490} INFO - Setting next_dagrun for example_bash_operator to 2023-07-04T00:00:00+00:00, run_after=2023-07-05T00:00:00+00:00
[2023-07-05T12:58:40.597+0000] {processor.py:179} INFO - Processing /home/airflow/.local/lib/python3.7/site-packages/airflow/example_dags/example_bash_operator.py took 0.148 seconds
[2023-07-05T12:59:10.917+0000] {processor.py:157} INFO - Started process (PID=1060) to work on /home/airflow/.local/lib/python3.7/site-packages/airflow/example_dags/example_bash_operator.py
[2023-07-05T12:59:10.918+0000] {processor.py:826} INFO - Processing file /home/airflow/.local/lib/python3.7/site-packages/airflow/example_dags/example_bash_operator.py for tasks to queue
[2023-07-05T12:59:10.919+0000] {logging_mixin.py:149} INFO - [2023-07-05T12:59:10.919+0000] {dagbag.py:541} INFO - Filling up the DagBag from /home/airflow/.local/lib/python3.7/site-packages/airflow/example_dags/example_bash_operator.py
[2023-07-05T12:59:10.937+0000] {processor.py:836} INFO - DAG(s) dict_keys(['example_bash_operator']) retrieved from /home/airflow/.local/lib/python3.7/site-packages/airflow/example_dags/example_bash_operator.py
[2023-07-05T12:59:10.988+0000] {logging_mixin.py:149} INFO - [2023-07-05T12:59:10.988+0000] {dag.py:2726} INFO - Sync 1 DAGs
[2023-07-05T12:59:11.029+0000] {logging_mixin.py:149} INFO - [2023-07-05T12:59:11.028+0000] {dag.py:3490} INFO - Setting next_dagrun for example_bash_operator to 2023-07-04T00:00:00+00:00, run_after=2023-07-05T00:00:00+00:00
[2023-07-05T12:59:11.068+0000] {processor.py:179} INFO - Processing /home/airflow/.local/lib/python3.7/site-packages/airflow/example_dags/example_bash_operator.py took 0.154 seconds
[2023-07-05T12:59:41.520+0000] {processor.py:157} INFO - Started process (PID=1118) to work on /home/airflow/.local/lib/python3.7/site-packages/airflow/example_dags/example_bash_operator.py
[2023-07-05T12:59:41.521+0000] {processor.py:826} INFO - Processing file /home/airflow/.local/lib/python3.7/site-packages/airflow/example_dags/example_bash_operator.py for tasks to queue
[2023-07-05T12:59:41.522+0000] {logging_mixin.py:149} INFO - [2023-07-05T12:59:41.522+0000] {dagbag.py:541} INFO - Filling up the DagBag from /home/airflow/.local/lib/python3.7/site-packages/airflow/example_dags/example_bash_operator.py
[2023-07-05T12:59:41.543+0000] {processor.py:836} INFO - DAG(s) dict_keys(['example_bash_operator']) retrieved from /home/airflow/.local/lib/python3.7/site-packages/airflow/example_dags/example_bash_operator.py
[2023-07-05T12:59:41.619+0000] {logging_mixin.py:149} INFO - [2023-07-05T12:59:41.619+0000] {dag.py:2726} INFO - Sync 1 DAGs
[2023-07-05T12:59:41.700+0000] {logging_mixin.py:149} INFO - [2023-07-05T12:59:41.700+0000] {dag.py:3490} INFO - Setting next_dagrun for example_bash_operator to 2023-07-04T00:00:00+00:00, run_after=2023-07-05T00:00:00+00:00
[2023-07-05T12:59:41.735+0000] {processor.py:179} INFO - Processing /home/airflow/.local/lib/python3.7/site-packages/airflow/example_dags/example_bash_operator.py took 0.220 seconds
[2023-07-05T13:00:11.833+0000] {processor.py:157} INFO - Started process (PID=1174) to work on /home/airflow/.local/lib/python3.7/site-packages/airflow/example_dags/example_bash_operator.py
[2023-07-05T13:00:11.839+0000] {processor.py:826} INFO - Processing file /home/airflow/.local/lib/python3.7/site-packages/airflow/example_dags/example_bash_operator.py for tasks to queue
[2023-07-05T13:00:11.840+0000] {logging_mixin.py:149} INFO - [2023-07-05T13:00:11.840+0000] {dagbag.py:541} INFO - Filling up the DagBag from /home/airflow/.local/lib/python3.7/site-packages/airflow/example_dags/example_bash_operator.py
[2023-07-05T13:00:11.861+0000] {processor.py:836} INFO - DAG(s) dict_keys(['example_bash_operator']) retrieved from /home/airflow/.local/lib/python3.7/site-packages/airflow/example_dags/example_bash_operator.py
[2023-07-05T13:00:11.924+0000] {logging_mixin.py:149} INFO - [2023-07-05T13:00:11.924+0000] {dag.py:2726} INFO - Sync 1 DAGs
[2023-07-05T13:00:11.970+0000] {logging_mixin.py:149} INFO - [2023-07-05T13:00:11.970+0000] {dag.py:3490} INFO - Setting next_dagrun for example_bash_operator to 2023-07-04T00:00:00+00:00, run_after=2023-07-05T00:00:00+00:00
[2023-07-05T13:00:12.021+0000] {processor.py:179} INFO - Processing /home/airflow/.local/lib/python3.7/site-packages/airflow/example_dags/example_bash_operator.py took 0.192 seconds
[2023-07-05T13:00:42.088+0000] {processor.py:157} INFO - Started process (PID=1231) to work on /home/airflow/.local/lib/python3.7/site-packages/airflow/example_dags/example_bash_operator.py
[2023-07-05T13:00:42.091+0000] {processor.py:826} INFO - Processing file /home/airflow/.local/lib/python3.7/site-packages/airflow/example_dags/example_bash_operator.py for tasks to queue
[2023-07-05T13:00:42.092+0000] {logging_mixin.py:149} INFO - [2023-07-05T13:00:42.092+0000] {dagbag.py:541} INFO - Filling up the DagBag from /home/airflow/.local/lib/python3.7/site-packages/airflow/example_dags/example_bash_operator.py
[2023-07-05T13:00:42.109+0000] {processor.py:836} INFO - DAG(s) dict_keys(['example_bash_operator']) retrieved from /home/airflow/.local/lib/python3.7/site-packages/airflow/example_dags/example_bash_operator.py
[2023-07-05T13:00:42.167+0000] {logging_mixin.py:149} INFO - [2023-07-05T13:00:42.166+0000] {dag.py:2726} INFO - Sync 1 DAGs
[2023-07-05T13:00:42.210+0000] {logging_mixin.py:149} INFO - [2023-07-05T13:00:42.210+0000] {dag.py:3490} INFO - Setting next_dagrun for example_bash_operator to 2023-07-04T00:00:00+00:00, run_after=2023-07-05T00:00:00+00:00
[2023-07-05T13:00:42.240+0000] {processor.py:179} INFO - Processing /home/airflow/.local/lib/python3.7/site-packages/airflow/example_dags/example_bash_operator.py took 0.156 seconds
[2023-07-05T13:01:12.592+0000] {processor.py:157} INFO - Started process (PID=1288) to work on /home/airflow/.local/lib/python3.7/site-packages/airflow/example_dags/example_bash_operator.py
[2023-07-05T13:01:12.593+0000] {processor.py:826} INFO - Processing file /home/airflow/.local/lib/python3.7/site-packages/airflow/example_dags/example_bash_operator.py for tasks to queue
[2023-07-05T13:01:12.594+0000] {logging_mixin.py:149} INFO - [2023-07-05T13:01:12.594+0000] {dagbag.py:541} INFO - Filling up the DagBag from /home/airflow/.local/lib/python3.7/site-packages/airflow/example_dags/example_bash_operator.py
[2023-07-05T13:01:12.611+0000] {processor.py:836} INFO - DAG(s) dict_keys(['example_bash_operator']) retrieved from /home/airflow/.local/lib/python3.7/site-packages/airflow/example_dags/example_bash_operator.py
[2023-07-05T13:01:12.664+0000] {logging_mixin.py:149} INFO - [2023-07-05T13:01:12.664+0000] {dag.py:2726} INFO - Sync 1 DAGs
[2023-07-05T13:01:12.702+0000] {logging_mixin.py:149} INFO - [2023-07-05T13:01:12.702+0000] {dag.py:3490} INFO - Setting next_dagrun for example_bash_operator to 2023-07-04T00:00:00+00:00, run_after=2023-07-05T00:00:00+00:00
[2023-07-05T13:01:12.763+0000] {processor.py:179} INFO - Processing /home/airflow/.local/lib/python3.7/site-packages/airflow/example_dags/example_bash_operator.py took 0.175 seconds
[2023-07-05T13:01:42.892+0000] {processor.py:157} INFO - Started process (PID=1346) to work on /home/airflow/.local/lib/python3.7/site-packages/airflow/example_dags/example_bash_operator.py
[2023-07-05T13:01:42.893+0000] {processor.py:826} INFO - Processing file /home/airflow/.local/lib/python3.7/site-packages/airflow/example_dags/example_bash_operator.py for tasks to queue
[2023-07-05T13:01:42.894+0000] {logging_mixin.py:149} INFO - [2023-07-05T13:01:42.893+0000] {dagbag.py:541} INFO - Filling up the DagBag from /home/airflow/.local/lib/python3.7/site-packages/airflow/example_dags/example_bash_operator.py
[2023-07-05T13:01:42.911+0000] {processor.py:836} INFO - DAG(s) dict_keys(['example_bash_operator']) retrieved from /home/airflow/.local/lib/python3.7/site-packages/airflow/example_dags/example_bash_operator.py
[2023-07-05T13:01:42.968+0000] {logging_mixin.py:149} INFO - [2023-07-05T13:01:42.968+0000] {dag.py:2726} INFO - Sync 1 DAGs
[2023-07-05T13:01:43.008+0000] {logging_mixin.py:149} INFO - [2023-07-05T13:01:43.008+0000] {dag.py:3490} INFO - Setting next_dagrun for example_bash_operator to 2023-07-04T00:00:00+00:00, run_after=2023-07-05T00:00:00+00:00
[2023-07-05T13:01:43.044+0000] {processor.py:179} INFO - Processing /home/airflow/.local/lib/python3.7/site-packages/airflow/example_dags/example_bash_operator.py took 0.156 seconds
[2023-07-05T13:02:13.378+0000] {processor.py:157} INFO - Started process (PID=1403) to work on /home/airflow/.local/lib/python3.7/site-packages/airflow/example_dags/example_bash_operator.py
[2023-07-05T13:02:13.379+0000] {processor.py:826} INFO - Processing file /home/airflow/.local/lib/python3.7/site-packages/airflow/example_dags/example_bash_operator.py for tasks to queue
[2023-07-05T13:02:13.380+0000] {logging_mixin.py:149} INFO - [2023-07-05T13:02:13.380+0000] {dagbag.py:541} INFO - Filling up the DagBag from /home/airflow/.local/lib/python3.7/site-packages/airflow/example_dags/example_bash_operator.py
[2023-07-05T13:02:13.403+0000] {processor.py:836} INFO - DAG(s) dict_keys(['example_bash_operator']) retrieved from /home/airflow/.local/lib/python3.7/site-packages/airflow/example_dags/example_bash_operator.py
[2023-07-05T13:02:13.452+0000] {logging_mixin.py:149} INFO - [2023-07-05T13:02:13.451+0000] {dag.py:2726} INFO - Sync 1 DAGs
[2023-07-05T13:02:13.492+0000] {logging_mixin.py:149} INFO - [2023-07-05T13:02:13.492+0000] {dag.py:3490} INFO - Setting next_dagrun for example_bash_operator to 2023-07-04T00:00:00+00:00, run_after=2023-07-05T00:00:00+00:00
[2023-07-05T13:02:13.528+0000] {processor.py:179} INFO - Processing /home/airflow/.local/lib/python3.7/site-packages/airflow/example_dags/example_bash_operator.py took 0.155 seconds
[2023-07-05T13:02:43.637+0000] {processor.py:157} INFO - Started process (PID=1460) to work on /home/airflow/.local/lib/python3.7/site-packages/airflow/example_dags/example_bash_operator.py
[2023-07-05T13:02:43.639+0000] {processor.py:826} INFO - Processing file /home/airflow/.local/lib/python3.7/site-packages/airflow/example_dags/example_bash_operator.py for tasks to queue
[2023-07-05T13:02:43.640+0000] {logging_mixin.py:149} INFO - [2023-07-05T13:02:43.640+0000] {dagbag.py:541} INFO - Filling up the DagBag from /home/airflow/.local/lib/python3.7/site-packages/airflow/example_dags/example_bash_operator.py
[2023-07-05T13:02:43.663+0000] {processor.py:836} INFO - DAG(s) dict_keys(['example_bash_operator']) retrieved from /home/airflow/.local/lib/python3.7/site-packages/airflow/example_dags/example_bash_operator.py
[2023-07-05T13:02:43.718+0000] {logging_mixin.py:149} INFO - [2023-07-05T13:02:43.717+0000] {dag.py:2726} INFO - Sync 1 DAGs
[2023-07-05T13:02:43.757+0000] {logging_mixin.py:149} INFO - [2023-07-05T13:02:43.757+0000] {dag.py:3490} INFO - Setting next_dagrun for example_bash_operator to 2023-07-04T00:00:00+00:00, run_after=2023-07-05T00:00:00+00:00
[2023-07-05T13:02:43.787+0000] {processor.py:179} INFO - Processing /home/airflow/.local/lib/python3.7/site-packages/airflow/example_dags/example_bash_operator.py took 0.154 seconds
[2023-07-05T13:03:13.877+0000] {processor.py:157} INFO - Started process (PID=1517) to work on /home/airflow/.local/lib/python3.7/site-packages/airflow/example_dags/example_bash_operator.py
[2023-07-05T13:03:13.878+0000] {processor.py:826} INFO - Processing file /home/airflow/.local/lib/python3.7/site-packages/airflow/example_dags/example_bash_operator.py for tasks to queue
[2023-07-05T13:03:13.879+0000] {logging_mixin.py:149} INFO - [2023-07-05T13:03:13.879+0000] {dagbag.py:541} INFO - Filling up the DagBag from /home/airflow/.local/lib/python3.7/site-packages/airflow/example_dags/example_bash_operator.py
[2023-07-05T13:03:13.902+0000] {processor.py:836} INFO - DAG(s) dict_keys(['example_bash_operator']) retrieved from /home/airflow/.local/lib/python3.7/site-packages/airflow/example_dags/example_bash_operator.py
[2023-07-05T13:03:13.967+0000] {logging_mixin.py:149} INFO - [2023-07-05T13:03:13.967+0000] {dag.py:2726} INFO - Sync 1 DAGs
[2023-07-05T13:03:14.011+0000] {logging_mixin.py:149} INFO - [2023-07-05T13:03:14.011+0000] {dag.py:3490} INFO - Setting next_dagrun for example_bash_operator to 2023-07-04T00:00:00+00:00, run_after=2023-07-05T00:00:00+00:00
[2023-07-05T13:03:14.052+0000] {processor.py:179} INFO - Processing /home/airflow/.local/lib/python3.7/site-packages/airflow/example_dags/example_bash_operator.py took 0.180 seconds
[2023-07-05T13:03:44.334+0000] {processor.py:157} INFO - Started process (PID=1574) to work on /home/airflow/.local/lib/python3.7/site-packages/airflow/example_dags/example_bash_operator.py
[2023-07-05T13:03:44.336+0000] {processor.py:826} INFO - Processing file /home/airflow/.local/lib/python3.7/site-packages/airflow/example_dags/example_bash_operator.py for tasks to queue
[2023-07-05T13:03:44.337+0000] {logging_mixin.py:149} INFO - [2023-07-05T13:03:44.337+0000] {dagbag.py:541} INFO - Filling up the DagBag from /home/airflow/.local/lib/python3.7/site-packages/airflow/example_dags/example_bash_operator.py
[2023-07-05T13:03:44.362+0000] {processor.py:836} INFO - DAG(s) dict_keys(['example_bash_operator']) retrieved from /home/airflow/.local/lib/python3.7/site-packages/airflow/example_dags/example_bash_operator.py
[2023-07-05T13:03:44.424+0000] {logging_mixin.py:149} INFO - [2023-07-05T13:03:44.423+0000] {dag.py:2726} INFO - Sync 1 DAGs
[2023-07-05T13:03:44.471+0000] {logging_mixin.py:149} INFO - [2023-07-05T13:03:44.470+0000] {dag.py:3490} INFO - Setting next_dagrun for example_bash_operator to 2023-07-04T00:00:00+00:00, run_after=2023-07-05T00:00:00+00:00
[2023-07-05T13:03:44.497+0000] {processor.py:179} INFO - Processing /home/airflow/.local/lib/python3.7/site-packages/airflow/example_dags/example_bash_operator.py took 0.167 seconds
[2023-07-05T13:04:14.606+0000] {processor.py:157} INFO - Started process (PID=1631) to work on /home/airflow/.local/lib/python3.7/site-packages/airflow/example_dags/example_bash_operator.py
[2023-07-05T13:04:14.607+0000] {processor.py:826} INFO - Processing file /home/airflow/.local/lib/python3.7/site-packages/airflow/example_dags/example_bash_operator.py for tasks to queue
[2023-07-05T13:04:14.608+0000] {logging_mixin.py:149} INFO - [2023-07-05T13:04:14.608+0000] {dagbag.py:541} INFO - Filling up the DagBag from /home/airflow/.local/lib/python3.7/site-packages/airflow/example_dags/example_bash_operator.py
[2023-07-05T13:04:14.627+0000] {processor.py:836} INFO - DAG(s) dict_keys(['example_bash_operator']) retrieved from /home/airflow/.local/lib/python3.7/site-packages/airflow/example_dags/example_bash_operator.py
[2023-07-05T13:04:14.686+0000] {logging_mixin.py:149} INFO - [2023-07-05T13:04:14.686+0000] {dag.py:2726} INFO - Sync 1 DAGs
[2023-07-05T13:04:14.727+0000] {logging_mixin.py:149} INFO - [2023-07-05T13:04:14.726+0000] {dag.py:3490} INFO - Setting next_dagrun for example_bash_operator to 2023-07-04T00:00:00+00:00, run_after=2023-07-05T00:00:00+00:00
[2023-07-05T13:04:14.754+0000] {processor.py:179} INFO - Processing /home/airflow/.local/lib/python3.7/site-packages/airflow/example_dags/example_bash_operator.py took 0.151 seconds
[2023-07-05T13:04:45.063+0000] {processor.py:157} INFO - Started process (PID=1687) to work on /home/airflow/.local/lib/python3.7/site-packages/airflow/example_dags/example_bash_operator.py
[2023-07-05T13:04:45.064+0000] {processor.py:826} INFO - Processing file /home/airflow/.local/lib/python3.7/site-packages/airflow/example_dags/example_bash_operator.py for tasks to queue
[2023-07-05T13:04:45.065+0000] {logging_mixin.py:149} INFO - [2023-07-05T13:04:45.065+0000] {dagbag.py:541} INFO - Filling up the DagBag from /home/airflow/.local/lib/python3.7/site-packages/airflow/example_dags/example_bash_operator.py
[2023-07-05T13:04:45.082+0000] {processor.py:836} INFO - DAG(s) dict_keys(['example_bash_operator']) retrieved from /home/airflow/.local/lib/python3.7/site-packages/airflow/example_dags/example_bash_operator.py
[2023-07-05T13:04:45.142+0000] {logging_mixin.py:149} INFO - [2023-07-05T13:04:45.141+0000] {dag.py:2726} INFO - Sync 1 DAGs
[2023-07-05T13:04:45.191+0000] {logging_mixin.py:149} INFO - [2023-07-05T13:04:45.190+0000] {dag.py:3490} INFO - Setting next_dagrun for example_bash_operator to 2023-07-04T00:00:00+00:00, run_after=2023-07-05T00:00:00+00:00
[2023-07-05T13:04:45.218+0000] {processor.py:179} INFO - Processing /home/airflow/.local/lib/python3.7/site-packages/airflow/example_dags/example_bash_operator.py took 0.159 seconds
[2023-07-05T13:05:15.348+0000] {processor.py:157} INFO - Started process (PID=1744) to work on /home/airflow/.local/lib/python3.7/site-packages/airflow/example_dags/example_bash_operator.py
[2023-07-05T13:05:15.350+0000] {processor.py:826} INFO - Processing file /home/airflow/.local/lib/python3.7/site-packages/airflow/example_dags/example_bash_operator.py for tasks to queue
[2023-07-05T13:05:15.351+0000] {logging_mixin.py:149} INFO - [2023-07-05T13:05:15.351+0000] {dagbag.py:541} INFO - Filling up the DagBag from /home/airflow/.local/lib/python3.7/site-packages/airflow/example_dags/example_bash_operator.py
[2023-07-05T13:05:15.378+0000] {processor.py:836} INFO - DAG(s) dict_keys(['example_bash_operator']) retrieved from /home/airflow/.local/lib/python3.7/site-packages/airflow/example_dags/example_bash_operator.py
[2023-07-05T13:05:15.438+0000] {logging_mixin.py:149} INFO - [2023-07-05T13:05:15.438+0000] {dag.py:2726} INFO - Sync 1 DAGs
[2023-07-05T13:05:15.491+0000] {logging_mixin.py:149} INFO - [2023-07-05T13:05:15.491+0000] {dag.py:3490} INFO - Setting next_dagrun for example_bash_operator to 2023-07-04T00:00:00+00:00, run_after=2023-07-05T00:00:00+00:00
[2023-07-05T13:05:15.531+0000] {processor.py:179} INFO - Processing /home/airflow/.local/lib/python3.7/site-packages/airflow/example_dags/example_bash_operator.py took 0.187 seconds
[2023-07-05T13:05:45.645+0000] {processor.py:157} INFO - Started process (PID=1803) to work on /home/airflow/.local/lib/python3.7/site-packages/airflow/example_dags/example_bash_operator.py
[2023-07-05T13:05:45.647+0000] {processor.py:826} INFO - Processing file /home/airflow/.local/lib/python3.7/site-packages/airflow/example_dags/example_bash_operator.py for tasks to queue
[2023-07-05T13:05:45.647+0000] {logging_mixin.py:149} INFO - [2023-07-05T13:05:45.647+0000] {dagbag.py:541} INFO - Filling up the DagBag from /home/airflow/.local/lib/python3.7/site-packages/airflow/example_dags/example_bash_operator.py
[2023-07-05T13:05:45.664+0000] {processor.py:836} INFO - DAG(s) dict_keys(['example_bash_operator']) retrieved from /home/airflow/.local/lib/python3.7/site-packages/airflow/example_dags/example_bash_operator.py
[2023-07-05T13:05:45.714+0000] {logging_mixin.py:149} INFO - [2023-07-05T13:05:45.714+0000] {dag.py:2726} INFO - Sync 1 DAGs
[2023-07-05T13:05:45.750+0000] {logging_mixin.py:149} INFO - [2023-07-05T13:05:45.750+0000] {dag.py:3490} INFO - Setting next_dagrun for example_bash_operator to 2023-07-04T00:00:00+00:00, run_after=2023-07-05T00:00:00+00:00
[2023-07-05T13:05:45.771+0000] {processor.py:179} INFO - Processing /home/airflow/.local/lib/python3.7/site-packages/airflow/example_dags/example_bash_operator.py took 0.129 seconds
[2023-07-05T13:06:16.042+0000] {processor.py:157} INFO - Started process (PID=1859) to work on /home/airflow/.local/lib/python3.7/site-packages/airflow/example_dags/example_bash_operator.py
[2023-07-05T13:06:16.043+0000] {processor.py:826} INFO - Processing file /home/airflow/.local/lib/python3.7/site-packages/airflow/example_dags/example_bash_operator.py for tasks to queue
[2023-07-05T13:06:16.044+0000] {logging_mixin.py:149} INFO - [2023-07-05T13:06:16.044+0000] {dagbag.py:541} INFO - Filling up the DagBag from /home/airflow/.local/lib/python3.7/site-packages/airflow/example_dags/example_bash_operator.py
[2023-07-05T13:06:16.063+0000] {processor.py:836} INFO - DAG(s) dict_keys(['example_bash_operator']) retrieved from /home/airflow/.local/lib/python3.7/site-packages/airflow/example_dags/example_bash_operator.py
[2023-07-05T13:06:16.117+0000] {logging_mixin.py:149} INFO - [2023-07-05T13:06:16.117+0000] {dag.py:2726} INFO - Sync 1 DAGs
[2023-07-05T13:06:16.154+0000] {logging_mixin.py:149} INFO - [2023-07-05T13:06:16.153+0000] {dag.py:3490} INFO - Setting next_dagrun for example_bash_operator to 2023-07-04T00:00:00+00:00, run_after=2023-07-05T00:00:00+00:00
[2023-07-05T13:06:16.182+0000] {processor.py:179} INFO - Processing /home/airflow/.local/lib/python3.7/site-packages/airflow/example_dags/example_bash_operator.py took 0.146 seconds
[2023-07-05T13:06:46.353+0000] {processor.py:157} INFO - Started process (PID=1916) to work on /home/airflow/.local/lib/python3.7/site-packages/airflow/example_dags/example_bash_operator.py
[2023-07-05T13:06:46.355+0000] {processor.py:826} INFO - Processing file /home/airflow/.local/lib/python3.7/site-packages/airflow/example_dags/example_bash_operator.py for tasks to queue
[2023-07-05T13:06:46.356+0000] {logging_mixin.py:149} INFO - [2023-07-05T13:06:46.356+0000] {dagbag.py:541} INFO - Filling up the DagBag from /home/airflow/.local/lib/python3.7/site-packages/airflow/example_dags/example_bash_operator.py
[2023-07-05T13:06:46.375+0000] {processor.py:836} INFO - DAG(s) dict_keys(['example_bash_operator']) retrieved from /home/airflow/.local/lib/python3.7/site-packages/airflow/example_dags/example_bash_operator.py
[2023-07-05T13:06:46.435+0000] {logging_mixin.py:149} INFO - [2023-07-05T13:06:46.435+0000] {dag.py:2726} INFO - Sync 1 DAGs
[2023-07-05T13:06:46.480+0000] {logging_mixin.py:149} INFO - [2023-07-05T13:06:46.480+0000] {dag.py:3490} INFO - Setting next_dagrun for example_bash_operator to 2023-07-04T00:00:00+00:00, run_after=2023-07-05T00:00:00+00:00
[2023-07-05T13:06:46.514+0000] {processor.py:179} INFO - Processing /home/airflow/.local/lib/python3.7/site-packages/airflow/example_dags/example_bash_operator.py took 0.165 seconds
[2023-07-05T13:07:16.757+0000] {processor.py:157} INFO - Started process (PID=1973) to work on /home/airflow/.local/lib/python3.7/site-packages/airflow/example_dags/example_bash_operator.py
[2023-07-05T13:07:16.759+0000] {processor.py:826} INFO - Processing file /home/airflow/.local/lib/python3.7/site-packages/airflow/example_dags/example_bash_operator.py for tasks to queue
[2023-07-05T13:07:16.760+0000] {logging_mixin.py:149} INFO - [2023-07-05T13:07:16.760+0000] {dagbag.py:541} INFO - Filling up the DagBag from /home/airflow/.local/lib/python3.7/site-packages/airflow/example_dags/example_bash_operator.py
[2023-07-05T13:07:16.782+0000] {processor.py:836} INFO - DAG(s) dict_keys(['example_bash_operator']) retrieved from /home/airflow/.local/lib/python3.7/site-packages/airflow/example_dags/example_bash_operator.py
[2023-07-05T13:07:16.843+0000] {logging_mixin.py:149} INFO - [2023-07-05T13:07:16.843+0000] {dag.py:2726} INFO - Sync 1 DAGs
[2023-07-05T13:07:16.881+0000] {logging_mixin.py:149} INFO - [2023-07-05T13:07:16.881+0000] {dag.py:3490} INFO - Setting next_dagrun for example_bash_operator to 2023-07-04T00:00:00+00:00, run_after=2023-07-05T00:00:00+00:00
[2023-07-05T13:07:16.907+0000] {processor.py:179} INFO - Processing /home/airflow/.local/lib/python3.7/site-packages/airflow/example_dags/example_bash_operator.py took 0.154 seconds
[2023-07-05T13:07:47.139+0000] {processor.py:157} INFO - Started process (PID=2030) to work on /home/airflow/.local/lib/python3.7/site-packages/airflow/example_dags/example_bash_operator.py
[2023-07-05T13:07:47.140+0000] {processor.py:826} INFO - Processing file /home/airflow/.local/lib/python3.7/site-packages/airflow/example_dags/example_bash_operator.py for tasks to queue
[2023-07-05T13:07:47.141+0000] {logging_mixin.py:149} INFO - [2023-07-05T13:07:47.141+0000] {dagbag.py:541} INFO - Filling up the DagBag from /home/airflow/.local/lib/python3.7/site-packages/airflow/example_dags/example_bash_operator.py
[2023-07-05T13:07:47.165+0000] {processor.py:836} INFO - DAG(s) dict_keys(['example_bash_operator']) retrieved from /home/airflow/.local/lib/python3.7/site-packages/airflow/example_dags/example_bash_operator.py
[2023-07-05T13:07:47.221+0000] {logging_mixin.py:149} INFO - [2023-07-05T13:07:47.221+0000] {dag.py:2726} INFO - Sync 1 DAGs
[2023-07-05T13:07:47.260+0000] {logging_mixin.py:149} INFO - [2023-07-05T13:07:47.260+0000] {dag.py:3490} INFO - Setting next_dagrun for example_bash_operator to 2023-07-04T00:00:00+00:00, run_after=2023-07-05T00:00:00+00:00
[2023-07-05T13:07:47.309+0000] {processor.py:179} INFO - Processing /home/airflow/.local/lib/python3.7/site-packages/airflow/example_dags/example_bash_operator.py took 0.174 seconds
[2023-07-05T13:08:17.396+0000] {processor.py:157} INFO - Started process (PID=2086) to work on /home/airflow/.local/lib/python3.7/site-packages/airflow/example_dags/example_bash_operator.py
[2023-07-05T13:08:17.397+0000] {processor.py:826} INFO - Processing file /home/airflow/.local/lib/python3.7/site-packages/airflow/example_dags/example_bash_operator.py for tasks to queue
[2023-07-05T13:08:17.398+0000] {logging_mixin.py:149} INFO - [2023-07-05T13:08:17.398+0000] {dagbag.py:541} INFO - Filling up the DagBag from /home/airflow/.local/lib/python3.7/site-packages/airflow/example_dags/example_bash_operator.py
[2023-07-05T13:08:17.419+0000] {processor.py:836} INFO - DAG(s) dict_keys(['example_bash_operator']) retrieved from /home/airflow/.local/lib/python3.7/site-packages/airflow/example_dags/example_bash_operator.py
[2023-07-05T13:08:17.495+0000] {logging_mixin.py:149} INFO - [2023-07-05T13:08:17.495+0000] {dag.py:2726} INFO - Sync 1 DAGs
[2023-07-05T13:08:17.542+0000] {logging_mixin.py:149} INFO - [2023-07-05T13:08:17.541+0000] {dag.py:3490} INFO - Setting next_dagrun for example_bash_operator to 2023-07-04T00:00:00+00:00, run_after=2023-07-05T00:00:00+00:00
[2023-07-05T13:08:17.586+0000] {processor.py:179} INFO - Processing /home/airflow/.local/lib/python3.7/site-packages/airflow/example_dags/example_bash_operator.py took 0.195 seconds
[2023-07-05T13:08:48.052+0000] {processor.py:157} INFO - Started process (PID=2143) to work on /home/airflow/.local/lib/python3.7/site-packages/airflow/example_dags/example_bash_operator.py
[2023-07-05T13:08:48.053+0000] {processor.py:826} INFO - Processing file /home/airflow/.local/lib/python3.7/site-packages/airflow/example_dags/example_bash_operator.py for tasks to queue
[2023-07-05T13:08:48.054+0000] {logging_mixin.py:149} INFO - [2023-07-05T13:08:48.054+0000] {dagbag.py:541} INFO - Filling up the DagBag from /home/airflow/.local/lib/python3.7/site-packages/airflow/example_dags/example_bash_operator.py
[2023-07-05T13:08:48.071+0000] {processor.py:836} INFO - DAG(s) dict_keys(['example_bash_operator']) retrieved from /home/airflow/.local/lib/python3.7/site-packages/airflow/example_dags/example_bash_operator.py
[2023-07-05T13:08:48.122+0000] {logging_mixin.py:149} INFO - [2023-07-05T13:08:48.122+0000] {dag.py:2726} INFO - Sync 1 DAGs
[2023-07-05T13:08:48.167+0000] {logging_mixin.py:149} INFO - [2023-07-05T13:08:48.167+0000] {dag.py:3490} INFO - Setting next_dagrun for example_bash_operator to 2023-07-04T00:00:00+00:00, run_after=2023-07-05T00:00:00+00:00
[2023-07-05T13:08:48.196+0000] {processor.py:179} INFO - Processing /home/airflow/.local/lib/python3.7/site-packages/airflow/example_dags/example_bash_operator.py took 0.147 seconds
[2023-07-05T13:09:18.517+0000] {processor.py:157} INFO - Started process (PID=2200) to work on /home/airflow/.local/lib/python3.7/site-packages/airflow/example_dags/example_bash_operator.py
[2023-07-05T13:09:18.518+0000] {processor.py:826} INFO - Processing file /home/airflow/.local/lib/python3.7/site-packages/airflow/example_dags/example_bash_operator.py for tasks to queue
[2023-07-05T13:09:18.519+0000] {logging_mixin.py:149} INFO - [2023-07-05T13:09:18.519+0000] {dagbag.py:541} INFO - Filling up the DagBag from /home/airflow/.local/lib/python3.7/site-packages/airflow/example_dags/example_bash_operator.py
[2023-07-05T13:09:18.542+0000] {processor.py:836} INFO - DAG(s) dict_keys(['example_bash_operator']) retrieved from /home/airflow/.local/lib/python3.7/site-packages/airflow/example_dags/example_bash_operator.py
[2023-07-05T13:09:18.599+0000] {logging_mixin.py:149} INFO - [2023-07-05T13:09:18.599+0000] {dag.py:2726} INFO - Sync 1 DAGs
[2023-07-05T13:09:18.638+0000] {logging_mixin.py:149} INFO - [2023-07-05T13:09:18.638+0000] {dag.py:3490} INFO - Setting next_dagrun for example_bash_operator to 2023-07-04T00:00:00+00:00, run_after=2023-07-05T00:00:00+00:00
[2023-07-05T13:09:18.665+0000] {processor.py:179} INFO - Processing /home/airflow/.local/lib/python3.7/site-packages/airflow/example_dags/example_bash_operator.py took 0.155 seconds
[2023-07-05T13:09:48.706+0000] {processor.py:157} INFO - Started process (PID=2257) to work on /home/airflow/.local/lib/python3.7/site-packages/airflow/example_dags/example_bash_operator.py
[2023-07-05T13:09:48.707+0000] {processor.py:826} INFO - Processing file /home/airflow/.local/lib/python3.7/site-packages/airflow/example_dags/example_bash_operator.py for tasks to queue
[2023-07-05T13:09:48.708+0000] {logging_mixin.py:149} INFO - [2023-07-05T13:09:48.708+0000] {dagbag.py:541} INFO - Filling up the DagBag from /home/airflow/.local/lib/python3.7/site-packages/airflow/example_dags/example_bash_operator.py
[2023-07-05T13:09:48.725+0000] {processor.py:836} INFO - DAG(s) dict_keys(['example_bash_operator']) retrieved from /home/airflow/.local/lib/python3.7/site-packages/airflow/example_dags/example_bash_operator.py
[2023-07-05T13:09:48.775+0000] {logging_mixin.py:149} INFO - [2023-07-05T13:09:48.774+0000] {dag.py:2726} INFO - Sync 1 DAGs
[2023-07-05T13:09:48.807+0000] {logging_mixin.py:149} INFO - [2023-07-05T13:09:48.807+0000] {dag.py:3490} INFO - Setting next_dagrun for example_bash_operator to 2023-07-04T00:00:00+00:00, run_after=2023-07-05T00:00:00+00:00
[2023-07-05T13:09:48.827+0000] {processor.py:179} INFO - Processing /home/airflow/.local/lib/python3.7/site-packages/airflow/example_dags/example_bash_operator.py took 0.125 seconds
[2023-07-05T13:10:19.239+0000] {processor.py:157} INFO - Started process (PID=2314) to work on /home/airflow/.local/lib/python3.7/site-packages/airflow/example_dags/example_bash_operator.py
[2023-07-05T13:10:19.241+0000] {processor.py:826} INFO - Processing file /home/airflow/.local/lib/python3.7/site-packages/airflow/example_dags/example_bash_operator.py for tasks to queue
[2023-07-05T13:10:19.242+0000] {logging_mixin.py:149} INFO - [2023-07-05T13:10:19.242+0000] {dagbag.py:541} INFO - Filling up the DagBag from /home/airflow/.local/lib/python3.7/site-packages/airflow/example_dags/example_bash_operator.py
[2023-07-05T13:10:19.263+0000] {processor.py:836} INFO - DAG(s) dict_keys(['example_bash_operator']) retrieved from /home/airflow/.local/lib/python3.7/site-packages/airflow/example_dags/example_bash_operator.py
[2023-07-05T13:10:19.319+0000] {logging_mixin.py:149} INFO - [2023-07-05T13:10:19.319+0000] {dag.py:2726} INFO - Sync 1 DAGs
[2023-07-05T13:10:19.366+0000] {logging_mixin.py:149} INFO - [2023-07-05T13:10:19.366+0000] {dag.py:3490} INFO - Setting next_dagrun for example_bash_operator to 2023-07-04T00:00:00+00:00, run_after=2023-07-05T00:00:00+00:00
[2023-07-05T13:10:19.406+0000] {processor.py:179} INFO - Processing /home/airflow/.local/lib/python3.7/site-packages/airflow/example_dags/example_bash_operator.py took 0.171 seconds
[2023-07-05T13:10:49.579+0000] {processor.py:157} INFO - Started process (PID=2378) to work on /home/airflow/.local/lib/python3.7/site-packages/airflow/example_dags/example_bash_operator.py
[2023-07-05T13:10:49.583+0000] {processor.py:826} INFO - Processing file /home/airflow/.local/lib/python3.7/site-packages/airflow/example_dags/example_bash_operator.py for tasks to queue
[2023-07-05T13:10:49.585+0000] {logging_mixin.py:149} INFO - [2023-07-05T13:10:49.585+0000] {dagbag.py:541} INFO - Filling up the DagBag from /home/airflow/.local/lib/python3.7/site-packages/airflow/example_dags/example_bash_operator.py
[2023-07-05T13:10:49.607+0000] {processor.py:836} INFO - DAG(s) dict_keys(['example_bash_operator']) retrieved from /home/airflow/.local/lib/python3.7/site-packages/airflow/example_dags/example_bash_operator.py
[2023-07-05T13:10:49.676+0000] {logging_mixin.py:149} INFO - [2023-07-05T13:10:49.676+0000] {dag.py:2726} INFO - Sync 1 DAGs
[2023-07-05T13:10:49.724+0000] {logging_mixin.py:149} INFO - [2023-07-05T13:10:49.724+0000] {dag.py:3490} INFO - Setting next_dagrun for example_bash_operator to 2023-07-04T00:00:00+00:00, run_after=2023-07-05T00:00:00+00:00
[2023-07-05T13:10:49.760+0000] {processor.py:179} INFO - Processing /home/airflow/.local/lib/python3.7/site-packages/airflow/example_dags/example_bash_operator.py took 0.185 seconds
[2023-07-05T13:11:19.931+0000] {processor.py:157} INFO - Started process (PID=2435) to work on /home/airflow/.local/lib/python3.7/site-packages/airflow/example_dags/example_bash_operator.py
[2023-07-05T13:11:19.933+0000] {processor.py:826} INFO - Processing file /home/airflow/.local/lib/python3.7/site-packages/airflow/example_dags/example_bash_operator.py for tasks to queue
[2023-07-05T13:11:19.933+0000] {logging_mixin.py:149} INFO - [2023-07-05T13:11:19.933+0000] {dagbag.py:541} INFO - Filling up the DagBag from /home/airflow/.local/lib/python3.7/site-packages/airflow/example_dags/example_bash_operator.py
[2023-07-05T13:11:19.953+0000] {processor.py:836} INFO - DAG(s) dict_keys(['example_bash_operator']) retrieved from /home/airflow/.local/lib/python3.7/site-packages/airflow/example_dags/example_bash_operator.py
[2023-07-05T13:11:20.018+0000] {logging_mixin.py:149} INFO - [2023-07-05T13:11:20.018+0000] {dag.py:2726} INFO - Sync 1 DAGs
[2023-07-05T13:11:20.058+0000] {logging_mixin.py:149} INFO - [2023-07-05T13:11:20.058+0000] {dag.py:3490} INFO - Setting next_dagrun for example_bash_operator to 2023-07-04T00:00:00+00:00, run_after=2023-07-05T00:00:00+00:00
[2023-07-05T13:11:20.105+0000] {processor.py:179} INFO - Processing /home/airflow/.local/lib/python3.7/site-packages/airflow/example_dags/example_bash_operator.py took 0.178 seconds
[2023-07-05T13:11:50.414+0000] {processor.py:157} INFO - Started process (PID=2492) to work on /home/airflow/.local/lib/python3.7/site-packages/airflow/example_dags/example_bash_operator.py
[2023-07-05T13:11:50.416+0000] {processor.py:826} INFO - Processing file /home/airflow/.local/lib/python3.7/site-packages/airflow/example_dags/example_bash_operator.py for tasks to queue
[2023-07-05T13:11:50.417+0000] {logging_mixin.py:149} INFO - [2023-07-05T13:11:50.416+0000] {dagbag.py:541} INFO - Filling up the DagBag from /home/airflow/.local/lib/python3.7/site-packages/airflow/example_dags/example_bash_operator.py
[2023-07-05T13:11:50.440+0000] {processor.py:836} INFO - DAG(s) dict_keys(['example_bash_operator']) retrieved from /home/airflow/.local/lib/python3.7/site-packages/airflow/example_dags/example_bash_operator.py
[2023-07-05T13:11:50.514+0000] {logging_mixin.py:149} INFO - [2023-07-05T13:11:50.513+0000] {dag.py:2726} INFO - Sync 1 DAGs
[2023-07-05T13:11:50.559+0000] {logging_mixin.py:149} INFO - [2023-07-05T13:11:50.559+0000] {dag.py:3490} INFO - Setting next_dagrun for example_bash_operator to 2023-07-04T00:00:00+00:00, run_after=2023-07-05T00:00:00+00:00
[2023-07-05T13:11:50.589+0000] {processor.py:179} INFO - Processing /home/airflow/.local/lib/python3.7/site-packages/airflow/example_dags/example_bash_operator.py took 0.180 seconds
[2023-07-05T13:12:21.085+0000] {processor.py:157} INFO - Started process (PID=2549) to work on /home/airflow/.local/lib/python3.7/site-packages/airflow/example_dags/example_bash_operator.py
[2023-07-05T13:12:21.086+0000] {processor.py:826} INFO - Processing file /home/airflow/.local/lib/python3.7/site-packages/airflow/example_dags/example_bash_operator.py for tasks to queue
[2023-07-05T13:12:21.087+0000] {logging_mixin.py:149} INFO - [2023-07-05T13:12:21.087+0000] {dagbag.py:541} INFO - Filling up the DagBag from /home/airflow/.local/lib/python3.7/site-packages/airflow/example_dags/example_bash_operator.py
[2023-07-05T13:12:21.107+0000] {processor.py:836} INFO - DAG(s) dict_keys(['example_bash_operator']) retrieved from /home/airflow/.local/lib/python3.7/site-packages/airflow/example_dags/example_bash_operator.py
[2023-07-05T13:12:21.167+0000] {logging_mixin.py:149} INFO - [2023-07-05T13:12:21.166+0000] {dag.py:2726} INFO - Sync 1 DAGs
[2023-07-05T13:12:21.210+0000] {logging_mixin.py:149} INFO - [2023-07-05T13:12:21.209+0000] {dag.py:3490} INFO - Setting next_dagrun for example_bash_operator to 2023-07-04T00:00:00+00:00, run_after=2023-07-05T00:00:00+00:00
[2023-07-05T13:12:21.238+0000] {processor.py:179} INFO - Processing /home/airflow/.local/lib/python3.7/site-packages/airflow/example_dags/example_bash_operator.py took 0.157 seconds
[2023-07-05T13:12:51.420+0000] {processor.py:157} INFO - Started process (PID=2606) to work on /home/airflow/.local/lib/python3.7/site-packages/airflow/example_dags/example_bash_operator.py
[2023-07-05T13:12:51.421+0000] {processor.py:826} INFO - Processing file /home/airflow/.local/lib/python3.7/site-packages/airflow/example_dags/example_bash_operator.py for tasks to queue
[2023-07-05T13:12:51.422+0000] {logging_mixin.py:149} INFO - [2023-07-05T13:12:51.422+0000] {dagbag.py:541} INFO - Filling up the DagBag from /home/airflow/.local/lib/python3.7/site-packages/airflow/example_dags/example_bash_operator.py
[2023-07-05T13:12:51.444+0000] {processor.py:836} INFO - DAG(s) dict_keys(['example_bash_operator']) retrieved from /home/airflow/.local/lib/python3.7/site-packages/airflow/example_dags/example_bash_operator.py
[2023-07-05T13:12:51.497+0000] {logging_mixin.py:149} INFO - [2023-07-05T13:12:51.497+0000] {dag.py:2726} INFO - Sync 1 DAGs
[2023-07-05T13:12:51.539+0000] {logging_mixin.py:149} INFO - [2023-07-05T13:12:51.539+0000] {dag.py:3490} INFO - Setting next_dagrun for example_bash_operator to 2023-07-04T00:00:00+00:00, run_after=2023-07-05T00:00:00+00:00
[2023-07-05T13:12:51.566+0000] {processor.py:179} INFO - Processing /home/airflow/.local/lib/python3.7/site-packages/airflow/example_dags/example_bash_operator.py took 0.150 seconds
[2023-07-05T13:13:21.754+0000] {processor.py:157} INFO - Started process (PID=2663) to work on /home/airflow/.local/lib/python3.7/site-packages/airflow/example_dags/example_bash_operator.py
[2023-07-05T13:13:21.755+0000] {processor.py:826} INFO - Processing file /home/airflow/.local/lib/python3.7/site-packages/airflow/example_dags/example_bash_operator.py for tasks to queue
[2023-07-05T13:13:21.756+0000] {logging_mixin.py:149} INFO - [2023-07-05T13:13:21.756+0000] {dagbag.py:541} INFO - Filling up the DagBag from /home/airflow/.local/lib/python3.7/site-packages/airflow/example_dags/example_bash_operator.py
[2023-07-05T13:13:21.772+0000] {processor.py:836} INFO - DAG(s) dict_keys(['example_bash_operator']) retrieved from /home/airflow/.local/lib/python3.7/site-packages/airflow/example_dags/example_bash_operator.py
[2023-07-05T13:13:21.825+0000] {logging_mixin.py:149} INFO - [2023-07-05T13:13:21.825+0000] {dag.py:2726} INFO - Sync 1 DAGs
[2023-07-05T13:13:21.860+0000] {logging_mixin.py:149} INFO - [2023-07-05T13:13:21.860+0000] {dag.py:3490} INFO - Setting next_dagrun for example_bash_operator to 2023-07-04T00:00:00+00:00, run_after=2023-07-05T00:00:00+00:00
[2023-07-05T13:13:21.887+0000] {processor.py:179} INFO - Processing /home/airflow/.local/lib/python3.7/site-packages/airflow/example_dags/example_bash_operator.py took 0.137 seconds
[2023-07-05T13:13:52.121+0000] {processor.py:157} INFO - Started process (PID=2721) to work on /home/airflow/.local/lib/python3.7/site-packages/airflow/example_dags/example_bash_operator.py
[2023-07-05T13:13:52.124+0000] {processor.py:826} INFO - Processing file /home/airflow/.local/lib/python3.7/site-packages/airflow/example_dags/example_bash_operator.py for tasks to queue
[2023-07-05T13:13:52.125+0000] {logging_mixin.py:149} INFO - [2023-07-05T13:13:52.125+0000] {dagbag.py:541} INFO - Filling up the DagBag from /home/airflow/.local/lib/python3.7/site-packages/airflow/example_dags/example_bash_operator.py
[2023-07-05T13:13:52.144+0000] {processor.py:836} INFO - DAG(s) dict_keys(['example_bash_operator']) retrieved from /home/airflow/.local/lib/python3.7/site-packages/airflow/example_dags/example_bash_operator.py
[2023-07-05T13:13:52.203+0000] {logging_mixin.py:149} INFO - [2023-07-05T13:13:52.202+0000] {dag.py:2726} INFO - Sync 1 DAGs
[2023-07-05T13:13:52.250+0000] {logging_mixin.py:149} INFO - [2023-07-05T13:13:52.250+0000] {dag.py:3490} INFO - Setting next_dagrun for example_bash_operator to 2023-07-04T00:00:00+00:00, run_after=2023-07-05T00:00:00+00:00
[2023-07-05T13:13:52.276+0000] {processor.py:179} INFO - Processing /home/airflow/.local/lib/python3.7/site-packages/airflow/example_dags/example_bash_operator.py took 0.159 seconds
[2023-07-05T13:14:22.353+0000] {processor.py:157} INFO - Started process (PID=2778) to work on /home/airflow/.local/lib/python3.7/site-packages/airflow/example_dags/example_bash_operator.py
[2023-07-05T13:14:22.354+0000] {processor.py:826} INFO - Processing file /home/airflow/.local/lib/python3.7/site-packages/airflow/example_dags/example_bash_operator.py for tasks to queue
[2023-07-05T13:14:22.355+0000] {logging_mixin.py:149} INFO - [2023-07-05T13:14:22.355+0000] {dagbag.py:541} INFO - Filling up the DagBag from /home/airflow/.local/lib/python3.7/site-packages/airflow/example_dags/example_bash_operator.py
[2023-07-05T13:14:22.375+0000] {processor.py:836} INFO - DAG(s) dict_keys(['example_bash_operator']) retrieved from /home/airflow/.local/lib/python3.7/site-packages/airflow/example_dags/example_bash_operator.py
[2023-07-05T13:14:22.433+0000] {logging_mixin.py:149} INFO - [2023-07-05T13:14:22.432+0000] {dag.py:2726} INFO - Sync 1 DAGs
[2023-07-05T13:14:22.470+0000] {logging_mixin.py:149} INFO - [2023-07-05T13:14:22.470+0000] {dag.py:3490} INFO - Setting next_dagrun for example_bash_operator to 2023-07-04T00:00:00+00:00, run_after=2023-07-05T00:00:00+00:00
[2023-07-05T13:14:22.503+0000] {processor.py:179} INFO - Processing /home/airflow/.local/lib/python3.7/site-packages/airflow/example_dags/example_bash_operator.py took 0.156 seconds
[2023-07-05T13:14:52.861+0000] {processor.py:157} INFO - Started process (PID=2834) to work on /home/airflow/.local/lib/python3.7/site-packages/airflow/example_dags/example_bash_operator.py
[2023-07-05T13:14:52.862+0000] {processor.py:826} INFO - Processing file /home/airflow/.local/lib/python3.7/site-packages/airflow/example_dags/example_bash_operator.py for tasks to queue
[2023-07-05T13:14:52.863+0000] {logging_mixin.py:149} INFO - [2023-07-05T13:14:52.862+0000] {dagbag.py:541} INFO - Filling up the DagBag from /home/airflow/.local/lib/python3.7/site-packages/airflow/example_dags/example_bash_operator.py
[2023-07-05T13:14:52.884+0000] {processor.py:836} INFO - DAG(s) dict_keys(['example_bash_operator']) retrieved from /home/airflow/.local/lib/python3.7/site-packages/airflow/example_dags/example_bash_operator.py
[2023-07-05T13:14:52.936+0000] {logging_mixin.py:149} INFO - [2023-07-05T13:14:52.936+0000] {dag.py:2726} INFO - Sync 1 DAGs
[2023-07-05T13:14:52.975+0000] {logging_mixin.py:149} INFO - [2023-07-05T13:14:52.975+0000] {dag.py:3490} INFO - Setting next_dagrun for example_bash_operator to 2023-07-04T00:00:00+00:00, run_after=2023-07-05T00:00:00+00:00
[2023-07-05T13:14:53.006+0000] {processor.py:179} INFO - Processing /home/airflow/.local/lib/python3.7/site-packages/airflow/example_dags/example_bash_operator.py took 0.149 seconds
[2023-07-05T13:15:23.730+0000] {processor.py:157} INFO - Started process (PID=2886) to work on /home/airflow/.local/lib/python3.7/site-packages/airflow/example_dags/example_bash_operator.py
[2023-07-05T13:15:23.732+0000] {processor.py:826} INFO - Processing file /home/airflow/.local/lib/python3.7/site-packages/airflow/example_dags/example_bash_operator.py for tasks to queue
[2023-07-05T13:15:23.733+0000] {logging_mixin.py:149} INFO - [2023-07-05T13:15:23.733+0000] {dagbag.py:541} INFO - Filling up the DagBag from /home/airflow/.local/lib/python3.7/site-packages/airflow/example_dags/example_bash_operator.py
[2023-07-05T13:15:23.751+0000] {processor.py:836} INFO - DAG(s) dict_keys(['example_bash_operator']) retrieved from /home/airflow/.local/lib/python3.7/site-packages/airflow/example_dags/example_bash_operator.py
[2023-07-05T13:15:23.803+0000] {logging_mixin.py:149} INFO - [2023-07-05T13:15:23.803+0000] {dag.py:2726} INFO - Sync 1 DAGs
[2023-07-05T13:15:23.845+0000] {logging_mixin.py:149} INFO - [2023-07-05T13:15:23.844+0000] {dag.py:3490} INFO - Setting next_dagrun for example_bash_operator to 2023-07-04T00:00:00+00:00, run_after=2023-07-05T00:00:00+00:00
[2023-07-05T13:15:23.872+0000] {processor.py:179} INFO - Processing /home/airflow/.local/lib/python3.7/site-packages/airflow/example_dags/example_bash_operator.py took 0.146 seconds
[2023-07-05T13:15:54.279+0000] {processor.py:157} INFO - Started process (PID=2943) to work on /home/airflow/.local/lib/python3.7/site-packages/airflow/example_dags/example_bash_operator.py
[2023-07-05T13:15:54.280+0000] {processor.py:826} INFO - Processing file /home/airflow/.local/lib/python3.7/site-packages/airflow/example_dags/example_bash_operator.py for tasks to queue
[2023-07-05T13:15:54.281+0000] {logging_mixin.py:149} INFO - [2023-07-05T13:15:54.281+0000] {dagbag.py:541} INFO - Filling up the DagBag from /home/airflow/.local/lib/python3.7/site-packages/airflow/example_dags/example_bash_operator.py
[2023-07-05T13:15:54.309+0000] {processor.py:836} INFO - DAG(s) dict_keys(['example_bash_operator']) retrieved from /home/airflow/.local/lib/python3.7/site-packages/airflow/example_dags/example_bash_operator.py
[2023-07-05T13:15:54.371+0000] {logging_mixin.py:149} INFO - [2023-07-05T13:15:54.369+0000] {dag.py:2726} INFO - Sync 1 DAGs
[2023-07-05T13:15:54.422+0000] {logging_mixin.py:149} INFO - [2023-07-05T13:15:54.421+0000] {dag.py:3490} INFO - Setting next_dagrun for example_bash_operator to 2023-07-04T00:00:00+00:00, run_after=2023-07-05T00:00:00+00:00
[2023-07-05T13:15:54.454+0000] {processor.py:179} INFO - Processing /home/airflow/.local/lib/python3.7/site-packages/airflow/example_dags/example_bash_operator.py took 0.180 seconds
[2023-07-05T13:16:24.563+0000] {processor.py:157} INFO - Started process (PID=3000) to work on /home/airflow/.local/lib/python3.7/site-packages/airflow/example_dags/example_bash_operator.py
[2023-07-05T13:16:24.564+0000] {processor.py:826} INFO - Processing file /home/airflow/.local/lib/python3.7/site-packages/airflow/example_dags/example_bash_operator.py for tasks to queue
[2023-07-05T13:16:24.565+0000] {logging_mixin.py:149} INFO - [2023-07-05T13:16:24.565+0000] {dagbag.py:541} INFO - Filling up the DagBag from /home/airflow/.local/lib/python3.7/site-packages/airflow/example_dags/example_bash_operator.py
[2023-07-05T13:16:24.587+0000] {processor.py:836} INFO - DAG(s) dict_keys(['example_bash_operator']) retrieved from /home/airflow/.local/lib/python3.7/site-packages/airflow/example_dags/example_bash_operator.py
[2023-07-05T13:16:24.639+0000] {logging_mixin.py:149} INFO - [2023-07-05T13:16:24.638+0000] {dag.py:2726} INFO - Sync 1 DAGs
[2023-07-05T13:16:24.676+0000] {logging_mixin.py:149} INFO - [2023-07-05T13:16:24.676+0000] {dag.py:3490} INFO - Setting next_dagrun for example_bash_operator to 2023-07-04T00:00:00+00:00, run_after=2023-07-05T00:00:00+00:00
[2023-07-05T13:16:24.706+0000] {processor.py:179} INFO - Processing /home/airflow/.local/lib/python3.7/site-packages/airflow/example_dags/example_bash_operator.py took 0.148 seconds
[2023-07-05T13:16:54.789+0000] {processor.py:157} INFO - Started process (PID=3056) to work on /home/airflow/.local/lib/python3.7/site-packages/airflow/example_dags/example_bash_operator.py
[2023-07-05T13:16:54.791+0000] {processor.py:826} INFO - Processing file /home/airflow/.local/lib/python3.7/site-packages/airflow/example_dags/example_bash_operator.py for tasks to queue
[2023-07-05T13:16:54.792+0000] {logging_mixin.py:149} INFO - [2023-07-05T13:16:54.792+0000] {dagbag.py:541} INFO - Filling up the DagBag from /home/airflow/.local/lib/python3.7/site-packages/airflow/example_dags/example_bash_operator.py
[2023-07-05T13:16:54.815+0000] {processor.py:836} INFO - DAG(s) dict_keys(['example_bash_operator']) retrieved from /home/airflow/.local/lib/python3.7/site-packages/airflow/example_dags/example_bash_operator.py
[2023-07-05T13:16:54.871+0000] {logging_mixin.py:149} INFO - [2023-07-05T13:16:54.870+0000] {dag.py:2726} INFO - Sync 1 DAGs
[2023-07-05T13:16:54.910+0000] {logging_mixin.py:149} INFO - [2023-07-05T13:16:54.910+0000] {dag.py:3490} INFO - Setting next_dagrun for example_bash_operator to 2023-07-04T00:00:00+00:00, run_after=2023-07-05T00:00:00+00:00
[2023-07-05T13:16:54.945+0000] {processor.py:179} INFO - Processing /home/airflow/.local/lib/python3.7/site-packages/airflow/example_dags/example_bash_operator.py took 0.162 seconds
[2023-07-05T13:17:25.533+0000] {processor.py:157} INFO - Started process (PID=3113) to work on /home/airflow/.local/lib/python3.7/site-packages/airflow/example_dags/example_bash_operator.py
[2023-07-05T13:17:25.534+0000] {processor.py:826} INFO - Processing file /home/airflow/.local/lib/python3.7/site-packages/airflow/example_dags/example_bash_operator.py for tasks to queue
[2023-07-05T13:17:25.535+0000] {logging_mixin.py:149} INFO - [2023-07-05T13:17:25.535+0000] {dagbag.py:541} INFO - Filling up the DagBag from /home/airflow/.local/lib/python3.7/site-packages/airflow/example_dags/example_bash_operator.py
[2023-07-05T13:17:25.553+0000] {processor.py:836} INFO - DAG(s) dict_keys(['example_bash_operator']) retrieved from /home/airflow/.local/lib/python3.7/site-packages/airflow/example_dags/example_bash_operator.py
[2023-07-05T13:17:25.606+0000] {logging_mixin.py:149} INFO - [2023-07-05T13:17:25.606+0000] {dag.py:2726} INFO - Sync 1 DAGs
[2023-07-05T13:17:25.649+0000] {logging_mixin.py:149} INFO - [2023-07-05T13:17:25.649+0000] {dag.py:3490} INFO - Setting next_dagrun for example_bash_operator to 2023-07-04T00:00:00+00:00, run_after=2023-07-05T00:00:00+00:00
[2023-07-05T13:17:25.682+0000] {processor.py:179} INFO - Processing /home/airflow/.local/lib/python3.7/site-packages/airflow/example_dags/example_bash_operator.py took 0.153 seconds
[2023-07-05T13:17:55.840+0000] {processor.py:157} INFO - Started process (PID=3170) to work on /home/airflow/.local/lib/python3.7/site-packages/airflow/example_dags/example_bash_operator.py
[2023-07-05T13:17:55.842+0000] {processor.py:826} INFO - Processing file /home/airflow/.local/lib/python3.7/site-packages/airflow/example_dags/example_bash_operator.py for tasks to queue
[2023-07-05T13:17:55.842+0000] {logging_mixin.py:149} INFO - [2023-07-05T13:17:55.842+0000] {dagbag.py:541} INFO - Filling up the DagBag from /home/airflow/.local/lib/python3.7/site-packages/airflow/example_dags/example_bash_operator.py
[2023-07-05T13:17:55.859+0000] {processor.py:836} INFO - DAG(s) dict_keys(['example_bash_operator']) retrieved from /home/airflow/.local/lib/python3.7/site-packages/airflow/example_dags/example_bash_operator.py
[2023-07-05T13:17:55.910+0000] {logging_mixin.py:149} INFO - [2023-07-05T13:17:55.910+0000] {dag.py:2726} INFO - Sync 1 DAGs
[2023-07-05T13:17:55.945+0000] {logging_mixin.py:149} INFO - [2023-07-05T13:17:55.944+0000] {dag.py:3490} INFO - Setting next_dagrun for example_bash_operator to 2023-07-04T00:00:00+00:00, run_after=2023-07-05T00:00:00+00:00
[2023-07-05T13:17:55.967+0000] {processor.py:179} INFO - Processing /home/airflow/.local/lib/python3.7/site-packages/airflow/example_dags/example_bash_operator.py took 0.130 seconds
