[2023-07-05T12:49:58.311+0000] {processor.py:157} INFO - Started process (PID=57) to work on /home/airflow/.local/lib/python3.7/site-packages/airflow/example_dags/example_task_group_decorator.py
[2023-07-05T12:49:58.312+0000] {processor.py:826} INFO - Processing file /home/airflow/.local/lib/python3.7/site-packages/airflow/example_dags/example_task_group_decorator.py for tasks to queue
[2023-07-05T12:49:58.313+0000] {logging_mixin.py:149} INFO - [2023-07-05T12:49:58.313+0000] {dagbag.py:541} INFO - Filling up the DagBag from /home/airflow/.local/lib/python3.7/site-packages/airflow/example_dags/example_task_group_decorator.py
[2023-07-05T12:49:58.344+0000] {processor.py:836} INFO - DAG(s) dict_keys(['example_task_group_decorator']) retrieved from /home/airflow/.local/lib/python3.7/site-packages/airflow/example_dags/example_task_group_decorator.py
[2023-07-05T12:49:58.468+0000] {logging_mixin.py:149} INFO - [2023-07-05T12:49:58.467+0000] {dag.py:2726} INFO - Sync 1 DAGs
[2023-07-05T12:49:58.587+0000] {logging_mixin.py:149} INFO - [2023-07-05T12:49:58.586+0000] {dag.py:3490} INFO - Setting next_dagrun for example_task_group_decorator to 2023-07-04T12:49:58.585459+00:00, run_after=2023-07-05T12:49:58.585459+00:00
[2023-07-05T12:49:58.635+0000] {processor.py:179} INFO - Processing /home/airflow/.local/lib/python3.7/site-packages/airflow/example_dags/example_task_group_decorator.py took 0.328 seconds
[2023-07-05T12:50:32.705+0000] {processor.py:157} INFO - Started process (PID=114) to work on /home/airflow/.local/lib/python3.7/site-packages/airflow/example_dags/example_task_group_decorator.py
[2023-07-05T12:50:32.707+0000] {processor.py:826} INFO - Processing file /home/airflow/.local/lib/python3.7/site-packages/airflow/example_dags/example_task_group_decorator.py for tasks to queue
[2023-07-05T12:50:32.708+0000] {logging_mixin.py:149} INFO - [2023-07-05T12:50:32.708+0000] {dagbag.py:541} INFO - Filling up the DagBag from /home/airflow/.local/lib/python3.7/site-packages/airflow/example_dags/example_task_group_decorator.py
[2023-07-05T12:50:32.728+0000] {processor.py:836} INFO - DAG(s) dict_keys(['example_task_group_decorator']) retrieved from /home/airflow/.local/lib/python3.7/site-packages/airflow/example_dags/example_task_group_decorator.py
[2023-07-05T12:50:32.769+0000] {logging_mixin.py:149} INFO - [2023-07-05T12:50:32.768+0000] {dag.py:2726} INFO - Sync 1 DAGs
[2023-07-05T12:50:32.805+0000] {logging_mixin.py:149} INFO - [2023-07-05T12:50:32.805+0000] {dag.py:3490} INFO - Setting next_dagrun for example_task_group_decorator to 2023-07-04T12:50:32.805294+00:00, run_after=2023-07-05T12:50:32.805294+00:00
[2023-07-05T12:50:32.833+0000] {processor.py:179} INFO - Processing /home/airflow/.local/lib/python3.7/site-packages/airflow/example_dags/example_task_group_decorator.py took 0.132 seconds
[2023-07-05T12:51:03.983+0000] {processor.py:157} INFO - Started process (PID=172) to work on /home/airflow/.local/lib/python3.7/site-packages/airflow/example_dags/example_task_group_decorator.py
[2023-07-05T12:51:03.985+0000] {processor.py:826} INFO - Processing file /home/airflow/.local/lib/python3.7/site-packages/airflow/example_dags/example_task_group_decorator.py for tasks to queue
[2023-07-05T12:51:03.986+0000] {logging_mixin.py:149} INFO - [2023-07-05T12:51:03.985+0000] {dagbag.py:541} INFO - Filling up the DagBag from /home/airflow/.local/lib/python3.7/site-packages/airflow/example_dags/example_task_group_decorator.py
[2023-07-05T12:51:04.003+0000] {processor.py:836} INFO - DAG(s) dict_keys(['example_task_group_decorator']) retrieved from /home/airflow/.local/lib/python3.7/site-packages/airflow/example_dags/example_task_group_decorator.py
[2023-07-05T12:51:04.050+0000] {logging_mixin.py:149} INFO - [2023-07-05T12:51:04.050+0000] {dag.py:2726} INFO - Sync 1 DAGs
[2023-07-05T12:51:04.093+0000] {logging_mixin.py:149} INFO - [2023-07-05T12:51:04.093+0000] {dag.py:3490} INFO - Setting next_dagrun for example_task_group_decorator to 2023-07-04T12:51:04.093099+00:00, run_after=2023-07-05T12:51:04.093099+00:00
[2023-07-05T12:51:04.128+0000] {processor.py:179} INFO - Processing /home/airflow/.local/lib/python3.7/site-packages/airflow/example_dags/example_task_group_decorator.py took 0.149 seconds
[2023-07-05T12:51:35.248+0000] {processor.py:157} INFO - Started process (PID=229) to work on /home/airflow/.local/lib/python3.7/site-packages/airflow/example_dags/example_task_group_decorator.py
[2023-07-05T12:51:35.250+0000] {processor.py:826} INFO - Processing file /home/airflow/.local/lib/python3.7/site-packages/airflow/example_dags/example_task_group_decorator.py for tasks to queue
[2023-07-05T12:51:35.251+0000] {logging_mixin.py:149} INFO - [2023-07-05T12:51:35.251+0000] {dagbag.py:541} INFO - Filling up the DagBag from /home/airflow/.local/lib/python3.7/site-packages/airflow/example_dags/example_task_group_decorator.py
[2023-07-05T12:51:35.271+0000] {processor.py:836} INFO - DAG(s) dict_keys(['example_task_group_decorator']) retrieved from /home/airflow/.local/lib/python3.7/site-packages/airflow/example_dags/example_task_group_decorator.py
[2023-07-05T12:51:35.345+0000] {logging_mixin.py:149} INFO - [2023-07-05T12:51:35.345+0000] {dag.py:2726} INFO - Sync 1 DAGs
[2023-07-05T12:51:35.421+0000] {logging_mixin.py:149} INFO - [2023-07-05T12:51:35.421+0000] {dag.py:3490} INFO - Setting next_dagrun for example_task_group_decorator to 2023-07-04T12:51:35.419918+00:00, run_after=2023-07-05T12:51:35.419918+00:00
[2023-07-05T12:51:35.469+0000] {processor.py:179} INFO - Processing /home/airflow/.local/lib/python3.7/site-packages/airflow/example_dags/example_task_group_decorator.py took 0.225 seconds
[2023-07-05T12:52:06.273+0000] {processor.py:157} INFO - Started process (PID=286) to work on /home/airflow/.local/lib/python3.7/site-packages/airflow/example_dags/example_task_group_decorator.py
[2023-07-05T12:52:06.275+0000] {processor.py:826} INFO - Processing file /home/airflow/.local/lib/python3.7/site-packages/airflow/example_dags/example_task_group_decorator.py for tasks to queue
[2023-07-05T12:52:06.276+0000] {logging_mixin.py:149} INFO - [2023-07-05T12:52:06.276+0000] {dagbag.py:541} INFO - Filling up the DagBag from /home/airflow/.local/lib/python3.7/site-packages/airflow/example_dags/example_task_group_decorator.py
[2023-07-05T12:52:06.298+0000] {processor.py:836} INFO - DAG(s) dict_keys(['example_task_group_decorator']) retrieved from /home/airflow/.local/lib/python3.7/site-packages/airflow/example_dags/example_task_group_decorator.py
[2023-07-05T12:52:06.342+0000] {logging_mixin.py:149} INFO - [2023-07-05T12:52:06.341+0000] {dag.py:2726} INFO - Sync 1 DAGs
[2023-07-05T12:52:06.379+0000] {logging_mixin.py:149} INFO - [2023-07-05T12:52:06.379+0000] {dag.py:3490} INFO - Setting next_dagrun for example_task_group_decorator to 2023-07-04T12:52:06.379310+00:00, run_after=2023-07-05T12:52:06.379310+00:00
[2023-07-05T12:52:06.424+0000] {processor.py:179} INFO - Processing /home/airflow/.local/lib/python3.7/site-packages/airflow/example_dags/example_task_group_decorator.py took 0.156 seconds
[2023-07-05T12:52:36.840+0000] {processor.py:157} INFO - Started process (PID=342) to work on /home/airflow/.local/lib/python3.7/site-packages/airflow/example_dags/example_task_group_decorator.py
[2023-07-05T12:52:36.842+0000] {processor.py:826} INFO - Processing file /home/airflow/.local/lib/python3.7/site-packages/airflow/example_dags/example_task_group_decorator.py for tasks to queue
[2023-07-05T12:52:36.843+0000] {logging_mixin.py:149} INFO - [2023-07-05T12:52:36.843+0000] {dagbag.py:541} INFO - Filling up the DagBag from /home/airflow/.local/lib/python3.7/site-packages/airflow/example_dags/example_task_group_decorator.py
[2023-07-05T12:52:36.861+0000] {processor.py:836} INFO - DAG(s) dict_keys(['example_task_group_decorator']) retrieved from /home/airflow/.local/lib/python3.7/site-packages/airflow/example_dags/example_task_group_decorator.py
[2023-07-05T12:52:36.900+0000] {logging_mixin.py:149} INFO - [2023-07-05T12:52:36.900+0000] {dag.py:2726} INFO - Sync 1 DAGs
[2023-07-05T12:52:37.102+0000] {logging_mixin.py:149} INFO - [2023-07-05T12:52:37.101+0000] {dag.py:3490} INFO - Setting next_dagrun for example_task_group_decorator to 2023-07-04T12:52:37.101619+00:00, run_after=2023-07-05T12:52:37.101619+00:00
[2023-07-05T12:52:37.125+0000] {processor.py:179} INFO - Processing /home/airflow/.local/lib/python3.7/site-packages/airflow/example_dags/example_task_group_decorator.py took 0.288 seconds
[2023-07-05T12:53:08.005+0000] {processor.py:157} INFO - Started process (PID=399) to work on /home/airflow/.local/lib/python3.7/site-packages/airflow/example_dags/example_task_group_decorator.py
[2023-07-05T12:53:08.006+0000] {processor.py:826} INFO - Processing file /home/airflow/.local/lib/python3.7/site-packages/airflow/example_dags/example_task_group_decorator.py for tasks to queue
[2023-07-05T12:53:08.007+0000] {logging_mixin.py:149} INFO - [2023-07-05T12:53:08.007+0000] {dagbag.py:541} INFO - Filling up the DagBag from /home/airflow/.local/lib/python3.7/site-packages/airflow/example_dags/example_task_group_decorator.py
[2023-07-05T12:53:08.024+0000] {processor.py:836} INFO - DAG(s) dict_keys(['example_task_group_decorator']) retrieved from /home/airflow/.local/lib/python3.7/site-packages/airflow/example_dags/example_task_group_decorator.py
[2023-07-05T12:53:08.062+0000] {logging_mixin.py:149} INFO - [2023-07-05T12:53:08.061+0000] {dag.py:2726} INFO - Sync 1 DAGs
[2023-07-05T12:53:08.103+0000] {logging_mixin.py:149} INFO - [2023-07-05T12:53:08.103+0000] {dag.py:3490} INFO - Setting next_dagrun for example_task_group_decorator to 2023-07-04T12:53:08.103347+00:00, run_after=2023-07-05T12:53:08.103347+00:00
[2023-07-05T12:53:08.130+0000] {processor.py:179} INFO - Processing /home/airflow/.local/lib/python3.7/site-packages/airflow/example_dags/example_task_group_decorator.py took 0.129 seconds
[2023-07-05T12:53:38.302+0000] {processor.py:157} INFO - Started process (PID=456) to work on /home/airflow/.local/lib/python3.7/site-packages/airflow/example_dags/example_task_group_decorator.py
[2023-07-05T12:53:38.303+0000] {processor.py:826} INFO - Processing file /home/airflow/.local/lib/python3.7/site-packages/airflow/example_dags/example_task_group_decorator.py for tasks to queue
[2023-07-05T12:53:38.304+0000] {logging_mixin.py:149} INFO - [2023-07-05T12:53:38.304+0000] {dagbag.py:541} INFO - Filling up the DagBag from /home/airflow/.local/lib/python3.7/site-packages/airflow/example_dags/example_task_group_decorator.py
[2023-07-05T12:53:38.324+0000] {processor.py:836} INFO - DAG(s) dict_keys(['example_task_group_decorator']) retrieved from /home/airflow/.local/lib/python3.7/site-packages/airflow/example_dags/example_task_group_decorator.py
[2023-07-05T12:53:38.370+0000] {logging_mixin.py:149} INFO - [2023-07-05T12:53:38.369+0000] {dag.py:2726} INFO - Sync 1 DAGs
[2023-07-05T12:53:38.405+0000] {logging_mixin.py:149} INFO - [2023-07-05T12:53:38.405+0000] {dag.py:3490} INFO - Setting next_dagrun for example_task_group_decorator to 2023-07-04T12:53:38.405329+00:00, run_after=2023-07-05T12:53:38.405329+00:00
[2023-07-05T12:53:38.446+0000] {processor.py:179} INFO - Processing /home/airflow/.local/lib/python3.7/site-packages/airflow/example_dags/example_task_group_decorator.py took 0.147 seconds
[2023-07-05T12:54:09.223+0000] {processor.py:157} INFO - Started process (PID=513) to work on /home/airflow/.local/lib/python3.7/site-packages/airflow/example_dags/example_task_group_decorator.py
[2023-07-05T12:54:09.224+0000] {processor.py:826} INFO - Processing file /home/airflow/.local/lib/python3.7/site-packages/airflow/example_dags/example_task_group_decorator.py for tasks to queue
[2023-07-05T12:54:09.224+0000] {logging_mixin.py:149} INFO - [2023-07-05T12:54:09.224+0000] {dagbag.py:541} INFO - Filling up the DagBag from /home/airflow/.local/lib/python3.7/site-packages/airflow/example_dags/example_task_group_decorator.py
[2023-07-05T12:54:09.242+0000] {processor.py:836} INFO - DAG(s) dict_keys(['example_task_group_decorator']) retrieved from /home/airflow/.local/lib/python3.7/site-packages/airflow/example_dags/example_task_group_decorator.py
[2023-07-05T12:54:09.285+0000] {logging_mixin.py:149} INFO - [2023-07-05T12:54:09.285+0000] {dag.py:2726} INFO - Sync 1 DAGs
[2023-07-05T12:54:09.491+0000] {logging_mixin.py:149} INFO - [2023-07-05T12:54:09.490+0000] {dag.py:3490} INFO - Setting next_dagrun for example_task_group_decorator to 2023-07-04T12:54:09.490536+00:00, run_after=2023-07-05T12:54:09.490536+00:00
[2023-07-05T12:54:09.519+0000] {processor.py:179} INFO - Processing /home/airflow/.local/lib/python3.7/site-packages/airflow/example_dags/example_task_group_decorator.py took 0.299 seconds
[2023-07-05T12:54:39.677+0000] {processor.py:157} INFO - Started process (PID=570) to work on /home/airflow/.local/lib/python3.7/site-packages/airflow/example_dags/example_task_group_decorator.py
[2023-07-05T12:54:39.678+0000] {processor.py:826} INFO - Processing file /home/airflow/.local/lib/python3.7/site-packages/airflow/example_dags/example_task_group_decorator.py for tasks to queue
[2023-07-05T12:54:39.679+0000] {logging_mixin.py:149} INFO - [2023-07-05T12:54:39.678+0000] {dagbag.py:541} INFO - Filling up the DagBag from /home/airflow/.local/lib/python3.7/site-packages/airflow/example_dags/example_task_group_decorator.py
[2023-07-05T12:54:39.696+0000] {processor.py:836} INFO - DAG(s) dict_keys(['example_task_group_decorator']) retrieved from /home/airflow/.local/lib/python3.7/site-packages/airflow/example_dags/example_task_group_decorator.py
[2023-07-05T12:54:39.733+0000] {logging_mixin.py:149} INFO - [2023-07-05T12:54:39.732+0000] {dag.py:2726} INFO - Sync 1 DAGs
[2023-07-05T12:54:39.771+0000] {logging_mixin.py:149} INFO - [2023-07-05T12:54:39.771+0000] {dag.py:3490} INFO - Setting next_dagrun for example_task_group_decorator to 2023-07-04T12:54:39.771304+00:00, run_after=2023-07-05T12:54:39.771304+00:00
[2023-07-05T12:54:39.801+0000] {processor.py:179} INFO - Processing /home/airflow/.local/lib/python3.7/site-packages/airflow/example_dags/example_task_group_decorator.py took 0.127 seconds
[2023-07-05T12:55:10.369+0000] {processor.py:157} INFO - Started process (PID=627) to work on /home/airflow/.local/lib/python3.7/site-packages/airflow/example_dags/example_task_group_decorator.py
[2023-07-05T12:55:10.370+0000] {processor.py:826} INFO - Processing file /home/airflow/.local/lib/python3.7/site-packages/airflow/example_dags/example_task_group_decorator.py for tasks to queue
[2023-07-05T12:55:10.370+0000] {logging_mixin.py:149} INFO - [2023-07-05T12:55:10.370+0000] {dagbag.py:541} INFO - Filling up the DagBag from /home/airflow/.local/lib/python3.7/site-packages/airflow/example_dags/example_task_group_decorator.py
[2023-07-05T12:55:10.387+0000] {processor.py:836} INFO - DAG(s) dict_keys(['example_task_group_decorator']) retrieved from /home/airflow/.local/lib/python3.7/site-packages/airflow/example_dags/example_task_group_decorator.py
[2023-07-05T12:55:10.559+0000] {logging_mixin.py:149} INFO - [2023-07-05T12:55:10.559+0000] {dag.py:2726} INFO - Sync 1 DAGs
[2023-07-05T12:55:10.595+0000] {logging_mixin.py:149} INFO - [2023-07-05T12:55:10.595+0000] {dag.py:3490} INFO - Setting next_dagrun for example_task_group_decorator to 2023-07-04T12:55:10.594991+00:00, run_after=2023-07-05T12:55:10.594991+00:00
[2023-07-05T12:55:10.623+0000] {processor.py:179} INFO - Processing /home/airflow/.local/lib/python3.7/site-packages/airflow/example_dags/example_task_group_decorator.py took 0.258 seconds
[2023-07-05T12:55:41.281+0000] {processor.py:157} INFO - Started process (PID=684) to work on /home/airflow/.local/lib/python3.7/site-packages/airflow/example_dags/example_task_group_decorator.py
[2023-07-05T12:55:41.283+0000] {processor.py:826} INFO - Processing file /home/airflow/.local/lib/python3.7/site-packages/airflow/example_dags/example_task_group_decorator.py for tasks to queue
[2023-07-05T12:55:41.284+0000] {logging_mixin.py:149} INFO - [2023-07-05T12:55:41.284+0000] {dagbag.py:541} INFO - Filling up the DagBag from /home/airflow/.local/lib/python3.7/site-packages/airflow/example_dags/example_task_group_decorator.py
[2023-07-05T12:55:41.300+0000] {processor.py:836} INFO - DAG(s) dict_keys(['example_task_group_decorator']) retrieved from /home/airflow/.local/lib/python3.7/site-packages/airflow/example_dags/example_task_group_decorator.py
[2023-07-05T12:55:41.341+0000] {logging_mixin.py:149} INFO - [2023-07-05T12:55:41.341+0000] {dag.py:2726} INFO - Sync 1 DAGs
[2023-07-05T12:55:41.377+0000] {logging_mixin.py:149} INFO - [2023-07-05T12:55:41.377+0000] {dag.py:3490} INFO - Setting next_dagrun for example_task_group_decorator to 2023-07-04T12:55:41.377120+00:00, run_after=2023-07-05T12:55:41.377120+00:00
[2023-07-05T12:55:41.571+0000] {processor.py:179} INFO - Processing /home/airflow/.local/lib/python3.7/site-packages/airflow/example_dags/example_task_group_decorator.py took 0.296 seconds
[2023-07-05T12:56:12.144+0000] {processor.py:157} INFO - Started process (PID=741) to work on /home/airflow/.local/lib/python3.7/site-packages/airflow/example_dags/example_task_group_decorator.py
[2023-07-05T12:56:12.145+0000] {processor.py:826} INFO - Processing file /home/airflow/.local/lib/python3.7/site-packages/airflow/example_dags/example_task_group_decorator.py for tasks to queue
[2023-07-05T12:56:12.146+0000] {logging_mixin.py:149} INFO - [2023-07-05T12:56:12.146+0000] {dagbag.py:541} INFO - Filling up the DagBag from /home/airflow/.local/lib/python3.7/site-packages/airflow/example_dags/example_task_group_decorator.py
[2023-07-05T12:56:12.166+0000] {processor.py:836} INFO - DAG(s) dict_keys(['example_task_group_decorator']) retrieved from /home/airflow/.local/lib/python3.7/site-packages/airflow/example_dags/example_task_group_decorator.py
[2023-07-05T12:56:12.364+0000] {logging_mixin.py:149} INFO - [2023-07-05T12:56:12.363+0000] {dag.py:2726} INFO - Sync 1 DAGs
[2023-07-05T12:56:12.397+0000] {logging_mixin.py:149} INFO - [2023-07-05T12:56:12.397+0000] {dag.py:3490} INFO - Setting next_dagrun for example_task_group_decorator to 2023-07-04T12:56:12.396811+00:00, run_after=2023-07-05T12:56:12.396811+00:00
[2023-07-05T12:56:12.429+0000] {processor.py:179} INFO - Processing /home/airflow/.local/lib/python3.7/site-packages/airflow/example_dags/example_task_group_decorator.py took 0.289 seconds
[2023-07-05T12:56:43.020+0000] {processor.py:157} INFO - Started process (PID=797) to work on /home/airflow/.local/lib/python3.7/site-packages/airflow/example_dags/example_task_group_decorator.py
[2023-07-05T12:56:43.027+0000] {processor.py:826} INFO - Processing file /home/airflow/.local/lib/python3.7/site-packages/airflow/example_dags/example_task_group_decorator.py for tasks to queue
[2023-07-05T12:56:43.028+0000] {logging_mixin.py:149} INFO - [2023-07-05T12:56:43.028+0000] {dagbag.py:541} INFO - Filling up the DagBag from /home/airflow/.local/lib/python3.7/site-packages/airflow/example_dags/example_task_group_decorator.py
[2023-07-05T12:56:43.049+0000] {processor.py:836} INFO - DAG(s) dict_keys(['example_task_group_decorator']) retrieved from /home/airflow/.local/lib/python3.7/site-packages/airflow/example_dags/example_task_group_decorator.py
[2023-07-05T12:56:43.093+0000] {logging_mixin.py:149} INFO - [2023-07-05T12:56:43.093+0000] {dag.py:2726} INFO - Sync 1 DAGs
[2023-07-05T12:56:43.139+0000] {logging_mixin.py:149} INFO - [2023-07-05T12:56:43.139+0000] {dag.py:3490} INFO - Setting next_dagrun for example_task_group_decorator to 2023-07-04T12:56:43.138861+00:00, run_after=2023-07-05T12:56:43.138861+00:00
[2023-07-05T12:56:43.176+0000] {processor.py:179} INFO - Processing /home/airflow/.local/lib/python3.7/site-packages/airflow/example_dags/example_task_group_decorator.py took 0.160 seconds
[2023-07-05T12:57:13.355+0000] {processor.py:157} INFO - Started process (PID=853) to work on /home/airflow/.local/lib/python3.7/site-packages/airflow/example_dags/example_task_group_decorator.py
[2023-07-05T12:57:13.357+0000] {processor.py:826} INFO - Processing file /home/airflow/.local/lib/python3.7/site-packages/airflow/example_dags/example_task_group_decorator.py for tasks to queue
[2023-07-05T12:57:13.358+0000] {logging_mixin.py:149} INFO - [2023-07-05T12:57:13.357+0000] {dagbag.py:541} INFO - Filling up the DagBag from /home/airflow/.local/lib/python3.7/site-packages/airflow/example_dags/example_task_group_decorator.py
[2023-07-05T12:57:13.383+0000] {processor.py:836} INFO - DAG(s) dict_keys(['example_task_group_decorator']) retrieved from /home/airflow/.local/lib/python3.7/site-packages/airflow/example_dags/example_task_group_decorator.py
[2023-07-05T12:57:13.432+0000] {logging_mixin.py:149} INFO - [2023-07-05T12:57:13.432+0000] {dag.py:2726} INFO - Sync 1 DAGs
[2023-07-05T12:57:13.473+0000] {logging_mixin.py:149} INFO - [2023-07-05T12:57:13.473+0000] {dag.py:3490} INFO - Setting next_dagrun for example_task_group_decorator to 2023-07-04T12:57:13.473320+00:00, run_after=2023-07-05T12:57:13.473320+00:00
[2023-07-05T12:57:13.520+0000] {processor.py:179} INFO - Processing /home/airflow/.local/lib/python3.7/site-packages/airflow/example_dags/example_task_group_decorator.py took 0.170 seconds
[2023-07-05T12:57:43.622+0000] {processor.py:157} INFO - Started process (PID=910) to work on /home/airflow/.local/lib/python3.7/site-packages/airflow/example_dags/example_task_group_decorator.py
[2023-07-05T12:57:43.624+0000] {processor.py:826} INFO - Processing file /home/airflow/.local/lib/python3.7/site-packages/airflow/example_dags/example_task_group_decorator.py for tasks to queue
[2023-07-05T12:57:43.625+0000] {logging_mixin.py:149} INFO - [2023-07-05T12:57:43.625+0000] {dagbag.py:541} INFO - Filling up the DagBag from /home/airflow/.local/lib/python3.7/site-packages/airflow/example_dags/example_task_group_decorator.py
[2023-07-05T12:57:43.647+0000] {processor.py:836} INFO - DAG(s) dict_keys(['example_task_group_decorator']) retrieved from /home/airflow/.local/lib/python3.7/site-packages/airflow/example_dags/example_task_group_decorator.py
[2023-07-05T12:57:43.687+0000] {logging_mixin.py:149} INFO - [2023-07-05T12:57:43.687+0000] {dag.py:2726} INFO - Sync 1 DAGs
[2023-07-05T12:57:43.728+0000] {logging_mixin.py:149} INFO - [2023-07-05T12:57:43.727+0000] {dag.py:3490} INFO - Setting next_dagrun for example_task_group_decorator to 2023-07-04T12:57:43.727520+00:00, run_after=2023-07-05T12:57:43.727520+00:00
[2023-07-05T12:57:43.757+0000] {processor.py:179} INFO - Processing /home/airflow/.local/lib/python3.7/site-packages/airflow/example_dags/example_task_group_decorator.py took 0.139 seconds
[2023-07-05T12:58:13.874+0000] {processor.py:157} INFO - Started process (PID=966) to work on /home/airflow/.local/lib/python3.7/site-packages/airflow/example_dags/example_task_group_decorator.py
[2023-07-05T12:58:13.876+0000] {processor.py:826} INFO - Processing file /home/airflow/.local/lib/python3.7/site-packages/airflow/example_dags/example_task_group_decorator.py for tasks to queue
[2023-07-05T12:58:13.876+0000] {logging_mixin.py:149} INFO - [2023-07-05T12:58:13.876+0000] {dagbag.py:541} INFO - Filling up the DagBag from /home/airflow/.local/lib/python3.7/site-packages/airflow/example_dags/example_task_group_decorator.py
[2023-07-05T12:58:13.895+0000] {processor.py:836} INFO - DAG(s) dict_keys(['example_task_group_decorator']) retrieved from /home/airflow/.local/lib/python3.7/site-packages/airflow/example_dags/example_task_group_decorator.py
[2023-07-05T12:58:13.943+0000] {logging_mixin.py:149} INFO - [2023-07-05T12:58:13.942+0000] {dag.py:2726} INFO - Sync 1 DAGs
[2023-07-05T12:58:13.987+0000] {logging_mixin.py:149} INFO - [2023-07-05T12:58:13.986+0000] {dag.py:3490} INFO - Setting next_dagrun for example_task_group_decorator to 2023-07-04T12:58:13.986489+00:00, run_after=2023-07-05T12:58:13.986489+00:00
[2023-07-05T12:58:14.018+0000] {processor.py:179} INFO - Processing /home/airflow/.local/lib/python3.7/site-packages/airflow/example_dags/example_task_group_decorator.py took 0.147 seconds
[2023-07-05T12:58:44.348+0000] {processor.py:157} INFO - Started process (PID=1023) to work on /home/airflow/.local/lib/python3.7/site-packages/airflow/example_dags/example_task_group_decorator.py
[2023-07-05T12:58:44.349+0000] {processor.py:826} INFO - Processing file /home/airflow/.local/lib/python3.7/site-packages/airflow/example_dags/example_task_group_decorator.py for tasks to queue
[2023-07-05T12:58:44.350+0000] {logging_mixin.py:149} INFO - [2023-07-05T12:58:44.350+0000] {dagbag.py:541} INFO - Filling up the DagBag from /home/airflow/.local/lib/python3.7/site-packages/airflow/example_dags/example_task_group_decorator.py
[2023-07-05T12:58:44.372+0000] {processor.py:836} INFO - DAG(s) dict_keys(['example_task_group_decorator']) retrieved from /home/airflow/.local/lib/python3.7/site-packages/airflow/example_dags/example_task_group_decorator.py
[2023-07-05T12:58:44.414+0000] {logging_mixin.py:149} INFO - [2023-07-05T12:58:44.413+0000] {dag.py:2726} INFO - Sync 1 DAGs
[2023-07-05T12:58:44.453+0000] {logging_mixin.py:149} INFO - [2023-07-05T12:58:44.453+0000] {dag.py:3490} INFO - Setting next_dagrun for example_task_group_decorator to 2023-07-04T12:58:44.453163+00:00, run_after=2023-07-05T12:58:44.453163+00:00
[2023-07-05T12:58:44.486+0000] {processor.py:179} INFO - Processing /home/airflow/.local/lib/python3.7/site-packages/airflow/example_dags/example_task_group_decorator.py took 0.143 seconds
[2023-07-05T12:59:14.655+0000] {processor.py:157} INFO - Started process (PID=1079) to work on /home/airflow/.local/lib/python3.7/site-packages/airflow/example_dags/example_task_group_decorator.py
[2023-07-05T12:59:14.657+0000] {processor.py:826} INFO - Processing file /home/airflow/.local/lib/python3.7/site-packages/airflow/example_dags/example_task_group_decorator.py for tasks to queue
[2023-07-05T12:59:14.658+0000] {logging_mixin.py:149} INFO - [2023-07-05T12:59:14.658+0000] {dagbag.py:541} INFO - Filling up the DagBag from /home/airflow/.local/lib/python3.7/site-packages/airflow/example_dags/example_task_group_decorator.py
[2023-07-05T12:59:14.680+0000] {processor.py:836} INFO - DAG(s) dict_keys(['example_task_group_decorator']) retrieved from /home/airflow/.local/lib/python3.7/site-packages/airflow/example_dags/example_task_group_decorator.py
[2023-07-05T12:59:14.731+0000] {logging_mixin.py:149} INFO - [2023-07-05T12:59:14.731+0000] {dag.py:2726} INFO - Sync 1 DAGs
[2023-07-05T12:59:14.770+0000] {logging_mixin.py:149} INFO - [2023-07-05T12:59:14.770+0000] {dag.py:3490} INFO - Setting next_dagrun for example_task_group_decorator to 2023-07-04T12:59:14.769788+00:00, run_after=2023-07-05T12:59:14.769788+00:00
[2023-07-05T12:59:14.808+0000] {processor.py:179} INFO - Processing /home/airflow/.local/lib/python3.7/site-packages/airflow/example_dags/example_task_group_decorator.py took 0.157 seconds
[2023-07-05T12:59:45.002+0000] {processor.py:157} INFO - Started process (PID=1136) to work on /home/airflow/.local/lib/python3.7/site-packages/airflow/example_dags/example_task_group_decorator.py
[2023-07-05T12:59:45.003+0000] {processor.py:826} INFO - Processing file /home/airflow/.local/lib/python3.7/site-packages/airflow/example_dags/example_task_group_decorator.py for tasks to queue
[2023-07-05T12:59:45.006+0000] {logging_mixin.py:149} INFO - [2023-07-05T12:59:45.006+0000] {dagbag.py:541} INFO - Filling up the DagBag from /home/airflow/.local/lib/python3.7/site-packages/airflow/example_dags/example_task_group_decorator.py
[2023-07-05T12:59:45.029+0000] {processor.py:836} INFO - DAG(s) dict_keys(['example_task_group_decorator']) retrieved from /home/airflow/.local/lib/python3.7/site-packages/airflow/example_dags/example_task_group_decorator.py
[2023-07-05T12:59:45.070+0000] {logging_mixin.py:149} INFO - [2023-07-05T12:59:45.070+0000] {dag.py:2726} INFO - Sync 1 DAGs
[2023-07-05T12:59:45.117+0000] {logging_mixin.py:149} INFO - [2023-07-05T12:59:45.116+0000] {dag.py:3490} INFO - Setting next_dagrun for example_task_group_decorator to 2023-07-04T12:59:45.116399+00:00, run_after=2023-07-05T12:59:45.116399+00:00
[2023-07-05T12:59:45.149+0000] {processor.py:179} INFO - Processing /home/airflow/.local/lib/python3.7/site-packages/airflow/example_dags/example_task_group_decorator.py took 0.152 seconds
[2023-07-05T13:00:15.772+0000] {processor.py:157} INFO - Started process (PID=1193) to work on /home/airflow/.local/lib/python3.7/site-packages/airflow/example_dags/example_task_group_decorator.py
[2023-07-05T13:00:15.773+0000] {processor.py:826} INFO - Processing file /home/airflow/.local/lib/python3.7/site-packages/airflow/example_dags/example_task_group_decorator.py for tasks to queue
[2023-07-05T13:00:15.774+0000] {logging_mixin.py:149} INFO - [2023-07-05T13:00:15.774+0000] {dagbag.py:541} INFO - Filling up the DagBag from /home/airflow/.local/lib/python3.7/site-packages/airflow/example_dags/example_task_group_decorator.py
[2023-07-05T13:00:15.794+0000] {processor.py:836} INFO - DAG(s) dict_keys(['example_task_group_decorator']) retrieved from /home/airflow/.local/lib/python3.7/site-packages/airflow/example_dags/example_task_group_decorator.py
[2023-07-05T13:00:15.841+0000] {logging_mixin.py:149} INFO - [2023-07-05T13:00:15.841+0000] {dag.py:2726} INFO - Sync 1 DAGs
[2023-07-05T13:00:15.879+0000] {logging_mixin.py:149} INFO - [2023-07-05T13:00:15.879+0000] {dag.py:3490} INFO - Setting next_dagrun for example_task_group_decorator to 2023-07-04T13:00:15.879214+00:00, run_after=2023-07-05T13:00:15.879214+00:00
[2023-07-05T13:00:15.930+0000] {processor.py:179} INFO - Processing /home/airflow/.local/lib/python3.7/site-packages/airflow/example_dags/example_task_group_decorator.py took 0.163 seconds
[2023-07-05T13:00:46.055+0000] {processor.py:157} INFO - Started process (PID=1250) to work on /home/airflow/.local/lib/python3.7/site-packages/airflow/example_dags/example_task_group_decorator.py
[2023-07-05T13:00:46.057+0000] {processor.py:826} INFO - Processing file /home/airflow/.local/lib/python3.7/site-packages/airflow/example_dags/example_task_group_decorator.py for tasks to queue
[2023-07-05T13:00:46.059+0000] {logging_mixin.py:149} INFO - [2023-07-05T13:00:46.059+0000] {dagbag.py:541} INFO - Filling up the DagBag from /home/airflow/.local/lib/python3.7/site-packages/airflow/example_dags/example_task_group_decorator.py
[2023-07-05T13:00:46.082+0000] {processor.py:836} INFO - DAG(s) dict_keys(['example_task_group_decorator']) retrieved from /home/airflow/.local/lib/python3.7/site-packages/airflow/example_dags/example_task_group_decorator.py
[2023-07-05T13:00:46.120+0000] {logging_mixin.py:149} INFO - [2023-07-05T13:00:46.120+0000] {dag.py:2726} INFO - Sync 1 DAGs
[2023-07-05T13:00:46.157+0000] {logging_mixin.py:149} INFO - [2023-07-05T13:00:46.157+0000] {dag.py:3490} INFO - Setting next_dagrun for example_task_group_decorator to 2023-07-04T13:00:46.156867+00:00, run_after=2023-07-05T13:00:46.156867+00:00
[2023-07-05T13:00:46.186+0000] {processor.py:179} INFO - Processing /home/airflow/.local/lib/python3.7/site-packages/airflow/example_dags/example_task_group_decorator.py took 0.136 seconds
[2023-07-05T13:01:16.375+0000] {processor.py:157} INFO - Started process (PID=1307) to work on /home/airflow/.local/lib/python3.7/site-packages/airflow/example_dags/example_task_group_decorator.py
[2023-07-05T13:01:16.377+0000] {processor.py:826} INFO - Processing file /home/airflow/.local/lib/python3.7/site-packages/airflow/example_dags/example_task_group_decorator.py for tasks to queue
[2023-07-05T13:01:16.378+0000] {logging_mixin.py:149} INFO - [2023-07-05T13:01:16.378+0000] {dagbag.py:541} INFO - Filling up the DagBag from /home/airflow/.local/lib/python3.7/site-packages/airflow/example_dags/example_task_group_decorator.py
[2023-07-05T13:01:16.413+0000] {processor.py:836} INFO - DAG(s) dict_keys(['example_task_group_decorator']) retrieved from /home/airflow/.local/lib/python3.7/site-packages/airflow/example_dags/example_task_group_decorator.py
[2023-07-05T13:01:16.473+0000] {logging_mixin.py:149} INFO - [2023-07-05T13:01:16.472+0000] {dag.py:2726} INFO - Sync 1 DAGs
[2023-07-05T13:01:16.512+0000] {logging_mixin.py:149} INFO - [2023-07-05T13:01:16.512+0000] {dag.py:3490} INFO - Setting next_dagrun for example_task_group_decorator to 2023-07-04T13:01:16.511772+00:00, run_after=2023-07-05T13:01:16.511772+00:00
[2023-07-05T13:01:16.545+0000] {processor.py:179} INFO - Processing /home/airflow/.local/lib/python3.7/site-packages/airflow/example_dags/example_task_group_decorator.py took 0.176 seconds
[2023-07-05T13:01:46.672+0000] {processor.py:157} INFO - Started process (PID=1365) to work on /home/airflow/.local/lib/python3.7/site-packages/airflow/example_dags/example_task_group_decorator.py
[2023-07-05T13:01:46.673+0000] {processor.py:826} INFO - Processing file /home/airflow/.local/lib/python3.7/site-packages/airflow/example_dags/example_task_group_decorator.py for tasks to queue
[2023-07-05T13:01:46.674+0000] {logging_mixin.py:149} INFO - [2023-07-05T13:01:46.673+0000] {dagbag.py:541} INFO - Filling up the DagBag from /home/airflow/.local/lib/python3.7/site-packages/airflow/example_dags/example_task_group_decorator.py
[2023-07-05T13:01:46.693+0000] {processor.py:836} INFO - DAG(s) dict_keys(['example_task_group_decorator']) retrieved from /home/airflow/.local/lib/python3.7/site-packages/airflow/example_dags/example_task_group_decorator.py
[2023-07-05T13:01:46.732+0000] {logging_mixin.py:149} INFO - [2023-07-05T13:01:46.731+0000] {dag.py:2726} INFO - Sync 1 DAGs
[2023-07-05T13:01:46.770+0000] {logging_mixin.py:149} INFO - [2023-07-05T13:01:46.770+0000] {dag.py:3490} INFO - Setting next_dagrun for example_task_group_decorator to 2023-07-04T13:01:46.769897+00:00, run_after=2023-07-05T13:01:46.769897+00:00
[2023-07-05T13:01:46.797+0000] {processor.py:179} INFO - Processing /home/airflow/.local/lib/python3.7/site-packages/airflow/example_dags/example_task_group_decorator.py took 0.129 seconds
[2023-07-05T13:02:16.961+0000] {processor.py:157} INFO - Started process (PID=1422) to work on /home/airflow/.local/lib/python3.7/site-packages/airflow/example_dags/example_task_group_decorator.py
[2023-07-05T13:02:16.962+0000] {processor.py:826} INFO - Processing file /home/airflow/.local/lib/python3.7/site-packages/airflow/example_dags/example_task_group_decorator.py for tasks to queue
[2023-07-05T13:02:16.963+0000] {logging_mixin.py:149} INFO - [2023-07-05T13:02:16.963+0000] {dagbag.py:541} INFO - Filling up the DagBag from /home/airflow/.local/lib/python3.7/site-packages/airflow/example_dags/example_task_group_decorator.py
[2023-07-05T13:02:16.984+0000] {processor.py:836} INFO - DAG(s) dict_keys(['example_task_group_decorator']) retrieved from /home/airflow/.local/lib/python3.7/site-packages/airflow/example_dags/example_task_group_decorator.py
[2023-07-05T13:02:17.024+0000] {logging_mixin.py:149} INFO - [2023-07-05T13:02:17.024+0000] {dag.py:2726} INFO - Sync 1 DAGs
[2023-07-05T13:02:17.078+0000] {logging_mixin.py:149} INFO - [2023-07-05T13:02:17.078+0000] {dag.py:3490} INFO - Setting next_dagrun for example_task_group_decorator to 2023-07-04T13:02:17.078182+00:00, run_after=2023-07-05T13:02:17.078182+00:00
[2023-07-05T13:02:17.109+0000] {processor.py:179} INFO - Processing /home/airflow/.local/lib/python3.7/site-packages/airflow/example_dags/example_task_group_decorator.py took 0.152 seconds
[2023-07-05T13:02:47.232+0000] {processor.py:157} INFO - Started process (PID=1479) to work on /home/airflow/.local/lib/python3.7/site-packages/airflow/example_dags/example_task_group_decorator.py
[2023-07-05T13:02:47.233+0000] {processor.py:826} INFO - Processing file /home/airflow/.local/lib/python3.7/site-packages/airflow/example_dags/example_task_group_decorator.py for tasks to queue
[2023-07-05T13:02:47.234+0000] {logging_mixin.py:149} INFO - [2023-07-05T13:02:47.234+0000] {dagbag.py:541} INFO - Filling up the DagBag from /home/airflow/.local/lib/python3.7/site-packages/airflow/example_dags/example_task_group_decorator.py
[2023-07-05T13:02:47.258+0000] {processor.py:836} INFO - DAG(s) dict_keys(['example_task_group_decorator']) retrieved from /home/airflow/.local/lib/python3.7/site-packages/airflow/example_dags/example_task_group_decorator.py
[2023-07-05T13:02:47.302+0000] {logging_mixin.py:149} INFO - [2023-07-05T13:02:47.302+0000] {dag.py:2726} INFO - Sync 1 DAGs
[2023-07-05T13:02:47.343+0000] {logging_mixin.py:149} INFO - [2023-07-05T13:02:47.343+0000] {dag.py:3490} INFO - Setting next_dagrun for example_task_group_decorator to 2023-07-04T13:02:47.343266+00:00, run_after=2023-07-05T13:02:47.343266+00:00
[2023-07-05T13:02:47.373+0000] {processor.py:179} INFO - Processing /home/airflow/.local/lib/python3.7/site-packages/airflow/example_dags/example_task_group_decorator.py took 0.147 seconds
[2023-07-05T13:03:17.652+0000] {processor.py:157} INFO - Started process (PID=1536) to work on /home/airflow/.local/lib/python3.7/site-packages/airflow/example_dags/example_task_group_decorator.py
[2023-07-05T13:03:17.653+0000] {processor.py:826} INFO - Processing file /home/airflow/.local/lib/python3.7/site-packages/airflow/example_dags/example_task_group_decorator.py for tasks to queue
[2023-07-05T13:03:17.654+0000] {logging_mixin.py:149} INFO - [2023-07-05T13:03:17.654+0000] {dagbag.py:541} INFO - Filling up the DagBag from /home/airflow/.local/lib/python3.7/site-packages/airflow/example_dags/example_task_group_decorator.py
[2023-07-05T13:03:17.671+0000] {processor.py:836} INFO - DAG(s) dict_keys(['example_task_group_decorator']) retrieved from /home/airflow/.local/lib/python3.7/site-packages/airflow/example_dags/example_task_group_decorator.py
[2023-07-05T13:03:17.715+0000] {logging_mixin.py:149} INFO - [2023-07-05T13:03:17.714+0000] {dag.py:2726} INFO - Sync 1 DAGs
[2023-07-05T13:03:17.757+0000] {logging_mixin.py:149} INFO - [2023-07-05T13:03:17.756+0000] {dag.py:3490} INFO - Setting next_dagrun for example_task_group_decorator to 2023-07-04T13:03:17.755944+00:00, run_after=2023-07-05T13:03:17.755944+00:00
[2023-07-05T13:03:17.784+0000] {processor.py:179} INFO - Processing /home/airflow/.local/lib/python3.7/site-packages/airflow/example_dags/example_task_group_decorator.py took 0.136 seconds
[2023-07-05T13:03:47.960+0000] {processor.py:157} INFO - Started process (PID=1593) to work on /home/airflow/.local/lib/python3.7/site-packages/airflow/example_dags/example_task_group_decorator.py
[2023-07-05T13:03:47.961+0000] {processor.py:826} INFO - Processing file /home/airflow/.local/lib/python3.7/site-packages/airflow/example_dags/example_task_group_decorator.py for tasks to queue
[2023-07-05T13:03:47.962+0000] {logging_mixin.py:149} INFO - [2023-07-05T13:03:47.962+0000] {dagbag.py:541} INFO - Filling up the DagBag from /home/airflow/.local/lib/python3.7/site-packages/airflow/example_dags/example_task_group_decorator.py
[2023-07-05T13:03:47.980+0000] {processor.py:836} INFO - DAG(s) dict_keys(['example_task_group_decorator']) retrieved from /home/airflow/.local/lib/python3.7/site-packages/airflow/example_dags/example_task_group_decorator.py
[2023-07-05T13:03:48.025+0000] {logging_mixin.py:149} INFO - [2023-07-05T13:03:48.025+0000] {dag.py:2726} INFO - Sync 1 DAGs
[2023-07-05T13:03:48.072+0000] {logging_mixin.py:149} INFO - [2023-07-05T13:03:48.072+0000] {dag.py:3490} INFO - Setting next_dagrun for example_task_group_decorator to 2023-07-04T13:03:48.072345+00:00, run_after=2023-07-05T13:03:48.072345+00:00
[2023-07-05T13:03:48.109+0000] {processor.py:179} INFO - Processing /home/airflow/.local/lib/python3.7/site-packages/airflow/example_dags/example_task_group_decorator.py took 0.154 seconds
[2023-07-05T13:04:18.309+0000] {processor.py:157} INFO - Started process (PID=1656) to work on /home/airflow/.local/lib/python3.7/site-packages/airflow/example_dags/example_task_group_decorator.py
[2023-07-05T13:04:18.311+0000] {processor.py:826} INFO - Processing file /home/airflow/.local/lib/python3.7/site-packages/airflow/example_dags/example_task_group_decorator.py for tasks to queue
[2023-07-05T13:04:18.312+0000] {logging_mixin.py:149} INFO - [2023-07-05T13:04:18.312+0000] {dagbag.py:541} INFO - Filling up the DagBag from /home/airflow/.local/lib/python3.7/site-packages/airflow/example_dags/example_task_group_decorator.py
[2023-07-05T13:04:18.331+0000] {processor.py:836} INFO - DAG(s) dict_keys(['example_task_group_decorator']) retrieved from /home/airflow/.local/lib/python3.7/site-packages/airflow/example_dags/example_task_group_decorator.py
[2023-07-05T13:04:18.377+0000] {logging_mixin.py:149} INFO - [2023-07-05T13:04:18.377+0000] {dag.py:2726} INFO - Sync 1 DAGs
[2023-07-05T13:04:18.422+0000] {logging_mixin.py:149} INFO - [2023-07-05T13:04:18.422+0000] {dag.py:3490} INFO - Setting next_dagrun for example_task_group_decorator to 2023-07-04T13:04:18.421799+00:00, run_after=2023-07-05T13:04:18.421799+00:00
[2023-07-05T13:04:18.451+0000] {processor.py:179} INFO - Processing /home/airflow/.local/lib/python3.7/site-packages/airflow/example_dags/example_task_group_decorator.py took 0.145 seconds
[2023-07-05T13:04:48.580+0000] {processor.py:157} INFO - Started process (PID=1713) to work on /home/airflow/.local/lib/python3.7/site-packages/airflow/example_dags/example_task_group_decorator.py
[2023-07-05T13:04:48.581+0000] {processor.py:826} INFO - Processing file /home/airflow/.local/lib/python3.7/site-packages/airflow/example_dags/example_task_group_decorator.py for tasks to queue
[2023-07-05T13:04:48.582+0000] {logging_mixin.py:149} INFO - [2023-07-05T13:04:48.581+0000] {dagbag.py:541} INFO - Filling up the DagBag from /home/airflow/.local/lib/python3.7/site-packages/airflow/example_dags/example_task_group_decorator.py
[2023-07-05T13:04:48.600+0000] {processor.py:836} INFO - DAG(s) dict_keys(['example_task_group_decorator']) retrieved from /home/airflow/.local/lib/python3.7/site-packages/airflow/example_dags/example_task_group_decorator.py
[2023-07-05T13:04:48.638+0000] {logging_mixin.py:149} INFO - [2023-07-05T13:04:48.637+0000] {dag.py:2726} INFO - Sync 1 DAGs
[2023-07-05T13:04:48.673+0000] {logging_mixin.py:149} INFO - [2023-07-05T13:04:48.672+0000] {dag.py:3490} INFO - Setting next_dagrun for example_task_group_decorator to 2023-07-04T13:04:48.672448+00:00, run_after=2023-07-05T13:04:48.672448+00:00
[2023-07-05T13:04:48.698+0000] {processor.py:179} INFO - Processing /home/airflow/.local/lib/python3.7/site-packages/airflow/example_dags/example_task_group_decorator.py took 0.122 seconds
[2023-07-05T13:05:18.801+0000] {processor.py:157} INFO - Started process (PID=1771) to work on /home/airflow/.local/lib/python3.7/site-packages/airflow/example_dags/example_task_group_decorator.py
[2023-07-05T13:05:18.803+0000] {processor.py:826} INFO - Processing file /home/airflow/.local/lib/python3.7/site-packages/airflow/example_dags/example_task_group_decorator.py for tasks to queue
[2023-07-05T13:05:18.803+0000] {logging_mixin.py:149} INFO - [2023-07-05T13:05:18.803+0000] {dagbag.py:541} INFO - Filling up the DagBag from /home/airflow/.local/lib/python3.7/site-packages/airflow/example_dags/example_task_group_decorator.py
[2023-07-05T13:05:18.824+0000] {processor.py:836} INFO - DAG(s) dict_keys(['example_task_group_decorator']) retrieved from /home/airflow/.local/lib/python3.7/site-packages/airflow/example_dags/example_task_group_decorator.py
[2023-07-05T13:05:18.871+0000] {logging_mixin.py:149} INFO - [2023-07-05T13:05:18.871+0000] {dag.py:2726} INFO - Sync 1 DAGs
[2023-07-05T13:05:18.916+0000] {logging_mixin.py:149} INFO - [2023-07-05T13:05:18.915+0000] {dag.py:3490} INFO - Setting next_dagrun for example_task_group_decorator to 2023-07-04T13:05:18.915467+00:00, run_after=2023-07-05T13:05:18.915467+00:00
[2023-07-05T13:05:18.967+0000] {processor.py:179} INFO - Processing /home/airflow/.local/lib/python3.7/site-packages/airflow/example_dags/example_task_group_decorator.py took 0.169 seconds
[2023-07-05T13:05:49.267+0000] {processor.py:157} INFO - Started process (PID=1828) to work on /home/airflow/.local/lib/python3.7/site-packages/airflow/example_dags/example_task_group_decorator.py
[2023-07-05T13:05:49.268+0000] {processor.py:826} INFO - Processing file /home/airflow/.local/lib/python3.7/site-packages/airflow/example_dags/example_task_group_decorator.py for tasks to queue
[2023-07-05T13:05:49.269+0000] {logging_mixin.py:149} INFO - [2023-07-05T13:05:49.269+0000] {dagbag.py:541} INFO - Filling up the DagBag from /home/airflow/.local/lib/python3.7/site-packages/airflow/example_dags/example_task_group_decorator.py
[2023-07-05T13:05:49.289+0000] {processor.py:836} INFO - DAG(s) dict_keys(['example_task_group_decorator']) retrieved from /home/airflow/.local/lib/python3.7/site-packages/airflow/example_dags/example_task_group_decorator.py
[2023-07-05T13:05:49.339+0000] {logging_mixin.py:149} INFO - [2023-07-05T13:05:49.338+0000] {dag.py:2726} INFO - Sync 1 DAGs
[2023-07-05T13:05:49.385+0000] {logging_mixin.py:149} INFO - [2023-07-05T13:05:49.384+0000] {dag.py:3490} INFO - Setting next_dagrun for example_task_group_decorator to 2023-07-04T13:05:49.384527+00:00, run_after=2023-07-05T13:05:49.384527+00:00
[2023-07-05T13:05:49.418+0000] {processor.py:179} INFO - Processing /home/airflow/.local/lib/python3.7/site-packages/airflow/example_dags/example_task_group_decorator.py took 0.155 seconds
[2023-07-05T13:06:19.692+0000] {processor.py:157} INFO - Started process (PID=1885) to work on /home/airflow/.local/lib/python3.7/site-packages/airflow/example_dags/example_task_group_decorator.py
[2023-07-05T13:06:19.693+0000] {processor.py:826} INFO - Processing file /home/airflow/.local/lib/python3.7/site-packages/airflow/example_dags/example_task_group_decorator.py for tasks to queue
[2023-07-05T13:06:19.694+0000] {logging_mixin.py:149} INFO - [2023-07-05T13:06:19.694+0000] {dagbag.py:541} INFO - Filling up the DagBag from /home/airflow/.local/lib/python3.7/site-packages/airflow/example_dags/example_task_group_decorator.py
[2023-07-05T13:06:19.711+0000] {processor.py:836} INFO - DAG(s) dict_keys(['example_task_group_decorator']) retrieved from /home/airflow/.local/lib/python3.7/site-packages/airflow/example_dags/example_task_group_decorator.py
[2023-07-05T13:06:19.753+0000] {logging_mixin.py:149} INFO - [2023-07-05T13:06:19.753+0000] {dag.py:2726} INFO - Sync 1 DAGs
[2023-07-05T13:06:19.789+0000] {logging_mixin.py:149} INFO - [2023-07-05T13:06:19.789+0000] {dag.py:3490} INFO - Setting next_dagrun for example_task_group_decorator to 2023-07-04T13:06:19.788935+00:00, run_after=2023-07-05T13:06:19.788935+00:00
[2023-07-05T13:06:19.819+0000] {processor.py:179} INFO - Processing /home/airflow/.local/lib/python3.7/site-packages/airflow/example_dags/example_task_group_decorator.py took 0.132 seconds
[2023-07-05T13:06:50.095+0000] {processor.py:157} INFO - Started process (PID=1942) to work on /home/airflow/.local/lib/python3.7/site-packages/airflow/example_dags/example_task_group_decorator.py
[2023-07-05T13:06:50.096+0000] {processor.py:826} INFO - Processing file /home/airflow/.local/lib/python3.7/site-packages/airflow/example_dags/example_task_group_decorator.py for tasks to queue
[2023-07-05T13:06:50.097+0000] {logging_mixin.py:149} INFO - [2023-07-05T13:06:50.097+0000] {dagbag.py:541} INFO - Filling up the DagBag from /home/airflow/.local/lib/python3.7/site-packages/airflow/example_dags/example_task_group_decorator.py
[2023-07-05T13:06:50.116+0000] {processor.py:836} INFO - DAG(s) dict_keys(['example_task_group_decorator']) retrieved from /home/airflow/.local/lib/python3.7/site-packages/airflow/example_dags/example_task_group_decorator.py
[2023-07-05T13:06:50.162+0000] {logging_mixin.py:149} INFO - [2023-07-05T13:06:50.162+0000] {dag.py:2726} INFO - Sync 1 DAGs
[2023-07-05T13:06:50.218+0000] {logging_mixin.py:149} INFO - [2023-07-05T13:06:50.218+0000] {dag.py:3490} INFO - Setting next_dagrun for example_task_group_decorator to 2023-07-04T13:06:50.217775+00:00, run_after=2023-07-05T13:06:50.217775+00:00
[2023-07-05T13:06:50.253+0000] {processor.py:179} INFO - Processing /home/airflow/.local/lib/python3.7/site-packages/airflow/example_dags/example_task_group_decorator.py took 0.162 seconds
[2023-07-05T13:07:20.486+0000] {processor.py:157} INFO - Started process (PID=1999) to work on /home/airflow/.local/lib/python3.7/site-packages/airflow/example_dags/example_task_group_decorator.py
[2023-07-05T13:07:20.487+0000] {processor.py:826} INFO - Processing file /home/airflow/.local/lib/python3.7/site-packages/airflow/example_dags/example_task_group_decorator.py for tasks to queue
[2023-07-05T13:07:20.488+0000] {logging_mixin.py:149} INFO - [2023-07-05T13:07:20.488+0000] {dagbag.py:541} INFO - Filling up the DagBag from /home/airflow/.local/lib/python3.7/site-packages/airflow/example_dags/example_task_group_decorator.py
[2023-07-05T13:07:20.505+0000] {processor.py:836} INFO - DAG(s) dict_keys(['example_task_group_decorator']) retrieved from /home/airflow/.local/lib/python3.7/site-packages/airflow/example_dags/example_task_group_decorator.py
[2023-07-05T13:07:20.552+0000] {logging_mixin.py:149} INFO - [2023-07-05T13:07:20.551+0000] {dag.py:2726} INFO - Sync 1 DAGs
[2023-07-05T13:07:20.590+0000] {logging_mixin.py:149} INFO - [2023-07-05T13:07:20.590+0000] {dag.py:3490} INFO - Setting next_dagrun for example_task_group_decorator to 2023-07-04T13:07:20.589663+00:00, run_after=2023-07-05T13:07:20.589663+00:00
[2023-07-05T13:07:20.613+0000] {processor.py:179} INFO - Processing /home/airflow/.local/lib/python3.7/site-packages/airflow/example_dags/example_task_group_decorator.py took 0.130 seconds
[2023-07-05T13:07:50.746+0000] {processor.py:157} INFO - Started process (PID=2055) to work on /home/airflow/.local/lib/python3.7/site-packages/airflow/example_dags/example_task_group_decorator.py
[2023-07-05T13:07:50.748+0000] {processor.py:826} INFO - Processing file /home/airflow/.local/lib/python3.7/site-packages/airflow/example_dags/example_task_group_decorator.py for tasks to queue
[2023-07-05T13:07:50.749+0000] {logging_mixin.py:149} INFO - [2023-07-05T13:07:50.748+0000] {dagbag.py:541} INFO - Filling up the DagBag from /home/airflow/.local/lib/python3.7/site-packages/airflow/example_dags/example_task_group_decorator.py
[2023-07-05T13:07:50.767+0000] {processor.py:836} INFO - DAG(s) dict_keys(['example_task_group_decorator']) retrieved from /home/airflow/.local/lib/python3.7/site-packages/airflow/example_dags/example_task_group_decorator.py
[2023-07-05T13:07:50.807+0000] {logging_mixin.py:149} INFO - [2023-07-05T13:07:50.807+0000] {dag.py:2726} INFO - Sync 1 DAGs
[2023-07-05T13:07:50.850+0000] {logging_mixin.py:149} INFO - [2023-07-05T13:07:50.850+0000] {dag.py:3490} INFO - Setting next_dagrun for example_task_group_decorator to 2023-07-04T13:07:50.850118+00:00, run_after=2023-07-05T13:07:50.850118+00:00
[2023-07-05T13:07:50.881+0000] {processor.py:179} INFO - Processing /home/airflow/.local/lib/python3.7/site-packages/airflow/example_dags/example_task_group_decorator.py took 0.139 seconds
[2023-07-05T13:08:21.031+0000] {processor.py:157} INFO - Started process (PID=2112) to work on /home/airflow/.local/lib/python3.7/site-packages/airflow/example_dags/example_task_group_decorator.py
[2023-07-05T13:08:21.033+0000] {processor.py:826} INFO - Processing file /home/airflow/.local/lib/python3.7/site-packages/airflow/example_dags/example_task_group_decorator.py for tasks to queue
[2023-07-05T13:08:21.033+0000] {logging_mixin.py:149} INFO - [2023-07-05T13:08:21.033+0000] {dagbag.py:541} INFO - Filling up the DagBag from /home/airflow/.local/lib/python3.7/site-packages/airflow/example_dags/example_task_group_decorator.py
[2023-07-05T13:08:21.050+0000] {processor.py:836} INFO - DAG(s) dict_keys(['example_task_group_decorator']) retrieved from /home/airflow/.local/lib/python3.7/site-packages/airflow/example_dags/example_task_group_decorator.py
[2023-07-05T13:08:21.095+0000] {logging_mixin.py:149} INFO - [2023-07-05T13:08:21.094+0000] {dag.py:2726} INFO - Sync 1 DAGs
[2023-07-05T13:08:21.137+0000] {logging_mixin.py:149} INFO - [2023-07-05T13:08:21.137+0000] {dag.py:3490} INFO - Setting next_dagrun for example_task_group_decorator to 2023-07-04T13:08:21.135288+00:00, run_after=2023-07-05T13:08:21.135288+00:00
[2023-07-05T13:08:21.163+0000] {processor.py:179} INFO - Processing /home/airflow/.local/lib/python3.7/site-packages/airflow/example_dags/example_task_group_decorator.py took 0.135 seconds
[2023-07-05T13:08:51.629+0000] {processor.py:157} INFO - Started process (PID=2169) to work on /home/airflow/.local/lib/python3.7/site-packages/airflow/example_dags/example_task_group_decorator.py
[2023-07-05T13:08:51.630+0000] {processor.py:826} INFO - Processing file /home/airflow/.local/lib/python3.7/site-packages/airflow/example_dags/example_task_group_decorator.py for tasks to queue
[2023-07-05T13:08:51.631+0000] {logging_mixin.py:149} INFO - [2023-07-05T13:08:51.630+0000] {dagbag.py:541} INFO - Filling up the DagBag from /home/airflow/.local/lib/python3.7/site-packages/airflow/example_dags/example_task_group_decorator.py
[2023-07-05T13:08:51.651+0000] {processor.py:836} INFO - DAG(s) dict_keys(['example_task_group_decorator']) retrieved from /home/airflow/.local/lib/python3.7/site-packages/airflow/example_dags/example_task_group_decorator.py
[2023-07-05T13:08:51.696+0000] {logging_mixin.py:149} INFO - [2023-07-05T13:08:51.696+0000] {dag.py:2726} INFO - Sync 1 DAGs
[2023-07-05T13:08:51.735+0000] {logging_mixin.py:149} INFO - [2023-07-05T13:08:51.735+0000] {dag.py:3490} INFO - Setting next_dagrun for example_task_group_decorator to 2023-07-04T13:08:51.735155+00:00, run_after=2023-07-05T13:08:51.735155+00:00
[2023-07-05T13:08:51.763+0000] {processor.py:179} INFO - Processing /home/airflow/.local/lib/python3.7/site-packages/airflow/example_dags/example_task_group_decorator.py took 0.139 seconds
[2023-07-05T13:09:22.081+0000] {processor.py:157} INFO - Started process (PID=2226) to work on /home/airflow/.local/lib/python3.7/site-packages/airflow/example_dags/example_task_group_decorator.py
[2023-07-05T13:09:22.083+0000] {processor.py:826} INFO - Processing file /home/airflow/.local/lib/python3.7/site-packages/airflow/example_dags/example_task_group_decorator.py for tasks to queue
[2023-07-05T13:09:22.084+0000] {logging_mixin.py:149} INFO - [2023-07-05T13:09:22.084+0000] {dagbag.py:541} INFO - Filling up the DagBag from /home/airflow/.local/lib/python3.7/site-packages/airflow/example_dags/example_task_group_decorator.py
[2023-07-05T13:09:22.105+0000] {processor.py:836} INFO - DAG(s) dict_keys(['example_task_group_decorator']) retrieved from /home/airflow/.local/lib/python3.7/site-packages/airflow/example_dags/example_task_group_decorator.py
[2023-07-05T13:09:22.150+0000] {logging_mixin.py:149} INFO - [2023-07-05T13:09:22.150+0000] {dag.py:2726} INFO - Sync 1 DAGs
[2023-07-05T13:09:22.190+0000] {logging_mixin.py:149} INFO - [2023-07-05T13:09:22.190+0000] {dag.py:3490} INFO - Setting next_dagrun for example_task_group_decorator to 2023-07-04T13:09:22.189800+00:00, run_after=2023-07-05T13:09:22.189800+00:00
[2023-07-05T13:09:22.222+0000] {processor.py:179} INFO - Processing /home/airflow/.local/lib/python3.7/site-packages/airflow/example_dags/example_task_group_decorator.py took 0.145 seconds
[2023-07-05T13:09:52.537+0000] {processor.py:157} INFO - Started process (PID=2283) to work on /home/airflow/.local/lib/python3.7/site-packages/airflow/example_dags/example_task_group_decorator.py
[2023-07-05T13:09:52.538+0000] {processor.py:826} INFO - Processing file /home/airflow/.local/lib/python3.7/site-packages/airflow/example_dags/example_task_group_decorator.py for tasks to queue
[2023-07-05T13:09:52.539+0000] {logging_mixin.py:149} INFO - [2023-07-05T13:09:52.538+0000] {dagbag.py:541} INFO - Filling up the DagBag from /home/airflow/.local/lib/python3.7/site-packages/airflow/example_dags/example_task_group_decorator.py
[2023-07-05T13:09:52.560+0000] {processor.py:836} INFO - DAG(s) dict_keys(['example_task_group_decorator']) retrieved from /home/airflow/.local/lib/python3.7/site-packages/airflow/example_dags/example_task_group_decorator.py
[2023-07-05T13:09:52.621+0000] {logging_mixin.py:149} INFO - [2023-07-05T13:09:52.620+0000] {dag.py:2726} INFO - Sync 1 DAGs
[2023-07-05T13:09:52.667+0000] {logging_mixin.py:149} INFO - [2023-07-05T13:09:52.666+0000] {dag.py:3490} INFO - Setting next_dagrun for example_task_group_decorator to 2023-07-04T13:09:52.666304+00:00, run_after=2023-07-05T13:09:52.666304+00:00
[2023-07-05T13:09:52.705+0000] {processor.py:179} INFO - Processing /home/airflow/.local/lib/python3.7/site-packages/airflow/example_dags/example_task_group_decorator.py took 0.173 seconds
[2023-07-05T13:10:22.914+0000] {processor.py:157} INFO - Started process (PID=2340) to work on /home/airflow/.local/lib/python3.7/site-packages/airflow/example_dags/example_task_group_decorator.py
[2023-07-05T13:10:22.915+0000] {processor.py:826} INFO - Processing file /home/airflow/.local/lib/python3.7/site-packages/airflow/example_dags/example_task_group_decorator.py for tasks to queue
[2023-07-05T13:10:22.916+0000] {logging_mixin.py:149} INFO - [2023-07-05T13:10:22.916+0000] {dagbag.py:541} INFO - Filling up the DagBag from /home/airflow/.local/lib/python3.7/site-packages/airflow/example_dags/example_task_group_decorator.py
[2023-07-05T13:10:22.933+0000] {processor.py:836} INFO - DAG(s) dict_keys(['example_task_group_decorator']) retrieved from /home/airflow/.local/lib/python3.7/site-packages/airflow/example_dags/example_task_group_decorator.py
[2023-07-05T13:10:22.968+0000] {logging_mixin.py:149} INFO - [2023-07-05T13:10:22.968+0000] {dag.py:2726} INFO - Sync 1 DAGs
[2023-07-05T13:10:23.021+0000] {logging_mixin.py:149} INFO - [2023-07-05T13:10:23.020+0000] {dag.py:3490} INFO - Setting next_dagrun for example_task_group_decorator to 2023-07-04T13:10:23.018110+00:00, run_after=2023-07-05T13:10:23.018110+00:00
[2023-07-05T13:10:23.062+0000] {processor.py:179} INFO - Processing /home/airflow/.local/lib/python3.7/site-packages/airflow/example_dags/example_task_group_decorator.py took 0.152 seconds
[2023-07-05T13:10:53.306+0000] {processor.py:157} INFO - Started process (PID=2397) to work on /home/airflow/.local/lib/python3.7/site-packages/airflow/example_dags/example_task_group_decorator.py
[2023-07-05T13:10:53.307+0000] {processor.py:826} INFO - Processing file /home/airflow/.local/lib/python3.7/site-packages/airflow/example_dags/example_task_group_decorator.py for tasks to queue
[2023-07-05T13:10:53.308+0000] {logging_mixin.py:149} INFO - [2023-07-05T13:10:53.307+0000] {dagbag.py:541} INFO - Filling up the DagBag from /home/airflow/.local/lib/python3.7/site-packages/airflow/example_dags/example_task_group_decorator.py
[2023-07-05T13:10:53.323+0000] {processor.py:836} INFO - DAG(s) dict_keys(['example_task_group_decorator']) retrieved from /home/airflow/.local/lib/python3.7/site-packages/airflow/example_dags/example_task_group_decorator.py
[2023-07-05T13:10:53.362+0000] {logging_mixin.py:149} INFO - [2023-07-05T13:10:53.362+0000] {dag.py:2726} INFO - Sync 1 DAGs
[2023-07-05T13:10:53.394+0000] {logging_mixin.py:149} INFO - [2023-07-05T13:10:53.394+0000] {dag.py:3490} INFO - Setting next_dagrun for example_task_group_decorator to 2023-07-04T13:10:53.394132+00:00, run_after=2023-07-05T13:10:53.394132+00:00
[2023-07-05T13:10:53.421+0000] {processor.py:179} INFO - Processing /home/airflow/.local/lib/python3.7/site-packages/airflow/example_dags/example_task_group_decorator.py took 0.118 seconds
[2023-07-05T13:11:23.715+0000] {processor.py:157} INFO - Started process (PID=2454) to work on /home/airflow/.local/lib/python3.7/site-packages/airflow/example_dags/example_task_group_decorator.py
[2023-07-05T13:11:23.717+0000] {processor.py:826} INFO - Processing file /home/airflow/.local/lib/python3.7/site-packages/airflow/example_dags/example_task_group_decorator.py for tasks to queue
[2023-07-05T13:11:23.718+0000] {logging_mixin.py:149} INFO - [2023-07-05T13:11:23.718+0000] {dagbag.py:541} INFO - Filling up the DagBag from /home/airflow/.local/lib/python3.7/site-packages/airflow/example_dags/example_task_group_decorator.py
[2023-07-05T13:11:23.737+0000] {processor.py:836} INFO - DAG(s) dict_keys(['example_task_group_decorator']) retrieved from /home/airflow/.local/lib/python3.7/site-packages/airflow/example_dags/example_task_group_decorator.py
[2023-07-05T13:11:23.780+0000] {logging_mixin.py:149} INFO - [2023-07-05T13:11:23.779+0000] {dag.py:2726} INFO - Sync 1 DAGs
[2023-07-05T13:11:23.816+0000] {logging_mixin.py:149} INFO - [2023-07-05T13:11:23.816+0000] {dag.py:3490} INFO - Setting next_dagrun for example_task_group_decorator to 2023-07-04T13:11:23.816153+00:00, run_after=2023-07-05T13:11:23.816153+00:00
[2023-07-05T13:11:23.854+0000] {processor.py:179} INFO - Processing /home/airflow/.local/lib/python3.7/site-packages/airflow/example_dags/example_task_group_decorator.py took 0.144 seconds
[2023-07-05T13:11:54.048+0000] {processor.py:157} INFO - Started process (PID=2511) to work on /home/airflow/.local/lib/python3.7/site-packages/airflow/example_dags/example_task_group_decorator.py
[2023-07-05T13:11:54.049+0000] {processor.py:826} INFO - Processing file /home/airflow/.local/lib/python3.7/site-packages/airflow/example_dags/example_task_group_decorator.py for tasks to queue
[2023-07-05T13:11:54.049+0000] {logging_mixin.py:149} INFO - [2023-07-05T13:11:54.049+0000] {dagbag.py:541} INFO - Filling up the DagBag from /home/airflow/.local/lib/python3.7/site-packages/airflow/example_dags/example_task_group_decorator.py
[2023-07-05T13:11:54.067+0000] {processor.py:836} INFO - DAG(s) dict_keys(['example_task_group_decorator']) retrieved from /home/airflow/.local/lib/python3.7/site-packages/airflow/example_dags/example_task_group_decorator.py
[2023-07-05T13:11:54.105+0000] {logging_mixin.py:149} INFO - [2023-07-05T13:11:54.105+0000] {dag.py:2726} INFO - Sync 1 DAGs
[2023-07-05T13:11:54.146+0000] {logging_mixin.py:149} INFO - [2023-07-05T13:11:54.146+0000] {dag.py:3490} INFO - Setting next_dagrun for example_task_group_decorator to 2023-07-04T13:11:54.145928+00:00, run_after=2023-07-05T13:11:54.145928+00:00
[2023-07-05T13:11:54.204+0000] {processor.py:179} INFO - Processing /home/airflow/.local/lib/python3.7/site-packages/airflow/example_dags/example_task_group_decorator.py took 0.160 seconds
[2023-07-05T13:12:24.797+0000] {processor.py:157} INFO - Started process (PID=2568) to work on /home/airflow/.local/lib/python3.7/site-packages/airflow/example_dags/example_task_group_decorator.py
[2023-07-05T13:12:24.798+0000] {processor.py:826} INFO - Processing file /home/airflow/.local/lib/python3.7/site-packages/airflow/example_dags/example_task_group_decorator.py for tasks to queue
[2023-07-05T13:12:24.799+0000] {logging_mixin.py:149} INFO - [2023-07-05T13:12:24.799+0000] {dagbag.py:541} INFO - Filling up the DagBag from /home/airflow/.local/lib/python3.7/site-packages/airflow/example_dags/example_task_group_decorator.py
[2023-07-05T13:12:24.819+0000] {processor.py:836} INFO - DAG(s) dict_keys(['example_task_group_decorator']) retrieved from /home/airflow/.local/lib/python3.7/site-packages/airflow/example_dags/example_task_group_decorator.py
[2023-07-05T13:12:24.884+0000] {logging_mixin.py:149} INFO - [2023-07-05T13:12:24.883+0000] {dag.py:2726} INFO - Sync 1 DAGs
[2023-07-05T13:12:24.958+0000] {logging_mixin.py:149} INFO - [2023-07-05T13:12:24.957+0000] {dag.py:3490} INFO - Setting next_dagrun for example_task_group_decorator to 2023-07-04T13:12:24.955793+00:00, run_after=2023-07-05T13:12:24.955793+00:00
[2023-07-05T13:12:24.990+0000] {processor.py:179} INFO - Processing /home/airflow/.local/lib/python3.7/site-packages/airflow/example_dags/example_task_group_decorator.py took 0.197 seconds
[2023-07-05T13:12:55.087+0000] {processor.py:157} INFO - Started process (PID=2625) to work on /home/airflow/.local/lib/python3.7/site-packages/airflow/example_dags/example_task_group_decorator.py
[2023-07-05T13:12:55.088+0000] {processor.py:826} INFO - Processing file /home/airflow/.local/lib/python3.7/site-packages/airflow/example_dags/example_task_group_decorator.py for tasks to queue
[2023-07-05T13:12:55.089+0000] {logging_mixin.py:149} INFO - [2023-07-05T13:12:55.088+0000] {dagbag.py:541} INFO - Filling up the DagBag from /home/airflow/.local/lib/python3.7/site-packages/airflow/example_dags/example_task_group_decorator.py
[2023-07-05T13:12:55.114+0000] {processor.py:836} INFO - DAG(s) dict_keys(['example_task_group_decorator']) retrieved from /home/airflow/.local/lib/python3.7/site-packages/airflow/example_dags/example_task_group_decorator.py
[2023-07-05T13:12:55.162+0000] {logging_mixin.py:149} INFO - [2023-07-05T13:12:55.162+0000] {dag.py:2726} INFO - Sync 1 DAGs
[2023-07-05T13:12:55.205+0000] {logging_mixin.py:149} INFO - [2023-07-05T13:12:55.204+0000] {dag.py:3490} INFO - Setting next_dagrun for example_task_group_decorator to 2023-07-04T13:12:55.204442+00:00, run_after=2023-07-05T13:12:55.204442+00:00
[2023-07-05T13:12:55.235+0000] {processor.py:179} INFO - Processing /home/airflow/.local/lib/python3.7/site-packages/airflow/example_dags/example_task_group_decorator.py took 0.153 seconds
[2023-07-05T13:13:25.461+0000] {processor.py:157} INFO - Started process (PID=2682) to work on /home/airflow/.local/lib/python3.7/site-packages/airflow/example_dags/example_task_group_decorator.py
[2023-07-05T13:13:25.464+0000] {processor.py:826} INFO - Processing file /home/airflow/.local/lib/python3.7/site-packages/airflow/example_dags/example_task_group_decorator.py for tasks to queue
[2023-07-05T13:13:25.467+0000] {logging_mixin.py:149} INFO - [2023-07-05T13:13:25.466+0000] {dagbag.py:541} INFO - Filling up the DagBag from /home/airflow/.local/lib/python3.7/site-packages/airflow/example_dags/example_task_group_decorator.py
[2023-07-05T13:13:25.500+0000] {processor.py:836} INFO - DAG(s) dict_keys(['example_task_group_decorator']) retrieved from /home/airflow/.local/lib/python3.7/site-packages/airflow/example_dags/example_task_group_decorator.py
[2023-07-05T13:13:25.545+0000] {logging_mixin.py:149} INFO - [2023-07-05T13:13:25.545+0000] {dag.py:2726} INFO - Sync 1 DAGs
[2023-07-05T13:13:25.587+0000] {logging_mixin.py:149} INFO - [2023-07-05T13:13:25.587+0000] {dag.py:3490} INFO - Setting next_dagrun for example_task_group_decorator to 2023-07-04T13:13:25.586944+00:00, run_after=2023-07-05T13:13:25.586944+00:00
[2023-07-05T13:13:25.621+0000] {processor.py:179} INFO - Processing /home/airflow/.local/lib/python3.7/site-packages/airflow/example_dags/example_task_group_decorator.py took 0.165 seconds
[2023-07-05T13:13:55.692+0000] {processor.py:157} INFO - Started process (PID=2740) to work on /home/airflow/.local/lib/python3.7/site-packages/airflow/example_dags/example_task_group_decorator.py
[2023-07-05T13:13:55.694+0000] {processor.py:826} INFO - Processing file /home/airflow/.local/lib/python3.7/site-packages/airflow/example_dags/example_task_group_decorator.py for tasks to queue
[2023-07-05T13:13:55.694+0000] {logging_mixin.py:149} INFO - [2023-07-05T13:13:55.694+0000] {dagbag.py:541} INFO - Filling up the DagBag from /home/airflow/.local/lib/python3.7/site-packages/airflow/example_dags/example_task_group_decorator.py
[2023-07-05T13:13:55.711+0000] {processor.py:836} INFO - DAG(s) dict_keys(['example_task_group_decorator']) retrieved from /home/airflow/.local/lib/python3.7/site-packages/airflow/example_dags/example_task_group_decorator.py
[2023-07-05T13:13:55.749+0000] {logging_mixin.py:149} INFO - [2023-07-05T13:13:55.749+0000] {dag.py:2726} INFO - Sync 1 DAGs
[2023-07-05T13:13:55.782+0000] {logging_mixin.py:149} INFO - [2023-07-05T13:13:55.782+0000] {dag.py:3490} INFO - Setting next_dagrun for example_task_group_decorator to 2023-07-04T13:13:55.782066+00:00, run_after=2023-07-05T13:13:55.782066+00:00
[2023-07-05T13:13:55.814+0000] {processor.py:179} INFO - Processing /home/airflow/.local/lib/python3.7/site-packages/airflow/example_dags/example_task_group_decorator.py took 0.125 seconds
[2023-07-05T13:14:26.142+0000] {processor.py:157} INFO - Started process (PID=2797) to work on /home/airflow/.local/lib/python3.7/site-packages/airflow/example_dags/example_task_group_decorator.py
[2023-07-05T13:14:26.143+0000] {processor.py:826} INFO - Processing file /home/airflow/.local/lib/python3.7/site-packages/airflow/example_dags/example_task_group_decorator.py for tasks to queue
[2023-07-05T13:14:26.145+0000] {logging_mixin.py:149} INFO - [2023-07-05T13:14:26.144+0000] {dagbag.py:541} INFO - Filling up the DagBag from /home/airflow/.local/lib/python3.7/site-packages/airflow/example_dags/example_task_group_decorator.py
[2023-07-05T13:14:26.163+0000] {processor.py:836} INFO - DAG(s) dict_keys(['example_task_group_decorator']) retrieved from /home/airflow/.local/lib/python3.7/site-packages/airflow/example_dags/example_task_group_decorator.py
[2023-07-05T13:14:26.211+0000] {logging_mixin.py:149} INFO - [2023-07-05T13:14:26.211+0000] {dag.py:2726} INFO - Sync 1 DAGs
[2023-07-05T13:14:26.254+0000] {logging_mixin.py:149} INFO - [2023-07-05T13:14:26.254+0000] {dag.py:3490} INFO - Setting next_dagrun for example_task_group_decorator to 2023-07-04T13:14:26.253702+00:00, run_after=2023-07-05T13:14:26.253702+00:00
[2023-07-05T13:14:26.297+0000] {processor.py:179} INFO - Processing /home/airflow/.local/lib/python3.7/site-packages/airflow/example_dags/example_task_group_decorator.py took 0.159 seconds
[2023-07-05T13:14:56.384+0000] {processor.py:157} INFO - Started process (PID=2853) to work on /home/airflow/.local/lib/python3.7/site-packages/airflow/example_dags/example_task_group_decorator.py
[2023-07-05T13:14:56.386+0000] {processor.py:826} INFO - Processing file /home/airflow/.local/lib/python3.7/site-packages/airflow/example_dags/example_task_group_decorator.py for tasks to queue
[2023-07-05T13:14:56.387+0000] {logging_mixin.py:149} INFO - [2023-07-05T13:14:56.387+0000] {dagbag.py:541} INFO - Filling up the DagBag from /home/airflow/.local/lib/python3.7/site-packages/airflow/example_dags/example_task_group_decorator.py
[2023-07-05T13:14:56.407+0000] {processor.py:836} INFO - DAG(s) dict_keys(['example_task_group_decorator']) retrieved from /home/airflow/.local/lib/python3.7/site-packages/airflow/example_dags/example_task_group_decorator.py
[2023-07-05T13:14:56.452+0000] {logging_mixin.py:149} INFO - [2023-07-05T13:14:56.452+0000] {dag.py:2726} INFO - Sync 1 DAGs
[2023-07-05T13:14:56.499+0000] {logging_mixin.py:149} INFO - [2023-07-05T13:14:56.499+0000] {dag.py:3490} INFO - Setting next_dagrun for example_task_group_decorator to 2023-07-04T13:14:56.499035+00:00, run_after=2023-07-05T13:14:56.499035+00:00
[2023-07-05T13:14:56.533+0000] {processor.py:179} INFO - Processing /home/airflow/.local/lib/python3.7/site-packages/airflow/example_dags/example_task_group_decorator.py took 0.154 seconds
[2023-07-05T13:15:26.832+0000] {processor.py:157} INFO - Started process (PID=2910) to work on /home/airflow/.local/lib/python3.7/site-packages/airflow/example_dags/example_task_group_decorator.py
[2023-07-05T13:15:26.833+0000] {processor.py:826} INFO - Processing file /home/airflow/.local/lib/python3.7/site-packages/airflow/example_dags/example_task_group_decorator.py for tasks to queue
[2023-07-05T13:15:26.833+0000] {logging_mixin.py:149} INFO - [2023-07-05T13:15:26.833+0000] {dagbag.py:541} INFO - Filling up the DagBag from /home/airflow/.local/lib/python3.7/site-packages/airflow/example_dags/example_task_group_decorator.py
[2023-07-05T13:15:26.851+0000] {processor.py:836} INFO - DAG(s) dict_keys(['example_task_group_decorator']) retrieved from /home/airflow/.local/lib/python3.7/site-packages/airflow/example_dags/example_task_group_decorator.py
[2023-07-05T13:15:26.891+0000] {logging_mixin.py:149} INFO - [2023-07-05T13:15:26.891+0000] {dag.py:2726} INFO - Sync 1 DAGs
[2023-07-05T13:15:26.928+0000] {logging_mixin.py:149} INFO - [2023-07-05T13:15:26.927+0000] {dag.py:3490} INFO - Setting next_dagrun for example_task_group_decorator to 2023-07-04T13:15:26.927573+00:00, run_after=2023-07-05T13:15:26.927573+00:00
[2023-07-05T13:15:26.965+0000] {processor.py:179} INFO - Processing /home/airflow/.local/lib/python3.7/site-packages/airflow/example_dags/example_task_group_decorator.py took 0.136 seconds
[2023-07-05T13:15:57.081+0000] {processor.py:157} INFO - Started process (PID=2967) to work on /home/airflow/.local/lib/python3.7/site-packages/airflow/example_dags/example_task_group_decorator.py
[2023-07-05T13:15:57.083+0000] {processor.py:826} INFO - Processing file /home/airflow/.local/lib/python3.7/site-packages/airflow/example_dags/example_task_group_decorator.py for tasks to queue
[2023-07-05T13:15:57.084+0000] {logging_mixin.py:149} INFO - [2023-07-05T13:15:57.084+0000] {dagbag.py:541} INFO - Filling up the DagBag from /home/airflow/.local/lib/python3.7/site-packages/airflow/example_dags/example_task_group_decorator.py
[2023-07-05T13:15:57.106+0000] {processor.py:836} INFO - DAG(s) dict_keys(['example_task_group_decorator']) retrieved from /home/airflow/.local/lib/python3.7/site-packages/airflow/example_dags/example_task_group_decorator.py
[2023-07-05T13:15:57.184+0000] {logging_mixin.py:149} INFO - [2023-07-05T13:15:57.184+0000] {dag.py:2726} INFO - Sync 1 DAGs
[2023-07-05T13:15:57.232+0000] {logging_mixin.py:149} INFO - [2023-07-05T13:15:57.232+0000] {dag.py:3490} INFO - Setting next_dagrun for example_task_group_decorator to 2023-07-04T13:15:57.228851+00:00, run_after=2023-07-05T13:15:57.228851+00:00
[2023-07-05T13:15:57.274+0000] {processor.py:179} INFO - Processing /home/airflow/.local/lib/python3.7/site-packages/airflow/example_dags/example_task_group_decorator.py took 0.198 seconds
[2023-07-05T13:16:27.498+0000] {processor.py:157} INFO - Started process (PID=3024) to work on /home/airflow/.local/lib/python3.7/site-packages/airflow/example_dags/example_task_group_decorator.py
[2023-07-05T13:16:27.499+0000] {processor.py:826} INFO - Processing file /home/airflow/.local/lib/python3.7/site-packages/airflow/example_dags/example_task_group_decorator.py for tasks to queue
[2023-07-05T13:16:27.500+0000] {logging_mixin.py:149} INFO - [2023-07-05T13:16:27.500+0000] {dagbag.py:541} INFO - Filling up the DagBag from /home/airflow/.local/lib/python3.7/site-packages/airflow/example_dags/example_task_group_decorator.py
[2023-07-05T13:16:27.516+0000] {processor.py:836} INFO - DAG(s) dict_keys(['example_task_group_decorator']) retrieved from /home/airflow/.local/lib/python3.7/site-packages/airflow/example_dags/example_task_group_decorator.py
[2023-07-05T13:16:27.560+0000] {logging_mixin.py:149} INFO - [2023-07-05T13:16:27.560+0000] {dag.py:2726} INFO - Sync 1 DAGs
[2023-07-05T13:16:27.604+0000] {logging_mixin.py:149} INFO - [2023-07-05T13:16:27.604+0000] {dag.py:3490} INFO - Setting next_dagrun for example_task_group_decorator to 2023-07-04T13:16:27.603558+00:00, run_after=2023-07-05T13:16:27.603558+00:00
[2023-07-05T13:16:27.635+0000] {processor.py:179} INFO - Processing /home/airflow/.local/lib/python3.7/site-packages/airflow/example_dags/example_task_group_decorator.py took 0.141 seconds
[2023-07-05T13:16:57.971+0000] {processor.py:157} INFO - Started process (PID=3080) to work on /home/airflow/.local/lib/python3.7/site-packages/airflow/example_dags/example_task_group_decorator.py
[2023-07-05T13:16:57.972+0000] {processor.py:826} INFO - Processing file /home/airflow/.local/lib/python3.7/site-packages/airflow/example_dags/example_task_group_decorator.py for tasks to queue
[2023-07-05T13:16:57.973+0000] {logging_mixin.py:149} INFO - [2023-07-05T13:16:57.973+0000] {dagbag.py:541} INFO - Filling up the DagBag from /home/airflow/.local/lib/python3.7/site-packages/airflow/example_dags/example_task_group_decorator.py
[2023-07-05T13:16:57.990+0000] {processor.py:836} INFO - DAG(s) dict_keys(['example_task_group_decorator']) retrieved from /home/airflow/.local/lib/python3.7/site-packages/airflow/example_dags/example_task_group_decorator.py
[2023-07-05T13:16:58.030+0000] {logging_mixin.py:149} INFO - [2023-07-05T13:16:58.030+0000] {dag.py:2726} INFO - Sync 1 DAGs
[2023-07-05T13:16:58.072+0000] {logging_mixin.py:149} INFO - [2023-07-05T13:16:58.071+0000] {dag.py:3490} INFO - Setting next_dagrun for example_task_group_decorator to 2023-07-04T13:16:58.071556+00:00, run_after=2023-07-05T13:16:58.071556+00:00
[2023-07-05T13:16:58.106+0000] {processor.py:179} INFO - Processing /home/airflow/.local/lib/python3.7/site-packages/airflow/example_dags/example_task_group_decorator.py took 0.140 seconds
[2023-07-05T13:17:28.530+0000] {processor.py:157} INFO - Started process (PID=3137) to work on /home/airflow/.local/lib/python3.7/site-packages/airflow/example_dags/example_task_group_decorator.py
[2023-07-05T13:17:28.531+0000] {processor.py:826} INFO - Processing file /home/airflow/.local/lib/python3.7/site-packages/airflow/example_dags/example_task_group_decorator.py for tasks to queue
[2023-07-05T13:17:28.532+0000] {logging_mixin.py:149} INFO - [2023-07-05T13:17:28.531+0000] {dagbag.py:541} INFO - Filling up the DagBag from /home/airflow/.local/lib/python3.7/site-packages/airflow/example_dags/example_task_group_decorator.py
[2023-07-05T13:17:28.548+0000] {processor.py:836} INFO - DAG(s) dict_keys(['example_task_group_decorator']) retrieved from /home/airflow/.local/lib/python3.7/site-packages/airflow/example_dags/example_task_group_decorator.py
[2023-07-05T13:17:28.587+0000] {logging_mixin.py:149} INFO - [2023-07-05T13:17:28.586+0000] {dag.py:2726} INFO - Sync 1 DAGs
[2023-07-05T13:17:28.621+0000] {logging_mixin.py:149} INFO - [2023-07-05T13:17:28.621+0000] {dag.py:3490} INFO - Setting next_dagrun for example_task_group_decorator to 2023-07-04T13:17:28.620996+00:00, run_after=2023-07-05T13:17:28.620996+00:00
[2023-07-05T13:17:28.653+0000] {processor.py:179} INFO - Processing /home/airflow/.local/lib/python3.7/site-packages/airflow/example_dags/example_task_group_decorator.py took 0.127 seconds
[2023-07-05T13:17:59.296+0000] {processor.py:157} INFO - Started process (PID=3189) to work on /home/airflow/.local/lib/python3.7/site-packages/airflow/example_dags/example_task_group_decorator.py
[2023-07-05T13:17:59.298+0000] {processor.py:826} INFO - Processing file /home/airflow/.local/lib/python3.7/site-packages/airflow/example_dags/example_task_group_decorator.py for tasks to queue
[2023-07-05T13:17:59.299+0000] {logging_mixin.py:149} INFO - [2023-07-05T13:17:59.299+0000] {dagbag.py:541} INFO - Filling up the DagBag from /home/airflow/.local/lib/python3.7/site-packages/airflow/example_dags/example_task_group_decorator.py
[2023-07-05T13:17:59.317+0000] {processor.py:836} INFO - DAG(s) dict_keys(['example_task_group_decorator']) retrieved from /home/airflow/.local/lib/python3.7/site-packages/airflow/example_dags/example_task_group_decorator.py
[2023-07-05T13:17:59.358+0000] {logging_mixin.py:149} INFO - [2023-07-05T13:17:59.358+0000] {dag.py:2726} INFO - Sync 1 DAGs
[2023-07-05T13:17:59.396+0000] {logging_mixin.py:149} INFO - [2023-07-05T13:17:59.396+0000] {dag.py:3490} INFO - Setting next_dagrun for example_task_group_decorator to 2023-07-04T13:17:59.396058+00:00, run_after=2023-07-05T13:17:59.396058+00:00
[2023-07-05T13:17:59.423+0000] {processor.py:179} INFO - Processing /home/airflow/.local/lib/python3.7/site-packages/airflow/example_dags/example_task_group_decorator.py took 0.130 seconds
