[2023-07-05T12:49:56.657+0000] {processor.py:157} INFO - Started process (PID=51) to work on /home/airflow/.local/lib/python3.7/site-packages/airflow/example_dags/example_skip_dag.py
[2023-07-05T12:49:56.662+0000] {processor.py:826} INFO - Processing file /home/airflow/.local/lib/python3.7/site-packages/airflow/example_dags/example_skip_dag.py for tasks to queue
[2023-07-05T12:49:56.665+0000] {logging_mixin.py:149} INFO - [2023-07-05T12:49:56.665+0000] {dagbag.py:541} INFO - Filling up the DagBag from /home/airflow/.local/lib/python3.7/site-packages/airflow/example_dags/example_skip_dag.py
[2023-07-05T12:49:56.732+0000] {processor.py:836} INFO - DAG(s) dict_keys(['example_skip_dag']) retrieved from /home/airflow/.local/lib/python3.7/site-packages/airflow/example_dags/example_skip_dag.py
[2023-07-05T12:49:56.817+0000] {logging_mixin.py:149} INFO - [2023-07-05T12:49:56.817+0000] {dag.py:2726} INFO - Sync 1 DAGs
[2023-07-05T12:49:56.916+0000] {logging_mixin.py:149} INFO - [2023-07-05T12:49:56.916+0000] {dag.py:3490} INFO - Setting next_dagrun for example_skip_dag to 2023-07-04T12:49:56.915147+00:00, run_after=2023-07-05T12:49:56.915147+00:00
[2023-07-05T12:49:56.975+0000] {processor.py:179} INFO - Processing /home/airflow/.local/lib/python3.7/site-packages/airflow/example_dags/example_skip_dag.py took 0.343 seconds
[2023-07-05T12:50:31.500+0000] {processor.py:157} INFO - Started process (PID=108) to work on /home/airflow/.local/lib/python3.7/site-packages/airflow/example_dags/example_skip_dag.py
[2023-07-05T12:50:31.502+0000] {processor.py:826} INFO - Processing file /home/airflow/.local/lib/python3.7/site-packages/airflow/example_dags/example_skip_dag.py for tasks to queue
[2023-07-05T12:50:31.503+0000] {logging_mixin.py:149} INFO - [2023-07-05T12:50:31.503+0000] {dagbag.py:541} INFO - Filling up the DagBag from /home/airflow/.local/lib/python3.7/site-packages/airflow/example_dags/example_skip_dag.py
[2023-07-05T12:50:31.511+0000] {processor.py:836} INFO - DAG(s) dict_keys(['example_skip_dag']) retrieved from /home/airflow/.local/lib/python3.7/site-packages/airflow/example_dags/example_skip_dag.py
[2023-07-05T12:50:31.547+0000] {logging_mixin.py:149} INFO - [2023-07-05T12:50:31.547+0000] {dag.py:2726} INFO - Sync 1 DAGs
[2023-07-05T12:50:31.588+0000] {logging_mixin.py:149} INFO - [2023-07-05T12:50:31.588+0000] {dag.py:3490} INFO - Setting next_dagrun for example_skip_dag to 2023-07-04T12:50:31.587767+00:00, run_after=2023-07-05T12:50:31.587767+00:00
[2023-07-05T12:50:31.645+0000] {processor.py:179} INFO - Processing /home/airflow/.local/lib/python3.7/site-packages/airflow/example_dags/example_skip_dag.py took 0.149 seconds
[2023-07-05T12:51:01.851+0000] {processor.py:157} INFO - Started process (PID=165) to work on /home/airflow/.local/lib/python3.7/site-packages/airflow/example_dags/example_skip_dag.py
[2023-07-05T12:51:01.853+0000] {processor.py:826} INFO - Processing file /home/airflow/.local/lib/python3.7/site-packages/airflow/example_dags/example_skip_dag.py for tasks to queue
[2023-07-05T12:51:01.854+0000] {logging_mixin.py:149} INFO - [2023-07-05T12:51:01.854+0000] {dagbag.py:541} INFO - Filling up the DagBag from /home/airflow/.local/lib/python3.7/site-packages/airflow/example_dags/example_skip_dag.py
[2023-07-05T12:51:01.862+0000] {processor.py:836} INFO - DAG(s) dict_keys(['example_skip_dag']) retrieved from /home/airflow/.local/lib/python3.7/site-packages/airflow/example_dags/example_skip_dag.py
[2023-07-05T12:51:01.904+0000] {logging_mixin.py:149} INFO - [2023-07-05T12:51:01.904+0000] {dag.py:2726} INFO - Sync 1 DAGs
[2023-07-05T12:51:01.954+0000] {logging_mixin.py:149} INFO - [2023-07-05T12:51:01.954+0000] {dag.py:3490} INFO - Setting next_dagrun for example_skip_dag to 2023-07-04T12:51:01.954281+00:00, run_after=2023-07-05T12:51:01.954281+00:00
[2023-07-05T12:51:01.985+0000] {processor.py:179} INFO - Processing /home/airflow/.local/lib/python3.7/site-packages/airflow/example_dags/example_skip_dag.py took 0.138 seconds
[2023-07-05T12:51:32.590+0000] {processor.py:157} INFO - Started process (PID=222) to work on /home/airflow/.local/lib/python3.7/site-packages/airflow/example_dags/example_skip_dag.py
[2023-07-05T12:51:32.591+0000] {processor.py:826} INFO - Processing file /home/airflow/.local/lib/python3.7/site-packages/airflow/example_dags/example_skip_dag.py for tasks to queue
[2023-07-05T12:51:32.592+0000] {logging_mixin.py:149} INFO - [2023-07-05T12:51:32.592+0000] {dagbag.py:541} INFO - Filling up the DagBag from /home/airflow/.local/lib/python3.7/site-packages/airflow/example_dags/example_skip_dag.py
[2023-07-05T12:51:32.602+0000] {processor.py:836} INFO - DAG(s) dict_keys(['example_skip_dag']) retrieved from /home/airflow/.local/lib/python3.7/site-packages/airflow/example_dags/example_skip_dag.py
[2023-07-05T12:51:32.637+0000] {logging_mixin.py:149} INFO - [2023-07-05T12:51:32.636+0000] {dag.py:2726} INFO - Sync 1 DAGs
[2023-07-05T12:51:32.673+0000] {logging_mixin.py:149} INFO - [2023-07-05T12:51:32.673+0000] {dag.py:3490} INFO - Setting next_dagrun for example_skip_dag to 2023-07-04T12:51:32.672900+00:00, run_after=2023-07-05T12:51:32.672900+00:00
[2023-07-05T12:51:32.707+0000] {processor.py:179} INFO - Processing /home/airflow/.local/lib/python3.7/site-packages/airflow/example_dags/example_skip_dag.py took 0.121 seconds
[2023-07-05T12:52:03.760+0000] {processor.py:157} INFO - Started process (PID=279) to work on /home/airflow/.local/lib/python3.7/site-packages/airflow/example_dags/example_skip_dag.py
[2023-07-05T12:52:03.762+0000] {processor.py:826} INFO - Processing file /home/airflow/.local/lib/python3.7/site-packages/airflow/example_dags/example_skip_dag.py for tasks to queue
[2023-07-05T12:52:03.763+0000] {logging_mixin.py:149} INFO - [2023-07-05T12:52:03.763+0000] {dagbag.py:541} INFO - Filling up the DagBag from /home/airflow/.local/lib/python3.7/site-packages/airflow/example_dags/example_skip_dag.py
[2023-07-05T12:52:03.773+0000] {processor.py:836} INFO - DAG(s) dict_keys(['example_skip_dag']) retrieved from /home/airflow/.local/lib/python3.7/site-packages/airflow/example_dags/example_skip_dag.py
[2023-07-05T12:52:03.807+0000] {logging_mixin.py:149} INFO - [2023-07-05T12:52:03.806+0000] {dag.py:2726} INFO - Sync 1 DAGs
[2023-07-05T12:52:03.843+0000] {logging_mixin.py:149} INFO - [2023-07-05T12:52:03.842+0000] {dag.py:3490} INFO - Setting next_dagrun for example_skip_dag to 2023-07-04T12:52:03.842485+00:00, run_after=2023-07-05T12:52:03.842485+00:00
[2023-07-05T12:52:03.868+0000] {processor.py:179} INFO - Processing /home/airflow/.local/lib/python3.7/site-packages/airflow/example_dags/example_skip_dag.py took 0.114 seconds
[2023-07-05T12:52:35.265+0000] {processor.py:157} INFO - Started process (PID=336) to work on /home/airflow/.local/lib/python3.7/site-packages/airflow/example_dags/example_skip_dag.py
[2023-07-05T12:52:35.266+0000] {processor.py:826} INFO - Processing file /home/airflow/.local/lib/python3.7/site-packages/airflow/example_dags/example_skip_dag.py for tasks to queue
[2023-07-05T12:52:35.267+0000] {logging_mixin.py:149} INFO - [2023-07-05T12:52:35.267+0000] {dagbag.py:541} INFO - Filling up the DagBag from /home/airflow/.local/lib/python3.7/site-packages/airflow/example_dags/example_skip_dag.py
[2023-07-05T12:52:35.276+0000] {processor.py:836} INFO - DAG(s) dict_keys(['example_skip_dag']) retrieved from /home/airflow/.local/lib/python3.7/site-packages/airflow/example_dags/example_skip_dag.py
[2023-07-05T12:52:35.307+0000] {logging_mixin.py:149} INFO - [2023-07-05T12:52:35.307+0000] {dag.py:2726} INFO - Sync 1 DAGs
[2023-07-05T12:52:35.342+0000] {logging_mixin.py:149} INFO - [2023-07-05T12:52:35.341+0000] {dag.py:3490} INFO - Setting next_dagrun for example_skip_dag to 2023-07-04T12:52:35.341724+00:00, run_after=2023-07-05T12:52:35.341724+00:00
[2023-07-05T12:52:35.527+0000] {processor.py:179} INFO - Processing /home/airflow/.local/lib/python3.7/site-packages/airflow/example_dags/example_skip_dag.py took 0.266 seconds
[2023-07-05T12:53:05.609+0000] {processor.py:157} INFO - Started process (PID=393) to work on /home/airflow/.local/lib/python3.7/site-packages/airflow/example_dags/example_skip_dag.py
[2023-07-05T12:53:05.610+0000] {processor.py:826} INFO - Processing file /home/airflow/.local/lib/python3.7/site-packages/airflow/example_dags/example_skip_dag.py for tasks to queue
[2023-07-05T12:53:05.611+0000] {logging_mixin.py:149} INFO - [2023-07-05T12:53:05.611+0000] {dagbag.py:541} INFO - Filling up the DagBag from /home/airflow/.local/lib/python3.7/site-packages/airflow/example_dags/example_skip_dag.py
[2023-07-05T12:53:05.621+0000] {processor.py:836} INFO - DAG(s) dict_keys(['example_skip_dag']) retrieved from /home/airflow/.local/lib/python3.7/site-packages/airflow/example_dags/example_skip_dag.py
[2023-07-05T12:53:05.653+0000] {logging_mixin.py:149} INFO - [2023-07-05T12:53:05.652+0000] {dag.py:2726} INFO - Sync 1 DAGs
[2023-07-05T12:53:05.691+0000] {logging_mixin.py:149} INFO - [2023-07-05T12:53:05.691+0000] {dag.py:3490} INFO - Setting next_dagrun for example_skip_dag to 2023-07-04T12:53:05.691246+00:00, run_after=2023-07-05T12:53:05.691246+00:00
[2023-07-05T12:53:05.720+0000] {processor.py:179} INFO - Processing /home/airflow/.local/lib/python3.7/site-packages/airflow/example_dags/example_skip_dag.py took 0.115 seconds
[2023-07-05T12:53:36.534+0000] {processor.py:157} INFO - Started process (PID=450) to work on /home/airflow/.local/lib/python3.7/site-packages/airflow/example_dags/example_skip_dag.py
[2023-07-05T12:53:36.535+0000] {processor.py:826} INFO - Processing file /home/airflow/.local/lib/python3.7/site-packages/airflow/example_dags/example_skip_dag.py for tasks to queue
[2023-07-05T12:53:36.536+0000] {logging_mixin.py:149} INFO - [2023-07-05T12:53:36.536+0000] {dagbag.py:541} INFO - Filling up the DagBag from /home/airflow/.local/lib/python3.7/site-packages/airflow/example_dags/example_skip_dag.py
[2023-07-05T12:53:36.546+0000] {processor.py:836} INFO - DAG(s) dict_keys(['example_skip_dag']) retrieved from /home/airflow/.local/lib/python3.7/site-packages/airflow/example_dags/example_skip_dag.py
[2023-07-05T12:53:36.579+0000] {logging_mixin.py:149} INFO - [2023-07-05T12:53:36.579+0000] {dag.py:2726} INFO - Sync 1 DAGs
[2023-07-05T12:53:36.757+0000] {logging_mixin.py:149} INFO - [2023-07-05T12:53:36.756+0000] {dag.py:3490} INFO - Setting next_dagrun for example_skip_dag to 2023-07-04T12:53:36.756380+00:00, run_after=2023-07-05T12:53:36.756380+00:00
[2023-07-05T12:53:36.784+0000] {processor.py:179} INFO - Processing /home/airflow/.local/lib/python3.7/site-packages/airflow/example_dags/example_skip_dag.py took 0.254 seconds
[2023-07-05T12:54:07.283+0000] {processor.py:157} INFO - Started process (PID=507) to work on /home/airflow/.local/lib/python3.7/site-packages/airflow/example_dags/example_skip_dag.py
[2023-07-05T12:54:07.285+0000] {processor.py:826} INFO - Processing file /home/airflow/.local/lib/python3.7/site-packages/airflow/example_dags/example_skip_dag.py for tasks to queue
[2023-07-05T12:54:07.286+0000] {logging_mixin.py:149} INFO - [2023-07-05T12:54:07.286+0000] {dagbag.py:541} INFO - Filling up the DagBag from /home/airflow/.local/lib/python3.7/site-packages/airflow/example_dags/example_skip_dag.py
[2023-07-05T12:54:07.296+0000] {processor.py:836} INFO - DAG(s) dict_keys(['example_skip_dag']) retrieved from /home/airflow/.local/lib/python3.7/site-packages/airflow/example_dags/example_skip_dag.py
[2023-07-05T12:54:07.326+0000] {logging_mixin.py:149} INFO - [2023-07-05T12:54:07.326+0000] {dag.py:2726} INFO - Sync 1 DAGs
[2023-07-05T12:54:07.360+0000] {logging_mixin.py:149} INFO - [2023-07-05T12:54:07.360+0000] {dag.py:3490} INFO - Setting next_dagrun for example_skip_dag to 2023-07-04T12:54:07.359792+00:00, run_after=2023-07-05T12:54:07.359792+00:00
[2023-07-05T12:54:07.552+0000] {processor.py:179} INFO - Processing /home/airflow/.local/lib/python3.7/site-packages/airflow/example_dags/example_skip_dag.py took 0.274 seconds
[2023-07-05T12:54:38.128+0000] {processor.py:157} INFO - Started process (PID=564) to work on /home/airflow/.local/lib/python3.7/site-packages/airflow/example_dags/example_skip_dag.py
[2023-07-05T12:54:38.129+0000] {processor.py:826} INFO - Processing file /home/airflow/.local/lib/python3.7/site-packages/airflow/example_dags/example_skip_dag.py for tasks to queue
[2023-07-05T12:54:38.130+0000] {logging_mixin.py:149} INFO - [2023-07-05T12:54:38.129+0000] {dagbag.py:541} INFO - Filling up the DagBag from /home/airflow/.local/lib/python3.7/site-packages/airflow/example_dags/example_skip_dag.py
[2023-07-05T12:54:38.141+0000] {processor.py:836} INFO - DAG(s) dict_keys(['example_skip_dag']) retrieved from /home/airflow/.local/lib/python3.7/site-packages/airflow/example_dags/example_skip_dag.py
[2023-07-05T12:54:38.179+0000] {logging_mixin.py:149} INFO - [2023-07-05T12:54:38.179+0000] {dag.py:2726} INFO - Sync 1 DAGs
[2023-07-05T12:54:38.218+0000] {logging_mixin.py:149} INFO - [2023-07-05T12:54:38.218+0000] {dag.py:3490} INFO - Setting next_dagrun for example_skip_dag to 2023-07-04T12:54:38.218066+00:00, run_after=2023-07-05T12:54:38.218066+00:00
[2023-07-05T12:54:38.251+0000] {processor.py:179} INFO - Processing /home/airflow/.local/lib/python3.7/site-packages/airflow/example_dags/example_skip_dag.py took 0.127 seconds
[2023-07-05T12:55:08.482+0000] {processor.py:157} INFO - Started process (PID=621) to work on /home/airflow/.local/lib/python3.7/site-packages/airflow/example_dags/example_skip_dag.py
[2023-07-05T12:55:08.484+0000] {processor.py:826} INFO - Processing file /home/airflow/.local/lib/python3.7/site-packages/airflow/example_dags/example_skip_dag.py for tasks to queue
[2023-07-05T12:55:08.484+0000] {logging_mixin.py:149} INFO - [2023-07-05T12:55:08.484+0000] {dagbag.py:541} INFO - Filling up the DagBag from /home/airflow/.local/lib/python3.7/site-packages/airflow/example_dags/example_skip_dag.py
[2023-07-05T12:55:08.492+0000] {processor.py:836} INFO - DAG(s) dict_keys(['example_skip_dag']) retrieved from /home/airflow/.local/lib/python3.7/site-packages/airflow/example_dags/example_skip_dag.py
[2023-07-05T12:55:08.526+0000] {logging_mixin.py:149} INFO - [2023-07-05T12:55:08.526+0000] {dag.py:2726} INFO - Sync 1 DAGs
[2023-07-05T12:55:08.686+0000] {logging_mixin.py:149} INFO - [2023-07-05T12:55:08.686+0000] {dag.py:3490} INFO - Setting next_dagrun for example_skip_dag to 2023-07-04T12:55:08.686339+00:00, run_after=2023-07-05T12:55:08.686339+00:00
[2023-07-05T12:55:08.714+0000] {processor.py:179} INFO - Processing /home/airflow/.local/lib/python3.7/site-packages/airflow/example_dags/example_skip_dag.py took 0.235 seconds
[2023-07-05T12:55:39.446+0000] {processor.py:157} INFO - Started process (PID=678) to work on /home/airflow/.local/lib/python3.7/site-packages/airflow/example_dags/example_skip_dag.py
[2023-07-05T12:55:39.447+0000] {processor.py:826} INFO - Processing file /home/airflow/.local/lib/python3.7/site-packages/airflow/example_dags/example_skip_dag.py for tasks to queue
[2023-07-05T12:55:39.448+0000] {logging_mixin.py:149} INFO - [2023-07-05T12:55:39.448+0000] {dagbag.py:541} INFO - Filling up the DagBag from /home/airflow/.local/lib/python3.7/site-packages/airflow/example_dags/example_skip_dag.py
[2023-07-05T12:55:39.459+0000] {processor.py:836} INFO - DAG(s) dict_keys(['example_skip_dag']) retrieved from /home/airflow/.local/lib/python3.7/site-packages/airflow/example_dags/example_skip_dag.py
[2023-07-05T12:55:39.494+0000] {logging_mixin.py:149} INFO - [2023-07-05T12:55:39.494+0000] {dag.py:2726} INFO - Sync 1 DAGs
[2023-07-05T12:55:39.530+0000] {logging_mixin.py:149} INFO - [2023-07-05T12:55:39.530+0000] {dag.py:3490} INFO - Setting next_dagrun for example_skip_dag to 2023-07-04T12:55:39.529816+00:00, run_after=2023-07-05T12:55:39.529816+00:00
[2023-07-05T12:55:39.706+0000] {processor.py:179} INFO - Processing /home/airflow/.local/lib/python3.7/site-packages/airflow/example_dags/example_skip_dag.py took 0.265 seconds
[2023-07-05T12:56:10.342+0000] {processor.py:157} INFO - Started process (PID=735) to work on /home/airflow/.local/lib/python3.7/site-packages/airflow/example_dags/example_skip_dag.py
[2023-07-05T12:56:10.344+0000] {processor.py:826} INFO - Processing file /home/airflow/.local/lib/python3.7/site-packages/airflow/example_dags/example_skip_dag.py for tasks to queue
[2023-07-05T12:56:10.344+0000] {logging_mixin.py:149} INFO - [2023-07-05T12:56:10.344+0000] {dagbag.py:541} INFO - Filling up the DagBag from /home/airflow/.local/lib/python3.7/site-packages/airflow/example_dags/example_skip_dag.py
[2023-07-05T12:56:10.353+0000] {processor.py:836} INFO - DAG(s) dict_keys(['example_skip_dag']) retrieved from /home/airflow/.local/lib/python3.7/site-packages/airflow/example_dags/example_skip_dag.py
[2023-07-05T12:56:10.546+0000] {logging_mixin.py:149} INFO - [2023-07-05T12:56:10.546+0000] {dag.py:2726} INFO - Sync 1 DAGs
[2023-07-05T12:56:10.579+0000] {logging_mixin.py:149} INFO - [2023-07-05T12:56:10.579+0000] {dag.py:3490} INFO - Setting next_dagrun for example_skip_dag to 2023-07-04T12:56:10.579198+00:00, run_after=2023-07-05T12:56:10.579198+00:00
[2023-07-05T12:56:10.602+0000] {processor.py:179} INFO - Processing /home/airflow/.local/lib/python3.7/site-packages/airflow/example_dags/example_skip_dag.py took 0.263 seconds
[2023-07-05T12:56:41.570+0000] {processor.py:157} INFO - Started process (PID=791) to work on /home/airflow/.local/lib/python3.7/site-packages/airflow/example_dags/example_skip_dag.py
[2023-07-05T12:56:41.571+0000] {processor.py:826} INFO - Processing file /home/airflow/.local/lib/python3.7/site-packages/airflow/example_dags/example_skip_dag.py for tasks to queue
[2023-07-05T12:56:41.572+0000] {logging_mixin.py:149} INFO - [2023-07-05T12:56:41.572+0000] {dagbag.py:541} INFO - Filling up the DagBag from /home/airflow/.local/lib/python3.7/site-packages/airflow/example_dags/example_skip_dag.py
[2023-07-05T12:56:41.581+0000] {processor.py:836} INFO - DAG(s) dict_keys(['example_skip_dag']) retrieved from /home/airflow/.local/lib/python3.7/site-packages/airflow/example_dags/example_skip_dag.py
[2023-07-05T12:56:41.614+0000] {logging_mixin.py:149} INFO - [2023-07-05T12:56:41.614+0000] {dag.py:2726} INFO - Sync 1 DAGs
[2023-07-05T12:56:41.647+0000] {logging_mixin.py:149} INFO - [2023-07-05T12:56:41.647+0000] {dag.py:3490} INFO - Setting next_dagrun for example_skip_dag to 2023-07-04T12:56:41.646936+00:00, run_after=2023-07-05T12:56:41.646936+00:00
[2023-07-05T12:56:41.671+0000] {processor.py:179} INFO - Processing /home/airflow/.local/lib/python3.7/site-packages/airflow/example_dags/example_skip_dag.py took 0.105 seconds
[2023-07-05T12:57:11.741+0000] {processor.py:157} INFO - Started process (PID=847) to work on /home/airflow/.local/lib/python3.7/site-packages/airflow/example_dags/example_skip_dag.py
[2023-07-05T12:57:11.742+0000] {processor.py:826} INFO - Processing file /home/airflow/.local/lib/python3.7/site-packages/airflow/example_dags/example_skip_dag.py for tasks to queue
[2023-07-05T12:57:11.743+0000] {logging_mixin.py:149} INFO - [2023-07-05T12:57:11.743+0000] {dagbag.py:541} INFO - Filling up the DagBag from /home/airflow/.local/lib/python3.7/site-packages/airflow/example_dags/example_skip_dag.py
[2023-07-05T12:57:11.752+0000] {processor.py:836} INFO - DAG(s) dict_keys(['example_skip_dag']) retrieved from /home/airflow/.local/lib/python3.7/site-packages/airflow/example_dags/example_skip_dag.py
[2023-07-05T12:57:11.791+0000] {logging_mixin.py:149} INFO - [2023-07-05T12:57:11.791+0000] {dag.py:2726} INFO - Sync 1 DAGs
[2023-07-05T12:57:11.827+0000] {logging_mixin.py:149} INFO - [2023-07-05T12:57:11.826+0000] {dag.py:3490} INFO - Setting next_dagrun for example_skip_dag to 2023-07-04T12:57:11.826478+00:00, run_after=2023-07-05T12:57:11.826478+00:00
[2023-07-05T12:57:11.855+0000] {processor.py:179} INFO - Processing /home/airflow/.local/lib/python3.7/site-packages/airflow/example_dags/example_skip_dag.py took 0.118 seconds
[2023-07-05T12:57:42.080+0000] {processor.py:157} INFO - Started process (PID=904) to work on /home/airflow/.local/lib/python3.7/site-packages/airflow/example_dags/example_skip_dag.py
[2023-07-05T12:57:42.082+0000] {processor.py:826} INFO - Processing file /home/airflow/.local/lib/python3.7/site-packages/airflow/example_dags/example_skip_dag.py for tasks to queue
[2023-07-05T12:57:42.083+0000] {logging_mixin.py:149} INFO - [2023-07-05T12:57:42.083+0000] {dagbag.py:541} INFO - Filling up the DagBag from /home/airflow/.local/lib/python3.7/site-packages/airflow/example_dags/example_skip_dag.py
[2023-07-05T12:57:42.093+0000] {processor.py:836} INFO - DAG(s) dict_keys(['example_skip_dag']) retrieved from /home/airflow/.local/lib/python3.7/site-packages/airflow/example_dags/example_skip_dag.py
[2023-07-05T12:57:42.129+0000] {logging_mixin.py:149} INFO - [2023-07-05T12:57:42.129+0000] {dag.py:2726} INFO - Sync 1 DAGs
[2023-07-05T12:57:42.171+0000] {logging_mixin.py:149} INFO - [2023-07-05T12:57:42.171+0000] {dag.py:3490} INFO - Setting next_dagrun for example_skip_dag to 2023-07-04T12:57:42.171160+00:00, run_after=2023-07-05T12:57:42.171160+00:00
[2023-07-05T12:57:42.208+0000] {processor.py:179} INFO - Processing /home/airflow/.local/lib/python3.7/site-packages/airflow/example_dags/example_skip_dag.py took 0.132 seconds
[2023-07-05T12:58:12.365+0000] {processor.py:157} INFO - Started process (PID=960) to work on /home/airflow/.local/lib/python3.7/site-packages/airflow/example_dags/example_skip_dag.py
[2023-07-05T12:58:12.366+0000] {processor.py:826} INFO - Processing file /home/airflow/.local/lib/python3.7/site-packages/airflow/example_dags/example_skip_dag.py for tasks to queue
[2023-07-05T12:58:12.367+0000] {logging_mixin.py:149} INFO - [2023-07-05T12:58:12.367+0000] {dagbag.py:541} INFO - Filling up the DagBag from /home/airflow/.local/lib/python3.7/site-packages/airflow/example_dags/example_skip_dag.py
[2023-07-05T12:58:12.375+0000] {processor.py:836} INFO - DAG(s) dict_keys(['example_skip_dag']) retrieved from /home/airflow/.local/lib/python3.7/site-packages/airflow/example_dags/example_skip_dag.py
[2023-07-05T12:58:12.404+0000] {logging_mixin.py:149} INFO - [2023-07-05T12:58:12.404+0000] {dag.py:2726} INFO - Sync 1 DAGs
[2023-07-05T12:58:12.442+0000] {logging_mixin.py:149} INFO - [2023-07-05T12:58:12.441+0000] {dag.py:3490} INFO - Setting next_dagrun for example_skip_dag to 2023-07-04T12:58:12.441485+00:00, run_after=2023-07-05T12:58:12.441485+00:00
[2023-07-05T12:58:12.472+0000] {processor.py:179} INFO - Processing /home/airflow/.local/lib/python3.7/site-packages/airflow/example_dags/example_skip_dag.py took 0.111 seconds
[2023-07-05T12:58:42.790+0000] {processor.py:157} INFO - Started process (PID=1017) to work on /home/airflow/.local/lib/python3.7/site-packages/airflow/example_dags/example_skip_dag.py
[2023-07-05T12:58:42.791+0000] {processor.py:826} INFO - Processing file /home/airflow/.local/lib/python3.7/site-packages/airflow/example_dags/example_skip_dag.py for tasks to queue
[2023-07-05T12:58:42.791+0000] {logging_mixin.py:149} INFO - [2023-07-05T12:58:42.791+0000] {dagbag.py:541} INFO - Filling up the DagBag from /home/airflow/.local/lib/python3.7/site-packages/airflow/example_dags/example_skip_dag.py
[2023-07-05T12:58:42.799+0000] {processor.py:836} INFO - DAG(s) dict_keys(['example_skip_dag']) retrieved from /home/airflow/.local/lib/python3.7/site-packages/airflow/example_dags/example_skip_dag.py
[2023-07-05T12:58:42.835+0000] {logging_mixin.py:149} INFO - [2023-07-05T12:58:42.835+0000] {dag.py:2726} INFO - Sync 1 DAGs
[2023-07-05T12:58:42.868+0000] {logging_mixin.py:149} INFO - [2023-07-05T12:58:42.868+0000] {dag.py:3490} INFO - Setting next_dagrun for example_skip_dag to 2023-07-04T12:58:42.867793+00:00, run_after=2023-07-05T12:58:42.867793+00:00
[2023-07-05T12:58:42.896+0000] {processor.py:179} INFO - Processing /home/airflow/.local/lib/python3.7/site-packages/airflow/example_dags/example_skip_dag.py took 0.109 seconds
[2023-07-05T12:59:13.212+0000] {processor.py:157} INFO - Started process (PID=1073) to work on /home/airflow/.local/lib/python3.7/site-packages/airflow/example_dags/example_skip_dag.py
[2023-07-05T12:59:13.214+0000] {processor.py:826} INFO - Processing file /home/airflow/.local/lib/python3.7/site-packages/airflow/example_dags/example_skip_dag.py for tasks to queue
[2023-07-05T12:59:13.217+0000] {logging_mixin.py:149} INFO - [2023-07-05T12:59:13.216+0000] {dagbag.py:541} INFO - Filling up the DagBag from /home/airflow/.local/lib/python3.7/site-packages/airflow/example_dags/example_skip_dag.py
[2023-07-05T12:59:13.228+0000] {processor.py:836} INFO - DAG(s) dict_keys(['example_skip_dag']) retrieved from /home/airflow/.local/lib/python3.7/site-packages/airflow/example_dags/example_skip_dag.py
[2023-07-05T12:59:13.260+0000] {logging_mixin.py:149} INFO - [2023-07-05T12:59:13.260+0000] {dag.py:2726} INFO - Sync 1 DAGs
[2023-07-05T12:59:13.296+0000] {logging_mixin.py:149} INFO - [2023-07-05T12:59:13.296+0000] {dag.py:3490} INFO - Setting next_dagrun for example_skip_dag to 2023-07-04T12:59:13.295703+00:00, run_after=2023-07-05T12:59:13.295703+00:00
[2023-07-05T12:59:13.321+0000] {processor.py:179} INFO - Processing /home/airflow/.local/lib/python3.7/site-packages/airflow/example_dags/example_skip_dag.py took 0.113 seconds
[2023-07-05T12:59:43.643+0000] {processor.py:157} INFO - Started process (PID=1130) to work on /home/airflow/.local/lib/python3.7/site-packages/airflow/example_dags/example_skip_dag.py
[2023-07-05T12:59:43.644+0000] {processor.py:826} INFO - Processing file /home/airflow/.local/lib/python3.7/site-packages/airflow/example_dags/example_skip_dag.py for tasks to queue
[2023-07-05T12:59:43.645+0000] {logging_mixin.py:149} INFO - [2023-07-05T12:59:43.645+0000] {dagbag.py:541} INFO - Filling up the DagBag from /home/airflow/.local/lib/python3.7/site-packages/airflow/example_dags/example_skip_dag.py
[2023-07-05T12:59:43.654+0000] {processor.py:836} INFO - DAG(s) dict_keys(['example_skip_dag']) retrieved from /home/airflow/.local/lib/python3.7/site-packages/airflow/example_dags/example_skip_dag.py
[2023-07-05T12:59:43.696+0000] {logging_mixin.py:149} INFO - [2023-07-05T12:59:43.696+0000] {dag.py:2726} INFO - Sync 1 DAGs
[2023-07-05T12:59:43.738+0000] {logging_mixin.py:149} INFO - [2023-07-05T12:59:43.738+0000] {dag.py:3490} INFO - Setting next_dagrun for example_skip_dag to 2023-07-04T12:59:43.737690+00:00, run_after=2023-07-05T12:59:43.737690+00:00
[2023-07-05T12:59:43.787+0000] {processor.py:179} INFO - Processing /home/airflow/.local/lib/python3.7/site-packages/airflow/example_dags/example_skip_dag.py took 0.147 seconds
[2023-07-05T13:00:14.246+0000] {processor.py:157} INFO - Started process (PID=1187) to work on /home/airflow/.local/lib/python3.7/site-packages/airflow/example_dags/example_skip_dag.py
[2023-07-05T13:00:14.248+0000] {processor.py:826} INFO - Processing file /home/airflow/.local/lib/python3.7/site-packages/airflow/example_dags/example_skip_dag.py for tasks to queue
[2023-07-05T13:00:14.250+0000] {logging_mixin.py:149} INFO - [2023-07-05T13:00:14.250+0000] {dagbag.py:541} INFO - Filling up the DagBag from /home/airflow/.local/lib/python3.7/site-packages/airflow/example_dags/example_skip_dag.py
[2023-07-05T13:00:14.262+0000] {processor.py:836} INFO - DAG(s) dict_keys(['example_skip_dag']) retrieved from /home/airflow/.local/lib/python3.7/site-packages/airflow/example_dags/example_skip_dag.py
[2023-07-05T13:00:14.324+0000] {logging_mixin.py:149} INFO - [2023-07-05T13:00:14.324+0000] {dag.py:2726} INFO - Sync 1 DAGs
[2023-07-05T13:00:14.380+0000] {logging_mixin.py:149} INFO - [2023-07-05T13:00:14.380+0000] {dag.py:3490} INFO - Setting next_dagrun for example_skip_dag to 2023-07-04T13:00:14.380043+00:00, run_after=2023-07-05T13:00:14.380043+00:00
[2023-07-05T13:00:14.413+0000] {processor.py:179} INFO - Processing /home/airflow/.local/lib/python3.7/site-packages/airflow/example_dags/example_skip_dag.py took 0.172 seconds
[2023-07-05T13:00:44.488+0000] {processor.py:157} INFO - Started process (PID=1244) to work on /home/airflow/.local/lib/python3.7/site-packages/airflow/example_dags/example_skip_dag.py
[2023-07-05T13:00:44.489+0000] {processor.py:826} INFO - Processing file /home/airflow/.local/lib/python3.7/site-packages/airflow/example_dags/example_skip_dag.py for tasks to queue
[2023-07-05T13:00:44.490+0000] {logging_mixin.py:149} INFO - [2023-07-05T13:00:44.490+0000] {dagbag.py:541} INFO - Filling up the DagBag from /home/airflow/.local/lib/python3.7/site-packages/airflow/example_dags/example_skip_dag.py
[2023-07-05T13:00:44.500+0000] {processor.py:836} INFO - DAG(s) dict_keys(['example_skip_dag']) retrieved from /home/airflow/.local/lib/python3.7/site-packages/airflow/example_dags/example_skip_dag.py
[2023-07-05T13:00:44.531+0000] {logging_mixin.py:149} INFO - [2023-07-05T13:00:44.531+0000] {dag.py:2726} INFO - Sync 1 DAGs
[2023-07-05T13:00:44.572+0000] {logging_mixin.py:149} INFO - [2023-07-05T13:00:44.571+0000] {dag.py:3490} INFO - Setting next_dagrun for example_skip_dag to 2023-07-04T13:00:44.571589+00:00, run_after=2023-07-05T13:00:44.571589+00:00
[2023-07-05T13:00:44.602+0000] {processor.py:179} INFO - Processing /home/airflow/.local/lib/python3.7/site-packages/airflow/example_dags/example_skip_dag.py took 0.119 seconds
[2023-07-05T13:01:14.725+0000] {processor.py:157} INFO - Started process (PID=1301) to work on /home/airflow/.local/lib/python3.7/site-packages/airflow/example_dags/example_skip_dag.py
[2023-07-05T13:01:14.726+0000] {processor.py:826} INFO - Processing file /home/airflow/.local/lib/python3.7/site-packages/airflow/example_dags/example_skip_dag.py for tasks to queue
[2023-07-05T13:01:14.727+0000] {logging_mixin.py:149} INFO - [2023-07-05T13:01:14.727+0000] {dagbag.py:541} INFO - Filling up the DagBag from /home/airflow/.local/lib/python3.7/site-packages/airflow/example_dags/example_skip_dag.py
[2023-07-05T13:01:14.735+0000] {processor.py:836} INFO - DAG(s) dict_keys(['example_skip_dag']) retrieved from /home/airflow/.local/lib/python3.7/site-packages/airflow/example_dags/example_skip_dag.py
[2023-07-05T13:01:14.771+0000] {logging_mixin.py:149} INFO - [2023-07-05T13:01:14.770+0000] {dag.py:2726} INFO - Sync 1 DAGs
[2023-07-05T13:01:14.805+0000] {logging_mixin.py:149} INFO - [2023-07-05T13:01:14.804+0000] {dag.py:3490} INFO - Setting next_dagrun for example_skip_dag to 2023-07-04T13:01:14.804654+00:00, run_after=2023-07-05T13:01:14.804654+00:00
[2023-07-05T13:01:14.831+0000] {processor.py:179} INFO - Processing /home/airflow/.local/lib/python3.7/site-packages/airflow/example_dags/example_skip_dag.py took 0.110 seconds
[2023-07-05T13:01:45.097+0000] {processor.py:157} INFO - Started process (PID=1359) to work on /home/airflow/.local/lib/python3.7/site-packages/airflow/example_dags/example_skip_dag.py
[2023-07-05T13:01:45.098+0000] {processor.py:826} INFO - Processing file /home/airflow/.local/lib/python3.7/site-packages/airflow/example_dags/example_skip_dag.py for tasks to queue
[2023-07-05T13:01:45.099+0000] {logging_mixin.py:149} INFO - [2023-07-05T13:01:45.099+0000] {dagbag.py:541} INFO - Filling up the DagBag from /home/airflow/.local/lib/python3.7/site-packages/airflow/example_dags/example_skip_dag.py
[2023-07-05T13:01:45.109+0000] {processor.py:836} INFO - DAG(s) dict_keys(['example_skip_dag']) retrieved from /home/airflow/.local/lib/python3.7/site-packages/airflow/example_dags/example_skip_dag.py
[2023-07-05T13:01:45.143+0000] {logging_mixin.py:149} INFO - [2023-07-05T13:01:45.143+0000] {dag.py:2726} INFO - Sync 1 DAGs
[2023-07-05T13:01:45.180+0000] {logging_mixin.py:149} INFO - [2023-07-05T13:01:45.180+0000] {dag.py:3490} INFO - Setting next_dagrun for example_skip_dag to 2023-07-04T13:01:45.180338+00:00, run_after=2023-07-05T13:01:45.180338+00:00
[2023-07-05T13:01:45.205+0000] {processor.py:179} INFO - Processing /home/airflow/.local/lib/python3.7/site-packages/airflow/example_dags/example_skip_dag.py took 0.112 seconds
[2023-07-05T13:02:15.522+0000] {processor.py:157} INFO - Started process (PID=1416) to work on /home/airflow/.local/lib/python3.7/site-packages/airflow/example_dags/example_skip_dag.py
[2023-07-05T13:02:15.523+0000] {processor.py:826} INFO - Processing file /home/airflow/.local/lib/python3.7/site-packages/airflow/example_dags/example_skip_dag.py for tasks to queue
[2023-07-05T13:02:15.524+0000] {logging_mixin.py:149} INFO - [2023-07-05T13:02:15.524+0000] {dagbag.py:541} INFO - Filling up the DagBag from /home/airflow/.local/lib/python3.7/site-packages/airflow/example_dags/example_skip_dag.py
[2023-07-05T13:02:15.534+0000] {processor.py:836} INFO - DAG(s) dict_keys(['example_skip_dag']) retrieved from /home/airflow/.local/lib/python3.7/site-packages/airflow/example_dags/example_skip_dag.py
[2023-07-05T13:02:15.575+0000] {logging_mixin.py:149} INFO - [2023-07-05T13:02:15.575+0000] {dag.py:2726} INFO - Sync 1 DAGs
[2023-07-05T13:02:15.618+0000] {logging_mixin.py:149} INFO - [2023-07-05T13:02:15.617+0000] {dag.py:3490} INFO - Setting next_dagrun for example_skip_dag to 2023-07-04T13:02:15.617469+00:00, run_after=2023-07-05T13:02:15.617469+00:00
[2023-07-05T13:02:15.650+0000] {processor.py:179} INFO - Processing /home/airflow/.local/lib/python3.7/site-packages/airflow/example_dags/example_skip_dag.py took 0.132 seconds
[2023-07-05T13:02:45.798+0000] {processor.py:157} INFO - Started process (PID=1473) to work on /home/airflow/.local/lib/python3.7/site-packages/airflow/example_dags/example_skip_dag.py
[2023-07-05T13:02:45.805+0000] {processor.py:826} INFO - Processing file /home/airflow/.local/lib/python3.7/site-packages/airflow/example_dags/example_skip_dag.py for tasks to queue
[2023-07-05T13:02:45.806+0000] {logging_mixin.py:149} INFO - [2023-07-05T13:02:45.806+0000] {dagbag.py:541} INFO - Filling up the DagBag from /home/airflow/.local/lib/python3.7/site-packages/airflow/example_dags/example_skip_dag.py
[2023-07-05T13:02:45.816+0000] {processor.py:836} INFO - DAG(s) dict_keys(['example_skip_dag']) retrieved from /home/airflow/.local/lib/python3.7/site-packages/airflow/example_dags/example_skip_dag.py
[2023-07-05T13:02:45.850+0000] {logging_mixin.py:149} INFO - [2023-07-05T13:02:45.849+0000] {dag.py:2726} INFO - Sync 1 DAGs
[2023-07-05T13:02:45.893+0000] {logging_mixin.py:149} INFO - [2023-07-05T13:02:45.893+0000] {dag.py:3490} INFO - Setting next_dagrun for example_skip_dag to 2023-07-04T13:02:45.892601+00:00, run_after=2023-07-05T13:02:45.892601+00:00
[2023-07-05T13:02:45.931+0000] {processor.py:179} INFO - Processing /home/airflow/.local/lib/python3.7/site-packages/airflow/example_dags/example_skip_dag.py took 0.137 seconds
[2023-07-05T13:03:16.094+0000] {processor.py:157} INFO - Started process (PID=1530) to work on /home/airflow/.local/lib/python3.7/site-packages/airflow/example_dags/example_skip_dag.py
[2023-07-05T13:03:16.095+0000] {processor.py:826} INFO - Processing file /home/airflow/.local/lib/python3.7/site-packages/airflow/example_dags/example_skip_dag.py for tasks to queue
[2023-07-05T13:03:16.096+0000] {logging_mixin.py:149} INFO - [2023-07-05T13:03:16.096+0000] {dagbag.py:541} INFO - Filling up the DagBag from /home/airflow/.local/lib/python3.7/site-packages/airflow/example_dags/example_skip_dag.py
[2023-07-05T13:03:16.104+0000] {processor.py:836} INFO - DAG(s) dict_keys(['example_skip_dag']) retrieved from /home/airflow/.local/lib/python3.7/site-packages/airflow/example_dags/example_skip_dag.py
[2023-07-05T13:03:16.145+0000] {logging_mixin.py:149} INFO - [2023-07-05T13:03:16.144+0000] {dag.py:2726} INFO - Sync 1 DAGs
[2023-07-05T13:03:16.186+0000] {logging_mixin.py:149} INFO - [2023-07-05T13:03:16.186+0000] {dag.py:3490} INFO - Setting next_dagrun for example_skip_dag to 2023-07-04T13:03:16.185833+00:00, run_after=2023-07-05T13:03:16.185833+00:00
[2023-07-05T13:03:16.217+0000] {processor.py:179} INFO - Processing /home/airflow/.local/lib/python3.7/site-packages/airflow/example_dags/example_skip_dag.py took 0.127 seconds
[2023-07-05T13:03:46.540+0000] {processor.py:157} INFO - Started process (PID=1587) to work on /home/airflow/.local/lib/python3.7/site-packages/airflow/example_dags/example_skip_dag.py
[2023-07-05T13:03:46.541+0000] {processor.py:826} INFO - Processing file /home/airflow/.local/lib/python3.7/site-packages/airflow/example_dags/example_skip_dag.py for tasks to queue
[2023-07-05T13:03:46.542+0000] {logging_mixin.py:149} INFO - [2023-07-05T13:03:46.542+0000] {dagbag.py:541} INFO - Filling up the DagBag from /home/airflow/.local/lib/python3.7/site-packages/airflow/example_dags/example_skip_dag.py
[2023-07-05T13:03:46.552+0000] {processor.py:836} INFO - DAG(s) dict_keys(['example_skip_dag']) retrieved from /home/airflow/.local/lib/python3.7/site-packages/airflow/example_dags/example_skip_dag.py
[2023-07-05T13:03:46.589+0000] {logging_mixin.py:149} INFO - [2023-07-05T13:03:46.589+0000] {dag.py:2726} INFO - Sync 1 DAGs
[2023-07-05T13:03:46.623+0000] {logging_mixin.py:149} INFO - [2023-07-05T13:03:46.622+0000] {dag.py:3490} INFO - Setting next_dagrun for example_skip_dag to 2023-07-04T13:03:46.622584+00:00, run_after=2023-07-05T13:03:46.622584+00:00
[2023-07-05T13:03:46.644+0000] {processor.py:179} INFO - Processing /home/airflow/.local/lib/python3.7/site-packages/airflow/example_dags/example_skip_dag.py took 0.108 seconds
[2023-07-05T13:04:16.861+0000] {processor.py:157} INFO - Started process (PID=1644) to work on /home/airflow/.local/lib/python3.7/site-packages/airflow/example_dags/example_skip_dag.py
[2023-07-05T13:04:16.862+0000] {processor.py:826} INFO - Processing file /home/airflow/.local/lib/python3.7/site-packages/airflow/example_dags/example_skip_dag.py for tasks to queue
[2023-07-05T13:04:16.863+0000] {logging_mixin.py:149} INFO - [2023-07-05T13:04:16.863+0000] {dagbag.py:541} INFO - Filling up the DagBag from /home/airflow/.local/lib/python3.7/site-packages/airflow/example_dags/example_skip_dag.py
[2023-07-05T13:04:16.873+0000] {processor.py:836} INFO - DAG(s) dict_keys(['example_skip_dag']) retrieved from /home/airflow/.local/lib/python3.7/site-packages/airflow/example_dags/example_skip_dag.py
[2023-07-05T13:04:16.906+0000] {logging_mixin.py:149} INFO - [2023-07-05T13:04:16.905+0000] {dag.py:2726} INFO - Sync 1 DAGs
[2023-07-05T13:04:16.946+0000] {logging_mixin.py:149} INFO - [2023-07-05T13:04:16.946+0000] {dag.py:3490} INFO - Setting next_dagrun for example_skip_dag to 2023-07-04T13:04:16.945803+00:00, run_after=2023-07-05T13:04:16.945803+00:00
[2023-07-05T13:04:16.976+0000] {processor.py:179} INFO - Processing /home/airflow/.local/lib/python3.7/site-packages/airflow/example_dags/example_skip_dag.py took 0.119 seconds
[2023-07-05T13:04:47.089+0000] {processor.py:157} INFO - Started process (PID=1700) to work on /home/airflow/.local/lib/python3.7/site-packages/airflow/example_dags/example_skip_dag.py
[2023-07-05T13:04:47.090+0000] {processor.py:826} INFO - Processing file /home/airflow/.local/lib/python3.7/site-packages/airflow/example_dags/example_skip_dag.py for tasks to queue
[2023-07-05T13:04:47.091+0000] {logging_mixin.py:149} INFO - [2023-07-05T13:04:47.091+0000] {dagbag.py:541} INFO - Filling up the DagBag from /home/airflow/.local/lib/python3.7/site-packages/airflow/example_dags/example_skip_dag.py
[2023-07-05T13:04:47.100+0000] {processor.py:836} INFO - DAG(s) dict_keys(['example_skip_dag']) retrieved from /home/airflow/.local/lib/python3.7/site-packages/airflow/example_dags/example_skip_dag.py
[2023-07-05T13:04:47.141+0000] {logging_mixin.py:149} INFO - [2023-07-05T13:04:47.140+0000] {dag.py:2726} INFO - Sync 1 DAGs
[2023-07-05T13:04:47.185+0000] {logging_mixin.py:149} INFO - [2023-07-05T13:04:47.185+0000] {dag.py:3490} INFO - Setting next_dagrun for example_skip_dag to 2023-07-04T13:04:47.184841+00:00, run_after=2023-07-05T13:04:47.184841+00:00
[2023-07-05T13:04:47.211+0000] {processor.py:179} INFO - Processing /home/airflow/.local/lib/python3.7/site-packages/airflow/example_dags/example_skip_dag.py took 0.126 seconds
[2023-07-05T13:05:17.461+0000] {processor.py:157} INFO - Started process (PID=1757) to work on /home/airflow/.local/lib/python3.7/site-packages/airflow/example_dags/example_skip_dag.py
[2023-07-05T13:05:17.463+0000] {processor.py:826} INFO - Processing file /home/airflow/.local/lib/python3.7/site-packages/airflow/example_dags/example_skip_dag.py for tasks to queue
[2023-07-05T13:05:17.463+0000] {logging_mixin.py:149} INFO - [2023-07-05T13:05:17.463+0000] {dagbag.py:541} INFO - Filling up the DagBag from /home/airflow/.local/lib/python3.7/site-packages/airflow/example_dags/example_skip_dag.py
[2023-07-05T13:05:17.473+0000] {processor.py:836} INFO - DAG(s) dict_keys(['example_skip_dag']) retrieved from /home/airflow/.local/lib/python3.7/site-packages/airflow/example_dags/example_skip_dag.py
[2023-07-05T13:05:17.521+0000] {logging_mixin.py:149} INFO - [2023-07-05T13:05:17.521+0000] {dag.py:2726} INFO - Sync 1 DAGs
[2023-07-05T13:05:17.558+0000] {logging_mixin.py:149} INFO - [2023-07-05T13:05:17.558+0000] {dag.py:3490} INFO - Setting next_dagrun for example_skip_dag to 2023-07-04T13:05:17.557778+00:00, run_after=2023-07-05T13:05:17.557778+00:00
[2023-07-05T13:05:17.584+0000] {processor.py:179} INFO - Processing /home/airflow/.local/lib/python3.7/site-packages/airflow/example_dags/example_skip_dag.py took 0.128 seconds
[2023-07-05T13:05:47.838+0000] {processor.py:157} INFO - Started process (PID=1815) to work on /home/airflow/.local/lib/python3.7/site-packages/airflow/example_dags/example_skip_dag.py
[2023-07-05T13:05:47.840+0000] {processor.py:826} INFO - Processing file /home/airflow/.local/lib/python3.7/site-packages/airflow/example_dags/example_skip_dag.py for tasks to queue
[2023-07-05T13:05:47.841+0000] {logging_mixin.py:149} INFO - [2023-07-05T13:05:47.840+0000] {dagbag.py:541} INFO - Filling up the DagBag from /home/airflow/.local/lib/python3.7/site-packages/airflow/example_dags/example_skip_dag.py
[2023-07-05T13:05:47.850+0000] {processor.py:836} INFO - DAG(s) dict_keys(['example_skip_dag']) retrieved from /home/airflow/.local/lib/python3.7/site-packages/airflow/example_dags/example_skip_dag.py
[2023-07-05T13:05:47.889+0000] {logging_mixin.py:149} INFO - [2023-07-05T13:05:47.888+0000] {dag.py:2726} INFO - Sync 1 DAGs
[2023-07-05T13:05:47.928+0000] {logging_mixin.py:149} INFO - [2023-07-05T13:05:47.928+0000] {dag.py:3490} INFO - Setting next_dagrun for example_skip_dag to 2023-07-04T13:05:47.928010+00:00, run_after=2023-07-05T13:05:47.928010+00:00
[2023-07-05T13:05:47.958+0000] {processor.py:179} INFO - Processing /home/airflow/.local/lib/python3.7/site-packages/airflow/example_dags/example_skip_dag.py took 0.125 seconds
[2023-07-05T13:06:18.190+0000] {processor.py:157} INFO - Started process (PID=1872) to work on /home/airflow/.local/lib/python3.7/site-packages/airflow/example_dags/example_skip_dag.py
[2023-07-05T13:06:18.191+0000] {processor.py:826} INFO - Processing file /home/airflow/.local/lib/python3.7/site-packages/airflow/example_dags/example_skip_dag.py for tasks to queue
[2023-07-05T13:06:18.192+0000] {logging_mixin.py:149} INFO - [2023-07-05T13:06:18.192+0000] {dagbag.py:541} INFO - Filling up the DagBag from /home/airflow/.local/lib/python3.7/site-packages/airflow/example_dags/example_skip_dag.py
[2023-07-05T13:06:18.203+0000] {processor.py:836} INFO - DAG(s) dict_keys(['example_skip_dag']) retrieved from /home/airflow/.local/lib/python3.7/site-packages/airflow/example_dags/example_skip_dag.py
[2023-07-05T13:06:18.235+0000] {logging_mixin.py:149} INFO - [2023-07-05T13:06:18.235+0000] {dag.py:2726} INFO - Sync 1 DAGs
[2023-07-05T13:06:18.268+0000] {logging_mixin.py:149} INFO - [2023-07-05T13:06:18.268+0000] {dag.py:3490} INFO - Setting next_dagrun for example_skip_dag to 2023-07-04T13:06:18.268189+00:00, run_after=2023-07-05T13:06:18.268189+00:00
[2023-07-05T13:06:18.307+0000] {processor.py:179} INFO - Processing /home/airflow/.local/lib/python3.7/site-packages/airflow/example_dags/example_skip_dag.py took 0.121 seconds
[2023-07-05T13:06:48.583+0000] {processor.py:157} INFO - Started process (PID=1929) to work on /home/airflow/.local/lib/python3.7/site-packages/airflow/example_dags/example_skip_dag.py
[2023-07-05T13:06:48.584+0000] {processor.py:826} INFO - Processing file /home/airflow/.local/lib/python3.7/site-packages/airflow/example_dags/example_skip_dag.py for tasks to queue
[2023-07-05T13:06:48.585+0000] {logging_mixin.py:149} INFO - [2023-07-05T13:06:48.585+0000] {dagbag.py:541} INFO - Filling up the DagBag from /home/airflow/.local/lib/python3.7/site-packages/airflow/example_dags/example_skip_dag.py
[2023-07-05T13:06:48.593+0000] {processor.py:836} INFO - DAG(s) dict_keys(['example_skip_dag']) retrieved from /home/airflow/.local/lib/python3.7/site-packages/airflow/example_dags/example_skip_dag.py
[2023-07-05T13:06:48.626+0000] {logging_mixin.py:149} INFO - [2023-07-05T13:06:48.626+0000] {dag.py:2726} INFO - Sync 1 DAGs
[2023-07-05T13:06:48.657+0000] {logging_mixin.py:149} INFO - [2023-07-05T13:06:48.657+0000] {dag.py:3490} INFO - Setting next_dagrun for example_skip_dag to 2023-07-04T13:06:48.657255+00:00, run_after=2023-07-05T13:06:48.657255+00:00
[2023-07-05T13:06:48.684+0000] {processor.py:179} INFO - Processing /home/airflow/.local/lib/python3.7/site-packages/airflow/example_dags/example_skip_dag.py took 0.105 seconds
[2023-07-05T13:07:18.968+0000] {processor.py:157} INFO - Started process (PID=1993) to work on /home/airflow/.local/lib/python3.7/site-packages/airflow/example_dags/example_skip_dag.py
[2023-07-05T13:07:18.969+0000] {processor.py:826} INFO - Processing file /home/airflow/.local/lib/python3.7/site-packages/airflow/example_dags/example_skip_dag.py for tasks to queue
[2023-07-05T13:07:18.970+0000] {logging_mixin.py:149} INFO - [2023-07-05T13:07:18.970+0000] {dagbag.py:541} INFO - Filling up the DagBag from /home/airflow/.local/lib/python3.7/site-packages/airflow/example_dags/example_skip_dag.py
[2023-07-05T13:07:18.980+0000] {processor.py:836} INFO - DAG(s) dict_keys(['example_skip_dag']) retrieved from /home/airflow/.local/lib/python3.7/site-packages/airflow/example_dags/example_skip_dag.py
[2023-07-05T13:07:19.025+0000] {logging_mixin.py:149} INFO - [2023-07-05T13:07:19.024+0000] {dag.py:2726} INFO - Sync 1 DAGs
[2023-07-05T13:07:19.072+0000] {logging_mixin.py:149} INFO - [2023-07-05T13:07:19.072+0000] {dag.py:3490} INFO - Setting next_dagrun for example_skip_dag to 2023-07-04T13:07:19.072120+00:00, run_after=2023-07-05T13:07:19.072120+00:00
[2023-07-05T13:07:19.105+0000] {processor.py:179} INFO - Processing /home/airflow/.local/lib/python3.7/site-packages/airflow/example_dags/example_skip_dag.py took 0.142 seconds
[2023-07-05T13:07:49.310+0000] {processor.py:157} INFO - Started process (PID=2049) to work on /home/airflow/.local/lib/python3.7/site-packages/airflow/example_dags/example_skip_dag.py
[2023-07-05T13:07:49.311+0000] {processor.py:826} INFO - Processing file /home/airflow/.local/lib/python3.7/site-packages/airflow/example_dags/example_skip_dag.py for tasks to queue
[2023-07-05T13:07:49.312+0000] {logging_mixin.py:149} INFO - [2023-07-05T13:07:49.312+0000] {dagbag.py:541} INFO - Filling up the DagBag from /home/airflow/.local/lib/python3.7/site-packages/airflow/example_dags/example_skip_dag.py
[2023-07-05T13:07:49.322+0000] {processor.py:836} INFO - DAG(s) dict_keys(['example_skip_dag']) retrieved from /home/airflow/.local/lib/python3.7/site-packages/airflow/example_dags/example_skip_dag.py
[2023-07-05T13:07:49.356+0000] {logging_mixin.py:149} INFO - [2023-07-05T13:07:49.356+0000] {dag.py:2726} INFO - Sync 1 DAGs
[2023-07-05T13:07:49.396+0000] {logging_mixin.py:149} INFO - [2023-07-05T13:07:49.395+0000] {dag.py:3490} INFO - Setting next_dagrun for example_skip_dag to 2023-07-04T13:07:49.395616+00:00, run_after=2023-07-05T13:07:49.395616+00:00
[2023-07-05T13:07:49.425+0000] {processor.py:179} INFO - Processing /home/airflow/.local/lib/python3.7/site-packages/airflow/example_dags/example_skip_dag.py took 0.121 seconds
[2023-07-05T13:08:19.542+0000] {processor.py:157} INFO - Started process (PID=2106) to work on /home/airflow/.local/lib/python3.7/site-packages/airflow/example_dags/example_skip_dag.py
[2023-07-05T13:08:19.544+0000] {processor.py:826} INFO - Processing file /home/airflow/.local/lib/python3.7/site-packages/airflow/example_dags/example_skip_dag.py for tasks to queue
[2023-07-05T13:08:19.545+0000] {logging_mixin.py:149} INFO - [2023-07-05T13:08:19.545+0000] {dagbag.py:541} INFO - Filling up the DagBag from /home/airflow/.local/lib/python3.7/site-packages/airflow/example_dags/example_skip_dag.py
[2023-07-05T13:08:19.554+0000] {processor.py:836} INFO - DAG(s) dict_keys(['example_skip_dag']) retrieved from /home/airflow/.local/lib/python3.7/site-packages/airflow/example_dags/example_skip_dag.py
[2023-07-05T13:08:19.589+0000] {logging_mixin.py:149} INFO - [2023-07-05T13:08:19.589+0000] {dag.py:2726} INFO - Sync 1 DAGs
[2023-07-05T13:08:19.632+0000] {logging_mixin.py:149} INFO - [2023-07-05T13:08:19.632+0000] {dag.py:3490} INFO - Setting next_dagrun for example_skip_dag to 2023-07-04T13:08:19.631659+00:00, run_after=2023-07-05T13:08:19.631659+00:00
[2023-07-05T13:08:19.663+0000] {processor.py:179} INFO - Processing /home/airflow/.local/lib/python3.7/site-packages/airflow/example_dags/example_skip_dag.py took 0.124 seconds
[2023-07-05T13:08:49.978+0000] {processor.py:157} INFO - Started process (PID=2163) to work on /home/airflow/.local/lib/python3.7/site-packages/airflow/example_dags/example_skip_dag.py
[2023-07-05T13:08:49.979+0000] {processor.py:826} INFO - Processing file /home/airflow/.local/lib/python3.7/site-packages/airflow/example_dags/example_skip_dag.py for tasks to queue
[2023-07-05T13:08:49.980+0000] {logging_mixin.py:149} INFO - [2023-07-05T13:08:49.980+0000] {dagbag.py:541} INFO - Filling up the DagBag from /home/airflow/.local/lib/python3.7/site-packages/airflow/example_dags/example_skip_dag.py
[2023-07-05T13:08:49.992+0000] {processor.py:836} INFO - DAG(s) dict_keys(['example_skip_dag']) retrieved from /home/airflow/.local/lib/python3.7/site-packages/airflow/example_dags/example_skip_dag.py
[2023-07-05T13:08:50.028+0000] {logging_mixin.py:149} INFO - [2023-07-05T13:08:50.028+0000] {dag.py:2726} INFO - Sync 1 DAGs
[2023-07-05T13:08:50.072+0000] {logging_mixin.py:149} INFO - [2023-07-05T13:08:50.072+0000] {dag.py:3490} INFO - Setting next_dagrun for example_skip_dag to 2023-07-04T13:08:50.071147+00:00, run_after=2023-07-05T13:08:50.071147+00:00
[2023-07-05T13:08:50.112+0000] {processor.py:179} INFO - Processing /home/airflow/.local/lib/python3.7/site-packages/airflow/example_dags/example_skip_dag.py took 0.137 seconds
[2023-07-05T13:09:20.470+0000] {processor.py:157} INFO - Started process (PID=2219) to work on /home/airflow/.local/lib/python3.7/site-packages/airflow/example_dags/example_skip_dag.py
[2023-07-05T13:09:20.472+0000] {processor.py:826} INFO - Processing file /home/airflow/.local/lib/python3.7/site-packages/airflow/example_dags/example_skip_dag.py for tasks to queue
[2023-07-05T13:09:20.473+0000] {logging_mixin.py:149} INFO - [2023-07-05T13:09:20.473+0000] {dagbag.py:541} INFO - Filling up the DagBag from /home/airflow/.local/lib/python3.7/site-packages/airflow/example_dags/example_skip_dag.py
[2023-07-05T13:09:20.484+0000] {processor.py:836} INFO - DAG(s) dict_keys(['example_skip_dag']) retrieved from /home/airflow/.local/lib/python3.7/site-packages/airflow/example_dags/example_skip_dag.py
[2023-07-05T13:09:20.520+0000] {logging_mixin.py:149} INFO - [2023-07-05T13:09:20.520+0000] {dag.py:2726} INFO - Sync 1 DAGs
[2023-07-05T13:09:20.561+0000] {logging_mixin.py:149} INFO - [2023-07-05T13:09:20.561+0000] {dag.py:3490} INFO - Setting next_dagrun for example_skip_dag to 2023-07-04T13:09:20.561174+00:00, run_after=2023-07-05T13:09:20.561174+00:00
[2023-07-05T13:09:20.594+0000] {processor.py:179} INFO - Processing /home/airflow/.local/lib/python3.7/site-packages/airflow/example_dags/example_skip_dag.py took 0.128 seconds
[2023-07-05T13:09:50.770+0000] {processor.py:157} INFO - Started process (PID=2276) to work on /home/airflow/.local/lib/python3.7/site-packages/airflow/example_dags/example_skip_dag.py
[2023-07-05T13:09:50.771+0000] {processor.py:826} INFO - Processing file /home/airflow/.local/lib/python3.7/site-packages/airflow/example_dags/example_skip_dag.py for tasks to queue
[2023-07-05T13:09:50.772+0000] {logging_mixin.py:149} INFO - [2023-07-05T13:09:50.772+0000] {dagbag.py:541} INFO - Filling up the DagBag from /home/airflow/.local/lib/python3.7/site-packages/airflow/example_dags/example_skip_dag.py
[2023-07-05T13:09:50.782+0000] {processor.py:836} INFO - DAG(s) dict_keys(['example_skip_dag']) retrieved from /home/airflow/.local/lib/python3.7/site-packages/airflow/example_dags/example_skip_dag.py
[2023-07-05T13:09:50.826+0000] {logging_mixin.py:149} INFO - [2023-07-05T13:09:50.825+0000] {dag.py:2726} INFO - Sync 1 DAGs
[2023-07-05T13:09:50.864+0000] {logging_mixin.py:149} INFO - [2023-07-05T13:09:50.864+0000] {dag.py:3490} INFO - Setting next_dagrun for example_skip_dag to 2023-07-04T13:09:50.863688+00:00, run_after=2023-07-05T13:09:50.863688+00:00
[2023-07-05T13:09:50.885+0000] {processor.py:179} INFO - Processing /home/airflow/.local/lib/python3.7/site-packages/airflow/example_dags/example_skip_dag.py took 0.120 seconds
[2023-07-05T13:10:21.164+0000] {processor.py:157} INFO - Started process (PID=2333) to work on /home/airflow/.local/lib/python3.7/site-packages/airflow/example_dags/example_skip_dag.py
[2023-07-05T13:10:21.165+0000] {processor.py:826} INFO - Processing file /home/airflow/.local/lib/python3.7/site-packages/airflow/example_dags/example_skip_dag.py for tasks to queue
[2023-07-05T13:10:21.166+0000] {logging_mixin.py:149} INFO - [2023-07-05T13:10:21.166+0000] {dagbag.py:541} INFO - Filling up the DagBag from /home/airflow/.local/lib/python3.7/site-packages/airflow/example_dags/example_skip_dag.py
[2023-07-05T13:10:21.177+0000] {processor.py:836} INFO - DAG(s) dict_keys(['example_skip_dag']) retrieved from /home/airflow/.local/lib/python3.7/site-packages/airflow/example_dags/example_skip_dag.py
[2023-07-05T13:10:21.212+0000] {logging_mixin.py:149} INFO - [2023-07-05T13:10:21.211+0000] {dag.py:2726} INFO - Sync 1 DAGs
[2023-07-05T13:10:21.254+0000] {logging_mixin.py:149} INFO - [2023-07-05T13:10:21.254+0000] {dag.py:3490} INFO - Setting next_dagrun for example_skip_dag to 2023-07-04T13:10:21.254443+00:00, run_after=2023-07-05T13:10:21.254443+00:00
[2023-07-05T13:10:21.282+0000] {processor.py:179} INFO - Processing /home/airflow/.local/lib/python3.7/site-packages/airflow/example_dags/example_skip_dag.py took 0.123 seconds
[2023-07-05T13:10:51.611+0000] {processor.py:157} INFO - Started process (PID=2390) to work on /home/airflow/.local/lib/python3.7/site-packages/airflow/example_dags/example_skip_dag.py
[2023-07-05T13:10:51.612+0000] {processor.py:826} INFO - Processing file /home/airflow/.local/lib/python3.7/site-packages/airflow/example_dags/example_skip_dag.py for tasks to queue
[2023-07-05T13:10:51.613+0000] {logging_mixin.py:149} INFO - [2023-07-05T13:10:51.612+0000] {dagbag.py:541} INFO - Filling up the DagBag from /home/airflow/.local/lib/python3.7/site-packages/airflow/example_dags/example_skip_dag.py
[2023-07-05T13:10:51.621+0000] {processor.py:836} INFO - DAG(s) dict_keys(['example_skip_dag']) retrieved from /home/airflow/.local/lib/python3.7/site-packages/airflow/example_dags/example_skip_dag.py
[2023-07-05T13:10:51.654+0000] {logging_mixin.py:149} INFO - [2023-07-05T13:10:51.654+0000] {dag.py:2726} INFO - Sync 1 DAGs
[2023-07-05T13:10:51.688+0000] {logging_mixin.py:149} INFO - [2023-07-05T13:10:51.688+0000] {dag.py:3490} INFO - Setting next_dagrun for example_skip_dag to 2023-07-04T13:10:51.688161+00:00, run_after=2023-07-05T13:10:51.688161+00:00
[2023-07-05T13:10:51.717+0000] {processor.py:179} INFO - Processing /home/airflow/.local/lib/python3.7/site-packages/airflow/example_dags/example_skip_dag.py took 0.115 seconds
[2023-07-05T13:11:21.929+0000] {processor.py:157} INFO - Started process (PID=2447) to work on /home/airflow/.local/lib/python3.7/site-packages/airflow/example_dags/example_skip_dag.py
[2023-07-05T13:11:21.929+0000] {processor.py:826} INFO - Processing file /home/airflow/.local/lib/python3.7/site-packages/airflow/example_dags/example_skip_dag.py for tasks to queue
[2023-07-05T13:11:21.930+0000] {logging_mixin.py:149} INFO - [2023-07-05T13:11:21.930+0000] {dagbag.py:541} INFO - Filling up the DagBag from /home/airflow/.local/lib/python3.7/site-packages/airflow/example_dags/example_skip_dag.py
[2023-07-05T13:11:21.938+0000] {processor.py:836} INFO - DAG(s) dict_keys(['example_skip_dag']) retrieved from /home/airflow/.local/lib/python3.7/site-packages/airflow/example_dags/example_skip_dag.py
[2023-07-05T13:11:21.975+0000] {logging_mixin.py:149} INFO - [2023-07-05T13:11:21.974+0000] {dag.py:2726} INFO - Sync 1 DAGs
[2023-07-05T13:11:22.012+0000] {logging_mixin.py:149} INFO - [2023-07-05T13:11:22.011+0000] {dag.py:3490} INFO - Setting next_dagrun for example_skip_dag to 2023-07-04T13:11:22.011643+00:00, run_after=2023-07-05T13:11:22.011643+00:00
[2023-07-05T13:11:22.042+0000] {processor.py:179} INFO - Processing /home/airflow/.local/lib/python3.7/site-packages/airflow/example_dags/example_skip_dag.py took 0.117 seconds
[2023-07-05T13:11:52.298+0000] {processor.py:157} INFO - Started process (PID=2504) to work on /home/airflow/.local/lib/python3.7/site-packages/airflow/example_dags/example_skip_dag.py
[2023-07-05T13:11:52.299+0000] {processor.py:826} INFO - Processing file /home/airflow/.local/lib/python3.7/site-packages/airflow/example_dags/example_skip_dag.py for tasks to queue
[2023-07-05T13:11:52.301+0000] {logging_mixin.py:149} INFO - [2023-07-05T13:11:52.300+0000] {dagbag.py:541} INFO - Filling up the DagBag from /home/airflow/.local/lib/python3.7/site-packages/airflow/example_dags/example_skip_dag.py
[2023-07-05T13:11:52.309+0000] {processor.py:836} INFO - DAG(s) dict_keys(['example_skip_dag']) retrieved from /home/airflow/.local/lib/python3.7/site-packages/airflow/example_dags/example_skip_dag.py
[2023-07-05T13:11:52.359+0000] {logging_mixin.py:149} INFO - [2023-07-05T13:11:52.359+0000] {dag.py:2726} INFO - Sync 1 DAGs
[2023-07-05T13:11:52.398+0000] {logging_mixin.py:149} INFO - [2023-07-05T13:11:52.397+0000] {dag.py:3490} INFO - Setting next_dagrun for example_skip_dag to 2023-07-04T13:11:52.397650+00:00, run_after=2023-07-05T13:11:52.397650+00:00
[2023-07-05T13:11:52.421+0000] {processor.py:179} INFO - Processing /home/airflow/.local/lib/python3.7/site-packages/airflow/example_dags/example_skip_dag.py took 0.128 seconds
[2023-07-05T13:12:23.080+0000] {processor.py:157} INFO - Started process (PID=2561) to work on /home/airflow/.local/lib/python3.7/site-packages/airflow/example_dags/example_skip_dag.py
[2023-07-05T13:12:23.082+0000] {processor.py:826} INFO - Processing file /home/airflow/.local/lib/python3.7/site-packages/airflow/example_dags/example_skip_dag.py for tasks to queue
[2023-07-05T13:12:23.084+0000] {logging_mixin.py:149} INFO - [2023-07-05T13:12:23.084+0000] {dagbag.py:541} INFO - Filling up the DagBag from /home/airflow/.local/lib/python3.7/site-packages/airflow/example_dags/example_skip_dag.py
[2023-07-05T13:12:23.095+0000] {processor.py:836} INFO - DAG(s) dict_keys(['example_skip_dag']) retrieved from /home/airflow/.local/lib/python3.7/site-packages/airflow/example_dags/example_skip_dag.py
[2023-07-05T13:12:23.131+0000] {logging_mixin.py:149} INFO - [2023-07-05T13:12:23.131+0000] {dag.py:2726} INFO - Sync 1 DAGs
[2023-07-05T13:12:23.176+0000] {logging_mixin.py:149} INFO - [2023-07-05T13:12:23.175+0000] {dag.py:3490} INFO - Setting next_dagrun for example_skip_dag to 2023-07-04T13:12:23.175135+00:00, run_after=2023-07-05T13:12:23.175135+00:00
[2023-07-05T13:12:23.204+0000] {processor.py:179} INFO - Processing /home/airflow/.local/lib/python3.7/site-packages/airflow/example_dags/example_skip_dag.py took 0.128 seconds
[2023-07-05T13:12:53.321+0000] {processor.py:157} INFO - Started process (PID=2618) to work on /home/airflow/.local/lib/python3.7/site-packages/airflow/example_dags/example_skip_dag.py
[2023-07-05T13:12:53.322+0000] {processor.py:826} INFO - Processing file /home/airflow/.local/lib/python3.7/site-packages/airflow/example_dags/example_skip_dag.py for tasks to queue
[2023-07-05T13:12:53.323+0000] {logging_mixin.py:149} INFO - [2023-07-05T13:12:53.323+0000] {dagbag.py:541} INFO - Filling up the DagBag from /home/airflow/.local/lib/python3.7/site-packages/airflow/example_dags/example_skip_dag.py
[2023-07-05T13:12:53.334+0000] {processor.py:836} INFO - DAG(s) dict_keys(['example_skip_dag']) retrieved from /home/airflow/.local/lib/python3.7/site-packages/airflow/example_dags/example_skip_dag.py
[2023-07-05T13:12:53.367+0000] {logging_mixin.py:149} INFO - [2023-07-05T13:12:53.366+0000] {dag.py:2726} INFO - Sync 1 DAGs
[2023-07-05T13:12:53.411+0000] {logging_mixin.py:149} INFO - [2023-07-05T13:12:53.410+0000] {dag.py:3490} INFO - Setting next_dagrun for example_skip_dag to 2023-07-04T13:12:53.410424+00:00, run_after=2023-07-05T13:12:53.410424+00:00
[2023-07-05T13:12:53.446+0000] {processor.py:179} INFO - Processing /home/airflow/.local/lib/python3.7/site-packages/airflow/example_dags/example_skip_dag.py took 0.129 seconds
[2023-07-05T13:13:23.775+0000] {processor.py:157} INFO - Started process (PID=2675) to work on /home/airflow/.local/lib/python3.7/site-packages/airflow/example_dags/example_skip_dag.py
[2023-07-05T13:13:23.776+0000] {processor.py:826} INFO - Processing file /home/airflow/.local/lib/python3.7/site-packages/airflow/example_dags/example_skip_dag.py for tasks to queue
[2023-07-05T13:13:23.777+0000] {logging_mixin.py:149} INFO - [2023-07-05T13:13:23.777+0000] {dagbag.py:541} INFO - Filling up the DagBag from /home/airflow/.local/lib/python3.7/site-packages/airflow/example_dags/example_skip_dag.py
[2023-07-05T13:13:23.784+0000] {processor.py:836} INFO - DAG(s) dict_keys(['example_skip_dag']) retrieved from /home/airflow/.local/lib/python3.7/site-packages/airflow/example_dags/example_skip_dag.py
[2023-07-05T13:13:23.819+0000] {logging_mixin.py:149} INFO - [2023-07-05T13:13:23.819+0000] {dag.py:2726} INFO - Sync 1 DAGs
[2023-07-05T13:13:23.857+0000] {logging_mixin.py:149} INFO - [2023-07-05T13:13:23.857+0000] {dag.py:3490} INFO - Setting next_dagrun for example_skip_dag to 2023-07-04T13:13:23.856896+00:00, run_after=2023-07-05T13:13:23.856896+00:00
[2023-07-05T13:13:23.883+0000] {processor.py:179} INFO - Processing /home/airflow/.local/lib/python3.7/site-packages/airflow/example_dags/example_skip_dag.py took 0.112 seconds
[2023-07-05T13:13:54.123+0000] {processor.py:157} INFO - Started process (PID=2733) to work on /home/airflow/.local/lib/python3.7/site-packages/airflow/example_dags/example_skip_dag.py
[2023-07-05T13:13:54.127+0000] {processor.py:826} INFO - Processing file /home/airflow/.local/lib/python3.7/site-packages/airflow/example_dags/example_skip_dag.py for tasks to queue
[2023-07-05T13:13:54.129+0000] {logging_mixin.py:149} INFO - [2023-07-05T13:13:54.129+0000] {dagbag.py:541} INFO - Filling up the DagBag from /home/airflow/.local/lib/python3.7/site-packages/airflow/example_dags/example_skip_dag.py
[2023-07-05T13:13:54.140+0000] {processor.py:836} INFO - DAG(s) dict_keys(['example_skip_dag']) retrieved from /home/airflow/.local/lib/python3.7/site-packages/airflow/example_dags/example_skip_dag.py
[2023-07-05T13:13:54.181+0000] {logging_mixin.py:149} INFO - [2023-07-05T13:13:54.180+0000] {dag.py:2726} INFO - Sync 1 DAGs
[2023-07-05T13:13:54.227+0000] {logging_mixin.py:149} INFO - [2023-07-05T13:13:54.227+0000] {dag.py:3490} INFO - Setting next_dagrun for example_skip_dag to 2023-07-04T13:13:54.226954+00:00, run_after=2023-07-05T13:13:54.226954+00:00
[2023-07-05T13:13:54.264+0000] {processor.py:179} INFO - Processing /home/airflow/.local/lib/python3.7/site-packages/airflow/example_dags/example_skip_dag.py took 0.146 seconds
[2023-07-05T13:14:24.469+0000] {processor.py:157} INFO - Started process (PID=2790) to work on /home/airflow/.local/lib/python3.7/site-packages/airflow/example_dags/example_skip_dag.py
[2023-07-05T13:14:24.470+0000] {processor.py:826} INFO - Processing file /home/airflow/.local/lib/python3.7/site-packages/airflow/example_dags/example_skip_dag.py for tasks to queue
[2023-07-05T13:14:24.470+0000] {logging_mixin.py:149} INFO - [2023-07-05T13:14:24.470+0000] {dagbag.py:541} INFO - Filling up the DagBag from /home/airflow/.local/lib/python3.7/site-packages/airflow/example_dags/example_skip_dag.py
[2023-07-05T13:14:24.478+0000] {processor.py:836} INFO - DAG(s) dict_keys(['example_skip_dag']) retrieved from /home/airflow/.local/lib/python3.7/site-packages/airflow/example_dags/example_skip_dag.py
[2023-07-05T13:14:24.517+0000] {logging_mixin.py:149} INFO - [2023-07-05T13:14:24.517+0000] {dag.py:2726} INFO - Sync 1 DAGs
[2023-07-05T13:14:24.557+0000] {logging_mixin.py:149} INFO - [2023-07-05T13:14:24.557+0000] {dag.py:3490} INFO - Setting next_dagrun for example_skip_dag to 2023-07-04T13:14:24.557190+00:00, run_after=2023-07-05T13:14:24.557190+00:00
[2023-07-05T13:14:24.590+0000] {processor.py:179} INFO - Processing /home/airflow/.local/lib/python3.7/site-packages/airflow/example_dags/example_skip_dag.py took 0.125 seconds
[2023-07-05T13:14:54.787+0000] {processor.py:157} INFO - Started process (PID=2846) to work on /home/airflow/.local/lib/python3.7/site-packages/airflow/example_dags/example_skip_dag.py
[2023-07-05T13:14:54.789+0000] {processor.py:826} INFO - Processing file /home/airflow/.local/lib/python3.7/site-packages/airflow/example_dags/example_skip_dag.py for tasks to queue
[2023-07-05T13:14:54.791+0000] {logging_mixin.py:149} INFO - [2023-07-05T13:14:54.790+0000] {dagbag.py:541} INFO - Filling up the DagBag from /home/airflow/.local/lib/python3.7/site-packages/airflow/example_dags/example_skip_dag.py
[2023-07-05T13:14:54.798+0000] {processor.py:836} INFO - DAG(s) dict_keys(['example_skip_dag']) retrieved from /home/airflow/.local/lib/python3.7/site-packages/airflow/example_dags/example_skip_dag.py
[2023-07-05T13:14:54.832+0000] {logging_mixin.py:149} INFO - [2023-07-05T13:14:54.832+0000] {dag.py:2726} INFO - Sync 1 DAGs
[2023-07-05T13:14:54.874+0000] {logging_mixin.py:149} INFO - [2023-07-05T13:14:54.874+0000] {dag.py:3490} INFO - Setting next_dagrun for example_skip_dag to 2023-07-04T13:14:54.873718+00:00, run_after=2023-07-05T13:14:54.873718+00:00
[2023-07-05T13:14:54.897+0000] {processor.py:179} INFO - Processing /home/airflow/.local/lib/python3.7/site-packages/airflow/example_dags/example_skip_dag.py took 0.115 seconds
[2023-07-05T13:15:25.138+0000] {processor.py:157} INFO - Started process (PID=2903) to work on /home/airflow/.local/lib/python3.7/site-packages/airflow/example_dags/example_skip_dag.py
[2023-07-05T13:15:25.139+0000] {processor.py:826} INFO - Processing file /home/airflow/.local/lib/python3.7/site-packages/airflow/example_dags/example_skip_dag.py for tasks to queue
[2023-07-05T13:15:25.139+0000] {logging_mixin.py:149} INFO - [2023-07-05T13:15:25.139+0000] {dagbag.py:541} INFO - Filling up the DagBag from /home/airflow/.local/lib/python3.7/site-packages/airflow/example_dags/example_skip_dag.py
[2023-07-05T13:15:25.149+0000] {processor.py:836} INFO - DAG(s) dict_keys(['example_skip_dag']) retrieved from /home/airflow/.local/lib/python3.7/site-packages/airflow/example_dags/example_skip_dag.py
[2023-07-05T13:15:25.186+0000] {logging_mixin.py:149} INFO - [2023-07-05T13:15:25.185+0000] {dag.py:2726} INFO - Sync 1 DAGs
[2023-07-05T13:15:25.222+0000] {logging_mixin.py:149} INFO - [2023-07-05T13:15:25.221+0000] {dag.py:3490} INFO - Setting next_dagrun for example_skip_dag to 2023-07-04T13:15:25.221448+00:00, run_after=2023-07-05T13:15:25.221448+00:00
[2023-07-05T13:15:25.254+0000] {processor.py:179} INFO - Processing /home/airflow/.local/lib/python3.7/site-packages/airflow/example_dags/example_skip_dag.py took 0.120 seconds
[2023-07-05T13:15:55.475+0000] {processor.py:157} INFO - Started process (PID=2960) to work on /home/airflow/.local/lib/python3.7/site-packages/airflow/example_dags/example_skip_dag.py
[2023-07-05T13:15:55.476+0000] {processor.py:826} INFO - Processing file /home/airflow/.local/lib/python3.7/site-packages/airflow/example_dags/example_skip_dag.py for tasks to queue
[2023-07-05T13:15:55.478+0000] {logging_mixin.py:149} INFO - [2023-07-05T13:15:55.477+0000] {dagbag.py:541} INFO - Filling up the DagBag from /home/airflow/.local/lib/python3.7/site-packages/airflow/example_dags/example_skip_dag.py
[2023-07-05T13:15:55.486+0000] {processor.py:836} INFO - DAG(s) dict_keys(['example_skip_dag']) retrieved from /home/airflow/.local/lib/python3.7/site-packages/airflow/example_dags/example_skip_dag.py
[2023-07-05T13:15:55.519+0000] {logging_mixin.py:149} INFO - [2023-07-05T13:15:55.519+0000] {dag.py:2726} INFO - Sync 1 DAGs
[2023-07-05T13:15:55.562+0000] {logging_mixin.py:149} INFO - [2023-07-05T13:15:55.562+0000] {dag.py:3490} INFO - Setting next_dagrun for example_skip_dag to 2023-07-04T13:15:55.562111+00:00, run_after=2023-07-05T13:15:55.562111+00:00
[2023-07-05T13:15:55.596+0000] {processor.py:179} INFO - Processing /home/airflow/.local/lib/python3.7/site-packages/airflow/example_dags/example_skip_dag.py took 0.125 seconds
[2023-07-05T13:16:25.903+0000] {processor.py:157} INFO - Started process (PID=3017) to work on /home/airflow/.local/lib/python3.7/site-packages/airflow/example_dags/example_skip_dag.py
[2023-07-05T13:16:25.904+0000] {processor.py:826} INFO - Processing file /home/airflow/.local/lib/python3.7/site-packages/airflow/example_dags/example_skip_dag.py for tasks to queue
[2023-07-05T13:16:25.905+0000] {logging_mixin.py:149} INFO - [2023-07-05T13:16:25.905+0000] {dagbag.py:541} INFO - Filling up the DagBag from /home/airflow/.local/lib/python3.7/site-packages/airflow/example_dags/example_skip_dag.py
[2023-07-05T13:16:25.914+0000] {processor.py:836} INFO - DAG(s) dict_keys(['example_skip_dag']) retrieved from /home/airflow/.local/lib/python3.7/site-packages/airflow/example_dags/example_skip_dag.py
[2023-07-05T13:16:25.948+0000] {logging_mixin.py:149} INFO - [2023-07-05T13:16:25.947+0000] {dag.py:2726} INFO - Sync 1 DAGs
[2023-07-05T13:16:25.985+0000] {logging_mixin.py:149} INFO - [2023-07-05T13:16:25.985+0000] {dag.py:3490} INFO - Setting next_dagrun for example_skip_dag to 2023-07-04T13:16:25.984700+00:00, run_after=2023-07-05T13:16:25.984700+00:00
[2023-07-05T13:16:26.007+0000] {processor.py:179} INFO - Processing /home/airflow/.local/lib/python3.7/site-packages/airflow/example_dags/example_skip_dag.py took 0.108 seconds
[2023-07-05T13:16:56.722+0000] {processor.py:157} INFO - Started process (PID=3068) to work on /home/airflow/.local/lib/python3.7/site-packages/airflow/example_dags/example_skip_dag.py
[2023-07-05T13:16:56.724+0000] {processor.py:826} INFO - Processing file /home/airflow/.local/lib/python3.7/site-packages/airflow/example_dags/example_skip_dag.py for tasks to queue
[2023-07-05T13:16:56.724+0000] {logging_mixin.py:149} INFO - [2023-07-05T13:16:56.724+0000] {dagbag.py:541} INFO - Filling up the DagBag from /home/airflow/.local/lib/python3.7/site-packages/airflow/example_dags/example_skip_dag.py
[2023-07-05T13:16:56.732+0000] {processor.py:836} INFO - DAG(s) dict_keys(['example_skip_dag']) retrieved from /home/airflow/.local/lib/python3.7/site-packages/airflow/example_dags/example_skip_dag.py
[2023-07-05T13:16:56.772+0000] {logging_mixin.py:149} INFO - [2023-07-05T13:16:56.771+0000] {dag.py:2726} INFO - Sync 1 DAGs
[2023-07-05T13:16:56.820+0000] {logging_mixin.py:149} INFO - [2023-07-05T13:16:56.820+0000] {dag.py:3490} INFO - Setting next_dagrun for example_skip_dag to 2023-07-04T13:16:56.819728+00:00, run_after=2023-07-05T13:16:56.819728+00:00
[2023-07-05T13:16:56.853+0000] {processor.py:179} INFO - Processing /home/airflow/.local/lib/python3.7/site-packages/airflow/example_dags/example_skip_dag.py took 0.135 seconds
[2023-07-05T13:17:27.426+0000] {processor.py:157} INFO - Started process (PID=3125) to work on /home/airflow/.local/lib/python3.7/site-packages/airflow/example_dags/example_skip_dag.py
[2023-07-05T13:17:27.427+0000] {processor.py:826} INFO - Processing file /home/airflow/.local/lib/python3.7/site-packages/airflow/example_dags/example_skip_dag.py for tasks to queue
[2023-07-05T13:17:27.428+0000] {logging_mixin.py:149} INFO - [2023-07-05T13:17:27.428+0000] {dagbag.py:541} INFO - Filling up the DagBag from /home/airflow/.local/lib/python3.7/site-packages/airflow/example_dags/example_skip_dag.py
[2023-07-05T13:17:27.438+0000] {processor.py:836} INFO - DAG(s) dict_keys(['example_skip_dag']) retrieved from /home/airflow/.local/lib/python3.7/site-packages/airflow/example_dags/example_skip_dag.py
[2023-07-05T13:17:27.473+0000] {logging_mixin.py:149} INFO - [2023-07-05T13:17:27.473+0000] {dag.py:2726} INFO - Sync 1 DAGs
[2023-07-05T13:17:27.513+0000] {logging_mixin.py:149} INFO - [2023-07-05T13:17:27.512+0000] {dag.py:3490} INFO - Setting next_dagrun for example_skip_dag to 2023-07-04T13:17:27.512455+00:00, run_after=2023-07-05T13:17:27.512455+00:00
[2023-07-05T13:17:27.541+0000] {processor.py:179} INFO - Processing /home/airflow/.local/lib/python3.7/site-packages/airflow/example_dags/example_skip_dag.py took 0.120 seconds
[2023-07-05T13:17:57.848+0000] {processor.py:157} INFO - Started process (PID=3182) to work on /home/airflow/.local/lib/python3.7/site-packages/airflow/example_dags/example_skip_dag.py
[2023-07-05T13:17:57.849+0000] {processor.py:826} INFO - Processing file /home/airflow/.local/lib/python3.7/site-packages/airflow/example_dags/example_skip_dag.py for tasks to queue
[2023-07-05T13:17:57.851+0000] {logging_mixin.py:149} INFO - [2023-07-05T13:17:57.850+0000] {dagbag.py:541} INFO - Filling up the DagBag from /home/airflow/.local/lib/python3.7/site-packages/airflow/example_dags/example_skip_dag.py
[2023-07-05T13:17:57.859+0000] {processor.py:836} INFO - DAG(s) dict_keys(['example_skip_dag']) retrieved from /home/airflow/.local/lib/python3.7/site-packages/airflow/example_dags/example_skip_dag.py
[2023-07-05T13:17:57.891+0000] {logging_mixin.py:149} INFO - [2023-07-05T13:17:57.890+0000] {dag.py:2726} INFO - Sync 1 DAGs
[2023-07-05T13:17:57.927+0000] {logging_mixin.py:149} INFO - [2023-07-05T13:17:57.927+0000] {dag.py:3490} INFO - Setting next_dagrun for example_skip_dag to 2023-07-04T13:17:57.926759+00:00, run_after=2023-07-05T13:17:57.926759+00:00
[2023-07-05T13:17:57.954+0000] {processor.py:179} INFO - Processing /home/airflow/.local/lib/python3.7/site-packages/airflow/example_dags/example_skip_dag.py took 0.110 seconds
