[2023-07-05T12:50:00.567+0000] {processor.py:157} INFO - Started process (PID=70) to work on /home/airflow/.local/lib/python3.7/site-packages/airflow/example_dags/example_complex.py
[2023-07-05T12:50:00.568+0000] {processor.py:826} INFO - Processing file /home/airflow/.local/lib/python3.7/site-packages/airflow/example_dags/example_complex.py for tasks to queue
[2023-07-05T12:50:00.569+0000] {logging_mixin.py:149} INFO - [2023-07-05T12:50:00.569+0000] {dagbag.py:541} INFO - Filling up the DagBag from /home/airflow/.local/lib/python3.7/site-packages/airflow/example_dags/example_complex.py
[2023-07-05T12:50:00.584+0000] {processor.py:836} INFO - DAG(s) dict_keys(['example_complex']) retrieved from /home/airflow/.local/lib/python3.7/site-packages/airflow/example_dags/example_complex.py
[2023-07-05T12:50:00.664+0000] {logging_mixin.py:149} INFO - [2023-07-05T12:50:00.664+0000] {dag.py:2726} INFO - Sync 1 DAGs
[2023-07-05T12:50:00.764+0000] {logging_mixin.py:149} INFO - [2023-07-05T12:50:00.764+0000] {dag.py:3490} INFO - Setting next_dagrun for example_complex to None, run_after=None
[2023-07-05T12:50:00.857+0000] {processor.py:179} INFO - Processing /home/airflow/.local/lib/python3.7/site-packages/airflow/example_dags/example_complex.py took 0.294 seconds
[2023-07-05T12:50:33.787+0000] {processor.py:157} INFO - Started process (PID=127) to work on /home/airflow/.local/lib/python3.7/site-packages/airflow/example_dags/example_complex.py
[2023-07-05T12:50:33.788+0000] {processor.py:826} INFO - Processing file /home/airflow/.local/lib/python3.7/site-packages/airflow/example_dags/example_complex.py for tasks to queue
[2023-07-05T12:50:33.788+0000] {logging_mixin.py:149} INFO - [2023-07-05T12:50:33.788+0000] {dagbag.py:541} INFO - Filling up the DagBag from /home/airflow/.local/lib/python3.7/site-packages/airflow/example_dags/example_complex.py
[2023-07-05T12:50:33.803+0000] {processor.py:836} INFO - DAG(s) dict_keys(['example_complex']) retrieved from /home/airflow/.local/lib/python3.7/site-packages/airflow/example_dags/example_complex.py
[2023-07-05T12:50:33.849+0000] {logging_mixin.py:149} INFO - [2023-07-05T12:50:33.849+0000] {dag.py:2726} INFO - Sync 1 DAGs
[2023-07-05T12:50:33.882+0000] {logging_mixin.py:149} INFO - [2023-07-05T12:50:33.882+0000] {dag.py:3490} INFO - Setting next_dagrun for example_complex to None, run_after=None
[2023-07-05T12:50:33.902+0000] {processor.py:179} INFO - Processing /home/airflow/.local/lib/python3.7/site-packages/airflow/example_dags/example_complex.py took 0.118 seconds
[2023-07-05T12:51:05.025+0000] {processor.py:157} INFO - Started process (PID=185) to work on /home/airflow/.local/lib/python3.7/site-packages/airflow/example_dags/example_complex.py
[2023-07-05T12:51:05.027+0000] {processor.py:826} INFO - Processing file /home/airflow/.local/lib/python3.7/site-packages/airflow/example_dags/example_complex.py for tasks to queue
[2023-07-05T12:51:05.028+0000] {logging_mixin.py:149} INFO - [2023-07-05T12:51:05.028+0000] {dagbag.py:541} INFO - Filling up the DagBag from /home/airflow/.local/lib/python3.7/site-packages/airflow/example_dags/example_complex.py
[2023-07-05T12:51:05.044+0000] {processor.py:836} INFO - DAG(s) dict_keys(['example_complex']) retrieved from /home/airflow/.local/lib/python3.7/site-packages/airflow/example_dags/example_complex.py
[2023-07-05T12:51:05.093+0000] {logging_mixin.py:149} INFO - [2023-07-05T12:51:05.092+0000] {dag.py:2726} INFO - Sync 1 DAGs
[2023-07-05T12:51:05.133+0000] {logging_mixin.py:149} INFO - [2023-07-05T12:51:05.132+0000] {dag.py:3490} INFO - Setting next_dagrun for example_complex to None, run_after=None
[2023-07-05T12:51:05.160+0000] {processor.py:179} INFO - Processing /home/airflow/.local/lib/python3.7/site-packages/airflow/example_dags/example_complex.py took 0.139 seconds
[2023-07-05T12:51:36.351+0000] {processor.py:157} INFO - Started process (PID=242) to work on /home/airflow/.local/lib/python3.7/site-packages/airflow/example_dags/example_complex.py
[2023-07-05T12:51:36.352+0000] {processor.py:826} INFO - Processing file /home/airflow/.local/lib/python3.7/site-packages/airflow/example_dags/example_complex.py for tasks to queue
[2023-07-05T12:51:36.353+0000] {logging_mixin.py:149} INFO - [2023-07-05T12:51:36.353+0000] {dagbag.py:541} INFO - Filling up the DagBag from /home/airflow/.local/lib/python3.7/site-packages/airflow/example_dags/example_complex.py
[2023-07-05T12:51:36.370+0000] {processor.py:836} INFO - DAG(s) dict_keys(['example_complex']) retrieved from /home/airflow/.local/lib/python3.7/site-packages/airflow/example_dags/example_complex.py
[2023-07-05T12:51:36.424+0000] {logging_mixin.py:149} INFO - [2023-07-05T12:51:36.424+0000] {dag.py:2726} INFO - Sync 1 DAGs
[2023-07-05T12:51:36.468+0000] {logging_mixin.py:149} INFO - [2023-07-05T12:51:36.467+0000] {dag.py:3490} INFO - Setting next_dagrun for example_complex to None, run_after=None
[2023-07-05T12:51:36.506+0000] {processor.py:179} INFO - Processing /home/airflow/.local/lib/python3.7/site-packages/airflow/example_dags/example_complex.py took 0.159 seconds
[2023-07-05T12:52:07.587+0000] {processor.py:157} INFO - Started process (PID=299) to work on /home/airflow/.local/lib/python3.7/site-packages/airflow/example_dags/example_complex.py
[2023-07-05T12:52:07.589+0000] {processor.py:826} INFO - Processing file /home/airflow/.local/lib/python3.7/site-packages/airflow/example_dags/example_complex.py for tasks to queue
[2023-07-05T12:52:07.590+0000] {logging_mixin.py:149} INFO - [2023-07-05T12:52:07.590+0000] {dagbag.py:541} INFO - Filling up the DagBag from /home/airflow/.local/lib/python3.7/site-packages/airflow/example_dags/example_complex.py
[2023-07-05T12:52:07.607+0000] {processor.py:836} INFO - DAG(s) dict_keys(['example_complex']) retrieved from /home/airflow/.local/lib/python3.7/site-packages/airflow/example_dags/example_complex.py
[2023-07-05T12:52:07.657+0000] {logging_mixin.py:149} INFO - [2023-07-05T12:52:07.657+0000] {dag.py:2726} INFO - Sync 1 DAGs
[2023-07-05T12:52:07.701+0000] {logging_mixin.py:149} INFO - [2023-07-05T12:52:07.700+0000] {dag.py:3490} INFO - Setting next_dagrun for example_complex to None, run_after=None
[2023-07-05T12:52:07.744+0000] {processor.py:179} INFO - Processing /home/airflow/.local/lib/python3.7/site-packages/airflow/example_dags/example_complex.py took 0.160 seconds
[2023-07-05T12:52:39.107+0000] {processor.py:157} INFO - Started process (PID=356) to work on /home/airflow/.local/lib/python3.7/site-packages/airflow/example_dags/example_complex.py
[2023-07-05T12:52:39.108+0000] {processor.py:826} INFO - Processing file /home/airflow/.local/lib/python3.7/site-packages/airflow/example_dags/example_complex.py for tasks to queue
[2023-07-05T12:52:39.109+0000] {logging_mixin.py:149} INFO - [2023-07-05T12:52:39.109+0000] {dagbag.py:541} INFO - Filling up the DagBag from /home/airflow/.local/lib/python3.7/site-packages/airflow/example_dags/example_complex.py
[2023-07-05T12:52:39.123+0000] {processor.py:836} INFO - DAG(s) dict_keys(['example_complex']) retrieved from /home/airflow/.local/lib/python3.7/site-packages/airflow/example_dags/example_complex.py
[2023-07-05T12:52:39.173+0000] {logging_mixin.py:149} INFO - [2023-07-05T12:52:39.173+0000] {dag.py:2726} INFO - Sync 1 DAGs
[2023-07-05T12:52:39.210+0000] {logging_mixin.py:149} INFO - [2023-07-05T12:52:39.210+0000] {dag.py:3490} INFO - Setting next_dagrun for example_complex to None, run_after=None
[2023-07-05T12:52:39.242+0000] {processor.py:179} INFO - Processing /home/airflow/.local/lib/python3.7/site-packages/airflow/example_dags/example_complex.py took 0.139 seconds
[2023-07-05T12:53:09.316+0000] {processor.py:157} INFO - Started process (PID=413) to work on /home/airflow/.local/lib/python3.7/site-packages/airflow/example_dags/example_complex.py
[2023-07-05T12:53:09.317+0000] {processor.py:826} INFO - Processing file /home/airflow/.local/lib/python3.7/site-packages/airflow/example_dags/example_complex.py for tasks to queue
[2023-07-05T12:53:09.317+0000] {logging_mixin.py:149} INFO - [2023-07-05T12:53:09.317+0000] {dagbag.py:541} INFO - Filling up the DagBag from /home/airflow/.local/lib/python3.7/site-packages/airflow/example_dags/example_complex.py
[2023-07-05T12:53:09.331+0000] {processor.py:836} INFO - DAG(s) dict_keys(['example_complex']) retrieved from /home/airflow/.local/lib/python3.7/site-packages/airflow/example_dags/example_complex.py
[2023-07-05T12:53:09.386+0000] {logging_mixin.py:149} INFO - [2023-07-05T12:53:09.385+0000] {dag.py:2726} INFO - Sync 1 DAGs
[2023-07-05T12:53:09.422+0000] {logging_mixin.py:149} INFO - [2023-07-05T12:53:09.422+0000] {dag.py:3490} INFO - Setting next_dagrun for example_complex to None, run_after=None
[2023-07-05T12:53:09.615+0000] {processor.py:179} INFO - Processing /home/airflow/.local/lib/python3.7/site-packages/airflow/example_dags/example_complex.py took 0.303 seconds
[2023-07-05T12:53:39.708+0000] {processor.py:157} INFO - Started process (PID=470) to work on /home/airflow/.local/lib/python3.7/site-packages/airflow/example_dags/example_complex.py
[2023-07-05T12:53:39.709+0000] {processor.py:826} INFO - Processing file /home/airflow/.local/lib/python3.7/site-packages/airflow/example_dags/example_complex.py for tasks to queue
[2023-07-05T12:53:39.709+0000] {logging_mixin.py:149} INFO - [2023-07-05T12:53:39.709+0000] {dagbag.py:541} INFO - Filling up the DagBag from /home/airflow/.local/lib/python3.7/site-packages/airflow/example_dags/example_complex.py
[2023-07-05T12:53:39.727+0000] {processor.py:836} INFO - DAG(s) dict_keys(['example_complex']) retrieved from /home/airflow/.local/lib/python3.7/site-packages/airflow/example_dags/example_complex.py
[2023-07-05T12:53:39.771+0000] {logging_mixin.py:149} INFO - [2023-07-05T12:53:39.771+0000] {dag.py:2726} INFO - Sync 1 DAGs
[2023-07-05T12:53:39.807+0000] {logging_mixin.py:149} INFO - [2023-07-05T12:53:39.807+0000] {dag.py:3490} INFO - Setting next_dagrun for example_complex to None, run_after=None
[2023-07-05T12:53:39.832+0000] {processor.py:179} INFO - Processing /home/airflow/.local/lib/python3.7/site-packages/airflow/example_dags/example_complex.py took 0.129 seconds
[2023-07-05T12:54:11.311+0000] {processor.py:157} INFO - Started process (PID=527) to work on /home/airflow/.local/lib/python3.7/site-packages/airflow/example_dags/example_complex.py
[2023-07-05T12:54:11.312+0000] {processor.py:826} INFO - Processing file /home/airflow/.local/lib/python3.7/site-packages/airflow/example_dags/example_complex.py for tasks to queue
[2023-07-05T12:54:11.313+0000] {logging_mixin.py:149} INFO - [2023-07-05T12:54:11.313+0000] {dagbag.py:541} INFO - Filling up the DagBag from /home/airflow/.local/lib/python3.7/site-packages/airflow/example_dags/example_complex.py
[2023-07-05T12:54:11.328+0000] {processor.py:836} INFO - DAG(s) dict_keys(['example_complex']) retrieved from /home/airflow/.local/lib/python3.7/site-packages/airflow/example_dags/example_complex.py
[2023-07-05T12:54:11.373+0000] {logging_mixin.py:149} INFO - [2023-07-05T12:54:11.373+0000] {dag.py:2726} INFO - Sync 1 DAGs
[2023-07-05T12:54:11.561+0000] {logging_mixin.py:149} INFO - [2023-07-05T12:54:11.561+0000] {dag.py:3490} INFO - Setting next_dagrun for example_complex to None, run_after=None
[2023-07-05T12:54:11.587+0000] {processor.py:179} INFO - Processing /home/airflow/.local/lib/python3.7/site-packages/airflow/example_dags/example_complex.py took 0.280 seconds
[2023-07-05T12:54:41.728+0000] {processor.py:157} INFO - Started process (PID=584) to work on /home/airflow/.local/lib/python3.7/site-packages/airflow/example_dags/example_complex.py
[2023-07-05T12:54:41.729+0000] {processor.py:826} INFO - Processing file /home/airflow/.local/lib/python3.7/site-packages/airflow/example_dags/example_complex.py for tasks to queue
[2023-07-05T12:54:41.730+0000] {logging_mixin.py:149} INFO - [2023-07-05T12:54:41.730+0000] {dagbag.py:541} INFO - Filling up the DagBag from /home/airflow/.local/lib/python3.7/site-packages/airflow/example_dags/example_complex.py
[2023-07-05T12:54:41.744+0000] {processor.py:836} INFO - DAG(s) dict_keys(['example_complex']) retrieved from /home/airflow/.local/lib/python3.7/site-packages/airflow/example_dags/example_complex.py
[2023-07-05T12:54:41.792+0000] {logging_mixin.py:149} INFO - [2023-07-05T12:54:41.791+0000] {dag.py:2726} INFO - Sync 1 DAGs
[2023-07-05T12:54:41.836+0000] {logging_mixin.py:149} INFO - [2023-07-05T12:54:41.836+0000] {dag.py:3490} INFO - Setting next_dagrun for example_complex to None, run_after=None
[2023-07-05T12:54:42.027+0000] {processor.py:179} INFO - Processing /home/airflow/.local/lib/python3.7/site-packages/airflow/example_dags/example_complex.py took 0.303 seconds
[2023-07-05T12:55:13.164+0000] {processor.py:157} INFO - Started process (PID=641) to work on /home/airflow/.local/lib/python3.7/site-packages/airflow/example_dags/example_complex.py
[2023-07-05T12:55:13.167+0000] {processor.py:826} INFO - Processing file /home/airflow/.local/lib/python3.7/site-packages/airflow/example_dags/example_complex.py for tasks to queue
[2023-07-05T12:55:13.168+0000] {logging_mixin.py:149} INFO - [2023-07-05T12:55:13.168+0000] {dagbag.py:541} INFO - Filling up the DagBag from /home/airflow/.local/lib/python3.7/site-packages/airflow/example_dags/example_complex.py
[2023-07-05T12:55:13.187+0000] {processor.py:836} INFO - DAG(s) dict_keys(['example_complex']) retrieved from /home/airflow/.local/lib/python3.7/site-packages/airflow/example_dags/example_complex.py
[2023-07-05T12:55:13.233+0000] {logging_mixin.py:149} INFO - [2023-07-05T12:55:13.233+0000] {dag.py:2726} INFO - Sync 1 DAGs
[2023-07-05T12:55:13.278+0000] {logging_mixin.py:149} INFO - [2023-07-05T12:55:13.277+0000] {dag.py:3490} INFO - Setting next_dagrun for example_complex to None, run_after=None
[2023-07-05T12:55:13.301+0000] {processor.py:179} INFO - Processing /home/airflow/.local/lib/python3.7/site-packages/airflow/example_dags/example_complex.py took 0.140 seconds
[2023-07-05T12:55:44.583+0000] {processor.py:157} INFO - Started process (PID=698) to work on /home/airflow/.local/lib/python3.7/site-packages/airflow/example_dags/example_complex.py
[2023-07-05T12:55:44.587+0000] {processor.py:826} INFO - Processing file /home/airflow/.local/lib/python3.7/site-packages/airflow/example_dags/example_complex.py for tasks to queue
[2023-07-05T12:55:44.588+0000] {logging_mixin.py:149} INFO - [2023-07-05T12:55:44.588+0000] {dagbag.py:541} INFO - Filling up the DagBag from /home/airflow/.local/lib/python3.7/site-packages/airflow/example_dags/example_complex.py
[2023-07-05T12:55:44.603+0000] {processor.py:836} INFO - DAG(s) dict_keys(['example_complex']) retrieved from /home/airflow/.local/lib/python3.7/site-packages/airflow/example_dags/example_complex.py
[2023-07-05T12:55:44.648+0000] {logging_mixin.py:149} INFO - [2023-07-05T12:55:44.648+0000] {dag.py:2726} INFO - Sync 1 DAGs
[2023-07-05T12:55:44.875+0000] {logging_mixin.py:149} INFO - [2023-07-05T12:55:44.875+0000] {dag.py:3490} INFO - Setting next_dagrun for example_complex to None, run_after=None
[2023-07-05T12:55:44.911+0000] {processor.py:179} INFO - Processing /home/airflow/.local/lib/python3.7/site-packages/airflow/example_dags/example_complex.py took 0.332 seconds
[2023-07-05T12:56:15.449+0000] {processor.py:157} INFO - Started process (PID=755) to work on /home/airflow/.local/lib/python3.7/site-packages/airflow/example_dags/example_complex.py
[2023-07-05T12:56:15.450+0000] {processor.py:826} INFO - Processing file /home/airflow/.local/lib/python3.7/site-packages/airflow/example_dags/example_complex.py for tasks to queue
[2023-07-05T12:56:15.451+0000] {logging_mixin.py:149} INFO - [2023-07-05T12:56:15.450+0000] {dagbag.py:541} INFO - Filling up the DagBag from /home/airflow/.local/lib/python3.7/site-packages/airflow/example_dags/example_complex.py
[2023-07-05T12:56:15.472+0000] {processor.py:836} INFO - DAG(s) dict_keys(['example_complex']) retrieved from /home/airflow/.local/lib/python3.7/site-packages/airflow/example_dags/example_complex.py
[2023-07-05T12:56:15.524+0000] {logging_mixin.py:149} INFO - [2023-07-05T12:56:15.524+0000] {dag.py:2726} INFO - Sync 1 DAGs
[2023-07-05T12:56:15.569+0000] {logging_mixin.py:149} INFO - [2023-07-05T12:56:15.568+0000] {dag.py:3490} INFO - Setting next_dagrun for example_complex to None, run_after=None
[2023-07-05T12:56:15.600+0000] {processor.py:179} INFO - Processing /home/airflow/.local/lib/python3.7/site-packages/airflow/example_dags/example_complex.py took 0.154 seconds
[2023-07-05T12:56:46.006+0000] {processor.py:157} INFO - Started process (PID=811) to work on /home/airflow/.local/lib/python3.7/site-packages/airflow/example_dags/example_complex.py
[2023-07-05T12:56:46.008+0000] {processor.py:826} INFO - Processing file /home/airflow/.local/lib/python3.7/site-packages/airflow/example_dags/example_complex.py for tasks to queue
[2023-07-05T12:56:46.009+0000] {logging_mixin.py:149} INFO - [2023-07-05T12:56:46.009+0000] {dagbag.py:541} INFO - Filling up the DagBag from /home/airflow/.local/lib/python3.7/site-packages/airflow/example_dags/example_complex.py
[2023-07-05T12:56:46.025+0000] {processor.py:836} INFO - DAG(s) dict_keys(['example_complex']) retrieved from /home/airflow/.local/lib/python3.7/site-packages/airflow/example_dags/example_complex.py
[2023-07-05T12:56:46.084+0000] {logging_mixin.py:149} INFO - [2023-07-05T12:56:46.084+0000] {dag.py:2726} INFO - Sync 1 DAGs
[2023-07-05T12:56:46.118+0000] {logging_mixin.py:149} INFO - [2023-07-05T12:56:46.117+0000] {dag.py:3490} INFO - Setting next_dagrun for example_complex to None, run_after=None
[2023-07-05T12:56:46.142+0000] {processor.py:179} INFO - Processing /home/airflow/.local/lib/python3.7/site-packages/airflow/example_dags/example_complex.py took 0.141 seconds
[2023-07-05T12:57:16.646+0000] {processor.py:157} INFO - Started process (PID=867) to work on /home/airflow/.local/lib/python3.7/site-packages/airflow/example_dags/example_complex.py
[2023-07-05T12:57:16.648+0000] {processor.py:826} INFO - Processing file /home/airflow/.local/lib/python3.7/site-packages/airflow/example_dags/example_complex.py for tasks to queue
[2023-07-05T12:57:16.651+0000] {logging_mixin.py:149} INFO - [2023-07-05T12:57:16.651+0000] {dagbag.py:541} INFO - Filling up the DagBag from /home/airflow/.local/lib/python3.7/site-packages/airflow/example_dags/example_complex.py
[2023-07-05T12:57:16.671+0000] {processor.py:836} INFO - DAG(s) dict_keys(['example_complex']) retrieved from /home/airflow/.local/lib/python3.7/site-packages/airflow/example_dags/example_complex.py
[2023-07-05T12:57:16.719+0000] {logging_mixin.py:149} INFO - [2023-07-05T12:57:16.719+0000] {dag.py:2726} INFO - Sync 1 DAGs
[2023-07-05T12:57:16.756+0000] {logging_mixin.py:149} INFO - [2023-07-05T12:57:16.756+0000] {dag.py:3490} INFO - Setting next_dagrun for example_complex to None, run_after=None
[2023-07-05T12:57:16.779+0000] {processor.py:179} INFO - Processing /home/airflow/.local/lib/python3.7/site-packages/airflow/example_dags/example_complex.py took 0.139 seconds
[2023-07-05T12:57:47.649+0000] {processor.py:157} INFO - Started process (PID=930) to work on /home/airflow/.local/lib/python3.7/site-packages/airflow/example_dags/example_complex.py
[2023-07-05T12:57:47.650+0000] {processor.py:826} INFO - Processing file /home/airflow/.local/lib/python3.7/site-packages/airflow/example_dags/example_complex.py for tasks to queue
[2023-07-05T12:57:47.651+0000] {logging_mixin.py:149} INFO - [2023-07-05T12:57:47.651+0000] {dagbag.py:541} INFO - Filling up the DagBag from /home/airflow/.local/lib/python3.7/site-packages/airflow/example_dags/example_complex.py
[2023-07-05T12:57:47.666+0000] {processor.py:836} INFO - DAG(s) dict_keys(['example_complex']) retrieved from /home/airflow/.local/lib/python3.7/site-packages/airflow/example_dags/example_complex.py
[2023-07-05T12:57:47.737+0000] {logging_mixin.py:149} INFO - [2023-07-05T12:57:47.736+0000] {dag.py:2726} INFO - Sync 1 DAGs
[2023-07-05T12:57:47.787+0000] {logging_mixin.py:149} INFO - [2023-07-05T12:57:47.786+0000] {dag.py:3490} INFO - Setting next_dagrun for example_complex to None, run_after=None
[2023-07-05T12:57:47.849+0000] {processor.py:179} INFO - Processing /home/airflow/.local/lib/python3.7/site-packages/airflow/example_dags/example_complex.py took 0.205 seconds
[2023-07-05T12:58:17.902+0000] {processor.py:157} INFO - Started process (PID=987) to work on /home/airflow/.local/lib/python3.7/site-packages/airflow/example_dags/example_complex.py
[2023-07-05T12:58:17.904+0000] {processor.py:826} INFO - Processing file /home/airflow/.local/lib/python3.7/site-packages/airflow/example_dags/example_complex.py for tasks to queue
[2023-07-05T12:58:17.905+0000] {logging_mixin.py:149} INFO - [2023-07-05T12:58:17.905+0000] {dagbag.py:541} INFO - Filling up the DagBag from /home/airflow/.local/lib/python3.7/site-packages/airflow/example_dags/example_complex.py
[2023-07-05T12:58:17.922+0000] {processor.py:836} INFO - DAG(s) dict_keys(['example_complex']) retrieved from /home/airflow/.local/lib/python3.7/site-packages/airflow/example_dags/example_complex.py
[2023-07-05T12:58:17.980+0000] {logging_mixin.py:149} INFO - [2023-07-05T12:58:17.980+0000] {dag.py:2726} INFO - Sync 1 DAGs
[2023-07-05T12:58:18.024+0000] {logging_mixin.py:149} INFO - [2023-07-05T12:58:18.024+0000] {dag.py:3490} INFO - Setting next_dagrun for example_complex to None, run_after=None
[2023-07-05T12:58:18.049+0000] {processor.py:179} INFO - Processing /home/airflow/.local/lib/python3.7/site-packages/airflow/example_dags/example_complex.py took 0.151 seconds
[2023-07-05T12:58:48.140+0000] {processor.py:157} INFO - Started process (PID=1042) to work on /home/airflow/.local/lib/python3.7/site-packages/airflow/example_dags/example_complex.py
[2023-07-05T12:58:48.141+0000] {processor.py:826} INFO - Processing file /home/airflow/.local/lib/python3.7/site-packages/airflow/example_dags/example_complex.py for tasks to queue
[2023-07-05T12:58:48.141+0000] {logging_mixin.py:149} INFO - [2023-07-05T12:58:48.141+0000] {dagbag.py:541} INFO - Filling up the DagBag from /home/airflow/.local/lib/python3.7/site-packages/airflow/example_dags/example_complex.py
[2023-07-05T12:58:48.157+0000] {processor.py:836} INFO - DAG(s) dict_keys(['example_complex']) retrieved from /home/airflow/.local/lib/python3.7/site-packages/airflow/example_dags/example_complex.py
[2023-07-05T12:58:48.205+0000] {logging_mixin.py:149} INFO - [2023-07-05T12:58:48.205+0000] {dag.py:2726} INFO - Sync 1 DAGs
[2023-07-05T12:58:48.237+0000] {logging_mixin.py:149} INFO - [2023-07-05T12:58:48.237+0000] {dag.py:3490} INFO - Setting next_dagrun for example_complex to None, run_after=None
[2023-07-05T12:58:48.261+0000] {processor.py:179} INFO - Processing /home/airflow/.local/lib/python3.7/site-packages/airflow/example_dags/example_complex.py took 0.125 seconds
[2023-07-05T12:59:18.575+0000] {processor.py:157} INFO - Started process (PID=1099) to work on /home/airflow/.local/lib/python3.7/site-packages/airflow/example_dags/example_complex.py
[2023-07-05T12:59:18.576+0000] {processor.py:826} INFO - Processing file /home/airflow/.local/lib/python3.7/site-packages/airflow/example_dags/example_complex.py for tasks to queue
[2023-07-05T12:59:18.577+0000] {logging_mixin.py:149} INFO - [2023-07-05T12:59:18.577+0000] {dagbag.py:541} INFO - Filling up the DagBag from /home/airflow/.local/lib/python3.7/site-packages/airflow/example_dags/example_complex.py
[2023-07-05T12:59:18.592+0000] {processor.py:836} INFO - DAG(s) dict_keys(['example_complex']) retrieved from /home/airflow/.local/lib/python3.7/site-packages/airflow/example_dags/example_complex.py
[2023-07-05T12:59:18.639+0000] {logging_mixin.py:149} INFO - [2023-07-05T12:59:18.639+0000] {dag.py:2726} INFO - Sync 1 DAGs
[2023-07-05T12:59:18.682+0000] {logging_mixin.py:149} INFO - [2023-07-05T12:59:18.682+0000] {dag.py:3490} INFO - Setting next_dagrun for example_complex to None, run_after=None
[2023-07-05T12:59:18.725+0000] {processor.py:179} INFO - Processing /home/airflow/.local/lib/python3.7/site-packages/airflow/example_dags/example_complex.py took 0.153 seconds
[2023-07-05T12:59:48.850+0000] {processor.py:157} INFO - Started process (PID=1156) to work on /home/airflow/.local/lib/python3.7/site-packages/airflow/example_dags/example_complex.py
[2023-07-05T12:59:48.851+0000] {processor.py:826} INFO - Processing file /home/airflow/.local/lib/python3.7/site-packages/airflow/example_dags/example_complex.py for tasks to queue
[2023-07-05T12:59:48.852+0000] {logging_mixin.py:149} INFO - [2023-07-05T12:59:48.852+0000] {dagbag.py:541} INFO - Filling up the DagBag from /home/airflow/.local/lib/python3.7/site-packages/airflow/example_dags/example_complex.py
[2023-07-05T12:59:48.871+0000] {processor.py:836} INFO - DAG(s) dict_keys(['example_complex']) retrieved from /home/airflow/.local/lib/python3.7/site-packages/airflow/example_dags/example_complex.py
[2023-07-05T12:59:48.920+0000] {logging_mixin.py:149} INFO - [2023-07-05T12:59:48.920+0000] {dag.py:2726} INFO - Sync 1 DAGs
[2023-07-05T12:59:48.956+0000] {logging_mixin.py:149} INFO - [2023-07-05T12:59:48.956+0000] {dag.py:3490} INFO - Setting next_dagrun for example_complex to None, run_after=None
[2023-07-05T12:59:48.983+0000] {processor.py:179} INFO - Processing /home/airflow/.local/lib/python3.7/site-packages/airflow/example_dags/example_complex.py took 0.137 seconds
[2023-07-05T13:00:19.646+0000] {processor.py:157} INFO - Started process (PID=1213) to work on /home/airflow/.local/lib/python3.7/site-packages/airflow/example_dags/example_complex.py
[2023-07-05T13:00:19.647+0000] {processor.py:826} INFO - Processing file /home/airflow/.local/lib/python3.7/site-packages/airflow/example_dags/example_complex.py for tasks to queue
[2023-07-05T13:00:19.649+0000] {logging_mixin.py:149} INFO - [2023-07-05T13:00:19.649+0000] {dagbag.py:541} INFO - Filling up the DagBag from /home/airflow/.local/lib/python3.7/site-packages/airflow/example_dags/example_complex.py
[2023-07-05T13:00:19.669+0000] {processor.py:836} INFO - DAG(s) dict_keys(['example_complex']) retrieved from /home/airflow/.local/lib/python3.7/site-packages/airflow/example_dags/example_complex.py
[2023-07-05T13:00:19.722+0000] {logging_mixin.py:149} INFO - [2023-07-05T13:00:19.722+0000] {dag.py:2726} INFO - Sync 1 DAGs
[2023-07-05T13:00:19.762+0000] {logging_mixin.py:149} INFO - [2023-07-05T13:00:19.762+0000] {dag.py:3490} INFO - Setting next_dagrun for example_complex to None, run_after=None
[2023-07-05T13:00:19.794+0000] {processor.py:179} INFO - Processing /home/airflow/.local/lib/python3.7/site-packages/airflow/example_dags/example_complex.py took 0.157 seconds
[2023-07-05T13:00:50.156+0000] {processor.py:157} INFO - Started process (PID=1270) to work on /home/airflow/.local/lib/python3.7/site-packages/airflow/example_dags/example_complex.py
[2023-07-05T13:00:50.160+0000] {processor.py:826} INFO - Processing file /home/airflow/.local/lib/python3.7/site-packages/airflow/example_dags/example_complex.py for tasks to queue
[2023-07-05T13:00:50.161+0000] {logging_mixin.py:149} INFO - [2023-07-05T13:00:50.161+0000] {dagbag.py:541} INFO - Filling up the DagBag from /home/airflow/.local/lib/python3.7/site-packages/airflow/example_dags/example_complex.py
[2023-07-05T13:00:50.181+0000] {processor.py:836} INFO - DAG(s) dict_keys(['example_complex']) retrieved from /home/airflow/.local/lib/python3.7/site-packages/airflow/example_dags/example_complex.py
[2023-07-05T13:00:50.237+0000] {logging_mixin.py:149} INFO - [2023-07-05T13:00:50.237+0000] {dag.py:2726} INFO - Sync 1 DAGs
[2023-07-05T13:00:50.288+0000] {logging_mixin.py:149} INFO - [2023-07-05T13:00:50.287+0000] {dag.py:3490} INFO - Setting next_dagrun for example_complex to None, run_after=None
[2023-07-05T13:00:50.333+0000] {processor.py:179} INFO - Processing /home/airflow/.local/lib/python3.7/site-packages/airflow/example_dags/example_complex.py took 0.182 seconds
[2023-07-05T13:01:20.403+0000] {processor.py:157} INFO - Started process (PID=1328) to work on /home/airflow/.local/lib/python3.7/site-packages/airflow/example_dags/example_complex.py
[2023-07-05T13:01:20.418+0000] {processor.py:826} INFO - Processing file /home/airflow/.local/lib/python3.7/site-packages/airflow/example_dags/example_complex.py for tasks to queue
[2023-07-05T13:01:20.420+0000] {logging_mixin.py:149} INFO - [2023-07-05T13:01:20.419+0000] {dagbag.py:541} INFO - Filling up the DagBag from /home/airflow/.local/lib/python3.7/site-packages/airflow/example_dags/example_complex.py
[2023-07-05T13:01:20.466+0000] {processor.py:836} INFO - DAG(s) dict_keys(['example_complex']) retrieved from /home/airflow/.local/lib/python3.7/site-packages/airflow/example_dags/example_complex.py
[2023-07-05T13:01:20.531+0000] {logging_mixin.py:149} INFO - [2023-07-05T13:01:20.530+0000] {dag.py:2726} INFO - Sync 1 DAGs
[2023-07-05T13:01:20.573+0000] {logging_mixin.py:149} INFO - [2023-07-05T13:01:20.573+0000] {dag.py:3490} INFO - Setting next_dagrun for example_complex to None, run_after=None
[2023-07-05T13:01:20.608+0000] {processor.py:179} INFO - Processing /home/airflow/.local/lib/python3.7/site-packages/airflow/example_dags/example_complex.py took 0.209 seconds
[2023-07-05T13:01:51.544+0000] {processor.py:157} INFO - Started process (PID=1385) to work on /home/airflow/.local/lib/python3.7/site-packages/airflow/example_dags/example_complex.py
[2023-07-05T13:01:51.546+0000] {processor.py:826} INFO - Processing file /home/airflow/.local/lib/python3.7/site-packages/airflow/example_dags/example_complex.py for tasks to queue
[2023-07-05T13:01:51.546+0000] {logging_mixin.py:149} INFO - [2023-07-05T13:01:51.546+0000] {dagbag.py:541} INFO - Filling up the DagBag from /home/airflow/.local/lib/python3.7/site-packages/airflow/example_dags/example_complex.py
[2023-07-05T13:01:51.562+0000] {processor.py:836} INFO - DAG(s) dict_keys(['example_complex']) retrieved from /home/airflow/.local/lib/python3.7/site-packages/airflow/example_dags/example_complex.py
[2023-07-05T13:01:51.614+0000] {logging_mixin.py:149} INFO - [2023-07-05T13:01:51.614+0000] {dag.py:2726} INFO - Sync 1 DAGs
[2023-07-05T13:01:51.647+0000] {logging_mixin.py:149} INFO - [2023-07-05T13:01:51.647+0000] {dag.py:3490} INFO - Setting next_dagrun for example_complex to None, run_after=None
[2023-07-05T13:01:51.672+0000] {processor.py:179} INFO - Processing /home/airflow/.local/lib/python3.7/site-packages/airflow/example_dags/example_complex.py took 0.131 seconds
[2023-07-05T13:02:21.814+0000] {processor.py:157} INFO - Started process (PID=1442) to work on /home/airflow/.local/lib/python3.7/site-packages/airflow/example_dags/example_complex.py
[2023-07-05T13:02:21.815+0000] {processor.py:826} INFO - Processing file /home/airflow/.local/lib/python3.7/site-packages/airflow/example_dags/example_complex.py for tasks to queue
[2023-07-05T13:02:21.816+0000] {logging_mixin.py:149} INFO - [2023-07-05T13:02:21.816+0000] {dagbag.py:541} INFO - Filling up the DagBag from /home/airflow/.local/lib/python3.7/site-packages/airflow/example_dags/example_complex.py
[2023-07-05T13:02:21.830+0000] {processor.py:836} INFO - DAG(s) dict_keys(['example_complex']) retrieved from /home/airflow/.local/lib/python3.7/site-packages/airflow/example_dags/example_complex.py
[2023-07-05T13:02:21.875+0000] {logging_mixin.py:149} INFO - [2023-07-05T13:02:21.875+0000] {dag.py:2726} INFO - Sync 1 DAGs
[2023-07-05T13:02:21.911+0000] {logging_mixin.py:149} INFO - [2023-07-05T13:02:21.911+0000] {dag.py:3490} INFO - Setting next_dagrun for example_complex to None, run_after=None
[2023-07-05T13:02:21.938+0000] {processor.py:179} INFO - Processing /home/airflow/.local/lib/python3.7/site-packages/airflow/example_dags/example_complex.py took 0.127 seconds
[2023-07-05T13:02:52.099+0000] {processor.py:157} INFO - Started process (PID=1499) to work on /home/airflow/.local/lib/python3.7/site-packages/airflow/example_dags/example_complex.py
[2023-07-05T13:02:52.101+0000] {processor.py:826} INFO - Processing file /home/airflow/.local/lib/python3.7/site-packages/airflow/example_dags/example_complex.py for tasks to queue
[2023-07-05T13:02:52.101+0000] {logging_mixin.py:149} INFO - [2023-07-05T13:02:52.101+0000] {dagbag.py:541} INFO - Filling up the DagBag from /home/airflow/.local/lib/python3.7/site-packages/airflow/example_dags/example_complex.py
[2023-07-05T13:02:52.120+0000] {processor.py:836} INFO - DAG(s) dict_keys(['example_complex']) retrieved from /home/airflow/.local/lib/python3.7/site-packages/airflow/example_dags/example_complex.py
[2023-07-05T13:02:52.174+0000] {logging_mixin.py:149} INFO - [2023-07-05T13:02:52.174+0000] {dag.py:2726} INFO - Sync 1 DAGs
[2023-07-05T13:02:52.216+0000] {logging_mixin.py:149} INFO - [2023-07-05T13:02:52.216+0000] {dag.py:3490} INFO - Setting next_dagrun for example_complex to None, run_after=None
[2023-07-05T13:02:52.249+0000] {processor.py:179} INFO - Processing /home/airflow/.local/lib/python3.7/site-packages/airflow/example_dags/example_complex.py took 0.155 seconds
[2023-07-05T13:03:22.451+0000] {processor.py:157} INFO - Started process (PID=1556) to work on /home/airflow/.local/lib/python3.7/site-packages/airflow/example_dags/example_complex.py
[2023-07-05T13:03:22.452+0000] {processor.py:826} INFO - Processing file /home/airflow/.local/lib/python3.7/site-packages/airflow/example_dags/example_complex.py for tasks to queue
[2023-07-05T13:03:22.453+0000] {logging_mixin.py:149} INFO - [2023-07-05T13:03:22.453+0000] {dagbag.py:541} INFO - Filling up the DagBag from /home/airflow/.local/lib/python3.7/site-packages/airflow/example_dags/example_complex.py
[2023-07-05T13:03:22.469+0000] {processor.py:836} INFO - DAG(s) dict_keys(['example_complex']) retrieved from /home/airflow/.local/lib/python3.7/site-packages/airflow/example_dags/example_complex.py
[2023-07-05T13:03:22.520+0000] {logging_mixin.py:149} INFO - [2023-07-05T13:03:22.519+0000] {dag.py:2726} INFO - Sync 1 DAGs
[2023-07-05T13:03:22.559+0000] {logging_mixin.py:149} INFO - [2023-07-05T13:03:22.558+0000] {dag.py:3490} INFO - Setting next_dagrun for example_complex to None, run_after=None
[2023-07-05T13:03:22.591+0000] {processor.py:179} INFO - Processing /home/airflow/.local/lib/python3.7/site-packages/airflow/example_dags/example_complex.py took 0.144 seconds
[2023-07-05T13:03:52.845+0000] {processor.py:157} INFO - Started process (PID=1613) to work on /home/airflow/.local/lib/python3.7/site-packages/airflow/example_dags/example_complex.py
[2023-07-05T13:03:52.846+0000] {processor.py:826} INFO - Processing file /home/airflow/.local/lib/python3.7/site-packages/airflow/example_dags/example_complex.py for tasks to queue
[2023-07-05T13:03:52.847+0000] {logging_mixin.py:149} INFO - [2023-07-05T13:03:52.847+0000] {dagbag.py:541} INFO - Filling up the DagBag from /home/airflow/.local/lib/python3.7/site-packages/airflow/example_dags/example_complex.py
[2023-07-05T13:03:52.862+0000] {processor.py:836} INFO - DAG(s) dict_keys(['example_complex']) retrieved from /home/airflow/.local/lib/python3.7/site-packages/airflow/example_dags/example_complex.py
[2023-07-05T13:03:52.919+0000] {logging_mixin.py:149} INFO - [2023-07-05T13:03:52.919+0000] {dag.py:2726} INFO - Sync 1 DAGs
[2023-07-05T13:03:52.963+0000] {logging_mixin.py:149} INFO - [2023-07-05T13:03:52.963+0000] {dag.py:3490} INFO - Setting next_dagrun for example_complex to None, run_after=None
[2023-07-05T13:03:52.989+0000] {processor.py:179} INFO - Processing /home/airflow/.local/lib/python3.7/site-packages/airflow/example_dags/example_complex.py took 0.147 seconds
[2023-07-05T13:04:23.309+0000] {processor.py:157} INFO - Started process (PID=1669) to work on /home/airflow/.local/lib/python3.7/site-packages/airflow/example_dags/example_complex.py
[2023-07-05T13:04:23.311+0000] {processor.py:826} INFO - Processing file /home/airflow/.local/lib/python3.7/site-packages/airflow/example_dags/example_complex.py for tasks to queue
[2023-07-05T13:04:23.312+0000] {logging_mixin.py:149} INFO - [2023-07-05T13:04:23.311+0000] {dagbag.py:541} INFO - Filling up the DagBag from /home/airflow/.local/lib/python3.7/site-packages/airflow/example_dags/example_complex.py
[2023-07-05T13:04:23.335+0000] {processor.py:836} INFO - DAG(s) dict_keys(['example_complex']) retrieved from /home/airflow/.local/lib/python3.7/site-packages/airflow/example_dags/example_complex.py
[2023-07-05T13:04:23.382+0000] {logging_mixin.py:149} INFO - [2023-07-05T13:04:23.381+0000] {dag.py:2726} INFO - Sync 1 DAGs
[2023-07-05T13:04:23.422+0000] {logging_mixin.py:149} INFO - [2023-07-05T13:04:23.421+0000] {dag.py:3490} INFO - Setting next_dagrun for example_complex to None, run_after=None
[2023-07-05T13:04:23.468+0000] {processor.py:179} INFO - Processing /home/airflow/.local/lib/python3.7/site-packages/airflow/example_dags/example_complex.py took 0.163 seconds
[2023-07-05T13:04:53.635+0000] {processor.py:157} INFO - Started process (PID=1727) to work on /home/airflow/.local/lib/python3.7/site-packages/airflow/example_dags/example_complex.py
[2023-07-05T13:04:53.636+0000] {processor.py:826} INFO - Processing file /home/airflow/.local/lib/python3.7/site-packages/airflow/example_dags/example_complex.py for tasks to queue
[2023-07-05T13:04:53.636+0000] {logging_mixin.py:149} INFO - [2023-07-05T13:04:53.636+0000] {dagbag.py:541} INFO - Filling up the DagBag from /home/airflow/.local/lib/python3.7/site-packages/airflow/example_dags/example_complex.py
[2023-07-05T13:04:53.656+0000] {processor.py:836} INFO - DAG(s) dict_keys(['example_complex']) retrieved from /home/airflow/.local/lib/python3.7/site-packages/airflow/example_dags/example_complex.py
[2023-07-05T13:04:53.711+0000] {logging_mixin.py:149} INFO - [2023-07-05T13:04:53.711+0000] {dag.py:2726} INFO - Sync 1 DAGs
[2023-07-05T13:04:53.744+0000] {logging_mixin.py:149} INFO - [2023-07-05T13:04:53.744+0000] {dag.py:3490} INFO - Setting next_dagrun for example_complex to None, run_after=None
[2023-07-05T13:04:53.768+0000] {processor.py:179} INFO - Processing /home/airflow/.local/lib/python3.7/site-packages/airflow/example_dags/example_complex.py took 0.137 seconds
[2023-07-05T13:05:23.898+0000] {processor.py:157} INFO - Started process (PID=1785) to work on /home/airflow/.local/lib/python3.7/site-packages/airflow/example_dags/example_complex.py
[2023-07-05T13:05:23.899+0000] {processor.py:826} INFO - Processing file /home/airflow/.local/lib/python3.7/site-packages/airflow/example_dags/example_complex.py for tasks to queue
[2023-07-05T13:05:23.900+0000] {logging_mixin.py:149} INFO - [2023-07-05T13:05:23.900+0000] {dagbag.py:541} INFO - Filling up the DagBag from /home/airflow/.local/lib/python3.7/site-packages/airflow/example_dags/example_complex.py
[2023-07-05T13:05:23.917+0000] {processor.py:836} INFO - DAG(s) dict_keys(['example_complex']) retrieved from /home/airflow/.local/lib/python3.7/site-packages/airflow/example_dags/example_complex.py
[2023-07-05T13:05:23.969+0000] {logging_mixin.py:149} INFO - [2023-07-05T13:05:23.968+0000] {dag.py:2726} INFO - Sync 1 DAGs
[2023-07-05T13:05:24.004+0000] {logging_mixin.py:149} INFO - [2023-07-05T13:05:24.003+0000] {dag.py:3490} INFO - Setting next_dagrun for example_complex to None, run_after=None
[2023-07-05T13:05:24.030+0000] {processor.py:179} INFO - Processing /home/airflow/.local/lib/python3.7/site-packages/airflow/example_dags/example_complex.py took 0.137 seconds
[2023-07-05T13:05:54.107+0000] {processor.py:157} INFO - Started process (PID=1841) to work on /home/airflow/.local/lib/python3.7/site-packages/airflow/example_dags/example_complex.py
[2023-07-05T13:05:54.109+0000] {processor.py:826} INFO - Processing file /home/airflow/.local/lib/python3.7/site-packages/airflow/example_dags/example_complex.py for tasks to queue
[2023-07-05T13:05:54.110+0000] {logging_mixin.py:149} INFO - [2023-07-05T13:05:54.110+0000] {dagbag.py:541} INFO - Filling up the DagBag from /home/airflow/.local/lib/python3.7/site-packages/airflow/example_dags/example_complex.py
[2023-07-05T13:05:54.128+0000] {processor.py:836} INFO - DAG(s) dict_keys(['example_complex']) retrieved from /home/airflow/.local/lib/python3.7/site-packages/airflow/example_dags/example_complex.py
[2023-07-05T13:05:54.185+0000] {logging_mixin.py:149} INFO - [2023-07-05T13:05:54.185+0000] {dag.py:2726} INFO - Sync 1 DAGs
[2023-07-05T13:05:54.244+0000] {logging_mixin.py:149} INFO - [2023-07-05T13:05:54.244+0000] {dag.py:3490} INFO - Setting next_dagrun for example_complex to None, run_after=None
[2023-07-05T13:05:54.275+0000] {processor.py:179} INFO - Processing /home/airflow/.local/lib/python3.7/site-packages/airflow/example_dags/example_complex.py took 0.172 seconds
[2023-07-05T13:06:25.084+0000] {processor.py:157} INFO - Started process (PID=1898) to work on /home/airflow/.local/lib/python3.7/site-packages/airflow/example_dags/example_complex.py
[2023-07-05T13:06:25.085+0000] {processor.py:826} INFO - Processing file /home/airflow/.local/lib/python3.7/site-packages/airflow/example_dags/example_complex.py for tasks to queue
[2023-07-05T13:06:25.086+0000] {logging_mixin.py:149} INFO - [2023-07-05T13:06:25.086+0000] {dagbag.py:541} INFO - Filling up the DagBag from /home/airflow/.local/lib/python3.7/site-packages/airflow/example_dags/example_complex.py
[2023-07-05T13:06:25.100+0000] {processor.py:836} INFO - DAG(s) dict_keys(['example_complex']) retrieved from /home/airflow/.local/lib/python3.7/site-packages/airflow/example_dags/example_complex.py
[2023-07-05T13:06:25.162+0000] {logging_mixin.py:149} INFO - [2023-07-05T13:06:25.162+0000] {dag.py:2726} INFO - Sync 1 DAGs
[2023-07-05T13:06:25.209+0000] {logging_mixin.py:149} INFO - [2023-07-05T13:06:25.209+0000] {dag.py:3490} INFO - Setting next_dagrun for example_complex to None, run_after=None
[2023-07-05T13:06:25.244+0000] {processor.py:179} INFO - Processing /home/airflow/.local/lib/python3.7/site-packages/airflow/example_dags/example_complex.py took 0.164 seconds
[2023-07-05T13:06:56.068+0000] {processor.py:157} INFO - Started process (PID=1955) to work on /home/airflow/.local/lib/python3.7/site-packages/airflow/example_dags/example_complex.py
[2023-07-05T13:06:56.070+0000] {processor.py:826} INFO - Processing file /home/airflow/.local/lib/python3.7/site-packages/airflow/example_dags/example_complex.py for tasks to queue
[2023-07-05T13:06:56.070+0000] {logging_mixin.py:149} INFO - [2023-07-05T13:06:56.070+0000] {dagbag.py:541} INFO - Filling up the DagBag from /home/airflow/.local/lib/python3.7/site-packages/airflow/example_dags/example_complex.py
[2023-07-05T13:06:56.085+0000] {processor.py:836} INFO - DAG(s) dict_keys(['example_complex']) retrieved from /home/airflow/.local/lib/python3.7/site-packages/airflow/example_dags/example_complex.py
[2023-07-05T13:06:56.136+0000] {logging_mixin.py:149} INFO - [2023-07-05T13:06:56.136+0000] {dag.py:2726} INFO - Sync 1 DAGs
[2023-07-05T13:06:56.167+0000] {logging_mixin.py:149} INFO - [2023-07-05T13:06:56.167+0000] {dag.py:3490} INFO - Setting next_dagrun for example_complex to None, run_after=None
[2023-07-05T13:06:56.190+0000] {processor.py:179} INFO - Processing /home/airflow/.local/lib/python3.7/site-packages/airflow/example_dags/example_complex.py took 0.126 seconds
[2023-07-05T13:07:26.338+0000] {processor.py:157} INFO - Started process (PID=2012) to work on /home/airflow/.local/lib/python3.7/site-packages/airflow/example_dags/example_complex.py
[2023-07-05T13:07:26.341+0000] {processor.py:826} INFO - Processing file /home/airflow/.local/lib/python3.7/site-packages/airflow/example_dags/example_complex.py for tasks to queue
[2023-07-05T13:07:26.342+0000] {logging_mixin.py:149} INFO - [2023-07-05T13:07:26.342+0000] {dagbag.py:541} INFO - Filling up the DagBag from /home/airflow/.local/lib/python3.7/site-packages/airflow/example_dags/example_complex.py
[2023-07-05T13:07:26.356+0000] {processor.py:836} INFO - DAG(s) dict_keys(['example_complex']) retrieved from /home/airflow/.local/lib/python3.7/site-packages/airflow/example_dags/example_complex.py
[2023-07-05T13:07:26.405+0000] {logging_mixin.py:149} INFO - [2023-07-05T13:07:26.405+0000] {dag.py:2726} INFO - Sync 1 DAGs
[2023-07-05T13:07:26.441+0000] {logging_mixin.py:149} INFO - [2023-07-05T13:07:26.441+0000] {dag.py:3490} INFO - Setting next_dagrun for example_complex to None, run_after=None
[2023-07-05T13:07:26.485+0000] {processor.py:179} INFO - Processing /home/airflow/.local/lib/python3.7/site-packages/airflow/example_dags/example_complex.py took 0.152 seconds
[2023-07-05T13:07:56.658+0000] {processor.py:157} INFO - Started process (PID=2068) to work on /home/airflow/.local/lib/python3.7/site-packages/airflow/example_dags/example_complex.py
[2023-07-05T13:07:56.659+0000] {processor.py:826} INFO - Processing file /home/airflow/.local/lib/python3.7/site-packages/airflow/example_dags/example_complex.py for tasks to queue
[2023-07-05T13:07:56.660+0000] {logging_mixin.py:149} INFO - [2023-07-05T13:07:56.660+0000] {dagbag.py:541} INFO - Filling up the DagBag from /home/airflow/.local/lib/python3.7/site-packages/airflow/example_dags/example_complex.py
[2023-07-05T13:07:56.674+0000] {processor.py:836} INFO - DAG(s) dict_keys(['example_complex']) retrieved from /home/airflow/.local/lib/python3.7/site-packages/airflow/example_dags/example_complex.py
[2023-07-05T13:07:56.722+0000] {logging_mixin.py:149} INFO - [2023-07-05T13:07:56.722+0000] {dag.py:2726} INFO - Sync 1 DAGs
[2023-07-05T13:07:56.760+0000] {logging_mixin.py:149} INFO - [2023-07-05T13:07:56.760+0000] {dag.py:3490} INFO - Setting next_dagrun for example_complex to None, run_after=None
[2023-07-05T13:07:56.793+0000] {processor.py:179} INFO - Processing /home/airflow/.local/lib/python3.7/site-packages/airflow/example_dags/example_complex.py took 0.140 seconds
[2023-07-05T13:08:26.878+0000] {processor.py:157} INFO - Started process (PID=2125) to work on /home/airflow/.local/lib/python3.7/site-packages/airflow/example_dags/example_complex.py
[2023-07-05T13:08:26.879+0000] {processor.py:826} INFO - Processing file /home/airflow/.local/lib/python3.7/site-packages/airflow/example_dags/example_complex.py for tasks to queue
[2023-07-05T13:08:26.880+0000] {logging_mixin.py:149} INFO - [2023-07-05T13:08:26.880+0000] {dagbag.py:541} INFO - Filling up the DagBag from /home/airflow/.local/lib/python3.7/site-packages/airflow/example_dags/example_complex.py
[2023-07-05T13:08:26.898+0000] {processor.py:836} INFO - DAG(s) dict_keys(['example_complex']) retrieved from /home/airflow/.local/lib/python3.7/site-packages/airflow/example_dags/example_complex.py
[2023-07-05T13:08:26.957+0000] {logging_mixin.py:149} INFO - [2023-07-05T13:08:26.957+0000] {dag.py:2726} INFO - Sync 1 DAGs
[2023-07-05T13:08:26.995+0000] {logging_mixin.py:149} INFO - [2023-07-05T13:08:26.995+0000] {dag.py:3490} INFO - Setting next_dagrun for example_complex to None, run_after=None
[2023-07-05T13:08:27.022+0000] {processor.py:179} INFO - Processing /home/airflow/.local/lib/python3.7/site-packages/airflow/example_dags/example_complex.py took 0.148 seconds
[2023-07-05T13:08:57.390+0000] {processor.py:157} INFO - Started process (PID=2182) to work on /home/airflow/.local/lib/python3.7/site-packages/airflow/example_dags/example_complex.py
[2023-07-05T13:08:57.391+0000] {processor.py:826} INFO - Processing file /home/airflow/.local/lib/python3.7/site-packages/airflow/example_dags/example_complex.py for tasks to queue
[2023-07-05T13:08:57.392+0000] {logging_mixin.py:149} INFO - [2023-07-05T13:08:57.392+0000] {dagbag.py:541} INFO - Filling up the DagBag from /home/airflow/.local/lib/python3.7/site-packages/airflow/example_dags/example_complex.py
[2023-07-05T13:08:57.409+0000] {processor.py:836} INFO - DAG(s) dict_keys(['example_complex']) retrieved from /home/airflow/.local/lib/python3.7/site-packages/airflow/example_dags/example_complex.py
[2023-07-05T13:08:57.457+0000] {logging_mixin.py:149} INFO - [2023-07-05T13:08:57.457+0000] {dag.py:2726} INFO - Sync 1 DAGs
[2023-07-05T13:08:57.496+0000] {logging_mixin.py:149} INFO - [2023-07-05T13:08:57.495+0000] {dag.py:3490} INFO - Setting next_dagrun for example_complex to None, run_after=None
[2023-07-05T13:08:57.519+0000] {processor.py:179} INFO - Processing /home/airflow/.local/lib/python3.7/site-packages/airflow/example_dags/example_complex.py took 0.134 seconds
[2023-07-05T13:09:28.046+0000] {processor.py:157} INFO - Started process (PID=2239) to work on /home/airflow/.local/lib/python3.7/site-packages/airflow/example_dags/example_complex.py
[2023-07-05T13:09:28.047+0000] {processor.py:826} INFO - Processing file /home/airflow/.local/lib/python3.7/site-packages/airflow/example_dags/example_complex.py for tasks to queue
[2023-07-05T13:09:28.048+0000] {logging_mixin.py:149} INFO - [2023-07-05T13:09:28.048+0000] {dagbag.py:541} INFO - Filling up the DagBag from /home/airflow/.local/lib/python3.7/site-packages/airflow/example_dags/example_complex.py
[2023-07-05T13:09:28.062+0000] {processor.py:836} INFO - DAG(s) dict_keys(['example_complex']) retrieved from /home/airflow/.local/lib/python3.7/site-packages/airflow/example_dags/example_complex.py
[2023-07-05T13:09:28.114+0000] {logging_mixin.py:149} INFO - [2023-07-05T13:09:28.114+0000] {dag.py:2726} INFO - Sync 1 DAGs
[2023-07-05T13:09:28.159+0000] {logging_mixin.py:149} INFO - [2023-07-05T13:09:28.159+0000] {dag.py:3490} INFO - Setting next_dagrun for example_complex to None, run_after=None
[2023-07-05T13:09:28.189+0000] {processor.py:179} INFO - Processing /home/airflow/.local/lib/python3.7/site-packages/airflow/example_dags/example_complex.py took 0.147 seconds
[2023-07-05T13:09:58.456+0000] {processor.py:157} INFO - Started process (PID=2296) to work on /home/airflow/.local/lib/python3.7/site-packages/airflow/example_dags/example_complex.py
[2023-07-05T13:09:58.460+0000] {processor.py:826} INFO - Processing file /home/airflow/.local/lib/python3.7/site-packages/airflow/example_dags/example_complex.py for tasks to queue
[2023-07-05T13:09:58.462+0000] {logging_mixin.py:149} INFO - [2023-07-05T13:09:58.461+0000] {dagbag.py:541} INFO - Filling up the DagBag from /home/airflow/.local/lib/python3.7/site-packages/airflow/example_dags/example_complex.py
[2023-07-05T13:09:58.481+0000] {processor.py:836} INFO - DAG(s) dict_keys(['example_complex']) retrieved from /home/airflow/.local/lib/python3.7/site-packages/airflow/example_dags/example_complex.py
[2023-07-05T13:09:58.528+0000] {logging_mixin.py:149} INFO - [2023-07-05T13:09:58.528+0000] {dag.py:2726} INFO - Sync 1 DAGs
[2023-07-05T13:09:58.557+0000] {logging_mixin.py:149} INFO - [2023-07-05T13:09:58.557+0000] {dag.py:3490} INFO - Setting next_dagrun for example_complex to None, run_after=None
[2023-07-05T13:09:58.580+0000] {processor.py:179} INFO - Processing /home/airflow/.local/lib/python3.7/site-packages/airflow/example_dags/example_complex.py took 0.128 seconds
[2023-07-05T13:10:28.818+0000] {processor.py:157} INFO - Started process (PID=2353) to work on /home/airflow/.local/lib/python3.7/site-packages/airflow/example_dags/example_complex.py
[2023-07-05T13:10:28.820+0000] {processor.py:826} INFO - Processing file /home/airflow/.local/lib/python3.7/site-packages/airflow/example_dags/example_complex.py for tasks to queue
[2023-07-05T13:10:28.822+0000] {logging_mixin.py:149} INFO - [2023-07-05T13:10:28.821+0000] {dagbag.py:541} INFO - Filling up the DagBag from /home/airflow/.local/lib/python3.7/site-packages/airflow/example_dags/example_complex.py
[2023-07-05T13:10:28.841+0000] {processor.py:836} INFO - DAG(s) dict_keys(['example_complex']) retrieved from /home/airflow/.local/lib/python3.7/site-packages/airflow/example_dags/example_complex.py
[2023-07-05T13:10:28.904+0000] {logging_mixin.py:149} INFO - [2023-07-05T13:10:28.903+0000] {dag.py:2726} INFO - Sync 1 DAGs
[2023-07-05T13:10:28.945+0000] {logging_mixin.py:149} INFO - [2023-07-05T13:10:28.944+0000] {dag.py:3490} INFO - Setting next_dagrun for example_complex to None, run_after=None
[2023-07-05T13:10:28.979+0000] {processor.py:179} INFO - Processing /home/airflow/.local/lib/python3.7/site-packages/airflow/example_dags/example_complex.py took 0.167 seconds
[2023-07-05T13:10:59.113+0000] {processor.py:157} INFO - Started process (PID=2410) to work on /home/airflow/.local/lib/python3.7/site-packages/airflow/example_dags/example_complex.py
[2023-07-05T13:10:59.114+0000] {processor.py:826} INFO - Processing file /home/airflow/.local/lib/python3.7/site-packages/airflow/example_dags/example_complex.py for tasks to queue
[2023-07-05T13:10:59.115+0000] {logging_mixin.py:149} INFO - [2023-07-05T13:10:59.115+0000] {dagbag.py:541} INFO - Filling up the DagBag from /home/airflow/.local/lib/python3.7/site-packages/airflow/example_dags/example_complex.py
[2023-07-05T13:10:59.134+0000] {processor.py:836} INFO - DAG(s) dict_keys(['example_complex']) retrieved from /home/airflow/.local/lib/python3.7/site-packages/airflow/example_dags/example_complex.py
[2023-07-05T13:10:59.184+0000] {logging_mixin.py:149} INFO - [2023-07-05T13:10:59.183+0000] {dag.py:2726} INFO - Sync 1 DAGs
[2023-07-05T13:10:59.225+0000] {logging_mixin.py:149} INFO - [2023-07-05T13:10:59.224+0000] {dag.py:3490} INFO - Setting next_dagrun for example_complex to None, run_after=None
[2023-07-05T13:10:59.262+0000] {processor.py:179} INFO - Processing /home/airflow/.local/lib/python3.7/site-packages/airflow/example_dags/example_complex.py took 0.154 seconds
[2023-07-05T13:11:29.542+0000] {processor.py:157} INFO - Started process (PID=2467) to work on /home/airflow/.local/lib/python3.7/site-packages/airflow/example_dags/example_complex.py
[2023-07-05T13:11:29.543+0000] {processor.py:826} INFO - Processing file /home/airflow/.local/lib/python3.7/site-packages/airflow/example_dags/example_complex.py for tasks to queue
[2023-07-05T13:11:29.545+0000] {logging_mixin.py:149} INFO - [2023-07-05T13:11:29.545+0000] {dagbag.py:541} INFO - Filling up the DagBag from /home/airflow/.local/lib/python3.7/site-packages/airflow/example_dags/example_complex.py
[2023-07-05T13:11:29.561+0000] {processor.py:836} INFO - DAG(s) dict_keys(['example_complex']) retrieved from /home/airflow/.local/lib/python3.7/site-packages/airflow/example_dags/example_complex.py
[2023-07-05T13:11:29.610+0000] {logging_mixin.py:149} INFO - [2023-07-05T13:11:29.610+0000] {dag.py:2726} INFO - Sync 1 DAGs
[2023-07-05T13:11:29.649+0000] {logging_mixin.py:149} INFO - [2023-07-05T13:11:29.649+0000] {dag.py:3490} INFO - Setting next_dagrun for example_complex to None, run_after=None
[2023-07-05T13:11:29.680+0000] {processor.py:179} INFO - Processing /home/airflow/.local/lib/python3.7/site-packages/airflow/example_dags/example_complex.py took 0.142 seconds
[2023-07-05T13:11:59.984+0000] {processor.py:157} INFO - Started process (PID=2524) to work on /home/airflow/.local/lib/python3.7/site-packages/airflow/example_dags/example_complex.py
[2023-07-05T13:11:59.986+0000] {processor.py:826} INFO - Processing file /home/airflow/.local/lib/python3.7/site-packages/airflow/example_dags/example_complex.py for tasks to queue
[2023-07-05T13:11:59.987+0000] {logging_mixin.py:149} INFO - [2023-07-05T13:11:59.987+0000] {dagbag.py:541} INFO - Filling up the DagBag from /home/airflow/.local/lib/python3.7/site-packages/airflow/example_dags/example_complex.py
[2023-07-05T13:12:00.003+0000] {processor.py:836} INFO - DAG(s) dict_keys(['example_complex']) retrieved from /home/airflow/.local/lib/python3.7/site-packages/airflow/example_dags/example_complex.py
[2023-07-05T13:12:00.078+0000] {logging_mixin.py:149} INFO - [2023-07-05T13:12:00.078+0000] {dag.py:2726} INFO - Sync 1 DAGs
[2023-07-05T13:12:00.153+0000] {logging_mixin.py:149} INFO - [2023-07-05T13:12:00.153+0000] {dag.py:3490} INFO - Setting next_dagrun for example_complex to None, run_after=None
[2023-07-05T13:12:00.210+0000] {processor.py:179} INFO - Processing /home/airflow/.local/lib/python3.7/site-packages/airflow/example_dags/example_complex.py took 0.232 seconds
[2023-07-05T13:12:30.702+0000] {processor.py:157} INFO - Started process (PID=2581) to work on /home/airflow/.local/lib/python3.7/site-packages/airflow/example_dags/example_complex.py
[2023-07-05T13:12:30.703+0000] {processor.py:826} INFO - Processing file /home/airflow/.local/lib/python3.7/site-packages/airflow/example_dags/example_complex.py for tasks to queue
[2023-07-05T13:12:30.703+0000] {logging_mixin.py:149} INFO - [2023-07-05T13:12:30.703+0000] {dagbag.py:541} INFO - Filling up the DagBag from /home/airflow/.local/lib/python3.7/site-packages/airflow/example_dags/example_complex.py
[2023-07-05T13:12:30.723+0000] {processor.py:836} INFO - DAG(s) dict_keys(['example_complex']) retrieved from /home/airflow/.local/lib/python3.7/site-packages/airflow/example_dags/example_complex.py
[2023-07-05T13:12:30.777+0000] {logging_mixin.py:149} INFO - [2023-07-05T13:12:30.777+0000] {dag.py:2726} INFO - Sync 1 DAGs
[2023-07-05T13:12:30.816+0000] {logging_mixin.py:149} INFO - [2023-07-05T13:12:30.816+0000] {dag.py:3490} INFO - Setting next_dagrun for example_complex to None, run_after=None
[2023-07-05T13:12:30.843+0000] {processor.py:179} INFO - Processing /home/airflow/.local/lib/python3.7/site-packages/airflow/example_dags/example_complex.py took 0.145 seconds
[2023-07-05T13:13:01.064+0000] {processor.py:157} INFO - Started process (PID=2638) to work on /home/airflow/.local/lib/python3.7/site-packages/airflow/example_dags/example_complex.py
[2023-07-05T13:13:01.065+0000] {processor.py:826} INFO - Processing file /home/airflow/.local/lib/python3.7/site-packages/airflow/example_dags/example_complex.py for tasks to queue
[2023-07-05T13:13:01.065+0000] {logging_mixin.py:149} INFO - [2023-07-05T13:13:01.065+0000] {dagbag.py:541} INFO - Filling up the DagBag from /home/airflow/.local/lib/python3.7/site-packages/airflow/example_dags/example_complex.py
[2023-07-05T13:13:01.079+0000] {processor.py:836} INFO - DAG(s) dict_keys(['example_complex']) retrieved from /home/airflow/.local/lib/python3.7/site-packages/airflow/example_dags/example_complex.py
[2023-07-05T13:13:01.131+0000] {logging_mixin.py:149} INFO - [2023-07-05T13:13:01.131+0000] {dag.py:2726} INFO - Sync 1 DAGs
[2023-07-05T13:13:01.167+0000] {logging_mixin.py:149} INFO - [2023-07-05T13:13:01.166+0000] {dag.py:3490} INFO - Setting next_dagrun for example_complex to None, run_after=None
[2023-07-05T13:13:01.202+0000] {processor.py:179} INFO - Processing /home/airflow/.local/lib/python3.7/site-packages/airflow/example_dags/example_complex.py took 0.142 seconds
[2023-07-05T13:13:31.323+0000] {processor.py:157} INFO - Started process (PID=2695) to work on /home/airflow/.local/lib/python3.7/site-packages/airflow/example_dags/example_complex.py
[2023-07-05T13:13:31.325+0000] {processor.py:826} INFO - Processing file /home/airflow/.local/lib/python3.7/site-packages/airflow/example_dags/example_complex.py for tasks to queue
[2023-07-05T13:13:31.326+0000] {logging_mixin.py:149} INFO - [2023-07-05T13:13:31.326+0000] {dagbag.py:541} INFO - Filling up the DagBag from /home/airflow/.local/lib/python3.7/site-packages/airflow/example_dags/example_complex.py
[2023-07-05T13:13:31.346+0000] {processor.py:836} INFO - DAG(s) dict_keys(['example_complex']) retrieved from /home/airflow/.local/lib/python3.7/site-packages/airflow/example_dags/example_complex.py
[2023-07-05T13:13:31.401+0000] {logging_mixin.py:149} INFO - [2023-07-05T13:13:31.400+0000] {dag.py:2726} INFO - Sync 1 DAGs
[2023-07-05T13:13:31.438+0000] {logging_mixin.py:149} INFO - [2023-07-05T13:13:31.438+0000] {dag.py:3490} INFO - Setting next_dagrun for example_complex to None, run_after=None
[2023-07-05T13:13:31.469+0000] {processor.py:179} INFO - Processing /home/airflow/.local/lib/python3.7/site-packages/airflow/example_dags/example_complex.py took 0.151 seconds
[2023-07-05T13:14:01.525+0000] {processor.py:157} INFO - Started process (PID=2753) to work on /home/airflow/.local/lib/python3.7/site-packages/airflow/example_dags/example_complex.py
[2023-07-05T13:14:01.527+0000] {processor.py:826} INFO - Processing file /home/airflow/.local/lib/python3.7/site-packages/airflow/example_dags/example_complex.py for tasks to queue
[2023-07-05T13:14:01.528+0000] {logging_mixin.py:149} INFO - [2023-07-05T13:14:01.527+0000] {dagbag.py:541} INFO - Filling up the DagBag from /home/airflow/.local/lib/python3.7/site-packages/airflow/example_dags/example_complex.py
[2023-07-05T13:14:01.549+0000] {processor.py:836} INFO - DAG(s) dict_keys(['example_complex']) retrieved from /home/airflow/.local/lib/python3.7/site-packages/airflow/example_dags/example_complex.py
[2023-07-05T13:14:01.603+0000] {logging_mixin.py:149} INFO - [2023-07-05T13:14:01.603+0000] {dag.py:2726} INFO - Sync 1 DAGs
[2023-07-05T13:14:01.643+0000] {logging_mixin.py:149} INFO - [2023-07-05T13:14:01.642+0000] {dag.py:3490} INFO - Setting next_dagrun for example_complex to None, run_after=None
[2023-07-05T13:14:01.674+0000] {processor.py:179} INFO - Processing /home/airflow/.local/lib/python3.7/site-packages/airflow/example_dags/example_complex.py took 0.152 seconds
[2023-07-05T13:14:31.982+0000] {processor.py:157} INFO - Started process (PID=2810) to work on /home/airflow/.local/lib/python3.7/site-packages/airflow/example_dags/example_complex.py
[2023-07-05T13:14:31.984+0000] {processor.py:826} INFO - Processing file /home/airflow/.local/lib/python3.7/site-packages/airflow/example_dags/example_complex.py for tasks to queue
[2023-07-05T13:14:31.985+0000] {logging_mixin.py:149} INFO - [2023-07-05T13:14:31.985+0000] {dagbag.py:541} INFO - Filling up the DagBag from /home/airflow/.local/lib/python3.7/site-packages/airflow/example_dags/example_complex.py
[2023-07-05T13:14:32.008+0000] {processor.py:836} INFO - DAG(s) dict_keys(['example_complex']) retrieved from /home/airflow/.local/lib/python3.7/site-packages/airflow/example_dags/example_complex.py
[2023-07-05T13:14:32.060+0000] {logging_mixin.py:149} INFO - [2023-07-05T13:14:32.060+0000] {dag.py:2726} INFO - Sync 1 DAGs
[2023-07-05T13:14:32.100+0000] {logging_mixin.py:149} INFO - [2023-07-05T13:14:32.099+0000] {dag.py:3490} INFO - Setting next_dagrun for example_complex to None, run_after=None
[2023-07-05T13:14:32.120+0000] {processor.py:179} INFO - Processing /home/airflow/.local/lib/python3.7/site-packages/airflow/example_dags/example_complex.py took 0.143 seconds
[2023-07-05T13:15:02.298+0000] {processor.py:157} INFO - Started process (PID=2866) to work on /home/airflow/.local/lib/python3.7/site-packages/airflow/example_dags/example_complex.py
[2023-07-05T13:15:02.300+0000] {processor.py:826} INFO - Processing file /home/airflow/.local/lib/python3.7/site-packages/airflow/example_dags/example_complex.py for tasks to queue
[2023-07-05T13:15:02.301+0000] {logging_mixin.py:149} INFO - [2023-07-05T13:15:02.300+0000] {dagbag.py:541} INFO - Filling up the DagBag from /home/airflow/.local/lib/python3.7/site-packages/airflow/example_dags/example_complex.py
[2023-07-05T13:15:02.323+0000] {processor.py:836} INFO - DAG(s) dict_keys(['example_complex']) retrieved from /home/airflow/.local/lib/python3.7/site-packages/airflow/example_dags/example_complex.py
[2023-07-05T13:15:02.391+0000] {logging_mixin.py:149} INFO - [2023-07-05T13:15:02.391+0000] {dag.py:2726} INFO - Sync 1 DAGs
[2023-07-05T13:15:02.437+0000] {logging_mixin.py:149} INFO - [2023-07-05T13:15:02.437+0000] {dag.py:3490} INFO - Setting next_dagrun for example_complex to None, run_after=None
[2023-07-05T13:15:02.491+0000] {processor.py:179} INFO - Processing /home/airflow/.local/lib/python3.7/site-packages/airflow/example_dags/example_complex.py took 0.197 seconds
[2023-07-05T13:15:32.676+0000] {processor.py:157} INFO - Started process (PID=2923) to work on /home/airflow/.local/lib/python3.7/site-packages/airflow/example_dags/example_complex.py
[2023-07-05T13:15:32.677+0000] {processor.py:826} INFO - Processing file /home/airflow/.local/lib/python3.7/site-packages/airflow/example_dags/example_complex.py for tasks to queue
[2023-07-05T13:15:32.678+0000] {logging_mixin.py:149} INFO - [2023-07-05T13:15:32.677+0000] {dagbag.py:541} INFO - Filling up the DagBag from /home/airflow/.local/lib/python3.7/site-packages/airflow/example_dags/example_complex.py
[2023-07-05T13:15:32.695+0000] {processor.py:836} INFO - DAG(s) dict_keys(['example_complex']) retrieved from /home/airflow/.local/lib/python3.7/site-packages/airflow/example_dags/example_complex.py
[2023-07-05T13:15:32.757+0000] {logging_mixin.py:149} INFO - [2023-07-05T13:15:32.757+0000] {dag.py:2726} INFO - Sync 1 DAGs
[2023-07-05T13:15:32.796+0000] {logging_mixin.py:149} INFO - [2023-07-05T13:15:32.796+0000] {dag.py:3490} INFO - Setting next_dagrun for example_complex to None, run_after=None
[2023-07-05T13:15:32.843+0000] {processor.py:179} INFO - Processing /home/airflow/.local/lib/python3.7/site-packages/airflow/example_dags/example_complex.py took 0.171 seconds
[2023-07-05T13:16:03.043+0000] {processor.py:157} INFO - Started process (PID=2980) to work on /home/airflow/.local/lib/python3.7/site-packages/airflow/example_dags/example_complex.py
[2023-07-05T13:16:03.045+0000] {processor.py:826} INFO - Processing file /home/airflow/.local/lib/python3.7/site-packages/airflow/example_dags/example_complex.py for tasks to queue
[2023-07-05T13:16:03.046+0000] {logging_mixin.py:149} INFO - [2023-07-05T13:16:03.046+0000] {dagbag.py:541} INFO - Filling up the DagBag from /home/airflow/.local/lib/python3.7/site-packages/airflow/example_dags/example_complex.py
[2023-07-05T13:16:03.071+0000] {processor.py:836} INFO - DAG(s) dict_keys(['example_complex']) retrieved from /home/airflow/.local/lib/python3.7/site-packages/airflow/example_dags/example_complex.py
[2023-07-05T13:16:03.127+0000] {logging_mixin.py:149} INFO - [2023-07-05T13:16:03.126+0000] {dag.py:2726} INFO - Sync 1 DAGs
[2023-07-05T13:16:03.172+0000] {logging_mixin.py:149} INFO - [2023-07-05T13:16:03.172+0000] {dag.py:3490} INFO - Setting next_dagrun for example_complex to None, run_after=None
[2023-07-05T13:16:03.211+0000] {processor.py:179} INFO - Processing /home/airflow/.local/lib/python3.7/site-packages/airflow/example_dags/example_complex.py took 0.172 seconds
[2023-07-05T13:16:33.386+0000] {processor.py:157} INFO - Started process (PID=3037) to work on /home/airflow/.local/lib/python3.7/site-packages/airflow/example_dags/example_complex.py
[2023-07-05T13:16:33.387+0000] {processor.py:826} INFO - Processing file /home/airflow/.local/lib/python3.7/site-packages/airflow/example_dags/example_complex.py for tasks to queue
[2023-07-05T13:16:33.388+0000] {logging_mixin.py:149} INFO - [2023-07-05T13:16:33.388+0000] {dagbag.py:541} INFO - Filling up the DagBag from /home/airflow/.local/lib/python3.7/site-packages/airflow/example_dags/example_complex.py
[2023-07-05T13:16:33.405+0000] {processor.py:836} INFO - DAG(s) dict_keys(['example_complex']) retrieved from /home/airflow/.local/lib/python3.7/site-packages/airflow/example_dags/example_complex.py
[2023-07-05T13:16:33.451+0000] {logging_mixin.py:149} INFO - [2023-07-05T13:16:33.451+0000] {dag.py:2726} INFO - Sync 1 DAGs
[2023-07-05T13:16:33.499+0000] {logging_mixin.py:149} INFO - [2023-07-05T13:16:33.499+0000] {dag.py:3490} INFO - Setting next_dagrun for example_complex to None, run_after=None
[2023-07-05T13:16:33.537+0000] {processor.py:179} INFO - Processing /home/airflow/.local/lib/python3.7/site-packages/airflow/example_dags/example_complex.py took 0.154 seconds
[2023-07-05T13:17:04.158+0000] {processor.py:157} INFO - Started process (PID=3093) to work on /home/airflow/.local/lib/python3.7/site-packages/airflow/example_dags/example_complex.py
[2023-07-05T13:17:04.159+0000] {processor.py:826} INFO - Processing file /home/airflow/.local/lib/python3.7/site-packages/airflow/example_dags/example_complex.py for tasks to queue
[2023-07-05T13:17:04.160+0000] {logging_mixin.py:149} INFO - [2023-07-05T13:17:04.160+0000] {dagbag.py:541} INFO - Filling up the DagBag from /home/airflow/.local/lib/python3.7/site-packages/airflow/example_dags/example_complex.py
[2023-07-05T13:17:04.175+0000] {processor.py:836} INFO - DAG(s) dict_keys(['example_complex']) retrieved from /home/airflow/.local/lib/python3.7/site-packages/airflow/example_dags/example_complex.py
[2023-07-05T13:17:04.224+0000] {logging_mixin.py:149} INFO - [2023-07-05T13:17:04.224+0000] {dag.py:2726} INFO - Sync 1 DAGs
[2023-07-05T13:17:04.263+0000] {logging_mixin.py:149} INFO - [2023-07-05T13:17:04.263+0000] {dag.py:3490} INFO - Setting next_dagrun for example_complex to None, run_after=None
[2023-07-05T13:17:04.307+0000] {processor.py:179} INFO - Processing /home/airflow/.local/lib/python3.7/site-packages/airflow/example_dags/example_complex.py took 0.155 seconds
[2023-07-05T13:17:34.474+0000] {processor.py:157} INFO - Started process (PID=3150) to work on /home/airflow/.local/lib/python3.7/site-packages/airflow/example_dags/example_complex.py
[2023-07-05T13:17:34.475+0000] {processor.py:826} INFO - Processing file /home/airflow/.local/lib/python3.7/site-packages/airflow/example_dags/example_complex.py for tasks to queue
[2023-07-05T13:17:34.475+0000] {logging_mixin.py:149} INFO - [2023-07-05T13:17:34.475+0000] {dagbag.py:541} INFO - Filling up the DagBag from /home/airflow/.local/lib/python3.7/site-packages/airflow/example_dags/example_complex.py
[2023-07-05T13:17:34.491+0000] {processor.py:836} INFO - DAG(s) dict_keys(['example_complex']) retrieved from /home/airflow/.local/lib/python3.7/site-packages/airflow/example_dags/example_complex.py
[2023-07-05T13:17:34.544+0000] {logging_mixin.py:149} INFO - [2023-07-05T13:17:34.543+0000] {dag.py:2726} INFO - Sync 1 DAGs
[2023-07-05T13:17:34.581+0000] {logging_mixin.py:149} INFO - [2023-07-05T13:17:34.581+0000] {dag.py:3490} INFO - Setting next_dagrun for example_complex to None, run_after=None
[2023-07-05T13:17:34.611+0000] {processor.py:179} INFO - Processing /home/airflow/.local/lib/python3.7/site-packages/airflow/example_dags/example_complex.py took 0.141 seconds
[2023-07-05T13:18:04.752+0000] {processor.py:157} INFO - Started process (PID=3207) to work on /home/airflow/.local/lib/python3.7/site-packages/airflow/example_dags/example_complex.py
[2023-07-05T13:18:04.753+0000] {processor.py:826} INFO - Processing file /home/airflow/.local/lib/python3.7/site-packages/airflow/example_dags/example_complex.py for tasks to queue
[2023-07-05T13:18:04.754+0000] {logging_mixin.py:149} INFO - [2023-07-05T13:18:04.754+0000] {dagbag.py:541} INFO - Filling up the DagBag from /home/airflow/.local/lib/python3.7/site-packages/airflow/example_dags/example_complex.py
[2023-07-05T13:18:04.769+0000] {processor.py:836} INFO - DAG(s) dict_keys(['example_complex']) retrieved from /home/airflow/.local/lib/python3.7/site-packages/airflow/example_dags/example_complex.py
[2023-07-05T13:18:04.815+0000] {logging_mixin.py:149} INFO - [2023-07-05T13:18:04.815+0000] {dag.py:2726} INFO - Sync 1 DAGs
[2023-07-05T13:18:04.852+0000] {logging_mixin.py:149} INFO - [2023-07-05T13:18:04.852+0000] {dag.py:3490} INFO - Setting next_dagrun for example_complex to None, run_after=None
[2023-07-05T13:18:04.884+0000] {processor.py:179} INFO - Processing /home/airflow/.local/lib/python3.7/site-packages/airflow/example_dags/example_complex.py took 0.136 seconds
