[2023-07-05T12:49:58.681+0000] {processor.py:157} INFO - Started process (PID=59) to work on /home/airflow/.local/lib/python3.7/site-packages/airflow/example_dags/example_short_circuit_operator.py
[2023-07-05T12:49:58.682+0000] {processor.py:826} INFO - Processing file /home/airflow/.local/lib/python3.7/site-packages/airflow/example_dags/example_short_circuit_operator.py for tasks to queue
[2023-07-05T12:49:58.683+0000] {logging_mixin.py:149} INFO - [2023-07-05T12:49:58.683+0000] {dagbag.py:541} INFO - Filling up the DagBag from /home/airflow/.local/lib/python3.7/site-packages/airflow/example_dags/example_short_circuit_operator.py
[2023-07-05T12:49:58.702+0000] {processor.py:836} INFO - DAG(s) dict_keys(['example_short_circuit_operator']) retrieved from /home/airflow/.local/lib/python3.7/site-packages/airflow/example_dags/example_short_circuit_operator.py
[2023-07-05T12:49:58.718+0000] {logging_mixin.py:149} INFO - [2023-07-05T12:49:58.718+0000] {dag.py:2726} INFO - Sync 1 DAGs
[2023-07-05T12:49:58.751+0000] {logging_mixin.py:149} INFO - [2023-07-05T12:49:58.751+0000] {dag.py:3490} INFO - Setting next_dagrun for example_short_circuit_operator to 2023-07-04T12:49:58.751317+00:00, run_after=2023-07-05T12:49:58.751317+00:00
[2023-07-05T12:49:58.777+0000] {processor.py:179} INFO - Processing /home/airflow/.local/lib/python3.7/site-packages/airflow/example_dags/example_short_circuit_operator.py took 0.100 seconds
[2023-07-05T12:50:32.871+0000] {processor.py:157} INFO - Started process (PID=116) to work on /home/airflow/.local/lib/python3.7/site-packages/airflow/example_dags/example_short_circuit_operator.py
[2023-07-05T12:50:32.872+0000] {processor.py:826} INFO - Processing file /home/airflow/.local/lib/python3.7/site-packages/airflow/example_dags/example_short_circuit_operator.py for tasks to queue
[2023-07-05T12:50:32.873+0000] {logging_mixin.py:149} INFO - [2023-07-05T12:50:32.872+0000] {dagbag.py:541} INFO - Filling up the DagBag from /home/airflow/.local/lib/python3.7/site-packages/airflow/example_dags/example_short_circuit_operator.py
[2023-07-05T12:50:32.882+0000] {processor.py:836} INFO - DAG(s) dict_keys(['example_short_circuit_operator']) retrieved from /home/airflow/.local/lib/python3.7/site-packages/airflow/example_dags/example_short_circuit_operator.py
[2023-07-05T12:50:32.920+0000] {logging_mixin.py:149} INFO - [2023-07-05T12:50:32.919+0000] {dag.py:2726} INFO - Sync 1 DAGs
[2023-07-05T12:50:32.958+0000] {logging_mixin.py:149} INFO - [2023-07-05T12:50:32.958+0000] {dag.py:3490} INFO - Setting next_dagrun for example_short_circuit_operator to 2023-07-04T12:50:32.958205+00:00, run_after=2023-07-05T12:50:32.958205+00:00
[2023-07-05T12:50:32.988+0000] {processor.py:179} INFO - Processing /home/airflow/.local/lib/python3.7/site-packages/airflow/example_dags/example_short_circuit_operator.py took 0.122 seconds
[2023-07-05T12:51:04.160+0000] {processor.py:157} INFO - Started process (PID=174) to work on /home/airflow/.local/lib/python3.7/site-packages/airflow/example_dags/example_short_circuit_operator.py
[2023-07-05T12:51:04.162+0000] {processor.py:826} INFO - Processing file /home/airflow/.local/lib/python3.7/site-packages/airflow/example_dags/example_short_circuit_operator.py for tasks to queue
[2023-07-05T12:51:04.163+0000] {logging_mixin.py:149} INFO - [2023-07-05T12:51:04.163+0000] {dagbag.py:541} INFO - Filling up the DagBag from /home/airflow/.local/lib/python3.7/site-packages/airflow/example_dags/example_short_circuit_operator.py
[2023-07-05T12:51:04.176+0000] {processor.py:836} INFO - DAG(s) dict_keys(['example_short_circuit_operator']) retrieved from /home/airflow/.local/lib/python3.7/site-packages/airflow/example_dags/example_short_circuit_operator.py
[2023-07-05T12:51:04.216+0000] {logging_mixin.py:149} INFO - [2023-07-05T12:51:04.215+0000] {dag.py:2726} INFO - Sync 1 DAGs
[2023-07-05T12:51:04.254+0000] {logging_mixin.py:149} INFO - [2023-07-05T12:51:04.254+0000] {dag.py:3490} INFO - Setting next_dagrun for example_short_circuit_operator to 2023-07-04T12:51:04.254079+00:00, run_after=2023-07-05T12:51:04.254079+00:00
[2023-07-05T12:51:04.289+0000] {processor.py:179} INFO - Processing /home/airflow/.local/lib/python3.7/site-packages/airflow/example_dags/example_short_circuit_operator.py took 0.134 seconds
[2023-07-05T12:51:35.562+0000] {processor.py:157} INFO - Started process (PID=231) to work on /home/airflow/.local/lib/python3.7/site-packages/airflow/example_dags/example_short_circuit_operator.py
[2023-07-05T12:51:35.564+0000] {processor.py:826} INFO - Processing file /home/airflow/.local/lib/python3.7/site-packages/airflow/example_dags/example_short_circuit_operator.py for tasks to queue
[2023-07-05T12:51:35.565+0000] {logging_mixin.py:149} INFO - [2023-07-05T12:51:35.565+0000] {dagbag.py:541} INFO - Filling up the DagBag from /home/airflow/.local/lib/python3.7/site-packages/airflow/example_dags/example_short_circuit_operator.py
[2023-07-05T12:51:35.574+0000] {processor.py:836} INFO - DAG(s) dict_keys(['example_short_circuit_operator']) retrieved from /home/airflow/.local/lib/python3.7/site-packages/airflow/example_dags/example_short_circuit_operator.py
[2023-07-05T12:51:35.612+0000] {logging_mixin.py:149} INFO - [2023-07-05T12:51:35.612+0000] {dag.py:2726} INFO - Sync 1 DAGs
[2023-07-05T12:51:35.651+0000] {logging_mixin.py:149} INFO - [2023-07-05T12:51:35.651+0000] {dag.py:3490} INFO - Setting next_dagrun for example_short_circuit_operator to 2023-07-04T12:51:35.650962+00:00, run_after=2023-07-05T12:51:35.650962+00:00
[2023-07-05T12:51:35.684+0000] {processor.py:179} INFO - Processing /home/airflow/.local/lib/python3.7/site-packages/airflow/example_dags/example_short_circuit_operator.py took 0.125 seconds
[2023-07-05T12:52:06.629+0000] {processor.py:157} INFO - Started process (PID=288) to work on /home/airflow/.local/lib/python3.7/site-packages/airflow/example_dags/example_short_circuit_operator.py
[2023-07-05T12:52:06.630+0000] {processor.py:826} INFO - Processing file /home/airflow/.local/lib/python3.7/site-packages/airflow/example_dags/example_short_circuit_operator.py for tasks to queue
[2023-07-05T12:52:06.631+0000] {logging_mixin.py:149} INFO - [2023-07-05T12:52:06.631+0000] {dagbag.py:541} INFO - Filling up the DagBag from /home/airflow/.local/lib/python3.7/site-packages/airflow/example_dags/example_short_circuit_operator.py
[2023-07-05T12:52:06.643+0000] {processor.py:836} INFO - DAG(s) dict_keys(['example_short_circuit_operator']) retrieved from /home/airflow/.local/lib/python3.7/site-packages/airflow/example_dags/example_short_circuit_operator.py
[2023-07-05T12:52:06.682+0000] {logging_mixin.py:149} INFO - [2023-07-05T12:52:06.681+0000] {dag.py:2726} INFO - Sync 1 DAGs
[2023-07-05T12:52:06.725+0000] {logging_mixin.py:149} INFO - [2023-07-05T12:52:06.725+0000] {dag.py:3490} INFO - Setting next_dagrun for example_short_circuit_operator to 2023-07-04T12:52:06.724703+00:00, run_after=2023-07-05T12:52:06.724703+00:00
[2023-07-05T12:52:06.760+0000] {processor.py:179} INFO - Processing /home/airflow/.local/lib/python3.7/site-packages/airflow/example_dags/example_short_circuit_operator.py took 0.135 seconds
[2023-07-05T12:52:37.158+0000] {processor.py:157} INFO - Started process (PID=344) to work on /home/airflow/.local/lib/python3.7/site-packages/airflow/example_dags/example_short_circuit_operator.py
[2023-07-05T12:52:37.159+0000] {processor.py:826} INFO - Processing file /home/airflow/.local/lib/python3.7/site-packages/airflow/example_dags/example_short_circuit_operator.py for tasks to queue
[2023-07-05T12:52:37.160+0000] {logging_mixin.py:149} INFO - [2023-07-05T12:52:37.160+0000] {dagbag.py:541} INFO - Filling up the DagBag from /home/airflow/.local/lib/python3.7/site-packages/airflow/example_dags/example_short_circuit_operator.py
[2023-07-05T12:52:37.170+0000] {processor.py:836} INFO - DAG(s) dict_keys(['example_short_circuit_operator']) retrieved from /home/airflow/.local/lib/python3.7/site-packages/airflow/example_dags/example_short_circuit_operator.py
[2023-07-05T12:52:37.205+0000] {logging_mixin.py:149} INFO - [2023-07-05T12:52:37.205+0000] {dag.py:2726} INFO - Sync 1 DAGs
[2023-07-05T12:52:37.385+0000] {logging_mixin.py:149} INFO - [2023-07-05T12:52:37.385+0000] {dag.py:3490} INFO - Setting next_dagrun for example_short_circuit_operator to 2023-07-04T12:52:37.385348+00:00, run_after=2023-07-05T12:52:37.385348+00:00
[2023-07-05T12:52:37.412+0000] {processor.py:179} INFO - Processing /home/airflow/.local/lib/python3.7/site-packages/airflow/example_dags/example_short_circuit_operator.py took 0.258 seconds
[2023-07-05T12:53:08.144+0000] {processor.py:157} INFO - Started process (PID=401) to work on /home/airflow/.local/lib/python3.7/site-packages/airflow/example_dags/example_short_circuit_operator.py
[2023-07-05T12:53:08.146+0000] {processor.py:826} INFO - Processing file /home/airflow/.local/lib/python3.7/site-packages/airflow/example_dags/example_short_circuit_operator.py for tasks to queue
[2023-07-05T12:53:08.146+0000] {logging_mixin.py:149} INFO - [2023-07-05T12:53:08.146+0000] {dagbag.py:541} INFO - Filling up the DagBag from /home/airflow/.local/lib/python3.7/site-packages/airflow/example_dags/example_short_circuit_operator.py
[2023-07-05T12:53:08.156+0000] {processor.py:836} INFO - DAG(s) dict_keys(['example_short_circuit_operator']) retrieved from /home/airflow/.local/lib/python3.7/site-packages/airflow/example_dags/example_short_circuit_operator.py
[2023-07-05T12:53:08.189+0000] {logging_mixin.py:149} INFO - [2023-07-05T12:53:08.188+0000] {dag.py:2726} INFO - Sync 1 DAGs
[2023-07-05T12:53:08.225+0000] {logging_mixin.py:149} INFO - [2023-07-05T12:53:08.225+0000] {dag.py:3490} INFO - Setting next_dagrun for example_short_circuit_operator to 2023-07-04T12:53:08.224756+00:00, run_after=2023-07-05T12:53:08.224756+00:00
[2023-07-05T12:53:08.248+0000] {processor.py:179} INFO - Processing /home/airflow/.local/lib/python3.7/site-packages/airflow/example_dags/example_short_circuit_operator.py took 0.107 seconds
[2023-07-05T12:53:38.457+0000] {processor.py:157} INFO - Started process (PID=458) to work on /home/airflow/.local/lib/python3.7/site-packages/airflow/example_dags/example_short_circuit_operator.py
[2023-07-05T12:53:38.459+0000] {processor.py:826} INFO - Processing file /home/airflow/.local/lib/python3.7/site-packages/airflow/example_dags/example_short_circuit_operator.py for tasks to queue
[2023-07-05T12:53:38.461+0000] {logging_mixin.py:149} INFO - [2023-07-05T12:53:38.460+0000] {dagbag.py:541} INFO - Filling up the DagBag from /home/airflow/.local/lib/python3.7/site-packages/airflow/example_dags/example_short_circuit_operator.py
[2023-07-05T12:53:38.473+0000] {processor.py:836} INFO - DAG(s) dict_keys(['example_short_circuit_operator']) retrieved from /home/airflow/.local/lib/python3.7/site-packages/airflow/example_dags/example_short_circuit_operator.py
[2023-07-05T12:53:38.512+0000] {logging_mixin.py:149} INFO - [2023-07-05T12:53:38.512+0000] {dag.py:2726} INFO - Sync 1 DAGs
[2023-07-05T12:53:38.554+0000] {logging_mixin.py:149} INFO - [2023-07-05T12:53:38.554+0000] {dag.py:3490} INFO - Setting next_dagrun for example_short_circuit_operator to 2023-07-04T12:53:38.553982+00:00, run_after=2023-07-05T12:53:38.553982+00:00
[2023-07-05T12:53:38.593+0000] {processor.py:179} INFO - Processing /home/airflow/.local/lib/python3.7/site-packages/airflow/example_dags/example_short_circuit_operator.py took 0.140 seconds
[2023-07-05T12:54:09.539+0000] {processor.py:157} INFO - Started process (PID=515) to work on /home/airflow/.local/lib/python3.7/site-packages/airflow/example_dags/example_short_circuit_operator.py
[2023-07-05T12:54:09.540+0000] {processor.py:826} INFO - Processing file /home/airflow/.local/lib/python3.7/site-packages/airflow/example_dags/example_short_circuit_operator.py for tasks to queue
[2023-07-05T12:54:09.541+0000] {logging_mixin.py:149} INFO - [2023-07-05T12:54:09.541+0000] {dagbag.py:541} INFO - Filling up the DagBag from /home/airflow/.local/lib/python3.7/site-packages/airflow/example_dags/example_short_circuit_operator.py
[2023-07-05T12:54:09.551+0000] {processor.py:836} INFO - DAG(s) dict_keys(['example_short_circuit_operator']) retrieved from /home/airflow/.local/lib/python3.7/site-packages/airflow/example_dags/example_short_circuit_operator.py
[2023-07-05T12:54:09.590+0000] {logging_mixin.py:149} INFO - [2023-07-05T12:54:09.590+0000] {dag.py:2726} INFO - Sync 1 DAGs
[2023-07-05T12:54:09.756+0000] {logging_mixin.py:149} INFO - [2023-07-05T12:54:09.756+0000] {dag.py:3490} INFO - Setting next_dagrun for example_short_circuit_operator to 2023-07-04T12:54:09.756007+00:00, run_after=2023-07-05T12:54:09.756007+00:00
[2023-07-05T12:54:09.783+0000] {processor.py:179} INFO - Processing /home/airflow/.local/lib/python3.7/site-packages/airflow/example_dags/example_short_circuit_operator.py took 0.247 seconds
[2023-07-05T12:54:39.836+0000] {processor.py:157} INFO - Started process (PID=572) to work on /home/airflow/.local/lib/python3.7/site-packages/airflow/example_dags/example_short_circuit_operator.py
[2023-07-05T12:54:39.837+0000] {processor.py:826} INFO - Processing file /home/airflow/.local/lib/python3.7/site-packages/airflow/example_dags/example_short_circuit_operator.py for tasks to queue
[2023-07-05T12:54:39.838+0000] {logging_mixin.py:149} INFO - [2023-07-05T12:54:39.838+0000] {dagbag.py:541} INFO - Filling up the DagBag from /home/airflow/.local/lib/python3.7/site-packages/airflow/example_dags/example_short_circuit_operator.py
[2023-07-05T12:54:39.848+0000] {processor.py:836} INFO - DAG(s) dict_keys(['example_short_circuit_operator']) retrieved from /home/airflow/.local/lib/python3.7/site-packages/airflow/example_dags/example_short_circuit_operator.py
[2023-07-05T12:54:39.890+0000] {logging_mixin.py:149} INFO - [2023-07-05T12:54:39.890+0000] {dag.py:2726} INFO - Sync 1 DAGs
[2023-07-05T12:54:39.924+0000] {logging_mixin.py:149} INFO - [2023-07-05T12:54:39.924+0000] {dag.py:3490} INFO - Setting next_dagrun for example_short_circuit_operator to 2023-07-04T12:54:39.924418+00:00, run_after=2023-07-05T12:54:39.924418+00:00
[2023-07-05T12:54:39.949+0000] {processor.py:179} INFO - Processing /home/airflow/.local/lib/python3.7/site-packages/airflow/example_dags/example_short_circuit_operator.py took 0.117 seconds
[2023-07-05T12:55:10.657+0000] {processor.py:157} INFO - Started process (PID=629) to work on /home/airflow/.local/lib/python3.7/site-packages/airflow/example_dags/example_short_circuit_operator.py
[2023-07-05T12:55:10.659+0000] {processor.py:826} INFO - Processing file /home/airflow/.local/lib/python3.7/site-packages/airflow/example_dags/example_short_circuit_operator.py for tasks to queue
[2023-07-05T12:55:10.660+0000] {logging_mixin.py:149} INFO - [2023-07-05T12:55:10.660+0000] {dagbag.py:541} INFO - Filling up the DagBag from /home/airflow/.local/lib/python3.7/site-packages/airflow/example_dags/example_short_circuit_operator.py
[2023-07-05T12:55:10.672+0000] {processor.py:836} INFO - DAG(s) dict_keys(['example_short_circuit_operator']) retrieved from /home/airflow/.local/lib/python3.7/site-packages/airflow/example_dags/example_short_circuit_operator.py
[2023-07-05T12:55:10.846+0000] {logging_mixin.py:149} INFO - [2023-07-05T12:55:10.846+0000] {dag.py:2726} INFO - Sync 1 DAGs
[2023-07-05T12:55:10.884+0000] {logging_mixin.py:149} INFO - [2023-07-05T12:55:10.883+0000] {dag.py:3490} INFO - Setting next_dagrun for example_short_circuit_operator to 2023-07-04T12:55:10.883590+00:00, run_after=2023-07-05T12:55:10.883590+00:00
[2023-07-05T12:55:10.914+0000] {processor.py:179} INFO - Processing /home/airflow/.local/lib/python3.7/site-packages/airflow/example_dags/example_short_circuit_operator.py took 0.264 seconds
[2023-07-05T12:55:41.596+0000] {processor.py:157} INFO - Started process (PID=686) to work on /home/airflow/.local/lib/python3.7/site-packages/airflow/example_dags/example_short_circuit_operator.py
[2023-07-05T12:55:41.597+0000] {processor.py:826} INFO - Processing file /home/airflow/.local/lib/python3.7/site-packages/airflow/example_dags/example_short_circuit_operator.py for tasks to queue
[2023-07-05T12:55:41.598+0000] {logging_mixin.py:149} INFO - [2023-07-05T12:55:41.598+0000] {dagbag.py:541} INFO - Filling up the DagBag from /home/airflow/.local/lib/python3.7/site-packages/airflow/example_dags/example_short_circuit_operator.py
[2023-07-05T12:55:41.622+0000] {processor.py:836} INFO - DAG(s) dict_keys(['example_short_circuit_operator']) retrieved from /home/airflow/.local/lib/python3.7/site-packages/airflow/example_dags/example_short_circuit_operator.py
[2023-07-05T12:55:41.665+0000] {logging_mixin.py:149} INFO - [2023-07-05T12:55:41.665+0000] {dag.py:2726} INFO - Sync 1 DAGs
[2023-07-05T12:55:41.702+0000] {logging_mixin.py:149} INFO - [2023-07-05T12:55:41.702+0000] {dag.py:3490} INFO - Setting next_dagrun for example_short_circuit_operator to 2023-07-04T12:55:41.702206+00:00, run_after=2023-07-05T12:55:41.702206+00:00
[2023-07-05T12:55:41.877+0000] {processor.py:179} INFO - Processing /home/airflow/.local/lib/python3.7/site-packages/airflow/example_dags/example_short_circuit_operator.py took 0.285 seconds
[2023-07-05T12:56:12.464+0000] {processor.py:157} INFO - Started process (PID=743) to work on /home/airflow/.local/lib/python3.7/site-packages/airflow/example_dags/example_short_circuit_operator.py
[2023-07-05T12:56:12.465+0000] {processor.py:826} INFO - Processing file /home/airflow/.local/lib/python3.7/site-packages/airflow/example_dags/example_short_circuit_operator.py for tasks to queue
[2023-07-05T12:56:12.466+0000] {logging_mixin.py:149} INFO - [2023-07-05T12:56:12.466+0000] {dagbag.py:541} INFO - Filling up the DagBag from /home/airflow/.local/lib/python3.7/site-packages/airflow/example_dags/example_short_circuit_operator.py
[2023-07-05T12:56:12.479+0000] {processor.py:836} INFO - DAG(s) dict_keys(['example_short_circuit_operator']) retrieved from /home/airflow/.local/lib/python3.7/site-packages/airflow/example_dags/example_short_circuit_operator.py
[2023-07-05T12:56:12.655+0000] {logging_mixin.py:149} INFO - [2023-07-05T12:56:12.655+0000] {dag.py:2726} INFO - Sync 1 DAGs
[2023-07-05T12:56:12.687+0000] {logging_mixin.py:149} INFO - [2023-07-05T12:56:12.687+0000] {dag.py:3490} INFO - Setting next_dagrun for example_short_circuit_operator to 2023-07-04T12:56:12.687202+00:00, run_after=2023-07-05T12:56:12.687202+00:00
[2023-07-05T12:56:12.728+0000] {processor.py:179} INFO - Processing /home/airflow/.local/lib/python3.7/site-packages/airflow/example_dags/example_short_circuit_operator.py took 0.268 seconds
[2023-07-05T12:56:43.192+0000] {processor.py:157} INFO - Started process (PID=799) to work on /home/airflow/.local/lib/python3.7/site-packages/airflow/example_dags/example_short_circuit_operator.py
[2023-07-05T12:56:43.193+0000] {processor.py:826} INFO - Processing file /home/airflow/.local/lib/python3.7/site-packages/airflow/example_dags/example_short_circuit_operator.py for tasks to queue
[2023-07-05T12:56:43.194+0000] {logging_mixin.py:149} INFO - [2023-07-05T12:56:43.194+0000] {dagbag.py:541} INFO - Filling up the DagBag from /home/airflow/.local/lib/python3.7/site-packages/airflow/example_dags/example_short_circuit_operator.py
[2023-07-05T12:56:43.206+0000] {processor.py:836} INFO - DAG(s) dict_keys(['example_short_circuit_operator']) retrieved from /home/airflow/.local/lib/python3.7/site-packages/airflow/example_dags/example_short_circuit_operator.py
[2023-07-05T12:56:43.245+0000] {logging_mixin.py:149} INFO - [2023-07-05T12:56:43.245+0000] {dag.py:2726} INFO - Sync 1 DAGs
[2023-07-05T12:56:43.283+0000] {logging_mixin.py:149} INFO - [2023-07-05T12:56:43.283+0000] {dag.py:3490} INFO - Setting next_dagrun for example_short_circuit_operator to 2023-07-04T12:56:43.283363+00:00, run_after=2023-07-05T12:56:43.283363+00:00
[2023-07-05T12:56:43.312+0000] {processor.py:179} INFO - Processing /home/airflow/.local/lib/python3.7/site-packages/airflow/example_dags/example_short_circuit_operator.py took 0.124 seconds
[2023-07-05T12:57:13.544+0000] {processor.py:157} INFO - Started process (PID=855) to work on /home/airflow/.local/lib/python3.7/site-packages/airflow/example_dags/example_short_circuit_operator.py
[2023-07-05T12:57:13.545+0000] {processor.py:826} INFO - Processing file /home/airflow/.local/lib/python3.7/site-packages/airflow/example_dags/example_short_circuit_operator.py for tasks to queue
[2023-07-05T12:57:13.546+0000] {logging_mixin.py:149} INFO - [2023-07-05T12:57:13.546+0000] {dagbag.py:541} INFO - Filling up the DagBag from /home/airflow/.local/lib/python3.7/site-packages/airflow/example_dags/example_short_circuit_operator.py
[2023-07-05T12:57:13.557+0000] {processor.py:836} INFO - DAG(s) dict_keys(['example_short_circuit_operator']) retrieved from /home/airflow/.local/lib/python3.7/site-packages/airflow/example_dags/example_short_circuit_operator.py
[2023-07-05T12:57:13.596+0000] {logging_mixin.py:149} INFO - [2023-07-05T12:57:13.596+0000] {dag.py:2726} INFO - Sync 1 DAGs
[2023-07-05T12:57:13.635+0000] {logging_mixin.py:149} INFO - [2023-07-05T12:57:13.634+0000] {dag.py:3490} INFO - Setting next_dagrun for example_short_circuit_operator to 2023-07-04T12:57:13.634397+00:00, run_after=2023-07-05T12:57:13.634397+00:00
[2023-07-05T12:57:13.669+0000] {processor.py:179} INFO - Processing /home/airflow/.local/lib/python3.7/site-packages/airflow/example_dags/example_short_circuit_operator.py took 0.129 seconds
[2023-07-05T12:57:43.782+0000] {processor.py:157} INFO - Started process (PID=912) to work on /home/airflow/.local/lib/python3.7/site-packages/airflow/example_dags/example_short_circuit_operator.py
[2023-07-05T12:57:43.784+0000] {processor.py:826} INFO - Processing file /home/airflow/.local/lib/python3.7/site-packages/airflow/example_dags/example_short_circuit_operator.py for tasks to queue
[2023-07-05T12:57:43.785+0000] {logging_mixin.py:149} INFO - [2023-07-05T12:57:43.785+0000] {dagbag.py:541} INFO - Filling up the DagBag from /home/airflow/.local/lib/python3.7/site-packages/airflow/example_dags/example_short_circuit_operator.py
[2023-07-05T12:57:43.797+0000] {processor.py:836} INFO - DAG(s) dict_keys(['example_short_circuit_operator']) retrieved from /home/airflow/.local/lib/python3.7/site-packages/airflow/example_dags/example_short_circuit_operator.py
[2023-07-05T12:57:43.834+0000] {logging_mixin.py:149} INFO - [2023-07-05T12:57:43.833+0000] {dag.py:2726} INFO - Sync 1 DAGs
[2023-07-05T12:57:43.872+0000] {logging_mixin.py:149} INFO - [2023-07-05T12:57:43.872+0000] {dag.py:3490} INFO - Setting next_dagrun for example_short_circuit_operator to 2023-07-04T12:57:43.872051+00:00, run_after=2023-07-05T12:57:43.872051+00:00
[2023-07-05T12:57:43.910+0000] {processor.py:179} INFO - Processing /home/airflow/.local/lib/python3.7/site-packages/airflow/example_dags/example_short_circuit_operator.py took 0.132 seconds
[2023-07-05T12:58:14.063+0000] {processor.py:157} INFO - Started process (PID=968) to work on /home/airflow/.local/lib/python3.7/site-packages/airflow/example_dags/example_short_circuit_operator.py
[2023-07-05T12:58:14.066+0000] {processor.py:826} INFO - Processing file /home/airflow/.local/lib/python3.7/site-packages/airflow/example_dags/example_short_circuit_operator.py for tasks to queue
[2023-07-05T12:58:14.067+0000] {logging_mixin.py:149} INFO - [2023-07-05T12:58:14.066+0000] {dagbag.py:541} INFO - Filling up the DagBag from /home/airflow/.local/lib/python3.7/site-packages/airflow/example_dags/example_short_circuit_operator.py
[2023-07-05T12:58:14.078+0000] {processor.py:836} INFO - DAG(s) dict_keys(['example_short_circuit_operator']) retrieved from /home/airflow/.local/lib/python3.7/site-packages/airflow/example_dags/example_short_circuit_operator.py
[2023-07-05T12:58:14.120+0000] {logging_mixin.py:149} INFO - [2023-07-05T12:58:14.119+0000] {dag.py:2726} INFO - Sync 1 DAGs
[2023-07-05T12:58:14.176+0000] {logging_mixin.py:149} INFO - [2023-07-05T12:58:14.176+0000] {dag.py:3490} INFO - Setting next_dagrun for example_short_circuit_operator to 2023-07-04T12:58:14.175726+00:00, run_after=2023-07-05T12:58:14.175726+00:00
[2023-07-05T12:58:14.204+0000] {processor.py:179} INFO - Processing /home/airflow/.local/lib/python3.7/site-packages/airflow/example_dags/example_short_circuit_operator.py took 0.162 seconds
[2023-07-05T12:58:44.504+0000] {processor.py:157} INFO - Started process (PID=1025) to work on /home/airflow/.local/lib/python3.7/site-packages/airflow/example_dags/example_short_circuit_operator.py
[2023-07-05T12:58:44.505+0000] {processor.py:826} INFO - Processing file /home/airflow/.local/lib/python3.7/site-packages/airflow/example_dags/example_short_circuit_operator.py for tasks to queue
[2023-07-05T12:58:44.505+0000] {logging_mixin.py:149} INFO - [2023-07-05T12:58:44.505+0000] {dagbag.py:541} INFO - Filling up the DagBag from /home/airflow/.local/lib/python3.7/site-packages/airflow/example_dags/example_short_circuit_operator.py
[2023-07-05T12:58:44.516+0000] {processor.py:836} INFO - DAG(s) dict_keys(['example_short_circuit_operator']) retrieved from /home/airflow/.local/lib/python3.7/site-packages/airflow/example_dags/example_short_circuit_operator.py
[2023-07-05T12:58:44.553+0000] {logging_mixin.py:149} INFO - [2023-07-05T12:58:44.553+0000] {dag.py:2726} INFO - Sync 1 DAGs
[2023-07-05T12:58:44.592+0000] {logging_mixin.py:149} INFO - [2023-07-05T12:58:44.592+0000] {dag.py:3490} INFO - Setting next_dagrun for example_short_circuit_operator to 2023-07-04T12:58:44.591856+00:00, run_after=2023-07-05T12:58:44.591856+00:00
[2023-07-05T12:58:44.615+0000] {processor.py:179} INFO - Processing /home/airflow/.local/lib/python3.7/site-packages/airflow/example_dags/example_short_circuit_operator.py took 0.116 seconds
[2023-07-05T12:59:14.840+0000] {processor.py:157} INFO - Started process (PID=1081) to work on /home/airflow/.local/lib/python3.7/site-packages/airflow/example_dags/example_short_circuit_operator.py
[2023-07-05T12:59:14.842+0000] {processor.py:826} INFO - Processing file /home/airflow/.local/lib/python3.7/site-packages/airflow/example_dags/example_short_circuit_operator.py for tasks to queue
[2023-07-05T12:59:14.843+0000] {logging_mixin.py:149} INFO - [2023-07-05T12:59:14.842+0000] {dagbag.py:541} INFO - Filling up the DagBag from /home/airflow/.local/lib/python3.7/site-packages/airflow/example_dags/example_short_circuit_operator.py
[2023-07-05T12:59:14.856+0000] {processor.py:836} INFO - DAG(s) dict_keys(['example_short_circuit_operator']) retrieved from /home/airflow/.local/lib/python3.7/site-packages/airflow/example_dags/example_short_circuit_operator.py
[2023-07-05T12:59:14.896+0000] {logging_mixin.py:149} INFO - [2023-07-05T12:59:14.896+0000] {dag.py:2726} INFO - Sync 1 DAGs
[2023-07-05T12:59:14.940+0000] {logging_mixin.py:149} INFO - [2023-07-05T12:59:14.939+0000] {dag.py:3490} INFO - Setting next_dagrun for example_short_circuit_operator to 2023-07-04T12:59:14.939533+00:00, run_after=2023-07-05T12:59:14.939533+00:00
[2023-07-05T12:59:14.974+0000] {processor.py:179} INFO - Processing /home/airflow/.local/lib/python3.7/site-packages/airflow/example_dags/example_short_circuit_operator.py took 0.138 seconds
[2023-07-05T12:59:45.173+0000] {processor.py:157} INFO - Started process (PID=1138) to work on /home/airflow/.local/lib/python3.7/site-packages/airflow/example_dags/example_short_circuit_operator.py
[2023-07-05T12:59:45.174+0000] {processor.py:826} INFO - Processing file /home/airflow/.local/lib/python3.7/site-packages/airflow/example_dags/example_short_circuit_operator.py for tasks to queue
[2023-07-05T12:59:45.175+0000] {logging_mixin.py:149} INFO - [2023-07-05T12:59:45.175+0000] {dagbag.py:541} INFO - Filling up the DagBag from /home/airflow/.local/lib/python3.7/site-packages/airflow/example_dags/example_short_circuit_operator.py
[2023-07-05T12:59:45.186+0000] {processor.py:836} INFO - DAG(s) dict_keys(['example_short_circuit_operator']) retrieved from /home/airflow/.local/lib/python3.7/site-packages/airflow/example_dags/example_short_circuit_operator.py
[2023-07-05T12:59:45.220+0000] {logging_mixin.py:149} INFO - [2023-07-05T12:59:45.220+0000] {dag.py:2726} INFO - Sync 1 DAGs
[2023-07-05T12:59:45.268+0000] {logging_mixin.py:149} INFO - [2023-07-05T12:59:45.268+0000] {dag.py:3490} INFO - Setting next_dagrun for example_short_circuit_operator to 2023-07-04T12:59:45.268216+00:00, run_after=2023-07-05T12:59:45.268216+00:00
[2023-07-05T12:59:45.308+0000] {processor.py:179} INFO - Processing /home/airflow/.local/lib/python3.7/site-packages/airflow/example_dags/example_short_circuit_operator.py took 0.139 seconds
[2023-07-05T13:00:15.952+0000] {processor.py:157} INFO - Started process (PID=1195) to work on /home/airflow/.local/lib/python3.7/site-packages/airflow/example_dags/example_short_circuit_operator.py
[2023-07-05T13:00:15.954+0000] {processor.py:826} INFO - Processing file /home/airflow/.local/lib/python3.7/site-packages/airflow/example_dags/example_short_circuit_operator.py for tasks to queue
[2023-07-05T13:00:15.955+0000] {logging_mixin.py:149} INFO - [2023-07-05T13:00:15.955+0000] {dagbag.py:541} INFO - Filling up the DagBag from /home/airflow/.local/lib/python3.7/site-packages/airflow/example_dags/example_short_circuit_operator.py
[2023-07-05T13:00:15.966+0000] {processor.py:836} INFO - DAG(s) dict_keys(['example_short_circuit_operator']) retrieved from /home/airflow/.local/lib/python3.7/site-packages/airflow/example_dags/example_short_circuit_operator.py
[2023-07-05T13:00:16.020+0000] {logging_mixin.py:149} INFO - [2023-07-05T13:00:16.020+0000] {dag.py:2726} INFO - Sync 1 DAGs
[2023-07-05T13:00:16.063+0000] {logging_mixin.py:149} INFO - [2023-07-05T13:00:16.063+0000] {dag.py:3490} INFO - Setting next_dagrun for example_short_circuit_operator to 2023-07-04T13:00:16.063148+00:00, run_after=2023-07-05T13:00:16.063148+00:00
[2023-07-05T13:00:16.095+0000] {processor.py:179} INFO - Processing /home/airflow/.local/lib/python3.7/site-packages/airflow/example_dags/example_short_circuit_operator.py took 0.152 seconds
[2023-07-05T13:00:46.232+0000] {processor.py:157} INFO - Started process (PID=1252) to work on /home/airflow/.local/lib/python3.7/site-packages/airflow/example_dags/example_short_circuit_operator.py
[2023-07-05T13:00:46.233+0000] {processor.py:826} INFO - Processing file /home/airflow/.local/lib/python3.7/site-packages/airflow/example_dags/example_short_circuit_operator.py for tasks to queue
[2023-07-05T13:00:46.235+0000] {logging_mixin.py:149} INFO - [2023-07-05T13:00:46.234+0000] {dagbag.py:541} INFO - Filling up the DagBag from /home/airflow/.local/lib/python3.7/site-packages/airflow/example_dags/example_short_circuit_operator.py
[2023-07-05T13:00:46.248+0000] {processor.py:836} INFO - DAG(s) dict_keys(['example_short_circuit_operator']) retrieved from /home/airflow/.local/lib/python3.7/site-packages/airflow/example_dags/example_short_circuit_operator.py
[2023-07-05T13:00:46.292+0000] {logging_mixin.py:149} INFO - [2023-07-05T13:00:46.292+0000] {dag.py:2726} INFO - Sync 1 DAGs
[2023-07-05T13:00:46.330+0000] {logging_mixin.py:149} INFO - [2023-07-05T13:00:46.329+0000] {dag.py:3490} INFO - Setting next_dagrun for example_short_circuit_operator to 2023-07-04T13:00:46.329641+00:00, run_after=2023-07-05T13:00:46.329641+00:00
[2023-07-05T13:00:46.360+0000] {processor.py:179} INFO - Processing /home/airflow/.local/lib/python3.7/site-packages/airflow/example_dags/example_short_circuit_operator.py took 0.134 seconds
[2023-07-05T13:01:16.569+0000] {processor.py:157} INFO - Started process (PID=1309) to work on /home/airflow/.local/lib/python3.7/site-packages/airflow/example_dags/example_short_circuit_operator.py
[2023-07-05T13:01:16.570+0000] {processor.py:826} INFO - Processing file /home/airflow/.local/lib/python3.7/site-packages/airflow/example_dags/example_short_circuit_operator.py for tasks to queue
[2023-07-05T13:01:16.571+0000] {logging_mixin.py:149} INFO - [2023-07-05T13:01:16.571+0000] {dagbag.py:541} INFO - Filling up the DagBag from /home/airflow/.local/lib/python3.7/site-packages/airflow/example_dags/example_short_circuit_operator.py
[2023-07-05T13:01:16.581+0000] {processor.py:836} INFO - DAG(s) dict_keys(['example_short_circuit_operator']) retrieved from /home/airflow/.local/lib/python3.7/site-packages/airflow/example_dags/example_short_circuit_operator.py
[2023-07-05T13:01:16.620+0000] {logging_mixin.py:149} INFO - [2023-07-05T13:01:16.620+0000] {dag.py:2726} INFO - Sync 1 DAGs
[2023-07-05T13:01:16.661+0000] {logging_mixin.py:149} INFO - [2023-07-05T13:01:16.661+0000] {dag.py:3490} INFO - Setting next_dagrun for example_short_circuit_operator to 2023-07-04T13:01:16.660586+00:00, run_after=2023-07-05T13:01:16.660586+00:00
[2023-07-05T13:01:16.698+0000] {processor.py:179} INFO - Processing /home/airflow/.local/lib/python3.7/site-packages/airflow/example_dags/example_short_circuit_operator.py took 0.133 seconds
[2023-07-05T13:01:46.829+0000] {processor.py:157} INFO - Started process (PID=1367) to work on /home/airflow/.local/lib/python3.7/site-packages/airflow/example_dags/example_short_circuit_operator.py
[2023-07-05T13:01:46.830+0000] {processor.py:826} INFO - Processing file /home/airflow/.local/lib/python3.7/site-packages/airflow/example_dags/example_short_circuit_operator.py for tasks to queue
[2023-07-05T13:01:46.831+0000] {logging_mixin.py:149} INFO - [2023-07-05T13:01:46.831+0000] {dagbag.py:541} INFO - Filling up the DagBag from /home/airflow/.local/lib/python3.7/site-packages/airflow/example_dags/example_short_circuit_operator.py
[2023-07-05T13:01:46.843+0000] {processor.py:836} INFO - DAG(s) dict_keys(['example_short_circuit_operator']) retrieved from /home/airflow/.local/lib/python3.7/site-packages/airflow/example_dags/example_short_circuit_operator.py
[2023-07-05T13:01:46.881+0000] {logging_mixin.py:149} INFO - [2023-07-05T13:01:46.880+0000] {dag.py:2726} INFO - Sync 1 DAGs
[2023-07-05T13:01:46.914+0000] {logging_mixin.py:149} INFO - [2023-07-05T13:01:46.913+0000] {dag.py:3490} INFO - Setting next_dagrun for example_short_circuit_operator to 2023-07-04T13:01:46.913577+00:00, run_after=2023-07-05T13:01:46.913577+00:00
[2023-07-05T13:01:46.936+0000] {processor.py:179} INFO - Processing /home/airflow/.local/lib/python3.7/site-packages/airflow/example_dags/example_short_circuit_operator.py took 0.110 seconds
[2023-07-05T13:02:17.146+0000] {processor.py:157} INFO - Started process (PID=1424) to work on /home/airflow/.local/lib/python3.7/site-packages/airflow/example_dags/example_short_circuit_operator.py
[2023-07-05T13:02:17.147+0000] {processor.py:826} INFO - Processing file /home/airflow/.local/lib/python3.7/site-packages/airflow/example_dags/example_short_circuit_operator.py for tasks to queue
[2023-07-05T13:02:17.148+0000] {logging_mixin.py:149} INFO - [2023-07-05T13:02:17.148+0000] {dagbag.py:541} INFO - Filling up the DagBag from /home/airflow/.local/lib/python3.7/site-packages/airflow/example_dags/example_short_circuit_operator.py
[2023-07-05T13:02:17.157+0000] {processor.py:836} INFO - DAG(s) dict_keys(['example_short_circuit_operator']) retrieved from /home/airflow/.local/lib/python3.7/site-packages/airflow/example_dags/example_short_circuit_operator.py
[2023-07-05T13:02:17.191+0000] {logging_mixin.py:149} INFO - [2023-07-05T13:02:17.191+0000] {dag.py:2726} INFO - Sync 1 DAGs
[2023-07-05T13:02:17.223+0000] {logging_mixin.py:149} INFO - [2023-07-05T13:02:17.223+0000] {dag.py:3490} INFO - Setting next_dagrun for example_short_circuit_operator to 2023-07-04T13:02:17.223399+00:00, run_after=2023-07-05T13:02:17.223399+00:00
[2023-07-05T13:02:17.250+0000] {processor.py:179} INFO - Processing /home/airflow/.local/lib/python3.7/site-packages/airflow/example_dags/example_short_circuit_operator.py took 0.108 seconds
[2023-07-05T13:02:47.394+0000] {processor.py:157} INFO - Started process (PID=1481) to work on /home/airflow/.local/lib/python3.7/site-packages/airflow/example_dags/example_short_circuit_operator.py
[2023-07-05T13:02:47.396+0000] {processor.py:826} INFO - Processing file /home/airflow/.local/lib/python3.7/site-packages/airflow/example_dags/example_short_circuit_operator.py for tasks to queue
[2023-07-05T13:02:47.397+0000] {logging_mixin.py:149} INFO - [2023-07-05T13:02:47.397+0000] {dagbag.py:541} INFO - Filling up the DagBag from /home/airflow/.local/lib/python3.7/site-packages/airflow/example_dags/example_short_circuit_operator.py
[2023-07-05T13:02:47.408+0000] {processor.py:836} INFO - DAG(s) dict_keys(['example_short_circuit_operator']) retrieved from /home/airflow/.local/lib/python3.7/site-packages/airflow/example_dags/example_short_circuit_operator.py
[2023-07-05T13:02:47.452+0000] {logging_mixin.py:149} INFO - [2023-07-05T13:02:47.451+0000] {dag.py:2726} INFO - Sync 1 DAGs
[2023-07-05T13:02:47.491+0000] {logging_mixin.py:149} INFO - [2023-07-05T13:02:47.491+0000] {dag.py:3490} INFO - Setting next_dagrun for example_short_circuit_operator to 2023-07-04T13:02:47.491247+00:00, run_after=2023-07-05T13:02:47.491247+00:00
[2023-07-05T13:02:47.520+0000] {processor.py:179} INFO - Processing /home/airflow/.local/lib/python3.7/site-packages/airflow/example_dags/example_short_circuit_operator.py took 0.130 seconds
[2023-07-05T13:03:17.814+0000] {processor.py:157} INFO - Started process (PID=1538) to work on /home/airflow/.local/lib/python3.7/site-packages/airflow/example_dags/example_short_circuit_operator.py
[2023-07-05T13:03:17.815+0000] {processor.py:826} INFO - Processing file /home/airflow/.local/lib/python3.7/site-packages/airflow/example_dags/example_short_circuit_operator.py for tasks to queue
[2023-07-05T13:03:17.815+0000] {logging_mixin.py:149} INFO - [2023-07-05T13:03:17.815+0000] {dagbag.py:541} INFO - Filling up the DagBag from /home/airflow/.local/lib/python3.7/site-packages/airflow/example_dags/example_short_circuit_operator.py
[2023-07-05T13:03:17.824+0000] {processor.py:836} INFO - DAG(s) dict_keys(['example_short_circuit_operator']) retrieved from /home/airflow/.local/lib/python3.7/site-packages/airflow/example_dags/example_short_circuit_operator.py
[2023-07-05T13:03:17.858+0000] {logging_mixin.py:149} INFO - [2023-07-05T13:03:17.858+0000] {dag.py:2726} INFO - Sync 1 DAGs
[2023-07-05T13:03:17.899+0000] {logging_mixin.py:149} INFO - [2023-07-05T13:03:17.899+0000] {dag.py:3490} INFO - Setting next_dagrun for example_short_circuit_operator to 2023-07-04T13:03:17.898954+00:00, run_after=2023-07-05T13:03:17.898954+00:00
[2023-07-05T13:03:17.928+0000] {processor.py:179} INFO - Processing /home/airflow/.local/lib/python3.7/site-packages/airflow/example_dags/example_short_circuit_operator.py took 0.118 seconds
[2023-07-05T13:03:48.152+0000] {processor.py:157} INFO - Started process (PID=1601) to work on /home/airflow/.local/lib/python3.7/site-packages/airflow/example_dags/example_short_circuit_operator.py
[2023-07-05T13:03:48.156+0000] {processor.py:826} INFO - Processing file /home/airflow/.local/lib/python3.7/site-packages/airflow/example_dags/example_short_circuit_operator.py for tasks to queue
[2023-07-05T13:03:48.157+0000] {logging_mixin.py:149} INFO - [2023-07-05T13:03:48.157+0000] {dagbag.py:541} INFO - Filling up the DagBag from /home/airflow/.local/lib/python3.7/site-packages/airflow/example_dags/example_short_circuit_operator.py
[2023-07-05T13:03:48.167+0000] {processor.py:836} INFO - DAG(s) dict_keys(['example_short_circuit_operator']) retrieved from /home/airflow/.local/lib/python3.7/site-packages/airflow/example_dags/example_short_circuit_operator.py
[2023-07-05T13:03:48.201+0000] {logging_mixin.py:149} INFO - [2023-07-05T13:03:48.201+0000] {dag.py:2726} INFO - Sync 1 DAGs
[2023-07-05T13:03:48.240+0000] {logging_mixin.py:149} INFO - [2023-07-05T13:03:48.240+0000] {dag.py:3490} INFO - Setting next_dagrun for example_short_circuit_operator to 2023-07-04T13:03:48.240342+00:00, run_after=2023-07-05T13:03:48.240342+00:00
[2023-07-05T13:03:48.266+0000] {processor.py:179} INFO - Processing /home/airflow/.local/lib/python3.7/site-packages/airflow/example_dags/example_short_circuit_operator.py took 0.120 seconds
[2023-07-05T13:04:18.463+0000] {processor.py:157} INFO - Started process (PID=1658) to work on /home/airflow/.local/lib/python3.7/site-packages/airflow/example_dags/example_short_circuit_operator.py
[2023-07-05T13:04:18.464+0000] {processor.py:826} INFO - Processing file /home/airflow/.local/lib/python3.7/site-packages/airflow/example_dags/example_short_circuit_operator.py for tasks to queue
[2023-07-05T13:04:18.465+0000] {logging_mixin.py:149} INFO - [2023-07-05T13:04:18.465+0000] {dagbag.py:541} INFO - Filling up the DagBag from /home/airflow/.local/lib/python3.7/site-packages/airflow/example_dags/example_short_circuit_operator.py
[2023-07-05T13:04:18.474+0000] {processor.py:836} INFO - DAG(s) dict_keys(['example_short_circuit_operator']) retrieved from /home/airflow/.local/lib/python3.7/site-packages/airflow/example_dags/example_short_circuit_operator.py
[2023-07-05T13:04:18.509+0000] {logging_mixin.py:149} INFO - [2023-07-05T13:04:18.509+0000] {dag.py:2726} INFO - Sync 1 DAGs
[2023-07-05T13:04:18.544+0000] {logging_mixin.py:149} INFO - [2023-07-05T13:04:18.543+0000] {dag.py:3490} INFO - Setting next_dagrun for example_short_circuit_operator to 2023-07-04T13:04:18.543562+00:00, run_after=2023-07-05T13:04:18.543562+00:00
[2023-07-05T13:04:18.569+0000] {processor.py:179} INFO - Processing /home/airflow/.local/lib/python3.7/site-packages/airflow/example_dags/example_short_circuit_operator.py took 0.108 seconds
[2023-07-05T13:04:48.719+0000] {processor.py:157} INFO - Started process (PID=1715) to work on /home/airflow/.local/lib/python3.7/site-packages/airflow/example_dags/example_short_circuit_operator.py
[2023-07-05T13:04:48.720+0000] {processor.py:826} INFO - Processing file /home/airflow/.local/lib/python3.7/site-packages/airflow/example_dags/example_short_circuit_operator.py for tasks to queue
[2023-07-05T13:04:48.721+0000] {logging_mixin.py:149} INFO - [2023-07-05T13:04:48.720+0000] {dagbag.py:541} INFO - Filling up the DagBag from /home/airflow/.local/lib/python3.7/site-packages/airflow/example_dags/example_short_circuit_operator.py
[2023-07-05T13:04:48.729+0000] {processor.py:836} INFO - DAG(s) dict_keys(['example_short_circuit_operator']) retrieved from /home/airflow/.local/lib/python3.7/site-packages/airflow/example_dags/example_short_circuit_operator.py
[2023-07-05T13:04:48.767+0000] {logging_mixin.py:149} INFO - [2023-07-05T13:04:48.767+0000] {dag.py:2726} INFO - Sync 1 DAGs
[2023-07-05T13:04:48.802+0000] {logging_mixin.py:149} INFO - [2023-07-05T13:04:48.802+0000] {dag.py:3490} INFO - Setting next_dagrun for example_short_circuit_operator to 2023-07-04T13:04:48.802479+00:00, run_after=2023-07-05T13:04:48.802479+00:00
[2023-07-05T13:04:48.826+0000] {processor.py:179} INFO - Processing /home/airflow/.local/lib/python3.7/site-packages/airflow/example_dags/example_short_circuit_operator.py took 0.110 seconds
[2023-07-05T13:05:18.988+0000] {processor.py:157} INFO - Started process (PID=1773) to work on /home/airflow/.local/lib/python3.7/site-packages/airflow/example_dags/example_short_circuit_operator.py
[2023-07-05T13:05:18.990+0000] {processor.py:826} INFO - Processing file /home/airflow/.local/lib/python3.7/site-packages/airflow/example_dags/example_short_circuit_operator.py for tasks to queue
[2023-07-05T13:05:18.991+0000] {logging_mixin.py:149} INFO - [2023-07-05T13:05:18.991+0000] {dagbag.py:541} INFO - Filling up the DagBag from /home/airflow/.local/lib/python3.7/site-packages/airflow/example_dags/example_short_circuit_operator.py
[2023-07-05T13:05:19.001+0000] {processor.py:836} INFO - DAG(s) dict_keys(['example_short_circuit_operator']) retrieved from /home/airflow/.local/lib/python3.7/site-packages/airflow/example_dags/example_short_circuit_operator.py
[2023-07-05T13:05:19.041+0000] {logging_mixin.py:149} INFO - [2023-07-05T13:05:19.041+0000] {dag.py:2726} INFO - Sync 1 DAGs
[2023-07-05T13:05:19.078+0000] {logging_mixin.py:149} INFO - [2023-07-05T13:05:19.078+0000] {dag.py:3490} INFO - Setting next_dagrun for example_short_circuit_operator to 2023-07-04T13:05:19.077876+00:00, run_after=2023-07-05T13:05:19.077876+00:00
[2023-07-05T13:05:19.102+0000] {processor.py:179} INFO - Processing /home/airflow/.local/lib/python3.7/site-packages/airflow/example_dags/example_short_circuit_operator.py took 0.118 seconds
[2023-07-05T13:05:49.441+0000] {processor.py:157} INFO - Started process (PID=1830) to work on /home/airflow/.local/lib/python3.7/site-packages/airflow/example_dags/example_short_circuit_operator.py
[2023-07-05T13:05:49.443+0000] {processor.py:826} INFO - Processing file /home/airflow/.local/lib/python3.7/site-packages/airflow/example_dags/example_short_circuit_operator.py for tasks to queue
[2023-07-05T13:05:49.444+0000] {logging_mixin.py:149} INFO - [2023-07-05T13:05:49.443+0000] {dagbag.py:541} INFO - Filling up the DagBag from /home/airflow/.local/lib/python3.7/site-packages/airflow/example_dags/example_short_circuit_operator.py
[2023-07-05T13:05:49.455+0000] {processor.py:836} INFO - DAG(s) dict_keys(['example_short_circuit_operator']) retrieved from /home/airflow/.local/lib/python3.7/site-packages/airflow/example_dags/example_short_circuit_operator.py
[2023-07-05T13:05:49.497+0000] {logging_mixin.py:149} INFO - [2023-07-05T13:05:49.497+0000] {dag.py:2726} INFO - Sync 1 DAGs
[2023-07-05T13:05:49.539+0000] {logging_mixin.py:149} INFO - [2023-07-05T13:05:49.539+0000] {dag.py:3490} INFO - Setting next_dagrun for example_short_circuit_operator to 2023-07-04T13:05:49.538888+00:00, run_after=2023-07-05T13:05:49.538888+00:00
[2023-07-05T13:05:49.569+0000] {processor.py:179} INFO - Processing /home/airflow/.local/lib/python3.7/site-packages/airflow/example_dags/example_short_circuit_operator.py took 0.132 seconds
[2023-07-05T13:06:19.846+0000] {processor.py:157} INFO - Started process (PID=1887) to work on /home/airflow/.local/lib/python3.7/site-packages/airflow/example_dags/example_short_circuit_operator.py
[2023-07-05T13:06:19.847+0000] {processor.py:826} INFO - Processing file /home/airflow/.local/lib/python3.7/site-packages/airflow/example_dags/example_short_circuit_operator.py for tasks to queue
[2023-07-05T13:06:19.847+0000] {logging_mixin.py:149} INFO - [2023-07-05T13:06:19.847+0000] {dagbag.py:541} INFO - Filling up the DagBag from /home/airflow/.local/lib/python3.7/site-packages/airflow/example_dags/example_short_circuit_operator.py
[2023-07-05T13:06:19.858+0000] {processor.py:836} INFO - DAG(s) dict_keys(['example_short_circuit_operator']) retrieved from /home/airflow/.local/lib/python3.7/site-packages/airflow/example_dags/example_short_circuit_operator.py
[2023-07-05T13:06:19.893+0000] {logging_mixin.py:149} INFO - [2023-07-05T13:06:19.893+0000] {dag.py:2726} INFO - Sync 1 DAGs
[2023-07-05T13:06:19.930+0000] {logging_mixin.py:149} INFO - [2023-07-05T13:06:19.930+0000] {dag.py:3490} INFO - Setting next_dagrun for example_short_circuit_operator to 2023-07-04T13:06:19.929863+00:00, run_after=2023-07-05T13:06:19.929863+00:00
[2023-07-05T13:06:19.954+0000] {processor.py:179} INFO - Processing /home/airflow/.local/lib/python3.7/site-packages/airflow/example_dags/example_short_circuit_operator.py took 0.112 seconds
[2023-07-05T13:06:50.286+0000] {processor.py:157} INFO - Started process (PID=1944) to work on /home/airflow/.local/lib/python3.7/site-packages/airflow/example_dags/example_short_circuit_operator.py
[2023-07-05T13:06:50.287+0000] {processor.py:826} INFO - Processing file /home/airflow/.local/lib/python3.7/site-packages/airflow/example_dags/example_short_circuit_operator.py for tasks to queue
[2023-07-05T13:06:50.288+0000] {logging_mixin.py:149} INFO - [2023-07-05T13:06:50.288+0000] {dagbag.py:541} INFO - Filling up the DagBag from /home/airflow/.local/lib/python3.7/site-packages/airflow/example_dags/example_short_circuit_operator.py
[2023-07-05T13:06:50.300+0000] {processor.py:836} INFO - DAG(s) dict_keys(['example_short_circuit_operator']) retrieved from /home/airflow/.local/lib/python3.7/site-packages/airflow/example_dags/example_short_circuit_operator.py
[2023-07-05T13:06:50.346+0000] {logging_mixin.py:149} INFO - [2023-07-05T13:06:50.346+0000] {dag.py:2726} INFO - Sync 1 DAGs
[2023-07-05T13:06:50.394+0000] {logging_mixin.py:149} INFO - [2023-07-05T13:06:50.394+0000] {dag.py:3490} INFO - Setting next_dagrun for example_short_circuit_operator to 2023-07-04T13:06:50.394066+00:00, run_after=2023-07-05T13:06:50.394066+00:00
[2023-07-05T13:06:50.434+0000] {processor.py:179} INFO - Processing /home/airflow/.local/lib/python3.7/site-packages/airflow/example_dags/example_short_circuit_operator.py took 0.153 seconds
[2023-07-05T13:07:20.639+0000] {processor.py:157} INFO - Started process (PID=2001) to work on /home/airflow/.local/lib/python3.7/site-packages/airflow/example_dags/example_short_circuit_operator.py
[2023-07-05T13:07:20.642+0000] {processor.py:826} INFO - Processing file /home/airflow/.local/lib/python3.7/site-packages/airflow/example_dags/example_short_circuit_operator.py for tasks to queue
[2023-07-05T13:07:20.643+0000] {logging_mixin.py:149} INFO - [2023-07-05T13:07:20.643+0000] {dagbag.py:541} INFO - Filling up the DagBag from /home/airflow/.local/lib/python3.7/site-packages/airflow/example_dags/example_short_circuit_operator.py
[2023-07-05T13:07:20.654+0000] {processor.py:836} INFO - DAG(s) dict_keys(['example_short_circuit_operator']) retrieved from /home/airflow/.local/lib/python3.7/site-packages/airflow/example_dags/example_short_circuit_operator.py
[2023-07-05T13:07:20.690+0000] {logging_mixin.py:149} INFO - [2023-07-05T13:07:20.690+0000] {dag.py:2726} INFO - Sync 1 DAGs
[2023-07-05T13:07:20.732+0000] {logging_mixin.py:149} INFO - [2023-07-05T13:07:20.732+0000] {dag.py:3490} INFO - Setting next_dagrun for example_short_circuit_operator to 2023-07-04T13:07:20.731943+00:00, run_after=2023-07-05T13:07:20.731943+00:00
[2023-07-05T13:07:20.762+0000] {processor.py:179} INFO - Processing /home/airflow/.local/lib/python3.7/site-packages/airflow/example_dags/example_short_circuit_operator.py took 0.127 seconds
[2023-07-05T13:07:50.911+0000] {processor.py:157} INFO - Started process (PID=2057) to work on /home/airflow/.local/lib/python3.7/site-packages/airflow/example_dags/example_short_circuit_operator.py
[2023-07-05T13:07:50.912+0000] {processor.py:826} INFO - Processing file /home/airflow/.local/lib/python3.7/site-packages/airflow/example_dags/example_short_circuit_operator.py for tasks to queue
[2023-07-05T13:07:50.913+0000] {logging_mixin.py:149} INFO - [2023-07-05T13:07:50.913+0000] {dagbag.py:541} INFO - Filling up the DagBag from /home/airflow/.local/lib/python3.7/site-packages/airflow/example_dags/example_short_circuit_operator.py
[2023-07-05T13:07:50.924+0000] {processor.py:836} INFO - DAG(s) dict_keys(['example_short_circuit_operator']) retrieved from /home/airflow/.local/lib/python3.7/site-packages/airflow/example_dags/example_short_circuit_operator.py
[2023-07-05T13:07:50.960+0000] {logging_mixin.py:149} INFO - [2023-07-05T13:07:50.960+0000] {dag.py:2726} INFO - Sync 1 DAGs
[2023-07-05T13:07:50.998+0000] {logging_mixin.py:149} INFO - [2023-07-05T13:07:50.998+0000] {dag.py:3490} INFO - Setting next_dagrun for example_short_circuit_operator to 2023-07-04T13:07:50.998050+00:00, run_after=2023-07-05T13:07:50.998050+00:00
[2023-07-05T13:07:51.035+0000] {processor.py:179} INFO - Processing /home/airflow/.local/lib/python3.7/site-packages/airflow/example_dags/example_short_circuit_operator.py took 0.128 seconds
[2023-07-05T13:08:21.191+0000] {processor.py:157} INFO - Started process (PID=2114) to work on /home/airflow/.local/lib/python3.7/site-packages/airflow/example_dags/example_short_circuit_operator.py
[2023-07-05T13:08:21.193+0000] {processor.py:826} INFO - Processing file /home/airflow/.local/lib/python3.7/site-packages/airflow/example_dags/example_short_circuit_operator.py for tasks to queue
[2023-07-05T13:08:21.194+0000] {logging_mixin.py:149} INFO - [2023-07-05T13:08:21.194+0000] {dagbag.py:541} INFO - Filling up the DagBag from /home/airflow/.local/lib/python3.7/site-packages/airflow/example_dags/example_short_circuit_operator.py
[2023-07-05T13:08:21.205+0000] {processor.py:836} INFO - DAG(s) dict_keys(['example_short_circuit_operator']) retrieved from /home/airflow/.local/lib/python3.7/site-packages/airflow/example_dags/example_short_circuit_operator.py
[2023-07-05T13:08:21.246+0000] {logging_mixin.py:149} INFO - [2023-07-05T13:08:21.246+0000] {dag.py:2726} INFO - Sync 1 DAGs
[2023-07-05T13:08:21.285+0000] {logging_mixin.py:149} INFO - [2023-07-05T13:08:21.285+0000] {dag.py:3490} INFO - Setting next_dagrun for example_short_circuit_operator to 2023-07-04T13:08:21.285046+00:00, run_after=2023-07-05T13:08:21.285046+00:00
[2023-07-05T13:08:21.319+0000] {processor.py:179} INFO - Processing /home/airflow/.local/lib/python3.7/site-packages/airflow/example_dags/example_short_circuit_operator.py took 0.133 seconds
[2023-07-05T13:08:51.797+0000] {processor.py:157} INFO - Started process (PID=2171) to work on /home/airflow/.local/lib/python3.7/site-packages/airflow/example_dags/example_short_circuit_operator.py
[2023-07-05T13:08:51.798+0000] {processor.py:826} INFO - Processing file /home/airflow/.local/lib/python3.7/site-packages/airflow/example_dags/example_short_circuit_operator.py for tasks to queue
[2023-07-05T13:08:51.799+0000] {logging_mixin.py:149} INFO - [2023-07-05T13:08:51.799+0000] {dagbag.py:541} INFO - Filling up the DagBag from /home/airflow/.local/lib/python3.7/site-packages/airflow/example_dags/example_short_circuit_operator.py
[2023-07-05T13:08:51.809+0000] {processor.py:836} INFO - DAG(s) dict_keys(['example_short_circuit_operator']) retrieved from /home/airflow/.local/lib/python3.7/site-packages/airflow/example_dags/example_short_circuit_operator.py
[2023-07-05T13:08:51.848+0000] {logging_mixin.py:149} INFO - [2023-07-05T13:08:51.848+0000] {dag.py:2726} INFO - Sync 1 DAGs
[2023-07-05T13:08:51.890+0000] {logging_mixin.py:149} INFO - [2023-07-05T13:08:51.890+0000] {dag.py:3490} INFO - Setting next_dagrun for example_short_circuit_operator to 2023-07-04T13:08:51.890357+00:00, run_after=2023-07-05T13:08:51.890357+00:00
[2023-07-05T13:08:51.915+0000] {processor.py:179} INFO - Processing /home/airflow/.local/lib/python3.7/site-packages/airflow/example_dags/example_short_circuit_operator.py took 0.121 seconds
[2023-07-05T13:09:22.254+0000] {processor.py:157} INFO - Started process (PID=2228) to work on /home/airflow/.local/lib/python3.7/site-packages/airflow/example_dags/example_short_circuit_operator.py
[2023-07-05T13:09:22.256+0000] {processor.py:826} INFO - Processing file /home/airflow/.local/lib/python3.7/site-packages/airflow/example_dags/example_short_circuit_operator.py for tasks to queue
[2023-07-05T13:09:22.257+0000] {logging_mixin.py:149} INFO - [2023-07-05T13:09:22.257+0000] {dagbag.py:541} INFO - Filling up the DagBag from /home/airflow/.local/lib/python3.7/site-packages/airflow/example_dags/example_short_circuit_operator.py
[2023-07-05T13:09:22.268+0000] {processor.py:836} INFO - DAG(s) dict_keys(['example_short_circuit_operator']) retrieved from /home/airflow/.local/lib/python3.7/site-packages/airflow/example_dags/example_short_circuit_operator.py
[2023-07-05T13:09:22.304+0000] {logging_mixin.py:149} INFO - [2023-07-05T13:09:22.304+0000] {dag.py:2726} INFO - Sync 1 DAGs
[2023-07-05T13:09:22.340+0000] {logging_mixin.py:149} INFO - [2023-07-05T13:09:22.340+0000] {dag.py:3490} INFO - Setting next_dagrun for example_short_circuit_operator to 2023-07-04T13:09:22.340135+00:00, run_after=2023-07-05T13:09:22.340135+00:00
[2023-07-05T13:09:22.371+0000] {processor.py:179} INFO - Processing /home/airflow/.local/lib/python3.7/site-packages/airflow/example_dags/example_short_circuit_operator.py took 0.121 seconds
[2023-07-05T13:09:52.715+0000] {processor.py:157} INFO - Started process (PID=2285) to work on /home/airflow/.local/lib/python3.7/site-packages/airflow/example_dags/example_short_circuit_operator.py
[2023-07-05T13:09:52.716+0000] {processor.py:826} INFO - Processing file /home/airflow/.local/lib/python3.7/site-packages/airflow/example_dags/example_short_circuit_operator.py for tasks to queue
[2023-07-05T13:09:52.717+0000] {logging_mixin.py:149} INFO - [2023-07-05T13:09:52.717+0000] {dagbag.py:541} INFO - Filling up the DagBag from /home/airflow/.local/lib/python3.7/site-packages/airflow/example_dags/example_short_circuit_operator.py
[2023-07-05T13:09:52.730+0000] {processor.py:836} INFO - DAG(s) dict_keys(['example_short_circuit_operator']) retrieved from /home/airflow/.local/lib/python3.7/site-packages/airflow/example_dags/example_short_circuit_operator.py
[2023-07-05T13:09:52.768+0000] {logging_mixin.py:149} INFO - [2023-07-05T13:09:52.768+0000] {dag.py:2726} INFO - Sync 1 DAGs
[2023-07-05T13:09:52.808+0000] {logging_mixin.py:149} INFO - [2023-07-05T13:09:52.808+0000] {dag.py:3490} INFO - Setting next_dagrun for example_short_circuit_operator to 2023-07-04T13:09:52.808129+00:00, run_after=2023-07-05T13:09:52.808129+00:00
[2023-07-05T13:09:52.837+0000] {processor.py:179} INFO - Processing /home/airflow/.local/lib/python3.7/site-packages/airflow/example_dags/example_short_circuit_operator.py took 0.126 seconds
[2023-07-05T13:10:23.083+0000] {processor.py:157} INFO - Started process (PID=2342) to work on /home/airflow/.local/lib/python3.7/site-packages/airflow/example_dags/example_short_circuit_operator.py
[2023-07-05T13:10:23.085+0000] {processor.py:826} INFO - Processing file /home/airflow/.local/lib/python3.7/site-packages/airflow/example_dags/example_short_circuit_operator.py for tasks to queue
[2023-07-05T13:10:23.086+0000] {logging_mixin.py:149} INFO - [2023-07-05T13:10:23.086+0000] {dagbag.py:541} INFO - Filling up the DagBag from /home/airflow/.local/lib/python3.7/site-packages/airflow/example_dags/example_short_circuit_operator.py
[2023-07-05T13:10:23.097+0000] {processor.py:836} INFO - DAG(s) dict_keys(['example_short_circuit_operator']) retrieved from /home/airflow/.local/lib/python3.7/site-packages/airflow/example_dags/example_short_circuit_operator.py
[2023-07-05T13:10:23.134+0000] {logging_mixin.py:149} INFO - [2023-07-05T13:10:23.134+0000] {dag.py:2726} INFO - Sync 1 DAGs
[2023-07-05T13:10:23.170+0000] {logging_mixin.py:149} INFO - [2023-07-05T13:10:23.170+0000] {dag.py:3490} INFO - Setting next_dagrun for example_short_circuit_operator to 2023-07-04T13:10:23.170172+00:00, run_after=2023-07-05T13:10:23.170172+00:00
[2023-07-05T13:10:23.196+0000] {processor.py:179} INFO - Processing /home/airflow/.local/lib/python3.7/site-packages/airflow/example_dags/example_short_circuit_operator.py took 0.118 seconds
[2023-07-05T13:10:53.448+0000] {processor.py:157} INFO - Started process (PID=2399) to work on /home/airflow/.local/lib/python3.7/site-packages/airflow/example_dags/example_short_circuit_operator.py
[2023-07-05T13:10:53.449+0000] {processor.py:826} INFO - Processing file /home/airflow/.local/lib/python3.7/site-packages/airflow/example_dags/example_short_circuit_operator.py for tasks to queue
[2023-07-05T13:10:53.449+0000] {logging_mixin.py:149} INFO - [2023-07-05T13:10:53.449+0000] {dagbag.py:541} INFO - Filling up the DagBag from /home/airflow/.local/lib/python3.7/site-packages/airflow/example_dags/example_short_circuit_operator.py
[2023-07-05T13:10:53.460+0000] {processor.py:836} INFO - DAG(s) dict_keys(['example_short_circuit_operator']) retrieved from /home/airflow/.local/lib/python3.7/site-packages/airflow/example_dags/example_short_circuit_operator.py
[2023-07-05T13:10:53.496+0000] {logging_mixin.py:149} INFO - [2023-07-05T13:10:53.496+0000] {dag.py:2726} INFO - Sync 1 DAGs
[2023-07-05T13:10:53.531+0000] {logging_mixin.py:149} INFO - [2023-07-05T13:10:53.531+0000] {dag.py:3490} INFO - Setting next_dagrun for example_short_circuit_operator to 2023-07-04T13:10:53.530767+00:00, run_after=2023-07-05T13:10:53.530767+00:00
[2023-07-05T13:10:53.556+0000] {processor.py:179} INFO - Processing /home/airflow/.local/lib/python3.7/site-packages/airflow/example_dags/example_short_circuit_operator.py took 0.112 seconds
[2023-07-05T13:11:23.884+0000] {processor.py:157} INFO - Started process (PID=2456) to work on /home/airflow/.local/lib/python3.7/site-packages/airflow/example_dags/example_short_circuit_operator.py
[2023-07-05T13:11:23.891+0000] {processor.py:826} INFO - Processing file /home/airflow/.local/lib/python3.7/site-packages/airflow/example_dags/example_short_circuit_operator.py for tasks to queue
[2023-07-05T13:11:23.892+0000] {logging_mixin.py:149} INFO - [2023-07-05T13:11:23.892+0000] {dagbag.py:541} INFO - Filling up the DagBag from /home/airflow/.local/lib/python3.7/site-packages/airflow/example_dags/example_short_circuit_operator.py
[2023-07-05T13:11:23.903+0000] {processor.py:836} INFO - DAG(s) dict_keys(['example_short_circuit_operator']) retrieved from /home/airflow/.local/lib/python3.7/site-packages/airflow/example_dags/example_short_circuit_operator.py
[2023-07-05T13:11:23.939+0000] {logging_mixin.py:149} INFO - [2023-07-05T13:11:23.938+0000] {dag.py:2726} INFO - Sync 1 DAGs
[2023-07-05T13:11:23.982+0000] {logging_mixin.py:149} INFO - [2023-07-05T13:11:23.982+0000] {dag.py:3490} INFO - Setting next_dagrun for example_short_circuit_operator to 2023-07-04T13:11:23.982188+00:00, run_after=2023-07-05T13:11:23.982188+00:00
[2023-07-05T13:11:24.017+0000] {processor.py:179} INFO - Processing /home/airflow/.local/lib/python3.7/site-packages/airflow/example_dags/example_short_circuit_operator.py took 0.137 seconds
[2023-07-05T13:11:54.233+0000] {processor.py:157} INFO - Started process (PID=2513) to work on /home/airflow/.local/lib/python3.7/site-packages/airflow/example_dags/example_short_circuit_operator.py
[2023-07-05T13:11:54.235+0000] {processor.py:826} INFO - Processing file /home/airflow/.local/lib/python3.7/site-packages/airflow/example_dags/example_short_circuit_operator.py for tasks to queue
[2023-07-05T13:11:54.235+0000] {logging_mixin.py:149} INFO - [2023-07-05T13:11:54.235+0000] {dagbag.py:541} INFO - Filling up the DagBag from /home/airflow/.local/lib/python3.7/site-packages/airflow/example_dags/example_short_circuit_operator.py
[2023-07-05T13:11:54.245+0000] {processor.py:836} INFO - DAG(s) dict_keys(['example_short_circuit_operator']) retrieved from /home/airflow/.local/lib/python3.7/site-packages/airflow/example_dags/example_short_circuit_operator.py
[2023-07-05T13:11:54.280+0000] {logging_mixin.py:149} INFO - [2023-07-05T13:11:54.280+0000] {dag.py:2726} INFO - Sync 1 DAGs
[2023-07-05T13:11:54.316+0000] {logging_mixin.py:149} INFO - [2023-07-05T13:11:54.315+0000] {dag.py:3490} INFO - Setting next_dagrun for example_short_circuit_operator to 2023-07-04T13:11:54.315461+00:00, run_after=2023-07-05T13:11:54.315461+00:00
[2023-07-05T13:11:54.361+0000] {processor.py:179} INFO - Processing /home/airflow/.local/lib/python3.7/site-packages/airflow/example_dags/example_short_circuit_operator.py took 0.132 seconds
[2023-07-05T13:12:24.982+0000] {processor.py:157} INFO - Started process (PID=2570) to work on /home/airflow/.local/lib/python3.7/site-packages/airflow/example_dags/example_short_circuit_operator.py
[2023-07-05T13:12:24.984+0000] {processor.py:826} INFO - Processing file /home/airflow/.local/lib/python3.7/site-packages/airflow/example_dags/example_short_circuit_operator.py for tasks to queue
[2023-07-05T13:12:24.985+0000] {logging_mixin.py:149} INFO - [2023-07-05T13:12:24.984+0000] {dagbag.py:541} INFO - Filling up the DagBag from /home/airflow/.local/lib/python3.7/site-packages/airflow/example_dags/example_short_circuit_operator.py
[2023-07-05T13:12:24.996+0000] {processor.py:836} INFO - DAG(s) dict_keys(['example_short_circuit_operator']) retrieved from /home/airflow/.local/lib/python3.7/site-packages/airflow/example_dags/example_short_circuit_operator.py
[2023-07-05T13:12:25.029+0000] {logging_mixin.py:149} INFO - [2023-07-05T13:12:25.029+0000] {dag.py:2726} INFO - Sync 1 DAGs
[2023-07-05T13:12:25.065+0000] {logging_mixin.py:149} INFO - [2023-07-05T13:12:25.065+0000] {dag.py:3490} INFO - Setting next_dagrun for example_short_circuit_operator to 2023-07-04T13:12:25.064807+00:00, run_after=2023-07-05T13:12:25.064807+00:00
[2023-07-05T13:12:25.095+0000] {processor.py:179} INFO - Processing /home/airflow/.local/lib/python3.7/site-packages/airflow/example_dags/example_short_circuit_operator.py took 0.117 seconds
[2023-07-05T13:12:55.261+0000] {processor.py:157} INFO - Started process (PID=2627) to work on /home/airflow/.local/lib/python3.7/site-packages/airflow/example_dags/example_short_circuit_operator.py
[2023-07-05T13:12:55.262+0000] {processor.py:826} INFO - Processing file /home/airflow/.local/lib/python3.7/site-packages/airflow/example_dags/example_short_circuit_operator.py for tasks to queue
[2023-07-05T13:12:55.263+0000] {logging_mixin.py:149} INFO - [2023-07-05T13:12:55.263+0000] {dagbag.py:541} INFO - Filling up the DagBag from /home/airflow/.local/lib/python3.7/site-packages/airflow/example_dags/example_short_circuit_operator.py
[2023-07-05T13:12:55.273+0000] {processor.py:836} INFO - DAG(s) dict_keys(['example_short_circuit_operator']) retrieved from /home/airflow/.local/lib/python3.7/site-packages/airflow/example_dags/example_short_circuit_operator.py
[2023-07-05T13:12:55.305+0000] {logging_mixin.py:149} INFO - [2023-07-05T13:12:55.304+0000] {dag.py:2726} INFO - Sync 1 DAGs
[2023-07-05T13:12:55.338+0000] {logging_mixin.py:149} INFO - [2023-07-05T13:12:55.337+0000] {dag.py:3490} INFO - Setting next_dagrun for example_short_circuit_operator to 2023-07-04T13:12:55.337654+00:00, run_after=2023-07-05T13:12:55.337654+00:00
[2023-07-05T13:12:55.364+0000] {processor.py:179} INFO - Processing /home/airflow/.local/lib/python3.7/site-packages/airflow/example_dags/example_short_circuit_operator.py took 0.106 seconds
[2023-07-05T13:13:25.645+0000] {processor.py:157} INFO - Started process (PID=2684) to work on /home/airflow/.local/lib/python3.7/site-packages/airflow/example_dags/example_short_circuit_operator.py
[2023-07-05T13:13:25.648+0000] {processor.py:826} INFO - Processing file /home/airflow/.local/lib/python3.7/site-packages/airflow/example_dags/example_short_circuit_operator.py for tasks to queue
[2023-07-05T13:13:25.650+0000] {logging_mixin.py:149} INFO - [2023-07-05T13:13:25.649+0000] {dagbag.py:541} INFO - Filling up the DagBag from /home/airflow/.local/lib/python3.7/site-packages/airflow/example_dags/example_short_circuit_operator.py
[2023-07-05T13:13:25.661+0000] {processor.py:836} INFO - DAG(s) dict_keys(['example_short_circuit_operator']) retrieved from /home/airflow/.local/lib/python3.7/site-packages/airflow/example_dags/example_short_circuit_operator.py
[2023-07-05T13:13:25.707+0000] {logging_mixin.py:149} INFO - [2023-07-05T13:13:25.706+0000] {dag.py:2726} INFO - Sync 1 DAGs
[2023-07-05T13:13:25.748+0000] {logging_mixin.py:149} INFO - [2023-07-05T13:13:25.747+0000] {dag.py:3490} INFO - Setting next_dagrun for example_short_circuit_operator to 2023-07-04T13:13:25.747523+00:00, run_after=2023-07-05T13:13:25.747523+00:00
[2023-07-05T13:13:25.778+0000] {processor.py:179} INFO - Processing /home/airflow/.local/lib/python3.7/site-packages/airflow/example_dags/example_short_circuit_operator.py took 0.139 seconds
[2023-07-05T13:13:55.839+0000] {processor.py:157} INFO - Started process (PID=2742) to work on /home/airflow/.local/lib/python3.7/site-packages/airflow/example_dags/example_short_circuit_operator.py
[2023-07-05T13:13:55.841+0000] {processor.py:826} INFO - Processing file /home/airflow/.local/lib/python3.7/site-packages/airflow/example_dags/example_short_circuit_operator.py for tasks to queue
[2023-07-05T13:13:55.842+0000] {logging_mixin.py:149} INFO - [2023-07-05T13:13:55.842+0000] {dagbag.py:541} INFO - Filling up the DagBag from /home/airflow/.local/lib/python3.7/site-packages/airflow/example_dags/example_short_circuit_operator.py
[2023-07-05T13:13:55.853+0000] {processor.py:836} INFO - DAG(s) dict_keys(['example_short_circuit_operator']) retrieved from /home/airflow/.local/lib/python3.7/site-packages/airflow/example_dags/example_short_circuit_operator.py
[2023-07-05T13:13:55.888+0000] {logging_mixin.py:149} INFO - [2023-07-05T13:13:55.887+0000] {dag.py:2726} INFO - Sync 1 DAGs
[2023-07-05T13:13:55.927+0000] {logging_mixin.py:149} INFO - [2023-07-05T13:13:55.927+0000] {dag.py:3490} INFO - Setting next_dagrun for example_short_circuit_operator to 2023-07-04T13:13:55.926841+00:00, run_after=2023-07-05T13:13:55.926841+00:00
[2023-07-05T13:13:55.947+0000] {processor.py:179} INFO - Processing /home/airflow/.local/lib/python3.7/site-packages/airflow/example_dags/example_short_circuit_operator.py took 0.112 seconds
[2023-07-05T13:14:26.327+0000] {processor.py:157} INFO - Started process (PID=2799) to work on /home/airflow/.local/lib/python3.7/site-packages/airflow/example_dags/example_short_circuit_operator.py
[2023-07-05T13:14:26.328+0000] {processor.py:826} INFO - Processing file /home/airflow/.local/lib/python3.7/site-packages/airflow/example_dags/example_short_circuit_operator.py for tasks to queue
[2023-07-05T13:14:26.329+0000] {logging_mixin.py:149} INFO - [2023-07-05T13:14:26.329+0000] {dagbag.py:541} INFO - Filling up the DagBag from /home/airflow/.local/lib/python3.7/site-packages/airflow/example_dags/example_short_circuit_operator.py
[2023-07-05T13:14:26.341+0000] {processor.py:836} INFO - DAG(s) dict_keys(['example_short_circuit_operator']) retrieved from /home/airflow/.local/lib/python3.7/site-packages/airflow/example_dags/example_short_circuit_operator.py
[2023-07-05T13:14:26.382+0000] {logging_mixin.py:149} INFO - [2023-07-05T13:14:26.382+0000] {dag.py:2726} INFO - Sync 1 DAGs
[2023-07-05T13:14:26.418+0000] {logging_mixin.py:149} INFO - [2023-07-05T13:14:26.417+0000] {dag.py:3490} INFO - Setting next_dagrun for example_short_circuit_operator to 2023-07-04T13:14:26.417644+00:00, run_after=2023-07-05T13:14:26.417644+00:00
[2023-07-05T13:14:26.444+0000] {processor.py:179} INFO - Processing /home/airflow/.local/lib/python3.7/site-packages/airflow/example_dags/example_short_circuit_operator.py took 0.121 seconds
[2023-07-05T13:14:56.546+0000] {processor.py:157} INFO - Started process (PID=2855) to work on /home/airflow/.local/lib/python3.7/site-packages/airflow/example_dags/example_short_circuit_operator.py
[2023-07-05T13:14:56.548+0000] {processor.py:826} INFO - Processing file /home/airflow/.local/lib/python3.7/site-packages/airflow/example_dags/example_short_circuit_operator.py for tasks to queue
[2023-07-05T13:14:56.549+0000] {logging_mixin.py:149} INFO - [2023-07-05T13:14:56.549+0000] {dagbag.py:541} INFO - Filling up the DagBag from /home/airflow/.local/lib/python3.7/site-packages/airflow/example_dags/example_short_circuit_operator.py
[2023-07-05T13:14:56.562+0000] {processor.py:836} INFO - DAG(s) dict_keys(['example_short_circuit_operator']) retrieved from /home/airflow/.local/lib/python3.7/site-packages/airflow/example_dags/example_short_circuit_operator.py
[2023-07-05T13:14:56.616+0000] {logging_mixin.py:149} INFO - [2023-07-05T13:14:56.616+0000] {dag.py:2726} INFO - Sync 1 DAGs
[2023-07-05T13:14:56.660+0000] {logging_mixin.py:149} INFO - [2023-07-05T13:14:56.659+0000] {dag.py:3490} INFO - Setting next_dagrun for example_short_circuit_operator to 2023-07-04T13:14:56.659667+00:00, run_after=2023-07-05T13:14:56.659667+00:00
[2023-07-05T13:14:56.690+0000] {processor.py:179} INFO - Processing /home/airflow/.local/lib/python3.7/site-packages/airflow/example_dags/example_short_circuit_operator.py took 0.147 seconds
[2023-07-05T13:15:27.014+0000] {processor.py:157} INFO - Started process (PID=2912) to work on /home/airflow/.local/lib/python3.7/site-packages/airflow/example_dags/example_short_circuit_operator.py
[2023-07-05T13:15:27.015+0000] {processor.py:826} INFO - Processing file /home/airflow/.local/lib/python3.7/site-packages/airflow/example_dags/example_short_circuit_operator.py for tasks to queue
[2023-07-05T13:15:27.016+0000] {logging_mixin.py:149} INFO - [2023-07-05T13:15:27.016+0000] {dagbag.py:541} INFO - Filling up the DagBag from /home/airflow/.local/lib/python3.7/site-packages/airflow/example_dags/example_short_circuit_operator.py
[2023-07-05T13:15:27.028+0000] {processor.py:836} INFO - DAG(s) dict_keys(['example_short_circuit_operator']) retrieved from /home/airflow/.local/lib/python3.7/site-packages/airflow/example_dags/example_short_circuit_operator.py
[2023-07-05T13:15:27.071+0000] {logging_mixin.py:149} INFO - [2023-07-05T13:15:27.070+0000] {dag.py:2726} INFO - Sync 1 DAGs
[2023-07-05T13:15:27.113+0000] {logging_mixin.py:149} INFO - [2023-07-05T13:15:27.113+0000] {dag.py:3490} INFO - Setting next_dagrun for example_short_circuit_operator to 2023-07-04T13:15:27.112932+00:00, run_after=2023-07-05T13:15:27.112932+00:00
[2023-07-05T13:15:27.145+0000] {processor.py:179} INFO - Processing /home/airflow/.local/lib/python3.7/site-packages/airflow/example_dags/example_short_circuit_operator.py took 0.135 seconds
[2023-07-05T13:15:57.277+0000] {processor.py:157} INFO - Started process (PID=2969) to work on /home/airflow/.local/lib/python3.7/site-packages/airflow/example_dags/example_short_circuit_operator.py
[2023-07-05T13:15:57.279+0000] {processor.py:826} INFO - Processing file /home/airflow/.local/lib/python3.7/site-packages/airflow/example_dags/example_short_circuit_operator.py for tasks to queue
[2023-07-05T13:15:57.279+0000] {logging_mixin.py:149} INFO - [2023-07-05T13:15:57.279+0000] {dagbag.py:541} INFO - Filling up the DagBag from /home/airflow/.local/lib/python3.7/site-packages/airflow/example_dags/example_short_circuit_operator.py
[2023-07-05T13:15:57.290+0000] {processor.py:836} INFO - DAG(s) dict_keys(['example_short_circuit_operator']) retrieved from /home/airflow/.local/lib/python3.7/site-packages/airflow/example_dags/example_short_circuit_operator.py
[2023-07-05T13:15:57.332+0000] {logging_mixin.py:149} INFO - [2023-07-05T13:15:57.332+0000] {dag.py:2726} INFO - Sync 1 DAGs
[2023-07-05T13:15:57.387+0000] {logging_mixin.py:149} INFO - [2023-07-05T13:15:57.387+0000] {dag.py:3490} INFO - Setting next_dagrun for example_short_circuit_operator to 2023-07-04T13:15:57.387221+00:00, run_after=2023-07-05T13:15:57.387221+00:00
[2023-07-05T13:15:57.418+0000] {processor.py:179} INFO - Processing /home/airflow/.local/lib/python3.7/site-packages/airflow/example_dags/example_short_circuit_operator.py took 0.147 seconds
[2023-07-05T13:16:27.672+0000] {processor.py:157} INFO - Started process (PID=3026) to work on /home/airflow/.local/lib/python3.7/site-packages/airflow/example_dags/example_short_circuit_operator.py
[2023-07-05T13:16:27.673+0000] {processor.py:826} INFO - Processing file /home/airflow/.local/lib/python3.7/site-packages/airflow/example_dags/example_short_circuit_operator.py for tasks to queue
[2023-07-05T13:16:27.674+0000] {logging_mixin.py:149} INFO - [2023-07-05T13:16:27.674+0000] {dagbag.py:541} INFO - Filling up the DagBag from /home/airflow/.local/lib/python3.7/site-packages/airflow/example_dags/example_short_circuit_operator.py
[2023-07-05T13:16:27.686+0000] {processor.py:836} INFO - DAG(s) dict_keys(['example_short_circuit_operator']) retrieved from /home/airflow/.local/lib/python3.7/site-packages/airflow/example_dags/example_short_circuit_operator.py
[2023-07-05T13:16:27.727+0000] {logging_mixin.py:149} INFO - [2023-07-05T13:16:27.726+0000] {dag.py:2726} INFO - Sync 1 DAGs
[2023-07-05T13:16:27.787+0000] {logging_mixin.py:149} INFO - [2023-07-05T13:16:27.787+0000] {dag.py:3490} INFO - Setting next_dagrun for example_short_circuit_operator to 2023-07-04T13:16:27.786741+00:00, run_after=2023-07-05T13:16:27.786741+00:00
[2023-07-05T13:16:27.826+0000] {processor.py:179} INFO - Processing /home/airflow/.local/lib/python3.7/site-packages/airflow/example_dags/example_short_circuit_operator.py took 0.158 seconds
[2023-07-05T13:16:58.142+0000] {processor.py:157} INFO - Started process (PID=3082) to work on /home/airflow/.local/lib/python3.7/site-packages/airflow/example_dags/example_short_circuit_operator.py
[2023-07-05T13:16:58.144+0000] {processor.py:826} INFO - Processing file /home/airflow/.local/lib/python3.7/site-packages/airflow/example_dags/example_short_circuit_operator.py for tasks to queue
[2023-07-05T13:16:58.145+0000] {logging_mixin.py:149} INFO - [2023-07-05T13:16:58.145+0000] {dagbag.py:541} INFO - Filling up the DagBag from /home/airflow/.local/lib/python3.7/site-packages/airflow/example_dags/example_short_circuit_operator.py
[2023-07-05T13:16:58.158+0000] {processor.py:836} INFO - DAG(s) dict_keys(['example_short_circuit_operator']) retrieved from /home/airflow/.local/lib/python3.7/site-packages/airflow/example_dags/example_short_circuit_operator.py
[2023-07-05T13:16:58.201+0000] {logging_mixin.py:149} INFO - [2023-07-05T13:16:58.200+0000] {dag.py:2726} INFO - Sync 1 DAGs
[2023-07-05T13:16:58.245+0000] {logging_mixin.py:149} INFO - [2023-07-05T13:16:58.244+0000] {dag.py:3490} INFO - Setting next_dagrun for example_short_circuit_operator to 2023-07-04T13:16:58.244555+00:00, run_after=2023-07-05T13:16:58.244555+00:00
[2023-07-05T13:16:58.269+0000] {processor.py:179} INFO - Processing /home/airflow/.local/lib/python3.7/site-packages/airflow/example_dags/example_short_circuit_operator.py took 0.132 seconds
[2023-07-05T13:17:28.831+0000] {processor.py:157} INFO - Started process (PID=3139) to work on /home/airflow/.local/lib/python3.7/site-packages/airflow/example_dags/example_short_circuit_operator.py
[2023-07-05T13:17:28.834+0000] {processor.py:826} INFO - Processing file /home/airflow/.local/lib/python3.7/site-packages/airflow/example_dags/example_short_circuit_operator.py for tasks to queue
[2023-07-05T13:17:28.835+0000] {logging_mixin.py:149} INFO - [2023-07-05T13:17:28.834+0000] {dagbag.py:541} INFO - Filling up the DagBag from /home/airflow/.local/lib/python3.7/site-packages/airflow/example_dags/example_short_circuit_operator.py
[2023-07-05T13:17:28.845+0000] {processor.py:836} INFO - DAG(s) dict_keys(['example_short_circuit_operator']) retrieved from /home/airflow/.local/lib/python3.7/site-packages/airflow/example_dags/example_short_circuit_operator.py
[2023-07-05T13:17:28.883+0000] {logging_mixin.py:149} INFO - [2023-07-05T13:17:28.883+0000] {dag.py:2726} INFO - Sync 1 DAGs
[2023-07-05T13:17:28.917+0000] {logging_mixin.py:149} INFO - [2023-07-05T13:17:28.916+0000] {dag.py:3490} INFO - Setting next_dagrun for example_short_circuit_operator to 2023-07-04T13:17:28.916602+00:00, run_after=2023-07-05T13:17:28.916602+00:00
[2023-07-05T13:17:28.942+0000] {processor.py:179} INFO - Processing /home/airflow/.local/lib/python3.7/site-packages/airflow/example_dags/example_short_circuit_operator.py took 0.116 seconds
[2023-07-05T13:17:59.592+0000] {processor.py:157} INFO - Started process (PID=3191) to work on /home/airflow/.local/lib/python3.7/site-packages/airflow/example_dags/example_short_circuit_operator.py
[2023-07-05T13:17:59.593+0000] {processor.py:826} INFO - Processing file /home/airflow/.local/lib/python3.7/site-packages/airflow/example_dags/example_short_circuit_operator.py for tasks to queue
[2023-07-05T13:17:59.593+0000] {logging_mixin.py:149} INFO - [2023-07-05T13:17:59.593+0000] {dagbag.py:541} INFO - Filling up the DagBag from /home/airflow/.local/lib/python3.7/site-packages/airflow/example_dags/example_short_circuit_operator.py
[2023-07-05T13:17:59.602+0000] {processor.py:836} INFO - DAG(s) dict_keys(['example_short_circuit_operator']) retrieved from /home/airflow/.local/lib/python3.7/site-packages/airflow/example_dags/example_short_circuit_operator.py
[2023-07-05T13:17:59.635+0000] {logging_mixin.py:149} INFO - [2023-07-05T13:17:59.634+0000] {dag.py:2726} INFO - Sync 1 DAGs
[2023-07-05T13:17:59.666+0000] {logging_mixin.py:149} INFO - [2023-07-05T13:17:59.665+0000] {dag.py:3490} INFO - Setting next_dagrun for example_short_circuit_operator to 2023-07-04T13:17:59.665680+00:00, run_after=2023-07-05T13:17:59.665680+00:00
[2023-07-05T13:17:59.686+0000] {processor.py:179} INFO - Processing /home/airflow/.local/lib/python3.7/site-packages/airflow/example_dags/example_short_circuit_operator.py took 0.098 seconds
