[2023-07-05T12:49:54.794+0000] {processor.py:157} INFO - Started process (PID=37) to work on /home/airflow/.local/lib/python3.7/site-packages/airflow/example_dags/example_branch_python_dop_operator_3.py
[2023-07-05T12:49:54.795+0000] {processor.py:826} INFO - Processing file /home/airflow/.local/lib/python3.7/site-packages/airflow/example_dags/example_branch_python_dop_operator_3.py for tasks to queue
[2023-07-05T12:49:54.796+0000] {logging_mixin.py:149} INFO - [2023-07-05T12:49:54.796+0000] {dagbag.py:541} INFO - Filling up the DagBag from /home/airflow/.local/lib/python3.7/site-packages/airflow/example_dags/example_branch_python_dop_operator_3.py
[2023-07-05T12:49:54.808+0000] {processor.py:836} INFO - DAG(s) dict_keys(['example_branch_dop_operator_v3']) retrieved from /home/airflow/.local/lib/python3.7/site-packages/airflow/example_dags/example_branch_python_dop_operator_3.py
[2023-07-05T12:49:54.829+0000] {logging_mixin.py:149} INFO - [2023-07-05T12:49:54.828+0000] {dag.py:2726} INFO - Sync 1 DAGs
[2023-07-05T12:49:54.893+0000] {logging_mixin.py:149} INFO - [2023-07-05T12:49:54.893+0000] {dag.py:3490} INFO - Setting next_dagrun for example_branch_dop_operator_v3 to 2023-07-05T12:48:00+00:00, run_after=2023-07-05T12:49:00+00:00
[2023-07-05T12:49:54.941+0000] {processor.py:179} INFO - Processing /home/airflow/.local/lib/python3.7/site-packages/airflow/example_dags/example_branch_python_dop_operator_3.py took 0.151 seconds
[2023-07-05T12:50:30.249+0000] {processor.py:157} INFO - Started process (PID=94) to work on /home/airflow/.local/lib/python3.7/site-packages/airflow/example_dags/example_branch_python_dop_operator_3.py
[2023-07-05T12:50:30.254+0000] {processor.py:826} INFO - Processing file /home/airflow/.local/lib/python3.7/site-packages/airflow/example_dags/example_branch_python_dop_operator_3.py for tasks to queue
[2023-07-05T12:50:30.255+0000] {logging_mixin.py:149} INFO - [2023-07-05T12:50:30.255+0000] {dagbag.py:541} INFO - Filling up the DagBag from /home/airflow/.local/lib/python3.7/site-packages/airflow/example_dags/example_branch_python_dop_operator_3.py
[2023-07-05T12:50:30.278+0000] {processor.py:836} INFO - DAG(s) dict_keys(['example_branch_dop_operator_v3']) retrieved from /home/airflow/.local/lib/python3.7/site-packages/airflow/example_dags/example_branch_python_dop_operator_3.py
[2023-07-05T12:50:30.336+0000] {logging_mixin.py:149} INFO - [2023-07-05T12:50:30.336+0000] {dag.py:2726} INFO - Sync 1 DAGs
[2023-07-05T12:50:30.386+0000] {logging_mixin.py:149} INFO - [2023-07-05T12:50:30.386+0000] {dag.py:3490} INFO - Setting next_dagrun for example_branch_dop_operator_v3 to 2023-07-05T12:49:00+00:00, run_after=2023-07-05T12:50:00+00:00
[2023-07-05T12:50:30.446+0000] {processor.py:179} INFO - Processing /home/airflow/.local/lib/python3.7/site-packages/airflow/example_dags/example_branch_python_dop_operator_3.py took 0.201 seconds
[2023-07-05T12:51:00.779+0000] {processor.py:157} INFO - Started process (PID=152) to work on /home/airflow/.local/lib/python3.7/site-packages/airflow/example_dags/example_branch_python_dop_operator_3.py
[2023-07-05T12:51:00.780+0000] {processor.py:826} INFO - Processing file /home/airflow/.local/lib/python3.7/site-packages/airflow/example_dags/example_branch_python_dop_operator_3.py for tasks to queue
[2023-07-05T12:51:00.781+0000] {logging_mixin.py:149} INFO - [2023-07-05T12:51:00.781+0000] {dagbag.py:541} INFO - Filling up the DagBag from /home/airflow/.local/lib/python3.7/site-packages/airflow/example_dags/example_branch_python_dop_operator_3.py
[2023-07-05T12:51:00.791+0000] {processor.py:836} INFO - DAG(s) dict_keys(['example_branch_dop_operator_v3']) retrieved from /home/airflow/.local/lib/python3.7/site-packages/airflow/example_dags/example_branch_python_dop_operator_3.py
[2023-07-05T12:51:00.834+0000] {logging_mixin.py:149} INFO - [2023-07-05T12:51:00.833+0000] {dag.py:2726} INFO - Sync 1 DAGs
[2023-07-05T12:51:00.889+0000] {logging_mixin.py:149} INFO - [2023-07-05T12:51:00.889+0000] {dag.py:3490} INFO - Setting next_dagrun for example_branch_dop_operator_v3 to 2023-07-05T12:50:00+00:00, run_after=2023-07-05T12:51:00+00:00
[2023-07-05T12:51:00.920+0000] {processor.py:179} INFO - Processing /home/airflow/.local/lib/python3.7/site-packages/airflow/example_dags/example_branch_python_dop_operator_3.py took 0.145 seconds
[2023-07-05T12:51:31.148+0000] {processor.py:157} INFO - Started process (PID=209) to work on /home/airflow/.local/lib/python3.7/site-packages/airflow/example_dags/example_branch_python_dop_operator_3.py
[2023-07-05T12:51:31.149+0000] {processor.py:826} INFO - Processing file /home/airflow/.local/lib/python3.7/site-packages/airflow/example_dags/example_branch_python_dop_operator_3.py for tasks to queue
[2023-07-05T12:51:31.151+0000] {logging_mixin.py:149} INFO - [2023-07-05T12:51:31.150+0000] {dagbag.py:541} INFO - Filling up the DagBag from /home/airflow/.local/lib/python3.7/site-packages/airflow/example_dags/example_branch_python_dop_operator_3.py
[2023-07-05T12:51:31.161+0000] {processor.py:836} INFO - DAG(s) dict_keys(['example_branch_dop_operator_v3']) retrieved from /home/airflow/.local/lib/python3.7/site-packages/airflow/example_dags/example_branch_python_dop_operator_3.py
[2023-07-05T12:51:31.195+0000] {logging_mixin.py:149} INFO - [2023-07-05T12:51:31.195+0000] {dag.py:2726} INFO - Sync 1 DAGs
[2023-07-05T12:51:31.239+0000] {logging_mixin.py:149} INFO - [2023-07-05T12:51:31.239+0000] {dag.py:3490} INFO - Setting next_dagrun for example_branch_dop_operator_v3 to 2023-07-05T12:50:00+00:00, run_after=2023-07-05T12:51:00+00:00
[2023-07-05T12:51:31.270+0000] {processor.py:179} INFO - Processing /home/airflow/.local/lib/python3.7/site-packages/airflow/example_dags/example_branch_python_dop_operator_3.py took 0.126 seconds
[2023-07-05T12:52:01.350+0000] {processor.py:157} INFO - Started process (PID=265) to work on /home/airflow/.local/lib/python3.7/site-packages/airflow/example_dags/example_branch_python_dop_operator_3.py
[2023-07-05T12:52:01.352+0000] {processor.py:826} INFO - Processing file /home/airflow/.local/lib/python3.7/site-packages/airflow/example_dags/example_branch_python_dop_operator_3.py for tasks to queue
[2023-07-05T12:52:01.353+0000] {logging_mixin.py:149} INFO - [2023-07-05T12:52:01.353+0000] {dagbag.py:541} INFO - Filling up the DagBag from /home/airflow/.local/lib/python3.7/site-packages/airflow/example_dags/example_branch_python_dop_operator_3.py
[2023-07-05T12:52:01.366+0000] {processor.py:836} INFO - DAG(s) dict_keys(['example_branch_dop_operator_v3']) retrieved from /home/airflow/.local/lib/python3.7/site-packages/airflow/example_dags/example_branch_python_dop_operator_3.py
[2023-07-05T12:52:01.400+0000] {logging_mixin.py:149} INFO - [2023-07-05T12:52:01.400+0000] {dag.py:2726} INFO - Sync 1 DAGs
[2023-07-05T12:52:01.448+0000] {logging_mixin.py:149} INFO - [2023-07-05T12:52:01.448+0000] {dag.py:3490} INFO - Setting next_dagrun for example_branch_dop_operator_v3 to 2023-07-05T12:51:00+00:00, run_after=2023-07-05T12:52:00+00:00
[2023-07-05T12:52:01.483+0000] {processor.py:179} INFO - Processing /home/airflow/.local/lib/python3.7/site-packages/airflow/example_dags/example_branch_python_dop_operator_3.py took 0.139 seconds
[2023-07-05T12:52:31.766+0000] {processor.py:157} INFO - Started process (PID=322) to work on /home/airflow/.local/lib/python3.7/site-packages/airflow/example_dags/example_branch_python_dop_operator_3.py
[2023-07-05T12:52:31.768+0000] {processor.py:826} INFO - Processing file /home/airflow/.local/lib/python3.7/site-packages/airflow/example_dags/example_branch_python_dop_operator_3.py for tasks to queue
[2023-07-05T12:52:31.769+0000] {logging_mixin.py:149} INFO - [2023-07-05T12:52:31.769+0000] {dagbag.py:541} INFO - Filling up the DagBag from /home/airflow/.local/lib/python3.7/site-packages/airflow/example_dags/example_branch_python_dop_operator_3.py
[2023-07-05T12:52:31.783+0000] {processor.py:836} INFO - DAG(s) dict_keys(['example_branch_dop_operator_v3']) retrieved from /home/airflow/.local/lib/python3.7/site-packages/airflow/example_dags/example_branch_python_dop_operator_3.py
[2023-07-05T12:52:31.819+0000] {logging_mixin.py:149} INFO - [2023-07-05T12:52:31.819+0000] {dag.py:2726} INFO - Sync 1 DAGs
[2023-07-05T12:52:31.864+0000] {logging_mixin.py:149} INFO - [2023-07-05T12:52:31.864+0000] {dag.py:3490} INFO - Setting next_dagrun for example_branch_dop_operator_v3 to 2023-07-05T12:51:00+00:00, run_after=2023-07-05T12:52:00+00:00
[2023-07-05T12:52:32.377+0000] {processor.py:179} INFO - Processing /home/airflow/.local/lib/python3.7/site-packages/airflow/example_dags/example_branch_python_dop_operator_3.py took 0.615 seconds
[2023-07-05T12:53:02.570+0000] {processor.py:157} INFO - Started process (PID=379) to work on /home/airflow/.local/lib/python3.7/site-packages/airflow/example_dags/example_branch_python_dop_operator_3.py
[2023-07-05T12:53:02.571+0000] {processor.py:826} INFO - Processing file /home/airflow/.local/lib/python3.7/site-packages/airflow/example_dags/example_branch_python_dop_operator_3.py for tasks to queue
[2023-07-05T12:53:02.571+0000] {logging_mixin.py:149} INFO - [2023-07-05T12:53:02.571+0000] {dagbag.py:541} INFO - Filling up the DagBag from /home/airflow/.local/lib/python3.7/site-packages/airflow/example_dags/example_branch_python_dop_operator_3.py
[2023-07-05T12:53:02.581+0000] {processor.py:836} INFO - DAG(s) dict_keys(['example_branch_dop_operator_v3']) retrieved from /home/airflow/.local/lib/python3.7/site-packages/airflow/example_dags/example_branch_python_dop_operator_3.py
[2023-07-05T12:53:02.618+0000] {logging_mixin.py:149} INFO - [2023-07-05T12:53:02.618+0000] {dag.py:2726} INFO - Sync 1 DAGs
[2023-07-05T12:53:02.667+0000] {logging_mixin.py:149} INFO - [2023-07-05T12:53:02.667+0000] {dag.py:3490} INFO - Setting next_dagrun for example_branch_dop_operator_v3 to 2023-07-05T12:52:00+00:00, run_after=2023-07-05T12:53:00+00:00
[2023-07-05T12:53:02.701+0000] {processor.py:179} INFO - Processing /home/airflow/.local/lib/python3.7/site-packages/airflow/example_dags/example_branch_python_dop_operator_3.py took 0.135 seconds
[2023-07-05T12:53:33.020+0000] {processor.py:157} INFO - Started process (PID=436) to work on /home/airflow/.local/lib/python3.7/site-packages/airflow/example_dags/example_branch_python_dop_operator_3.py
[2023-07-05T12:53:33.021+0000] {processor.py:826} INFO - Processing file /home/airflow/.local/lib/python3.7/site-packages/airflow/example_dags/example_branch_python_dop_operator_3.py for tasks to queue
[2023-07-05T12:53:33.022+0000] {logging_mixin.py:149} INFO - [2023-07-05T12:53:33.022+0000] {dagbag.py:541} INFO - Filling up the DagBag from /home/airflow/.local/lib/python3.7/site-packages/airflow/example_dags/example_branch_python_dop_operator_3.py
[2023-07-05T12:53:33.032+0000] {processor.py:836} INFO - DAG(s) dict_keys(['example_branch_dop_operator_v3']) retrieved from /home/airflow/.local/lib/python3.7/site-packages/airflow/example_dags/example_branch_python_dop_operator_3.py
[2023-07-05T12:53:33.067+0000] {logging_mixin.py:149} INFO - [2023-07-05T12:53:33.067+0000] {dag.py:2726} INFO - Sync 1 DAGs
[2023-07-05T12:53:33.274+0000] {logging_mixin.py:149} INFO - [2023-07-05T12:53:33.273+0000] {dag.py:3490} INFO - Setting next_dagrun for example_branch_dop_operator_v3 to 2023-07-05T12:52:00+00:00, run_after=2023-07-05T12:53:00+00:00
[2023-07-05T12:53:33.297+0000] {processor.py:179} INFO - Processing /home/airflow/.local/lib/python3.7/site-packages/airflow/example_dags/example_branch_python_dop_operator_3.py took 0.281 seconds
[2023-07-05T12:54:03.531+0000] {processor.py:157} INFO - Started process (PID=493) to work on /home/airflow/.local/lib/python3.7/site-packages/airflow/example_dags/example_branch_python_dop_operator_3.py
[2023-07-05T12:54:03.533+0000] {processor.py:826} INFO - Processing file /home/airflow/.local/lib/python3.7/site-packages/airflow/example_dags/example_branch_python_dop_operator_3.py for tasks to queue
[2023-07-05T12:54:03.534+0000] {logging_mixin.py:149} INFO - [2023-07-05T12:54:03.534+0000] {dagbag.py:541} INFO - Filling up the DagBag from /home/airflow/.local/lib/python3.7/site-packages/airflow/example_dags/example_branch_python_dop_operator_3.py
[2023-07-05T12:54:03.547+0000] {processor.py:836} INFO - DAG(s) dict_keys(['example_branch_dop_operator_v3']) retrieved from /home/airflow/.local/lib/python3.7/site-packages/airflow/example_dags/example_branch_python_dop_operator_3.py
[2023-07-05T12:54:03.583+0000] {logging_mixin.py:149} INFO - [2023-07-05T12:54:03.583+0000] {dag.py:2726} INFO - Sync 1 DAGs
[2023-07-05T12:54:03.627+0000] {logging_mixin.py:149} INFO - [2023-07-05T12:54:03.626+0000] {dag.py:3490} INFO - Setting next_dagrun for example_branch_dop_operator_v3 to 2023-07-05T12:53:00+00:00, run_after=2023-07-05T12:54:00+00:00
[2023-07-05T12:54:03.665+0000] {processor.py:179} INFO - Processing /home/airflow/.local/lib/python3.7/site-packages/airflow/example_dags/example_branch_python_dop_operator_3.py took 0.138 seconds
[2023-07-05T12:54:33.770+0000] {processor.py:157} INFO - Started process (PID=550) to work on /home/airflow/.local/lib/python3.7/site-packages/airflow/example_dags/example_branch_python_dop_operator_3.py
[2023-07-05T12:54:33.771+0000] {processor.py:826} INFO - Processing file /home/airflow/.local/lib/python3.7/site-packages/airflow/example_dags/example_branch_python_dop_operator_3.py for tasks to queue
[2023-07-05T12:54:33.772+0000] {logging_mixin.py:149} INFO - [2023-07-05T12:54:33.771+0000] {dagbag.py:541} INFO - Filling up the DagBag from /home/airflow/.local/lib/python3.7/site-packages/airflow/example_dags/example_branch_python_dop_operator_3.py
[2023-07-05T12:54:33.784+0000] {processor.py:836} INFO - DAG(s) dict_keys(['example_branch_dop_operator_v3']) retrieved from /home/airflow/.local/lib/python3.7/site-packages/airflow/example_dags/example_branch_python_dop_operator_3.py
[2023-07-05T12:54:33.827+0000] {logging_mixin.py:149} INFO - [2023-07-05T12:54:33.827+0000] {dag.py:2726} INFO - Sync 1 DAGs
[2023-07-05T12:54:33.876+0000] {logging_mixin.py:149} INFO - [2023-07-05T12:54:33.875+0000] {dag.py:3490} INFO - Setting next_dagrun for example_branch_dop_operator_v3 to 2023-07-05T12:53:00+00:00, run_after=2023-07-05T12:54:00+00:00
[2023-07-05T12:54:33.914+0000] {processor.py:179} INFO - Processing /home/airflow/.local/lib/python3.7/site-packages/airflow/example_dags/example_branch_python_dop_operator_3.py took 0.148 seconds
[2023-07-05T12:55:04.481+0000] {processor.py:157} INFO - Started process (PID=607) to work on /home/airflow/.local/lib/python3.7/site-packages/airflow/example_dags/example_branch_python_dop_operator_3.py
[2023-07-05T12:55:04.483+0000] {processor.py:826} INFO - Processing file /home/airflow/.local/lib/python3.7/site-packages/airflow/example_dags/example_branch_python_dop_operator_3.py for tasks to queue
[2023-07-05T12:55:04.484+0000] {logging_mixin.py:149} INFO - [2023-07-05T12:55:04.484+0000] {dagbag.py:541} INFO - Filling up the DagBag from /home/airflow/.local/lib/python3.7/site-packages/airflow/example_dags/example_branch_python_dop_operator_3.py
[2023-07-05T12:55:04.496+0000] {processor.py:836} INFO - DAG(s) dict_keys(['example_branch_dop_operator_v3']) retrieved from /home/airflow/.local/lib/python3.7/site-packages/airflow/example_dags/example_branch_python_dop_operator_3.py
[2023-07-05T12:55:04.533+0000] {logging_mixin.py:149} INFO - [2023-07-05T12:55:04.533+0000] {dag.py:2726} INFO - Sync 1 DAGs
[2023-07-05T12:55:04.765+0000] {logging_mixin.py:149} INFO - [2023-07-05T12:55:04.764+0000] {dag.py:3490} INFO - Setting next_dagrun for example_branch_dop_operator_v3 to 2023-07-05T12:54:00+00:00, run_after=2023-07-05T12:55:00+00:00
[2023-07-05T12:55:04.805+0000] {processor.py:179} INFO - Processing /home/airflow/.local/lib/python3.7/site-packages/airflow/example_dags/example_branch_python_dop_operator_3.py took 0.328 seconds
[2023-07-05T12:55:35.597+0000] {processor.py:157} INFO - Started process (PID=664) to work on /home/airflow/.local/lib/python3.7/site-packages/airflow/example_dags/example_branch_python_dop_operator_3.py
[2023-07-05T12:55:35.598+0000] {processor.py:826} INFO - Processing file /home/airflow/.local/lib/python3.7/site-packages/airflow/example_dags/example_branch_python_dop_operator_3.py for tasks to queue
[2023-07-05T12:55:35.599+0000] {logging_mixin.py:149} INFO - [2023-07-05T12:55:35.599+0000] {dagbag.py:541} INFO - Filling up the DagBag from /home/airflow/.local/lib/python3.7/site-packages/airflow/example_dags/example_branch_python_dop_operator_3.py
[2023-07-05T12:55:35.609+0000] {processor.py:836} INFO - DAG(s) dict_keys(['example_branch_dop_operator_v3']) retrieved from /home/airflow/.local/lib/python3.7/site-packages/airflow/example_dags/example_branch_python_dop_operator_3.py
[2023-07-05T12:55:35.644+0000] {logging_mixin.py:149} INFO - [2023-07-05T12:55:35.644+0000] {dag.py:2726} INFO - Sync 1 DAGs
[2023-07-05T12:55:35.685+0000] {logging_mixin.py:149} INFO - [2023-07-05T12:55:35.685+0000] {dag.py:3490} INFO - Setting next_dagrun for example_branch_dop_operator_v3 to 2023-07-05T12:54:00+00:00, run_after=2023-07-05T12:55:00+00:00
[2023-07-05T12:55:35.708+0000] {processor.py:179} INFO - Processing /home/airflow/.local/lib/python3.7/site-packages/airflow/example_dags/example_branch_python_dop_operator_3.py took 0.115 seconds
[2023-07-05T12:56:05.833+0000] {processor.py:157} INFO - Started process (PID=721) to work on /home/airflow/.local/lib/python3.7/site-packages/airflow/example_dags/example_branch_python_dop_operator_3.py
[2023-07-05T12:56:05.834+0000] {processor.py:826} INFO - Processing file /home/airflow/.local/lib/python3.7/site-packages/airflow/example_dags/example_branch_python_dop_operator_3.py for tasks to queue
[2023-07-05T12:56:05.835+0000] {logging_mixin.py:149} INFO - [2023-07-05T12:56:05.835+0000] {dagbag.py:541} INFO - Filling up the DagBag from /home/airflow/.local/lib/python3.7/site-packages/airflow/example_dags/example_branch_python_dop_operator_3.py
[2023-07-05T12:56:05.848+0000] {processor.py:836} INFO - DAG(s) dict_keys(['example_branch_dop_operator_v3']) retrieved from /home/airflow/.local/lib/python3.7/site-packages/airflow/example_dags/example_branch_python_dop_operator_3.py
[2023-07-05T12:56:06.056+0000] {logging_mixin.py:149} INFO - [2023-07-05T12:56:06.056+0000] {dag.py:2726} INFO - Sync 1 DAGs
[2023-07-05T12:56:06.093+0000] {logging_mixin.py:149} INFO - [2023-07-05T12:56:06.093+0000] {dag.py:3490} INFO - Setting next_dagrun for example_branch_dop_operator_v3 to 2023-07-05T12:55:00+00:00, run_after=2023-07-05T12:56:00+00:00
[2023-07-05T12:56:06.115+0000] {processor.py:179} INFO - Processing /home/airflow/.local/lib/python3.7/site-packages/airflow/example_dags/example_branch_python_dop_operator_3.py took 0.287 seconds
[2023-07-05T12:56:36.589+0000] {processor.py:157} INFO - Started process (PID=777) to work on /home/airflow/.local/lib/python3.7/site-packages/airflow/example_dags/example_branch_python_dop_operator_3.py
[2023-07-05T12:56:36.590+0000] {processor.py:826} INFO - Processing file /home/airflow/.local/lib/python3.7/site-packages/airflow/example_dags/example_branch_python_dop_operator_3.py for tasks to queue
[2023-07-05T12:56:36.591+0000] {logging_mixin.py:149} INFO - [2023-07-05T12:56:36.591+0000] {dagbag.py:541} INFO - Filling up the DagBag from /home/airflow/.local/lib/python3.7/site-packages/airflow/example_dags/example_branch_python_dop_operator_3.py
[2023-07-05T12:56:36.602+0000] {processor.py:836} INFO - DAG(s) dict_keys(['example_branch_dop_operator_v3']) retrieved from /home/airflow/.local/lib/python3.7/site-packages/airflow/example_dags/example_branch_python_dop_operator_3.py
[2023-07-05T12:56:36.640+0000] {logging_mixin.py:149} INFO - [2023-07-05T12:56:36.640+0000] {dag.py:2726} INFO - Sync 1 DAGs
[2023-07-05T12:56:36.681+0000] {logging_mixin.py:149} INFO - [2023-07-05T12:56:36.681+0000] {dag.py:3490} INFO - Setting next_dagrun for example_branch_dop_operator_v3 to 2023-07-05T12:55:00+00:00, run_after=2023-07-05T12:56:00+00:00
[2023-07-05T12:56:36.707+0000] {processor.py:179} INFO - Processing /home/airflow/.local/lib/python3.7/site-packages/airflow/example_dags/example_branch_python_dop_operator_3.py took 0.123 seconds
[2023-07-05T12:57:06.985+0000] {processor.py:157} INFO - Started process (PID=833) to work on /home/airflow/.local/lib/python3.7/site-packages/airflow/example_dags/example_branch_python_dop_operator_3.py
[2023-07-05T12:57:06.987+0000] {processor.py:826} INFO - Processing file /home/airflow/.local/lib/python3.7/site-packages/airflow/example_dags/example_branch_python_dop_operator_3.py for tasks to queue
[2023-07-05T12:57:06.988+0000] {logging_mixin.py:149} INFO - [2023-07-05T12:57:06.987+0000] {dagbag.py:541} INFO - Filling up the DagBag from /home/airflow/.local/lib/python3.7/site-packages/airflow/example_dags/example_branch_python_dop_operator_3.py
[2023-07-05T12:57:06.998+0000] {processor.py:836} INFO - DAG(s) dict_keys(['example_branch_dop_operator_v3']) retrieved from /home/airflow/.local/lib/python3.7/site-packages/airflow/example_dags/example_branch_python_dop_operator_3.py
[2023-07-05T12:57:07.033+0000] {logging_mixin.py:149} INFO - [2023-07-05T12:57:07.032+0000] {dag.py:2726} INFO - Sync 1 DAGs
[2023-07-05T12:57:07.085+0000] {logging_mixin.py:149} INFO - [2023-07-05T12:57:07.085+0000] {dag.py:3490} INFO - Setting next_dagrun for example_branch_dop_operator_v3 to 2023-07-05T12:56:00+00:00, run_after=2023-07-05T12:57:00+00:00
[2023-07-05T12:57:07.136+0000] {processor.py:179} INFO - Processing /home/airflow/.local/lib/python3.7/site-packages/airflow/example_dags/example_branch_python_dop_operator_3.py took 0.154 seconds
[2023-07-05T12:57:37.660+0000] {processor.py:157} INFO - Started process (PID=890) to work on /home/airflow/.local/lib/python3.7/site-packages/airflow/example_dags/example_branch_python_dop_operator_3.py
[2023-07-05T12:57:37.662+0000] {processor.py:826} INFO - Processing file /home/airflow/.local/lib/python3.7/site-packages/airflow/example_dags/example_branch_python_dop_operator_3.py for tasks to queue
[2023-07-05T12:57:37.663+0000] {logging_mixin.py:149} INFO - [2023-07-05T12:57:37.662+0000] {dagbag.py:541} INFO - Filling up the DagBag from /home/airflow/.local/lib/python3.7/site-packages/airflow/example_dags/example_branch_python_dop_operator_3.py
[2023-07-05T12:57:37.672+0000] {processor.py:836} INFO - DAG(s) dict_keys(['example_branch_dop_operator_v3']) retrieved from /home/airflow/.local/lib/python3.7/site-packages/airflow/example_dags/example_branch_python_dop_operator_3.py
[2023-07-05T12:57:37.710+0000] {logging_mixin.py:149} INFO - [2023-07-05T12:57:37.710+0000] {dag.py:2726} INFO - Sync 1 DAGs
[2023-07-05T12:57:37.759+0000] {logging_mixin.py:149} INFO - [2023-07-05T12:57:37.759+0000] {dag.py:3490} INFO - Setting next_dagrun for example_branch_dop_operator_v3 to 2023-07-05T12:56:00+00:00, run_after=2023-07-05T12:57:00+00:00
[2023-07-05T12:57:37.791+0000] {processor.py:179} INFO - Processing /home/airflow/.local/lib/python3.7/site-packages/airflow/example_dags/example_branch_python_dop_operator_3.py took 0.136 seconds
[2023-07-05T12:58:07.888+0000] {processor.py:157} INFO - Started process (PID=946) to work on /home/airflow/.local/lib/python3.7/site-packages/airflow/example_dags/example_branch_python_dop_operator_3.py
[2023-07-05T12:58:07.890+0000] {processor.py:826} INFO - Processing file /home/airflow/.local/lib/python3.7/site-packages/airflow/example_dags/example_branch_python_dop_operator_3.py for tasks to queue
[2023-07-05T12:58:07.891+0000] {logging_mixin.py:149} INFO - [2023-07-05T12:58:07.891+0000] {dagbag.py:541} INFO - Filling up the DagBag from /home/airflow/.local/lib/python3.7/site-packages/airflow/example_dags/example_branch_python_dop_operator_3.py
[2023-07-05T12:58:07.903+0000] {processor.py:836} INFO - DAG(s) dict_keys(['example_branch_dop_operator_v3']) retrieved from /home/airflow/.local/lib/python3.7/site-packages/airflow/example_dags/example_branch_python_dop_operator_3.py
[2023-07-05T12:58:07.946+0000] {logging_mixin.py:149} INFO - [2023-07-05T12:58:07.946+0000] {dag.py:2726} INFO - Sync 1 DAGs
[2023-07-05T12:58:07.998+0000] {logging_mixin.py:149} INFO - [2023-07-05T12:58:07.997+0000] {dag.py:3490} INFO - Setting next_dagrun for example_branch_dop_operator_v3 to 2023-07-05T12:57:00+00:00, run_after=2023-07-05T12:58:00+00:00
[2023-07-05T12:58:08.053+0000] {processor.py:179} INFO - Processing /home/airflow/.local/lib/python3.7/site-packages/airflow/example_dags/example_branch_python_dop_operator_3.py took 0.168 seconds
[2023-07-05T12:58:38.314+0000] {processor.py:157} INFO - Started process (PID=1003) to work on /home/airflow/.local/lib/python3.7/site-packages/airflow/example_dags/example_branch_python_dop_operator_3.py
[2023-07-05T12:58:38.315+0000] {processor.py:826} INFO - Processing file /home/airflow/.local/lib/python3.7/site-packages/airflow/example_dags/example_branch_python_dop_operator_3.py for tasks to queue
[2023-07-05T12:58:38.316+0000] {logging_mixin.py:149} INFO - [2023-07-05T12:58:38.316+0000] {dagbag.py:541} INFO - Filling up the DagBag from /home/airflow/.local/lib/python3.7/site-packages/airflow/example_dags/example_branch_python_dop_operator_3.py
[2023-07-05T12:58:38.327+0000] {processor.py:836} INFO - DAG(s) dict_keys(['example_branch_dop_operator_v3']) retrieved from /home/airflow/.local/lib/python3.7/site-packages/airflow/example_dags/example_branch_python_dop_operator_3.py
[2023-07-05T12:58:38.362+0000] {logging_mixin.py:149} INFO - [2023-07-05T12:58:38.362+0000] {dag.py:2726} INFO - Sync 1 DAGs
[2023-07-05T12:58:38.410+0000] {logging_mixin.py:149} INFO - [2023-07-05T12:58:38.409+0000] {dag.py:3490} INFO - Setting next_dagrun for example_branch_dop_operator_v3 to 2023-07-05T12:57:00+00:00, run_after=2023-07-05T12:58:00+00:00
[2023-07-05T12:58:38.437+0000] {processor.py:179} INFO - Processing /home/airflow/.local/lib/python3.7/site-packages/airflow/example_dags/example_branch_python_dop_operator_3.py took 0.129 seconds
[2023-07-05T12:59:08.743+0000] {processor.py:157} INFO - Started process (PID=1059) to work on /home/airflow/.local/lib/python3.7/site-packages/airflow/example_dags/example_branch_python_dop_operator_3.py
[2023-07-05T12:59:08.744+0000] {processor.py:826} INFO - Processing file /home/airflow/.local/lib/python3.7/site-packages/airflow/example_dags/example_branch_python_dop_operator_3.py for tasks to queue
[2023-07-05T12:59:08.746+0000] {logging_mixin.py:149} INFO - [2023-07-05T12:59:08.746+0000] {dagbag.py:541} INFO - Filling up the DagBag from /home/airflow/.local/lib/python3.7/site-packages/airflow/example_dags/example_branch_python_dop_operator_3.py
[2023-07-05T12:59:08.755+0000] {processor.py:836} INFO - DAG(s) dict_keys(['example_branch_dop_operator_v3']) retrieved from /home/airflow/.local/lib/python3.7/site-packages/airflow/example_dags/example_branch_python_dop_operator_3.py
[2023-07-05T12:59:08.800+0000] {logging_mixin.py:149} INFO - [2023-07-05T12:59:08.799+0000] {dag.py:2726} INFO - Sync 1 DAGs
[2023-07-05T12:59:08.854+0000] {logging_mixin.py:149} INFO - [2023-07-05T12:59:08.854+0000] {dag.py:3490} INFO - Setting next_dagrun for example_branch_dop_operator_v3 to 2023-07-05T12:58:00+00:00, run_after=2023-07-05T12:59:00+00:00
[2023-07-05T12:59:08.907+0000] {processor.py:179} INFO - Processing /home/airflow/.local/lib/python3.7/site-packages/airflow/example_dags/example_branch_python_dop_operator_3.py took 0.167 seconds
[2023-07-05T12:59:39.345+0000] {processor.py:157} INFO - Started process (PID=1116) to work on /home/airflow/.local/lib/python3.7/site-packages/airflow/example_dags/example_branch_python_dop_operator_3.py
[2023-07-05T12:59:39.346+0000] {processor.py:826} INFO - Processing file /home/airflow/.local/lib/python3.7/site-packages/airflow/example_dags/example_branch_python_dop_operator_3.py for tasks to queue
[2023-07-05T12:59:39.347+0000] {logging_mixin.py:149} INFO - [2023-07-05T12:59:39.347+0000] {dagbag.py:541} INFO - Filling up the DagBag from /home/airflow/.local/lib/python3.7/site-packages/airflow/example_dags/example_branch_python_dop_operator_3.py
[2023-07-05T12:59:39.362+0000] {processor.py:836} INFO - DAG(s) dict_keys(['example_branch_dop_operator_v3']) retrieved from /home/airflow/.local/lib/python3.7/site-packages/airflow/example_dags/example_branch_python_dop_operator_3.py
[2023-07-05T12:59:39.398+0000] {logging_mixin.py:149} INFO - [2023-07-05T12:59:39.398+0000] {dag.py:2726} INFO - Sync 1 DAGs
[2023-07-05T12:59:39.444+0000] {logging_mixin.py:149} INFO - [2023-07-05T12:59:39.443+0000] {dag.py:3490} INFO - Setting next_dagrun for example_branch_dop_operator_v3 to 2023-07-05T12:58:00+00:00, run_after=2023-07-05T12:59:00+00:00
[2023-07-05T12:59:39.478+0000] {processor.py:179} INFO - Processing /home/airflow/.local/lib/python3.7/site-packages/airflow/example_dags/example_branch_python_dop_operator_3.py took 0.138 seconds
[2023-07-05T13:00:09.647+0000] {processor.py:157} INFO - Started process (PID=1173) to work on /home/airflow/.local/lib/python3.7/site-packages/airflow/example_dags/example_branch_python_dop_operator_3.py
[2023-07-05T13:00:09.649+0000] {processor.py:826} INFO - Processing file /home/airflow/.local/lib/python3.7/site-packages/airflow/example_dags/example_branch_python_dop_operator_3.py for tasks to queue
[2023-07-05T13:00:09.650+0000] {logging_mixin.py:149} INFO - [2023-07-05T13:00:09.650+0000] {dagbag.py:541} INFO - Filling up the DagBag from /home/airflow/.local/lib/python3.7/site-packages/airflow/example_dags/example_branch_python_dop_operator_3.py
[2023-07-05T13:00:09.664+0000] {processor.py:836} INFO - DAG(s) dict_keys(['example_branch_dop_operator_v3']) retrieved from /home/airflow/.local/lib/python3.7/site-packages/airflow/example_dags/example_branch_python_dop_operator_3.py
[2023-07-05T13:00:09.712+0000] {logging_mixin.py:149} INFO - [2023-07-05T13:00:09.712+0000] {dag.py:2726} INFO - Sync 1 DAGs
[2023-07-05T13:00:09.764+0000] {logging_mixin.py:149} INFO - [2023-07-05T13:00:09.764+0000] {dag.py:3490} INFO - Setting next_dagrun for example_branch_dop_operator_v3 to 2023-07-05T12:59:00+00:00, run_after=2023-07-05T13:00:00+00:00
[2023-07-05T13:00:09.792+0000] {processor.py:179} INFO - Processing /home/airflow/.local/lib/python3.7/site-packages/airflow/example_dags/example_branch_python_dop_operator_3.py took 0.150 seconds
[2023-07-05T13:00:39.907+0000] {processor.py:157} INFO - Started process (PID=1230) to work on /home/airflow/.local/lib/python3.7/site-packages/airflow/example_dags/example_branch_python_dop_operator_3.py
[2023-07-05T13:00:39.908+0000] {processor.py:826} INFO - Processing file /home/airflow/.local/lib/python3.7/site-packages/airflow/example_dags/example_branch_python_dop_operator_3.py for tasks to queue
[2023-07-05T13:00:39.909+0000] {logging_mixin.py:149} INFO - [2023-07-05T13:00:39.909+0000] {dagbag.py:541} INFO - Filling up the DagBag from /home/airflow/.local/lib/python3.7/site-packages/airflow/example_dags/example_branch_python_dop_operator_3.py
[2023-07-05T13:00:39.921+0000] {processor.py:836} INFO - DAG(s) dict_keys(['example_branch_dop_operator_v3']) retrieved from /home/airflow/.local/lib/python3.7/site-packages/airflow/example_dags/example_branch_python_dop_operator_3.py
[2023-07-05T13:00:39.959+0000] {logging_mixin.py:149} INFO - [2023-07-05T13:00:39.958+0000] {dag.py:2726} INFO - Sync 1 DAGs
[2023-07-05T13:00:40.005+0000] {logging_mixin.py:149} INFO - [2023-07-05T13:00:40.005+0000] {dag.py:3490} INFO - Setting next_dagrun for example_branch_dop_operator_v3 to 2023-07-05T12:59:00+00:00, run_after=2023-07-05T13:00:00+00:00
[2023-07-05T13:00:40.062+0000] {processor.py:179} INFO - Processing /home/airflow/.local/lib/python3.7/site-packages/airflow/example_dags/example_branch_python_dop_operator_3.py took 0.160 seconds
[2023-07-05T13:01:10.435+0000] {processor.py:157} INFO - Started process (PID=1287) to work on /home/airflow/.local/lib/python3.7/site-packages/airflow/example_dags/example_branch_python_dop_operator_3.py
[2023-07-05T13:01:10.437+0000] {processor.py:826} INFO - Processing file /home/airflow/.local/lib/python3.7/site-packages/airflow/example_dags/example_branch_python_dop_operator_3.py for tasks to queue
[2023-07-05T13:01:10.438+0000] {logging_mixin.py:149} INFO - [2023-07-05T13:01:10.438+0000] {dagbag.py:541} INFO - Filling up the DagBag from /home/airflow/.local/lib/python3.7/site-packages/airflow/example_dags/example_branch_python_dop_operator_3.py
[2023-07-05T13:01:10.447+0000] {processor.py:836} INFO - DAG(s) dict_keys(['example_branch_dop_operator_v3']) retrieved from /home/airflow/.local/lib/python3.7/site-packages/airflow/example_dags/example_branch_python_dop_operator_3.py
[2023-07-05T13:01:10.478+0000] {logging_mixin.py:149} INFO - [2023-07-05T13:01:10.478+0000] {dag.py:2726} INFO - Sync 1 DAGs
[2023-07-05T13:01:10.525+0000] {logging_mixin.py:149} INFO - [2023-07-05T13:01:10.524+0000] {dag.py:3490} INFO - Setting next_dagrun for example_branch_dop_operator_v3 to 2023-07-05T13:00:00+00:00, run_after=2023-07-05T13:01:00+00:00
[2023-07-05T13:01:10.561+0000] {processor.py:179} INFO - Processing /home/airflow/.local/lib/python3.7/site-packages/airflow/example_dags/example_branch_python_dop_operator_3.py took 0.130 seconds
[2023-07-05T13:01:40.728+0000] {processor.py:157} INFO - Started process (PID=1345) to work on /home/airflow/.local/lib/python3.7/site-packages/airflow/example_dags/example_branch_python_dop_operator_3.py
[2023-07-05T13:01:40.729+0000] {processor.py:826} INFO - Processing file /home/airflow/.local/lib/python3.7/site-packages/airflow/example_dags/example_branch_python_dop_operator_3.py for tasks to queue
[2023-07-05T13:01:40.730+0000] {logging_mixin.py:149} INFO - [2023-07-05T13:01:40.730+0000] {dagbag.py:541} INFO - Filling up the DagBag from /home/airflow/.local/lib/python3.7/site-packages/airflow/example_dags/example_branch_python_dop_operator_3.py
[2023-07-05T13:01:40.743+0000] {processor.py:836} INFO - DAG(s) dict_keys(['example_branch_dop_operator_v3']) retrieved from /home/airflow/.local/lib/python3.7/site-packages/airflow/example_dags/example_branch_python_dop_operator_3.py
[2023-07-05T13:01:40.784+0000] {logging_mixin.py:149} INFO - [2023-07-05T13:01:40.784+0000] {dag.py:2726} INFO - Sync 1 DAGs
[2023-07-05T13:01:40.832+0000] {logging_mixin.py:149} INFO - [2023-07-05T13:01:40.832+0000] {dag.py:3490} INFO - Setting next_dagrun for example_branch_dop_operator_v3 to 2023-07-05T13:00:00+00:00, run_after=2023-07-05T13:01:00+00:00
[2023-07-05T13:01:40.860+0000] {processor.py:179} INFO - Processing /home/airflow/.local/lib/python3.7/site-packages/airflow/example_dags/example_branch_python_dop_operator_3.py took 0.137 seconds
[2023-07-05T13:02:11.218+0000] {processor.py:157} INFO - Started process (PID=1402) to work on /home/airflow/.local/lib/python3.7/site-packages/airflow/example_dags/example_branch_python_dop_operator_3.py
[2023-07-05T13:02:11.220+0000] {processor.py:826} INFO - Processing file /home/airflow/.local/lib/python3.7/site-packages/airflow/example_dags/example_branch_python_dop_operator_3.py for tasks to queue
[2023-07-05T13:02:11.220+0000] {logging_mixin.py:149} INFO - [2023-07-05T13:02:11.220+0000] {dagbag.py:541} INFO - Filling up the DagBag from /home/airflow/.local/lib/python3.7/site-packages/airflow/example_dags/example_branch_python_dop_operator_3.py
[2023-07-05T13:02:11.230+0000] {processor.py:836} INFO - DAG(s) dict_keys(['example_branch_dop_operator_v3']) retrieved from /home/airflow/.local/lib/python3.7/site-packages/airflow/example_dags/example_branch_python_dop_operator_3.py
[2023-07-05T13:02:11.267+0000] {logging_mixin.py:149} INFO - [2023-07-05T13:02:11.267+0000] {dag.py:2726} INFO - Sync 1 DAGs
[2023-07-05T13:02:11.319+0000] {logging_mixin.py:149} INFO - [2023-07-05T13:02:11.319+0000] {dag.py:3490} INFO - Setting next_dagrun for example_branch_dop_operator_v3 to 2023-07-05T13:01:00+00:00, run_after=2023-07-05T13:02:00+00:00
[2023-07-05T13:02:11.347+0000] {processor.py:179} INFO - Processing /home/airflow/.local/lib/python3.7/site-packages/airflow/example_dags/example_branch_python_dop_operator_3.py took 0.133 seconds
[2023-07-05T13:02:41.466+0000] {processor.py:157} INFO - Started process (PID=1459) to work on /home/airflow/.local/lib/python3.7/site-packages/airflow/example_dags/example_branch_python_dop_operator_3.py
[2023-07-05T13:02:41.468+0000] {processor.py:826} INFO - Processing file /home/airflow/.local/lib/python3.7/site-packages/airflow/example_dags/example_branch_python_dop_operator_3.py for tasks to queue
[2023-07-05T13:02:41.470+0000] {logging_mixin.py:149} INFO - [2023-07-05T13:02:41.469+0000] {dagbag.py:541} INFO - Filling up the DagBag from /home/airflow/.local/lib/python3.7/site-packages/airflow/example_dags/example_branch_python_dop_operator_3.py
[2023-07-05T13:02:41.481+0000] {processor.py:836} INFO - DAG(s) dict_keys(['example_branch_dop_operator_v3']) retrieved from /home/airflow/.local/lib/python3.7/site-packages/airflow/example_dags/example_branch_python_dop_operator_3.py
[2023-07-05T13:02:41.530+0000] {logging_mixin.py:149} INFO - [2023-07-05T13:02:41.530+0000] {dag.py:2726} INFO - Sync 1 DAGs
[2023-07-05T13:02:41.574+0000] {logging_mixin.py:149} INFO - [2023-07-05T13:02:41.573+0000] {dag.py:3490} INFO - Setting next_dagrun for example_branch_dop_operator_v3 to 2023-07-05T13:01:00+00:00, run_after=2023-07-05T13:02:00+00:00
[2023-07-05T13:02:41.598+0000] {processor.py:179} INFO - Processing /home/airflow/.local/lib/python3.7/site-packages/airflow/example_dags/example_branch_python_dop_operator_3.py took 0.136 seconds
[2023-07-05T13:03:11.715+0000] {processor.py:157} INFO - Started process (PID=1516) to work on /home/airflow/.local/lib/python3.7/site-packages/airflow/example_dags/example_branch_python_dop_operator_3.py
[2023-07-05T13:03:11.723+0000] {processor.py:826} INFO - Processing file /home/airflow/.local/lib/python3.7/site-packages/airflow/example_dags/example_branch_python_dop_operator_3.py for tasks to queue
[2023-07-05T13:03:11.725+0000] {logging_mixin.py:149} INFO - [2023-07-05T13:03:11.724+0000] {dagbag.py:541} INFO - Filling up the DagBag from /home/airflow/.local/lib/python3.7/site-packages/airflow/example_dags/example_branch_python_dop_operator_3.py
[2023-07-05T13:03:11.738+0000] {processor.py:836} INFO - DAG(s) dict_keys(['example_branch_dop_operator_v3']) retrieved from /home/airflow/.local/lib/python3.7/site-packages/airflow/example_dags/example_branch_python_dop_operator_3.py
[2023-07-05T13:03:11.774+0000] {logging_mixin.py:149} INFO - [2023-07-05T13:03:11.774+0000] {dag.py:2726} INFO - Sync 1 DAGs
[2023-07-05T13:03:11.819+0000] {logging_mixin.py:149} INFO - [2023-07-05T13:03:11.818+0000] {dag.py:3490} INFO - Setting next_dagrun for example_branch_dop_operator_v3 to 2023-07-05T13:02:00+00:00, run_after=2023-07-05T13:03:00+00:00
[2023-07-05T13:03:11.851+0000] {processor.py:179} INFO - Processing /home/airflow/.local/lib/python3.7/site-packages/airflow/example_dags/example_branch_python_dop_operator_3.py took 0.140 seconds
[2023-07-05T13:03:42.170+0000] {processor.py:157} INFO - Started process (PID=1573) to work on /home/airflow/.local/lib/python3.7/site-packages/airflow/example_dags/example_branch_python_dop_operator_3.py
[2023-07-05T13:03:42.172+0000] {processor.py:826} INFO - Processing file /home/airflow/.local/lib/python3.7/site-packages/airflow/example_dags/example_branch_python_dop_operator_3.py for tasks to queue
[2023-07-05T13:03:42.173+0000] {logging_mixin.py:149} INFO - [2023-07-05T13:03:42.173+0000] {dagbag.py:541} INFO - Filling up the DagBag from /home/airflow/.local/lib/python3.7/site-packages/airflow/example_dags/example_branch_python_dop_operator_3.py
[2023-07-05T13:03:42.185+0000] {processor.py:836} INFO - DAG(s) dict_keys(['example_branch_dop_operator_v3']) retrieved from /home/airflow/.local/lib/python3.7/site-packages/airflow/example_dags/example_branch_python_dop_operator_3.py
[2023-07-05T13:03:42.218+0000] {logging_mixin.py:149} INFO - [2023-07-05T13:03:42.217+0000] {dag.py:2726} INFO - Sync 1 DAGs
[2023-07-05T13:03:42.269+0000] {logging_mixin.py:149} INFO - [2023-07-05T13:03:42.268+0000] {dag.py:3490} INFO - Setting next_dagrun for example_branch_dop_operator_v3 to 2023-07-05T13:02:00+00:00, run_after=2023-07-05T13:03:00+00:00
[2023-07-05T13:03:42.314+0000] {processor.py:179} INFO - Processing /home/airflow/.local/lib/python3.7/site-packages/airflow/example_dags/example_branch_python_dop_operator_3.py took 0.149 seconds
[2023-07-05T13:04:12.475+0000] {processor.py:157} INFO - Started process (PID=1630) to work on /home/airflow/.local/lib/python3.7/site-packages/airflow/example_dags/example_branch_python_dop_operator_3.py
[2023-07-05T13:04:12.476+0000] {processor.py:826} INFO - Processing file /home/airflow/.local/lib/python3.7/site-packages/airflow/example_dags/example_branch_python_dop_operator_3.py for tasks to queue
[2023-07-05T13:04:12.477+0000] {logging_mixin.py:149} INFO - [2023-07-05T13:04:12.477+0000] {dagbag.py:541} INFO - Filling up the DagBag from /home/airflow/.local/lib/python3.7/site-packages/airflow/example_dags/example_branch_python_dop_operator_3.py
[2023-07-05T13:04:12.486+0000] {processor.py:836} INFO - DAG(s) dict_keys(['example_branch_dop_operator_v3']) retrieved from /home/airflow/.local/lib/python3.7/site-packages/airflow/example_dags/example_branch_python_dop_operator_3.py
[2023-07-05T13:04:12.523+0000] {logging_mixin.py:149} INFO - [2023-07-05T13:04:12.523+0000] {dag.py:2726} INFO - Sync 1 DAGs
[2023-07-05T13:04:12.564+0000] {logging_mixin.py:149} INFO - [2023-07-05T13:04:12.564+0000] {dag.py:3490} INFO - Setting next_dagrun for example_branch_dop_operator_v3 to 2023-07-05T13:03:00+00:00, run_after=2023-07-05T13:04:00+00:00
[2023-07-05T13:04:12.592+0000] {processor.py:179} INFO - Processing /home/airflow/.local/lib/python3.7/site-packages/airflow/example_dags/example_branch_python_dop_operator_3.py took 0.120 seconds
[2023-07-05T13:04:42.929+0000] {processor.py:157} INFO - Started process (PID=1686) to work on /home/airflow/.local/lib/python3.7/site-packages/airflow/example_dags/example_branch_python_dop_operator_3.py
[2023-07-05T13:04:42.930+0000] {processor.py:826} INFO - Processing file /home/airflow/.local/lib/python3.7/site-packages/airflow/example_dags/example_branch_python_dop_operator_3.py for tasks to queue
[2023-07-05T13:04:42.931+0000] {logging_mixin.py:149} INFO - [2023-07-05T13:04:42.931+0000] {dagbag.py:541} INFO - Filling up the DagBag from /home/airflow/.local/lib/python3.7/site-packages/airflow/example_dags/example_branch_python_dop_operator_3.py
[2023-07-05T13:04:42.944+0000] {processor.py:836} INFO - DAG(s) dict_keys(['example_branch_dop_operator_v3']) retrieved from /home/airflow/.local/lib/python3.7/site-packages/airflow/example_dags/example_branch_python_dop_operator_3.py
[2023-07-05T13:04:42.985+0000] {logging_mixin.py:149} INFO - [2023-07-05T13:04:42.985+0000] {dag.py:2726} INFO - Sync 1 DAGs
[2023-07-05T13:04:43.041+0000] {logging_mixin.py:149} INFO - [2023-07-05T13:04:43.040+0000] {dag.py:3490} INFO - Setting next_dagrun for example_branch_dop_operator_v3 to 2023-07-05T13:03:00+00:00, run_after=2023-07-05T13:04:00+00:00
[2023-07-05T13:04:43.070+0000] {processor.py:179} INFO - Processing /home/airflow/.local/lib/python3.7/site-packages/airflow/example_dags/example_branch_python_dop_operator_3.py took 0.145 seconds
[2023-07-05T13:05:13.191+0000] {processor.py:157} INFO - Started process (PID=1743) to work on /home/airflow/.local/lib/python3.7/site-packages/airflow/example_dags/example_branch_python_dop_operator_3.py
[2023-07-05T13:05:13.192+0000] {processor.py:826} INFO - Processing file /home/airflow/.local/lib/python3.7/site-packages/airflow/example_dags/example_branch_python_dop_operator_3.py for tasks to queue
[2023-07-05T13:05:13.193+0000] {logging_mixin.py:149} INFO - [2023-07-05T13:05:13.193+0000] {dagbag.py:541} INFO - Filling up the DagBag from /home/airflow/.local/lib/python3.7/site-packages/airflow/example_dags/example_branch_python_dop_operator_3.py
[2023-07-05T13:05:13.204+0000] {processor.py:836} INFO - DAG(s) dict_keys(['example_branch_dop_operator_v3']) retrieved from /home/airflow/.local/lib/python3.7/site-packages/airflow/example_dags/example_branch_python_dop_operator_3.py
[2023-07-05T13:05:13.242+0000] {logging_mixin.py:149} INFO - [2023-07-05T13:05:13.242+0000] {dag.py:2726} INFO - Sync 1 DAGs
[2023-07-05T13:05:13.292+0000] {logging_mixin.py:149} INFO - [2023-07-05T13:05:13.292+0000] {dag.py:3490} INFO - Setting next_dagrun for example_branch_dop_operator_v3 to 2023-07-05T13:04:00+00:00, run_after=2023-07-05T13:05:00+00:00
[2023-07-05T13:05:13.322+0000] {processor.py:179} INFO - Processing /home/airflow/.local/lib/python3.7/site-packages/airflow/example_dags/example_branch_python_dop_operator_3.py took 0.135 seconds
[2023-07-05T13:05:43.370+0000] {processor.py:157} INFO - Started process (PID=1801) to work on /home/airflow/.local/lib/python3.7/site-packages/airflow/example_dags/example_branch_python_dop_operator_3.py
[2023-07-05T13:05:43.371+0000] {processor.py:826} INFO - Processing file /home/airflow/.local/lib/python3.7/site-packages/airflow/example_dags/example_branch_python_dop_operator_3.py for tasks to queue
[2023-07-05T13:05:43.372+0000] {logging_mixin.py:149} INFO - [2023-07-05T13:05:43.372+0000] {dagbag.py:541} INFO - Filling up the DagBag from /home/airflow/.local/lib/python3.7/site-packages/airflow/example_dags/example_branch_python_dop_operator_3.py
[2023-07-05T13:05:43.386+0000] {processor.py:836} INFO - DAG(s) dict_keys(['example_branch_dop_operator_v3']) retrieved from /home/airflow/.local/lib/python3.7/site-packages/airflow/example_dags/example_branch_python_dop_operator_3.py
[2023-07-05T13:05:43.427+0000] {logging_mixin.py:149} INFO - [2023-07-05T13:05:43.426+0000] {dag.py:2726} INFO - Sync 1 DAGs
[2023-07-05T13:05:43.480+0000] {logging_mixin.py:149} INFO - [2023-07-05T13:05:43.479+0000] {dag.py:3490} INFO - Setting next_dagrun for example_branch_dop_operator_v3 to 2023-07-05T13:04:00+00:00, run_after=2023-07-05T13:05:00+00:00
[2023-07-05T13:05:43.509+0000] {processor.py:179} INFO - Processing /home/airflow/.local/lib/python3.7/site-packages/airflow/example_dags/example_branch_python_dop_operator_3.py took 0.143 seconds
[2023-07-05T13:06:13.887+0000] {processor.py:157} INFO - Started process (PID=1858) to work on /home/airflow/.local/lib/python3.7/site-packages/airflow/example_dags/example_branch_python_dop_operator_3.py
[2023-07-05T13:06:13.888+0000] {processor.py:826} INFO - Processing file /home/airflow/.local/lib/python3.7/site-packages/airflow/example_dags/example_branch_python_dop_operator_3.py for tasks to queue
[2023-07-05T13:06:13.889+0000] {logging_mixin.py:149} INFO - [2023-07-05T13:06:13.889+0000] {dagbag.py:541} INFO - Filling up the DagBag from /home/airflow/.local/lib/python3.7/site-packages/airflow/example_dags/example_branch_python_dop_operator_3.py
[2023-07-05T13:06:13.899+0000] {processor.py:836} INFO - DAG(s) dict_keys(['example_branch_dop_operator_v3']) retrieved from /home/airflow/.local/lib/python3.7/site-packages/airflow/example_dags/example_branch_python_dop_operator_3.py
[2023-07-05T13:06:13.927+0000] {logging_mixin.py:149} INFO - [2023-07-05T13:06:13.927+0000] {dag.py:2726} INFO - Sync 1 DAGs
[2023-07-05T13:06:13.974+0000] {logging_mixin.py:149} INFO - [2023-07-05T13:06:13.974+0000] {dag.py:3490} INFO - Setting next_dagrun for example_branch_dop_operator_v3 to 2023-07-05T13:05:00+00:00, run_after=2023-07-05T13:06:00+00:00
[2023-07-05T13:06:14.001+0000] {processor.py:179} INFO - Processing /home/airflow/.local/lib/python3.7/site-packages/airflow/example_dags/example_branch_python_dop_operator_3.py took 0.117 seconds
[2023-07-05T13:06:44.189+0000] {processor.py:157} INFO - Started process (PID=1915) to work on /home/airflow/.local/lib/python3.7/site-packages/airflow/example_dags/example_branch_python_dop_operator_3.py
[2023-07-05T13:06:44.192+0000] {processor.py:826} INFO - Processing file /home/airflow/.local/lib/python3.7/site-packages/airflow/example_dags/example_branch_python_dop_operator_3.py for tasks to queue
[2023-07-05T13:06:44.193+0000] {logging_mixin.py:149} INFO - [2023-07-05T13:06:44.193+0000] {dagbag.py:541} INFO - Filling up the DagBag from /home/airflow/.local/lib/python3.7/site-packages/airflow/example_dags/example_branch_python_dop_operator_3.py
[2023-07-05T13:06:44.204+0000] {processor.py:836} INFO - DAG(s) dict_keys(['example_branch_dop_operator_v3']) retrieved from /home/airflow/.local/lib/python3.7/site-packages/airflow/example_dags/example_branch_python_dop_operator_3.py
[2023-07-05T13:06:44.243+0000] {logging_mixin.py:149} INFO - [2023-07-05T13:06:44.243+0000] {dag.py:2726} INFO - Sync 1 DAGs
[2023-07-05T13:06:44.286+0000] {logging_mixin.py:149} INFO - [2023-07-05T13:06:44.286+0000] {dag.py:3490} INFO - Setting next_dagrun for example_branch_dop_operator_v3 to 2023-07-05T13:05:00+00:00, run_after=2023-07-05T13:06:00+00:00
[2023-07-05T13:06:44.325+0000] {processor.py:179} INFO - Processing /home/airflow/.local/lib/python3.7/site-packages/airflow/example_dags/example_branch_python_dop_operator_3.py took 0.141 seconds
[2023-07-05T13:07:14.613+0000] {processor.py:157} INFO - Started process (PID=1972) to work on /home/airflow/.local/lib/python3.7/site-packages/airflow/example_dags/example_branch_python_dop_operator_3.py
[2023-07-05T13:07:14.615+0000] {processor.py:826} INFO - Processing file /home/airflow/.local/lib/python3.7/site-packages/airflow/example_dags/example_branch_python_dop_operator_3.py for tasks to queue
[2023-07-05T13:07:14.616+0000] {logging_mixin.py:149} INFO - [2023-07-05T13:07:14.616+0000] {dagbag.py:541} INFO - Filling up the DagBag from /home/airflow/.local/lib/python3.7/site-packages/airflow/example_dags/example_branch_python_dop_operator_3.py
[2023-07-05T13:07:14.629+0000] {processor.py:836} INFO - DAG(s) dict_keys(['example_branch_dop_operator_v3']) retrieved from /home/airflow/.local/lib/python3.7/site-packages/airflow/example_dags/example_branch_python_dop_operator_3.py
[2023-07-05T13:07:14.663+0000] {logging_mixin.py:149} INFO - [2023-07-05T13:07:14.662+0000] {dag.py:2726} INFO - Sync 1 DAGs
[2023-07-05T13:07:14.701+0000] {logging_mixin.py:149} INFO - [2023-07-05T13:07:14.701+0000] {dag.py:3490} INFO - Setting next_dagrun for example_branch_dop_operator_v3 to 2023-07-05T13:06:00+00:00, run_after=2023-07-05T13:07:00+00:00
[2023-07-05T13:07:14.728+0000] {processor.py:179} INFO - Processing /home/airflow/.local/lib/python3.7/site-packages/airflow/example_dags/example_branch_python_dop_operator_3.py took 0.120 seconds
[2023-07-05T13:07:45.004+0000] {processor.py:157} INFO - Started process (PID=2029) to work on /home/airflow/.local/lib/python3.7/site-packages/airflow/example_dags/example_branch_python_dop_operator_3.py
[2023-07-05T13:07:45.006+0000] {processor.py:826} INFO - Processing file /home/airflow/.local/lib/python3.7/site-packages/airflow/example_dags/example_branch_python_dop_operator_3.py for tasks to queue
[2023-07-05T13:07:45.007+0000] {logging_mixin.py:149} INFO - [2023-07-05T13:07:45.007+0000] {dagbag.py:541} INFO - Filling up the DagBag from /home/airflow/.local/lib/python3.7/site-packages/airflow/example_dags/example_branch_python_dop_operator_3.py
[2023-07-05T13:07:45.021+0000] {processor.py:836} INFO - DAG(s) dict_keys(['example_branch_dop_operator_v3']) retrieved from /home/airflow/.local/lib/python3.7/site-packages/airflow/example_dags/example_branch_python_dop_operator_3.py
[2023-07-05T13:07:45.060+0000] {logging_mixin.py:149} INFO - [2023-07-05T13:07:45.059+0000] {dag.py:2726} INFO - Sync 1 DAGs
[2023-07-05T13:07:45.112+0000] {logging_mixin.py:149} INFO - [2023-07-05T13:07:45.111+0000] {dag.py:3490} INFO - Setting next_dagrun for example_branch_dop_operator_v3 to 2023-07-05T13:06:00+00:00, run_after=2023-07-05T13:07:00+00:00
[2023-07-05T13:07:45.135+0000] {processor.py:179} INFO - Processing /home/airflow/.local/lib/python3.7/site-packages/airflow/example_dags/example_branch_python_dop_operator_3.py took 0.135 seconds
[2023-07-05T13:08:15.225+0000] {processor.py:157} INFO - Started process (PID=2085) to work on /home/airflow/.local/lib/python3.7/site-packages/airflow/example_dags/example_branch_python_dop_operator_3.py
[2023-07-05T13:08:15.227+0000] {processor.py:826} INFO - Processing file /home/airflow/.local/lib/python3.7/site-packages/airflow/example_dags/example_branch_python_dop_operator_3.py for tasks to queue
[2023-07-05T13:08:15.228+0000] {logging_mixin.py:149} INFO - [2023-07-05T13:08:15.228+0000] {dagbag.py:541} INFO - Filling up the DagBag from /home/airflow/.local/lib/python3.7/site-packages/airflow/example_dags/example_branch_python_dop_operator_3.py
[2023-07-05T13:08:15.240+0000] {processor.py:836} INFO - DAG(s) dict_keys(['example_branch_dop_operator_v3']) retrieved from /home/airflow/.local/lib/python3.7/site-packages/airflow/example_dags/example_branch_python_dop_operator_3.py
[2023-07-05T13:08:15.280+0000] {logging_mixin.py:149} INFO - [2023-07-05T13:08:15.280+0000] {dag.py:2726} INFO - Sync 1 DAGs
[2023-07-05T13:08:15.331+0000] {logging_mixin.py:149} INFO - [2023-07-05T13:08:15.331+0000] {dag.py:3490} INFO - Setting next_dagrun for example_branch_dop_operator_v3 to 2023-07-05T13:07:00+00:00, run_after=2023-07-05T13:08:00+00:00
[2023-07-05T13:08:15.363+0000] {processor.py:179} INFO - Processing /home/airflow/.local/lib/python3.7/site-packages/airflow/example_dags/example_branch_python_dop_operator_3.py took 0.142 seconds
[2023-07-05T13:08:45.904+0000] {processor.py:157} INFO - Started process (PID=2142) to work on /home/airflow/.local/lib/python3.7/site-packages/airflow/example_dags/example_branch_python_dop_operator_3.py
[2023-07-05T13:08:45.905+0000] {processor.py:826} INFO - Processing file /home/airflow/.local/lib/python3.7/site-packages/airflow/example_dags/example_branch_python_dop_operator_3.py for tasks to queue
[2023-07-05T13:08:45.906+0000] {logging_mixin.py:149} INFO - [2023-07-05T13:08:45.906+0000] {dagbag.py:541} INFO - Filling up the DagBag from /home/airflow/.local/lib/python3.7/site-packages/airflow/example_dags/example_branch_python_dop_operator_3.py
[2023-07-05T13:08:45.917+0000] {processor.py:836} INFO - DAG(s) dict_keys(['example_branch_dop_operator_v3']) retrieved from /home/airflow/.local/lib/python3.7/site-packages/airflow/example_dags/example_branch_python_dop_operator_3.py
[2023-07-05T13:08:45.949+0000] {logging_mixin.py:149} INFO - [2023-07-05T13:08:45.948+0000] {dag.py:2726} INFO - Sync 1 DAGs
[2023-07-05T13:08:45.992+0000] {logging_mixin.py:149} INFO - [2023-07-05T13:08:45.992+0000] {dag.py:3490} INFO - Setting next_dagrun for example_branch_dop_operator_v3 to 2023-07-05T13:07:00+00:00, run_after=2023-07-05T13:08:00+00:00
[2023-07-05T13:08:46.019+0000] {processor.py:179} INFO - Processing /home/airflow/.local/lib/python3.7/site-packages/airflow/example_dags/example_branch_python_dop_operator_3.py took 0.120 seconds
[2023-07-05T13:09:16.372+0000] {processor.py:157} INFO - Started process (PID=2199) to work on /home/airflow/.local/lib/python3.7/site-packages/airflow/example_dags/example_branch_python_dop_operator_3.py
[2023-07-05T13:09:16.374+0000] {processor.py:826} INFO - Processing file /home/airflow/.local/lib/python3.7/site-packages/airflow/example_dags/example_branch_python_dop_operator_3.py for tasks to queue
[2023-07-05T13:09:16.375+0000] {logging_mixin.py:149} INFO - [2023-07-05T13:09:16.375+0000] {dagbag.py:541} INFO - Filling up the DagBag from /home/airflow/.local/lib/python3.7/site-packages/airflow/example_dags/example_branch_python_dop_operator_3.py
[2023-07-05T13:09:16.385+0000] {processor.py:836} INFO - DAG(s) dict_keys(['example_branch_dop_operator_v3']) retrieved from /home/airflow/.local/lib/python3.7/site-packages/airflow/example_dags/example_branch_python_dop_operator_3.py
[2023-07-05T13:09:16.417+0000] {logging_mixin.py:149} INFO - [2023-07-05T13:09:16.417+0000] {dag.py:2726} INFO - Sync 1 DAGs
[2023-07-05T13:09:16.459+0000] {logging_mixin.py:149} INFO - [2023-07-05T13:09:16.459+0000] {dag.py:3490} INFO - Setting next_dagrun for example_branch_dop_operator_v3 to 2023-07-05T13:08:00+00:00, run_after=2023-07-05T13:09:00+00:00
[2023-07-05T13:09:16.482+0000] {processor.py:179} INFO - Processing /home/airflow/.local/lib/python3.7/site-packages/airflow/example_dags/example_branch_python_dop_operator_3.py took 0.115 seconds
[2023-07-05T13:09:46.561+0000] {processor.py:157} INFO - Started process (PID=2256) to work on /home/airflow/.local/lib/python3.7/site-packages/airflow/example_dags/example_branch_python_dop_operator_3.py
[2023-07-05T13:09:46.561+0000] {processor.py:826} INFO - Processing file /home/airflow/.local/lib/python3.7/site-packages/airflow/example_dags/example_branch_python_dop_operator_3.py for tasks to queue
[2023-07-05T13:09:46.562+0000] {logging_mixin.py:149} INFO - [2023-07-05T13:09:46.562+0000] {dagbag.py:541} INFO - Filling up the DagBag from /home/airflow/.local/lib/python3.7/site-packages/airflow/example_dags/example_branch_python_dop_operator_3.py
[2023-07-05T13:09:46.571+0000] {processor.py:836} INFO - DAG(s) dict_keys(['example_branch_dop_operator_v3']) retrieved from /home/airflow/.local/lib/python3.7/site-packages/airflow/example_dags/example_branch_python_dop_operator_3.py
[2023-07-05T13:09:46.606+0000] {logging_mixin.py:149} INFO - [2023-07-05T13:09:46.606+0000] {dag.py:2726} INFO - Sync 1 DAGs
[2023-07-05T13:09:46.649+0000] {logging_mixin.py:149} INFO - [2023-07-05T13:09:46.649+0000] {dag.py:3490} INFO - Setting next_dagrun for example_branch_dop_operator_v3 to 2023-07-05T13:08:00+00:00, run_after=2023-07-05T13:09:00+00:00
[2023-07-05T13:09:46.677+0000] {processor.py:179} INFO - Processing /home/airflow/.local/lib/python3.7/site-packages/airflow/example_dags/example_branch_python_dop_operator_3.py took 0.120 seconds
[2023-07-05T13:10:17.096+0000] {processor.py:157} INFO - Started process (PID=2313) to work on /home/airflow/.local/lib/python3.7/site-packages/airflow/example_dags/example_branch_python_dop_operator_3.py
[2023-07-05T13:10:17.097+0000] {processor.py:826} INFO - Processing file /home/airflow/.local/lib/python3.7/site-packages/airflow/example_dags/example_branch_python_dop_operator_3.py for tasks to queue
[2023-07-05T13:10:17.099+0000] {logging_mixin.py:149} INFO - [2023-07-05T13:10:17.098+0000] {dagbag.py:541} INFO - Filling up the DagBag from /home/airflow/.local/lib/python3.7/site-packages/airflow/example_dags/example_branch_python_dop_operator_3.py
[2023-07-05T13:10:17.111+0000] {processor.py:836} INFO - DAG(s) dict_keys(['example_branch_dop_operator_v3']) retrieved from /home/airflow/.local/lib/python3.7/site-packages/airflow/example_dags/example_branch_python_dop_operator_3.py
[2023-07-05T13:10:17.152+0000] {logging_mixin.py:149} INFO - [2023-07-05T13:10:17.152+0000] {dag.py:2726} INFO - Sync 1 DAGs
[2023-07-05T13:10:17.204+0000] {logging_mixin.py:149} INFO - [2023-07-05T13:10:17.204+0000] {dag.py:3490} INFO - Setting next_dagrun for example_branch_dop_operator_v3 to 2023-07-05T13:09:00+00:00, run_after=2023-07-05T13:10:00+00:00
[2023-07-05T13:10:17.232+0000] {processor.py:179} INFO - Processing /home/airflow/.local/lib/python3.7/site-packages/airflow/example_dags/example_branch_python_dop_operator_3.py took 0.141 seconds
[2023-07-05T13:10:47.426+0000] {processor.py:157} INFO - Started process (PID=2370) to work on /home/airflow/.local/lib/python3.7/site-packages/airflow/example_dags/example_branch_python_dop_operator_3.py
[2023-07-05T13:10:47.427+0000] {processor.py:826} INFO - Processing file /home/airflow/.local/lib/python3.7/site-packages/airflow/example_dags/example_branch_python_dop_operator_3.py for tasks to queue
[2023-07-05T13:10:47.428+0000] {logging_mixin.py:149} INFO - [2023-07-05T13:10:47.428+0000] {dagbag.py:541} INFO - Filling up the DagBag from /home/airflow/.local/lib/python3.7/site-packages/airflow/example_dags/example_branch_python_dop_operator_3.py
[2023-07-05T13:10:47.438+0000] {processor.py:836} INFO - DAG(s) dict_keys(['example_branch_dop_operator_v3']) retrieved from /home/airflow/.local/lib/python3.7/site-packages/airflow/example_dags/example_branch_python_dop_operator_3.py
[2023-07-05T13:10:47.474+0000] {logging_mixin.py:149} INFO - [2023-07-05T13:10:47.474+0000] {dag.py:2726} INFO - Sync 1 DAGs
[2023-07-05T13:10:47.529+0000] {logging_mixin.py:149} INFO - [2023-07-05T13:10:47.529+0000] {dag.py:3490} INFO - Setting next_dagrun for example_branch_dop_operator_v3 to 2023-07-05T13:09:00+00:00, run_after=2023-07-05T13:10:00+00:00
[2023-07-05T13:10:47.562+0000] {processor.py:179} INFO - Processing /home/airflow/.local/lib/python3.7/site-packages/airflow/example_dags/example_branch_python_dop_operator_3.py took 0.141 seconds
[2023-07-05T13:11:17.784+0000] {processor.py:157} INFO - Started process (PID=2427) to work on /home/airflow/.local/lib/python3.7/site-packages/airflow/example_dags/example_branch_python_dop_operator_3.py
[2023-07-05T13:11:17.785+0000] {processor.py:826} INFO - Processing file /home/airflow/.local/lib/python3.7/site-packages/airflow/example_dags/example_branch_python_dop_operator_3.py for tasks to queue
[2023-07-05T13:11:17.786+0000] {logging_mixin.py:149} INFO - [2023-07-05T13:11:17.786+0000] {dagbag.py:541} INFO - Filling up the DagBag from /home/airflow/.local/lib/python3.7/site-packages/airflow/example_dags/example_branch_python_dop_operator_3.py
[2023-07-05T13:11:17.798+0000] {processor.py:836} INFO - DAG(s) dict_keys(['example_branch_dop_operator_v3']) retrieved from /home/airflow/.local/lib/python3.7/site-packages/airflow/example_dags/example_branch_python_dop_operator_3.py
[2023-07-05T13:11:17.834+0000] {logging_mixin.py:149} INFO - [2023-07-05T13:11:17.834+0000] {dag.py:2726} INFO - Sync 1 DAGs
[2023-07-05T13:11:17.882+0000] {logging_mixin.py:149} INFO - [2023-07-05T13:11:17.881+0000] {dag.py:3490} INFO - Setting next_dagrun for example_branch_dop_operator_v3 to 2023-07-05T13:10:00+00:00, run_after=2023-07-05T13:11:00+00:00
[2023-07-05T13:11:17.910+0000] {processor.py:179} INFO - Processing /home/airflow/.local/lib/python3.7/site-packages/airflow/example_dags/example_branch_python_dop_operator_3.py took 0.130 seconds
[2023-07-05T13:11:48.367+0000] {processor.py:157} INFO - Started process (PID=2484) to work on /home/airflow/.local/lib/python3.7/site-packages/airflow/example_dags/example_branch_python_dop_operator_3.py
[2023-07-05T13:11:48.369+0000] {processor.py:826} INFO - Processing file /home/airflow/.local/lib/python3.7/site-packages/airflow/example_dags/example_branch_python_dop_operator_3.py for tasks to queue
[2023-07-05T13:11:48.370+0000] {logging_mixin.py:149} INFO - [2023-07-05T13:11:48.370+0000] {dagbag.py:541} INFO - Filling up the DagBag from /home/airflow/.local/lib/python3.7/site-packages/airflow/example_dags/example_branch_python_dop_operator_3.py
[2023-07-05T13:11:48.380+0000] {processor.py:836} INFO - DAG(s) dict_keys(['example_branch_dop_operator_v3']) retrieved from /home/airflow/.local/lib/python3.7/site-packages/airflow/example_dags/example_branch_python_dop_operator_3.py
[2023-07-05T13:11:48.411+0000] {logging_mixin.py:149} INFO - [2023-07-05T13:11:48.411+0000] {dag.py:2726} INFO - Sync 1 DAGs
[2023-07-05T13:11:48.464+0000] {logging_mixin.py:149} INFO - [2023-07-05T13:11:48.464+0000] {dag.py:3490} INFO - Setting next_dagrun for example_branch_dop_operator_v3 to 2023-07-05T13:10:00+00:00, run_after=2023-07-05T13:11:00+00:00
[2023-07-05T13:11:48.493+0000] {processor.py:179} INFO - Processing /home/airflow/.local/lib/python3.7/site-packages/airflow/example_dags/example_branch_python_dop_operator_3.py took 0.129 seconds
[2023-07-05T13:12:18.915+0000] {processor.py:157} INFO - Started process (PID=2541) to work on /home/airflow/.local/lib/python3.7/site-packages/airflow/example_dags/example_branch_python_dop_operator_3.py
[2023-07-05T13:12:18.917+0000] {processor.py:826} INFO - Processing file /home/airflow/.local/lib/python3.7/site-packages/airflow/example_dags/example_branch_python_dop_operator_3.py for tasks to queue
[2023-07-05T13:12:18.917+0000] {logging_mixin.py:149} INFO - [2023-07-05T13:12:18.917+0000] {dagbag.py:541} INFO - Filling up the DagBag from /home/airflow/.local/lib/python3.7/site-packages/airflow/example_dags/example_branch_python_dop_operator_3.py
[2023-07-05T13:12:18.929+0000] {processor.py:836} INFO - DAG(s) dict_keys(['example_branch_dop_operator_v3']) retrieved from /home/airflow/.local/lib/python3.7/site-packages/airflow/example_dags/example_branch_python_dop_operator_3.py
[2023-07-05T13:12:18.971+0000] {logging_mixin.py:149} INFO - [2023-07-05T13:12:18.971+0000] {dag.py:2726} INFO - Sync 1 DAGs
[2023-07-05T13:12:19.026+0000] {logging_mixin.py:149} INFO - [2023-07-05T13:12:19.025+0000] {dag.py:3490} INFO - Setting next_dagrun for example_branch_dop_operator_v3 to 2023-07-05T13:11:00+00:00, run_after=2023-07-05T13:12:00+00:00
[2023-07-05T13:12:19.067+0000] {processor.py:179} INFO - Processing /home/airflow/.local/lib/python3.7/site-packages/airflow/example_dags/example_branch_python_dop_operator_3.py took 0.157 seconds
[2023-07-05T13:12:49.262+0000] {processor.py:157} INFO - Started process (PID=2598) to work on /home/airflow/.local/lib/python3.7/site-packages/airflow/example_dags/example_branch_python_dop_operator_3.py
[2023-07-05T13:12:49.263+0000] {processor.py:826} INFO - Processing file /home/airflow/.local/lib/python3.7/site-packages/airflow/example_dags/example_branch_python_dop_operator_3.py for tasks to queue
[2023-07-05T13:12:49.264+0000] {logging_mixin.py:149} INFO - [2023-07-05T13:12:49.264+0000] {dagbag.py:541} INFO - Filling up the DagBag from /home/airflow/.local/lib/python3.7/site-packages/airflow/example_dags/example_branch_python_dop_operator_3.py
[2023-07-05T13:12:49.273+0000] {processor.py:836} INFO - DAG(s) dict_keys(['example_branch_dop_operator_v3']) retrieved from /home/airflow/.local/lib/python3.7/site-packages/airflow/example_dags/example_branch_python_dop_operator_3.py
[2023-07-05T13:12:49.310+0000] {logging_mixin.py:149} INFO - [2023-07-05T13:12:49.309+0000] {dag.py:2726} INFO - Sync 1 DAGs
[2023-07-05T13:12:49.349+0000] {logging_mixin.py:149} INFO - [2023-07-05T13:12:49.349+0000] {dag.py:3490} INFO - Setting next_dagrun for example_branch_dop_operator_v3 to 2023-07-05T13:11:00+00:00, run_after=2023-07-05T13:12:00+00:00
[2023-07-05T13:12:49.376+0000] {processor.py:179} INFO - Processing /home/airflow/.local/lib/python3.7/site-packages/airflow/example_dags/example_branch_python_dop_operator_3.py took 0.121 seconds
[2023-07-05T13:13:19.420+0000] {processor.py:157} INFO - Started process (PID=2653) to work on /home/airflow/.local/lib/python3.7/site-packages/airflow/example_dags/example_branch_python_dop_operator_3.py
[2023-07-05T13:13:19.422+0000] {processor.py:826} INFO - Processing file /home/airflow/.local/lib/python3.7/site-packages/airflow/example_dags/example_branch_python_dop_operator_3.py for tasks to queue
[2023-07-05T13:13:19.423+0000] {logging_mixin.py:149} INFO - [2023-07-05T13:13:19.423+0000] {dagbag.py:541} INFO - Filling up the DagBag from /home/airflow/.local/lib/python3.7/site-packages/airflow/example_dags/example_branch_python_dop_operator_3.py
[2023-07-05T13:13:19.438+0000] {processor.py:836} INFO - DAG(s) dict_keys(['example_branch_dop_operator_v3']) retrieved from /home/airflow/.local/lib/python3.7/site-packages/airflow/example_dags/example_branch_python_dop_operator_3.py
[2023-07-05T13:13:19.479+0000] {logging_mixin.py:149} INFO - [2023-07-05T13:13:19.479+0000] {dag.py:2726} INFO - Sync 1 DAGs
[2023-07-05T13:13:19.524+0000] {logging_mixin.py:149} INFO - [2023-07-05T13:13:19.524+0000] {dag.py:3490} INFO - Setting next_dagrun for example_branch_dop_operator_v3 to 2023-07-05T13:12:00+00:00, run_after=2023-07-05T13:13:00+00:00
[2023-07-05T13:13:19.549+0000] {processor.py:179} INFO - Processing /home/airflow/.local/lib/python3.7/site-packages/airflow/example_dags/example_branch_python_dop_operator_3.py took 0.136 seconds
[2023-07-05T13:13:50.480+0000] {processor.py:157} INFO - Started process (PID=2715) to work on /home/airflow/.local/lib/python3.7/site-packages/airflow/example_dags/example_branch_python_dop_operator_3.py
[2023-07-05T13:13:50.482+0000] {processor.py:826} INFO - Processing file /home/airflow/.local/lib/python3.7/site-packages/airflow/example_dags/example_branch_python_dop_operator_3.py for tasks to queue
[2023-07-05T13:13:50.483+0000] {logging_mixin.py:149} INFO - [2023-07-05T13:13:50.482+0000] {dagbag.py:541} INFO - Filling up the DagBag from /home/airflow/.local/lib/python3.7/site-packages/airflow/example_dags/example_branch_python_dop_operator_3.py
[2023-07-05T13:13:50.494+0000] {processor.py:836} INFO - DAG(s) dict_keys(['example_branch_dop_operator_v3']) retrieved from /home/airflow/.local/lib/python3.7/site-packages/airflow/example_dags/example_branch_python_dop_operator_3.py
[2023-07-05T13:13:50.528+0000] {logging_mixin.py:149} INFO - [2023-07-05T13:13:50.527+0000] {dag.py:2726} INFO - Sync 1 DAGs
[2023-07-05T13:13:50.590+0000] {logging_mixin.py:149} INFO - [2023-07-05T13:13:50.590+0000] {dag.py:3490} INFO - Setting next_dagrun for example_branch_dop_operator_v3 to 2023-07-05T13:12:00+00:00, run_after=2023-07-05T13:13:00+00:00
[2023-07-05T13:13:50.630+0000] {processor.py:179} INFO - Processing /home/airflow/.local/lib/python3.7/site-packages/airflow/example_dags/example_branch_python_dop_operator_3.py took 0.154 seconds
[2023-07-05T13:14:20.738+0000] {processor.py:157} INFO - Started process (PID=2772) to work on /home/airflow/.local/lib/python3.7/site-packages/airflow/example_dags/example_branch_python_dop_operator_3.py
[2023-07-05T13:14:20.739+0000] {processor.py:826} INFO - Processing file /home/airflow/.local/lib/python3.7/site-packages/airflow/example_dags/example_branch_python_dop_operator_3.py for tasks to queue
[2023-07-05T13:14:20.741+0000] {logging_mixin.py:149} INFO - [2023-07-05T13:14:20.740+0000] {dagbag.py:541} INFO - Filling up the DagBag from /home/airflow/.local/lib/python3.7/site-packages/airflow/example_dags/example_branch_python_dop_operator_3.py
[2023-07-05T13:14:20.753+0000] {processor.py:836} INFO - DAG(s) dict_keys(['example_branch_dop_operator_v3']) retrieved from /home/airflow/.local/lib/python3.7/site-packages/airflow/example_dags/example_branch_python_dop_operator_3.py
[2023-07-05T13:14:20.792+0000] {logging_mixin.py:149} INFO - [2023-07-05T13:14:20.792+0000] {dag.py:2726} INFO - Sync 1 DAGs
[2023-07-05T13:14:20.845+0000] {logging_mixin.py:149} INFO - [2023-07-05T13:14:20.844+0000] {dag.py:3490} INFO - Setting next_dagrun for example_branch_dop_operator_v3 to 2023-07-05T13:13:00+00:00, run_after=2023-07-05T13:14:00+00:00
[2023-07-05T13:14:20.874+0000] {processor.py:179} INFO - Processing /home/airflow/.local/lib/python3.7/site-packages/airflow/example_dags/example_branch_python_dop_operator_3.py took 0.141 seconds
[2023-07-05T13:14:51.193+0000] {processor.py:157} INFO - Started process (PID=2828) to work on /home/airflow/.local/lib/python3.7/site-packages/airflow/example_dags/example_branch_python_dop_operator_3.py
[2023-07-05T13:14:51.194+0000] {processor.py:826} INFO - Processing file /home/airflow/.local/lib/python3.7/site-packages/airflow/example_dags/example_branch_python_dop_operator_3.py for tasks to queue
[2023-07-05T13:14:51.195+0000] {logging_mixin.py:149} INFO - [2023-07-05T13:14:51.195+0000] {dagbag.py:541} INFO - Filling up the DagBag from /home/airflow/.local/lib/python3.7/site-packages/airflow/example_dags/example_branch_python_dop_operator_3.py
[2023-07-05T13:14:51.207+0000] {processor.py:836} INFO - DAG(s) dict_keys(['example_branch_dop_operator_v3']) retrieved from /home/airflow/.local/lib/python3.7/site-packages/airflow/example_dags/example_branch_python_dop_operator_3.py
[2023-07-05T13:14:51.244+0000] {logging_mixin.py:149} INFO - [2023-07-05T13:14:51.244+0000] {dag.py:2726} INFO - Sync 1 DAGs
[2023-07-05T13:14:51.293+0000] {logging_mixin.py:149} INFO - [2023-07-05T13:14:51.293+0000] {dag.py:3490} INFO - Setting next_dagrun for example_branch_dop_operator_v3 to 2023-07-05T13:13:00+00:00, run_after=2023-07-05T13:14:00+00:00
[2023-07-05T13:14:51.323+0000] {processor.py:179} INFO - Processing /home/airflow/.local/lib/python3.7/site-packages/airflow/example_dags/example_branch_python_dop_operator_3.py took 0.135 seconds
[2023-07-05T13:15:21.658+0000] {processor.py:157} INFO - Started process (PID=2885) to work on /home/airflow/.local/lib/python3.7/site-packages/airflow/example_dags/example_branch_python_dop_operator_3.py
[2023-07-05T13:15:21.660+0000] {processor.py:826} INFO - Processing file /home/airflow/.local/lib/python3.7/site-packages/airflow/example_dags/example_branch_python_dop_operator_3.py for tasks to queue
[2023-07-05T13:15:21.661+0000] {logging_mixin.py:149} INFO - [2023-07-05T13:15:21.660+0000] {dagbag.py:541} INFO - Filling up the DagBag from /home/airflow/.local/lib/python3.7/site-packages/airflow/example_dags/example_branch_python_dop_operator_3.py
[2023-07-05T13:15:21.675+0000] {processor.py:836} INFO - DAG(s) dict_keys(['example_branch_dop_operator_v3']) retrieved from /home/airflow/.local/lib/python3.7/site-packages/airflow/example_dags/example_branch_python_dop_operator_3.py
[2023-07-05T13:15:21.711+0000] {logging_mixin.py:149} INFO - [2023-07-05T13:15:21.711+0000] {dag.py:2726} INFO - Sync 1 DAGs
[2023-07-05T13:15:21.756+0000] {logging_mixin.py:149} INFO - [2023-07-05T13:15:21.756+0000] {dag.py:3490} INFO - Setting next_dagrun for example_branch_dop_operator_v3 to 2023-07-05T13:14:00+00:00, run_after=2023-07-05T13:15:00+00:00
[2023-07-05T13:15:21.783+0000] {processor.py:179} INFO - Processing /home/airflow/.local/lib/python3.7/site-packages/airflow/example_dags/example_branch_python_dop_operator_3.py took 0.129 seconds
[2023-07-05T13:15:52.103+0000] {processor.py:157} INFO - Started process (PID=2942) to work on /home/airflow/.local/lib/python3.7/site-packages/airflow/example_dags/example_branch_python_dop_operator_3.py
[2023-07-05T13:15:52.105+0000] {processor.py:826} INFO - Processing file /home/airflow/.local/lib/python3.7/site-packages/airflow/example_dags/example_branch_python_dop_operator_3.py for tasks to queue
[2023-07-05T13:15:52.107+0000] {logging_mixin.py:149} INFO - [2023-07-05T13:15:52.107+0000] {dagbag.py:541} INFO - Filling up the DagBag from /home/airflow/.local/lib/python3.7/site-packages/airflow/example_dags/example_branch_python_dop_operator_3.py
[2023-07-05T13:15:52.120+0000] {processor.py:836} INFO - DAG(s) dict_keys(['example_branch_dop_operator_v3']) retrieved from /home/airflow/.local/lib/python3.7/site-packages/airflow/example_dags/example_branch_python_dop_operator_3.py
[2023-07-05T13:15:52.162+0000] {logging_mixin.py:149} INFO - [2023-07-05T13:15:52.162+0000] {dag.py:2726} INFO - Sync 1 DAGs
[2023-07-05T13:15:52.223+0000] {logging_mixin.py:149} INFO - [2023-07-05T13:15:52.223+0000] {dag.py:3490} INFO - Setting next_dagrun for example_branch_dop_operator_v3 to 2023-07-05T13:14:00+00:00, run_after=2023-07-05T13:15:00+00:00
[2023-07-05T13:15:52.261+0000] {processor.py:179} INFO - Processing /home/airflow/.local/lib/python3.7/site-packages/airflow/example_dags/example_branch_python_dop_operator_3.py took 0.164 seconds
[2023-07-05T13:16:22.421+0000] {processor.py:157} INFO - Started process (PID=2999) to work on /home/airflow/.local/lib/python3.7/site-packages/airflow/example_dags/example_branch_python_dop_operator_3.py
[2023-07-05T13:16:22.422+0000] {processor.py:826} INFO - Processing file /home/airflow/.local/lib/python3.7/site-packages/airflow/example_dags/example_branch_python_dop_operator_3.py for tasks to queue
[2023-07-05T13:16:22.424+0000] {logging_mixin.py:149} INFO - [2023-07-05T13:16:22.423+0000] {dagbag.py:541} INFO - Filling up the DagBag from /home/airflow/.local/lib/python3.7/site-packages/airflow/example_dags/example_branch_python_dop_operator_3.py
[2023-07-05T13:16:22.437+0000] {processor.py:836} INFO - DAG(s) dict_keys(['example_branch_dop_operator_v3']) retrieved from /home/airflow/.local/lib/python3.7/site-packages/airflow/example_dags/example_branch_python_dop_operator_3.py
[2023-07-05T13:16:22.473+0000] {logging_mixin.py:149} INFO - [2023-07-05T13:16:22.473+0000] {dag.py:2726} INFO - Sync 1 DAGs
[2023-07-05T13:16:22.524+0000] {logging_mixin.py:149} INFO - [2023-07-05T13:16:22.524+0000] {dag.py:3490} INFO - Setting next_dagrun for example_branch_dop_operator_v3 to 2023-07-05T13:15:00+00:00, run_after=2023-07-05T13:16:00+00:00
[2023-07-05T13:16:22.552+0000] {processor.py:179} INFO - Processing /home/airflow/.local/lib/python3.7/site-packages/airflow/example_dags/example_branch_python_dop_operator_3.py took 0.135 seconds
[2023-07-05T13:16:52.708+0000] {processor.py:157} INFO - Started process (PID=3047) to work on /home/airflow/.local/lib/python3.7/site-packages/airflow/example_dags/example_branch_python_dop_operator_3.py
[2023-07-05T13:16:52.709+0000] {processor.py:826} INFO - Processing file /home/airflow/.local/lib/python3.7/site-packages/airflow/example_dags/example_branch_python_dop_operator_3.py for tasks to queue
[2023-07-05T13:16:52.710+0000] {logging_mixin.py:149} INFO - [2023-07-05T13:16:52.709+0000] {dagbag.py:541} INFO - Filling up the DagBag from /home/airflow/.local/lib/python3.7/site-packages/airflow/example_dags/example_branch_python_dop_operator_3.py
[2023-07-05T13:16:52.721+0000] {processor.py:836} INFO - DAG(s) dict_keys(['example_branch_dop_operator_v3']) retrieved from /home/airflow/.local/lib/python3.7/site-packages/airflow/example_dags/example_branch_python_dop_operator_3.py
[2023-07-05T13:16:52.752+0000] {logging_mixin.py:149} INFO - [2023-07-05T13:16:52.752+0000] {dag.py:2726} INFO - Sync 1 DAGs
[2023-07-05T13:16:52.795+0000] {logging_mixin.py:149} INFO - [2023-07-05T13:16:52.794+0000] {dag.py:3490} INFO - Setting next_dagrun for example_branch_dop_operator_v3 to 2023-07-05T13:15:00+00:00, run_after=2023-07-05T13:16:00+00:00
[2023-07-05T13:16:52.826+0000] {processor.py:179} INFO - Processing /home/airflow/.local/lib/python3.7/site-packages/airflow/example_dags/example_branch_python_dop_operator_3.py took 0.124 seconds
[2023-07-05T13:17:23.466+0000] {processor.py:157} INFO - Started process (PID=3104) to work on /home/airflow/.local/lib/python3.7/site-packages/airflow/example_dags/example_branch_python_dop_operator_3.py
[2023-07-05T13:17:23.467+0000] {processor.py:826} INFO - Processing file /home/airflow/.local/lib/python3.7/site-packages/airflow/example_dags/example_branch_python_dop_operator_3.py for tasks to queue
[2023-07-05T13:17:23.468+0000] {logging_mixin.py:149} INFO - [2023-07-05T13:17:23.468+0000] {dagbag.py:541} INFO - Filling up the DagBag from /home/airflow/.local/lib/python3.7/site-packages/airflow/example_dags/example_branch_python_dop_operator_3.py
[2023-07-05T13:17:23.480+0000] {processor.py:836} INFO - DAG(s) dict_keys(['example_branch_dop_operator_v3']) retrieved from /home/airflow/.local/lib/python3.7/site-packages/airflow/example_dags/example_branch_python_dop_operator_3.py
[2023-07-05T13:17:23.512+0000] {logging_mixin.py:149} INFO - [2023-07-05T13:17:23.511+0000] {dag.py:2726} INFO - Sync 1 DAGs
[2023-07-05T13:17:23.550+0000] {logging_mixin.py:149} INFO - [2023-07-05T13:17:23.550+0000] {dag.py:3490} INFO - Setting next_dagrun for example_branch_dop_operator_v3 to 2023-07-05T13:16:00+00:00, run_after=2023-07-05T13:17:00+00:00
[2023-07-05T13:17:23.573+0000] {processor.py:179} INFO - Processing /home/airflow/.local/lib/python3.7/site-packages/airflow/example_dags/example_branch_python_dop_operator_3.py took 0.111 seconds
[2023-07-05T13:17:53.785+0000] {processor.py:157} INFO - Started process (PID=3161) to work on /home/airflow/.local/lib/python3.7/site-packages/airflow/example_dags/example_branch_python_dop_operator_3.py
[2023-07-05T13:17:53.786+0000] {processor.py:826} INFO - Processing file /home/airflow/.local/lib/python3.7/site-packages/airflow/example_dags/example_branch_python_dop_operator_3.py for tasks to queue
[2023-07-05T13:17:53.787+0000] {logging_mixin.py:149} INFO - [2023-07-05T13:17:53.787+0000] {dagbag.py:541} INFO - Filling up the DagBag from /home/airflow/.local/lib/python3.7/site-packages/airflow/example_dags/example_branch_python_dop_operator_3.py
[2023-07-05T13:17:53.798+0000] {processor.py:836} INFO - DAG(s) dict_keys(['example_branch_dop_operator_v3']) retrieved from /home/airflow/.local/lib/python3.7/site-packages/airflow/example_dags/example_branch_python_dop_operator_3.py
[2023-07-05T13:17:53.831+0000] {logging_mixin.py:149} INFO - [2023-07-05T13:17:53.831+0000] {dag.py:2726} INFO - Sync 1 DAGs
[2023-07-05T13:17:53.873+0000] {logging_mixin.py:149} INFO - [2023-07-05T13:17:53.872+0000] {dag.py:3490} INFO - Setting next_dagrun for example_branch_dop_operator_v3 to 2023-07-05T13:16:00+00:00, run_after=2023-07-05T13:17:00+00:00
[2023-07-05T13:17:53.899+0000] {processor.py:179} INFO - Processing /home/airflow/.local/lib/python3.7/site-packages/airflow/example_dags/example_branch_python_dop_operator_3.py took 0.119 seconds
