[2023-07-05T12:50:00.999+0000] {processor.py:157} INFO - Started process (PID=72) to work on /home/airflow/.local/lib/python3.7/site-packages/airflow/example_dags/example_local_kubernetes_executor.py
[2023-07-05T12:50:01.006+0000] {processor.py:826} INFO - Processing file /home/airflow/.local/lib/python3.7/site-packages/airflow/example_dags/example_local_kubernetes_executor.py for tasks to queue
[2023-07-05T12:50:01.010+0000] {logging_mixin.py:149} INFO - [2023-07-05T12:50:01.010+0000] {dagbag.py:541} INFO - Filling up the DagBag from /home/airflow/.local/lib/python3.7/site-packages/airflow/example_dags/example_local_kubernetes_executor.py
[2023-07-05T12:50:02.873+0000] {processor.py:836} INFO - DAG(s) dict_keys(['example_local_kubernetes_executor']) retrieved from /home/airflow/.local/lib/python3.7/site-packages/airflow/example_dags/example_local_kubernetes_executor.py
[2023-07-05T12:50:02.965+0000] {logging_mixin.py:149} INFO - [2023-07-05T12:50:02.964+0000] {dag.py:2726} INFO - Sync 1 DAGs
[2023-07-05T12:50:03.029+0000] {logging_mixin.py:149} INFO - [2023-07-05T12:50:03.029+0000] {dag.py:3490} INFO - Setting next_dagrun for example_local_kubernetes_executor to None, run_after=None
[2023-07-05T12:50:03.111+0000] {processor.py:179} INFO - Processing /home/airflow/.local/lib/python3.7/site-packages/airflow/example_dags/example_local_kubernetes_executor.py took 2.143 seconds
[2023-07-05T12:50:33.928+0000] {processor.py:157} INFO - Started process (PID=129) to work on /home/airflow/.local/lib/python3.7/site-packages/airflow/example_dags/example_local_kubernetes_executor.py
[2023-07-05T12:50:33.929+0000] {processor.py:826} INFO - Processing file /home/airflow/.local/lib/python3.7/site-packages/airflow/example_dags/example_local_kubernetes_executor.py for tasks to queue
[2023-07-05T12:50:33.930+0000] {logging_mixin.py:149} INFO - [2023-07-05T12:50:33.930+0000] {dagbag.py:541} INFO - Filling up the DagBag from /home/airflow/.local/lib/python3.7/site-packages/airflow/example_dags/example_local_kubernetes_executor.py
[2023-07-05T12:50:34.386+0000] {processor.py:836} INFO - DAG(s) dict_keys(['example_local_kubernetes_executor']) retrieved from /home/airflow/.local/lib/python3.7/site-packages/airflow/example_dags/example_local_kubernetes_executor.py
[2023-07-05T12:50:34.431+0000] {logging_mixin.py:149} INFO - [2023-07-05T12:50:34.431+0000] {dag.py:2726} INFO - Sync 1 DAGs
[2023-07-05T12:50:34.465+0000] {logging_mixin.py:149} INFO - [2023-07-05T12:50:34.465+0000] {dag.py:3490} INFO - Setting next_dagrun for example_local_kubernetes_executor to None, run_after=None
[2023-07-05T12:50:34.489+0000] {processor.py:179} INFO - Processing /home/airflow/.local/lib/python3.7/site-packages/airflow/example_dags/example_local_kubernetes_executor.py took 0.566 seconds
[2023-07-05T12:51:05.185+0000] {processor.py:157} INFO - Started process (PID=187) to work on /home/airflow/.local/lib/python3.7/site-packages/airflow/example_dags/example_local_kubernetes_executor.py
[2023-07-05T12:51:05.187+0000] {processor.py:826} INFO - Processing file /home/airflow/.local/lib/python3.7/site-packages/airflow/example_dags/example_local_kubernetes_executor.py for tasks to queue
[2023-07-05T12:51:05.188+0000] {logging_mixin.py:149} INFO - [2023-07-05T12:51:05.188+0000] {dagbag.py:541} INFO - Filling up the DagBag from /home/airflow/.local/lib/python3.7/site-packages/airflow/example_dags/example_local_kubernetes_executor.py
[2023-07-05T12:51:05.598+0000] {processor.py:836} INFO - DAG(s) dict_keys(['example_local_kubernetes_executor']) retrieved from /home/airflow/.local/lib/python3.7/site-packages/airflow/example_dags/example_local_kubernetes_executor.py
[2023-07-05T12:51:05.639+0000] {logging_mixin.py:149} INFO - [2023-07-05T12:51:05.639+0000] {dag.py:2726} INFO - Sync 1 DAGs
[2023-07-05T12:51:05.669+0000] {logging_mixin.py:149} INFO - [2023-07-05T12:51:05.669+0000] {dag.py:3490} INFO - Setting next_dagrun for example_local_kubernetes_executor to None, run_after=None
[2023-07-05T12:51:05.691+0000] {processor.py:179} INFO - Processing /home/airflow/.local/lib/python3.7/site-packages/airflow/example_dags/example_local_kubernetes_executor.py took 0.509 seconds
[2023-07-05T12:51:36.528+0000] {processor.py:157} INFO - Started process (PID=244) to work on /home/airflow/.local/lib/python3.7/site-packages/airflow/example_dags/example_local_kubernetes_executor.py
[2023-07-05T12:51:36.529+0000] {processor.py:826} INFO - Processing file /home/airflow/.local/lib/python3.7/site-packages/airflow/example_dags/example_local_kubernetes_executor.py for tasks to queue
[2023-07-05T12:51:36.530+0000] {logging_mixin.py:149} INFO - [2023-07-05T12:51:36.530+0000] {dagbag.py:541} INFO - Filling up the DagBag from /home/airflow/.local/lib/python3.7/site-packages/airflow/example_dags/example_local_kubernetes_executor.py
[2023-07-05T12:51:36.913+0000] {processor.py:836} INFO - DAG(s) dict_keys(['example_local_kubernetes_executor']) retrieved from /home/airflow/.local/lib/python3.7/site-packages/airflow/example_dags/example_local_kubernetes_executor.py
[2023-07-05T12:51:36.961+0000] {logging_mixin.py:149} INFO - [2023-07-05T12:51:36.961+0000] {dag.py:2726} INFO - Sync 1 DAGs
[2023-07-05T12:51:36.998+0000] {logging_mixin.py:149} INFO - [2023-07-05T12:51:36.997+0000] {dag.py:3490} INFO - Setting next_dagrun for example_local_kubernetes_executor to None, run_after=None
[2023-07-05T12:51:37.028+0000] {processor.py:179} INFO - Processing /home/airflow/.local/lib/python3.7/site-packages/airflow/example_dags/example_local_kubernetes_executor.py took 0.504 seconds
[2023-07-05T12:52:07.774+0000] {processor.py:157} INFO - Started process (PID=301) to work on /home/airflow/.local/lib/python3.7/site-packages/airflow/example_dags/example_local_kubernetes_executor.py
[2023-07-05T12:52:07.776+0000] {processor.py:826} INFO - Processing file /home/airflow/.local/lib/python3.7/site-packages/airflow/example_dags/example_local_kubernetes_executor.py for tasks to queue
[2023-07-05T12:52:07.776+0000] {logging_mixin.py:149} INFO - [2023-07-05T12:52:07.776+0000] {dagbag.py:541} INFO - Filling up the DagBag from /home/airflow/.local/lib/python3.7/site-packages/airflow/example_dags/example_local_kubernetes_executor.py
[2023-07-05T12:52:08.181+0000] {processor.py:836} INFO - DAG(s) dict_keys(['example_local_kubernetes_executor']) retrieved from /home/airflow/.local/lib/python3.7/site-packages/airflow/example_dags/example_local_kubernetes_executor.py
[2023-07-05T12:52:08.230+0000] {logging_mixin.py:149} INFO - [2023-07-05T12:52:08.229+0000] {dag.py:2726} INFO - Sync 1 DAGs
[2023-07-05T12:52:08.266+0000] {logging_mixin.py:149} INFO - [2023-07-05T12:52:08.266+0000] {dag.py:3490} INFO - Setting next_dagrun for example_local_kubernetes_executor to None, run_after=None
[2023-07-05T12:52:08.286+0000] {processor.py:179} INFO - Processing /home/airflow/.local/lib/python3.7/site-packages/airflow/example_dags/example_local_kubernetes_executor.py took 0.516 seconds
[2023-07-05T12:52:39.420+0000] {processor.py:157} INFO - Started process (PID=358) to work on /home/airflow/.local/lib/python3.7/site-packages/airflow/example_dags/example_local_kubernetes_executor.py
[2023-07-05T12:52:39.421+0000] {processor.py:826} INFO - Processing file /home/airflow/.local/lib/python3.7/site-packages/airflow/example_dags/example_local_kubernetes_executor.py for tasks to queue
[2023-07-05T12:52:39.422+0000] {logging_mixin.py:149} INFO - [2023-07-05T12:52:39.422+0000] {dagbag.py:541} INFO - Filling up the DagBag from /home/airflow/.local/lib/python3.7/site-packages/airflow/example_dags/example_local_kubernetes_executor.py
[2023-07-05T12:52:39.809+0000] {processor.py:836} INFO - DAG(s) dict_keys(['example_local_kubernetes_executor']) retrieved from /home/airflow/.local/lib/python3.7/site-packages/airflow/example_dags/example_local_kubernetes_executor.py
[2023-07-05T12:52:39.860+0000] {logging_mixin.py:149} INFO - [2023-07-05T12:52:39.859+0000] {dag.py:2726} INFO - Sync 1 DAGs
[2023-07-05T12:52:39.896+0000] {logging_mixin.py:149} INFO - [2023-07-05T12:52:39.896+0000] {dag.py:3490} INFO - Setting next_dagrun for example_local_kubernetes_executor to None, run_after=None
[2023-07-05T12:52:39.925+0000] {processor.py:179} INFO - Processing /home/airflow/.local/lib/python3.7/site-packages/airflow/example_dags/example_local_kubernetes_executor.py took 0.509 seconds
[2023-07-05T12:53:10.272+0000] {processor.py:157} INFO - Started process (PID=417) to work on /home/airflow/.local/lib/python3.7/site-packages/airflow/example_dags/example_local_kubernetes_executor.py
[2023-07-05T12:53:10.274+0000] {processor.py:826} INFO - Processing file /home/airflow/.local/lib/python3.7/site-packages/airflow/example_dags/example_local_kubernetes_executor.py for tasks to queue
[2023-07-05T12:53:10.275+0000] {logging_mixin.py:149} INFO - [2023-07-05T12:53:10.274+0000] {dagbag.py:541} INFO - Filling up the DagBag from /home/airflow/.local/lib/python3.7/site-packages/airflow/example_dags/example_local_kubernetes_executor.py
[2023-07-05T12:53:10.728+0000] {processor.py:836} INFO - DAG(s) dict_keys(['example_local_kubernetes_executor']) retrieved from /home/airflow/.local/lib/python3.7/site-packages/airflow/example_dags/example_local_kubernetes_executor.py
[2023-07-05T12:53:10.776+0000] {logging_mixin.py:149} INFO - [2023-07-05T12:53:10.776+0000] {dag.py:2726} INFO - Sync 1 DAGs
[2023-07-05T12:53:10.820+0000] {logging_mixin.py:149} INFO - [2023-07-05T12:53:10.819+0000] {dag.py:3490} INFO - Setting next_dagrun for example_local_kubernetes_executor to None, run_after=None
[2023-07-05T12:53:10.850+0000] {processor.py:179} INFO - Processing /home/airflow/.local/lib/python3.7/site-packages/airflow/example_dags/example_local_kubernetes_executor.py took 0.583 seconds
[2023-07-05T12:53:41.016+0000] {processor.py:157} INFO - Started process (PID=473) to work on /home/airflow/.local/lib/python3.7/site-packages/airflow/example_dags/example_local_kubernetes_executor.py
[2023-07-05T12:53:41.017+0000] {processor.py:826} INFO - Processing file /home/airflow/.local/lib/python3.7/site-packages/airflow/example_dags/example_local_kubernetes_executor.py for tasks to queue
[2023-07-05T12:53:41.018+0000] {logging_mixin.py:149} INFO - [2023-07-05T12:53:41.018+0000] {dagbag.py:541} INFO - Filling up the DagBag from /home/airflow/.local/lib/python3.7/site-packages/airflow/example_dags/example_local_kubernetes_executor.py
[2023-07-05T12:53:41.437+0000] {processor.py:836} INFO - DAG(s) dict_keys(['example_local_kubernetes_executor']) retrieved from /home/airflow/.local/lib/python3.7/site-packages/airflow/example_dags/example_local_kubernetes_executor.py
[2023-07-05T12:53:41.484+0000] {logging_mixin.py:149} INFO - [2023-07-05T12:53:41.484+0000] {dag.py:2726} INFO - Sync 1 DAGs
[2023-07-05T12:53:41.514+0000] {logging_mixin.py:149} INFO - [2023-07-05T12:53:41.514+0000] {dag.py:3490} INFO - Setting next_dagrun for example_local_kubernetes_executor to None, run_after=None
[2023-07-05T12:53:41.540+0000] {processor.py:179} INFO - Processing /home/airflow/.local/lib/python3.7/site-packages/airflow/example_dags/example_local_kubernetes_executor.py took 0.528 seconds
[2023-07-05T12:54:11.841+0000] {processor.py:157} INFO - Started process (PID=530) to work on /home/airflow/.local/lib/python3.7/site-packages/airflow/example_dags/example_local_kubernetes_executor.py
[2023-07-05T12:54:11.842+0000] {processor.py:826} INFO - Processing file /home/airflow/.local/lib/python3.7/site-packages/airflow/example_dags/example_local_kubernetes_executor.py for tasks to queue
[2023-07-05T12:54:11.843+0000] {logging_mixin.py:149} INFO - [2023-07-05T12:54:11.843+0000] {dagbag.py:541} INFO - Filling up the DagBag from /home/airflow/.local/lib/python3.7/site-packages/airflow/example_dags/example_local_kubernetes_executor.py
[2023-07-05T12:54:12.218+0000] {processor.py:836} INFO - DAG(s) dict_keys(['example_local_kubernetes_executor']) retrieved from /home/airflow/.local/lib/python3.7/site-packages/airflow/example_dags/example_local_kubernetes_executor.py
[2023-07-05T12:54:12.258+0000] {logging_mixin.py:149} INFO - [2023-07-05T12:54:12.258+0000] {dag.py:2726} INFO - Sync 1 DAGs
[2023-07-05T12:54:12.298+0000] {logging_mixin.py:149} INFO - [2023-07-05T12:54:12.298+0000] {dag.py:3490} INFO - Setting next_dagrun for example_local_kubernetes_executor to None, run_after=None
[2023-07-05T12:54:12.324+0000] {processor.py:179} INFO - Processing /home/airflow/.local/lib/python3.7/site-packages/airflow/example_dags/example_local_kubernetes_executor.py took 0.486 seconds
[2023-07-05T12:54:42.390+0000] {processor.py:157} INFO - Started process (PID=587) to work on /home/airflow/.local/lib/python3.7/site-packages/airflow/example_dags/example_local_kubernetes_executor.py
[2023-07-05T12:54:42.391+0000] {processor.py:826} INFO - Processing file /home/airflow/.local/lib/python3.7/site-packages/airflow/example_dags/example_local_kubernetes_executor.py for tasks to queue
[2023-07-05T12:54:42.393+0000] {logging_mixin.py:149} INFO - [2023-07-05T12:54:42.393+0000] {dagbag.py:541} INFO - Filling up the DagBag from /home/airflow/.local/lib/python3.7/site-packages/airflow/example_dags/example_local_kubernetes_executor.py
[2023-07-05T12:54:42.751+0000] {processor.py:836} INFO - DAG(s) dict_keys(['example_local_kubernetes_executor']) retrieved from /home/airflow/.local/lib/python3.7/site-packages/airflow/example_dags/example_local_kubernetes_executor.py
[2023-07-05T12:54:42.788+0000] {logging_mixin.py:149} INFO - [2023-07-05T12:54:42.788+0000] {dag.py:2726} INFO - Sync 1 DAGs
[2023-07-05T12:54:42.818+0000] {logging_mixin.py:149} INFO - [2023-07-05T12:54:42.818+0000] {dag.py:3490} INFO - Setting next_dagrun for example_local_kubernetes_executor to None, run_after=None
[2023-07-05T12:54:42.845+0000] {processor.py:179} INFO - Processing /home/airflow/.local/lib/python3.7/site-packages/airflow/example_dags/example_local_kubernetes_executor.py took 0.460 seconds
[2023-07-05T12:55:13.612+0000] {processor.py:157} INFO - Started process (PID=644) to work on /home/airflow/.local/lib/python3.7/site-packages/airflow/example_dags/example_local_kubernetes_executor.py
[2023-07-05T12:55:13.617+0000] {processor.py:826} INFO - Processing file /home/airflow/.local/lib/python3.7/site-packages/airflow/example_dags/example_local_kubernetes_executor.py for tasks to queue
[2023-07-05T12:55:13.618+0000] {logging_mixin.py:149} INFO - [2023-07-05T12:55:13.617+0000] {dagbag.py:541} INFO - Filling up the DagBag from /home/airflow/.local/lib/python3.7/site-packages/airflow/example_dags/example_local_kubernetes_executor.py
[2023-07-05T12:55:14.016+0000] {processor.py:836} INFO - DAG(s) dict_keys(['example_local_kubernetes_executor']) retrieved from /home/airflow/.local/lib/python3.7/site-packages/airflow/example_dags/example_local_kubernetes_executor.py
[2023-07-05T12:55:14.079+0000] {logging_mixin.py:149} INFO - [2023-07-05T12:55:14.078+0000] {dag.py:2726} INFO - Sync 1 DAGs
[2023-07-05T12:55:14.116+0000] {logging_mixin.py:149} INFO - [2023-07-05T12:55:14.115+0000] {dag.py:3490} INFO - Setting next_dagrun for example_local_kubernetes_executor to None, run_after=None
[2023-07-05T12:55:14.140+0000] {processor.py:179} INFO - Processing /home/airflow/.local/lib/python3.7/site-packages/airflow/example_dags/example_local_kubernetes_executor.py took 0.531 seconds
[2023-07-05T12:55:45.259+0000] {processor.py:157} INFO - Started process (PID=701) to work on /home/airflow/.local/lib/python3.7/site-packages/airflow/example_dags/example_local_kubernetes_executor.py
[2023-07-05T12:55:45.260+0000] {processor.py:826} INFO - Processing file /home/airflow/.local/lib/python3.7/site-packages/airflow/example_dags/example_local_kubernetes_executor.py for tasks to queue
[2023-07-05T12:55:45.261+0000] {logging_mixin.py:149} INFO - [2023-07-05T12:55:45.261+0000] {dagbag.py:541} INFO - Filling up the DagBag from /home/airflow/.local/lib/python3.7/site-packages/airflow/example_dags/example_local_kubernetes_executor.py
[2023-07-05T12:55:45.637+0000] {processor.py:836} INFO - DAG(s) dict_keys(['example_local_kubernetes_executor']) retrieved from /home/airflow/.local/lib/python3.7/site-packages/airflow/example_dags/example_local_kubernetes_executor.py
[2023-07-05T12:55:45.680+0000] {logging_mixin.py:149} INFO - [2023-07-05T12:55:45.680+0000] {dag.py:2726} INFO - Sync 1 DAGs
[2023-07-05T12:55:45.713+0000] {logging_mixin.py:149} INFO - [2023-07-05T12:55:45.712+0000] {dag.py:3490} INFO - Setting next_dagrun for example_local_kubernetes_executor to None, run_after=None
[2023-07-05T12:55:45.738+0000] {processor.py:179} INFO - Processing /home/airflow/.local/lib/python3.7/site-packages/airflow/example_dags/example_local_kubernetes_executor.py took 0.483 seconds
[2023-07-05T12:56:15.785+0000] {processor.py:157} INFO - Started process (PID=758) to work on /home/airflow/.local/lib/python3.7/site-packages/airflow/example_dags/example_local_kubernetes_executor.py
[2023-07-05T12:56:15.786+0000] {processor.py:826} INFO - Processing file /home/airflow/.local/lib/python3.7/site-packages/airflow/example_dags/example_local_kubernetes_executor.py for tasks to queue
[2023-07-05T12:56:15.786+0000] {logging_mixin.py:149} INFO - [2023-07-05T12:56:15.786+0000] {dagbag.py:541} INFO - Filling up the DagBag from /home/airflow/.local/lib/python3.7/site-packages/airflow/example_dags/example_local_kubernetes_executor.py
[2023-07-05T12:56:16.034+0000] {processor.py:836} INFO - DAG(s) dict_keys(['example_local_kubernetes_executor']) retrieved from /home/airflow/.local/lib/python3.7/site-packages/airflow/example_dags/example_local_kubernetes_executor.py
[2023-07-05T12:56:16.078+0000] {logging_mixin.py:149} INFO - [2023-07-05T12:56:16.077+0000] {dag.py:2726} INFO - Sync 1 DAGs
[2023-07-05T12:56:16.119+0000] {logging_mixin.py:149} INFO - [2023-07-05T12:56:16.119+0000] {dag.py:3490} INFO - Setting next_dagrun for example_local_kubernetes_executor to None, run_after=None
[2023-07-05T12:56:16.211+0000] {processor.py:179} INFO - Processing /home/airflow/.local/lib/python3.7/site-packages/airflow/example_dags/example_local_kubernetes_executor.py took 0.430 seconds
[2023-07-05T12:56:46.261+0000] {processor.py:157} INFO - Started process (PID=814) to work on /home/airflow/.local/lib/python3.7/site-packages/airflow/example_dags/example_local_kubernetes_executor.py
[2023-07-05T12:56:46.262+0000] {processor.py:826} INFO - Processing file /home/airflow/.local/lib/python3.7/site-packages/airflow/example_dags/example_local_kubernetes_executor.py for tasks to queue
[2023-07-05T12:56:46.264+0000] {logging_mixin.py:149} INFO - [2023-07-05T12:56:46.263+0000] {dagbag.py:541} INFO - Filling up the DagBag from /home/airflow/.local/lib/python3.7/site-packages/airflow/example_dags/example_local_kubernetes_executor.py
[2023-07-05T12:56:46.503+0000] {processor.py:836} INFO - DAG(s) dict_keys(['example_local_kubernetes_executor']) retrieved from /home/airflow/.local/lib/python3.7/site-packages/airflow/example_dags/example_local_kubernetes_executor.py
[2023-07-05T12:56:46.548+0000] {logging_mixin.py:149} INFO - [2023-07-05T12:56:46.548+0000] {dag.py:2726} INFO - Sync 1 DAGs
[2023-07-05T12:56:46.581+0000] {logging_mixin.py:149} INFO - [2023-07-05T12:56:46.581+0000] {dag.py:3490} INFO - Setting next_dagrun for example_local_kubernetes_executor to None, run_after=None
[2023-07-05T12:56:46.606+0000] {processor.py:179} INFO - Processing /home/airflow/.local/lib/python3.7/site-packages/airflow/example_dags/example_local_kubernetes_executor.py took 0.350 seconds
[2023-07-05T12:57:16.895+0000] {processor.py:157} INFO - Started process (PID=877) to work on /home/airflow/.local/lib/python3.7/site-packages/airflow/example_dags/example_local_kubernetes_executor.py
[2023-07-05T12:57:16.897+0000] {processor.py:826} INFO - Processing file /home/airflow/.local/lib/python3.7/site-packages/airflow/example_dags/example_local_kubernetes_executor.py for tasks to queue
[2023-07-05T12:57:16.898+0000] {logging_mixin.py:149} INFO - [2023-07-05T12:57:16.898+0000] {dagbag.py:541} INFO - Filling up the DagBag from /home/airflow/.local/lib/python3.7/site-packages/airflow/example_dags/example_local_kubernetes_executor.py
[2023-07-05T12:57:17.118+0000] {processor.py:836} INFO - DAG(s) dict_keys(['example_local_kubernetes_executor']) retrieved from /home/airflow/.local/lib/python3.7/site-packages/airflow/example_dags/example_local_kubernetes_executor.py
[2023-07-05T12:57:17.174+0000] {logging_mixin.py:149} INFO - [2023-07-05T12:57:17.174+0000] {dag.py:2726} INFO - Sync 1 DAGs
[2023-07-05T12:57:17.212+0000] {logging_mixin.py:149} INFO - [2023-07-05T12:57:17.212+0000] {dag.py:3490} INFO - Setting next_dagrun for example_local_kubernetes_executor to None, run_after=None
[2023-07-05T12:57:17.248+0000] {processor.py:179} INFO - Processing /home/airflow/.local/lib/python3.7/site-packages/airflow/example_dags/example_local_kubernetes_executor.py took 0.357 seconds
[2023-07-05T12:57:47.899+0000] {processor.py:157} INFO - Started process (PID=932) to work on /home/airflow/.local/lib/python3.7/site-packages/airflow/example_dags/example_local_kubernetes_executor.py
[2023-07-05T12:57:47.901+0000] {processor.py:826} INFO - Processing file /home/airflow/.local/lib/python3.7/site-packages/airflow/example_dags/example_local_kubernetes_executor.py for tasks to queue
[2023-07-05T12:57:47.902+0000] {logging_mixin.py:149} INFO - [2023-07-05T12:57:47.902+0000] {dagbag.py:541} INFO - Filling up the DagBag from /home/airflow/.local/lib/python3.7/site-packages/airflow/example_dags/example_local_kubernetes_executor.py
[2023-07-05T12:57:48.130+0000] {processor.py:836} INFO - DAG(s) dict_keys(['example_local_kubernetes_executor']) retrieved from /home/airflow/.local/lib/python3.7/site-packages/airflow/example_dags/example_local_kubernetes_executor.py
[2023-07-05T12:57:48.177+0000] {logging_mixin.py:149} INFO - [2023-07-05T12:57:48.177+0000] {dag.py:2726} INFO - Sync 1 DAGs
[2023-07-05T12:57:48.213+0000] {logging_mixin.py:149} INFO - [2023-07-05T12:57:48.213+0000] {dag.py:3490} INFO - Setting next_dagrun for example_local_kubernetes_executor to None, run_after=None
[2023-07-05T12:57:48.242+0000] {processor.py:179} INFO - Processing /home/airflow/.local/lib/python3.7/site-packages/airflow/example_dags/example_local_kubernetes_executor.py took 0.347 seconds
[2023-07-05T12:58:18.305+0000] {processor.py:157} INFO - Started process (PID=989) to work on /home/airflow/.local/lib/python3.7/site-packages/airflow/example_dags/example_local_kubernetes_executor.py
[2023-07-05T12:58:18.307+0000] {processor.py:826} INFO - Processing file /home/airflow/.local/lib/python3.7/site-packages/airflow/example_dags/example_local_kubernetes_executor.py for tasks to queue
[2023-07-05T12:58:18.308+0000] {logging_mixin.py:149} INFO - [2023-07-05T12:58:18.308+0000] {dagbag.py:541} INFO - Filling up the DagBag from /home/airflow/.local/lib/python3.7/site-packages/airflow/example_dags/example_local_kubernetes_executor.py
[2023-07-05T12:58:18.555+0000] {processor.py:836} INFO - DAG(s) dict_keys(['example_local_kubernetes_executor']) retrieved from /home/airflow/.local/lib/python3.7/site-packages/airflow/example_dags/example_local_kubernetes_executor.py
[2023-07-05T12:58:18.606+0000] {logging_mixin.py:149} INFO - [2023-07-05T12:58:18.606+0000] {dag.py:2726} INFO - Sync 1 DAGs
[2023-07-05T12:58:18.650+0000] {logging_mixin.py:149} INFO - [2023-07-05T12:58:18.650+0000] {dag.py:3490} INFO - Setting next_dagrun for example_local_kubernetes_executor to None, run_after=None
[2023-07-05T12:58:18.687+0000] {processor.py:179} INFO - Processing /home/airflow/.local/lib/python3.7/site-packages/airflow/example_dags/example_local_kubernetes_executor.py took 0.386 seconds
[2023-07-05T12:58:48.807+0000] {processor.py:157} INFO - Started process (PID=1045) to work on /home/airflow/.local/lib/python3.7/site-packages/airflow/example_dags/example_local_kubernetes_executor.py
[2023-07-05T12:58:48.809+0000] {processor.py:826} INFO - Processing file /home/airflow/.local/lib/python3.7/site-packages/airflow/example_dags/example_local_kubernetes_executor.py for tasks to queue
[2023-07-05T12:58:48.809+0000] {logging_mixin.py:149} INFO - [2023-07-05T12:58:48.809+0000] {dagbag.py:541} INFO - Filling up the DagBag from /home/airflow/.local/lib/python3.7/site-packages/airflow/example_dags/example_local_kubernetes_executor.py
[2023-07-05T12:58:49.018+0000] {processor.py:836} INFO - DAG(s) dict_keys(['example_local_kubernetes_executor']) retrieved from /home/airflow/.local/lib/python3.7/site-packages/airflow/example_dags/example_local_kubernetes_executor.py
[2023-07-05T12:58:49.069+0000] {logging_mixin.py:149} INFO - [2023-07-05T12:58:49.068+0000] {dag.py:2726} INFO - Sync 1 DAGs
[2023-07-05T12:58:49.105+0000] {logging_mixin.py:149} INFO - [2023-07-05T12:58:49.105+0000] {dag.py:3490} INFO - Setting next_dagrun for example_local_kubernetes_executor to None, run_after=None
[2023-07-05T12:58:49.144+0000] {processor.py:179} INFO - Processing /home/airflow/.local/lib/python3.7/site-packages/airflow/example_dags/example_local_kubernetes_executor.py took 0.340 seconds
[2023-07-05T12:59:19.389+0000] {processor.py:157} INFO - Started process (PID=1102) to work on /home/airflow/.local/lib/python3.7/site-packages/airflow/example_dags/example_local_kubernetes_executor.py
[2023-07-05T12:59:19.390+0000] {processor.py:826} INFO - Processing file /home/airflow/.local/lib/python3.7/site-packages/airflow/example_dags/example_local_kubernetes_executor.py for tasks to queue
[2023-07-05T12:59:19.391+0000] {logging_mixin.py:149} INFO - [2023-07-05T12:59:19.391+0000] {dagbag.py:541} INFO - Filling up the DagBag from /home/airflow/.local/lib/python3.7/site-packages/airflow/example_dags/example_local_kubernetes_executor.py
[2023-07-05T12:59:19.681+0000] {processor.py:836} INFO - DAG(s) dict_keys(['example_local_kubernetes_executor']) retrieved from /home/airflow/.local/lib/python3.7/site-packages/airflow/example_dags/example_local_kubernetes_executor.py
[2023-07-05T12:59:19.744+0000] {logging_mixin.py:149} INFO - [2023-07-05T12:59:19.744+0000] {dag.py:2726} INFO - Sync 1 DAGs
[2023-07-05T12:59:19.793+0000] {logging_mixin.py:149} INFO - [2023-07-05T12:59:19.793+0000] {dag.py:3490} INFO - Setting next_dagrun for example_local_kubernetes_executor to None, run_after=None
[2023-07-05T12:59:19.826+0000] {processor.py:179} INFO - Processing /home/airflow/.local/lib/python3.7/site-packages/airflow/example_dags/example_local_kubernetes_executor.py took 0.441 seconds
[2023-07-05T12:59:50.043+0000] {processor.py:157} INFO - Started process (PID=1159) to work on /home/airflow/.local/lib/python3.7/site-packages/airflow/example_dags/example_local_kubernetes_executor.py
[2023-07-05T12:59:50.046+0000] {processor.py:826} INFO - Processing file /home/airflow/.local/lib/python3.7/site-packages/airflow/example_dags/example_local_kubernetes_executor.py for tasks to queue
[2023-07-05T12:59:50.047+0000] {logging_mixin.py:149} INFO - [2023-07-05T12:59:50.047+0000] {dagbag.py:541} INFO - Filling up the DagBag from /home/airflow/.local/lib/python3.7/site-packages/airflow/example_dags/example_local_kubernetes_executor.py
[2023-07-05T12:59:50.329+0000] {processor.py:836} INFO - DAG(s) dict_keys(['example_local_kubernetes_executor']) retrieved from /home/airflow/.local/lib/python3.7/site-packages/airflow/example_dags/example_local_kubernetes_executor.py
[2023-07-05T12:59:50.412+0000] {logging_mixin.py:149} INFO - [2023-07-05T12:59:50.412+0000] {dag.py:2726} INFO - Sync 1 DAGs
[2023-07-05T12:59:50.452+0000] {logging_mixin.py:149} INFO - [2023-07-05T12:59:50.452+0000] {dag.py:3490} INFO - Setting next_dagrun for example_local_kubernetes_executor to None, run_after=None
[2023-07-05T12:59:50.486+0000] {processor.py:179} INFO - Processing /home/airflow/.local/lib/python3.7/site-packages/airflow/example_dags/example_local_kubernetes_executor.py took 0.452 seconds
[2023-07-05T13:00:20.842+0000] {processor.py:157} INFO - Started process (PID=1216) to work on /home/airflow/.local/lib/python3.7/site-packages/airflow/example_dags/example_local_kubernetes_executor.py
[2023-07-05T13:00:20.843+0000] {processor.py:826} INFO - Processing file /home/airflow/.local/lib/python3.7/site-packages/airflow/example_dags/example_local_kubernetes_executor.py for tasks to queue
[2023-07-05T13:00:20.844+0000] {logging_mixin.py:149} INFO - [2023-07-05T13:00:20.844+0000] {dagbag.py:541} INFO - Filling up the DagBag from /home/airflow/.local/lib/python3.7/site-packages/airflow/example_dags/example_local_kubernetes_executor.py
[2023-07-05T13:00:21.102+0000] {processor.py:836} INFO - DAG(s) dict_keys(['example_local_kubernetes_executor']) retrieved from /home/airflow/.local/lib/python3.7/site-packages/airflow/example_dags/example_local_kubernetes_executor.py
[2023-07-05T13:00:21.164+0000] {logging_mixin.py:149} INFO - [2023-07-05T13:00:21.164+0000] {dag.py:2726} INFO - Sync 1 DAGs
[2023-07-05T13:00:21.210+0000] {logging_mixin.py:149} INFO - [2023-07-05T13:00:21.210+0000] {dag.py:3490} INFO - Setting next_dagrun for example_local_kubernetes_executor to None, run_after=None
[2023-07-05T13:00:21.258+0000] {processor.py:179} INFO - Processing /home/airflow/.local/lib/python3.7/site-packages/airflow/example_dags/example_local_kubernetes_executor.py took 0.421 seconds
[2023-07-05T13:00:51.365+0000] {processor.py:157} INFO - Started process (PID=1273) to work on /home/airflow/.local/lib/python3.7/site-packages/airflow/example_dags/example_local_kubernetes_executor.py
[2023-07-05T13:00:51.366+0000] {processor.py:826} INFO - Processing file /home/airflow/.local/lib/python3.7/site-packages/airflow/example_dags/example_local_kubernetes_executor.py for tasks to queue
[2023-07-05T13:00:51.367+0000] {logging_mixin.py:149} INFO - [2023-07-05T13:00:51.367+0000] {dagbag.py:541} INFO - Filling up the DagBag from /home/airflow/.local/lib/python3.7/site-packages/airflow/example_dags/example_local_kubernetes_executor.py
[2023-07-05T13:00:51.618+0000] {processor.py:836} INFO - DAG(s) dict_keys(['example_local_kubernetes_executor']) retrieved from /home/airflow/.local/lib/python3.7/site-packages/airflow/example_dags/example_local_kubernetes_executor.py
[2023-07-05T13:00:51.672+0000] {logging_mixin.py:149} INFO - [2023-07-05T13:00:51.671+0000] {dag.py:2726} INFO - Sync 1 DAGs
[2023-07-05T13:00:51.714+0000] {logging_mixin.py:149} INFO - [2023-07-05T13:00:51.714+0000] {dag.py:3490} INFO - Setting next_dagrun for example_local_kubernetes_executor to None, run_after=None
[2023-07-05T13:00:51.745+0000] {processor.py:179} INFO - Processing /home/airflow/.local/lib/python3.7/site-packages/airflow/example_dags/example_local_kubernetes_executor.py took 0.383 seconds
[2023-07-05T13:01:22.634+0000] {processor.py:157} INFO - Started process (PID=1331) to work on /home/airflow/.local/lib/python3.7/site-packages/airflow/example_dags/example_local_kubernetes_executor.py
[2023-07-05T13:01:22.636+0000] {processor.py:826} INFO - Processing file /home/airflow/.local/lib/python3.7/site-packages/airflow/example_dags/example_local_kubernetes_executor.py for tasks to queue
[2023-07-05T13:01:22.638+0000] {logging_mixin.py:149} INFO - [2023-07-05T13:01:22.637+0000] {dagbag.py:541} INFO - Filling up the DagBag from /home/airflow/.local/lib/python3.7/site-packages/airflow/example_dags/example_local_kubernetes_executor.py
[2023-07-05T13:01:22.885+0000] {processor.py:836} INFO - DAG(s) dict_keys(['example_local_kubernetes_executor']) retrieved from /home/airflow/.local/lib/python3.7/site-packages/airflow/example_dags/example_local_kubernetes_executor.py
[2023-07-05T13:01:22.928+0000] {logging_mixin.py:149} INFO - [2023-07-05T13:01:22.928+0000] {dag.py:2726} INFO - Sync 1 DAGs
[2023-07-05T13:01:22.966+0000] {logging_mixin.py:149} INFO - [2023-07-05T13:01:22.966+0000] {dag.py:3490} INFO - Setting next_dagrun for example_local_kubernetes_executor to None, run_after=None
[2023-07-05T13:01:23.002+0000] {processor.py:179} INFO - Processing /home/airflow/.local/lib/python3.7/site-packages/airflow/example_dags/example_local_kubernetes_executor.py took 0.373 seconds
[2023-07-05T13:01:53.729+0000] {processor.py:157} INFO - Started process (PID=1388) to work on /home/airflow/.local/lib/python3.7/site-packages/airflow/example_dags/example_local_kubernetes_executor.py
[2023-07-05T13:01:53.731+0000] {processor.py:826} INFO - Processing file /home/airflow/.local/lib/python3.7/site-packages/airflow/example_dags/example_local_kubernetes_executor.py for tasks to queue
[2023-07-05T13:01:53.731+0000] {logging_mixin.py:149} INFO - [2023-07-05T13:01:53.731+0000] {dagbag.py:541} INFO - Filling up the DagBag from /home/airflow/.local/lib/python3.7/site-packages/airflow/example_dags/example_local_kubernetes_executor.py
[2023-07-05T13:01:53.986+0000] {processor.py:836} INFO - DAG(s) dict_keys(['example_local_kubernetes_executor']) retrieved from /home/airflow/.local/lib/python3.7/site-packages/airflow/example_dags/example_local_kubernetes_executor.py
[2023-07-05T13:01:54.050+0000] {logging_mixin.py:149} INFO - [2023-07-05T13:01:54.049+0000] {dag.py:2726} INFO - Sync 1 DAGs
[2023-07-05T13:01:54.093+0000] {logging_mixin.py:149} INFO - [2023-07-05T13:01:54.092+0000] {dag.py:3490} INFO - Setting next_dagrun for example_local_kubernetes_executor to None, run_after=None
[2023-07-05T13:01:54.120+0000] {processor.py:179} INFO - Processing /home/airflow/.local/lib/python3.7/site-packages/airflow/example_dags/example_local_kubernetes_executor.py took 0.399 seconds
[2023-07-05T13:02:24.997+0000] {processor.py:157} INFO - Started process (PID=1445) to work on /home/airflow/.local/lib/python3.7/site-packages/airflow/example_dags/example_local_kubernetes_executor.py
[2023-07-05T13:02:24.999+0000] {processor.py:826} INFO - Processing file /home/airflow/.local/lib/python3.7/site-packages/airflow/example_dags/example_local_kubernetes_executor.py for tasks to queue
[2023-07-05T13:02:25.000+0000] {logging_mixin.py:149} INFO - [2023-07-05T13:02:25.000+0000] {dagbag.py:541} INFO - Filling up the DagBag from /home/airflow/.local/lib/python3.7/site-packages/airflow/example_dags/example_local_kubernetes_executor.py
[2023-07-05T13:02:25.263+0000] {processor.py:836} INFO - DAG(s) dict_keys(['example_local_kubernetes_executor']) retrieved from /home/airflow/.local/lib/python3.7/site-packages/airflow/example_dags/example_local_kubernetes_executor.py
[2023-07-05T13:02:25.307+0000] {logging_mixin.py:149} INFO - [2023-07-05T13:02:25.306+0000] {dag.py:2726} INFO - Sync 1 DAGs
[2023-07-05T13:02:25.346+0000] {logging_mixin.py:149} INFO - [2023-07-05T13:02:25.346+0000] {dag.py:3490} INFO - Setting next_dagrun for example_local_kubernetes_executor to None, run_after=None
[2023-07-05T13:02:25.368+0000] {processor.py:179} INFO - Processing /home/airflow/.local/lib/python3.7/site-packages/airflow/example_dags/example_local_kubernetes_executor.py took 0.375 seconds
[2023-07-05T13:02:56.166+0000] {processor.py:157} INFO - Started process (PID=1502) to work on /home/airflow/.local/lib/python3.7/site-packages/airflow/example_dags/example_local_kubernetes_executor.py
[2023-07-05T13:02:56.168+0000] {processor.py:826} INFO - Processing file /home/airflow/.local/lib/python3.7/site-packages/airflow/example_dags/example_local_kubernetes_executor.py for tasks to queue
[2023-07-05T13:02:56.169+0000] {logging_mixin.py:149} INFO - [2023-07-05T13:02:56.169+0000] {dagbag.py:541} INFO - Filling up the DagBag from /home/airflow/.local/lib/python3.7/site-packages/airflow/example_dags/example_local_kubernetes_executor.py
[2023-07-05T13:02:56.424+0000] {processor.py:836} INFO - DAG(s) dict_keys(['example_local_kubernetes_executor']) retrieved from /home/airflow/.local/lib/python3.7/site-packages/airflow/example_dags/example_local_kubernetes_executor.py
[2023-07-05T13:02:56.483+0000] {logging_mixin.py:149} INFO - [2023-07-05T13:02:56.482+0000] {dag.py:2726} INFO - Sync 1 DAGs
[2023-07-05T13:02:56.523+0000] {logging_mixin.py:149} INFO - [2023-07-05T13:02:56.523+0000] {dag.py:3490} INFO - Setting next_dagrun for example_local_kubernetes_executor to None, run_after=None
[2023-07-05T13:02:56.550+0000] {processor.py:179} INFO - Processing /home/airflow/.local/lib/python3.7/site-packages/airflow/example_dags/example_local_kubernetes_executor.py took 0.388 seconds
[2023-07-05T13:03:26.651+0000] {processor.py:157} INFO - Started process (PID=1559) to work on /home/airflow/.local/lib/python3.7/site-packages/airflow/example_dags/example_local_kubernetes_executor.py
[2023-07-05T13:03:26.653+0000] {processor.py:826} INFO - Processing file /home/airflow/.local/lib/python3.7/site-packages/airflow/example_dags/example_local_kubernetes_executor.py for tasks to queue
[2023-07-05T13:03:26.654+0000] {logging_mixin.py:149} INFO - [2023-07-05T13:03:26.654+0000] {dagbag.py:541} INFO - Filling up the DagBag from /home/airflow/.local/lib/python3.7/site-packages/airflow/example_dags/example_local_kubernetes_executor.py
[2023-07-05T13:03:26.937+0000] {processor.py:836} INFO - DAG(s) dict_keys(['example_local_kubernetes_executor']) retrieved from /home/airflow/.local/lib/python3.7/site-packages/airflow/example_dags/example_local_kubernetes_executor.py
[2023-07-05T13:03:26.996+0000] {logging_mixin.py:149} INFO - [2023-07-05T13:03:26.996+0000] {dag.py:2726} INFO - Sync 1 DAGs
[2023-07-05T13:03:27.037+0000] {logging_mixin.py:149} INFO - [2023-07-05T13:03:27.037+0000] {dag.py:3490} INFO - Setting next_dagrun for example_local_kubernetes_executor to None, run_after=None
[2023-07-05T13:03:27.075+0000] {processor.py:179} INFO - Processing /home/airflow/.local/lib/python3.7/site-packages/airflow/example_dags/example_local_kubernetes_executor.py took 0.428 seconds
[2023-07-05T13:03:57.940+0000] {processor.py:157} INFO - Started process (PID=1616) to work on /home/airflow/.local/lib/python3.7/site-packages/airflow/example_dags/example_local_kubernetes_executor.py
[2023-07-05T13:03:57.942+0000] {processor.py:826} INFO - Processing file /home/airflow/.local/lib/python3.7/site-packages/airflow/example_dags/example_local_kubernetes_executor.py for tasks to queue
[2023-07-05T13:03:57.943+0000] {logging_mixin.py:149} INFO - [2023-07-05T13:03:57.943+0000] {dagbag.py:541} INFO - Filling up the DagBag from /home/airflow/.local/lib/python3.7/site-packages/airflow/example_dags/example_local_kubernetes_executor.py
[2023-07-05T13:03:58.190+0000] {processor.py:836} INFO - DAG(s) dict_keys(['example_local_kubernetes_executor']) retrieved from /home/airflow/.local/lib/python3.7/site-packages/airflow/example_dags/example_local_kubernetes_executor.py
[2023-07-05T13:03:58.271+0000] {logging_mixin.py:149} INFO - [2023-07-05T13:03:58.270+0000] {dag.py:2726} INFO - Sync 1 DAGs
[2023-07-05T13:03:58.315+0000] {logging_mixin.py:149} INFO - [2023-07-05T13:03:58.315+0000] {dag.py:3490} INFO - Setting next_dagrun for example_local_kubernetes_executor to None, run_after=None
[2023-07-05T13:03:58.347+0000] {processor.py:179} INFO - Processing /home/airflow/.local/lib/python3.7/site-packages/airflow/example_dags/example_local_kubernetes_executor.py took 0.410 seconds
[2023-07-05T13:04:28.516+0000] {processor.py:157} INFO - Started process (PID=1672) to work on /home/airflow/.local/lib/python3.7/site-packages/airflow/example_dags/example_local_kubernetes_executor.py
[2023-07-05T13:04:28.516+0000] {processor.py:826} INFO - Processing file /home/airflow/.local/lib/python3.7/site-packages/airflow/example_dags/example_local_kubernetes_executor.py for tasks to queue
[2023-07-05T13:04:28.517+0000] {logging_mixin.py:149} INFO - [2023-07-05T13:04:28.517+0000] {dagbag.py:541} INFO - Filling up the DagBag from /home/airflow/.local/lib/python3.7/site-packages/airflow/example_dags/example_local_kubernetes_executor.py
[2023-07-05T13:04:28.744+0000] {processor.py:836} INFO - DAG(s) dict_keys(['example_local_kubernetes_executor']) retrieved from /home/airflow/.local/lib/python3.7/site-packages/airflow/example_dags/example_local_kubernetes_executor.py
[2023-07-05T13:04:28.809+0000] {logging_mixin.py:149} INFO - [2023-07-05T13:04:28.809+0000] {dag.py:2726} INFO - Sync 1 DAGs
[2023-07-05T13:04:28.852+0000] {logging_mixin.py:149} INFO - [2023-07-05T13:04:28.852+0000] {dag.py:3490} INFO - Setting next_dagrun for example_local_kubernetes_executor to None, run_after=None
[2023-07-05T13:04:28.910+0000] {processor.py:179} INFO - Processing /home/airflow/.local/lib/python3.7/site-packages/airflow/example_dags/example_local_kubernetes_executor.py took 0.398 seconds
[2023-07-05T13:04:59.733+0000] {processor.py:157} INFO - Started process (PID=1729) to work on /home/airflow/.local/lib/python3.7/site-packages/airflow/example_dags/example_local_kubernetes_executor.py
[2023-07-05T13:04:59.734+0000] {processor.py:826} INFO - Processing file /home/airflow/.local/lib/python3.7/site-packages/airflow/example_dags/example_local_kubernetes_executor.py for tasks to queue
[2023-07-05T13:04:59.735+0000] {logging_mixin.py:149} INFO - [2023-07-05T13:04:59.735+0000] {dagbag.py:541} INFO - Filling up the DagBag from /home/airflow/.local/lib/python3.7/site-packages/airflow/example_dags/example_local_kubernetes_executor.py
[2023-07-05T13:04:59.957+0000] {processor.py:836} INFO - DAG(s) dict_keys(['example_local_kubernetes_executor']) retrieved from /home/airflow/.local/lib/python3.7/site-packages/airflow/example_dags/example_local_kubernetes_executor.py
[2023-07-05T13:05:00.011+0000] {logging_mixin.py:149} INFO - [2023-07-05T13:05:00.010+0000] {dag.py:2726} INFO - Sync 1 DAGs
[2023-07-05T13:05:00.048+0000] {logging_mixin.py:149} INFO - [2023-07-05T13:05:00.048+0000] {dag.py:3490} INFO - Setting next_dagrun for example_local_kubernetes_executor to None, run_after=None
[2023-07-05T13:05:00.101+0000] {processor.py:179} INFO - Processing /home/airflow/.local/lib/python3.7/site-packages/airflow/example_dags/example_local_kubernetes_executor.py took 0.372 seconds
[2023-07-05T13:05:30.951+0000] {processor.py:157} INFO - Started process (PID=1787) to work on /home/airflow/.local/lib/python3.7/site-packages/airflow/example_dags/example_local_kubernetes_executor.py
[2023-07-05T13:05:30.952+0000] {processor.py:826} INFO - Processing file /home/airflow/.local/lib/python3.7/site-packages/airflow/example_dags/example_local_kubernetes_executor.py for tasks to queue
[2023-07-05T13:05:30.953+0000] {logging_mixin.py:149} INFO - [2023-07-05T13:05:30.953+0000] {dagbag.py:541} INFO - Filling up the DagBag from /home/airflow/.local/lib/python3.7/site-packages/airflow/example_dags/example_local_kubernetes_executor.py
[2023-07-05T13:05:31.182+0000] {processor.py:836} INFO - DAG(s) dict_keys(['example_local_kubernetes_executor']) retrieved from /home/airflow/.local/lib/python3.7/site-packages/airflow/example_dags/example_local_kubernetes_executor.py
[2023-07-05T13:05:31.245+0000] {logging_mixin.py:149} INFO - [2023-07-05T13:05:31.245+0000] {dag.py:2726} INFO - Sync 1 DAGs
[2023-07-05T13:05:31.290+0000] {logging_mixin.py:149} INFO - [2023-07-05T13:05:31.290+0000] {dag.py:3490} INFO - Setting next_dagrun for example_local_kubernetes_executor to None, run_after=None
[2023-07-05T13:05:31.315+0000] {processor.py:179} INFO - Processing /home/airflow/.local/lib/python3.7/site-packages/airflow/example_dags/example_local_kubernetes_executor.py took 0.368 seconds
[2023-07-05T13:06:01.368+0000] {processor.py:157} INFO - Started process (PID=1844) to work on /home/airflow/.local/lib/python3.7/site-packages/airflow/example_dags/example_local_kubernetes_executor.py
[2023-07-05T13:06:01.369+0000] {processor.py:826} INFO - Processing file /home/airflow/.local/lib/python3.7/site-packages/airflow/example_dags/example_local_kubernetes_executor.py for tasks to queue
[2023-07-05T13:06:01.370+0000] {logging_mixin.py:149} INFO - [2023-07-05T13:06:01.370+0000] {dagbag.py:541} INFO - Filling up the DagBag from /home/airflow/.local/lib/python3.7/site-packages/airflow/example_dags/example_local_kubernetes_executor.py
[2023-07-05T13:06:01.699+0000] {processor.py:836} INFO - DAG(s) dict_keys(['example_local_kubernetes_executor']) retrieved from /home/airflow/.local/lib/python3.7/site-packages/airflow/example_dags/example_local_kubernetes_executor.py
[2023-07-05T13:06:01.766+0000] {logging_mixin.py:149} INFO - [2023-07-05T13:06:01.766+0000] {dag.py:2726} INFO - Sync 1 DAGs
[2023-07-05T13:06:01.814+0000] {logging_mixin.py:149} INFO - [2023-07-05T13:06:01.814+0000] {dag.py:3490} INFO - Setting next_dagrun for example_local_kubernetes_executor to None, run_after=None
[2023-07-05T13:06:01.864+0000] {processor.py:179} INFO - Processing /home/airflow/.local/lib/python3.7/site-packages/airflow/example_dags/example_local_kubernetes_executor.py took 0.500 seconds
[2023-07-05T13:06:32.183+0000] {processor.py:157} INFO - Started process (PID=1901) to work on /home/airflow/.local/lib/python3.7/site-packages/airflow/example_dags/example_local_kubernetes_executor.py
[2023-07-05T13:06:32.185+0000] {processor.py:826} INFO - Processing file /home/airflow/.local/lib/python3.7/site-packages/airflow/example_dags/example_local_kubernetes_executor.py for tasks to queue
[2023-07-05T13:06:32.187+0000] {logging_mixin.py:149} INFO - [2023-07-05T13:06:32.187+0000] {dagbag.py:541} INFO - Filling up the DagBag from /home/airflow/.local/lib/python3.7/site-packages/airflow/example_dags/example_local_kubernetes_executor.py
[2023-07-05T13:06:32.442+0000] {processor.py:836} INFO - DAG(s) dict_keys(['example_local_kubernetes_executor']) retrieved from /home/airflow/.local/lib/python3.7/site-packages/airflow/example_dags/example_local_kubernetes_executor.py
[2023-07-05T13:06:32.504+0000] {logging_mixin.py:149} INFO - [2023-07-05T13:06:32.503+0000] {dag.py:2726} INFO - Sync 1 DAGs
[2023-07-05T13:06:32.548+0000] {logging_mixin.py:149} INFO - [2023-07-05T13:06:32.548+0000] {dag.py:3490} INFO - Setting next_dagrun for example_local_kubernetes_executor to None, run_after=None
[2023-07-05T13:06:32.581+0000] {processor.py:179} INFO - Processing /home/airflow/.local/lib/python3.7/site-packages/airflow/example_dags/example_local_kubernetes_executor.py took 0.403 seconds
[2023-07-05T13:07:03.281+0000] {processor.py:157} INFO - Started process (PID=1958) to work on /home/airflow/.local/lib/python3.7/site-packages/airflow/example_dags/example_local_kubernetes_executor.py
[2023-07-05T13:07:03.283+0000] {processor.py:826} INFO - Processing file /home/airflow/.local/lib/python3.7/site-packages/airflow/example_dags/example_local_kubernetes_executor.py for tasks to queue
[2023-07-05T13:07:03.284+0000] {logging_mixin.py:149} INFO - [2023-07-05T13:07:03.284+0000] {dagbag.py:541} INFO - Filling up the DagBag from /home/airflow/.local/lib/python3.7/site-packages/airflow/example_dags/example_local_kubernetes_executor.py
[2023-07-05T13:07:03.516+0000] {processor.py:836} INFO - DAG(s) dict_keys(['example_local_kubernetes_executor']) retrieved from /home/airflow/.local/lib/python3.7/site-packages/airflow/example_dags/example_local_kubernetes_executor.py
[2023-07-05T13:07:03.571+0000] {logging_mixin.py:149} INFO - [2023-07-05T13:07:03.571+0000] {dag.py:2726} INFO - Sync 1 DAGs
[2023-07-05T13:07:03.607+0000] {logging_mixin.py:149} INFO - [2023-07-05T13:07:03.607+0000] {dag.py:3490} INFO - Setting next_dagrun for example_local_kubernetes_executor to None, run_after=None
[2023-07-05T13:07:03.640+0000] {processor.py:179} INFO - Processing /home/airflow/.local/lib/python3.7/site-packages/airflow/example_dags/example_local_kubernetes_executor.py took 0.363 seconds
[2023-07-05T13:07:34.572+0000] {processor.py:157} INFO - Started process (PID=2015) to work on /home/airflow/.local/lib/python3.7/site-packages/airflow/example_dags/example_local_kubernetes_executor.py
[2023-07-05T13:07:34.574+0000] {processor.py:826} INFO - Processing file /home/airflow/.local/lib/python3.7/site-packages/airflow/example_dags/example_local_kubernetes_executor.py for tasks to queue
[2023-07-05T13:07:34.575+0000] {logging_mixin.py:149} INFO - [2023-07-05T13:07:34.574+0000] {dagbag.py:541} INFO - Filling up the DagBag from /home/airflow/.local/lib/python3.7/site-packages/airflow/example_dags/example_local_kubernetes_executor.py
[2023-07-05T13:07:34.803+0000] {processor.py:836} INFO - DAG(s) dict_keys(['example_local_kubernetes_executor']) retrieved from /home/airflow/.local/lib/python3.7/site-packages/airflow/example_dags/example_local_kubernetes_executor.py
[2023-07-05T13:07:34.861+0000] {logging_mixin.py:149} INFO - [2023-07-05T13:07:34.860+0000] {dag.py:2726} INFO - Sync 1 DAGs
[2023-07-05T13:07:34.894+0000] {logging_mixin.py:149} INFO - [2023-07-05T13:07:34.894+0000] {dag.py:3490} INFO - Setting next_dagrun for example_local_kubernetes_executor to None, run_after=None
[2023-07-05T13:07:34.916+0000] {processor.py:179} INFO - Processing /home/airflow/.local/lib/python3.7/site-packages/airflow/example_dags/example_local_kubernetes_executor.py took 0.348 seconds
[2023-07-05T13:08:05.893+0000] {processor.py:157} INFO - Started process (PID=2071) to work on /home/airflow/.local/lib/python3.7/site-packages/airflow/example_dags/example_local_kubernetes_executor.py
[2023-07-05T13:08:05.894+0000] {processor.py:826} INFO - Processing file /home/airflow/.local/lib/python3.7/site-packages/airflow/example_dags/example_local_kubernetes_executor.py for tasks to queue
[2023-07-05T13:08:05.895+0000] {logging_mixin.py:149} INFO - [2023-07-05T13:08:05.895+0000] {dagbag.py:541} INFO - Filling up the DagBag from /home/airflow/.local/lib/python3.7/site-packages/airflow/example_dags/example_local_kubernetes_executor.py
[2023-07-05T13:08:06.133+0000] {processor.py:836} INFO - DAG(s) dict_keys(['example_local_kubernetes_executor']) retrieved from /home/airflow/.local/lib/python3.7/site-packages/airflow/example_dags/example_local_kubernetes_executor.py
[2023-07-05T13:08:06.189+0000] {logging_mixin.py:149} INFO - [2023-07-05T13:08:06.189+0000] {dag.py:2726} INFO - Sync 1 DAGs
[2023-07-05T13:08:06.232+0000] {logging_mixin.py:149} INFO - [2023-07-05T13:08:06.232+0000] {dag.py:3490} INFO - Setting next_dagrun for example_local_kubernetes_executor to None, run_after=None
[2023-07-05T13:08:06.264+0000] {processor.py:179} INFO - Processing /home/airflow/.local/lib/python3.7/site-packages/airflow/example_dags/example_local_kubernetes_executor.py took 0.376 seconds
[2023-07-05T13:08:37.012+0000] {processor.py:157} INFO - Started process (PID=2128) to work on /home/airflow/.local/lib/python3.7/site-packages/airflow/example_dags/example_local_kubernetes_executor.py
[2023-07-05T13:08:37.014+0000] {processor.py:826} INFO - Processing file /home/airflow/.local/lib/python3.7/site-packages/airflow/example_dags/example_local_kubernetes_executor.py for tasks to queue
[2023-07-05T13:08:37.016+0000] {logging_mixin.py:149} INFO - [2023-07-05T13:08:37.015+0000] {dagbag.py:541} INFO - Filling up the DagBag from /home/airflow/.local/lib/python3.7/site-packages/airflow/example_dags/example_local_kubernetes_executor.py
[2023-07-05T13:08:37.271+0000] {processor.py:836} INFO - DAG(s) dict_keys(['example_local_kubernetes_executor']) retrieved from /home/airflow/.local/lib/python3.7/site-packages/airflow/example_dags/example_local_kubernetes_executor.py
[2023-07-05T13:08:37.330+0000] {logging_mixin.py:149} INFO - [2023-07-05T13:08:37.329+0000] {dag.py:2726} INFO - Sync 1 DAGs
[2023-07-05T13:08:37.370+0000] {logging_mixin.py:149} INFO - [2023-07-05T13:08:37.370+0000] {dag.py:3490} INFO - Setting next_dagrun for example_local_kubernetes_executor to None, run_after=None
[2023-07-05T13:08:37.401+0000] {processor.py:179} INFO - Processing /home/airflow/.local/lib/python3.7/site-packages/airflow/example_dags/example_local_kubernetes_executor.py took 0.394 seconds
[2023-07-05T13:09:07.507+0000] {processor.py:157} INFO - Started process (PID=2185) to work on /home/airflow/.local/lib/python3.7/site-packages/airflow/example_dags/example_local_kubernetes_executor.py
[2023-07-05T13:09:07.508+0000] {processor.py:826} INFO - Processing file /home/airflow/.local/lib/python3.7/site-packages/airflow/example_dags/example_local_kubernetes_executor.py for tasks to queue
[2023-07-05T13:09:07.509+0000] {logging_mixin.py:149} INFO - [2023-07-05T13:09:07.509+0000] {dagbag.py:541} INFO - Filling up the DagBag from /home/airflow/.local/lib/python3.7/site-packages/airflow/example_dags/example_local_kubernetes_executor.py
[2023-07-05T13:09:07.740+0000] {processor.py:836} INFO - DAG(s) dict_keys(['example_local_kubernetes_executor']) retrieved from /home/airflow/.local/lib/python3.7/site-packages/airflow/example_dags/example_local_kubernetes_executor.py
[2023-07-05T13:09:07.784+0000] {logging_mixin.py:149} INFO - [2023-07-05T13:09:07.784+0000] {dag.py:2726} INFO - Sync 1 DAGs
[2023-07-05T13:09:07.820+0000] {logging_mixin.py:149} INFO - [2023-07-05T13:09:07.820+0000] {dag.py:3490} INFO - Setting next_dagrun for example_local_kubernetes_executor to None, run_after=None
[2023-07-05T13:09:07.850+0000] {processor.py:179} INFO - Processing /home/airflow/.local/lib/python3.7/site-packages/airflow/example_dags/example_local_kubernetes_executor.py took 0.347 seconds
[2023-07-05T13:09:38.174+0000] {processor.py:157} INFO - Started process (PID=2242) to work on /home/airflow/.local/lib/python3.7/site-packages/airflow/example_dags/example_local_kubernetes_executor.py
[2023-07-05T13:09:38.176+0000] {processor.py:826} INFO - Processing file /home/airflow/.local/lib/python3.7/site-packages/airflow/example_dags/example_local_kubernetes_executor.py for tasks to queue
[2023-07-05T13:09:38.177+0000] {logging_mixin.py:149} INFO - [2023-07-05T13:09:38.177+0000] {dagbag.py:541} INFO - Filling up the DagBag from /home/airflow/.local/lib/python3.7/site-packages/airflow/example_dags/example_local_kubernetes_executor.py
[2023-07-05T13:09:38.415+0000] {processor.py:836} INFO - DAG(s) dict_keys(['example_local_kubernetes_executor']) retrieved from /home/airflow/.local/lib/python3.7/site-packages/airflow/example_dags/example_local_kubernetes_executor.py
[2023-07-05T13:09:38.474+0000] {logging_mixin.py:149} INFO - [2023-07-05T13:09:38.474+0000] {dag.py:2726} INFO - Sync 1 DAGs
[2023-07-05T13:09:38.515+0000] {logging_mixin.py:149} INFO - [2023-07-05T13:09:38.514+0000] {dag.py:3490} INFO - Setting next_dagrun for example_local_kubernetes_executor to None, run_after=None
[2023-07-05T13:09:38.544+0000] {processor.py:179} INFO - Processing /home/airflow/.local/lib/python3.7/site-packages/airflow/example_dags/example_local_kubernetes_executor.py took 0.373 seconds
[2023-07-05T13:10:08.688+0000] {processor.py:157} INFO - Started process (PID=2299) to work on /home/airflow/.local/lib/python3.7/site-packages/airflow/example_dags/example_local_kubernetes_executor.py
[2023-07-05T13:10:08.690+0000] {processor.py:826} INFO - Processing file /home/airflow/.local/lib/python3.7/site-packages/airflow/example_dags/example_local_kubernetes_executor.py for tasks to queue
[2023-07-05T13:10:08.691+0000] {logging_mixin.py:149} INFO - [2023-07-05T13:10:08.691+0000] {dagbag.py:541} INFO - Filling up the DagBag from /home/airflow/.local/lib/python3.7/site-packages/airflow/example_dags/example_local_kubernetes_executor.py
[2023-07-05T13:10:08.926+0000] {processor.py:836} INFO - DAG(s) dict_keys(['example_local_kubernetes_executor']) retrieved from /home/airflow/.local/lib/python3.7/site-packages/airflow/example_dags/example_local_kubernetes_executor.py
[2023-07-05T13:10:08.980+0000] {logging_mixin.py:149} INFO - [2023-07-05T13:10:08.980+0000] {dag.py:2726} INFO - Sync 1 DAGs
[2023-07-05T13:10:09.024+0000] {logging_mixin.py:149} INFO - [2023-07-05T13:10:09.024+0000] {dag.py:3490} INFO - Setting next_dagrun for example_local_kubernetes_executor to None, run_after=None
[2023-07-05T13:10:09.056+0000] {processor.py:179} INFO - Processing /home/airflow/.local/lib/python3.7/site-packages/airflow/example_dags/example_local_kubernetes_executor.py took 0.371 seconds
[2023-07-05T13:10:39.961+0000] {processor.py:157} INFO - Started process (PID=2356) to work on /home/airflow/.local/lib/python3.7/site-packages/airflow/example_dags/example_local_kubernetes_executor.py
[2023-07-05T13:10:39.962+0000] {processor.py:826} INFO - Processing file /home/airflow/.local/lib/python3.7/site-packages/airflow/example_dags/example_local_kubernetes_executor.py for tasks to queue
[2023-07-05T13:10:39.963+0000] {logging_mixin.py:149} INFO - [2023-07-05T13:10:39.963+0000] {dagbag.py:541} INFO - Filling up the DagBag from /home/airflow/.local/lib/python3.7/site-packages/airflow/example_dags/example_local_kubernetes_executor.py
[2023-07-05T13:10:40.240+0000] {processor.py:836} INFO - DAG(s) dict_keys(['example_local_kubernetes_executor']) retrieved from /home/airflow/.local/lib/python3.7/site-packages/airflow/example_dags/example_local_kubernetes_executor.py
[2023-07-05T13:10:40.299+0000] {logging_mixin.py:149} INFO - [2023-07-05T13:10:40.298+0000] {dag.py:2726} INFO - Sync 1 DAGs
[2023-07-05T13:10:40.341+0000] {logging_mixin.py:149} INFO - [2023-07-05T13:10:40.341+0000] {dag.py:3490} INFO - Setting next_dagrun for example_local_kubernetes_executor to None, run_after=None
[2023-07-05T13:10:40.383+0000] {processor.py:179} INFO - Processing /home/airflow/.local/lib/python3.7/site-packages/airflow/example_dags/example_local_kubernetes_executor.py took 0.427 seconds
[2023-07-05T13:11:11.420+0000] {processor.py:157} INFO - Started process (PID=2413) to work on /home/airflow/.local/lib/python3.7/site-packages/airflow/example_dags/example_local_kubernetes_executor.py
[2023-07-05T13:11:11.421+0000] {processor.py:826} INFO - Processing file /home/airflow/.local/lib/python3.7/site-packages/airflow/example_dags/example_local_kubernetes_executor.py for tasks to queue
[2023-07-05T13:11:11.423+0000] {logging_mixin.py:149} INFO - [2023-07-05T13:11:11.423+0000] {dagbag.py:541} INFO - Filling up the DagBag from /home/airflow/.local/lib/python3.7/site-packages/airflow/example_dags/example_local_kubernetes_executor.py
[2023-07-05T13:11:11.687+0000] {processor.py:836} INFO - DAG(s) dict_keys(['example_local_kubernetes_executor']) retrieved from /home/airflow/.local/lib/python3.7/site-packages/airflow/example_dags/example_local_kubernetes_executor.py
[2023-07-05T13:11:11.745+0000] {logging_mixin.py:149} INFO - [2023-07-05T13:11:11.744+0000] {dag.py:2726} INFO - Sync 1 DAGs
[2023-07-05T13:11:11.801+0000] {logging_mixin.py:149} INFO - [2023-07-05T13:11:11.800+0000] {dag.py:3490} INFO - Setting next_dagrun for example_local_kubernetes_executor to None, run_after=None
[2023-07-05T13:11:11.838+0000] {processor.py:179} INFO - Processing /home/airflow/.local/lib/python3.7/site-packages/airflow/example_dags/example_local_kubernetes_executor.py took 0.421 seconds
[2023-07-05T13:11:42.805+0000] {processor.py:157} INFO - Started process (PID=2470) to work on /home/airflow/.local/lib/python3.7/site-packages/airflow/example_dags/example_local_kubernetes_executor.py
[2023-07-05T13:11:42.806+0000] {processor.py:826} INFO - Processing file /home/airflow/.local/lib/python3.7/site-packages/airflow/example_dags/example_local_kubernetes_executor.py for tasks to queue
[2023-07-05T13:11:42.807+0000] {logging_mixin.py:149} INFO - [2023-07-05T13:11:42.807+0000] {dagbag.py:541} INFO - Filling up the DagBag from /home/airflow/.local/lib/python3.7/site-packages/airflow/example_dags/example_local_kubernetes_executor.py
[2023-07-05T13:11:43.029+0000] {processor.py:836} INFO - DAG(s) dict_keys(['example_local_kubernetes_executor']) retrieved from /home/airflow/.local/lib/python3.7/site-packages/airflow/example_dags/example_local_kubernetes_executor.py
[2023-07-05T13:11:43.101+0000] {logging_mixin.py:149} INFO - [2023-07-05T13:11:43.100+0000] {dag.py:2726} INFO - Sync 1 DAGs
[2023-07-05T13:11:43.141+0000] {logging_mixin.py:149} INFO - [2023-07-05T13:11:43.140+0000] {dag.py:3490} INFO - Setting next_dagrun for example_local_kubernetes_executor to None, run_after=None
[2023-07-05T13:11:43.194+0000] {processor.py:179} INFO - Processing /home/airflow/.local/lib/python3.7/site-packages/airflow/example_dags/example_local_kubernetes_executor.py took 0.392 seconds
[2023-07-05T13:12:13.366+0000] {processor.py:157} INFO - Started process (PID=2527) to work on /home/airflow/.local/lib/python3.7/site-packages/airflow/example_dags/example_local_kubernetes_executor.py
[2023-07-05T13:12:13.367+0000] {processor.py:826} INFO - Processing file /home/airflow/.local/lib/python3.7/site-packages/airflow/example_dags/example_local_kubernetes_executor.py for tasks to queue
[2023-07-05T13:12:13.368+0000] {logging_mixin.py:149} INFO - [2023-07-05T13:12:13.368+0000] {dagbag.py:541} INFO - Filling up the DagBag from /home/airflow/.local/lib/python3.7/site-packages/airflow/example_dags/example_local_kubernetes_executor.py
[2023-07-05T13:12:13.588+0000] {processor.py:836} INFO - DAG(s) dict_keys(['example_local_kubernetes_executor']) retrieved from /home/airflow/.local/lib/python3.7/site-packages/airflow/example_dags/example_local_kubernetes_executor.py
[2023-07-05T13:12:13.641+0000] {logging_mixin.py:149} INFO - [2023-07-05T13:12:13.641+0000] {dag.py:2726} INFO - Sync 1 DAGs
[2023-07-05T13:12:13.678+0000] {logging_mixin.py:149} INFO - [2023-07-05T13:12:13.678+0000] {dag.py:3490} INFO - Setting next_dagrun for example_local_kubernetes_executor to None, run_after=None
[2023-07-05T13:12:13.725+0000] {processor.py:179} INFO - Processing /home/airflow/.local/lib/python3.7/site-packages/airflow/example_dags/example_local_kubernetes_executor.py took 0.362 seconds
[2023-07-05T13:12:43.866+0000] {processor.py:157} INFO - Started process (PID=2584) to work on /home/airflow/.local/lib/python3.7/site-packages/airflow/example_dags/example_local_kubernetes_executor.py
[2023-07-05T13:12:43.868+0000] {processor.py:826} INFO - Processing file /home/airflow/.local/lib/python3.7/site-packages/airflow/example_dags/example_local_kubernetes_executor.py for tasks to queue
[2023-07-05T13:12:43.869+0000] {logging_mixin.py:149} INFO - [2023-07-05T13:12:43.869+0000] {dagbag.py:541} INFO - Filling up the DagBag from /home/airflow/.local/lib/python3.7/site-packages/airflow/example_dags/example_local_kubernetes_executor.py
[2023-07-05T13:12:44.123+0000] {processor.py:836} INFO - DAG(s) dict_keys(['example_local_kubernetes_executor']) retrieved from /home/airflow/.local/lib/python3.7/site-packages/airflow/example_dags/example_local_kubernetes_executor.py
[2023-07-05T13:12:44.180+0000] {logging_mixin.py:149} INFO - [2023-07-05T13:12:44.180+0000] {dag.py:2726} INFO - Sync 1 DAGs
[2023-07-05T13:12:44.224+0000] {logging_mixin.py:149} INFO - [2023-07-05T13:12:44.224+0000] {dag.py:3490} INFO - Setting next_dagrun for example_local_kubernetes_executor to None, run_after=None
[2023-07-05T13:12:44.256+0000] {processor.py:179} INFO - Processing /home/airflow/.local/lib/python3.7/site-packages/airflow/example_dags/example_local_kubernetes_executor.py took 0.393 seconds
[2023-07-05T13:13:14.315+0000] {processor.py:157} INFO - Started process (PID=2641) to work on /home/airflow/.local/lib/python3.7/site-packages/airflow/example_dags/example_local_kubernetes_executor.py
[2023-07-05T13:13:14.316+0000] {processor.py:826} INFO - Processing file /home/airflow/.local/lib/python3.7/site-packages/airflow/example_dags/example_local_kubernetes_executor.py for tasks to queue
[2023-07-05T13:13:14.319+0000] {logging_mixin.py:149} INFO - [2023-07-05T13:13:14.319+0000] {dagbag.py:541} INFO - Filling up the DagBag from /home/airflow/.local/lib/python3.7/site-packages/airflow/example_dags/example_local_kubernetes_executor.py
[2023-07-05T13:13:14.611+0000] {processor.py:836} INFO - DAG(s) dict_keys(['example_local_kubernetes_executor']) retrieved from /home/airflow/.local/lib/python3.7/site-packages/airflow/example_dags/example_local_kubernetes_executor.py
[2023-07-05T13:13:14.662+0000] {logging_mixin.py:149} INFO - [2023-07-05T13:13:14.662+0000] {dag.py:2726} INFO - Sync 1 DAGs
[2023-07-05T13:13:14.706+0000] {logging_mixin.py:149} INFO - [2023-07-05T13:13:14.705+0000] {dag.py:3490} INFO - Setting next_dagrun for example_local_kubernetes_executor to None, run_after=None
[2023-07-05T13:13:14.748+0000] {processor.py:179} INFO - Processing /home/airflow/.local/lib/python3.7/site-packages/airflow/example_dags/example_local_kubernetes_executor.py took 0.437 seconds
[2023-07-05T13:13:45.589+0000] {processor.py:157} INFO - Started process (PID=2698) to work on /home/airflow/.local/lib/python3.7/site-packages/airflow/example_dags/example_local_kubernetes_executor.py
[2023-07-05T13:13:45.590+0000] {processor.py:826} INFO - Processing file /home/airflow/.local/lib/python3.7/site-packages/airflow/example_dags/example_local_kubernetes_executor.py for tasks to queue
[2023-07-05T13:13:45.591+0000] {logging_mixin.py:149} INFO - [2023-07-05T13:13:45.591+0000] {dagbag.py:541} INFO - Filling up the DagBag from /home/airflow/.local/lib/python3.7/site-packages/airflow/example_dags/example_local_kubernetes_executor.py
[2023-07-05T13:13:45.853+0000] {processor.py:836} INFO - DAG(s) dict_keys(['example_local_kubernetes_executor']) retrieved from /home/airflow/.local/lib/python3.7/site-packages/airflow/example_dags/example_local_kubernetes_executor.py
[2023-07-05T13:13:45.914+0000] {logging_mixin.py:149} INFO - [2023-07-05T13:13:45.914+0000] {dag.py:2726} INFO - Sync 1 DAGs
[2023-07-05T13:13:45.986+0000] {logging_mixin.py:149} INFO - [2023-07-05T13:13:45.985+0000] {dag.py:3490} INFO - Setting next_dagrun for example_local_kubernetes_executor to None, run_after=None
[2023-07-05T13:13:46.032+0000] {processor.py:179} INFO - Processing /home/airflow/.local/lib/python3.7/site-packages/airflow/example_dags/example_local_kubernetes_executor.py took 0.447 seconds
[2023-07-05T13:14:16.828+0000] {processor.py:157} INFO - Started process (PID=2756) to work on /home/airflow/.local/lib/python3.7/site-packages/airflow/example_dags/example_local_kubernetes_executor.py
[2023-07-05T13:14:16.833+0000] {processor.py:826} INFO - Processing file /home/airflow/.local/lib/python3.7/site-packages/airflow/example_dags/example_local_kubernetes_executor.py for tasks to queue
[2023-07-05T13:14:16.834+0000] {logging_mixin.py:149} INFO - [2023-07-05T13:14:16.834+0000] {dagbag.py:541} INFO - Filling up the DagBag from /home/airflow/.local/lib/python3.7/site-packages/airflow/example_dags/example_local_kubernetes_executor.py
[2023-07-05T13:14:17.084+0000] {processor.py:836} INFO - DAG(s) dict_keys(['example_local_kubernetes_executor']) retrieved from /home/airflow/.local/lib/python3.7/site-packages/airflow/example_dags/example_local_kubernetes_executor.py
[2023-07-05T13:14:17.140+0000] {logging_mixin.py:149} INFO - [2023-07-05T13:14:17.140+0000] {dag.py:2726} INFO - Sync 1 DAGs
[2023-07-05T13:14:17.187+0000] {logging_mixin.py:149} INFO - [2023-07-05T13:14:17.187+0000] {dag.py:3490} INFO - Setting next_dagrun for example_local_kubernetes_executor to None, run_after=None
[2023-07-05T13:14:17.228+0000] {processor.py:179} INFO - Processing /home/airflow/.local/lib/python3.7/site-packages/airflow/example_dags/example_local_kubernetes_executor.py took 0.403 seconds
[2023-07-05T13:14:48.267+0000] {processor.py:157} INFO - Started process (PID=2813) to work on /home/airflow/.local/lib/python3.7/site-packages/airflow/example_dags/example_local_kubernetes_executor.py
[2023-07-05T13:14:48.270+0000] {processor.py:826} INFO - Processing file /home/airflow/.local/lib/python3.7/site-packages/airflow/example_dags/example_local_kubernetes_executor.py for tasks to queue
[2023-07-05T13:14:48.271+0000] {logging_mixin.py:149} INFO - [2023-07-05T13:14:48.270+0000] {dagbag.py:541} INFO - Filling up the DagBag from /home/airflow/.local/lib/python3.7/site-packages/airflow/example_dags/example_local_kubernetes_executor.py
[2023-07-05T13:14:48.519+0000] {processor.py:836} INFO - DAG(s) dict_keys(['example_local_kubernetes_executor']) retrieved from /home/airflow/.local/lib/python3.7/site-packages/airflow/example_dags/example_local_kubernetes_executor.py
[2023-07-05T13:14:48.572+0000] {logging_mixin.py:149} INFO - [2023-07-05T13:14:48.572+0000] {dag.py:2726} INFO - Sync 1 DAGs
[2023-07-05T13:14:48.611+0000] {logging_mixin.py:149} INFO - [2023-07-05T13:14:48.611+0000] {dag.py:3490} INFO - Setting next_dagrun for example_local_kubernetes_executor to None, run_after=None
[2023-07-05T13:14:48.646+0000] {processor.py:179} INFO - Processing /home/airflow/.local/lib/python3.7/site-packages/airflow/example_dags/example_local_kubernetes_executor.py took 0.382 seconds
[2023-07-05T13:15:19.638+0000] {processor.py:157} INFO - Started process (PID=2870) to work on /home/airflow/.local/lib/python3.7/site-packages/airflow/example_dags/example_local_kubernetes_executor.py
[2023-07-05T13:15:19.639+0000] {processor.py:826} INFO - Processing file /home/airflow/.local/lib/python3.7/site-packages/airflow/example_dags/example_local_kubernetes_executor.py for tasks to queue
[2023-07-05T13:15:19.639+0000] {logging_mixin.py:149} INFO - [2023-07-05T13:15:19.639+0000] {dagbag.py:541} INFO - Filling up the DagBag from /home/airflow/.local/lib/python3.7/site-packages/airflow/example_dags/example_local_kubernetes_executor.py
[2023-07-05T13:15:19.890+0000] {processor.py:836} INFO - DAG(s) dict_keys(['example_local_kubernetes_executor']) retrieved from /home/airflow/.local/lib/python3.7/site-packages/airflow/example_dags/example_local_kubernetes_executor.py
[2023-07-05T13:15:19.945+0000] {logging_mixin.py:149} INFO - [2023-07-05T13:15:19.945+0000] {dag.py:2726} INFO - Sync 1 DAGs
[2023-07-05T13:15:19.989+0000] {logging_mixin.py:149} INFO - [2023-07-05T13:15:19.988+0000] {dag.py:3490} INFO - Setting next_dagrun for example_local_kubernetes_executor to None, run_after=None
[2023-07-05T13:15:20.050+0000] {processor.py:179} INFO - Processing /home/airflow/.local/lib/python3.7/site-packages/airflow/example_dags/example_local_kubernetes_executor.py took 0.416 seconds
[2023-07-05T13:15:50.128+0000] {processor.py:157} INFO - Started process (PID=2927) to work on /home/airflow/.local/lib/python3.7/site-packages/airflow/example_dags/example_local_kubernetes_executor.py
[2023-07-05T13:15:50.130+0000] {processor.py:826} INFO - Processing file /home/airflow/.local/lib/python3.7/site-packages/airflow/example_dags/example_local_kubernetes_executor.py for tasks to queue
[2023-07-05T13:15:50.132+0000] {logging_mixin.py:149} INFO - [2023-07-05T13:15:50.131+0000] {dagbag.py:541} INFO - Filling up the DagBag from /home/airflow/.local/lib/python3.7/site-packages/airflow/example_dags/example_local_kubernetes_executor.py
[2023-07-05T13:15:50.425+0000] {processor.py:836} INFO - DAG(s) dict_keys(['example_local_kubernetes_executor']) retrieved from /home/airflow/.local/lib/python3.7/site-packages/airflow/example_dags/example_local_kubernetes_executor.py
[2023-07-05T13:15:50.507+0000] {logging_mixin.py:149} INFO - [2023-07-05T13:15:50.507+0000] {dag.py:2726} INFO - Sync 1 DAGs
[2023-07-05T13:15:50.552+0000] {logging_mixin.py:149} INFO - [2023-07-05T13:15:50.552+0000] {dag.py:3490} INFO - Setting next_dagrun for example_local_kubernetes_executor to None, run_after=None
[2023-07-05T13:15:50.608+0000] {processor.py:179} INFO - Processing /home/airflow/.local/lib/python3.7/site-packages/airflow/example_dags/example_local_kubernetes_executor.py took 0.491 seconds
[2023-07-05T13:16:21.378+0000] {processor.py:157} INFO - Started process (PID=2991) to work on /home/airflow/.local/lib/python3.7/site-packages/airflow/example_dags/example_local_kubernetes_executor.py
[2023-07-05T13:16:21.379+0000] {processor.py:826} INFO - Processing file /home/airflow/.local/lib/python3.7/site-packages/airflow/example_dags/example_local_kubernetes_executor.py for tasks to queue
[2023-07-05T13:16:21.380+0000] {logging_mixin.py:149} INFO - [2023-07-05T13:16:21.380+0000] {dagbag.py:541} INFO - Filling up the DagBag from /home/airflow/.local/lib/python3.7/site-packages/airflow/example_dags/example_local_kubernetes_executor.py
[2023-07-05T13:16:21.636+0000] {processor.py:836} INFO - DAG(s) dict_keys(['example_local_kubernetes_executor']) retrieved from /home/airflow/.local/lib/python3.7/site-packages/airflow/example_dags/example_local_kubernetes_executor.py
[2023-07-05T13:16:21.697+0000] {logging_mixin.py:149} INFO - [2023-07-05T13:16:21.697+0000] {dag.py:2726} INFO - Sync 1 DAGs
[2023-07-05T13:16:21.759+0000] {logging_mixin.py:149} INFO - [2023-07-05T13:16:21.758+0000] {dag.py:3490} INFO - Setting next_dagrun for example_local_kubernetes_executor to None, run_after=None
[2023-07-05T13:16:21.815+0000] {processor.py:179} INFO - Processing /home/airflow/.local/lib/python3.7/site-packages/airflow/example_dags/example_local_kubernetes_executor.py took 0.442 seconds
[2023-07-05T13:16:52.877+0000] {processor.py:157} INFO - Started process (PID=3049) to work on /home/airflow/.local/lib/python3.7/site-packages/airflow/example_dags/example_local_kubernetes_executor.py
[2023-07-05T13:16:52.879+0000] {processor.py:826} INFO - Processing file /home/airflow/.local/lib/python3.7/site-packages/airflow/example_dags/example_local_kubernetes_executor.py for tasks to queue
[2023-07-05T13:16:52.881+0000] {logging_mixin.py:149} INFO - [2023-07-05T13:16:52.881+0000] {dagbag.py:541} INFO - Filling up the DagBag from /home/airflow/.local/lib/python3.7/site-packages/airflow/example_dags/example_local_kubernetes_executor.py
[2023-07-05T13:16:53.126+0000] {processor.py:836} INFO - DAG(s) dict_keys(['example_local_kubernetes_executor']) retrieved from /home/airflow/.local/lib/python3.7/site-packages/airflow/example_dags/example_local_kubernetes_executor.py
[2023-07-05T13:16:53.182+0000] {logging_mixin.py:149} INFO - [2023-07-05T13:16:53.182+0000] {dag.py:2726} INFO - Sync 1 DAGs
[2023-07-05T13:16:53.229+0000] {logging_mixin.py:149} INFO - [2023-07-05T13:16:53.228+0000] {dag.py:3490} INFO - Setting next_dagrun for example_local_kubernetes_executor to None, run_after=None
[2023-07-05T13:16:53.267+0000] {processor.py:179} INFO - Processing /home/airflow/.local/lib/python3.7/site-packages/airflow/example_dags/example_local_kubernetes_executor.py took 0.396 seconds
[2023-07-05T13:17:23.957+0000] {processor.py:157} INFO - Started process (PID=3106) to work on /home/airflow/.local/lib/python3.7/site-packages/airflow/example_dags/example_local_kubernetes_executor.py
[2023-07-05T13:17:23.958+0000] {processor.py:826} INFO - Processing file /home/airflow/.local/lib/python3.7/site-packages/airflow/example_dags/example_local_kubernetes_executor.py for tasks to queue
[2023-07-05T13:17:23.959+0000] {logging_mixin.py:149} INFO - [2023-07-05T13:17:23.958+0000] {dagbag.py:541} INFO - Filling up the DagBag from /home/airflow/.local/lib/python3.7/site-packages/airflow/example_dags/example_local_kubernetes_executor.py
[2023-07-05T13:17:24.177+0000] {processor.py:836} INFO - DAG(s) dict_keys(['example_local_kubernetes_executor']) retrieved from /home/airflow/.local/lib/python3.7/site-packages/airflow/example_dags/example_local_kubernetes_executor.py
[2023-07-05T13:17:24.220+0000] {logging_mixin.py:149} INFO - [2023-07-05T13:17:24.220+0000] {dag.py:2726} INFO - Sync 1 DAGs
[2023-07-05T13:17:24.258+0000] {logging_mixin.py:149} INFO - [2023-07-05T13:17:24.257+0000] {dag.py:3490} INFO - Setting next_dagrun for example_local_kubernetes_executor to None, run_after=None
[2023-07-05T13:17:24.284+0000] {processor.py:179} INFO - Processing /home/airflow/.local/lib/python3.7/site-packages/airflow/example_dags/example_local_kubernetes_executor.py took 0.330 seconds
[2023-07-05T13:17:54.940+0000] {processor.py:157} INFO - Started process (PID=3163) to work on /home/airflow/.local/lib/python3.7/site-packages/airflow/example_dags/example_local_kubernetes_executor.py
[2023-07-05T13:17:54.942+0000] {processor.py:826} INFO - Processing file /home/airflow/.local/lib/python3.7/site-packages/airflow/example_dags/example_local_kubernetes_executor.py for tasks to queue
[2023-07-05T13:17:54.943+0000] {logging_mixin.py:149} INFO - [2023-07-05T13:17:54.943+0000] {dagbag.py:541} INFO - Filling up the DagBag from /home/airflow/.local/lib/python3.7/site-packages/airflow/example_dags/example_local_kubernetes_executor.py
[2023-07-05T13:17:55.176+0000] {processor.py:836} INFO - DAG(s) dict_keys(['example_local_kubernetes_executor']) retrieved from /home/airflow/.local/lib/python3.7/site-packages/airflow/example_dags/example_local_kubernetes_executor.py
[2023-07-05T13:17:55.234+0000] {logging_mixin.py:149} INFO - [2023-07-05T13:17:55.234+0000] {dag.py:2726} INFO - Sync 1 DAGs
[2023-07-05T13:17:55.275+0000] {logging_mixin.py:149} INFO - [2023-07-05T13:17:55.275+0000] {dag.py:3490} INFO - Setting next_dagrun for example_local_kubernetes_executor to None, run_after=None
[2023-07-05T13:17:55.311+0000] {processor.py:179} INFO - Processing /home/airflow/.local/lib/python3.7/site-packages/airflow/example_dags/example_local_kubernetes_executor.py took 0.375 seconds
