[2023-07-05T12:49:55.444+0000] {processor.py:157} INFO - Started process (PID=44) to work on /home/airflow/.local/lib/python3.7/site-packages/airflow/example_dags/example_sensors.py
[2023-07-05T12:49:55.445+0000] {processor.py:826} INFO - Processing file /home/airflow/.local/lib/python3.7/site-packages/airflow/example_dags/example_sensors.py for tasks to queue
[2023-07-05T12:49:55.447+0000] {logging_mixin.py:149} INFO - [2023-07-05T12:49:55.446+0000] {dagbag.py:541} INFO - Filling up the DagBag from /home/airflow/.local/lib/python3.7/site-packages/airflow/example_dags/example_sensors.py
[2023-07-05T12:49:55.466+0000] {processor.py:836} INFO - DAG(s) dict_keys(['example_sensors']) retrieved from /home/airflow/.local/lib/python3.7/site-packages/airflow/example_dags/example_sensors.py
[2023-07-05T12:49:55.491+0000] {logging_mixin.py:149} INFO - [2023-07-05T12:49:55.491+0000] {dag.py:2726} INFO - Sync 1 DAGs
[2023-07-05T12:49:55.540+0000] {logging_mixin.py:149} INFO - [2023-07-05T12:49:55.540+0000] {dag.py:3490} INFO - Setting next_dagrun for example_sensors to None, run_after=None
[2023-07-05T12:49:55.583+0000] {processor.py:179} INFO - Processing /home/airflow/.local/lib/python3.7/site-packages/airflow/example_dags/example_sensors.py took 0.143 seconds
[2023-07-05T12:50:31.038+0000] {processor.py:157} INFO - Started process (PID=101) to work on /home/airflow/.local/lib/python3.7/site-packages/airflow/example_dags/example_sensors.py
[2023-07-05T12:50:31.039+0000] {processor.py:826} INFO - Processing file /home/airflow/.local/lib/python3.7/site-packages/airflow/example_dags/example_sensors.py for tasks to queue
[2023-07-05T12:50:31.040+0000] {logging_mixin.py:149} INFO - [2023-07-05T12:50:31.040+0000] {dagbag.py:541} INFO - Filling up the DagBag from /home/airflow/.local/lib/python3.7/site-packages/airflow/example_dags/example_sensors.py
[2023-07-05T12:50:31.051+0000] {processor.py:836} INFO - DAG(s) dict_keys(['example_sensors']) retrieved from /home/airflow/.local/lib/python3.7/site-packages/airflow/example_dags/example_sensors.py
[2023-07-05T12:50:31.091+0000] {logging_mixin.py:149} INFO - [2023-07-05T12:50:31.091+0000] {dag.py:2726} INFO - Sync 1 DAGs
[2023-07-05T12:50:31.130+0000] {logging_mixin.py:149} INFO - [2023-07-05T12:50:31.129+0000] {dag.py:3490} INFO - Setting next_dagrun for example_sensors to None, run_after=None
[2023-07-05T12:50:31.157+0000] {processor.py:179} INFO - Processing /home/airflow/.local/lib/python3.7/site-packages/airflow/example_dags/example_sensors.py took 0.124 seconds
[2023-07-05T12:51:01.348+0000] {processor.py:157} INFO - Started process (PID=159) to work on /home/airflow/.local/lib/python3.7/site-packages/airflow/example_dags/example_sensors.py
[2023-07-05T12:51:01.349+0000] {processor.py:826} INFO - Processing file /home/airflow/.local/lib/python3.7/site-packages/airflow/example_dags/example_sensors.py for tasks to queue
[2023-07-05T12:51:01.350+0000] {logging_mixin.py:149} INFO - [2023-07-05T12:51:01.350+0000] {dagbag.py:541} INFO - Filling up the DagBag from /home/airflow/.local/lib/python3.7/site-packages/airflow/example_dags/example_sensors.py
[2023-07-05T12:51:01.362+0000] {processor.py:836} INFO - DAG(s) dict_keys(['example_sensors']) retrieved from /home/airflow/.local/lib/python3.7/site-packages/airflow/example_dags/example_sensors.py
[2023-07-05T12:51:01.404+0000] {logging_mixin.py:149} INFO - [2023-07-05T12:51:01.404+0000] {dag.py:2726} INFO - Sync 1 DAGs
[2023-07-05T12:51:01.440+0000] {logging_mixin.py:149} INFO - [2023-07-05T12:51:01.440+0000] {dag.py:3490} INFO - Setting next_dagrun for example_sensors to None, run_after=None
[2023-07-05T12:51:01.469+0000] {processor.py:179} INFO - Processing /home/airflow/.local/lib/python3.7/site-packages/airflow/example_dags/example_sensors.py took 0.124 seconds
[2023-07-05T12:51:31.886+0000] {processor.py:157} INFO - Started process (PID=216) to work on /home/airflow/.local/lib/python3.7/site-packages/airflow/example_dags/example_sensors.py
[2023-07-05T12:51:31.887+0000] {processor.py:826} INFO - Processing file /home/airflow/.local/lib/python3.7/site-packages/airflow/example_dags/example_sensors.py for tasks to queue
[2023-07-05T12:51:31.888+0000] {logging_mixin.py:149} INFO - [2023-07-05T12:51:31.887+0000] {dagbag.py:541} INFO - Filling up the DagBag from /home/airflow/.local/lib/python3.7/site-packages/airflow/example_dags/example_sensors.py
[2023-07-05T12:51:31.900+0000] {processor.py:836} INFO - DAG(s) dict_keys(['example_sensors']) retrieved from /home/airflow/.local/lib/python3.7/site-packages/airflow/example_dags/example_sensors.py
[2023-07-05T12:51:31.953+0000] {logging_mixin.py:149} INFO - [2023-07-05T12:51:31.952+0000] {dag.py:2726} INFO - Sync 1 DAGs
[2023-07-05T12:51:31.996+0000] {logging_mixin.py:149} INFO - [2023-07-05T12:51:31.995+0000] {dag.py:3490} INFO - Setting next_dagrun for example_sensors to None, run_after=None
[2023-07-05T12:51:32.055+0000] {processor.py:179} INFO - Processing /home/airflow/.local/lib/python3.7/site-packages/airflow/example_dags/example_sensors.py took 0.173 seconds
[2023-07-05T12:52:03.234+0000] {processor.py:157} INFO - Started process (PID=273) to work on /home/airflow/.local/lib/python3.7/site-packages/airflow/example_dags/example_sensors.py
[2023-07-05T12:52:03.235+0000] {processor.py:826} INFO - Processing file /home/airflow/.local/lib/python3.7/site-packages/airflow/example_dags/example_sensors.py for tasks to queue
[2023-07-05T12:52:03.236+0000] {logging_mixin.py:149} INFO - [2023-07-05T12:52:03.236+0000] {dagbag.py:541} INFO - Filling up the DagBag from /home/airflow/.local/lib/python3.7/site-packages/airflow/example_dags/example_sensors.py
[2023-07-05T12:52:03.250+0000] {processor.py:836} INFO - DAG(s) dict_keys(['example_sensors']) retrieved from /home/airflow/.local/lib/python3.7/site-packages/airflow/example_dags/example_sensors.py
[2023-07-05T12:52:03.297+0000] {logging_mixin.py:149} INFO - [2023-07-05T12:52:03.297+0000] {dag.py:2726} INFO - Sync 1 DAGs
[2023-07-05T12:52:03.338+0000] {logging_mixin.py:149} INFO - [2023-07-05T12:52:03.338+0000] {dag.py:3490} INFO - Setting next_dagrun for example_sensors to None, run_after=None
[2023-07-05T12:52:03.373+0000] {processor.py:179} INFO - Processing /home/airflow/.local/lib/python3.7/site-packages/airflow/example_dags/example_sensors.py took 0.143 seconds
[2023-07-05T12:52:34.405+0000] {processor.py:157} INFO - Started process (PID=330) to work on /home/airflow/.local/lib/python3.7/site-packages/airflow/example_dags/example_sensors.py
[2023-07-05T12:52:34.406+0000] {processor.py:826} INFO - Processing file /home/airflow/.local/lib/python3.7/site-packages/airflow/example_dags/example_sensors.py for tasks to queue
[2023-07-05T12:52:34.408+0000] {logging_mixin.py:149} INFO - [2023-07-05T12:52:34.407+0000] {dagbag.py:541} INFO - Filling up the DagBag from /home/airflow/.local/lib/python3.7/site-packages/airflow/example_dags/example_sensors.py
[2023-07-05T12:52:34.422+0000] {processor.py:836} INFO - DAG(s) dict_keys(['example_sensors']) retrieved from /home/airflow/.local/lib/python3.7/site-packages/airflow/example_dags/example_sensors.py
[2023-07-05T12:52:34.464+0000] {logging_mixin.py:149} INFO - [2023-07-05T12:52:34.463+0000] {dag.py:2726} INFO - Sync 1 DAGs
[2023-07-05T12:52:34.648+0000] {logging_mixin.py:149} INFO - [2023-07-05T12:52:34.647+0000] {dag.py:3490} INFO - Setting next_dagrun for example_sensors to None, run_after=None
[2023-07-05T12:52:34.675+0000] {processor.py:179} INFO - Processing /home/airflow/.local/lib/python3.7/site-packages/airflow/example_dags/example_sensors.py took 0.274 seconds
[2023-07-05T12:53:04.821+0000] {processor.py:157} INFO - Started process (PID=387) to work on /home/airflow/.local/lib/python3.7/site-packages/airflow/example_dags/example_sensors.py
[2023-07-05T12:53:04.823+0000] {processor.py:826} INFO - Processing file /home/airflow/.local/lib/python3.7/site-packages/airflow/example_dags/example_sensors.py for tasks to queue
[2023-07-05T12:53:04.824+0000] {logging_mixin.py:149} INFO - [2023-07-05T12:53:04.823+0000] {dagbag.py:541} INFO - Filling up the DagBag from /home/airflow/.local/lib/python3.7/site-packages/airflow/example_dags/example_sensors.py
[2023-07-05T12:53:04.838+0000] {processor.py:836} INFO - DAG(s) dict_keys(['example_sensors']) retrieved from /home/airflow/.local/lib/python3.7/site-packages/airflow/example_dags/example_sensors.py
[2023-07-05T12:53:04.886+0000] {logging_mixin.py:149} INFO - [2023-07-05T12:53:04.885+0000] {dag.py:2726} INFO - Sync 1 DAGs
[2023-07-05T12:53:04.923+0000] {logging_mixin.py:149} INFO - [2023-07-05T12:53:04.922+0000] {dag.py:3490} INFO - Setting next_dagrun for example_sensors to None, run_after=None
[2023-07-05T12:53:04.956+0000] {processor.py:179} INFO - Processing /home/airflow/.local/lib/python3.7/site-packages/airflow/example_dags/example_sensors.py took 0.139 seconds
[2023-07-05T12:53:35.596+0000] {processor.py:157} INFO - Started process (PID=444) to work on /home/airflow/.local/lib/python3.7/site-packages/airflow/example_dags/example_sensors.py
[2023-07-05T12:53:35.597+0000] {processor.py:826} INFO - Processing file /home/airflow/.local/lib/python3.7/site-packages/airflow/example_dags/example_sensors.py for tasks to queue
[2023-07-05T12:53:35.598+0000] {logging_mixin.py:149} INFO - [2023-07-05T12:53:35.598+0000] {dagbag.py:541} INFO - Filling up the DagBag from /home/airflow/.local/lib/python3.7/site-packages/airflow/example_dags/example_sensors.py
[2023-07-05T12:53:35.611+0000] {processor.py:836} INFO - DAG(s) dict_keys(['example_sensors']) retrieved from /home/airflow/.local/lib/python3.7/site-packages/airflow/example_dags/example_sensors.py
[2023-07-05T12:53:35.653+0000] {logging_mixin.py:149} INFO - [2023-07-05T12:53:35.653+0000] {dag.py:2726} INFO - Sync 1 DAGs
[2023-07-05T12:53:35.836+0000] {logging_mixin.py:149} INFO - [2023-07-05T12:53:35.836+0000] {dag.py:3490} INFO - Setting next_dagrun for example_sensors to None, run_after=None
[2023-07-05T12:53:35.865+0000] {processor.py:179} INFO - Processing /home/airflow/.local/lib/python3.7/site-packages/airflow/example_dags/example_sensors.py took 0.272 seconds
[2023-07-05T12:54:06.047+0000] {processor.py:157} INFO - Started process (PID=501) to work on /home/airflow/.local/lib/python3.7/site-packages/airflow/example_dags/example_sensors.py
[2023-07-05T12:54:06.049+0000] {processor.py:826} INFO - Processing file /home/airflow/.local/lib/python3.7/site-packages/airflow/example_dags/example_sensors.py for tasks to queue
[2023-07-05T12:54:06.050+0000] {logging_mixin.py:149} INFO - [2023-07-05T12:54:06.050+0000] {dagbag.py:541} INFO - Filling up the DagBag from /home/airflow/.local/lib/python3.7/site-packages/airflow/example_dags/example_sensors.py
[2023-07-05T12:54:06.060+0000] {processor.py:836} INFO - DAG(s) dict_keys(['example_sensors']) retrieved from /home/airflow/.local/lib/python3.7/site-packages/airflow/example_dags/example_sensors.py
[2023-07-05T12:54:06.097+0000] {logging_mixin.py:149} INFO - [2023-07-05T12:54:06.096+0000] {dag.py:2726} INFO - Sync 1 DAGs
[2023-07-05T12:54:06.138+0000] {logging_mixin.py:149} INFO - [2023-07-05T12:54:06.138+0000] {dag.py:3490} INFO - Setting next_dagrun for example_sensors to None, run_after=None
[2023-07-05T12:54:06.293+0000] {processor.py:179} INFO - Processing /home/airflow/.local/lib/python3.7/site-packages/airflow/example_dags/example_sensors.py took 0.250 seconds
[2023-07-05T12:54:36.572+0000] {processor.py:157} INFO - Started process (PID=558) to work on /home/airflow/.local/lib/python3.7/site-packages/airflow/example_dags/example_sensors.py
[2023-07-05T12:54:36.573+0000] {processor.py:826} INFO - Processing file /home/airflow/.local/lib/python3.7/site-packages/airflow/example_dags/example_sensors.py for tasks to queue
[2023-07-05T12:54:36.574+0000] {logging_mixin.py:149} INFO - [2023-07-05T12:54:36.574+0000] {dagbag.py:541} INFO - Filling up the DagBag from /home/airflow/.local/lib/python3.7/site-packages/airflow/example_dags/example_sensors.py
[2023-07-05T12:54:36.586+0000] {processor.py:836} INFO - DAG(s) dict_keys(['example_sensors']) retrieved from /home/airflow/.local/lib/python3.7/site-packages/airflow/example_dags/example_sensors.py
[2023-07-05T12:54:36.626+0000] {logging_mixin.py:149} INFO - [2023-07-05T12:54:36.626+0000] {dag.py:2726} INFO - Sync 1 DAGs
[2023-07-05T12:54:36.660+0000] {logging_mixin.py:149} INFO - [2023-07-05T12:54:36.660+0000] {dag.py:3490} INFO - Setting next_dagrun for example_sensors to None, run_after=None
[2023-07-05T12:54:36.687+0000] {processor.py:179} INFO - Processing /home/airflow/.local/lib/python3.7/site-packages/airflow/example_dags/example_sensors.py took 0.119 seconds
[2023-07-05T12:55:07.613+0000] {processor.py:157} INFO - Started process (PID=615) to work on /home/airflow/.local/lib/python3.7/site-packages/airflow/example_dags/example_sensors.py
[2023-07-05T12:55:07.614+0000] {processor.py:826} INFO - Processing file /home/airflow/.local/lib/python3.7/site-packages/airflow/example_dags/example_sensors.py for tasks to queue
[2023-07-05T12:55:07.615+0000] {logging_mixin.py:149} INFO - [2023-07-05T12:55:07.615+0000] {dagbag.py:541} INFO - Filling up the DagBag from /home/airflow/.local/lib/python3.7/site-packages/airflow/example_dags/example_sensors.py
[2023-07-05T12:55:07.629+0000] {processor.py:836} INFO - DAG(s) dict_keys(['example_sensors']) retrieved from /home/airflow/.local/lib/python3.7/site-packages/airflow/example_dags/example_sensors.py
[2023-07-05T12:55:07.796+0000] {logging_mixin.py:149} INFO - [2023-07-05T12:55:07.795+0000] {dag.py:2726} INFO - Sync 1 DAGs
[2023-07-05T12:55:07.831+0000] {logging_mixin.py:149} INFO - [2023-07-05T12:55:07.831+0000] {dag.py:3490} INFO - Setting next_dagrun for example_sensors to None, run_after=None
[2023-07-05T12:55:07.862+0000] {processor.py:179} INFO - Processing /home/airflow/.local/lib/python3.7/site-packages/airflow/example_dags/example_sensors.py took 0.253 seconds
[2023-07-05T12:55:38.660+0000] {processor.py:157} INFO - Started process (PID=672) to work on /home/airflow/.local/lib/python3.7/site-packages/airflow/example_dags/example_sensors.py
[2023-07-05T12:55:38.662+0000] {processor.py:826} INFO - Processing file /home/airflow/.local/lib/python3.7/site-packages/airflow/example_dags/example_sensors.py for tasks to queue
[2023-07-05T12:55:38.663+0000] {logging_mixin.py:149} INFO - [2023-07-05T12:55:38.663+0000] {dagbag.py:541} INFO - Filling up the DagBag from /home/airflow/.local/lib/python3.7/site-packages/airflow/example_dags/example_sensors.py
[2023-07-05T12:55:38.675+0000] {processor.py:836} INFO - DAG(s) dict_keys(['example_sensors']) retrieved from /home/airflow/.local/lib/python3.7/site-packages/airflow/example_dags/example_sensors.py
[2023-07-05T12:55:38.720+0000] {logging_mixin.py:149} INFO - [2023-07-05T12:55:38.720+0000] {dag.py:2726} INFO - Sync 1 DAGs
[2023-07-05T12:55:38.768+0000] {logging_mixin.py:149} INFO - [2023-07-05T12:55:38.768+0000] {dag.py:3490} INFO - Setting next_dagrun for example_sensors to None, run_after=None
[2023-07-05T12:55:38.956+0000] {processor.py:179} INFO - Processing /home/airflow/.local/lib/python3.7/site-packages/airflow/example_dags/example_sensors.py took 0.300 seconds
[2023-07-05T12:56:09.400+0000] {processor.py:157} INFO - Started process (PID=729) to work on /home/airflow/.local/lib/python3.7/site-packages/airflow/example_dags/example_sensors.py
[2023-07-05T12:56:09.402+0000] {processor.py:826} INFO - Processing file /home/airflow/.local/lib/python3.7/site-packages/airflow/example_dags/example_sensors.py for tasks to queue
[2023-07-05T12:56:09.402+0000] {logging_mixin.py:149} INFO - [2023-07-05T12:56:09.402+0000] {dagbag.py:541} INFO - Filling up the DagBag from /home/airflow/.local/lib/python3.7/site-packages/airflow/example_dags/example_sensors.py
[2023-07-05T12:56:09.416+0000] {processor.py:836} INFO - DAG(s) dict_keys(['example_sensors']) retrieved from /home/airflow/.local/lib/python3.7/site-packages/airflow/example_dags/example_sensors.py
[2023-07-05T12:56:09.607+0000] {logging_mixin.py:149} INFO - [2023-07-05T12:56:09.607+0000] {dag.py:2726} INFO - Sync 1 DAGs
[2023-07-05T12:56:09.643+0000] {logging_mixin.py:149} INFO - [2023-07-05T12:56:09.642+0000] {dag.py:3490} INFO - Setting next_dagrun for example_sensors to None, run_after=None
[2023-07-05T12:56:09.680+0000] {processor.py:179} INFO - Processing /home/airflow/.local/lib/python3.7/site-packages/airflow/example_dags/example_sensors.py took 0.284 seconds
[2023-07-05T12:56:39.738+0000] {processor.py:157} INFO - Started process (PID=785) to work on /home/airflow/.local/lib/python3.7/site-packages/airflow/example_dags/example_sensors.py
[2023-07-05T12:56:39.740+0000] {processor.py:826} INFO - Processing file /home/airflow/.local/lib/python3.7/site-packages/airflow/example_dags/example_sensors.py for tasks to queue
[2023-07-05T12:56:39.741+0000] {logging_mixin.py:149} INFO - [2023-07-05T12:56:39.741+0000] {dagbag.py:541} INFO - Filling up the DagBag from /home/airflow/.local/lib/python3.7/site-packages/airflow/example_dags/example_sensors.py
[2023-07-05T12:56:39.755+0000] {processor.py:836} INFO - DAG(s) dict_keys(['example_sensors']) retrieved from /home/airflow/.local/lib/python3.7/site-packages/airflow/example_dags/example_sensors.py
[2023-07-05T12:56:39.799+0000] {logging_mixin.py:149} INFO - [2023-07-05T12:56:39.798+0000] {dag.py:2726} INFO - Sync 1 DAGs
[2023-07-05T12:56:39.837+0000] {logging_mixin.py:149} INFO - [2023-07-05T12:56:39.836+0000] {dag.py:3490} INFO - Setting next_dagrun for example_sensors to None, run_after=None
[2023-07-05T12:56:39.862+0000] {processor.py:179} INFO - Processing /home/airflow/.local/lib/python3.7/site-packages/airflow/example_dags/example_sensors.py took 0.129 seconds
[2023-07-05T12:57:10.117+0000] {processor.py:157} INFO - Started process (PID=841) to work on /home/airflow/.local/lib/python3.7/site-packages/airflow/example_dags/example_sensors.py
[2023-07-05T12:57:10.119+0000] {processor.py:826} INFO - Processing file /home/airflow/.local/lib/python3.7/site-packages/airflow/example_dags/example_sensors.py for tasks to queue
[2023-07-05T12:57:10.121+0000] {logging_mixin.py:149} INFO - [2023-07-05T12:57:10.120+0000] {dagbag.py:541} INFO - Filling up the DagBag from /home/airflow/.local/lib/python3.7/site-packages/airflow/example_dags/example_sensors.py
[2023-07-05T12:57:10.135+0000] {processor.py:836} INFO - DAG(s) dict_keys(['example_sensors']) retrieved from /home/airflow/.local/lib/python3.7/site-packages/airflow/example_dags/example_sensors.py
[2023-07-05T12:57:10.182+0000] {logging_mixin.py:149} INFO - [2023-07-05T12:57:10.182+0000] {dag.py:2726} INFO - Sync 1 DAGs
[2023-07-05T12:57:10.231+0000] {logging_mixin.py:149} INFO - [2023-07-05T12:57:10.230+0000] {dag.py:3490} INFO - Setting next_dagrun for example_sensors to None, run_after=None
[2023-07-05T12:57:10.258+0000] {processor.py:179} INFO - Processing /home/airflow/.local/lib/python3.7/site-packages/airflow/example_dags/example_sensors.py took 0.146 seconds
[2023-07-05T12:57:40.457+0000] {processor.py:157} INFO - Started process (PID=898) to work on /home/airflow/.local/lib/python3.7/site-packages/airflow/example_dags/example_sensors.py
[2023-07-05T12:57:40.458+0000] {processor.py:826} INFO - Processing file /home/airflow/.local/lib/python3.7/site-packages/airflow/example_dags/example_sensors.py for tasks to queue
[2023-07-05T12:57:40.459+0000] {logging_mixin.py:149} INFO - [2023-07-05T12:57:40.459+0000] {dagbag.py:541} INFO - Filling up the DagBag from /home/airflow/.local/lib/python3.7/site-packages/airflow/example_dags/example_sensors.py
[2023-07-05T12:57:40.470+0000] {processor.py:836} INFO - DAG(s) dict_keys(['example_sensors']) retrieved from /home/airflow/.local/lib/python3.7/site-packages/airflow/example_dags/example_sensors.py
[2023-07-05T12:57:40.510+0000] {logging_mixin.py:149} INFO - [2023-07-05T12:57:40.509+0000] {dag.py:2726} INFO - Sync 1 DAGs
[2023-07-05T12:57:40.552+0000] {logging_mixin.py:149} INFO - [2023-07-05T12:57:40.551+0000] {dag.py:3490} INFO - Setting next_dagrun for example_sensors to None, run_after=None
[2023-07-05T12:57:40.581+0000] {processor.py:179} INFO - Processing /home/airflow/.local/lib/python3.7/site-packages/airflow/example_dags/example_sensors.py took 0.128 seconds
[2023-07-05T12:58:10.864+0000] {processor.py:157} INFO - Started process (PID=954) to work on /home/airflow/.local/lib/python3.7/site-packages/airflow/example_dags/example_sensors.py
[2023-07-05T12:58:10.869+0000] {processor.py:826} INFO - Processing file /home/airflow/.local/lib/python3.7/site-packages/airflow/example_dags/example_sensors.py for tasks to queue
[2023-07-05T12:58:10.870+0000] {logging_mixin.py:149} INFO - [2023-07-05T12:58:10.870+0000] {dagbag.py:541} INFO - Filling up the DagBag from /home/airflow/.local/lib/python3.7/site-packages/airflow/example_dags/example_sensors.py
[2023-07-05T12:58:10.885+0000] {processor.py:836} INFO - DAG(s) dict_keys(['example_sensors']) retrieved from /home/airflow/.local/lib/python3.7/site-packages/airflow/example_dags/example_sensors.py
[2023-07-05T12:58:10.927+0000] {logging_mixin.py:149} INFO - [2023-07-05T12:58:10.927+0000] {dag.py:2726} INFO - Sync 1 DAGs
[2023-07-05T12:58:10.965+0000] {logging_mixin.py:149} INFO - [2023-07-05T12:58:10.964+0000] {dag.py:3490} INFO - Setting next_dagrun for example_sensors to None, run_after=None
[2023-07-05T12:58:10.989+0000] {processor.py:179} INFO - Processing /home/airflow/.local/lib/python3.7/site-packages/airflow/example_dags/example_sensors.py took 0.130 seconds
[2023-07-05T12:58:41.217+0000] {processor.py:157} INFO - Started process (PID=1011) to work on /home/airflow/.local/lib/python3.7/site-packages/airflow/example_dags/example_sensors.py
[2023-07-05T12:58:41.218+0000] {processor.py:826} INFO - Processing file /home/airflow/.local/lib/python3.7/site-packages/airflow/example_dags/example_sensors.py for tasks to queue
[2023-07-05T12:58:41.219+0000] {logging_mixin.py:149} INFO - [2023-07-05T12:58:41.219+0000] {dagbag.py:541} INFO - Filling up the DagBag from /home/airflow/.local/lib/python3.7/site-packages/airflow/example_dags/example_sensors.py
[2023-07-05T12:58:41.231+0000] {processor.py:836} INFO - DAG(s) dict_keys(['example_sensors']) retrieved from /home/airflow/.local/lib/python3.7/site-packages/airflow/example_dags/example_sensors.py
[2023-07-05T12:58:41.270+0000] {logging_mixin.py:149} INFO - [2023-07-05T12:58:41.270+0000] {dag.py:2726} INFO - Sync 1 DAGs
[2023-07-05T12:58:41.323+0000] {logging_mixin.py:149} INFO - [2023-07-05T12:58:41.323+0000] {dag.py:3490} INFO - Setting next_dagrun for example_sensors to None, run_after=None
[2023-07-05T12:58:41.369+0000] {processor.py:179} INFO - Processing /home/airflow/.local/lib/python3.7/site-packages/airflow/example_dags/example_sensors.py took 0.157 seconds
[2023-07-05T12:59:11.583+0000] {processor.py:157} INFO - Started process (PID=1067) to work on /home/airflow/.local/lib/python3.7/site-packages/airflow/example_dags/example_sensors.py
[2023-07-05T12:59:11.585+0000] {processor.py:826} INFO - Processing file /home/airflow/.local/lib/python3.7/site-packages/airflow/example_dags/example_sensors.py for tasks to queue
[2023-07-05T12:59:11.585+0000] {logging_mixin.py:149} INFO - [2023-07-05T12:59:11.585+0000] {dagbag.py:541} INFO - Filling up the DagBag from /home/airflow/.local/lib/python3.7/site-packages/airflow/example_dags/example_sensors.py
[2023-07-05T12:59:11.596+0000] {processor.py:836} INFO - DAG(s) dict_keys(['example_sensors']) retrieved from /home/airflow/.local/lib/python3.7/site-packages/airflow/example_dags/example_sensors.py
[2023-07-05T12:59:11.645+0000] {logging_mixin.py:149} INFO - [2023-07-05T12:59:11.645+0000] {dag.py:2726} INFO - Sync 1 DAGs
[2023-07-05T12:59:11.688+0000] {logging_mixin.py:149} INFO - [2023-07-05T12:59:11.688+0000] {dag.py:3490} INFO - Setting next_dagrun for example_sensors to None, run_after=None
[2023-07-05T12:59:11.717+0000] {processor.py:179} INFO - Processing /home/airflow/.local/lib/python3.7/site-packages/airflow/example_dags/example_sensors.py took 0.138 seconds
[2023-07-05T12:59:42.113+0000] {processor.py:157} INFO - Started process (PID=1124) to work on /home/airflow/.local/lib/python3.7/site-packages/airflow/example_dags/example_sensors.py
[2023-07-05T12:59:42.114+0000] {processor.py:826} INFO - Processing file /home/airflow/.local/lib/python3.7/site-packages/airflow/example_dags/example_sensors.py for tasks to queue
[2023-07-05T12:59:42.115+0000] {logging_mixin.py:149} INFO - [2023-07-05T12:59:42.115+0000] {dagbag.py:541} INFO - Filling up the DagBag from /home/airflow/.local/lib/python3.7/site-packages/airflow/example_dags/example_sensors.py
[2023-07-05T12:59:42.127+0000] {processor.py:836} INFO - DAG(s) dict_keys(['example_sensors']) retrieved from /home/airflow/.local/lib/python3.7/site-packages/airflow/example_dags/example_sensors.py
[2023-07-05T12:59:42.169+0000] {logging_mixin.py:149} INFO - [2023-07-05T12:59:42.169+0000] {dag.py:2726} INFO - Sync 1 DAGs
[2023-07-05T12:59:42.209+0000] {logging_mixin.py:149} INFO - [2023-07-05T12:59:42.208+0000] {dag.py:3490} INFO - Setting next_dagrun for example_sensors to None, run_after=None
[2023-07-05T12:59:42.243+0000] {processor.py:179} INFO - Processing /home/airflow/.local/lib/python3.7/site-packages/airflow/example_dags/example_sensors.py took 0.133 seconds
[2023-07-05T13:00:12.739+0000] {processor.py:157} INFO - Started process (PID=1181) to work on /home/airflow/.local/lib/python3.7/site-packages/airflow/example_dags/example_sensors.py
[2023-07-05T13:00:12.740+0000] {processor.py:826} INFO - Processing file /home/airflow/.local/lib/python3.7/site-packages/airflow/example_dags/example_sensors.py for tasks to queue
[2023-07-05T13:00:12.741+0000] {logging_mixin.py:149} INFO - [2023-07-05T13:00:12.741+0000] {dagbag.py:541} INFO - Filling up the DagBag from /home/airflow/.local/lib/python3.7/site-packages/airflow/example_dags/example_sensors.py
[2023-07-05T13:00:12.757+0000] {processor.py:836} INFO - DAG(s) dict_keys(['example_sensors']) retrieved from /home/airflow/.local/lib/python3.7/site-packages/airflow/example_dags/example_sensors.py
[2023-07-05T13:00:12.794+0000] {logging_mixin.py:149} INFO - [2023-07-05T13:00:12.794+0000] {dag.py:2726} INFO - Sync 1 DAGs
[2023-07-05T13:00:12.832+0000] {logging_mixin.py:149} INFO - [2023-07-05T13:00:12.832+0000] {dag.py:3490} INFO - Setting next_dagrun for example_sensors to None, run_after=None
[2023-07-05T13:00:12.857+0000] {processor.py:179} INFO - Processing /home/airflow/.local/lib/python3.7/site-packages/airflow/example_dags/example_sensors.py took 0.123 seconds
[2023-07-05T13:00:42.898+0000] {processor.py:157} INFO - Started process (PID=1238) to work on /home/airflow/.local/lib/python3.7/site-packages/airflow/example_dags/example_sensors.py
[2023-07-05T13:00:42.899+0000] {processor.py:826} INFO - Processing file /home/airflow/.local/lib/python3.7/site-packages/airflow/example_dags/example_sensors.py for tasks to queue
[2023-07-05T13:00:42.900+0000] {logging_mixin.py:149} INFO - [2023-07-05T13:00:42.900+0000] {dagbag.py:541} INFO - Filling up the DagBag from /home/airflow/.local/lib/python3.7/site-packages/airflow/example_dags/example_sensors.py
[2023-07-05T13:00:42.916+0000] {processor.py:836} INFO - DAG(s) dict_keys(['example_sensors']) retrieved from /home/airflow/.local/lib/python3.7/site-packages/airflow/example_dags/example_sensors.py
[2023-07-05T13:00:42.954+0000] {logging_mixin.py:149} INFO - [2023-07-05T13:00:42.954+0000] {dag.py:2726} INFO - Sync 1 DAGs
[2023-07-05T13:00:42.991+0000] {logging_mixin.py:149} INFO - [2023-07-05T13:00:42.991+0000] {dag.py:3490} INFO - Setting next_dagrun for example_sensors to None, run_after=None
[2023-07-05T13:00:43.020+0000] {processor.py:179} INFO - Processing /home/airflow/.local/lib/python3.7/site-packages/airflow/example_dags/example_sensors.py took 0.126 seconds
[2023-07-05T13:01:13.255+0000] {processor.py:157} INFO - Started process (PID=1295) to work on /home/airflow/.local/lib/python3.7/site-packages/airflow/example_dags/example_sensors.py
[2023-07-05T13:01:13.257+0000] {processor.py:826} INFO - Processing file /home/airflow/.local/lib/python3.7/site-packages/airflow/example_dags/example_sensors.py for tasks to queue
[2023-07-05T13:01:13.258+0000] {logging_mixin.py:149} INFO - [2023-07-05T13:01:13.257+0000] {dagbag.py:541} INFO - Filling up the DagBag from /home/airflow/.local/lib/python3.7/site-packages/airflow/example_dags/example_sensors.py
[2023-07-05T13:01:13.273+0000] {processor.py:836} INFO - DAG(s) dict_keys(['example_sensors']) retrieved from /home/airflow/.local/lib/python3.7/site-packages/airflow/example_dags/example_sensors.py
[2023-07-05T13:01:13.315+0000] {logging_mixin.py:149} INFO - [2023-07-05T13:01:13.315+0000] {dag.py:2726} INFO - Sync 1 DAGs
[2023-07-05T13:01:13.352+0000] {logging_mixin.py:149} INFO - [2023-07-05T13:01:13.351+0000] {dag.py:3490} INFO - Setting next_dagrun for example_sensors to None, run_after=None
[2023-07-05T13:01:13.385+0000] {processor.py:179} INFO - Processing /home/airflow/.local/lib/python3.7/site-packages/airflow/example_dags/example_sensors.py took 0.135 seconds
[2023-07-05T13:01:43.486+0000] {processor.py:157} INFO - Started process (PID=1353) to work on /home/airflow/.local/lib/python3.7/site-packages/airflow/example_dags/example_sensors.py
[2023-07-05T13:01:43.487+0000] {processor.py:826} INFO - Processing file /home/airflow/.local/lib/python3.7/site-packages/airflow/example_dags/example_sensors.py for tasks to queue
[2023-07-05T13:01:43.488+0000] {logging_mixin.py:149} INFO - [2023-07-05T13:01:43.487+0000] {dagbag.py:541} INFO - Filling up the DagBag from /home/airflow/.local/lib/python3.7/site-packages/airflow/example_dags/example_sensors.py
[2023-07-05T13:01:43.499+0000] {processor.py:836} INFO - DAG(s) dict_keys(['example_sensors']) retrieved from /home/airflow/.local/lib/python3.7/site-packages/airflow/example_dags/example_sensors.py
[2023-07-05T13:01:43.541+0000] {logging_mixin.py:149} INFO - [2023-07-05T13:01:43.541+0000] {dag.py:2726} INFO - Sync 1 DAGs
[2023-07-05T13:01:43.578+0000] {logging_mixin.py:149} INFO - [2023-07-05T13:01:43.578+0000] {dag.py:3490} INFO - Setting next_dagrun for example_sensors to None, run_after=None
[2023-07-05T13:01:43.603+0000] {processor.py:179} INFO - Processing /home/airflow/.local/lib/python3.7/site-packages/airflow/example_dags/example_sensors.py took 0.121 seconds
[2023-07-05T13:02:14.024+0000] {processor.py:157} INFO - Started process (PID=1410) to work on /home/airflow/.local/lib/python3.7/site-packages/airflow/example_dags/example_sensors.py
[2023-07-05T13:02:14.028+0000] {processor.py:826} INFO - Processing file /home/airflow/.local/lib/python3.7/site-packages/airflow/example_dags/example_sensors.py for tasks to queue
[2023-07-05T13:02:14.029+0000] {logging_mixin.py:149} INFO - [2023-07-05T13:02:14.029+0000] {dagbag.py:541} INFO - Filling up the DagBag from /home/airflow/.local/lib/python3.7/site-packages/airflow/example_dags/example_sensors.py
[2023-07-05T13:02:14.042+0000] {processor.py:836} INFO - DAG(s) dict_keys(['example_sensors']) retrieved from /home/airflow/.local/lib/python3.7/site-packages/airflow/example_dags/example_sensors.py
[2023-07-05T13:02:14.083+0000] {logging_mixin.py:149} INFO - [2023-07-05T13:02:14.082+0000] {dag.py:2726} INFO - Sync 1 DAGs
[2023-07-05T13:02:14.123+0000] {logging_mixin.py:149} INFO - [2023-07-05T13:02:14.122+0000] {dag.py:3490} INFO - Setting next_dagrun for example_sensors to None, run_after=None
[2023-07-05T13:02:14.148+0000] {processor.py:179} INFO - Processing /home/airflow/.local/lib/python3.7/site-packages/airflow/example_dags/example_sensors.py took 0.130 seconds
[2023-07-05T13:02:44.191+0000] {processor.py:157} INFO - Started process (PID=1467) to work on /home/airflow/.local/lib/python3.7/site-packages/airflow/example_dags/example_sensors.py
[2023-07-05T13:02:44.193+0000] {processor.py:826} INFO - Processing file /home/airflow/.local/lib/python3.7/site-packages/airflow/example_dags/example_sensors.py for tasks to queue
[2023-07-05T13:02:44.194+0000] {logging_mixin.py:149} INFO - [2023-07-05T13:02:44.193+0000] {dagbag.py:541} INFO - Filling up the DagBag from /home/airflow/.local/lib/python3.7/site-packages/airflow/example_dags/example_sensors.py
[2023-07-05T13:02:44.208+0000] {processor.py:836} INFO - DAG(s) dict_keys(['example_sensors']) retrieved from /home/airflow/.local/lib/python3.7/site-packages/airflow/example_dags/example_sensors.py
[2023-07-05T13:02:44.245+0000] {logging_mixin.py:149} INFO - [2023-07-05T13:02:44.245+0000] {dag.py:2726} INFO - Sync 1 DAGs
[2023-07-05T13:02:44.282+0000] {logging_mixin.py:149} INFO - [2023-07-05T13:02:44.282+0000] {dag.py:3490} INFO - Setting next_dagrun for example_sensors to None, run_after=None
[2023-07-05T13:02:44.311+0000] {processor.py:179} INFO - Processing /home/airflow/.local/lib/python3.7/site-packages/airflow/example_dags/example_sensors.py took 0.124 seconds
[2023-07-05T13:03:14.402+0000] {processor.py:157} INFO - Started process (PID=1524) to work on /home/airflow/.local/lib/python3.7/site-packages/airflow/example_dags/example_sensors.py
[2023-07-05T13:03:14.403+0000] {processor.py:826} INFO - Processing file /home/airflow/.local/lib/python3.7/site-packages/airflow/example_dags/example_sensors.py for tasks to queue
[2023-07-05T13:03:14.404+0000] {logging_mixin.py:149} INFO - [2023-07-05T13:03:14.404+0000] {dagbag.py:541} INFO - Filling up the DagBag from /home/airflow/.local/lib/python3.7/site-packages/airflow/example_dags/example_sensors.py
[2023-07-05T13:03:14.416+0000] {processor.py:836} INFO - DAG(s) dict_keys(['example_sensors']) retrieved from /home/airflow/.local/lib/python3.7/site-packages/airflow/example_dags/example_sensors.py
[2023-07-05T13:03:14.458+0000] {logging_mixin.py:149} INFO - [2023-07-05T13:03:14.458+0000] {dag.py:2726} INFO - Sync 1 DAGs
[2023-07-05T13:03:14.496+0000] {logging_mixin.py:149} INFO - [2023-07-05T13:03:14.496+0000] {dag.py:3490} INFO - Setting next_dagrun for example_sensors to None, run_after=None
[2023-07-05T13:03:14.523+0000] {processor.py:179} INFO - Processing /home/airflow/.local/lib/python3.7/site-packages/airflow/example_dags/example_sensors.py took 0.125 seconds
[2023-07-05T13:03:44.844+0000] {processor.py:157} INFO - Started process (PID=1580) to work on /home/airflow/.local/lib/python3.7/site-packages/airflow/example_dags/example_sensors.py
[2023-07-05T13:03:44.846+0000] {processor.py:826} INFO - Processing file /home/airflow/.local/lib/python3.7/site-packages/airflow/example_dags/example_sensors.py for tasks to queue
[2023-07-05T13:03:44.847+0000] {logging_mixin.py:149} INFO - [2023-07-05T13:03:44.847+0000] {dagbag.py:541} INFO - Filling up the DagBag from /home/airflow/.local/lib/python3.7/site-packages/airflow/example_dags/example_sensors.py
[2023-07-05T13:03:44.864+0000] {processor.py:836} INFO - DAG(s) dict_keys(['example_sensors']) retrieved from /home/airflow/.local/lib/python3.7/site-packages/airflow/example_dags/example_sensors.py
[2023-07-05T13:03:44.907+0000] {logging_mixin.py:149} INFO - [2023-07-05T13:03:44.907+0000] {dag.py:2726} INFO - Sync 1 DAGs
[2023-07-05T13:03:44.956+0000] {logging_mixin.py:149} INFO - [2023-07-05T13:03:44.955+0000] {dag.py:3490} INFO - Setting next_dagrun for example_sensors to None, run_after=None
[2023-07-05T13:03:44.990+0000] {processor.py:179} INFO - Processing /home/airflow/.local/lib/python3.7/site-packages/airflow/example_dags/example_sensors.py took 0.151 seconds
[2023-07-05T13:04:15.210+0000] {processor.py:157} INFO - Started process (PID=1637) to work on /home/airflow/.local/lib/python3.7/site-packages/airflow/example_dags/example_sensors.py
[2023-07-05T13:04:15.211+0000] {processor.py:826} INFO - Processing file /home/airflow/.local/lib/python3.7/site-packages/airflow/example_dags/example_sensors.py for tasks to queue
[2023-07-05T13:04:15.212+0000] {logging_mixin.py:149} INFO - [2023-07-05T13:04:15.211+0000] {dagbag.py:541} INFO - Filling up the DagBag from /home/airflow/.local/lib/python3.7/site-packages/airflow/example_dags/example_sensors.py
[2023-07-05T13:04:15.222+0000] {processor.py:836} INFO - DAG(s) dict_keys(['example_sensors']) retrieved from /home/airflow/.local/lib/python3.7/site-packages/airflow/example_dags/example_sensors.py
[2023-07-05T13:04:15.270+0000] {logging_mixin.py:149} INFO - [2023-07-05T13:04:15.269+0000] {dag.py:2726} INFO - Sync 1 DAGs
[2023-07-05T13:04:15.313+0000] {logging_mixin.py:149} INFO - [2023-07-05T13:04:15.313+0000] {dag.py:3490} INFO - Setting next_dagrun for example_sensors to None, run_after=None
[2023-07-05T13:04:15.342+0000] {processor.py:179} INFO - Processing /home/airflow/.local/lib/python3.7/site-packages/airflow/example_dags/example_sensors.py took 0.136 seconds
[2023-07-05T13:04:45.504+0000] {processor.py:157} INFO - Started process (PID=1693) to work on /home/airflow/.local/lib/python3.7/site-packages/airflow/example_dags/example_sensors.py
[2023-07-05T13:04:45.505+0000] {processor.py:826} INFO - Processing file /home/airflow/.local/lib/python3.7/site-packages/airflow/example_dags/example_sensors.py for tasks to queue
[2023-07-05T13:04:45.506+0000] {logging_mixin.py:149} INFO - [2023-07-05T13:04:45.505+0000] {dagbag.py:541} INFO - Filling up the DagBag from /home/airflow/.local/lib/python3.7/site-packages/airflow/example_dags/example_sensors.py
[2023-07-05T13:04:45.517+0000] {processor.py:836} INFO - DAG(s) dict_keys(['example_sensors']) retrieved from /home/airflow/.local/lib/python3.7/site-packages/airflow/example_dags/example_sensors.py
[2023-07-05T13:04:45.557+0000] {logging_mixin.py:149} INFO - [2023-07-05T13:04:45.557+0000] {dag.py:2726} INFO - Sync 1 DAGs
[2023-07-05T13:04:45.590+0000] {logging_mixin.py:149} INFO - [2023-07-05T13:04:45.589+0000] {dag.py:3490} INFO - Setting next_dagrun for example_sensors to None, run_after=None
[2023-07-05T13:04:45.611+0000] {processor.py:179} INFO - Processing /home/airflow/.local/lib/python3.7/site-packages/airflow/example_dags/example_sensors.py took 0.110 seconds
[2023-07-05T13:05:15.839+0000] {processor.py:157} INFO - Started process (PID=1750) to work on /home/airflow/.local/lib/python3.7/site-packages/airflow/example_dags/example_sensors.py
[2023-07-05T13:05:15.841+0000] {processor.py:826} INFO - Processing file /home/airflow/.local/lib/python3.7/site-packages/airflow/example_dags/example_sensors.py for tasks to queue
[2023-07-05T13:05:15.842+0000] {logging_mixin.py:149} INFO - [2023-07-05T13:05:15.842+0000] {dagbag.py:541} INFO - Filling up the DagBag from /home/airflow/.local/lib/python3.7/site-packages/airflow/example_dags/example_sensors.py
[2023-07-05T13:05:15.853+0000] {processor.py:836} INFO - DAG(s) dict_keys(['example_sensors']) retrieved from /home/airflow/.local/lib/python3.7/site-packages/airflow/example_dags/example_sensors.py
[2023-07-05T13:05:15.890+0000] {logging_mixin.py:149} INFO - [2023-07-05T13:05:15.890+0000] {dag.py:2726} INFO - Sync 1 DAGs
[2023-07-05T13:05:15.928+0000] {logging_mixin.py:149} INFO - [2023-07-05T13:05:15.928+0000] {dag.py:3490} INFO - Setting next_dagrun for example_sensors to None, run_after=None
[2023-07-05T13:05:15.959+0000] {processor.py:179} INFO - Processing /home/airflow/.local/lib/python3.7/site-packages/airflow/example_dags/example_sensors.py took 0.124 seconds
[2023-07-05T13:05:46.217+0000] {processor.py:157} INFO - Started process (PID=1808) to work on /home/airflow/.local/lib/python3.7/site-packages/airflow/example_dags/example_sensors.py
[2023-07-05T13:05:46.218+0000] {processor.py:826} INFO - Processing file /home/airflow/.local/lib/python3.7/site-packages/airflow/example_dags/example_sensors.py for tasks to queue
[2023-07-05T13:05:46.218+0000] {logging_mixin.py:149} INFO - [2023-07-05T13:05:46.218+0000] {dagbag.py:541} INFO - Filling up the DagBag from /home/airflow/.local/lib/python3.7/site-packages/airflow/example_dags/example_sensors.py
[2023-07-05T13:05:46.232+0000] {processor.py:836} INFO - DAG(s) dict_keys(['example_sensors']) retrieved from /home/airflow/.local/lib/python3.7/site-packages/airflow/example_dags/example_sensors.py
[2023-07-05T13:05:46.270+0000] {logging_mixin.py:149} INFO - [2023-07-05T13:05:46.270+0000] {dag.py:2726} INFO - Sync 1 DAGs
[2023-07-05T13:05:46.315+0000] {logging_mixin.py:149} INFO - [2023-07-05T13:05:46.315+0000] {dag.py:3490} INFO - Setting next_dagrun for example_sensors to None, run_after=None
[2023-07-05T13:05:46.349+0000] {processor.py:179} INFO - Processing /home/airflow/.local/lib/python3.7/site-packages/airflow/example_dags/example_sensors.py took 0.136 seconds
[2023-07-05T13:06:16.480+0000] {processor.py:157} INFO - Started process (PID=1865) to work on /home/airflow/.local/lib/python3.7/site-packages/airflow/example_dags/example_sensors.py
[2023-07-05T13:06:16.481+0000] {processor.py:826} INFO - Processing file /home/airflow/.local/lib/python3.7/site-packages/airflow/example_dags/example_sensors.py for tasks to queue
[2023-07-05T13:06:16.482+0000] {logging_mixin.py:149} INFO - [2023-07-05T13:06:16.481+0000] {dagbag.py:541} INFO - Filling up the DagBag from /home/airflow/.local/lib/python3.7/site-packages/airflow/example_dags/example_sensors.py
[2023-07-05T13:06:16.495+0000] {processor.py:836} INFO - DAG(s) dict_keys(['example_sensors']) retrieved from /home/airflow/.local/lib/python3.7/site-packages/airflow/example_dags/example_sensors.py
[2023-07-05T13:06:16.530+0000] {logging_mixin.py:149} INFO - [2023-07-05T13:06:16.530+0000] {dag.py:2726} INFO - Sync 1 DAGs
[2023-07-05T13:06:16.563+0000] {logging_mixin.py:149} INFO - [2023-07-05T13:06:16.563+0000] {dag.py:3490} INFO - Setting next_dagrun for example_sensors to None, run_after=None
[2023-07-05T13:06:16.595+0000] {processor.py:179} INFO - Processing /home/airflow/.local/lib/python3.7/site-packages/airflow/example_dags/example_sensors.py took 0.120 seconds
[2023-07-05T13:06:46.785+0000] {processor.py:157} INFO - Started process (PID=1922) to work on /home/airflow/.local/lib/python3.7/site-packages/airflow/example_dags/example_sensors.py
[2023-07-05T13:06:46.786+0000] {processor.py:826} INFO - Processing file /home/airflow/.local/lib/python3.7/site-packages/airflow/example_dags/example_sensors.py for tasks to queue
[2023-07-05T13:06:46.787+0000] {logging_mixin.py:149} INFO - [2023-07-05T13:06:46.787+0000] {dagbag.py:541} INFO - Filling up the DagBag from /home/airflow/.local/lib/python3.7/site-packages/airflow/example_dags/example_sensors.py
[2023-07-05T13:06:46.799+0000] {processor.py:836} INFO - DAG(s) dict_keys(['example_sensors']) retrieved from /home/airflow/.local/lib/python3.7/site-packages/airflow/example_dags/example_sensors.py
[2023-07-05T13:06:46.838+0000] {logging_mixin.py:149} INFO - [2023-07-05T13:06:46.838+0000] {dag.py:2726} INFO - Sync 1 DAGs
[2023-07-05T13:06:46.882+0000] {logging_mixin.py:149} INFO - [2023-07-05T13:06:46.881+0000] {dag.py:3490} INFO - Setting next_dagrun for example_sensors to None, run_after=None
[2023-07-05T13:06:46.914+0000] {processor.py:179} INFO - Processing /home/airflow/.local/lib/python3.7/site-packages/airflow/example_dags/example_sensors.py took 0.133 seconds
[2023-07-05T13:07:17.198+0000] {processor.py:157} INFO - Started process (PID=1979) to work on /home/airflow/.local/lib/python3.7/site-packages/airflow/example_dags/example_sensors.py
[2023-07-05T13:07:17.199+0000] {processor.py:826} INFO - Processing file /home/airflow/.local/lib/python3.7/site-packages/airflow/example_dags/example_sensors.py for tasks to queue
[2023-07-05T13:07:17.200+0000] {logging_mixin.py:149} INFO - [2023-07-05T13:07:17.200+0000] {dagbag.py:541} INFO - Filling up the DagBag from /home/airflow/.local/lib/python3.7/site-packages/airflow/example_dags/example_sensors.py
[2023-07-05T13:07:17.210+0000] {processor.py:836} INFO - DAG(s) dict_keys(['example_sensors']) retrieved from /home/airflow/.local/lib/python3.7/site-packages/airflow/example_dags/example_sensors.py
[2023-07-05T13:07:17.257+0000] {logging_mixin.py:149} INFO - [2023-07-05T13:07:17.257+0000] {dag.py:2726} INFO - Sync 1 DAGs
[2023-07-05T13:07:17.290+0000] {logging_mixin.py:149} INFO - [2023-07-05T13:07:17.290+0000] {dag.py:3490} INFO - Setting next_dagrun for example_sensors to None, run_after=None
[2023-07-05T13:07:17.313+0000] {processor.py:179} INFO - Processing /home/airflow/.local/lib/python3.7/site-packages/airflow/example_dags/example_sensors.py took 0.118 seconds
[2023-07-05T13:07:47.621+0000] {processor.py:157} INFO - Started process (PID=2036) to work on /home/airflow/.local/lib/python3.7/site-packages/airflow/example_dags/example_sensors.py
[2023-07-05T13:07:47.622+0000] {processor.py:826} INFO - Processing file /home/airflow/.local/lib/python3.7/site-packages/airflow/example_dags/example_sensors.py for tasks to queue
[2023-07-05T13:07:47.623+0000] {logging_mixin.py:149} INFO - [2023-07-05T13:07:47.623+0000] {dagbag.py:541} INFO - Filling up the DagBag from /home/airflow/.local/lib/python3.7/site-packages/airflow/example_dags/example_sensors.py
[2023-07-05T13:07:47.634+0000] {processor.py:836} INFO - DAG(s) dict_keys(['example_sensors']) retrieved from /home/airflow/.local/lib/python3.7/site-packages/airflow/example_dags/example_sensors.py
[2023-07-05T13:07:47.674+0000] {logging_mixin.py:149} INFO - [2023-07-05T13:07:47.674+0000] {dag.py:2726} INFO - Sync 1 DAGs
[2023-07-05T13:07:47.713+0000] {logging_mixin.py:149} INFO - [2023-07-05T13:07:47.713+0000] {dag.py:3490} INFO - Setting next_dagrun for example_sensors to None, run_after=None
[2023-07-05T13:07:47.744+0000] {processor.py:179} INFO - Processing /home/airflow/.local/lib/python3.7/site-packages/airflow/example_dags/example_sensors.py took 0.128 seconds
[2023-07-05T13:08:17.905+0000] {processor.py:157} INFO - Started process (PID=2092) to work on /home/airflow/.local/lib/python3.7/site-packages/airflow/example_dags/example_sensors.py
[2023-07-05T13:08:17.906+0000] {processor.py:826} INFO - Processing file /home/airflow/.local/lib/python3.7/site-packages/airflow/example_dags/example_sensors.py for tasks to queue
[2023-07-05T13:08:17.907+0000] {logging_mixin.py:149} INFO - [2023-07-05T13:08:17.907+0000] {dagbag.py:541} INFO - Filling up the DagBag from /home/airflow/.local/lib/python3.7/site-packages/airflow/example_dags/example_sensors.py
[2023-07-05T13:08:17.922+0000] {processor.py:836} INFO - DAG(s) dict_keys(['example_sensors']) retrieved from /home/airflow/.local/lib/python3.7/site-packages/airflow/example_dags/example_sensors.py
[2023-07-05T13:08:17.972+0000] {logging_mixin.py:149} INFO - [2023-07-05T13:08:17.971+0000] {dag.py:2726} INFO - Sync 1 DAGs
[2023-07-05T13:08:18.016+0000] {logging_mixin.py:149} INFO - [2023-07-05T13:08:18.016+0000] {dag.py:3490} INFO - Setting next_dagrun for example_sensors to None, run_after=None
[2023-07-05T13:08:18.052+0000] {processor.py:179} INFO - Processing /home/airflow/.local/lib/python3.7/site-packages/airflow/example_dags/example_sensors.py took 0.151 seconds
[2023-07-05T13:08:48.485+0000] {processor.py:157} INFO - Started process (PID=2149) to work on /home/airflow/.local/lib/python3.7/site-packages/airflow/example_dags/example_sensors.py
[2023-07-05T13:08:48.486+0000] {processor.py:826} INFO - Processing file /home/airflow/.local/lib/python3.7/site-packages/airflow/example_dags/example_sensors.py for tasks to queue
[2023-07-05T13:08:48.487+0000] {logging_mixin.py:149} INFO - [2023-07-05T13:08:48.487+0000] {dagbag.py:541} INFO - Filling up the DagBag from /home/airflow/.local/lib/python3.7/site-packages/airflow/example_dags/example_sensors.py
[2023-07-05T13:08:48.519+0000] {processor.py:836} INFO - DAG(s) dict_keys(['example_sensors']) retrieved from /home/airflow/.local/lib/python3.7/site-packages/airflow/example_dags/example_sensors.py
[2023-07-05T13:08:48.562+0000] {logging_mixin.py:149} INFO - [2023-07-05T13:08:48.562+0000] {dag.py:2726} INFO - Sync 1 DAGs
[2023-07-05T13:08:48.596+0000] {logging_mixin.py:149} INFO - [2023-07-05T13:08:48.596+0000] {dag.py:3490} INFO - Setting next_dagrun for example_sensors to None, run_after=None
[2023-07-05T13:08:48.620+0000] {processor.py:179} INFO - Processing /home/airflow/.local/lib/python3.7/site-packages/airflow/example_dags/example_sensors.py took 0.141 seconds
[2023-07-05T13:09:18.991+0000] {processor.py:157} INFO - Started process (PID=2206) to work on /home/airflow/.local/lib/python3.7/site-packages/airflow/example_dags/example_sensors.py
[2023-07-05T13:09:18.992+0000] {processor.py:826} INFO - Processing file /home/airflow/.local/lib/python3.7/site-packages/airflow/example_dags/example_sensors.py for tasks to queue
[2023-07-05T13:09:18.993+0000] {logging_mixin.py:149} INFO - [2023-07-05T13:09:18.993+0000] {dagbag.py:541} INFO - Filling up the DagBag from /home/airflow/.local/lib/python3.7/site-packages/airflow/example_dags/example_sensors.py
[2023-07-05T13:09:19.005+0000] {processor.py:836} INFO - DAG(s) dict_keys(['example_sensors']) retrieved from /home/airflow/.local/lib/python3.7/site-packages/airflow/example_dags/example_sensors.py
[2023-07-05T13:09:19.056+0000] {logging_mixin.py:149} INFO - [2023-07-05T13:09:19.056+0000] {dag.py:2726} INFO - Sync 1 DAGs
[2023-07-05T13:09:19.093+0000] {logging_mixin.py:149} INFO - [2023-07-05T13:09:19.093+0000] {dag.py:3490} INFO - Setting next_dagrun for example_sensors to None, run_after=None
[2023-07-05T13:09:19.123+0000] {processor.py:179} INFO - Processing /home/airflow/.local/lib/python3.7/site-packages/airflow/example_dags/example_sensors.py took 0.136 seconds
[2023-07-05T13:09:49.269+0000] {processor.py:157} INFO - Started process (PID=2265) to work on /home/airflow/.local/lib/python3.7/site-packages/airflow/example_dags/example_sensors.py
[2023-07-05T13:09:49.271+0000] {processor.py:826} INFO - Processing file /home/airflow/.local/lib/python3.7/site-packages/airflow/example_dags/example_sensors.py for tasks to queue
[2023-07-05T13:09:49.272+0000] {logging_mixin.py:149} INFO - [2023-07-05T13:09:49.271+0000] {dagbag.py:541} INFO - Filling up the DagBag from /home/airflow/.local/lib/python3.7/site-packages/airflow/example_dags/example_sensors.py
[2023-07-05T13:09:49.289+0000] {processor.py:836} INFO - DAG(s) dict_keys(['example_sensors']) retrieved from /home/airflow/.local/lib/python3.7/site-packages/airflow/example_dags/example_sensors.py
[2023-07-05T13:09:49.341+0000] {logging_mixin.py:149} INFO - [2023-07-05T13:09:49.340+0000] {dag.py:2726} INFO - Sync 1 DAGs
[2023-07-05T13:09:49.379+0000] {logging_mixin.py:149} INFO - [2023-07-05T13:09:49.379+0000] {dag.py:3490} INFO - Setting next_dagrun for example_sensors to None, run_after=None
[2023-07-05T13:09:49.410+0000] {processor.py:179} INFO - Processing /home/airflow/.local/lib/python3.7/site-packages/airflow/example_dags/example_sensors.py took 0.146 seconds
[2023-07-05T13:10:19.683+0000] {processor.py:157} INFO - Started process (PID=2327) to work on /home/airflow/.local/lib/python3.7/site-packages/airflow/example_dags/example_sensors.py
[2023-07-05T13:10:19.685+0000] {processor.py:826} INFO - Processing file /home/airflow/.local/lib/python3.7/site-packages/airflow/example_dags/example_sensors.py for tasks to queue
[2023-07-05T13:10:19.685+0000] {logging_mixin.py:149} INFO - [2023-07-05T13:10:19.685+0000] {dagbag.py:541} INFO - Filling up the DagBag from /home/airflow/.local/lib/python3.7/site-packages/airflow/example_dags/example_sensors.py
[2023-07-05T13:10:19.698+0000] {processor.py:836} INFO - DAG(s) dict_keys(['example_sensors']) retrieved from /home/airflow/.local/lib/python3.7/site-packages/airflow/example_dags/example_sensors.py
[2023-07-05T13:10:19.744+0000] {logging_mixin.py:149} INFO - [2023-07-05T13:10:19.743+0000] {dag.py:2726} INFO - Sync 1 DAGs
[2023-07-05T13:10:19.781+0000] {logging_mixin.py:149} INFO - [2023-07-05T13:10:19.781+0000] {dag.py:3490} INFO - Setting next_dagrun for example_sensors to None, run_after=None
[2023-07-05T13:10:19.812+0000] {processor.py:179} INFO - Processing /home/airflow/.local/lib/python3.7/site-packages/airflow/example_dags/example_sensors.py took 0.132 seconds
[2023-07-05T13:10:50.080+0000] {processor.py:157} INFO - Started process (PID=2384) to work on /home/airflow/.local/lib/python3.7/site-packages/airflow/example_dags/example_sensors.py
[2023-07-05T13:10:50.082+0000] {processor.py:826} INFO - Processing file /home/airflow/.local/lib/python3.7/site-packages/airflow/example_dags/example_sensors.py for tasks to queue
[2023-07-05T13:10:50.082+0000] {logging_mixin.py:149} INFO - [2023-07-05T13:10:50.082+0000] {dagbag.py:541} INFO - Filling up the DagBag from /home/airflow/.local/lib/python3.7/site-packages/airflow/example_dags/example_sensors.py
[2023-07-05T13:10:50.098+0000] {processor.py:836} INFO - DAG(s) dict_keys(['example_sensors']) retrieved from /home/airflow/.local/lib/python3.7/site-packages/airflow/example_dags/example_sensors.py
[2023-07-05T13:10:50.143+0000] {logging_mixin.py:149} INFO - [2023-07-05T13:10:50.143+0000] {dag.py:2726} INFO - Sync 1 DAGs
[2023-07-05T13:10:50.188+0000] {logging_mixin.py:149} INFO - [2023-07-05T13:10:50.187+0000] {dag.py:3490} INFO - Setting next_dagrun for example_sensors to None, run_after=None
[2023-07-05T13:10:50.223+0000] {processor.py:179} INFO - Processing /home/airflow/.local/lib/python3.7/site-packages/airflow/example_dags/example_sensors.py took 0.147 seconds
[2023-07-05T13:11:20.461+0000] {processor.py:157} INFO - Started process (PID=2441) to work on /home/airflow/.local/lib/python3.7/site-packages/airflow/example_dags/example_sensors.py
[2023-07-05T13:11:20.463+0000] {processor.py:826} INFO - Processing file /home/airflow/.local/lib/python3.7/site-packages/airflow/example_dags/example_sensors.py for tasks to queue
[2023-07-05T13:11:20.464+0000] {logging_mixin.py:149} INFO - [2023-07-05T13:11:20.464+0000] {dagbag.py:541} INFO - Filling up the DagBag from /home/airflow/.local/lib/python3.7/site-packages/airflow/example_dags/example_sensors.py
[2023-07-05T13:11:20.475+0000] {processor.py:836} INFO - DAG(s) dict_keys(['example_sensors']) retrieved from /home/airflow/.local/lib/python3.7/site-packages/airflow/example_dags/example_sensors.py
[2023-07-05T13:11:20.517+0000] {logging_mixin.py:149} INFO - [2023-07-05T13:11:20.517+0000] {dag.py:2726} INFO - Sync 1 DAGs
[2023-07-05T13:11:20.561+0000] {logging_mixin.py:149} INFO - [2023-07-05T13:11:20.561+0000] {dag.py:3490} INFO - Setting next_dagrun for example_sensors to None, run_after=None
[2023-07-05T13:11:20.590+0000] {processor.py:179} INFO - Processing /home/airflow/.local/lib/python3.7/site-packages/airflow/example_dags/example_sensors.py took 0.133 seconds
[2023-07-05T13:11:50.853+0000] {processor.py:157} INFO - Started process (PID=2498) to work on /home/airflow/.local/lib/python3.7/site-packages/airflow/example_dags/example_sensors.py
[2023-07-05T13:11:50.854+0000] {processor.py:826} INFO - Processing file /home/airflow/.local/lib/python3.7/site-packages/airflow/example_dags/example_sensors.py for tasks to queue
[2023-07-05T13:11:50.855+0000] {logging_mixin.py:149} INFO - [2023-07-05T13:11:50.855+0000] {dagbag.py:541} INFO - Filling up the DagBag from /home/airflow/.local/lib/python3.7/site-packages/airflow/example_dags/example_sensors.py
[2023-07-05T13:11:50.866+0000] {processor.py:836} INFO - DAG(s) dict_keys(['example_sensors']) retrieved from /home/airflow/.local/lib/python3.7/site-packages/airflow/example_dags/example_sensors.py
[2023-07-05T13:11:50.911+0000] {logging_mixin.py:149} INFO - [2023-07-05T13:11:50.911+0000] {dag.py:2726} INFO - Sync 1 DAGs
[2023-07-05T13:11:50.949+0000] {logging_mixin.py:149} INFO - [2023-07-05T13:11:50.949+0000] {dag.py:3490} INFO - Setting next_dagrun for example_sensors to None, run_after=None
[2023-07-05T13:11:50.978+0000] {processor.py:179} INFO - Processing /home/airflow/.local/lib/python3.7/site-packages/airflow/example_dags/example_sensors.py took 0.128 seconds
[2023-07-05T13:12:21.543+0000] {processor.py:157} INFO - Started process (PID=2555) to work on /home/airflow/.local/lib/python3.7/site-packages/airflow/example_dags/example_sensors.py
[2023-07-05T13:12:21.545+0000] {processor.py:826} INFO - Processing file /home/airflow/.local/lib/python3.7/site-packages/airflow/example_dags/example_sensors.py for tasks to queue
[2023-07-05T13:12:21.546+0000] {logging_mixin.py:149} INFO - [2023-07-05T13:12:21.545+0000] {dagbag.py:541} INFO - Filling up the DagBag from /home/airflow/.local/lib/python3.7/site-packages/airflow/example_dags/example_sensors.py
[2023-07-05T13:12:21.559+0000] {processor.py:836} INFO - DAG(s) dict_keys(['example_sensors']) retrieved from /home/airflow/.local/lib/python3.7/site-packages/airflow/example_dags/example_sensors.py
[2023-07-05T13:12:21.604+0000] {logging_mixin.py:149} INFO - [2023-07-05T13:12:21.603+0000] {dag.py:2726} INFO - Sync 1 DAGs
[2023-07-05T13:12:21.655+0000] {logging_mixin.py:149} INFO - [2023-07-05T13:12:21.655+0000] {dag.py:3490} INFO - Setting next_dagrun for example_sensors to None, run_after=None
[2023-07-05T13:12:21.698+0000] {processor.py:179} INFO - Processing /home/airflow/.local/lib/python3.7/site-packages/airflow/example_dags/example_sensors.py took 0.158 seconds
[2023-07-05T13:12:51.832+0000] {processor.py:157} INFO - Started process (PID=2612) to work on /home/airflow/.local/lib/python3.7/site-packages/airflow/example_dags/example_sensors.py
[2023-07-05T13:12:51.833+0000] {processor.py:826} INFO - Processing file /home/airflow/.local/lib/python3.7/site-packages/airflow/example_dags/example_sensors.py for tasks to queue
[2023-07-05T13:12:51.834+0000] {logging_mixin.py:149} INFO - [2023-07-05T13:12:51.834+0000] {dagbag.py:541} INFO - Filling up the DagBag from /home/airflow/.local/lib/python3.7/site-packages/airflow/example_dags/example_sensors.py
[2023-07-05T13:12:51.844+0000] {processor.py:836} INFO - DAG(s) dict_keys(['example_sensors']) retrieved from /home/airflow/.local/lib/python3.7/site-packages/airflow/example_dags/example_sensors.py
[2023-07-05T13:12:51.880+0000] {logging_mixin.py:149} INFO - [2023-07-05T13:12:51.880+0000] {dag.py:2726} INFO - Sync 1 DAGs
[2023-07-05T13:12:51.912+0000] {logging_mixin.py:149} INFO - [2023-07-05T13:12:51.911+0000] {dag.py:3490} INFO - Setting next_dagrun for example_sensors to None, run_after=None
[2023-07-05T13:12:51.935+0000] {processor.py:179} INFO - Processing /home/airflow/.local/lib/python3.7/site-packages/airflow/example_dags/example_sensors.py took 0.107 seconds
[2023-07-05T13:13:22.352+0000] {processor.py:157} INFO - Started process (PID=2669) to work on /home/airflow/.local/lib/python3.7/site-packages/airflow/example_dags/example_sensors.py
[2023-07-05T13:13:22.353+0000] {processor.py:826} INFO - Processing file /home/airflow/.local/lib/python3.7/site-packages/airflow/example_dags/example_sensors.py for tasks to queue
[2023-07-05T13:13:22.353+0000] {logging_mixin.py:149} INFO - [2023-07-05T13:13:22.353+0000] {dagbag.py:541} INFO - Filling up the DagBag from /home/airflow/.local/lib/python3.7/site-packages/airflow/example_dags/example_sensors.py
[2023-07-05T13:13:22.364+0000] {processor.py:836} INFO - DAG(s) dict_keys(['example_sensors']) retrieved from /home/airflow/.local/lib/python3.7/site-packages/airflow/example_dags/example_sensors.py
[2023-07-05T13:13:22.401+0000] {logging_mixin.py:149} INFO - [2023-07-05T13:13:22.401+0000] {dag.py:2726} INFO - Sync 1 DAGs
[2023-07-05T13:13:22.440+0000] {logging_mixin.py:149} INFO - [2023-07-05T13:13:22.439+0000] {dag.py:3490} INFO - Setting next_dagrun for example_sensors to None, run_after=None
[2023-07-05T13:13:22.466+0000] {processor.py:179} INFO - Processing /home/airflow/.local/lib/python3.7/site-packages/airflow/example_dags/example_sensors.py took 0.117 seconds
[2023-07-05T13:13:52.709+0000] {processor.py:157} INFO - Started process (PID=2727) to work on /home/airflow/.local/lib/python3.7/site-packages/airflow/example_dags/example_sensors.py
[2023-07-05T13:13:52.710+0000] {processor.py:826} INFO - Processing file /home/airflow/.local/lib/python3.7/site-packages/airflow/example_dags/example_sensors.py for tasks to queue
[2023-07-05T13:13:52.711+0000] {logging_mixin.py:149} INFO - [2023-07-05T13:13:52.710+0000] {dagbag.py:541} INFO - Filling up the DagBag from /home/airflow/.local/lib/python3.7/site-packages/airflow/example_dags/example_sensors.py
[2023-07-05T13:13:52.723+0000] {processor.py:836} INFO - DAG(s) dict_keys(['example_sensors']) retrieved from /home/airflow/.local/lib/python3.7/site-packages/airflow/example_dags/example_sensors.py
[2023-07-05T13:13:52.763+0000] {logging_mixin.py:149} INFO - [2023-07-05T13:13:52.763+0000] {dag.py:2726} INFO - Sync 1 DAGs
[2023-07-05T13:13:52.799+0000] {logging_mixin.py:149} INFO - [2023-07-05T13:13:52.799+0000] {dag.py:3490} INFO - Setting next_dagrun for example_sensors to None, run_after=None
[2023-07-05T13:13:52.825+0000] {processor.py:179} INFO - Processing /home/airflow/.local/lib/python3.7/site-packages/airflow/example_dags/example_sensors.py took 0.120 seconds
[2023-07-05T13:14:22.985+0000] {processor.py:157} INFO - Started process (PID=2784) to work on /home/airflow/.local/lib/python3.7/site-packages/airflow/example_dags/example_sensors.py
[2023-07-05T13:14:22.986+0000] {processor.py:826} INFO - Processing file /home/airflow/.local/lib/python3.7/site-packages/airflow/example_dags/example_sensors.py for tasks to queue
[2023-07-05T13:14:22.986+0000] {logging_mixin.py:149} INFO - [2023-07-05T13:14:22.986+0000] {dagbag.py:541} INFO - Filling up the DagBag from /home/airflow/.local/lib/python3.7/site-packages/airflow/example_dags/example_sensors.py
[2023-07-05T13:14:23.002+0000] {processor.py:836} INFO - DAG(s) dict_keys(['example_sensors']) retrieved from /home/airflow/.local/lib/python3.7/site-packages/airflow/example_dags/example_sensors.py
[2023-07-05T13:14:23.061+0000] {logging_mixin.py:149} INFO - [2023-07-05T13:14:23.061+0000] {dag.py:2726} INFO - Sync 1 DAGs
[2023-07-05T13:14:23.096+0000] {logging_mixin.py:149} INFO - [2023-07-05T13:14:23.096+0000] {dag.py:3490} INFO - Setting next_dagrun for example_sensors to None, run_after=None
[2023-07-05T13:14:23.123+0000] {processor.py:179} INFO - Processing /home/airflow/.local/lib/python3.7/site-packages/airflow/example_dags/example_sensors.py took 0.142 seconds
[2023-07-05T13:14:53.333+0000] {processor.py:157} INFO - Started process (PID=2840) to work on /home/airflow/.local/lib/python3.7/site-packages/airflow/example_dags/example_sensors.py
[2023-07-05T13:14:53.336+0000] {processor.py:826} INFO - Processing file /home/airflow/.local/lib/python3.7/site-packages/airflow/example_dags/example_sensors.py for tasks to queue
[2023-07-05T13:14:53.338+0000] {logging_mixin.py:149} INFO - [2023-07-05T13:14:53.337+0000] {dagbag.py:541} INFO - Filling up the DagBag from /home/airflow/.local/lib/python3.7/site-packages/airflow/example_dags/example_sensors.py
[2023-07-05T13:14:53.352+0000] {processor.py:836} INFO - DAG(s) dict_keys(['example_sensors']) retrieved from /home/airflow/.local/lib/python3.7/site-packages/airflow/example_dags/example_sensors.py
[2023-07-05T13:14:53.395+0000] {logging_mixin.py:149} INFO - [2023-07-05T13:14:53.394+0000] {dag.py:2726} INFO - Sync 1 DAGs
[2023-07-05T13:14:53.434+0000] {logging_mixin.py:149} INFO - [2023-07-05T13:14:53.434+0000] {dag.py:3490} INFO - Setting next_dagrun for example_sensors to None, run_after=None
[2023-07-05T13:14:53.458+0000] {processor.py:179} INFO - Processing /home/airflow/.local/lib/python3.7/site-packages/airflow/example_dags/example_sensors.py took 0.130 seconds
[2023-07-05T13:15:24.173+0000] {processor.py:157} INFO - Started process (PID=2892) to work on /home/airflow/.local/lib/python3.7/site-packages/airflow/example_dags/example_sensors.py
[2023-07-05T13:15:24.174+0000] {processor.py:826} INFO - Processing file /home/airflow/.local/lib/python3.7/site-packages/airflow/example_dags/example_sensors.py for tasks to queue
[2023-07-05T13:15:24.174+0000] {logging_mixin.py:149} INFO - [2023-07-05T13:15:24.174+0000] {dagbag.py:541} INFO - Filling up the DagBag from /home/airflow/.local/lib/python3.7/site-packages/airflow/example_dags/example_sensors.py
[2023-07-05T13:15:24.185+0000] {processor.py:836} INFO - DAG(s) dict_keys(['example_sensors']) retrieved from /home/airflow/.local/lib/python3.7/site-packages/airflow/example_dags/example_sensors.py
[2023-07-05T13:15:24.225+0000] {logging_mixin.py:149} INFO - [2023-07-05T13:15:24.225+0000] {dag.py:2726} INFO - Sync 1 DAGs
[2023-07-05T13:15:24.262+0000] {logging_mixin.py:149} INFO - [2023-07-05T13:15:24.262+0000] {dag.py:3490} INFO - Setting next_dagrun for example_sensors to None, run_after=None
[2023-07-05T13:15:24.293+0000] {processor.py:179} INFO - Processing /home/airflow/.local/lib/python3.7/site-packages/airflow/example_dags/example_sensors.py took 0.124 seconds
[2023-07-05T13:15:54.749+0000] {processor.py:157} INFO - Started process (PID=2949) to work on /home/airflow/.local/lib/python3.7/site-packages/airflow/example_dags/example_sensors.py
[2023-07-05T13:15:54.751+0000] {processor.py:826} INFO - Processing file /home/airflow/.local/lib/python3.7/site-packages/airflow/example_dags/example_sensors.py for tasks to queue
[2023-07-05T13:15:54.752+0000] {logging_mixin.py:149} INFO - [2023-07-05T13:15:54.752+0000] {dagbag.py:541} INFO - Filling up the DagBag from /home/airflow/.local/lib/python3.7/site-packages/airflow/example_dags/example_sensors.py
[2023-07-05T13:15:54.766+0000] {processor.py:836} INFO - DAG(s) dict_keys(['example_sensors']) retrieved from /home/airflow/.local/lib/python3.7/site-packages/airflow/example_dags/example_sensors.py
[2023-07-05T13:15:54.817+0000] {logging_mixin.py:149} INFO - [2023-07-05T13:15:54.816+0000] {dag.py:2726} INFO - Sync 1 DAGs
[2023-07-05T13:15:54.859+0000] {logging_mixin.py:149} INFO - [2023-07-05T13:15:54.859+0000] {dag.py:3490} INFO - Setting next_dagrun for example_sensors to None, run_after=None
[2023-07-05T13:15:54.885+0000] {processor.py:179} INFO - Processing /home/airflow/.local/lib/python3.7/site-packages/airflow/example_dags/example_sensors.py took 0.141 seconds
[2023-07-05T13:16:25.017+0000] {processor.py:157} INFO - Started process (PID=3006) to work on /home/airflow/.local/lib/python3.7/site-packages/airflow/example_dags/example_sensors.py
[2023-07-05T13:16:25.020+0000] {processor.py:826} INFO - Processing file /home/airflow/.local/lib/python3.7/site-packages/airflow/example_dags/example_sensors.py for tasks to queue
[2023-07-05T13:16:25.021+0000] {logging_mixin.py:149} INFO - [2023-07-05T13:16:25.021+0000] {dagbag.py:541} INFO - Filling up the DagBag from /home/airflow/.local/lib/python3.7/site-packages/airflow/example_dags/example_sensors.py
[2023-07-05T13:16:25.035+0000] {processor.py:836} INFO - DAG(s) dict_keys(['example_sensors']) retrieved from /home/airflow/.local/lib/python3.7/site-packages/airflow/example_dags/example_sensors.py
[2023-07-05T13:16:25.073+0000] {logging_mixin.py:149} INFO - [2023-07-05T13:16:25.073+0000] {dag.py:2726} INFO - Sync 1 DAGs
[2023-07-05T13:16:25.109+0000] {logging_mixin.py:149} INFO - [2023-07-05T13:16:25.109+0000] {dag.py:3490} INFO - Setting next_dagrun for example_sensors to None, run_after=None
[2023-07-05T13:16:25.136+0000] {processor.py:179} INFO - Processing /home/airflow/.local/lib/python3.7/site-packages/airflow/example_dags/example_sensors.py took 0.124 seconds
[2023-07-05T13:16:55.249+0000] {processor.py:157} INFO - Started process (PID=3062) to work on /home/airflow/.local/lib/python3.7/site-packages/airflow/example_dags/example_sensors.py
[2023-07-05T13:16:55.251+0000] {processor.py:826} INFO - Processing file /home/airflow/.local/lib/python3.7/site-packages/airflow/example_dags/example_sensors.py for tasks to queue
[2023-07-05T13:16:55.251+0000] {logging_mixin.py:149} INFO - [2023-07-05T13:16:55.251+0000] {dagbag.py:541} INFO - Filling up the DagBag from /home/airflow/.local/lib/python3.7/site-packages/airflow/example_dags/example_sensors.py
[2023-07-05T13:16:55.266+0000] {processor.py:836} INFO - DAG(s) dict_keys(['example_sensors']) retrieved from /home/airflow/.local/lib/python3.7/site-packages/airflow/example_dags/example_sensors.py
[2023-07-05T13:16:55.310+0000] {logging_mixin.py:149} INFO - [2023-07-05T13:16:55.310+0000] {dag.py:2726} INFO - Sync 1 DAGs
[2023-07-05T13:16:55.353+0000] {logging_mixin.py:149} INFO - [2023-07-05T13:16:55.352+0000] {dag.py:3490} INFO - Setting next_dagrun for example_sensors to None, run_after=None
[2023-07-05T13:16:55.381+0000] {processor.py:179} INFO - Processing /home/airflow/.local/lib/python3.7/site-packages/airflow/example_dags/example_sensors.py took 0.136 seconds
[2023-07-05T13:17:25.949+0000] {processor.py:157} INFO - Started process (PID=3119) to work on /home/airflow/.local/lib/python3.7/site-packages/airflow/example_dags/example_sensors.py
[2023-07-05T13:17:25.950+0000] {processor.py:826} INFO - Processing file /home/airflow/.local/lib/python3.7/site-packages/airflow/example_dags/example_sensors.py for tasks to queue
[2023-07-05T13:17:25.950+0000] {logging_mixin.py:149} INFO - [2023-07-05T13:17:25.950+0000] {dagbag.py:541} INFO - Filling up the DagBag from /home/airflow/.local/lib/python3.7/site-packages/airflow/example_dags/example_sensors.py
[2023-07-05T13:17:25.961+0000] {processor.py:836} INFO - DAG(s) dict_keys(['example_sensors']) retrieved from /home/airflow/.local/lib/python3.7/site-packages/airflow/example_dags/example_sensors.py
[2023-07-05T13:17:26.003+0000] {logging_mixin.py:149} INFO - [2023-07-05T13:17:26.003+0000] {dag.py:2726} INFO - Sync 1 DAGs
[2023-07-05T13:17:26.042+0000] {logging_mixin.py:149} INFO - [2023-07-05T13:17:26.041+0000] {dag.py:3490} INFO - Setting next_dagrun for example_sensors to None, run_after=None
[2023-07-05T13:17:26.072+0000] {processor.py:179} INFO - Processing /home/airflow/.local/lib/python3.7/site-packages/airflow/example_dags/example_sensors.py took 0.128 seconds
[2023-07-05T13:17:56.424+0000] {processor.py:157} INFO - Started process (PID=3176) to work on /home/airflow/.local/lib/python3.7/site-packages/airflow/example_dags/example_sensors.py
[2023-07-05T13:17:56.425+0000] {processor.py:826} INFO - Processing file /home/airflow/.local/lib/python3.7/site-packages/airflow/example_dags/example_sensors.py for tasks to queue
[2023-07-05T13:17:56.426+0000] {logging_mixin.py:149} INFO - [2023-07-05T13:17:56.426+0000] {dagbag.py:541} INFO - Filling up the DagBag from /home/airflow/.local/lib/python3.7/site-packages/airflow/example_dags/example_sensors.py
[2023-07-05T13:17:56.437+0000] {processor.py:836} INFO - DAG(s) dict_keys(['example_sensors']) retrieved from /home/airflow/.local/lib/python3.7/site-packages/airflow/example_dags/example_sensors.py
[2023-07-05T13:17:56.472+0000] {logging_mixin.py:149} INFO - [2023-07-05T13:17:56.471+0000] {dag.py:2726} INFO - Sync 1 DAGs
[2023-07-05T13:17:56.506+0000] {logging_mixin.py:149} INFO - [2023-07-05T13:17:56.506+0000] {dag.py:3490} INFO - Setting next_dagrun for example_sensors to None, run_after=None
[2023-07-05T13:17:56.529+0000] {processor.py:179} INFO - Processing /home/airflow/.local/lib/python3.7/site-packages/airflow/example_dags/example_sensors.py took 0.108 seconds
