[2023-07-05T12:49:55.500+0000] {processor.py:157} INFO - Started process (PID=45) to work on /home/airflow/.local/lib/python3.7/site-packages/airflow/example_dags/example_xcomargs.py
[2023-07-05T12:49:55.502+0000] {processor.py:826} INFO - Processing file /home/airflow/.local/lib/python3.7/site-packages/airflow/example_dags/example_xcomargs.py for tasks to queue
[2023-07-05T12:49:55.503+0000] {logging_mixin.py:149} INFO - [2023-07-05T12:49:55.503+0000] {dagbag.py:541} INFO - Filling up the DagBag from /home/airflow/.local/lib/python3.7/site-packages/airflow/example_dags/example_xcomargs.py
[2023-07-05T12:49:55.514+0000] {processor.py:836} INFO - DAG(s) dict_keys(['example_xcom_args', 'example_xcom_args_with_operators']) retrieved from /home/airflow/.local/lib/python3.7/site-packages/airflow/example_dags/example_xcomargs.py
[2023-07-05T12:49:55.535+0000] {logging_mixin.py:149} INFO - [2023-07-05T12:49:55.535+0000] {dag.py:2726} INFO - Sync 2 DAGs
[2023-07-05T12:49:55.593+0000] {logging_mixin.py:149} INFO - [2023-07-05T12:49:55.592+0000] {dag.py:3490} INFO - Setting next_dagrun for example_xcom_args to None, run_after=None
[2023-07-05T12:49:55.598+0000] {logging_mixin.py:149} INFO - [2023-07-05T12:49:55.597+0000] {dag.py:3490} INFO - Setting next_dagrun for example_xcom_args_with_operators to None, run_after=None
[2023-07-05T12:49:55.622+0000] {processor.py:179} INFO - Processing /home/airflow/.local/lib/python3.7/site-packages/airflow/example_dags/example_xcomargs.py took 0.127 seconds
[2023-07-05T12:50:31.051+0000] {processor.py:157} INFO - Started process (PID=102) to work on /home/airflow/.local/lib/python3.7/site-packages/airflow/example_dags/example_xcomargs.py
[2023-07-05T12:50:31.052+0000] {processor.py:826} INFO - Processing file /home/airflow/.local/lib/python3.7/site-packages/airflow/example_dags/example_xcomargs.py for tasks to queue
[2023-07-05T12:50:31.053+0000] {logging_mixin.py:149} INFO - [2023-07-05T12:50:31.053+0000] {dagbag.py:541} INFO - Filling up the DagBag from /home/airflow/.local/lib/python3.7/site-packages/airflow/example_dags/example_xcomargs.py
[2023-07-05T12:50:31.067+0000] {processor.py:836} INFO - DAG(s) dict_keys(['example_xcom_args_with_operators', 'example_xcom_args']) retrieved from /home/airflow/.local/lib/python3.7/site-packages/airflow/example_dags/example_xcomargs.py
[2023-07-05T12:50:31.111+0000] {logging_mixin.py:149} INFO - [2023-07-05T12:50:31.110+0000] {dag.py:2726} INFO - Sync 2 DAGs
[2023-07-05T12:50:31.148+0000] {logging_mixin.py:149} INFO - [2023-07-05T12:50:31.148+0000] {dag.py:3490} INFO - Setting next_dagrun for example_xcom_args to None, run_after=None
[2023-07-05T12:50:31.153+0000] {logging_mixin.py:149} INFO - [2023-07-05T12:50:31.152+0000] {dag.py:3490} INFO - Setting next_dagrun for example_xcom_args_with_operators to None, run_after=None
[2023-07-05T12:50:31.182+0000] {processor.py:179} INFO - Processing /home/airflow/.local/lib/python3.7/site-packages/airflow/example_dags/example_xcomargs.py took 0.135 seconds
[2023-07-05T12:51:01.414+0000] {processor.py:157} INFO - Started process (PID=160) to work on /home/airflow/.local/lib/python3.7/site-packages/airflow/example_dags/example_xcomargs.py
[2023-07-05T12:51:01.415+0000] {processor.py:826} INFO - Processing file /home/airflow/.local/lib/python3.7/site-packages/airflow/example_dags/example_xcomargs.py for tasks to queue
[2023-07-05T12:51:01.416+0000] {logging_mixin.py:149} INFO - [2023-07-05T12:51:01.416+0000] {dagbag.py:541} INFO - Filling up the DagBag from /home/airflow/.local/lib/python3.7/site-packages/airflow/example_dags/example_xcomargs.py
[2023-07-05T12:51:01.425+0000] {processor.py:836} INFO - DAG(s) dict_keys(['example_xcom_args', 'example_xcom_args_with_operators']) retrieved from /home/airflow/.local/lib/python3.7/site-packages/airflow/example_dags/example_xcomargs.py
[2023-07-05T12:51:01.465+0000] {logging_mixin.py:149} INFO - [2023-07-05T12:51:01.465+0000] {dag.py:2726} INFO - Sync 2 DAGs
[2023-07-05T12:51:01.530+0000] {logging_mixin.py:149} INFO - [2023-07-05T12:51:01.529+0000] {dag.py:3490} INFO - Setting next_dagrun for example_xcom_args to None, run_after=None
[2023-07-05T12:51:01.537+0000] {logging_mixin.py:149} INFO - [2023-07-05T12:51:01.537+0000] {dag.py:3490} INFO - Setting next_dagrun for example_xcom_args_with_operators to None, run_after=None
[2023-07-05T12:51:01.567+0000] {processor.py:179} INFO - Processing /home/airflow/.local/lib/python3.7/site-packages/airflow/example_dags/example_xcomargs.py took 0.157 seconds
[2023-07-05T12:51:32.024+0000] {processor.py:157} INFO - Started process (PID=217) to work on /home/airflow/.local/lib/python3.7/site-packages/airflow/example_dags/example_xcomargs.py
[2023-07-05T12:51:32.030+0000] {processor.py:826} INFO - Processing file /home/airflow/.local/lib/python3.7/site-packages/airflow/example_dags/example_xcomargs.py for tasks to queue
[2023-07-05T12:51:32.032+0000] {logging_mixin.py:149} INFO - [2023-07-05T12:51:32.031+0000] {dagbag.py:541} INFO - Filling up the DagBag from /home/airflow/.local/lib/python3.7/site-packages/airflow/example_dags/example_xcomargs.py
[2023-07-05T12:51:32.046+0000] {processor.py:836} INFO - DAG(s) dict_keys(['example_xcom_args', 'example_xcom_args_with_operators']) retrieved from /home/airflow/.local/lib/python3.7/site-packages/airflow/example_dags/example_xcomargs.py
[2023-07-05T12:51:32.107+0000] {logging_mixin.py:149} INFO - [2023-07-05T12:51:32.107+0000] {dag.py:2726} INFO - Sync 2 DAGs
[2023-07-05T12:51:32.153+0000] {logging_mixin.py:149} INFO - [2023-07-05T12:51:32.152+0000] {dag.py:3490} INFO - Setting next_dagrun for example_xcom_args to None, run_after=None
[2023-07-05T12:51:32.160+0000] {logging_mixin.py:149} INFO - [2023-07-05T12:51:32.159+0000] {dag.py:3490} INFO - Setting next_dagrun for example_xcom_args_with_operators to None, run_after=None
[2023-07-05T12:51:32.202+0000] {processor.py:179} INFO - Processing /home/airflow/.local/lib/python3.7/site-packages/airflow/example_dags/example_xcomargs.py took 0.183 seconds
[2023-07-05T12:52:03.365+0000] {processor.py:157} INFO - Started process (PID=274) to work on /home/airflow/.local/lib/python3.7/site-packages/airflow/example_dags/example_xcomargs.py
[2023-07-05T12:52:03.369+0000] {processor.py:826} INFO - Processing file /home/airflow/.local/lib/python3.7/site-packages/airflow/example_dags/example_xcomargs.py for tasks to queue
[2023-07-05T12:52:03.370+0000] {logging_mixin.py:149} INFO - [2023-07-05T12:52:03.370+0000] {dagbag.py:541} INFO - Filling up the DagBag from /home/airflow/.local/lib/python3.7/site-packages/airflow/example_dags/example_xcomargs.py
[2023-07-05T12:52:03.379+0000] {processor.py:836} INFO - DAG(s) dict_keys(['example_xcom_args', 'example_xcom_args_with_operators']) retrieved from /home/airflow/.local/lib/python3.7/site-packages/airflow/example_dags/example_xcomargs.py
[2023-07-05T12:52:03.423+0000] {logging_mixin.py:149} INFO - [2023-07-05T12:52:03.422+0000] {dag.py:2726} INFO - Sync 2 DAGs
[2023-07-05T12:52:03.469+0000] {logging_mixin.py:149} INFO - [2023-07-05T12:52:03.468+0000] {dag.py:3490} INFO - Setting next_dagrun for example_xcom_args to None, run_after=None
[2023-07-05T12:52:03.475+0000] {logging_mixin.py:149} INFO - [2023-07-05T12:52:03.475+0000] {dag.py:3490} INFO - Setting next_dagrun for example_xcom_args_with_operators to None, run_after=None
[2023-07-05T12:52:03.506+0000] {processor.py:179} INFO - Processing /home/airflow/.local/lib/python3.7/site-packages/airflow/example_dags/example_xcomargs.py took 0.146 seconds
[2023-07-05T12:52:34.572+0000] {processor.py:157} INFO - Started process (PID=331) to work on /home/airflow/.local/lib/python3.7/site-packages/airflow/example_dags/example_xcomargs.py
[2023-07-05T12:52:34.572+0000] {processor.py:826} INFO - Processing file /home/airflow/.local/lib/python3.7/site-packages/airflow/example_dags/example_xcomargs.py for tasks to queue
[2023-07-05T12:52:34.573+0000] {logging_mixin.py:149} INFO - [2023-07-05T12:52:34.573+0000] {dagbag.py:541} INFO - Filling up the DagBag from /home/airflow/.local/lib/python3.7/site-packages/airflow/example_dags/example_xcomargs.py
[2023-07-05T12:52:34.582+0000] {processor.py:836} INFO - DAG(s) dict_keys(['example_xcom_args', 'example_xcom_args_with_operators']) retrieved from /home/airflow/.local/lib/python3.7/site-packages/airflow/example_dags/example_xcomargs.py
[2023-07-05T12:52:34.623+0000] {logging_mixin.py:149} INFO - [2023-07-05T12:52:34.623+0000] {dag.py:2726} INFO - Sync 2 DAGs
[2023-07-05T12:52:34.658+0000] {logging_mixin.py:149} INFO - [2023-07-05T12:52:34.657+0000] {dag.py:3490} INFO - Setting next_dagrun for example_xcom_args to None, run_after=None
[2023-07-05T12:52:34.822+0000] {logging_mixin.py:149} INFO - [2023-07-05T12:52:34.821+0000] {dag.py:3490} INFO - Setting next_dagrun for example_xcom_args_with_operators to None, run_after=None
[2023-07-05T12:52:34.846+0000] {processor.py:179} INFO - Processing /home/airflow/.local/lib/python3.7/site-packages/airflow/example_dags/example_xcomargs.py took 0.279 seconds
[2023-07-05T12:53:04.985+0000] {processor.py:157} INFO - Started process (PID=388) to work on /home/airflow/.local/lib/python3.7/site-packages/airflow/example_dags/example_xcomargs.py
[2023-07-05T12:53:04.987+0000] {processor.py:826} INFO - Processing file /home/airflow/.local/lib/python3.7/site-packages/airflow/example_dags/example_xcomargs.py for tasks to queue
[2023-07-05T12:53:04.987+0000] {logging_mixin.py:149} INFO - [2023-07-05T12:53:04.987+0000] {dagbag.py:541} INFO - Filling up the DagBag from /home/airflow/.local/lib/python3.7/site-packages/airflow/example_dags/example_xcomargs.py
[2023-07-05T12:53:04.996+0000] {processor.py:836} INFO - DAG(s) dict_keys(['example_xcom_args', 'example_xcom_args_with_operators']) retrieved from /home/airflow/.local/lib/python3.7/site-packages/airflow/example_dags/example_xcomargs.py
[2023-07-05T12:53:05.035+0000] {logging_mixin.py:149} INFO - [2023-07-05T12:53:05.035+0000] {dag.py:2726} INFO - Sync 2 DAGs
[2023-07-05T12:53:05.081+0000] {logging_mixin.py:149} INFO - [2023-07-05T12:53:05.081+0000] {dag.py:3490} INFO - Setting next_dagrun for example_xcom_args to None, run_after=None
[2023-07-05T12:53:05.088+0000] {logging_mixin.py:149} INFO - [2023-07-05T12:53:05.087+0000] {dag.py:3490} INFO - Setting next_dagrun for example_xcom_args_with_operators to None, run_after=None
[2023-07-05T12:53:05.116+0000] {processor.py:179} INFO - Processing /home/airflow/.local/lib/python3.7/site-packages/airflow/example_dags/example_xcomargs.py took 0.135 seconds
[2023-07-05T12:53:35.834+0000] {processor.py:157} INFO - Started process (PID=445) to work on /home/airflow/.local/lib/python3.7/site-packages/airflow/example_dags/example_xcomargs.py
[2023-07-05T12:53:35.836+0000] {processor.py:826} INFO - Processing file /home/airflow/.local/lib/python3.7/site-packages/airflow/example_dags/example_xcomargs.py for tasks to queue
[2023-07-05T12:53:35.837+0000] {logging_mixin.py:149} INFO - [2023-07-05T12:53:35.837+0000] {dagbag.py:541} INFO - Filling up the DagBag from /home/airflow/.local/lib/python3.7/site-packages/airflow/example_dags/example_xcomargs.py
[2023-07-05T12:53:35.845+0000] {processor.py:836} INFO - DAG(s) dict_keys(['example_xcom_args_with_operators', 'example_xcom_args']) retrieved from /home/airflow/.local/lib/python3.7/site-packages/airflow/example_dags/example_xcomargs.py
[2023-07-05T12:53:35.890+0000] {logging_mixin.py:149} INFO - [2023-07-05T12:53:35.890+0000] {dag.py:2726} INFO - Sync 2 DAGs
[2023-07-05T12:53:36.072+0000] {logging_mixin.py:149} INFO - [2023-07-05T12:53:36.072+0000] {dag.py:3490} INFO - Setting next_dagrun for example_xcom_args to None, run_after=None
[2023-07-05T12:53:36.081+0000] {logging_mixin.py:149} INFO - [2023-07-05T12:53:36.080+0000] {dag.py:3490} INFO - Setting next_dagrun for example_xcom_args_with_operators to None, run_after=None
[2023-07-05T12:53:36.103+0000] {processor.py:179} INFO - Processing /home/airflow/.local/lib/python3.7/site-packages/airflow/example_dags/example_xcomargs.py took 0.273 seconds
[2023-07-05T12:54:06.321+0000] {processor.py:157} INFO - Started process (PID=502) to work on /home/airflow/.local/lib/python3.7/site-packages/airflow/example_dags/example_xcomargs.py
[2023-07-05T12:54:06.323+0000] {processor.py:826} INFO - Processing file /home/airflow/.local/lib/python3.7/site-packages/airflow/example_dags/example_xcomargs.py for tasks to queue
[2023-07-05T12:54:06.324+0000] {logging_mixin.py:149} INFO - [2023-07-05T12:54:06.324+0000] {dagbag.py:541} INFO - Filling up the DagBag from /home/airflow/.local/lib/python3.7/site-packages/airflow/example_dags/example_xcomargs.py
[2023-07-05T12:54:06.335+0000] {processor.py:836} INFO - DAG(s) dict_keys(['example_xcom_args_with_operators', 'example_xcom_args']) retrieved from /home/airflow/.local/lib/python3.7/site-packages/airflow/example_dags/example_xcomargs.py
[2023-07-05T12:54:06.377+0000] {logging_mixin.py:149} INFO - [2023-07-05T12:54:06.377+0000] {dag.py:2726} INFO - Sync 2 DAGs
[2023-07-05T12:54:06.411+0000] {logging_mixin.py:149} INFO - [2023-07-05T12:54:06.411+0000] {dag.py:3490} INFO - Setting next_dagrun for example_xcom_args to None, run_after=None
[2023-07-05T12:54:06.417+0000] {logging_mixin.py:149} INFO - [2023-07-05T12:54:06.417+0000] {dag.py:3490} INFO - Setting next_dagrun for example_xcom_args_with_operators to None, run_after=None
[2023-07-05T12:54:06.615+0000] {processor.py:179} INFO - Processing /home/airflow/.local/lib/python3.7/site-packages/airflow/example_dags/example_xcomargs.py took 0.299 seconds
[2023-07-05T12:54:36.685+0000] {processor.py:157} INFO - Started process (PID=559) to work on /home/airflow/.local/lib/python3.7/site-packages/airflow/example_dags/example_xcomargs.py
[2023-07-05T12:54:36.686+0000] {processor.py:826} INFO - Processing file /home/airflow/.local/lib/python3.7/site-packages/airflow/example_dags/example_xcomargs.py for tasks to queue
[2023-07-05T12:54:36.687+0000] {logging_mixin.py:149} INFO - [2023-07-05T12:54:36.687+0000] {dagbag.py:541} INFO - Filling up the DagBag from /home/airflow/.local/lib/python3.7/site-packages/airflow/example_dags/example_xcomargs.py
[2023-07-05T12:54:36.698+0000] {processor.py:836} INFO - DAG(s) dict_keys(['example_xcom_args', 'example_xcom_args_with_operators']) retrieved from /home/airflow/.local/lib/python3.7/site-packages/airflow/example_dags/example_xcomargs.py
[2023-07-05T12:54:36.740+0000] {logging_mixin.py:149} INFO - [2023-07-05T12:54:36.739+0000] {dag.py:2726} INFO - Sync 2 DAGs
[2023-07-05T12:54:36.776+0000] {logging_mixin.py:149} INFO - [2023-07-05T12:54:36.775+0000] {dag.py:3490} INFO - Setting next_dagrun for example_xcom_args to None, run_after=None
[2023-07-05T12:54:36.781+0000] {logging_mixin.py:149} INFO - [2023-07-05T12:54:36.781+0000] {dag.py:3490} INFO - Setting next_dagrun for example_xcom_args_with_operators to None, run_after=None
[2023-07-05T12:54:36.815+0000] {processor.py:179} INFO - Processing /home/airflow/.local/lib/python3.7/site-packages/airflow/example_dags/example_xcomargs.py took 0.135 seconds
[2023-07-05T12:55:07.780+0000] {processor.py:157} INFO - Started process (PID=616) to work on /home/airflow/.local/lib/python3.7/site-packages/airflow/example_dags/example_xcomargs.py
[2023-07-05T12:55:07.781+0000] {processor.py:826} INFO - Processing file /home/airflow/.local/lib/python3.7/site-packages/airflow/example_dags/example_xcomargs.py for tasks to queue
[2023-07-05T12:55:07.782+0000] {logging_mixin.py:149} INFO - [2023-07-05T12:55:07.782+0000] {dagbag.py:541} INFO - Filling up the DagBag from /home/airflow/.local/lib/python3.7/site-packages/airflow/example_dags/example_xcomargs.py
[2023-07-05T12:55:07.791+0000] {processor.py:836} INFO - DAG(s) dict_keys(['example_xcom_args_with_operators', 'example_xcom_args']) retrieved from /home/airflow/.local/lib/python3.7/site-packages/airflow/example_dags/example_xcomargs.py
[2023-07-05T12:55:07.829+0000] {logging_mixin.py:149} INFO - [2023-07-05T12:55:07.829+0000] {dag.py:2726} INFO - Sync 2 DAGs
[2023-07-05T12:55:08.012+0000] {logging_mixin.py:149} INFO - [2023-07-05T12:55:08.012+0000] {dag.py:3490} INFO - Setting next_dagrun for example_xcom_args to None, run_after=None
[2023-07-05T12:55:08.016+0000] {logging_mixin.py:149} INFO - [2023-07-05T12:55:08.016+0000] {dag.py:3490} INFO - Setting next_dagrun for example_xcom_args_with_operators to None, run_after=None
[2023-07-05T12:55:08.037+0000] {processor.py:179} INFO - Processing /home/airflow/.local/lib/python3.7/site-packages/airflow/example_dags/example_xcomargs.py took 0.260 seconds
[2023-07-05T12:55:38.687+0000] {processor.py:157} INFO - Started process (PID=673) to work on /home/airflow/.local/lib/python3.7/site-packages/airflow/example_dags/example_xcomargs.py
[2023-07-05T12:55:38.688+0000] {processor.py:826} INFO - Processing file /home/airflow/.local/lib/python3.7/site-packages/airflow/example_dags/example_xcomargs.py for tasks to queue
[2023-07-05T12:55:38.689+0000] {logging_mixin.py:149} INFO - [2023-07-05T12:55:38.689+0000] {dagbag.py:541} INFO - Filling up the DagBag from /home/airflow/.local/lib/python3.7/site-packages/airflow/example_dags/example_xcomargs.py
[2023-07-05T12:55:38.699+0000] {processor.py:836} INFO - DAG(s) dict_keys(['example_xcom_args_with_operators', 'example_xcom_args']) retrieved from /home/airflow/.local/lib/python3.7/site-packages/airflow/example_dags/example_xcomargs.py
[2023-07-05T12:55:38.743+0000] {logging_mixin.py:149} INFO - [2023-07-05T12:55:38.743+0000] {dag.py:2726} INFO - Sync 2 DAGs
[2023-07-05T12:55:38.786+0000] {logging_mixin.py:149} INFO - [2023-07-05T12:55:38.786+0000] {dag.py:3490} INFO - Setting next_dagrun for example_xcom_args to None, run_after=None
[2023-07-05T12:55:38.794+0000] {logging_mixin.py:149} INFO - [2023-07-05T12:55:38.793+0000] {dag.py:3490} INFO - Setting next_dagrun for example_xcom_args_with_operators to None, run_after=None
[2023-07-05T12:55:38.997+0000] {processor.py:179} INFO - Processing /home/airflow/.local/lib/python3.7/site-packages/airflow/example_dags/example_xcomargs.py took 0.315 seconds
[2023-07-05T12:56:09.536+0000] {processor.py:157} INFO - Started process (PID=730) to work on /home/airflow/.local/lib/python3.7/site-packages/airflow/example_dags/example_xcomargs.py
[2023-07-05T12:56:09.537+0000] {processor.py:826} INFO - Processing file /home/airflow/.local/lib/python3.7/site-packages/airflow/example_dags/example_xcomargs.py for tasks to queue
[2023-07-05T12:56:09.538+0000] {logging_mixin.py:149} INFO - [2023-07-05T12:56:09.538+0000] {dagbag.py:541} INFO - Filling up the DagBag from /home/airflow/.local/lib/python3.7/site-packages/airflow/example_dags/example_xcomargs.py
[2023-07-05T12:56:09.548+0000] {processor.py:836} INFO - DAG(s) dict_keys(['example_xcom_args_with_operators', 'example_xcom_args']) retrieved from /home/airflow/.local/lib/python3.7/site-packages/airflow/example_dags/example_xcomargs.py
[2023-07-05T12:56:09.739+0000] {logging_mixin.py:149} INFO - [2023-07-05T12:56:09.739+0000] {dag.py:2726} INFO - Sync 2 DAGs
[2023-07-05T12:56:09.770+0000] {logging_mixin.py:149} INFO - [2023-07-05T12:56:09.770+0000] {dag.py:3490} INFO - Setting next_dagrun for example_xcom_args to None, run_after=None
[2023-07-05T12:56:09.775+0000] {logging_mixin.py:149} INFO - [2023-07-05T12:56:09.774+0000] {dag.py:3490} INFO - Setting next_dagrun for example_xcom_args_with_operators to None, run_after=None
[2023-07-05T12:56:09.796+0000] {processor.py:179} INFO - Processing /home/airflow/.local/lib/python3.7/site-packages/airflow/example_dags/example_xcomargs.py took 0.264 seconds
[2023-07-05T12:56:39.891+0000] {processor.py:157} INFO - Started process (PID=786) to work on /home/airflow/.local/lib/python3.7/site-packages/airflow/example_dags/example_xcomargs.py
[2023-07-05T12:56:39.892+0000] {processor.py:826} INFO - Processing file /home/airflow/.local/lib/python3.7/site-packages/airflow/example_dags/example_xcomargs.py for tasks to queue
[2023-07-05T12:56:39.893+0000] {logging_mixin.py:149} INFO - [2023-07-05T12:56:39.893+0000] {dagbag.py:541} INFO - Filling up the DagBag from /home/airflow/.local/lib/python3.7/site-packages/airflow/example_dags/example_xcomargs.py
[2023-07-05T12:56:39.905+0000] {processor.py:836} INFO - DAG(s) dict_keys(['example_xcom_args', 'example_xcom_args_with_operators']) retrieved from /home/airflow/.local/lib/python3.7/site-packages/airflow/example_dags/example_xcomargs.py
[2023-07-05T12:56:39.946+0000] {logging_mixin.py:149} INFO - [2023-07-05T12:56:39.946+0000] {dag.py:2726} INFO - Sync 2 DAGs
[2023-07-05T12:56:39.983+0000] {logging_mixin.py:149} INFO - [2023-07-05T12:56:39.983+0000] {dag.py:3490} INFO - Setting next_dagrun for example_xcom_args to None, run_after=None
[2023-07-05T12:56:39.989+0000] {logging_mixin.py:149} INFO - [2023-07-05T12:56:39.989+0000] {dag.py:3490} INFO - Setting next_dagrun for example_xcom_args_with_operators to None, run_after=None
[2023-07-05T12:56:40.019+0000] {processor.py:179} INFO - Processing /home/airflow/.local/lib/python3.7/site-packages/airflow/example_dags/example_xcomargs.py took 0.134 seconds
[2023-07-05T12:57:10.127+0000] {processor.py:157} INFO - Started process (PID=842) to work on /home/airflow/.local/lib/python3.7/site-packages/airflow/example_dags/example_xcomargs.py
[2023-07-05T12:57:10.128+0000] {processor.py:826} INFO - Processing file /home/airflow/.local/lib/python3.7/site-packages/airflow/example_dags/example_xcomargs.py for tasks to queue
[2023-07-05T12:57:10.130+0000] {logging_mixin.py:149} INFO - [2023-07-05T12:57:10.129+0000] {dagbag.py:541} INFO - Filling up the DagBag from /home/airflow/.local/lib/python3.7/site-packages/airflow/example_dags/example_xcomargs.py
[2023-07-05T12:57:10.141+0000] {processor.py:836} INFO - DAG(s) dict_keys(['example_xcom_args_with_operators', 'example_xcom_args']) retrieved from /home/airflow/.local/lib/python3.7/site-packages/airflow/example_dags/example_xcomargs.py
[2023-07-05T12:57:10.184+0000] {logging_mixin.py:149} INFO - [2023-07-05T12:57:10.184+0000] {dag.py:2726} INFO - Sync 2 DAGs
[2023-07-05T12:57:10.224+0000] {logging_mixin.py:149} INFO - [2023-07-05T12:57:10.224+0000] {dag.py:3490} INFO - Setting next_dagrun for example_xcom_args to None, run_after=None
[2023-07-05T12:57:10.230+0000] {logging_mixin.py:149} INFO - [2023-07-05T12:57:10.230+0000] {dag.py:3490} INFO - Setting next_dagrun for example_xcom_args_with_operators to None, run_after=None
[2023-07-05T12:57:10.263+0000] {processor.py:179} INFO - Processing /home/airflow/.local/lib/python3.7/site-packages/airflow/example_dags/example_xcomargs.py took 0.141 seconds
[2023-07-05T12:57:40.607+0000] {processor.py:157} INFO - Started process (PID=899) to work on /home/airflow/.local/lib/python3.7/site-packages/airflow/example_dags/example_xcomargs.py
[2023-07-05T12:57:40.608+0000] {processor.py:826} INFO - Processing file /home/airflow/.local/lib/python3.7/site-packages/airflow/example_dags/example_xcomargs.py for tasks to queue
[2023-07-05T12:57:40.609+0000] {logging_mixin.py:149} INFO - [2023-07-05T12:57:40.609+0000] {dagbag.py:541} INFO - Filling up the DagBag from /home/airflow/.local/lib/python3.7/site-packages/airflow/example_dags/example_xcomargs.py
[2023-07-05T12:57:40.620+0000] {processor.py:836} INFO - DAG(s) dict_keys(['example_xcom_args_with_operators', 'example_xcom_args']) retrieved from /home/airflow/.local/lib/python3.7/site-packages/airflow/example_dags/example_xcomargs.py
[2023-07-05T12:57:40.658+0000] {logging_mixin.py:149} INFO - [2023-07-05T12:57:40.658+0000] {dag.py:2726} INFO - Sync 2 DAGs
[2023-07-05T12:57:40.693+0000] {logging_mixin.py:149} INFO - [2023-07-05T12:57:40.692+0000] {dag.py:3490} INFO - Setting next_dagrun for example_xcom_args to None, run_after=None
[2023-07-05T12:57:40.698+0000] {logging_mixin.py:149} INFO - [2023-07-05T12:57:40.698+0000] {dag.py:3490} INFO - Setting next_dagrun for example_xcom_args_with_operators to None, run_after=None
[2023-07-05T12:57:40.723+0000] {processor.py:179} INFO - Processing /home/airflow/.local/lib/python3.7/site-packages/airflow/example_dags/example_xcomargs.py took 0.120 seconds
[2023-07-05T12:58:10.992+0000] {processor.py:157} INFO - Started process (PID=955) to work on /home/airflow/.local/lib/python3.7/site-packages/airflow/example_dags/example_xcomargs.py
[2023-07-05T12:58:10.994+0000] {processor.py:826} INFO - Processing file /home/airflow/.local/lib/python3.7/site-packages/airflow/example_dags/example_xcomargs.py for tasks to queue
[2023-07-05T12:58:10.995+0000] {logging_mixin.py:149} INFO - [2023-07-05T12:58:10.995+0000] {dagbag.py:541} INFO - Filling up the DagBag from /home/airflow/.local/lib/python3.7/site-packages/airflow/example_dags/example_xcomargs.py
[2023-07-05T12:58:11.005+0000] {processor.py:836} INFO - DAG(s) dict_keys(['example_xcom_args_with_operators', 'example_xcom_args']) retrieved from /home/airflow/.local/lib/python3.7/site-packages/airflow/example_dags/example_xcomargs.py
[2023-07-05T12:58:11.050+0000] {logging_mixin.py:149} INFO - [2023-07-05T12:58:11.050+0000] {dag.py:2726} INFO - Sync 2 DAGs
[2023-07-05T12:58:11.093+0000] {logging_mixin.py:149} INFO - [2023-07-05T12:58:11.093+0000] {dag.py:3490} INFO - Setting next_dagrun for example_xcom_args to None, run_after=None
[2023-07-05T12:58:11.100+0000] {logging_mixin.py:149} INFO - [2023-07-05T12:58:11.100+0000] {dag.py:3490} INFO - Setting next_dagrun for example_xcom_args_with_operators to None, run_after=None
[2023-07-05T12:58:11.129+0000] {processor.py:179} INFO - Processing /home/airflow/.local/lib/python3.7/site-packages/airflow/example_dags/example_xcomargs.py took 0.141 seconds
[2023-07-05T12:58:41.266+0000] {processor.py:157} INFO - Started process (PID=1012) to work on /home/airflow/.local/lib/python3.7/site-packages/airflow/example_dags/example_xcomargs.py
[2023-07-05T12:58:41.267+0000] {processor.py:826} INFO - Processing file /home/airflow/.local/lib/python3.7/site-packages/airflow/example_dags/example_xcomargs.py for tasks to queue
[2023-07-05T12:58:41.268+0000] {logging_mixin.py:149} INFO - [2023-07-05T12:58:41.268+0000] {dagbag.py:541} INFO - Filling up the DagBag from /home/airflow/.local/lib/python3.7/site-packages/airflow/example_dags/example_xcomargs.py
[2023-07-05T12:58:41.280+0000] {processor.py:836} INFO - DAG(s) dict_keys(['example_xcom_args', 'example_xcom_args_with_operators']) retrieved from /home/airflow/.local/lib/python3.7/site-packages/airflow/example_dags/example_xcomargs.py
[2023-07-05T12:58:41.337+0000] {logging_mixin.py:149} INFO - [2023-07-05T12:58:41.337+0000] {dag.py:2726} INFO - Sync 2 DAGs
[2023-07-05T12:58:41.405+0000] {logging_mixin.py:149} INFO - [2023-07-05T12:58:41.404+0000] {dag.py:3490} INFO - Setting next_dagrun for example_xcom_args to None, run_after=None
[2023-07-05T12:58:41.411+0000] {logging_mixin.py:149} INFO - [2023-07-05T12:58:41.411+0000] {dag.py:3490} INFO - Setting next_dagrun for example_xcom_args_with_operators to None, run_after=None
[2023-07-05T12:58:41.441+0000] {processor.py:179} INFO - Processing /home/airflow/.local/lib/python3.7/site-packages/airflow/example_dags/example_xcomargs.py took 0.179 seconds
[2023-07-05T12:59:11.730+0000] {processor.py:157} INFO - Started process (PID=1068) to work on /home/airflow/.local/lib/python3.7/site-packages/airflow/example_dags/example_xcomargs.py
[2023-07-05T12:59:11.732+0000] {processor.py:826} INFO - Processing file /home/airflow/.local/lib/python3.7/site-packages/airflow/example_dags/example_xcomargs.py for tasks to queue
[2023-07-05T12:59:11.733+0000] {logging_mixin.py:149} INFO - [2023-07-05T12:59:11.732+0000] {dagbag.py:541} INFO - Filling up the DagBag from /home/airflow/.local/lib/python3.7/site-packages/airflow/example_dags/example_xcomargs.py
[2023-07-05T12:59:11.742+0000] {processor.py:836} INFO - DAG(s) dict_keys(['example_xcom_args', 'example_xcom_args_with_operators']) retrieved from /home/airflow/.local/lib/python3.7/site-packages/airflow/example_dags/example_xcomargs.py
[2023-07-05T12:59:11.790+0000] {logging_mixin.py:149} INFO - [2023-07-05T12:59:11.790+0000] {dag.py:2726} INFO - Sync 2 DAGs
[2023-07-05T12:59:11.840+0000] {logging_mixin.py:149} INFO - [2023-07-05T12:59:11.840+0000] {dag.py:3490} INFO - Setting next_dagrun for example_xcom_args to None, run_after=None
[2023-07-05T12:59:11.845+0000] {logging_mixin.py:149} INFO - [2023-07-05T12:59:11.845+0000] {dag.py:3490} INFO - Setting next_dagrun for example_xcom_args_with_operators to None, run_after=None
[2023-07-05T12:59:11.876+0000] {processor.py:179} INFO - Processing /home/airflow/.local/lib/python3.7/site-packages/airflow/example_dags/example_xcomargs.py took 0.149 seconds
[2023-07-05T12:59:42.200+0000] {processor.py:157} INFO - Started process (PID=1125) to work on /home/airflow/.local/lib/python3.7/site-packages/airflow/example_dags/example_xcomargs.py
[2023-07-05T12:59:42.201+0000] {processor.py:826} INFO - Processing file /home/airflow/.local/lib/python3.7/site-packages/airflow/example_dags/example_xcomargs.py for tasks to queue
[2023-07-05T12:59:42.202+0000] {logging_mixin.py:149} INFO - [2023-07-05T12:59:42.202+0000] {dagbag.py:541} INFO - Filling up the DagBag from /home/airflow/.local/lib/python3.7/site-packages/airflow/example_dags/example_xcomargs.py
[2023-07-05T12:59:42.211+0000] {processor.py:836} INFO - DAG(s) dict_keys(['example_xcom_args', 'example_xcom_args_with_operators']) retrieved from /home/airflow/.local/lib/python3.7/site-packages/airflow/example_dags/example_xcomargs.py
[2023-07-05T12:59:42.266+0000] {logging_mixin.py:149} INFO - [2023-07-05T12:59:42.265+0000] {dag.py:2726} INFO - Sync 2 DAGs
[2023-07-05T12:59:42.312+0000] {logging_mixin.py:149} INFO - [2023-07-05T12:59:42.311+0000] {dag.py:3490} INFO - Setting next_dagrun for example_xcom_args to None, run_after=None
[2023-07-05T12:59:42.318+0000] {logging_mixin.py:149} INFO - [2023-07-05T12:59:42.318+0000] {dag.py:3490} INFO - Setting next_dagrun for example_xcom_args_with_operators to None, run_after=None
[2023-07-05T12:59:42.346+0000] {processor.py:179} INFO - Processing /home/airflow/.local/lib/python3.7/site-packages/airflow/example_dags/example_xcomargs.py took 0.150 seconds
[2023-07-05T13:00:12.747+0000] {processor.py:157} INFO - Started process (PID=1182) to work on /home/airflow/.local/lib/python3.7/site-packages/airflow/example_dags/example_xcomargs.py
[2023-07-05T13:00:12.748+0000] {processor.py:826} INFO - Processing file /home/airflow/.local/lib/python3.7/site-packages/airflow/example_dags/example_xcomargs.py for tasks to queue
[2023-07-05T13:00:12.749+0000] {logging_mixin.py:149} INFO - [2023-07-05T13:00:12.748+0000] {dagbag.py:541} INFO - Filling up the DagBag from /home/airflow/.local/lib/python3.7/site-packages/airflow/example_dags/example_xcomargs.py
[2023-07-05T13:00:12.757+0000] {processor.py:836} INFO - DAG(s) dict_keys(['example_xcom_args', 'example_xcom_args_with_operators']) retrieved from /home/airflow/.local/lib/python3.7/site-packages/airflow/example_dags/example_xcomargs.py
[2023-07-05T13:00:12.803+0000] {logging_mixin.py:149} INFO - [2023-07-05T13:00:12.802+0000] {dag.py:2726} INFO - Sync 2 DAGs
[2023-07-05T13:00:12.849+0000] {logging_mixin.py:149} INFO - [2023-07-05T13:00:12.849+0000] {dag.py:3490} INFO - Setting next_dagrun for example_xcom_args to None, run_after=None
[2023-07-05T13:00:12.855+0000] {logging_mixin.py:149} INFO - [2023-07-05T13:00:12.854+0000] {dag.py:3490} INFO - Setting next_dagrun for example_xcom_args_with_operators to None, run_after=None
[2023-07-05T13:00:12.887+0000] {processor.py:179} INFO - Processing /home/airflow/.local/lib/python3.7/site-packages/airflow/example_dags/example_xcomargs.py took 0.144 seconds
[2023-07-05T13:00:43.047+0000] {processor.py:157} INFO - Started process (PID=1239) to work on /home/airflow/.local/lib/python3.7/site-packages/airflow/example_dags/example_xcomargs.py
[2023-07-05T13:00:43.048+0000] {processor.py:826} INFO - Processing file /home/airflow/.local/lib/python3.7/site-packages/airflow/example_dags/example_xcomargs.py for tasks to queue
[2023-07-05T13:00:43.049+0000] {logging_mixin.py:149} INFO - [2023-07-05T13:00:43.049+0000] {dagbag.py:541} INFO - Filling up the DagBag from /home/airflow/.local/lib/python3.7/site-packages/airflow/example_dags/example_xcomargs.py
[2023-07-05T13:00:43.058+0000] {processor.py:836} INFO - DAG(s) dict_keys(['example_xcom_args_with_operators', 'example_xcom_args']) retrieved from /home/airflow/.local/lib/python3.7/site-packages/airflow/example_dags/example_xcomargs.py
[2023-07-05T13:00:43.092+0000] {logging_mixin.py:149} INFO - [2023-07-05T13:00:43.092+0000] {dag.py:2726} INFO - Sync 2 DAGs
[2023-07-05T13:00:43.132+0000] {logging_mixin.py:149} INFO - [2023-07-05T13:00:43.131+0000] {dag.py:3490} INFO - Setting next_dagrun for example_xcom_args to None, run_after=None
[2023-07-05T13:00:43.138+0000] {logging_mixin.py:149} INFO - [2023-07-05T13:00:43.138+0000] {dag.py:3490} INFO - Setting next_dagrun for example_xcom_args_with_operators to None, run_after=None
[2023-07-05T13:00:43.161+0000] {processor.py:179} INFO - Processing /home/airflow/.local/lib/python3.7/site-packages/airflow/example_dags/example_xcomargs.py took 0.118 seconds
[2023-07-05T13:01:13.354+0000] {processor.py:157} INFO - Started process (PID=1296) to work on /home/airflow/.local/lib/python3.7/site-packages/airflow/example_dags/example_xcomargs.py
[2023-07-05T13:01:13.356+0000] {processor.py:826} INFO - Processing file /home/airflow/.local/lib/python3.7/site-packages/airflow/example_dags/example_xcomargs.py for tasks to queue
[2023-07-05T13:01:13.357+0000] {logging_mixin.py:149} INFO - [2023-07-05T13:01:13.357+0000] {dagbag.py:541} INFO - Filling up the DagBag from /home/airflow/.local/lib/python3.7/site-packages/airflow/example_dags/example_xcomargs.py
[2023-07-05T13:01:13.368+0000] {processor.py:836} INFO - DAG(s) dict_keys(['example_xcom_args', 'example_xcom_args_with_operators']) retrieved from /home/airflow/.local/lib/python3.7/site-packages/airflow/example_dags/example_xcomargs.py
[2023-07-05T13:01:13.413+0000] {logging_mixin.py:149} INFO - [2023-07-05T13:01:13.413+0000] {dag.py:2726} INFO - Sync 2 DAGs
[2023-07-05T13:01:13.451+0000] {logging_mixin.py:149} INFO - [2023-07-05T13:01:13.451+0000] {dag.py:3490} INFO - Setting next_dagrun for example_xcom_args to None, run_after=None
[2023-07-05T13:01:13.456+0000] {logging_mixin.py:149} INFO - [2023-07-05T13:01:13.456+0000] {dag.py:3490} INFO - Setting next_dagrun for example_xcom_args_with_operators to None, run_after=None
[2023-07-05T13:01:13.480+0000] {processor.py:179} INFO - Processing /home/airflow/.local/lib/python3.7/site-packages/airflow/example_dags/example_xcomargs.py took 0.131 seconds
[2023-07-05T13:01:43.600+0000] {processor.py:157} INFO - Started process (PID=1354) to work on /home/airflow/.local/lib/python3.7/site-packages/airflow/example_dags/example_xcomargs.py
[2023-07-05T13:01:43.602+0000] {processor.py:826} INFO - Processing file /home/airflow/.local/lib/python3.7/site-packages/airflow/example_dags/example_xcomargs.py for tasks to queue
[2023-07-05T13:01:43.603+0000] {logging_mixin.py:149} INFO - [2023-07-05T13:01:43.602+0000] {dagbag.py:541} INFO - Filling up the DagBag from /home/airflow/.local/lib/python3.7/site-packages/airflow/example_dags/example_xcomargs.py
[2023-07-05T13:01:43.611+0000] {processor.py:836} INFO - DAG(s) dict_keys(['example_xcom_args', 'example_xcom_args_with_operators']) retrieved from /home/airflow/.local/lib/python3.7/site-packages/airflow/example_dags/example_xcomargs.py
[2023-07-05T13:01:43.654+0000] {logging_mixin.py:149} INFO - [2023-07-05T13:01:43.654+0000] {dag.py:2726} INFO - Sync 2 DAGs
[2023-07-05T13:01:43.695+0000] {logging_mixin.py:149} INFO - [2023-07-05T13:01:43.694+0000] {dag.py:3490} INFO - Setting next_dagrun for example_xcom_args to None, run_after=None
[2023-07-05T13:01:43.700+0000] {logging_mixin.py:149} INFO - [2023-07-05T13:01:43.700+0000] {dag.py:3490} INFO - Setting next_dagrun for example_xcom_args_with_operators to None, run_after=None
[2023-07-05T13:01:43.731+0000] {processor.py:179} INFO - Processing /home/airflow/.local/lib/python3.7/site-packages/airflow/example_dags/example_xcomargs.py took 0.135 seconds
[2023-07-05T13:02:14.174+0000] {processor.py:157} INFO - Started process (PID=1411) to work on /home/airflow/.local/lib/python3.7/site-packages/airflow/example_dags/example_xcomargs.py
[2023-07-05T13:02:14.175+0000] {processor.py:826} INFO - Processing file /home/airflow/.local/lib/python3.7/site-packages/airflow/example_dags/example_xcomargs.py for tasks to queue
[2023-07-05T13:02:14.176+0000] {logging_mixin.py:149} INFO - [2023-07-05T13:02:14.176+0000] {dagbag.py:541} INFO - Filling up the DagBag from /home/airflow/.local/lib/python3.7/site-packages/airflow/example_dags/example_xcomargs.py
[2023-07-05T13:02:14.185+0000] {processor.py:836} INFO - DAG(s) dict_keys(['example_xcom_args_with_operators', 'example_xcom_args']) retrieved from /home/airflow/.local/lib/python3.7/site-packages/airflow/example_dags/example_xcomargs.py
[2023-07-05T13:02:14.223+0000] {logging_mixin.py:149} INFO - [2023-07-05T13:02:14.223+0000] {dag.py:2726} INFO - Sync 2 DAGs
[2023-07-05T13:02:14.258+0000] {logging_mixin.py:149} INFO - [2023-07-05T13:02:14.258+0000] {dag.py:3490} INFO - Setting next_dagrun for example_xcom_args to None, run_after=None
[2023-07-05T13:02:14.265+0000] {logging_mixin.py:149} INFO - [2023-07-05T13:02:14.265+0000] {dag.py:3490} INFO - Setting next_dagrun for example_xcom_args_with_operators to None, run_after=None
[2023-07-05T13:02:14.292+0000] {processor.py:179} INFO - Processing /home/airflow/.local/lib/python3.7/site-packages/airflow/example_dags/example_xcomargs.py took 0.122 seconds
[2023-07-05T13:02:44.326+0000] {processor.py:157} INFO - Started process (PID=1468) to work on /home/airflow/.local/lib/python3.7/site-packages/airflow/example_dags/example_xcomargs.py
[2023-07-05T13:02:44.327+0000] {processor.py:826} INFO - Processing file /home/airflow/.local/lib/python3.7/site-packages/airflow/example_dags/example_xcomargs.py for tasks to queue
[2023-07-05T13:02:44.328+0000] {logging_mixin.py:149} INFO - [2023-07-05T13:02:44.328+0000] {dagbag.py:541} INFO - Filling up the DagBag from /home/airflow/.local/lib/python3.7/site-packages/airflow/example_dags/example_xcomargs.py
[2023-07-05T13:02:44.337+0000] {processor.py:836} INFO - DAG(s) dict_keys(['example_xcom_args_with_operators', 'example_xcom_args']) retrieved from /home/airflow/.local/lib/python3.7/site-packages/airflow/example_dags/example_xcomargs.py
[2023-07-05T13:02:44.373+0000] {logging_mixin.py:149} INFO - [2023-07-05T13:02:44.373+0000] {dag.py:2726} INFO - Sync 2 DAGs
[2023-07-05T13:02:44.409+0000] {logging_mixin.py:149} INFO - [2023-07-05T13:02:44.408+0000] {dag.py:3490} INFO - Setting next_dagrun for example_xcom_args to None, run_after=None
[2023-07-05T13:02:44.414+0000] {logging_mixin.py:149} INFO - [2023-07-05T13:02:44.414+0000] {dag.py:3490} INFO - Setting next_dagrun for example_xcom_args_with_operators to None, run_after=None
[2023-07-05T13:02:44.436+0000] {processor.py:179} INFO - Processing /home/airflow/.local/lib/python3.7/site-packages/airflow/example_dags/example_xcomargs.py took 0.114 seconds
[2023-07-05T13:03:14.557+0000] {processor.py:157} INFO - Started process (PID=1525) to work on /home/airflow/.local/lib/python3.7/site-packages/airflow/example_dags/example_xcomargs.py
[2023-07-05T13:03:14.558+0000] {processor.py:826} INFO - Processing file /home/airflow/.local/lib/python3.7/site-packages/airflow/example_dags/example_xcomargs.py for tasks to queue
[2023-07-05T13:03:14.559+0000] {logging_mixin.py:149} INFO - [2023-07-05T13:03:14.558+0000] {dagbag.py:541} INFO - Filling up the DagBag from /home/airflow/.local/lib/python3.7/site-packages/airflow/example_dags/example_xcomargs.py
[2023-07-05T13:03:14.567+0000] {processor.py:836} INFO - DAG(s) dict_keys(['example_xcom_args_with_operators', 'example_xcom_args']) retrieved from /home/airflow/.local/lib/python3.7/site-packages/airflow/example_dags/example_xcomargs.py
[2023-07-05T13:03:14.613+0000] {logging_mixin.py:149} INFO - [2023-07-05T13:03:14.612+0000] {dag.py:2726} INFO - Sync 2 DAGs
[2023-07-05T13:03:14.702+0000] {logging_mixin.py:149} INFO - [2023-07-05T13:03:14.702+0000] {dag.py:3490} INFO - Setting next_dagrun for example_xcom_args to None, run_after=None
[2023-07-05T13:03:14.708+0000] {logging_mixin.py:149} INFO - [2023-07-05T13:03:14.708+0000] {dag.py:3490} INFO - Setting next_dagrun for example_xcom_args_with_operators to None, run_after=None
[2023-07-05T13:03:14.737+0000] {processor.py:179} INFO - Processing /home/airflow/.local/lib/python3.7/site-packages/airflow/example_dags/example_xcomargs.py took 0.184 seconds
[2023-07-05T13:03:45.024+0000] {processor.py:157} INFO - Started process (PID=1582) to work on /home/airflow/.local/lib/python3.7/site-packages/airflow/example_dags/example_xcomargs.py
[2023-07-05T13:03:45.026+0000] {processor.py:826} INFO - Processing file /home/airflow/.local/lib/python3.7/site-packages/airflow/example_dags/example_xcomargs.py for tasks to queue
[2023-07-05T13:03:45.027+0000] {logging_mixin.py:149} INFO - [2023-07-05T13:03:45.027+0000] {dagbag.py:541} INFO - Filling up the DagBag from /home/airflow/.local/lib/python3.7/site-packages/airflow/example_dags/example_xcomargs.py
[2023-07-05T13:03:45.040+0000] {processor.py:836} INFO - DAG(s) dict_keys(['example_xcom_args', 'example_xcom_args_with_operators']) retrieved from /home/airflow/.local/lib/python3.7/site-packages/airflow/example_dags/example_xcomargs.py
[2023-07-05T13:03:45.117+0000] {logging_mixin.py:149} INFO - [2023-07-05T13:03:45.116+0000] {dag.py:2726} INFO - Sync 2 DAGs
[2023-07-05T13:03:45.159+0000] {logging_mixin.py:149} INFO - [2023-07-05T13:03:45.158+0000] {dag.py:3490} INFO - Setting next_dagrun for example_xcom_args to None, run_after=None
[2023-07-05T13:03:45.165+0000] {logging_mixin.py:149} INFO - [2023-07-05T13:03:45.165+0000] {dag.py:3490} INFO - Setting next_dagrun for example_xcom_args_with_operators to None, run_after=None
[2023-07-05T13:03:45.188+0000] {processor.py:179} INFO - Processing /home/airflow/.local/lib/python3.7/site-packages/airflow/example_dags/example_xcomargs.py took 0.169 seconds
[2023-07-05T13:04:15.376+0000] {processor.py:157} INFO - Started process (PID=1639) to work on /home/airflow/.local/lib/python3.7/site-packages/airflow/example_dags/example_xcomargs.py
[2023-07-05T13:04:15.378+0000] {processor.py:826} INFO - Processing file /home/airflow/.local/lib/python3.7/site-packages/airflow/example_dags/example_xcomargs.py for tasks to queue
[2023-07-05T13:04:15.379+0000] {logging_mixin.py:149} INFO - [2023-07-05T13:04:15.379+0000] {dagbag.py:541} INFO - Filling up the DagBag from /home/airflow/.local/lib/python3.7/site-packages/airflow/example_dags/example_xcomargs.py
[2023-07-05T13:04:15.388+0000] {processor.py:836} INFO - DAG(s) dict_keys(['example_xcom_args', 'example_xcom_args_with_operators']) retrieved from /home/airflow/.local/lib/python3.7/site-packages/airflow/example_dags/example_xcomargs.py
[2023-07-05T13:04:15.425+0000] {logging_mixin.py:149} INFO - [2023-07-05T13:04:15.424+0000] {dag.py:2726} INFO - Sync 2 DAGs
[2023-07-05T13:04:15.469+0000] {logging_mixin.py:149} INFO - [2023-07-05T13:04:15.469+0000] {dag.py:3490} INFO - Setting next_dagrun for example_xcom_args to None, run_after=None
[2023-07-05T13:04:15.475+0000] {logging_mixin.py:149} INFO - [2023-07-05T13:04:15.475+0000] {dag.py:3490} INFO - Setting next_dagrun for example_xcom_args_with_operators to None, run_after=None
[2023-07-05T13:04:15.496+0000] {processor.py:179} INFO - Processing /home/airflow/.local/lib/python3.7/site-packages/airflow/example_dags/example_xcomargs.py took 0.123 seconds
[2023-07-05T13:04:45.534+0000] {processor.py:157} INFO - Started process (PID=1694) to work on /home/airflow/.local/lib/python3.7/site-packages/airflow/example_dags/example_xcomargs.py
[2023-07-05T13:04:45.535+0000] {processor.py:826} INFO - Processing file /home/airflow/.local/lib/python3.7/site-packages/airflow/example_dags/example_xcomargs.py for tasks to queue
[2023-07-05T13:04:45.536+0000] {logging_mixin.py:149} INFO - [2023-07-05T13:04:45.536+0000] {dagbag.py:541} INFO - Filling up the DagBag from /home/airflow/.local/lib/python3.7/site-packages/airflow/example_dags/example_xcomargs.py
[2023-07-05T13:04:45.546+0000] {processor.py:836} INFO - DAG(s) dict_keys(['example_xcom_args_with_operators', 'example_xcom_args']) retrieved from /home/airflow/.local/lib/python3.7/site-packages/airflow/example_dags/example_xcomargs.py
[2023-07-05T13:04:45.583+0000] {logging_mixin.py:149} INFO - [2023-07-05T13:04:45.583+0000] {dag.py:2726} INFO - Sync 2 DAGs
[2023-07-05T13:04:45.619+0000] {logging_mixin.py:149} INFO - [2023-07-05T13:04:45.618+0000] {dag.py:3490} INFO - Setting next_dagrun for example_xcom_args to None, run_after=None
[2023-07-05T13:04:45.627+0000] {logging_mixin.py:149} INFO - [2023-07-05T13:04:45.627+0000] {dag.py:3490} INFO - Setting next_dagrun for example_xcom_args_with_operators to None, run_after=None
[2023-07-05T13:04:45.651+0000] {processor.py:179} INFO - Processing /home/airflow/.local/lib/python3.7/site-packages/airflow/example_dags/example_xcomargs.py took 0.120 seconds
[2023-07-05T13:05:15.875+0000] {processor.py:157} INFO - Started process (PID=1751) to work on /home/airflow/.local/lib/python3.7/site-packages/airflow/example_dags/example_xcomargs.py
[2023-07-05T13:05:15.876+0000] {processor.py:826} INFO - Processing file /home/airflow/.local/lib/python3.7/site-packages/airflow/example_dags/example_xcomargs.py for tasks to queue
[2023-07-05T13:05:15.877+0000] {logging_mixin.py:149} INFO - [2023-07-05T13:05:15.877+0000] {dagbag.py:541} INFO - Filling up the DagBag from /home/airflow/.local/lib/python3.7/site-packages/airflow/example_dags/example_xcomargs.py
[2023-07-05T13:05:15.886+0000] {processor.py:836} INFO - DAG(s) dict_keys(['example_xcom_args', 'example_xcom_args_with_operators']) retrieved from /home/airflow/.local/lib/python3.7/site-packages/airflow/example_dags/example_xcomargs.py
[2023-07-05T13:05:15.923+0000] {logging_mixin.py:149} INFO - [2023-07-05T13:05:15.922+0000] {dag.py:2726} INFO - Sync 2 DAGs
[2023-07-05T13:05:15.964+0000] {logging_mixin.py:149} INFO - [2023-07-05T13:05:15.963+0000] {dag.py:3490} INFO - Setting next_dagrun for example_xcom_args to None, run_after=None
[2023-07-05T13:05:15.973+0000] {logging_mixin.py:149} INFO - [2023-07-05T13:05:15.972+0000] {dag.py:3490} INFO - Setting next_dagrun for example_xcom_args_with_operators to None, run_after=None
[2023-07-05T13:05:16.006+0000] {processor.py:179} INFO - Processing /home/airflow/.local/lib/python3.7/site-packages/airflow/example_dags/example_xcomargs.py took 0.135 seconds
[2023-07-05T13:05:46.227+0000] {processor.py:157} INFO - Started process (PID=1809) to work on /home/airflow/.local/lib/python3.7/site-packages/airflow/example_dags/example_xcomargs.py
[2023-07-05T13:05:46.229+0000] {processor.py:826} INFO - Processing file /home/airflow/.local/lib/python3.7/site-packages/airflow/example_dags/example_xcomargs.py for tasks to queue
[2023-07-05T13:05:46.230+0000] {logging_mixin.py:149} INFO - [2023-07-05T13:05:46.229+0000] {dagbag.py:541} INFO - Filling up the DagBag from /home/airflow/.local/lib/python3.7/site-packages/airflow/example_dags/example_xcomargs.py
[2023-07-05T13:05:46.241+0000] {processor.py:836} INFO - DAG(s) dict_keys(['example_xcom_args', 'example_xcom_args_with_operators']) retrieved from /home/airflow/.local/lib/python3.7/site-packages/airflow/example_dags/example_xcomargs.py
[2023-07-05T13:05:46.294+0000] {logging_mixin.py:149} INFO - [2023-07-05T13:05:46.294+0000] {dag.py:2726} INFO - Sync 2 DAGs
[2023-07-05T13:05:46.332+0000] {logging_mixin.py:149} INFO - [2023-07-05T13:05:46.332+0000] {dag.py:3490} INFO - Setting next_dagrun for example_xcom_args to None, run_after=None
[2023-07-05T13:05:46.338+0000] {logging_mixin.py:149} INFO - [2023-07-05T13:05:46.338+0000] {dag.py:3490} INFO - Setting next_dagrun for example_xcom_args_with_operators to None, run_after=None
[2023-07-05T13:05:46.371+0000] {processor.py:179} INFO - Processing /home/airflow/.local/lib/python3.7/site-packages/airflow/example_dags/example_xcomargs.py took 0.149 seconds
[2023-07-05T13:06:16.504+0000] {processor.py:157} INFO - Started process (PID=1866) to work on /home/airflow/.local/lib/python3.7/site-packages/airflow/example_dags/example_xcomargs.py
[2023-07-05T13:06:16.505+0000] {processor.py:826} INFO - Processing file /home/airflow/.local/lib/python3.7/site-packages/airflow/example_dags/example_xcomargs.py for tasks to queue
[2023-07-05T13:06:16.506+0000] {logging_mixin.py:149} INFO - [2023-07-05T13:06:16.506+0000] {dagbag.py:541} INFO - Filling up the DagBag from /home/airflow/.local/lib/python3.7/site-packages/airflow/example_dags/example_xcomargs.py
[2023-07-05T13:06:16.515+0000] {processor.py:836} INFO - DAG(s) dict_keys(['example_xcom_args', 'example_xcom_args_with_operators']) retrieved from /home/airflow/.local/lib/python3.7/site-packages/airflow/example_dags/example_xcomargs.py
[2023-07-05T13:06:16.549+0000] {logging_mixin.py:149} INFO - [2023-07-05T13:06:16.549+0000] {dag.py:2726} INFO - Sync 2 DAGs
[2023-07-05T13:06:16.588+0000] {logging_mixin.py:149} INFO - [2023-07-05T13:06:16.587+0000] {dag.py:3490} INFO - Setting next_dagrun for example_xcom_args to None, run_after=None
[2023-07-05T13:06:16.592+0000] {logging_mixin.py:149} INFO - [2023-07-05T13:06:16.592+0000] {dag.py:3490} INFO - Setting next_dagrun for example_xcom_args_with_operators to None, run_after=None
[2023-07-05T13:06:16.619+0000] {processor.py:179} INFO - Processing /home/airflow/.local/lib/python3.7/site-packages/airflow/example_dags/example_xcomargs.py took 0.119 seconds
[2023-07-05T13:06:46.846+0000] {processor.py:157} INFO - Started process (PID=1923) to work on /home/airflow/.local/lib/python3.7/site-packages/airflow/example_dags/example_xcomargs.py
[2023-07-05T13:06:46.847+0000] {processor.py:826} INFO - Processing file /home/airflow/.local/lib/python3.7/site-packages/airflow/example_dags/example_xcomargs.py for tasks to queue
[2023-07-05T13:06:46.848+0000] {logging_mixin.py:149} INFO - [2023-07-05T13:06:46.848+0000] {dagbag.py:541} INFO - Filling up the DagBag from /home/airflow/.local/lib/python3.7/site-packages/airflow/example_dags/example_xcomargs.py
[2023-07-05T13:06:46.860+0000] {processor.py:836} INFO - DAG(s) dict_keys(['example_xcom_args', 'example_xcom_args_with_operators']) retrieved from /home/airflow/.local/lib/python3.7/site-packages/airflow/example_dags/example_xcomargs.py
[2023-07-05T13:06:46.904+0000] {logging_mixin.py:149} INFO - [2023-07-05T13:06:46.903+0000] {dag.py:2726} INFO - Sync 2 DAGs
[2023-07-05T13:06:46.942+0000] {logging_mixin.py:149} INFO - [2023-07-05T13:06:46.941+0000] {dag.py:3490} INFO - Setting next_dagrun for example_xcom_args to None, run_after=None
[2023-07-05T13:06:46.948+0000] {logging_mixin.py:149} INFO - [2023-07-05T13:06:46.948+0000] {dag.py:3490} INFO - Setting next_dagrun for example_xcom_args_with_operators to None, run_after=None
[2023-07-05T13:06:46.978+0000] {processor.py:179} INFO - Processing /home/airflow/.local/lib/python3.7/site-packages/airflow/example_dags/example_xcomargs.py took 0.137 seconds
[2023-07-05T13:07:17.241+0000] {processor.py:157} INFO - Started process (PID=1980) to work on /home/airflow/.local/lib/python3.7/site-packages/airflow/example_dags/example_xcomargs.py
[2023-07-05T13:07:17.242+0000] {processor.py:826} INFO - Processing file /home/airflow/.local/lib/python3.7/site-packages/airflow/example_dags/example_xcomargs.py for tasks to queue
[2023-07-05T13:07:17.243+0000] {logging_mixin.py:149} INFO - [2023-07-05T13:07:17.243+0000] {dagbag.py:541} INFO - Filling up the DagBag from /home/airflow/.local/lib/python3.7/site-packages/airflow/example_dags/example_xcomargs.py
[2023-07-05T13:07:17.252+0000] {processor.py:836} INFO - DAG(s) dict_keys(['example_xcom_args', 'example_xcom_args_with_operators']) retrieved from /home/airflow/.local/lib/python3.7/site-packages/airflow/example_dags/example_xcomargs.py
[2023-07-05T13:07:17.286+0000] {logging_mixin.py:149} INFO - [2023-07-05T13:07:17.285+0000] {dag.py:2726} INFO - Sync 2 DAGs
[2023-07-05T13:07:17.318+0000] {logging_mixin.py:149} INFO - [2023-07-05T13:07:17.318+0000] {dag.py:3490} INFO - Setting next_dagrun for example_xcom_args to None, run_after=None
[2023-07-05T13:07:17.324+0000] {logging_mixin.py:149} INFO - [2023-07-05T13:07:17.324+0000] {dag.py:3490} INFO - Setting next_dagrun for example_xcom_args_with_operators to None, run_after=None
[2023-07-05T13:07:17.346+0000] {processor.py:179} INFO - Processing /home/airflow/.local/lib/python3.7/site-packages/airflow/example_dags/example_xcomargs.py took 0.108 seconds
[2023-07-05T13:07:47.658+0000] {processor.py:157} INFO - Started process (PID=2037) to work on /home/airflow/.local/lib/python3.7/site-packages/airflow/example_dags/example_xcomargs.py
[2023-07-05T13:07:47.660+0000] {processor.py:826} INFO - Processing file /home/airflow/.local/lib/python3.7/site-packages/airflow/example_dags/example_xcomargs.py for tasks to queue
[2023-07-05T13:07:47.660+0000] {logging_mixin.py:149} INFO - [2023-07-05T13:07:47.660+0000] {dagbag.py:541} INFO - Filling up the DagBag from /home/airflow/.local/lib/python3.7/site-packages/airflow/example_dags/example_xcomargs.py
[2023-07-05T13:07:47.671+0000] {processor.py:836} INFO - DAG(s) dict_keys(['example_xcom_args', 'example_xcom_args_with_operators']) retrieved from /home/airflow/.local/lib/python3.7/site-packages/airflow/example_dags/example_xcomargs.py
[2023-07-05T13:07:47.710+0000] {logging_mixin.py:149} INFO - [2023-07-05T13:07:47.710+0000] {dag.py:2726} INFO - Sync 2 DAGs
[2023-07-05T13:07:47.744+0000] {logging_mixin.py:149} INFO - [2023-07-05T13:07:47.744+0000] {dag.py:3490} INFO - Setting next_dagrun for example_xcom_args to None, run_after=None
[2023-07-05T13:07:47.749+0000] {logging_mixin.py:149} INFO - [2023-07-05T13:07:47.749+0000] {dag.py:3490} INFO - Setting next_dagrun for example_xcom_args_with_operators to None, run_after=None
[2023-07-05T13:07:47.768+0000] {processor.py:179} INFO - Processing /home/airflow/.local/lib/python3.7/site-packages/airflow/example_dags/example_xcomargs.py took 0.113 seconds
[2023-07-05T13:08:17.948+0000] {processor.py:157} INFO - Started process (PID=2093) to work on /home/airflow/.local/lib/python3.7/site-packages/airflow/example_dags/example_xcomargs.py
[2023-07-05T13:08:17.949+0000] {processor.py:826} INFO - Processing file /home/airflow/.local/lib/python3.7/site-packages/airflow/example_dags/example_xcomargs.py for tasks to queue
[2023-07-05T13:08:17.951+0000] {logging_mixin.py:149} INFO - [2023-07-05T13:08:17.950+0000] {dagbag.py:541} INFO - Filling up the DagBag from /home/airflow/.local/lib/python3.7/site-packages/airflow/example_dags/example_xcomargs.py
[2023-07-05T13:08:17.963+0000] {processor.py:836} INFO - DAG(s) dict_keys(['example_xcom_args', 'example_xcom_args_with_operators']) retrieved from /home/airflow/.local/lib/python3.7/site-packages/airflow/example_dags/example_xcomargs.py
[2023-07-05T13:08:18.008+0000] {logging_mixin.py:149} INFO - [2023-07-05T13:08:18.007+0000] {dag.py:2726} INFO - Sync 2 DAGs
[2023-07-05T13:08:18.070+0000] {logging_mixin.py:149} INFO - [2023-07-05T13:08:18.070+0000] {dag.py:3490} INFO - Setting next_dagrun for example_xcom_args to None, run_after=None
[2023-07-05T13:08:18.078+0000] {logging_mixin.py:149} INFO - [2023-07-05T13:08:18.078+0000] {dag.py:3490} INFO - Setting next_dagrun for example_xcom_args_with_operators to None, run_after=None
[2023-07-05T13:08:18.116+0000] {processor.py:179} INFO - Processing /home/airflow/.local/lib/python3.7/site-packages/airflow/example_dags/example_xcomargs.py took 0.173 seconds
[2023-07-05T13:08:48.535+0000] {processor.py:157} INFO - Started process (PID=2150) to work on /home/airflow/.local/lib/python3.7/site-packages/airflow/example_dags/example_xcomargs.py
[2023-07-05T13:08:48.536+0000] {processor.py:826} INFO - Processing file /home/airflow/.local/lib/python3.7/site-packages/airflow/example_dags/example_xcomargs.py for tasks to queue
[2023-07-05T13:08:48.537+0000] {logging_mixin.py:149} INFO - [2023-07-05T13:08:48.537+0000] {dagbag.py:541} INFO - Filling up the DagBag from /home/airflow/.local/lib/python3.7/site-packages/airflow/example_dags/example_xcomargs.py
[2023-07-05T13:08:48.548+0000] {processor.py:836} INFO - DAG(s) dict_keys(['example_xcom_args', 'example_xcom_args_with_operators']) retrieved from /home/airflow/.local/lib/python3.7/site-packages/airflow/example_dags/example_xcomargs.py
[2023-07-05T13:08:48.583+0000] {logging_mixin.py:149} INFO - [2023-07-05T13:08:48.583+0000] {dag.py:2726} INFO - Sync 2 DAGs
[2023-07-05T13:08:48.615+0000] {logging_mixin.py:149} INFO - [2023-07-05T13:08:48.615+0000] {dag.py:3490} INFO - Setting next_dagrun for example_xcom_args to None, run_after=None
[2023-07-05T13:08:48.620+0000] {logging_mixin.py:149} INFO - [2023-07-05T13:08:48.620+0000] {dag.py:3490} INFO - Setting next_dagrun for example_xcom_args_with_operators to None, run_after=None
[2023-07-05T13:08:48.647+0000] {processor.py:179} INFO - Processing /home/airflow/.local/lib/python3.7/site-packages/airflow/example_dags/example_xcomargs.py took 0.116 seconds
[2023-07-05T13:09:19.021+0000] {processor.py:157} INFO - Started process (PID=2207) to work on /home/airflow/.local/lib/python3.7/site-packages/airflow/example_dags/example_xcomargs.py
[2023-07-05T13:09:19.023+0000] {processor.py:826} INFO - Processing file /home/airflow/.local/lib/python3.7/site-packages/airflow/example_dags/example_xcomargs.py for tasks to queue
[2023-07-05T13:09:19.025+0000] {logging_mixin.py:149} INFO - [2023-07-05T13:09:19.024+0000] {dagbag.py:541} INFO - Filling up the DagBag from /home/airflow/.local/lib/python3.7/site-packages/airflow/example_dags/example_xcomargs.py
[2023-07-05T13:09:19.035+0000] {processor.py:836} INFO - DAG(s) dict_keys(['example_xcom_args', 'example_xcom_args_with_operators']) retrieved from /home/airflow/.local/lib/python3.7/site-packages/airflow/example_dags/example_xcomargs.py
[2023-07-05T13:09:19.078+0000] {logging_mixin.py:149} INFO - [2023-07-05T13:09:19.077+0000] {dag.py:2726} INFO - Sync 2 DAGs
[2023-07-05T13:09:19.116+0000] {logging_mixin.py:149} INFO - [2023-07-05T13:09:19.115+0000] {dag.py:3490} INFO - Setting next_dagrun for example_xcom_args to None, run_after=None
[2023-07-05T13:09:19.120+0000] {logging_mixin.py:149} INFO - [2023-07-05T13:09:19.120+0000] {dag.py:3490} INFO - Setting next_dagrun for example_xcom_args_with_operators to None, run_after=None
[2023-07-05T13:09:19.150+0000] {processor.py:179} INFO - Processing /home/airflow/.local/lib/python3.7/site-packages/airflow/example_dags/example_xcomargs.py took 0.133 seconds
[2023-07-05T13:09:49.284+0000] {processor.py:157} INFO - Started process (PID=2270) to work on /home/airflow/.local/lib/python3.7/site-packages/airflow/example_dags/example_xcomargs.py
[2023-07-05T13:09:49.285+0000] {processor.py:826} INFO - Processing file /home/airflow/.local/lib/python3.7/site-packages/airflow/example_dags/example_xcomargs.py for tasks to queue
[2023-07-05T13:09:49.286+0000] {logging_mixin.py:149} INFO - [2023-07-05T13:09:49.286+0000] {dagbag.py:541} INFO - Filling up the DagBag from /home/airflow/.local/lib/python3.7/site-packages/airflow/example_dags/example_xcomargs.py
[2023-07-05T13:09:49.299+0000] {processor.py:836} INFO - DAG(s) dict_keys(['example_xcom_args', 'example_xcom_args_with_operators']) retrieved from /home/airflow/.local/lib/python3.7/site-packages/airflow/example_dags/example_xcomargs.py
[2023-07-05T13:09:49.345+0000] {logging_mixin.py:149} INFO - [2023-07-05T13:09:49.345+0000] {dag.py:2726} INFO - Sync 2 DAGs
[2023-07-05T13:09:49.382+0000] {logging_mixin.py:149} INFO - [2023-07-05T13:09:49.382+0000] {dag.py:3490} INFO - Setting next_dagrun for example_xcom_args to None, run_after=None
[2023-07-05T13:09:49.387+0000] {logging_mixin.py:149} INFO - [2023-07-05T13:09:49.387+0000] {dag.py:3490} INFO - Setting next_dagrun for example_xcom_args_with_operators to None, run_after=None
[2023-07-05T13:09:49.422+0000] {processor.py:179} INFO - Processing /home/airflow/.local/lib/python3.7/site-packages/airflow/example_dags/example_xcomargs.py took 0.145 seconds
[2023-07-05T13:10:19.724+0000] {processor.py:157} INFO - Started process (PID=2328) to work on /home/airflow/.local/lib/python3.7/site-packages/airflow/example_dags/example_xcomargs.py
[2023-07-05T13:10:19.726+0000] {processor.py:826} INFO - Processing file /home/airflow/.local/lib/python3.7/site-packages/airflow/example_dags/example_xcomargs.py for tasks to queue
[2023-07-05T13:10:19.727+0000] {logging_mixin.py:149} INFO - [2023-07-05T13:10:19.727+0000] {dagbag.py:541} INFO - Filling up the DagBag from /home/airflow/.local/lib/python3.7/site-packages/airflow/example_dags/example_xcomargs.py
[2023-07-05T13:10:19.736+0000] {processor.py:836} INFO - DAG(s) dict_keys(['example_xcom_args', 'example_xcom_args_with_operators']) retrieved from /home/airflow/.local/lib/python3.7/site-packages/airflow/example_dags/example_xcomargs.py
[2023-07-05T13:10:19.780+0000] {logging_mixin.py:149} INFO - [2023-07-05T13:10:19.779+0000] {dag.py:2726} INFO - Sync 2 DAGs
[2023-07-05T13:10:19.818+0000] {logging_mixin.py:149} INFO - [2023-07-05T13:10:19.818+0000] {dag.py:3490} INFO - Setting next_dagrun for example_xcom_args to None, run_after=None
[2023-07-05T13:10:19.824+0000] {logging_mixin.py:149} INFO - [2023-07-05T13:10:19.824+0000] {dag.py:3490} INFO - Setting next_dagrun for example_xcom_args_with_operators to None, run_after=None
[2023-07-05T13:10:19.848+0000] {processor.py:179} INFO - Processing /home/airflow/.local/lib/python3.7/site-packages/airflow/example_dags/example_xcomargs.py took 0.127 seconds
[2023-07-05T13:10:50.133+0000] {processor.py:157} INFO - Started process (PID=2385) to work on /home/airflow/.local/lib/python3.7/site-packages/airflow/example_dags/example_xcomargs.py
[2023-07-05T13:10:50.134+0000] {processor.py:826} INFO - Processing file /home/airflow/.local/lib/python3.7/site-packages/airflow/example_dags/example_xcomargs.py for tasks to queue
[2023-07-05T13:10:50.135+0000] {logging_mixin.py:149} INFO - [2023-07-05T13:10:50.135+0000] {dagbag.py:541} INFO - Filling up the DagBag from /home/airflow/.local/lib/python3.7/site-packages/airflow/example_dags/example_xcomargs.py
[2023-07-05T13:10:50.148+0000] {processor.py:836} INFO - DAG(s) dict_keys(['example_xcom_args_with_operators', 'example_xcom_args']) retrieved from /home/airflow/.local/lib/python3.7/site-packages/airflow/example_dags/example_xcomargs.py
[2023-07-05T13:10:50.195+0000] {logging_mixin.py:149} INFO - [2023-07-05T13:10:50.194+0000] {dag.py:2726} INFO - Sync 2 DAGs
[2023-07-05T13:10:50.246+0000] {logging_mixin.py:149} INFO - [2023-07-05T13:10:50.246+0000] {dag.py:3490} INFO - Setting next_dagrun for example_xcom_args to None, run_after=None
[2023-07-05T13:10:50.253+0000] {logging_mixin.py:149} INFO - [2023-07-05T13:10:50.252+0000] {dag.py:3490} INFO - Setting next_dagrun for example_xcom_args_with_operators to None, run_after=None
[2023-07-05T13:10:50.277+0000] {processor.py:179} INFO - Processing /home/airflow/.local/lib/python3.7/site-packages/airflow/example_dags/example_xcomargs.py took 0.149 seconds
[2023-07-05T13:11:20.618+0000] {processor.py:157} INFO - Started process (PID=2442) to work on /home/airflow/.local/lib/python3.7/site-packages/airflow/example_dags/example_xcomargs.py
[2023-07-05T13:11:20.619+0000] {processor.py:826} INFO - Processing file /home/airflow/.local/lib/python3.7/site-packages/airflow/example_dags/example_xcomargs.py for tasks to queue
[2023-07-05T13:11:20.620+0000] {logging_mixin.py:149} INFO - [2023-07-05T13:11:20.620+0000] {dagbag.py:541} INFO - Filling up the DagBag from /home/airflow/.local/lib/python3.7/site-packages/airflow/example_dags/example_xcomargs.py
[2023-07-05T13:11:20.631+0000] {processor.py:836} INFO - DAG(s) dict_keys(['example_xcom_args', 'example_xcom_args_with_operators']) retrieved from /home/airflow/.local/lib/python3.7/site-packages/airflow/example_dags/example_xcomargs.py
[2023-07-05T13:11:20.677+0000] {logging_mixin.py:149} INFO - [2023-07-05T13:11:20.677+0000] {dag.py:2726} INFO - Sync 2 DAGs
[2023-07-05T13:11:20.719+0000] {logging_mixin.py:149} INFO - [2023-07-05T13:11:20.719+0000] {dag.py:3490} INFO - Setting next_dagrun for example_xcom_args to None, run_after=None
[2023-07-05T13:11:20.727+0000] {logging_mixin.py:149} INFO - [2023-07-05T13:11:20.727+0000] {dag.py:3490} INFO - Setting next_dagrun for example_xcom_args_with_operators to None, run_after=None
[2023-07-05T13:11:20.766+0000] {processor.py:179} INFO - Processing /home/airflow/.local/lib/python3.7/site-packages/airflow/example_dags/example_xcomargs.py took 0.153 seconds
[2023-07-05T13:11:50.898+0000] {processor.py:157} INFO - Started process (PID=2499) to work on /home/airflow/.local/lib/python3.7/site-packages/airflow/example_dags/example_xcomargs.py
[2023-07-05T13:11:50.901+0000] {processor.py:826} INFO - Processing file /home/airflow/.local/lib/python3.7/site-packages/airflow/example_dags/example_xcomargs.py for tasks to queue
[2023-07-05T13:11:50.902+0000] {logging_mixin.py:149} INFO - [2023-07-05T13:11:50.902+0000] {dagbag.py:541} INFO - Filling up the DagBag from /home/airflow/.local/lib/python3.7/site-packages/airflow/example_dags/example_xcomargs.py
[2023-07-05T13:11:50.912+0000] {processor.py:836} INFO - DAG(s) dict_keys(['example_xcom_args', 'example_xcom_args_with_operators']) retrieved from /home/airflow/.local/lib/python3.7/site-packages/airflow/example_dags/example_xcomargs.py
[2023-07-05T13:11:50.961+0000] {logging_mixin.py:149} INFO - [2023-07-05T13:11:50.961+0000] {dag.py:2726} INFO - Sync 2 DAGs
[2023-07-05T13:11:51.009+0000] {logging_mixin.py:149} INFO - [2023-07-05T13:11:51.009+0000] {dag.py:3490} INFO - Setting next_dagrun for example_xcom_args to None, run_after=None
[2023-07-05T13:11:51.017+0000] {logging_mixin.py:149} INFO - [2023-07-05T13:11:51.016+0000] {dag.py:3490} INFO - Setting next_dagrun for example_xcom_args_with_operators to None, run_after=None
[2023-07-05T13:11:51.055+0000] {processor.py:179} INFO - Processing /home/airflow/.local/lib/python3.7/site-packages/airflow/example_dags/example_xcomargs.py took 0.161 seconds
[2023-07-05T13:12:21.730+0000] {processor.py:157} INFO - Started process (PID=2556) to work on /home/airflow/.local/lib/python3.7/site-packages/airflow/example_dags/example_xcomargs.py
[2023-07-05T13:12:21.731+0000] {processor.py:826} INFO - Processing file /home/airflow/.local/lib/python3.7/site-packages/airflow/example_dags/example_xcomargs.py for tasks to queue
[2023-07-05T13:12:21.732+0000] {logging_mixin.py:149} INFO - [2023-07-05T13:12:21.732+0000] {dagbag.py:541} INFO - Filling up the DagBag from /home/airflow/.local/lib/python3.7/site-packages/airflow/example_dags/example_xcomargs.py
[2023-07-05T13:12:21.743+0000] {processor.py:836} INFO - DAG(s) dict_keys(['example_xcom_args_with_operators', 'example_xcom_args']) retrieved from /home/airflow/.local/lib/python3.7/site-packages/airflow/example_dags/example_xcomargs.py
[2023-07-05T13:12:21.788+0000] {logging_mixin.py:149} INFO - [2023-07-05T13:12:21.788+0000] {dag.py:2726} INFO - Sync 2 DAGs
[2023-07-05T13:12:21.832+0000] {logging_mixin.py:149} INFO - [2023-07-05T13:12:21.832+0000] {dag.py:3490} INFO - Setting next_dagrun for example_xcom_args to None, run_after=None
[2023-07-05T13:12:21.839+0000] {logging_mixin.py:149} INFO - [2023-07-05T13:12:21.839+0000] {dag.py:3490} INFO - Setting next_dagrun for example_xcom_args_with_operators to None, run_after=None
[2023-07-05T13:12:21.866+0000] {processor.py:179} INFO - Processing /home/airflow/.local/lib/python3.7/site-packages/airflow/example_dags/example_xcomargs.py took 0.140 seconds
[2023-07-05T13:12:51.963+0000] {processor.py:157} INFO - Started process (PID=2613) to work on /home/airflow/.local/lib/python3.7/site-packages/airflow/example_dags/example_xcomargs.py
[2023-07-05T13:12:51.964+0000] {processor.py:826} INFO - Processing file /home/airflow/.local/lib/python3.7/site-packages/airflow/example_dags/example_xcomargs.py for tasks to queue
[2023-07-05T13:12:51.965+0000] {logging_mixin.py:149} INFO - [2023-07-05T13:12:51.964+0000] {dagbag.py:541} INFO - Filling up the DagBag from /home/airflow/.local/lib/python3.7/site-packages/airflow/example_dags/example_xcomargs.py
[2023-07-05T13:12:51.973+0000] {processor.py:836} INFO - DAG(s) dict_keys(['example_xcom_args_with_operators', 'example_xcom_args']) retrieved from /home/airflow/.local/lib/python3.7/site-packages/airflow/example_dags/example_xcomargs.py
[2023-07-05T13:12:52.015+0000] {logging_mixin.py:149} INFO - [2023-07-05T13:12:52.015+0000] {dag.py:2726} INFO - Sync 2 DAGs
[2023-07-05T13:12:52.054+0000] {logging_mixin.py:149} INFO - [2023-07-05T13:12:52.054+0000] {dag.py:3490} INFO - Setting next_dagrun for example_xcom_args to None, run_after=None
[2023-07-05T13:12:52.060+0000] {logging_mixin.py:149} INFO - [2023-07-05T13:12:52.059+0000] {dag.py:3490} INFO - Setting next_dagrun for example_xcom_args_with_operators to None, run_after=None
[2023-07-05T13:12:52.086+0000] {processor.py:179} INFO - Processing /home/airflow/.local/lib/python3.7/site-packages/airflow/example_dags/example_xcomargs.py took 0.127 seconds
[2023-07-05T13:13:22.366+0000] {processor.py:157} INFO - Started process (PID=2670) to work on /home/airflow/.local/lib/python3.7/site-packages/airflow/example_dags/example_xcomargs.py
[2023-07-05T13:13:22.367+0000] {processor.py:826} INFO - Processing file /home/airflow/.local/lib/python3.7/site-packages/airflow/example_dags/example_xcomargs.py for tasks to queue
[2023-07-05T13:13:22.368+0000] {logging_mixin.py:149} INFO - [2023-07-05T13:13:22.367+0000] {dagbag.py:541} INFO - Filling up the DagBag from /home/airflow/.local/lib/python3.7/site-packages/airflow/example_dags/example_xcomargs.py
[2023-07-05T13:13:22.376+0000] {processor.py:836} INFO - DAG(s) dict_keys(['example_xcom_args_with_operators', 'example_xcom_args']) retrieved from /home/airflow/.local/lib/python3.7/site-packages/airflow/example_dags/example_xcomargs.py
[2023-07-05T13:13:22.428+0000] {logging_mixin.py:149} INFO - [2023-07-05T13:13:22.427+0000] {dag.py:2726} INFO - Sync 2 DAGs
[2023-07-05T13:13:22.472+0000] {logging_mixin.py:149} INFO - [2023-07-05T13:13:22.471+0000] {dag.py:3490} INFO - Setting next_dagrun for example_xcom_args to None, run_after=None
[2023-07-05T13:13:22.476+0000] {logging_mixin.py:149} INFO - [2023-07-05T13:13:22.476+0000] {dag.py:3490} INFO - Setting next_dagrun for example_xcom_args_with_operators to None, run_after=None
[2023-07-05T13:13:22.505+0000] {processor.py:179} INFO - Processing /home/airflow/.local/lib/python3.7/site-packages/airflow/example_dags/example_xcomargs.py took 0.142 seconds
[2023-07-05T13:13:52.715+0000] {processor.py:157} INFO - Started process (PID=2728) to work on /home/airflow/.local/lib/python3.7/site-packages/airflow/example_dags/example_xcomargs.py
[2023-07-05T13:13:52.717+0000] {processor.py:826} INFO - Processing file /home/airflow/.local/lib/python3.7/site-packages/airflow/example_dags/example_xcomargs.py for tasks to queue
[2023-07-05T13:13:52.717+0000] {logging_mixin.py:149} INFO - [2023-07-05T13:13:52.717+0000] {dagbag.py:541} INFO - Filling up the DagBag from /home/airflow/.local/lib/python3.7/site-packages/airflow/example_dags/example_xcomargs.py
[2023-07-05T13:13:52.726+0000] {processor.py:836} INFO - DAG(s) dict_keys(['example_xcom_args', 'example_xcom_args_with_operators']) retrieved from /home/airflow/.local/lib/python3.7/site-packages/airflow/example_dags/example_xcomargs.py
[2023-07-05T13:13:52.765+0000] {logging_mixin.py:149} INFO - [2023-07-05T13:13:52.765+0000] {dag.py:2726} INFO - Sync 2 DAGs
[2023-07-05T13:13:52.799+0000] {logging_mixin.py:149} INFO - [2023-07-05T13:13:52.799+0000] {dag.py:3490} INFO - Setting next_dagrun for example_xcom_args to None, run_after=None
[2023-07-05T13:13:52.804+0000] {logging_mixin.py:149} INFO - [2023-07-05T13:13:52.804+0000] {dag.py:3490} INFO - Setting next_dagrun for example_xcom_args_with_operators to None, run_after=None
[2023-07-05T13:13:52.826+0000] {processor.py:179} INFO - Processing /home/airflow/.local/lib/python3.7/site-packages/airflow/example_dags/example_xcomargs.py took 0.113 seconds
[2023-07-05T13:14:23.153+0000] {processor.py:157} INFO - Started process (PID=2785) to work on /home/airflow/.local/lib/python3.7/site-packages/airflow/example_dags/example_xcomargs.py
[2023-07-05T13:14:23.155+0000] {processor.py:826} INFO - Processing file /home/airflow/.local/lib/python3.7/site-packages/airflow/example_dags/example_xcomargs.py for tasks to queue
[2023-07-05T13:14:23.156+0000] {logging_mixin.py:149} INFO - [2023-07-05T13:14:23.155+0000] {dagbag.py:541} INFO - Filling up the DagBag from /home/airflow/.local/lib/python3.7/site-packages/airflow/example_dags/example_xcomargs.py
[2023-07-05T13:14:23.168+0000] {processor.py:836} INFO - DAG(s) dict_keys(['example_xcom_args_with_operators', 'example_xcom_args']) retrieved from /home/airflow/.local/lib/python3.7/site-packages/airflow/example_dags/example_xcomargs.py
[2023-07-05T13:14:23.208+0000] {logging_mixin.py:149} INFO - [2023-07-05T13:14:23.208+0000] {dag.py:2726} INFO - Sync 2 DAGs
[2023-07-05T13:14:23.244+0000] {logging_mixin.py:149} INFO - [2023-07-05T13:14:23.243+0000] {dag.py:3490} INFO - Setting next_dagrun for example_xcom_args to None, run_after=None
[2023-07-05T13:14:23.249+0000] {logging_mixin.py:149} INFO - [2023-07-05T13:14:23.249+0000] {dag.py:3490} INFO - Setting next_dagrun for example_xcom_args_with_operators to None, run_after=None
[2023-07-05T13:14:23.273+0000] {processor.py:179} INFO - Processing /home/airflow/.local/lib/python3.7/site-packages/airflow/example_dags/example_xcomargs.py took 0.124 seconds
[2023-07-05T13:14:53.486+0000] {processor.py:157} INFO - Started process (PID=2841) to work on /home/airflow/.local/lib/python3.7/site-packages/airflow/example_dags/example_xcomargs.py
[2023-07-05T13:14:53.488+0000] {processor.py:826} INFO - Processing file /home/airflow/.local/lib/python3.7/site-packages/airflow/example_dags/example_xcomargs.py for tasks to queue
[2023-07-05T13:14:53.489+0000] {logging_mixin.py:149} INFO - [2023-07-05T13:14:53.489+0000] {dagbag.py:541} INFO - Filling up the DagBag from /home/airflow/.local/lib/python3.7/site-packages/airflow/example_dags/example_xcomargs.py
[2023-07-05T13:14:53.503+0000] {processor.py:836} INFO - DAG(s) dict_keys(['example_xcom_args', 'example_xcom_args_with_operators']) retrieved from /home/airflow/.local/lib/python3.7/site-packages/airflow/example_dags/example_xcomargs.py
[2023-07-05T13:14:53.550+0000] {logging_mixin.py:149} INFO - [2023-07-05T13:14:53.550+0000] {dag.py:2726} INFO - Sync 2 DAGs
[2023-07-05T13:14:53.592+0000] {logging_mixin.py:149} INFO - [2023-07-05T13:14:53.592+0000] {dag.py:3490} INFO - Setting next_dagrun for example_xcom_args to None, run_after=None
[2023-07-05T13:14:53.599+0000] {logging_mixin.py:149} INFO - [2023-07-05T13:14:53.599+0000] {dag.py:3490} INFO - Setting next_dagrun for example_xcom_args_with_operators to None, run_after=None
[2023-07-05T13:14:53.631+0000] {processor.py:179} INFO - Processing /home/airflow/.local/lib/python3.7/site-packages/airflow/example_dags/example_xcomargs.py took 0.149 seconds
[2023-07-05T13:15:24.194+0000] {processor.py:157} INFO - Started process (PID=2893) to work on /home/airflow/.local/lib/python3.7/site-packages/airflow/example_dags/example_xcomargs.py
[2023-07-05T13:15:24.195+0000] {processor.py:826} INFO - Processing file /home/airflow/.local/lib/python3.7/site-packages/airflow/example_dags/example_xcomargs.py for tasks to queue
[2023-07-05T13:15:24.196+0000] {logging_mixin.py:149} INFO - [2023-07-05T13:15:24.195+0000] {dagbag.py:541} INFO - Filling up the DagBag from /home/airflow/.local/lib/python3.7/site-packages/airflow/example_dags/example_xcomargs.py
[2023-07-05T13:15:24.205+0000] {processor.py:836} INFO - DAG(s) dict_keys(['example_xcom_args_with_operators', 'example_xcom_args']) retrieved from /home/airflow/.local/lib/python3.7/site-packages/airflow/example_dags/example_xcomargs.py
[2023-07-05T13:15:24.245+0000] {logging_mixin.py:149} INFO - [2023-07-05T13:15:24.245+0000] {dag.py:2726} INFO - Sync 2 DAGs
[2023-07-05T13:15:24.280+0000] {logging_mixin.py:149} INFO - [2023-07-05T13:15:24.280+0000] {dag.py:3490} INFO - Setting next_dagrun for example_xcom_args to None, run_after=None
[2023-07-05T13:15:24.285+0000] {logging_mixin.py:149} INFO - [2023-07-05T13:15:24.285+0000] {dag.py:3490} INFO - Setting next_dagrun for example_xcom_args_with_operators to None, run_after=None
[2023-07-05T13:15:24.318+0000] {processor.py:179} INFO - Processing /home/airflow/.local/lib/python3.7/site-packages/airflow/example_dags/example_xcomargs.py took 0.128 seconds
[2023-07-05T13:15:54.798+0000] {processor.py:157} INFO - Started process (PID=2950) to work on /home/airflow/.local/lib/python3.7/site-packages/airflow/example_dags/example_xcomargs.py
[2023-07-05T13:15:54.800+0000] {processor.py:826} INFO - Processing file /home/airflow/.local/lib/python3.7/site-packages/airflow/example_dags/example_xcomargs.py for tasks to queue
[2023-07-05T13:15:54.801+0000] {logging_mixin.py:149} INFO - [2023-07-05T13:15:54.801+0000] {dagbag.py:541} INFO - Filling up the DagBag from /home/airflow/.local/lib/python3.7/site-packages/airflow/example_dags/example_xcomargs.py
[2023-07-05T13:15:54.810+0000] {processor.py:836} INFO - DAG(s) dict_keys(['example_xcom_args_with_operators', 'example_xcom_args']) retrieved from /home/airflow/.local/lib/python3.7/site-packages/airflow/example_dags/example_xcomargs.py
[2023-07-05T13:15:54.858+0000] {logging_mixin.py:149} INFO - [2023-07-05T13:15:54.858+0000] {dag.py:2726} INFO - Sync 2 DAGs
[2023-07-05T13:15:54.902+0000] {logging_mixin.py:149} INFO - [2023-07-05T13:15:54.902+0000] {dag.py:3490} INFO - Setting next_dagrun for example_xcom_args to None, run_after=None
[2023-07-05T13:15:54.909+0000] {logging_mixin.py:149} INFO - [2023-07-05T13:15:54.908+0000] {dag.py:3490} INFO - Setting next_dagrun for example_xcom_args_with_operators to None, run_after=None
[2023-07-05T13:15:54.938+0000] {processor.py:179} INFO - Processing /home/airflow/.local/lib/python3.7/site-packages/airflow/example_dags/example_xcomargs.py took 0.144 seconds
[2023-07-05T13:16:25.169+0000] {processor.py:157} INFO - Started process (PID=3007) to work on /home/airflow/.local/lib/python3.7/site-packages/airflow/example_dags/example_xcomargs.py
[2023-07-05T13:16:25.170+0000] {processor.py:826} INFO - Processing file /home/airflow/.local/lib/python3.7/site-packages/airflow/example_dags/example_xcomargs.py for tasks to queue
[2023-07-05T13:16:25.171+0000] {logging_mixin.py:149} INFO - [2023-07-05T13:16:25.171+0000] {dagbag.py:541} INFO - Filling up the DagBag from /home/airflow/.local/lib/python3.7/site-packages/airflow/example_dags/example_xcomargs.py
[2023-07-05T13:16:25.183+0000] {processor.py:836} INFO - DAG(s) dict_keys(['example_xcom_args_with_operators', 'example_xcom_args']) retrieved from /home/airflow/.local/lib/python3.7/site-packages/airflow/example_dags/example_xcomargs.py
[2023-07-05T13:16:25.231+0000] {logging_mixin.py:149} INFO - [2023-07-05T13:16:25.231+0000] {dag.py:2726} INFO - Sync 2 DAGs
[2023-07-05T13:16:25.294+0000] {logging_mixin.py:149} INFO - [2023-07-05T13:16:25.294+0000] {dag.py:3490} INFO - Setting next_dagrun for example_xcom_args to None, run_after=None
[2023-07-05T13:16:25.310+0000] {logging_mixin.py:149} INFO - [2023-07-05T13:16:25.310+0000] {dag.py:3490} INFO - Setting next_dagrun for example_xcom_args_with_operators to None, run_after=None
[2023-07-05T13:16:25.382+0000] {processor.py:179} INFO - Processing /home/airflow/.local/lib/python3.7/site-packages/airflow/example_dags/example_xcomargs.py took 0.217 seconds
[2023-07-05T13:16:55.407+0000] {processor.py:157} INFO - Started process (PID=3063) to work on /home/airflow/.local/lib/python3.7/site-packages/airflow/example_dags/example_xcomargs.py
[2023-07-05T13:16:55.409+0000] {processor.py:826} INFO - Processing file /home/airflow/.local/lib/python3.7/site-packages/airflow/example_dags/example_xcomargs.py for tasks to queue
[2023-07-05T13:16:55.410+0000] {logging_mixin.py:149} INFO - [2023-07-05T13:16:55.410+0000] {dagbag.py:541} INFO - Filling up the DagBag from /home/airflow/.local/lib/python3.7/site-packages/airflow/example_dags/example_xcomargs.py
[2023-07-05T13:16:55.418+0000] {processor.py:836} INFO - DAG(s) dict_keys(['example_xcom_args_with_operators', 'example_xcom_args']) retrieved from /home/airflow/.local/lib/python3.7/site-packages/airflow/example_dags/example_xcomargs.py
[2023-07-05T13:16:55.452+0000] {logging_mixin.py:149} INFO - [2023-07-05T13:16:55.452+0000] {dag.py:2726} INFO - Sync 2 DAGs
[2023-07-05T13:16:55.489+0000] {logging_mixin.py:149} INFO - [2023-07-05T13:16:55.489+0000] {dag.py:3490} INFO - Setting next_dagrun for example_xcom_args to None, run_after=None
[2023-07-05T13:16:55.495+0000] {logging_mixin.py:149} INFO - [2023-07-05T13:16:55.495+0000] {dag.py:3490} INFO - Setting next_dagrun for example_xcom_args_with_operators to None, run_after=None
[2023-07-05T13:16:55.517+0000] {processor.py:179} INFO - Processing /home/airflow/.local/lib/python3.7/site-packages/airflow/example_dags/example_xcomargs.py took 0.113 seconds
[2023-07-05T13:17:25.991+0000] {processor.py:157} INFO - Started process (PID=3120) to work on /home/airflow/.local/lib/python3.7/site-packages/airflow/example_dags/example_xcomargs.py
[2023-07-05T13:17:25.991+0000] {processor.py:826} INFO - Processing file /home/airflow/.local/lib/python3.7/site-packages/airflow/example_dags/example_xcomargs.py for tasks to queue
[2023-07-05T13:17:25.992+0000] {logging_mixin.py:149} INFO - [2023-07-05T13:17:25.992+0000] {dagbag.py:541} INFO - Filling up the DagBag from /home/airflow/.local/lib/python3.7/site-packages/airflow/example_dags/example_xcomargs.py
[2023-07-05T13:17:26.001+0000] {processor.py:836} INFO - DAG(s) dict_keys(['example_xcom_args_with_operators', 'example_xcom_args']) retrieved from /home/airflow/.local/lib/python3.7/site-packages/airflow/example_dags/example_xcomargs.py
[2023-07-05T13:17:26.044+0000] {logging_mixin.py:149} INFO - [2023-07-05T13:17:26.043+0000] {dag.py:2726} INFO - Sync 2 DAGs
[2023-07-05T13:17:26.080+0000] {logging_mixin.py:149} INFO - [2023-07-05T13:17:26.080+0000] {dag.py:3490} INFO - Setting next_dagrun for example_xcom_args to None, run_after=None
[2023-07-05T13:17:26.085+0000] {logging_mixin.py:149} INFO - [2023-07-05T13:17:26.085+0000] {dag.py:3490} INFO - Setting next_dagrun for example_xcom_args_with_operators to None, run_after=None
[2023-07-05T13:17:26.111+0000] {processor.py:179} INFO - Processing /home/airflow/.local/lib/python3.7/site-packages/airflow/example_dags/example_xcomargs.py took 0.125 seconds
[2023-07-05T13:17:56.443+0000] {processor.py:157} INFO - Started process (PID=3177) to work on /home/airflow/.local/lib/python3.7/site-packages/airflow/example_dags/example_xcomargs.py
[2023-07-05T13:17:56.445+0000] {processor.py:826} INFO - Processing file /home/airflow/.local/lib/python3.7/site-packages/airflow/example_dags/example_xcomargs.py for tasks to queue
[2023-07-05T13:17:56.447+0000] {logging_mixin.py:149} INFO - [2023-07-05T13:17:56.447+0000] {dagbag.py:541} INFO - Filling up the DagBag from /home/airflow/.local/lib/python3.7/site-packages/airflow/example_dags/example_xcomargs.py
[2023-07-05T13:17:56.455+0000] {processor.py:836} INFO - DAG(s) dict_keys(['example_xcom_args_with_operators', 'example_xcom_args']) retrieved from /home/airflow/.local/lib/python3.7/site-packages/airflow/example_dags/example_xcomargs.py
[2023-07-05T13:17:56.494+0000] {logging_mixin.py:149} INFO - [2023-07-05T13:17:56.494+0000] {dag.py:2726} INFO - Sync 2 DAGs
[2023-07-05T13:17:56.528+0000] {logging_mixin.py:149} INFO - [2023-07-05T13:17:56.528+0000] {dag.py:3490} INFO - Setting next_dagrun for example_xcom_args to None, run_after=None
[2023-07-05T13:17:56.533+0000] {logging_mixin.py:149} INFO - [2023-07-05T13:17:56.533+0000] {dag.py:3490} INFO - Setting next_dagrun for example_xcom_args_with_operators to None, run_after=None
[2023-07-05T13:17:56.560+0000] {processor.py:179} INFO - Processing /home/airflow/.local/lib/python3.7/site-packages/airflow/example_dags/example_xcomargs.py took 0.122 seconds
