[2023-07-05T12:50:01.502+0000] {processor.py:157} INFO - Started process (PID=73) to work on /home/airflow/.local/lib/python3.7/site-packages/airflow/example_dags/example_task_group.py
[2023-07-05T12:50:01.517+0000] {processor.py:826} INFO - Processing file /home/airflow/.local/lib/python3.7/site-packages/airflow/example_dags/example_task_group.py for tasks to queue
[2023-07-05T12:50:01.525+0000] {logging_mixin.py:149} INFO - [2023-07-05T12:50:01.524+0000] {dagbag.py:541} INFO - Filling up the DagBag from /home/airflow/.local/lib/python3.7/site-packages/airflow/example_dags/example_task_group.py
[2023-07-05T12:50:01.619+0000] {processor.py:836} INFO - DAG(s) dict_keys(['example_task_group']) retrieved from /home/airflow/.local/lib/python3.7/site-packages/airflow/example_dags/example_task_group.py
[2023-07-05T12:50:01.801+0000] {logging_mixin.py:149} INFO - [2023-07-05T12:50:01.801+0000] {dag.py:2726} INFO - Sync 1 DAGs
[2023-07-05T12:50:01.982+0000] {logging_mixin.py:149} INFO - [2023-07-05T12:50:01.982+0000] {dag.py:3490} INFO - Setting next_dagrun for example_task_group to 2023-07-04T12:50:01.980198+00:00, run_after=2023-07-05T12:50:01.980198+00:00
[2023-07-05T12:50:02.102+0000] {processor.py:179} INFO - Processing /home/airflow/.local/lib/python3.7/site-packages/airflow/example_dags/example_task_group.py took 0.670 seconds
[2023-07-05T12:50:33.992+0000] {processor.py:157} INFO - Started process (PID=130) to work on /home/airflow/.local/lib/python3.7/site-packages/airflow/example_dags/example_task_group.py
[2023-07-05T12:50:33.994+0000] {processor.py:826} INFO - Processing file /home/airflow/.local/lib/python3.7/site-packages/airflow/example_dags/example_task_group.py for tasks to queue
[2023-07-05T12:50:33.995+0000] {logging_mixin.py:149} INFO - [2023-07-05T12:50:33.995+0000] {dagbag.py:541} INFO - Filling up the DagBag from /home/airflow/.local/lib/python3.7/site-packages/airflow/example_dags/example_task_group.py
[2023-07-05T12:50:34.006+0000] {processor.py:836} INFO - DAG(s) dict_keys(['example_task_group']) retrieved from /home/airflow/.local/lib/python3.7/site-packages/airflow/example_dags/example_task_group.py
[2023-07-05T12:50:34.046+0000] {logging_mixin.py:149} INFO - [2023-07-05T12:50:34.046+0000] {dag.py:2726} INFO - Sync 1 DAGs
[2023-07-05T12:50:34.089+0000] {logging_mixin.py:149} INFO - [2023-07-05T12:50:34.089+0000] {dag.py:3490} INFO - Setting next_dagrun for example_task_group to 2023-07-04T12:50:34.088888+00:00, run_after=2023-07-05T12:50:34.088888+00:00
[2023-07-05T12:50:34.121+0000] {processor.py:179} INFO - Processing /home/airflow/.local/lib/python3.7/site-packages/airflow/example_dags/example_task_group.py took 0.133 seconds
[2023-07-05T12:51:05.716+0000] {processor.py:157} INFO - Started process (PID=188) to work on /home/airflow/.local/lib/python3.7/site-packages/airflow/example_dags/example_task_group.py
[2023-07-05T12:51:05.718+0000] {processor.py:826} INFO - Processing file /home/airflow/.local/lib/python3.7/site-packages/airflow/example_dags/example_task_group.py for tasks to queue
[2023-07-05T12:51:05.718+0000] {logging_mixin.py:149} INFO - [2023-07-05T12:51:05.718+0000] {dagbag.py:541} INFO - Filling up the DagBag from /home/airflow/.local/lib/python3.7/site-packages/airflow/example_dags/example_task_group.py
[2023-07-05T12:51:05.730+0000] {processor.py:836} INFO - DAG(s) dict_keys(['example_task_group']) retrieved from /home/airflow/.local/lib/python3.7/site-packages/airflow/example_dags/example_task_group.py
[2023-07-05T12:51:05.768+0000] {logging_mixin.py:149} INFO - [2023-07-05T12:51:05.768+0000] {dag.py:2726} INFO - Sync 1 DAGs
[2023-07-05T12:51:05.809+0000] {logging_mixin.py:149} INFO - [2023-07-05T12:51:05.809+0000] {dag.py:3490} INFO - Setting next_dagrun for example_task_group to 2023-07-04T12:51:05.808731+00:00, run_after=2023-07-05T12:51:05.808731+00:00
[2023-07-05T12:51:05.837+0000] {processor.py:179} INFO - Processing /home/airflow/.local/lib/python3.7/site-packages/airflow/example_dags/example_task_group.py took 0.124 seconds
[2023-07-05T12:51:37.061+0000] {processor.py:157} INFO - Started process (PID=245) to work on /home/airflow/.local/lib/python3.7/site-packages/airflow/example_dags/example_task_group.py
[2023-07-05T12:51:37.062+0000] {processor.py:826} INFO - Processing file /home/airflow/.local/lib/python3.7/site-packages/airflow/example_dags/example_task_group.py for tasks to queue
[2023-07-05T12:51:37.063+0000] {logging_mixin.py:149} INFO - [2023-07-05T12:51:37.063+0000] {dagbag.py:541} INFO - Filling up the DagBag from /home/airflow/.local/lib/python3.7/site-packages/airflow/example_dags/example_task_group.py
[2023-07-05T12:51:37.071+0000] {processor.py:836} INFO - DAG(s) dict_keys(['example_task_group']) retrieved from /home/airflow/.local/lib/python3.7/site-packages/airflow/example_dags/example_task_group.py
[2023-07-05T12:51:37.106+0000] {logging_mixin.py:149} INFO - [2023-07-05T12:51:37.105+0000] {dag.py:2726} INFO - Sync 1 DAGs
[2023-07-05T12:51:37.148+0000] {logging_mixin.py:149} INFO - [2023-07-05T12:51:37.148+0000] {dag.py:3490} INFO - Setting next_dagrun for example_task_group to 2023-07-04T12:51:37.148296+00:00, run_after=2023-07-05T12:51:37.148296+00:00
[2023-07-05T12:51:37.180+0000] {processor.py:179} INFO - Processing /home/airflow/.local/lib/python3.7/site-packages/airflow/example_dags/example_task_group.py took 0.123 seconds
[2023-07-05T12:52:08.316+0000] {processor.py:157} INFO - Started process (PID=302) to work on /home/airflow/.local/lib/python3.7/site-packages/airflow/example_dags/example_task_group.py
[2023-07-05T12:52:08.317+0000] {processor.py:826} INFO - Processing file /home/airflow/.local/lib/python3.7/site-packages/airflow/example_dags/example_task_group.py for tasks to queue
[2023-07-05T12:52:08.318+0000] {logging_mixin.py:149} INFO - [2023-07-05T12:52:08.318+0000] {dagbag.py:541} INFO - Filling up the DagBag from /home/airflow/.local/lib/python3.7/site-packages/airflow/example_dags/example_task_group.py
[2023-07-05T12:52:08.327+0000] {processor.py:836} INFO - DAG(s) dict_keys(['example_task_group']) retrieved from /home/airflow/.local/lib/python3.7/site-packages/airflow/example_dags/example_task_group.py
[2023-07-05T12:52:08.358+0000] {logging_mixin.py:149} INFO - [2023-07-05T12:52:08.357+0000] {dag.py:2726} INFO - Sync 1 DAGs
[2023-07-05T12:52:08.397+0000] {logging_mixin.py:149} INFO - [2023-07-05T12:52:08.397+0000] {dag.py:3490} INFO - Setting next_dagrun for example_task_group to 2023-07-04T12:52:08.397134+00:00, run_after=2023-07-05T12:52:08.397134+00:00
[2023-07-05T12:52:08.423+0000] {processor.py:179} INFO - Processing /home/airflow/.local/lib/python3.7/site-packages/airflow/example_dags/example_task_group.py took 0.112 seconds
[2023-07-05T12:52:39.428+0000] {processor.py:157} INFO - Started process (PID=359) to work on /home/airflow/.local/lib/python3.7/site-packages/airflow/example_dags/example_task_group.py
[2023-07-05T12:52:39.429+0000] {processor.py:826} INFO - Processing file /home/airflow/.local/lib/python3.7/site-packages/airflow/example_dags/example_task_group.py for tasks to queue
[2023-07-05T12:52:39.429+0000] {logging_mixin.py:149} INFO - [2023-07-05T12:52:39.429+0000] {dagbag.py:541} INFO - Filling up the DagBag from /home/airflow/.local/lib/python3.7/site-packages/airflow/example_dags/example_task_group.py
[2023-07-05T12:52:39.438+0000] {processor.py:836} INFO - DAG(s) dict_keys(['example_task_group']) retrieved from /home/airflow/.local/lib/python3.7/site-packages/airflow/example_dags/example_task_group.py
[2023-07-05T12:52:39.479+0000] {logging_mixin.py:149} INFO - [2023-07-05T12:52:39.478+0000] {dag.py:2726} INFO - Sync 1 DAGs
[2023-07-05T12:52:39.511+0000] {logging_mixin.py:149} INFO - [2023-07-05T12:52:39.510+0000] {dag.py:3490} INFO - Setting next_dagrun for example_task_group to 2023-07-04T12:52:39.510642+00:00, run_after=2023-07-05T12:52:39.510642+00:00
[2023-07-05T12:52:39.534+0000] {processor.py:179} INFO - Processing /home/airflow/.local/lib/python3.7/site-packages/airflow/example_dags/example_task_group.py took 0.109 seconds
[2023-07-05T12:53:09.644+0000] {processor.py:157} INFO - Started process (PID=415) to work on /home/airflow/.local/lib/python3.7/site-packages/airflow/example_dags/example_task_group.py
[2023-07-05T12:53:09.646+0000] {processor.py:826} INFO - Processing file /home/airflow/.local/lib/python3.7/site-packages/airflow/example_dags/example_task_group.py for tasks to queue
[2023-07-05T12:53:09.647+0000] {logging_mixin.py:149} INFO - [2023-07-05T12:53:09.646+0000] {dagbag.py:541} INFO - Filling up the DagBag from /home/airflow/.local/lib/python3.7/site-packages/airflow/example_dags/example_task_group.py
[2023-07-05T12:53:09.655+0000] {processor.py:836} INFO - DAG(s) dict_keys(['example_task_group']) retrieved from /home/airflow/.local/lib/python3.7/site-packages/airflow/example_dags/example_task_group.py
[2023-07-05T12:53:09.688+0000] {logging_mixin.py:149} INFO - [2023-07-05T12:53:09.688+0000] {dag.py:2726} INFO - Sync 1 DAGs
[2023-07-05T12:53:09.726+0000] {logging_mixin.py:149} INFO - [2023-07-05T12:53:09.726+0000] {dag.py:3490} INFO - Setting next_dagrun for example_task_group to 2023-07-04T12:53:09.726086+00:00, run_after=2023-07-05T12:53:09.726086+00:00
[2023-07-05T12:53:09.906+0000] {processor.py:179} INFO - Processing /home/airflow/.local/lib/python3.7/site-packages/airflow/example_dags/example_task_group.py took 0.266 seconds
[2023-07-05T12:53:39.999+0000] {processor.py:157} INFO - Started process (PID=472) to work on /home/airflow/.local/lib/python3.7/site-packages/airflow/example_dags/example_task_group.py
[2023-07-05T12:53:40.000+0000] {processor.py:826} INFO - Processing file /home/airflow/.local/lib/python3.7/site-packages/airflow/example_dags/example_task_group.py for tasks to queue
[2023-07-05T12:53:40.001+0000] {logging_mixin.py:149} INFO - [2023-07-05T12:53:40.001+0000] {dagbag.py:541} INFO - Filling up the DagBag from /home/airflow/.local/lib/python3.7/site-packages/airflow/example_dags/example_task_group.py
[2023-07-05T12:53:40.011+0000] {processor.py:836} INFO - DAG(s) dict_keys(['example_task_group']) retrieved from /home/airflow/.local/lib/python3.7/site-packages/airflow/example_dags/example_task_group.py
[2023-07-05T12:53:40.047+0000] {logging_mixin.py:149} INFO - [2023-07-05T12:53:40.047+0000] {dag.py:2726} INFO - Sync 1 DAGs
[2023-07-05T12:53:40.089+0000] {logging_mixin.py:149} INFO - [2023-07-05T12:53:40.089+0000] {dag.py:3490} INFO - Setting next_dagrun for example_task_group to 2023-07-04T12:53:40.088888+00:00, run_after=2023-07-05T12:53:40.088888+00:00
[2023-07-05T12:53:40.122+0000] {processor.py:179} INFO - Processing /home/airflow/.local/lib/python3.7/site-packages/airflow/example_dags/example_task_group.py took 0.126 seconds
[2023-07-05T12:54:11.617+0000] {processor.py:157} INFO - Started process (PID=529) to work on /home/airflow/.local/lib/python3.7/site-packages/airflow/example_dags/example_task_group.py
[2023-07-05T12:54:11.618+0000] {processor.py:826} INFO - Processing file /home/airflow/.local/lib/python3.7/site-packages/airflow/example_dags/example_task_group.py for tasks to queue
[2023-07-05T12:54:11.618+0000] {logging_mixin.py:149} INFO - [2023-07-05T12:54:11.618+0000] {dagbag.py:541} INFO - Filling up the DagBag from /home/airflow/.local/lib/python3.7/site-packages/airflow/example_dags/example_task_group.py
[2023-07-05T12:54:11.627+0000] {processor.py:836} INFO - DAG(s) dict_keys(['example_task_group']) retrieved from /home/airflow/.local/lib/python3.7/site-packages/airflow/example_dags/example_task_group.py
[2023-07-05T12:54:11.658+0000] {logging_mixin.py:149} INFO - [2023-07-05T12:54:11.658+0000] {dag.py:2726} INFO - Sync 1 DAGs
[2023-07-05T12:54:11.840+0000] {logging_mixin.py:149} INFO - [2023-07-05T12:54:11.840+0000] {dag.py:3490} INFO - Setting next_dagrun for example_task_group to 2023-07-04T12:54:11.839780+00:00, run_after=2023-07-05T12:54:11.839780+00:00
[2023-07-05T12:54:11.871+0000] {processor.py:179} INFO - Processing /home/airflow/.local/lib/python3.7/site-packages/airflow/example_dags/example_task_group.py took 0.258 seconds
[2023-07-05T12:54:42.063+0000] {processor.py:157} INFO - Started process (PID=586) to work on /home/airflow/.local/lib/python3.7/site-packages/airflow/example_dags/example_task_group.py
[2023-07-05T12:54:42.065+0000] {processor.py:826} INFO - Processing file /home/airflow/.local/lib/python3.7/site-packages/airflow/example_dags/example_task_group.py for tasks to queue
[2023-07-05T12:54:42.067+0000] {logging_mixin.py:149} INFO - [2023-07-05T12:54:42.066+0000] {dagbag.py:541} INFO - Filling up the DagBag from /home/airflow/.local/lib/python3.7/site-packages/airflow/example_dags/example_task_group.py
[2023-07-05T12:54:42.078+0000] {processor.py:836} INFO - DAG(s) dict_keys(['example_task_group']) retrieved from /home/airflow/.local/lib/python3.7/site-packages/airflow/example_dags/example_task_group.py
[2023-07-05T12:54:42.116+0000] {logging_mixin.py:149} INFO - [2023-07-05T12:54:42.116+0000] {dag.py:2726} INFO - Sync 1 DAGs
[2023-07-05T12:54:42.155+0000] {logging_mixin.py:149} INFO - [2023-07-05T12:54:42.155+0000] {dag.py:3490} INFO - Setting next_dagrun for example_task_group to 2023-07-04T12:54:42.155096+00:00, run_after=2023-07-05T12:54:42.155096+00:00
[2023-07-05T12:54:42.361+0000] {processor.py:179} INFO - Processing /home/airflow/.local/lib/python3.7/site-packages/airflow/example_dags/example_task_group.py took 0.302 seconds
[2023-07-05T12:55:13.466+0000] {processor.py:157} INFO - Started process (PID=643) to work on /home/airflow/.local/lib/python3.7/site-packages/airflow/example_dags/example_task_group.py
[2023-07-05T12:55:13.467+0000] {processor.py:826} INFO - Processing file /home/airflow/.local/lib/python3.7/site-packages/airflow/example_dags/example_task_group.py for tasks to queue
[2023-07-05T12:55:13.468+0000] {logging_mixin.py:149} INFO - [2023-07-05T12:55:13.468+0000] {dagbag.py:541} INFO - Filling up the DagBag from /home/airflow/.local/lib/python3.7/site-packages/airflow/example_dags/example_task_group.py
[2023-07-05T12:55:13.481+0000] {processor.py:836} INFO - DAG(s) dict_keys(['example_task_group']) retrieved from /home/airflow/.local/lib/python3.7/site-packages/airflow/example_dags/example_task_group.py
[2023-07-05T12:55:13.520+0000] {logging_mixin.py:149} INFO - [2023-07-05T12:55:13.520+0000] {dag.py:2726} INFO - Sync 1 DAGs
[2023-07-05T12:55:13.563+0000] {logging_mixin.py:149} INFO - [2023-07-05T12:55:13.563+0000] {dag.py:3490} INFO - Setting next_dagrun for example_task_group to 2023-07-04T12:55:13.562933+00:00, run_after=2023-07-05T12:55:13.562933+00:00
[2023-07-05T12:55:13.590+0000] {processor.py:179} INFO - Processing /home/airflow/.local/lib/python3.7/site-packages/airflow/example_dags/example_task_group.py took 0.128 seconds
[2023-07-05T12:55:44.947+0000] {processor.py:157} INFO - Started process (PID=700) to work on /home/airflow/.local/lib/python3.7/site-packages/airflow/example_dags/example_task_group.py
[2023-07-05T12:55:44.956+0000] {processor.py:826} INFO - Processing file /home/airflow/.local/lib/python3.7/site-packages/airflow/example_dags/example_task_group.py for tasks to queue
[2023-07-05T12:55:44.963+0000] {logging_mixin.py:149} INFO - [2023-07-05T12:55:44.963+0000] {dagbag.py:541} INFO - Filling up the DagBag from /home/airflow/.local/lib/python3.7/site-packages/airflow/example_dags/example_task_group.py
[2023-07-05T12:55:44.978+0000] {processor.py:836} INFO - DAG(s) dict_keys(['example_task_group']) retrieved from /home/airflow/.local/lib/python3.7/site-packages/airflow/example_dags/example_task_group.py
[2023-07-05T12:55:45.016+0000] {logging_mixin.py:149} INFO - [2023-07-05T12:55:45.016+0000] {dag.py:2726} INFO - Sync 1 DAGs
[2023-07-05T12:55:45.202+0000] {logging_mixin.py:149} INFO - [2023-07-05T12:55:45.202+0000] {dag.py:3490} INFO - Setting next_dagrun for example_task_group to 2023-07-04T12:55:45.201998+00:00, run_after=2023-07-05T12:55:45.201998+00:00
[2023-07-05T12:55:45.232+0000] {processor.py:179} INFO - Processing /home/airflow/.local/lib/python3.7/site-packages/airflow/example_dags/example_task_group.py took 0.289 seconds
[2023-07-05T12:56:15.634+0000] {processor.py:157} INFO - Started process (PID=757) to work on /home/airflow/.local/lib/python3.7/site-packages/airflow/example_dags/example_task_group.py
[2023-07-05T12:56:15.635+0000] {processor.py:826} INFO - Processing file /home/airflow/.local/lib/python3.7/site-packages/airflow/example_dags/example_task_group.py for tasks to queue
[2023-07-05T12:56:15.636+0000] {logging_mixin.py:149} INFO - [2023-07-05T12:56:15.636+0000] {dagbag.py:541} INFO - Filling up the DagBag from /home/airflow/.local/lib/python3.7/site-packages/airflow/example_dags/example_task_group.py
[2023-07-05T12:56:15.646+0000] {processor.py:836} INFO - DAG(s) dict_keys(['example_task_group']) retrieved from /home/airflow/.local/lib/python3.7/site-packages/airflow/example_dags/example_task_group.py
[2023-07-05T12:56:15.680+0000] {logging_mixin.py:149} INFO - [2023-07-05T12:56:15.679+0000] {dag.py:2726} INFO - Sync 1 DAGs
[2023-07-05T12:56:15.720+0000] {logging_mixin.py:149} INFO - [2023-07-05T12:56:15.720+0000] {dag.py:3490} INFO - Setting next_dagrun for example_task_group to 2023-07-04T12:56:15.719848+00:00, run_after=2023-07-05T12:56:15.719848+00:00
[2023-07-05T12:56:15.756+0000] {processor.py:179} INFO - Processing /home/airflow/.local/lib/python3.7/site-packages/airflow/example_dags/example_task_group.py took 0.125 seconds
[2023-07-05T12:56:46.172+0000] {processor.py:157} INFO - Started process (PID=813) to work on /home/airflow/.local/lib/python3.7/site-packages/airflow/example_dags/example_task_group.py
[2023-07-05T12:56:46.174+0000] {processor.py:826} INFO - Processing file /home/airflow/.local/lib/python3.7/site-packages/airflow/example_dags/example_task_group.py for tasks to queue
[2023-07-05T12:56:46.176+0000] {logging_mixin.py:149} INFO - [2023-07-05T12:56:46.176+0000] {dagbag.py:541} INFO - Filling up the DagBag from /home/airflow/.local/lib/python3.7/site-packages/airflow/example_dags/example_task_group.py
[2023-07-05T12:56:46.185+0000] {processor.py:836} INFO - DAG(s) dict_keys(['example_task_group']) retrieved from /home/airflow/.local/lib/python3.7/site-packages/airflow/example_dags/example_task_group.py
[2023-07-05T12:56:46.226+0000] {logging_mixin.py:149} INFO - [2023-07-05T12:56:46.225+0000] {dag.py:2726} INFO - Sync 1 DAGs
[2023-07-05T12:56:46.267+0000] {logging_mixin.py:149} INFO - [2023-07-05T12:56:46.267+0000] {dag.py:3490} INFO - Setting next_dagrun for example_task_group to 2023-07-04T12:56:46.267451+00:00, run_after=2023-07-05T12:56:46.267451+00:00
[2023-07-05T12:56:46.293+0000] {processor.py:179} INFO - Processing /home/airflow/.local/lib/python3.7/site-packages/airflow/example_dags/example_task_group.py took 0.124 seconds
[2023-07-05T12:57:16.812+0000] {processor.py:157} INFO - Started process (PID=869) to work on /home/airflow/.local/lib/python3.7/site-packages/airflow/example_dags/example_task_group.py
[2023-07-05T12:57:16.822+0000] {processor.py:826} INFO - Processing file /home/airflow/.local/lib/python3.7/site-packages/airflow/example_dags/example_task_group.py for tasks to queue
[2023-07-05T12:57:16.823+0000] {logging_mixin.py:149} INFO - [2023-07-05T12:57:16.823+0000] {dagbag.py:541} INFO - Filling up the DagBag from /home/airflow/.local/lib/python3.7/site-packages/airflow/example_dags/example_task_group.py
[2023-07-05T12:57:16.833+0000] {processor.py:836} INFO - DAG(s) dict_keys(['example_task_group']) retrieved from /home/airflow/.local/lib/python3.7/site-packages/airflow/example_dags/example_task_group.py
[2023-07-05T12:57:16.875+0000] {logging_mixin.py:149} INFO - [2023-07-05T12:57:16.875+0000] {dag.py:2726} INFO - Sync 1 DAGs
[2023-07-05T12:57:16.916+0000] {logging_mixin.py:149} INFO - [2023-07-05T12:57:16.916+0000] {dag.py:3490} INFO - Setting next_dagrun for example_task_group to 2023-07-04T12:57:16.915859+00:00, run_after=2023-07-05T12:57:16.915859+00:00
[2023-07-05T12:57:16.946+0000] {processor.py:179} INFO - Processing /home/airflow/.local/lib/python3.7/site-packages/airflow/example_dags/example_task_group.py took 0.139 seconds
[2023-07-05T12:57:48.271+0000] {processor.py:157} INFO - Started process (PID=933) to work on /home/airflow/.local/lib/python3.7/site-packages/airflow/example_dags/example_task_group.py
[2023-07-05T12:57:48.272+0000] {processor.py:826} INFO - Processing file /home/airflow/.local/lib/python3.7/site-packages/airflow/example_dags/example_task_group.py for tasks to queue
[2023-07-05T12:57:48.275+0000] {logging_mixin.py:149} INFO - [2023-07-05T12:57:48.275+0000] {dagbag.py:541} INFO - Filling up the DagBag from /home/airflow/.local/lib/python3.7/site-packages/airflow/example_dags/example_task_group.py
[2023-07-05T12:57:48.286+0000] {processor.py:836} INFO - DAG(s) dict_keys(['example_task_group']) retrieved from /home/airflow/.local/lib/python3.7/site-packages/airflow/example_dags/example_task_group.py
[2023-07-05T12:57:48.325+0000] {logging_mixin.py:149} INFO - [2023-07-05T12:57:48.325+0000] {dag.py:2726} INFO - Sync 1 DAGs
[2023-07-05T12:57:48.367+0000] {logging_mixin.py:149} INFO - [2023-07-05T12:57:48.367+0000] {dag.py:3490} INFO - Setting next_dagrun for example_task_group to 2023-07-04T12:57:48.367124+00:00, run_after=2023-07-05T12:57:48.367124+00:00
[2023-07-05T12:57:48.402+0000] {processor.py:179} INFO - Processing /home/airflow/.local/lib/python3.7/site-packages/airflow/example_dags/example_task_group.py took 0.135 seconds
[2023-07-05T12:58:18.719+0000] {processor.py:157} INFO - Started process (PID=990) to work on /home/airflow/.local/lib/python3.7/site-packages/airflow/example_dags/example_task_group.py
[2023-07-05T12:58:18.720+0000] {processor.py:826} INFO - Processing file /home/airflow/.local/lib/python3.7/site-packages/airflow/example_dags/example_task_group.py for tasks to queue
[2023-07-05T12:58:18.722+0000] {logging_mixin.py:149} INFO - [2023-07-05T12:58:18.721+0000] {dagbag.py:541} INFO - Filling up the DagBag from /home/airflow/.local/lib/python3.7/site-packages/airflow/example_dags/example_task_group.py
[2023-07-05T12:58:18.732+0000] {processor.py:836} INFO - DAG(s) dict_keys(['example_task_group']) retrieved from /home/airflow/.local/lib/python3.7/site-packages/airflow/example_dags/example_task_group.py
[2023-07-05T12:58:18.769+0000] {logging_mixin.py:149} INFO - [2023-07-05T12:58:18.769+0000] {dag.py:2726} INFO - Sync 1 DAGs
[2023-07-05T12:58:18.815+0000] {logging_mixin.py:149} INFO - [2023-07-05T12:58:18.814+0000] {dag.py:3490} INFO - Setting next_dagrun for example_task_group to 2023-07-04T12:58:18.814443+00:00, run_after=2023-07-05T12:58:18.814443+00:00
[2023-07-05T12:58:18.849+0000] {processor.py:179} INFO - Processing /home/airflow/.local/lib/python3.7/site-packages/airflow/example_dags/example_task_group.py took 0.136 seconds
[2023-07-05T12:58:49.175+0000] {processor.py:157} INFO - Started process (PID=1046) to work on /home/airflow/.local/lib/python3.7/site-packages/airflow/example_dags/example_task_group.py
[2023-07-05T12:58:49.176+0000] {processor.py:826} INFO - Processing file /home/airflow/.local/lib/python3.7/site-packages/airflow/example_dags/example_task_group.py for tasks to queue
[2023-07-05T12:58:49.176+0000] {logging_mixin.py:149} INFO - [2023-07-05T12:58:49.176+0000] {dagbag.py:541} INFO - Filling up the DagBag from /home/airflow/.local/lib/python3.7/site-packages/airflow/example_dags/example_task_group.py
[2023-07-05T12:58:49.186+0000] {processor.py:836} INFO - DAG(s) dict_keys(['example_task_group']) retrieved from /home/airflow/.local/lib/python3.7/site-packages/airflow/example_dags/example_task_group.py
[2023-07-05T12:58:49.222+0000] {logging_mixin.py:149} INFO - [2023-07-05T12:58:49.222+0000] {dag.py:2726} INFO - Sync 1 DAGs
[2023-07-05T12:58:49.261+0000] {logging_mixin.py:149} INFO - [2023-07-05T12:58:49.261+0000] {dag.py:3490} INFO - Setting next_dagrun for example_task_group to 2023-07-04T12:58:49.260750+00:00, run_after=2023-07-05T12:58:49.260750+00:00
[2023-07-05T12:58:49.286+0000] {processor.py:179} INFO - Processing /home/airflow/.local/lib/python3.7/site-packages/airflow/example_dags/example_task_group.py took 0.115 seconds
[2023-07-05T12:59:19.397+0000] {processor.py:157} INFO - Started process (PID=1103) to work on /home/airflow/.local/lib/python3.7/site-packages/airflow/example_dags/example_task_group.py
[2023-07-05T12:59:19.399+0000] {processor.py:826} INFO - Processing file /home/airflow/.local/lib/python3.7/site-packages/airflow/example_dags/example_task_group.py for tasks to queue
[2023-07-05T12:59:19.400+0000] {logging_mixin.py:149} INFO - [2023-07-05T12:59:19.400+0000] {dagbag.py:541} INFO - Filling up the DagBag from /home/airflow/.local/lib/python3.7/site-packages/airflow/example_dags/example_task_group.py
[2023-07-05T12:59:19.411+0000] {processor.py:836} INFO - DAG(s) dict_keys(['example_task_group']) retrieved from /home/airflow/.local/lib/python3.7/site-packages/airflow/example_dags/example_task_group.py
[2023-07-05T12:59:19.462+0000] {logging_mixin.py:149} INFO - [2023-07-05T12:59:19.462+0000] {dag.py:2726} INFO - Sync 1 DAGs
[2023-07-05T12:59:19.508+0000] {logging_mixin.py:149} INFO - [2023-07-05T12:59:19.508+0000] {dag.py:3490} INFO - Setting next_dagrun for example_task_group to 2023-07-04T12:59:19.508146+00:00, run_after=2023-07-05T12:59:19.508146+00:00
[2023-07-05T12:59:19.567+0000] {processor.py:179} INFO - Processing /home/airflow/.local/lib/python3.7/site-packages/airflow/example_dags/example_task_group.py took 0.174 seconds
[2023-07-05T12:59:50.520+0000] {processor.py:157} INFO - Started process (PID=1160) to work on /home/airflow/.local/lib/python3.7/site-packages/airflow/example_dags/example_task_group.py
[2023-07-05T12:59:50.526+0000] {processor.py:826} INFO - Processing file /home/airflow/.local/lib/python3.7/site-packages/airflow/example_dags/example_task_group.py for tasks to queue
[2023-07-05T12:59:50.528+0000] {logging_mixin.py:149} INFO - [2023-07-05T12:59:50.528+0000] {dagbag.py:541} INFO - Filling up the DagBag from /home/airflow/.local/lib/python3.7/site-packages/airflow/example_dags/example_task_group.py
[2023-07-05T12:59:50.561+0000] {processor.py:836} INFO - DAG(s) dict_keys(['example_task_group']) retrieved from /home/airflow/.local/lib/python3.7/site-packages/airflow/example_dags/example_task_group.py
[2023-07-05T12:59:50.603+0000] {logging_mixin.py:149} INFO - [2023-07-05T12:59:50.603+0000] {dag.py:2726} INFO - Sync 1 DAGs
[2023-07-05T12:59:50.647+0000] {logging_mixin.py:149} INFO - [2023-07-05T12:59:50.647+0000] {dag.py:3490} INFO - Setting next_dagrun for example_task_group to 2023-07-04T12:59:50.647100+00:00, run_after=2023-07-05T12:59:50.647100+00:00
[2023-07-05T12:59:50.676+0000] {processor.py:179} INFO - Processing /home/airflow/.local/lib/python3.7/site-packages/airflow/example_dags/example_task_group.py took 0.160 seconds
[2023-07-05T13:00:21.294+0000] {processor.py:157} INFO - Started process (PID=1217) to work on /home/airflow/.local/lib/python3.7/site-packages/airflow/example_dags/example_task_group.py
[2023-07-05T13:00:21.295+0000] {processor.py:826} INFO - Processing file /home/airflow/.local/lib/python3.7/site-packages/airflow/example_dags/example_task_group.py for tasks to queue
[2023-07-05T13:00:21.296+0000] {logging_mixin.py:149} INFO - [2023-07-05T13:00:21.296+0000] {dagbag.py:541} INFO - Filling up the DagBag from /home/airflow/.local/lib/python3.7/site-packages/airflow/example_dags/example_task_group.py
[2023-07-05T13:00:21.306+0000] {processor.py:836} INFO - DAG(s) dict_keys(['example_task_group']) retrieved from /home/airflow/.local/lib/python3.7/site-packages/airflow/example_dags/example_task_group.py
[2023-07-05T13:00:21.347+0000] {logging_mixin.py:149} INFO - [2023-07-05T13:00:21.346+0000] {dag.py:2726} INFO - Sync 1 DAGs
[2023-07-05T13:00:21.392+0000] {logging_mixin.py:149} INFO - [2023-07-05T13:00:21.392+0000] {dag.py:3490} INFO - Setting next_dagrun for example_task_group to 2023-07-04T13:00:21.391850+00:00, run_after=2023-07-05T13:00:21.391850+00:00
[2023-07-05T13:00:21.438+0000] {processor.py:179} INFO - Processing /home/airflow/.local/lib/python3.7/site-packages/airflow/example_dags/example_task_group.py took 0.149 seconds
[2023-07-05T13:00:51.826+0000] {processor.py:157} INFO - Started process (PID=1275) to work on /home/airflow/.local/lib/python3.7/site-packages/airflow/example_dags/example_task_group.py
[2023-07-05T13:00:51.831+0000] {processor.py:826} INFO - Processing file /home/airflow/.local/lib/python3.7/site-packages/airflow/example_dags/example_task_group.py for tasks to queue
[2023-07-05T13:00:51.833+0000] {logging_mixin.py:149} INFO - [2023-07-05T13:00:51.832+0000] {dagbag.py:541} INFO - Filling up the DagBag from /home/airflow/.local/lib/python3.7/site-packages/airflow/example_dags/example_task_group.py
[2023-07-05T13:00:51.847+0000] {processor.py:836} INFO - DAG(s) dict_keys(['example_task_group']) retrieved from /home/airflow/.local/lib/python3.7/site-packages/airflow/example_dags/example_task_group.py
[2023-07-05T13:00:51.900+0000] {logging_mixin.py:149} INFO - [2023-07-05T13:00:51.900+0000] {dag.py:2726} INFO - Sync 1 DAGs
[2023-07-05T13:00:51.957+0000] {logging_mixin.py:149} INFO - [2023-07-05T13:00:51.956+0000] {dag.py:3490} INFO - Setting next_dagrun for example_task_group to 2023-07-04T13:00:51.956201+00:00, run_after=2023-07-05T13:00:51.956201+00:00
[2023-07-05T13:00:51.991+0000] {processor.py:179} INFO - Processing /home/airflow/.local/lib/python3.7/site-packages/airflow/example_dags/example_task_group.py took 0.169 seconds
[2023-07-05T13:01:23.033+0000] {processor.py:157} INFO - Started process (PID=1332) to work on /home/airflow/.local/lib/python3.7/site-packages/airflow/example_dags/example_task_group.py
[2023-07-05T13:01:23.034+0000] {processor.py:826} INFO - Processing file /home/airflow/.local/lib/python3.7/site-packages/airflow/example_dags/example_task_group.py for tasks to queue
[2023-07-05T13:01:23.034+0000] {logging_mixin.py:149} INFO - [2023-07-05T13:01:23.034+0000] {dagbag.py:541} INFO - Filling up the DagBag from /home/airflow/.local/lib/python3.7/site-packages/airflow/example_dags/example_task_group.py
[2023-07-05T13:01:23.043+0000] {processor.py:836} INFO - DAG(s) dict_keys(['example_task_group']) retrieved from /home/airflow/.local/lib/python3.7/site-packages/airflow/example_dags/example_task_group.py
[2023-07-05T13:01:23.080+0000] {logging_mixin.py:149} INFO - [2023-07-05T13:01:23.080+0000] {dag.py:2726} INFO - Sync 1 DAGs
[2023-07-05T13:01:23.123+0000] {logging_mixin.py:149} INFO - [2023-07-05T13:01:23.122+0000] {dag.py:3490} INFO - Setting next_dagrun for example_task_group to 2023-07-04T13:01:23.122558+00:00, run_after=2023-07-05T13:01:23.122558+00:00
[2023-07-05T13:01:23.150+0000] {processor.py:179} INFO - Processing /home/airflow/.local/lib/python3.7/site-packages/airflow/example_dags/example_task_group.py took 0.121 seconds
[2023-07-05T13:01:54.151+0000] {processor.py:157} INFO - Started process (PID=1389) to work on /home/airflow/.local/lib/python3.7/site-packages/airflow/example_dags/example_task_group.py
[2023-07-05T13:01:54.152+0000] {processor.py:826} INFO - Processing file /home/airflow/.local/lib/python3.7/site-packages/airflow/example_dags/example_task_group.py for tasks to queue
[2023-07-05T13:01:54.153+0000] {logging_mixin.py:149} INFO - [2023-07-05T13:01:54.153+0000] {dagbag.py:541} INFO - Filling up the DagBag from /home/airflow/.local/lib/python3.7/site-packages/airflow/example_dags/example_task_group.py
[2023-07-05T13:01:54.164+0000] {processor.py:836} INFO - DAG(s) dict_keys(['example_task_group']) retrieved from /home/airflow/.local/lib/python3.7/site-packages/airflow/example_dags/example_task_group.py
[2023-07-05T13:01:54.204+0000] {logging_mixin.py:149} INFO - [2023-07-05T13:01:54.204+0000] {dag.py:2726} INFO - Sync 1 DAGs
[2023-07-05T13:01:54.246+0000] {logging_mixin.py:149} INFO - [2023-07-05T13:01:54.245+0000] {dag.py:3490} INFO - Setting next_dagrun for example_task_group to 2023-07-04T13:01:54.245537+00:00, run_after=2023-07-05T13:01:54.245537+00:00
[2023-07-05T13:01:54.273+0000] {processor.py:179} INFO - Processing /home/airflow/.local/lib/python3.7/site-packages/airflow/example_dags/example_task_group.py took 0.126 seconds
[2023-07-05T13:02:25.397+0000] {processor.py:157} INFO - Started process (PID=1446) to work on /home/airflow/.local/lib/python3.7/site-packages/airflow/example_dags/example_task_group.py
[2023-07-05T13:02:25.398+0000] {processor.py:826} INFO - Processing file /home/airflow/.local/lib/python3.7/site-packages/airflow/example_dags/example_task_group.py for tasks to queue
[2023-07-05T13:02:25.398+0000] {logging_mixin.py:149} INFO - [2023-07-05T13:02:25.398+0000] {dagbag.py:541} INFO - Filling up the DagBag from /home/airflow/.local/lib/python3.7/site-packages/airflow/example_dags/example_task_group.py
[2023-07-05T13:02:25.409+0000] {processor.py:836} INFO - DAG(s) dict_keys(['example_task_group']) retrieved from /home/airflow/.local/lib/python3.7/site-packages/airflow/example_dags/example_task_group.py
[2023-07-05T13:02:25.445+0000] {logging_mixin.py:149} INFO - [2023-07-05T13:02:25.445+0000] {dag.py:2726} INFO - Sync 1 DAGs
[2023-07-05T13:02:25.488+0000] {logging_mixin.py:149} INFO - [2023-07-05T13:02:25.488+0000] {dag.py:3490} INFO - Setting next_dagrun for example_task_group to 2023-07-04T13:02:25.487487+00:00, run_after=2023-07-05T13:02:25.487487+00:00
[2023-07-05T13:02:25.550+0000] {processor.py:179} INFO - Processing /home/airflow/.local/lib/python3.7/site-packages/airflow/example_dags/example_task_group.py took 0.157 seconds
[2023-07-05T13:02:56.572+0000] {processor.py:157} INFO - Started process (PID=1503) to work on /home/airflow/.local/lib/python3.7/site-packages/airflow/example_dags/example_task_group.py
[2023-07-05T13:02:56.574+0000] {processor.py:826} INFO - Processing file /home/airflow/.local/lib/python3.7/site-packages/airflow/example_dags/example_task_group.py for tasks to queue
[2023-07-05T13:02:56.574+0000] {logging_mixin.py:149} INFO - [2023-07-05T13:02:56.574+0000] {dagbag.py:541} INFO - Filling up the DagBag from /home/airflow/.local/lib/python3.7/site-packages/airflow/example_dags/example_task_group.py
[2023-07-05T13:02:56.583+0000] {processor.py:836} INFO - DAG(s) dict_keys(['example_task_group']) retrieved from /home/airflow/.local/lib/python3.7/site-packages/airflow/example_dags/example_task_group.py
[2023-07-05T13:02:56.615+0000] {logging_mixin.py:149} INFO - [2023-07-05T13:02:56.615+0000] {dag.py:2726} INFO - Sync 1 DAGs
[2023-07-05T13:02:56.658+0000] {logging_mixin.py:149} INFO - [2023-07-05T13:02:56.658+0000] {dag.py:3490} INFO - Setting next_dagrun for example_task_group to 2023-07-04T13:02:56.657717+00:00, run_after=2023-07-05T13:02:56.657717+00:00
[2023-07-05T13:02:56.683+0000] {processor.py:179} INFO - Processing /home/airflow/.local/lib/python3.7/site-packages/airflow/example_dags/example_task_group.py took 0.114 seconds
[2023-07-05T13:03:27.104+0000] {processor.py:157} INFO - Started process (PID=1560) to work on /home/airflow/.local/lib/python3.7/site-packages/airflow/example_dags/example_task_group.py
[2023-07-05T13:03:27.105+0000] {processor.py:826} INFO - Processing file /home/airflow/.local/lib/python3.7/site-packages/airflow/example_dags/example_task_group.py for tasks to queue
[2023-07-05T13:03:27.106+0000] {logging_mixin.py:149} INFO - [2023-07-05T13:03:27.106+0000] {dagbag.py:541} INFO - Filling up the DagBag from /home/airflow/.local/lib/python3.7/site-packages/airflow/example_dags/example_task_group.py
[2023-07-05T13:03:27.116+0000] {processor.py:836} INFO - DAG(s) dict_keys(['example_task_group']) retrieved from /home/airflow/.local/lib/python3.7/site-packages/airflow/example_dags/example_task_group.py
[2023-07-05T13:03:27.154+0000] {logging_mixin.py:149} INFO - [2023-07-05T13:03:27.154+0000] {dag.py:2726} INFO - Sync 1 DAGs
[2023-07-05T13:03:27.189+0000] {logging_mixin.py:149} INFO - [2023-07-05T13:03:27.189+0000] {dag.py:3490} INFO - Setting next_dagrun for example_task_group to 2023-07-04T13:03:27.189208+00:00, run_after=2023-07-05T13:03:27.189208+00:00
[2023-07-05T13:03:27.219+0000] {processor.py:179} INFO - Processing /home/airflow/.local/lib/python3.7/site-packages/airflow/example_dags/example_task_group.py took 0.119 seconds
[2023-07-05T13:03:58.377+0000] {processor.py:157} INFO - Started process (PID=1617) to work on /home/airflow/.local/lib/python3.7/site-packages/airflow/example_dags/example_task_group.py
[2023-07-05T13:03:58.378+0000] {processor.py:826} INFO - Processing file /home/airflow/.local/lib/python3.7/site-packages/airflow/example_dags/example_task_group.py for tasks to queue
[2023-07-05T13:03:58.379+0000] {logging_mixin.py:149} INFO - [2023-07-05T13:03:58.378+0000] {dagbag.py:541} INFO - Filling up the DagBag from /home/airflow/.local/lib/python3.7/site-packages/airflow/example_dags/example_task_group.py
[2023-07-05T13:03:58.387+0000] {processor.py:836} INFO - DAG(s) dict_keys(['example_task_group']) retrieved from /home/airflow/.local/lib/python3.7/site-packages/airflow/example_dags/example_task_group.py
[2023-07-05T13:03:58.419+0000] {logging_mixin.py:149} INFO - [2023-07-05T13:03:58.419+0000] {dag.py:2726} INFO - Sync 1 DAGs
[2023-07-05T13:03:58.452+0000] {logging_mixin.py:149} INFO - [2023-07-05T13:03:58.452+0000] {dag.py:3490} INFO - Setting next_dagrun for example_task_group to 2023-07-04T13:03:58.451970+00:00, run_after=2023-07-05T13:03:58.451970+00:00
[2023-07-05T13:03:58.473+0000] {processor.py:179} INFO - Processing /home/airflow/.local/lib/python3.7/site-packages/airflow/example_dags/example_task_group.py took 0.100 seconds
[2023-07-05T13:04:28.939+0000] {processor.py:157} INFO - Started process (PID=1673) to work on /home/airflow/.local/lib/python3.7/site-packages/airflow/example_dags/example_task_group.py
[2023-07-05T13:04:28.940+0000] {processor.py:826} INFO - Processing file /home/airflow/.local/lib/python3.7/site-packages/airflow/example_dags/example_task_group.py for tasks to queue
[2023-07-05T13:04:28.941+0000] {logging_mixin.py:149} INFO - [2023-07-05T13:04:28.941+0000] {dagbag.py:541} INFO - Filling up the DagBag from /home/airflow/.local/lib/python3.7/site-packages/airflow/example_dags/example_task_group.py
[2023-07-05T13:04:28.952+0000] {processor.py:836} INFO - DAG(s) dict_keys(['example_task_group']) retrieved from /home/airflow/.local/lib/python3.7/site-packages/airflow/example_dags/example_task_group.py
[2023-07-05T13:04:28.987+0000] {logging_mixin.py:149} INFO - [2023-07-05T13:04:28.986+0000] {dag.py:2726} INFO - Sync 1 DAGs
[2023-07-05T13:04:29.031+0000] {logging_mixin.py:149} INFO - [2023-07-05T13:04:29.031+0000] {dag.py:3490} INFO - Setting next_dagrun for example_task_group to 2023-07-04T13:04:29.031055+00:00, run_after=2023-07-05T13:04:29.031055+00:00
[2023-07-05T13:04:29.058+0000] {processor.py:179} INFO - Processing /home/airflow/.local/lib/python3.7/site-packages/airflow/example_dags/example_task_group.py took 0.122 seconds
[2023-07-05T13:05:00.139+0000] {processor.py:157} INFO - Started process (PID=1730) to work on /home/airflow/.local/lib/python3.7/site-packages/airflow/example_dags/example_task_group.py
[2023-07-05T13:05:00.140+0000] {processor.py:826} INFO - Processing file /home/airflow/.local/lib/python3.7/site-packages/airflow/example_dags/example_task_group.py for tasks to queue
[2023-07-05T13:05:00.141+0000] {logging_mixin.py:149} INFO - [2023-07-05T13:05:00.141+0000] {dagbag.py:541} INFO - Filling up the DagBag from /home/airflow/.local/lib/python3.7/site-packages/airflow/example_dags/example_task_group.py
[2023-07-05T13:05:00.153+0000] {processor.py:836} INFO - DAG(s) dict_keys(['example_task_group']) retrieved from /home/airflow/.local/lib/python3.7/site-packages/airflow/example_dags/example_task_group.py
[2023-07-05T13:05:00.202+0000] {logging_mixin.py:149} INFO - [2023-07-05T13:05:00.201+0000] {dag.py:2726} INFO - Sync 1 DAGs
[2023-07-05T13:05:00.243+0000] {logging_mixin.py:149} INFO - [2023-07-05T13:05:00.243+0000] {dag.py:3490} INFO - Setting next_dagrun for example_task_group to 2023-07-04T13:05:00.242994+00:00, run_after=2023-07-05T13:05:00.242994+00:00
[2023-07-05T13:05:00.282+0000] {processor.py:179} INFO - Processing /home/airflow/.local/lib/python3.7/site-packages/airflow/example_dags/example_task_group.py took 0.148 seconds
[2023-07-05T13:05:31.344+0000] {processor.py:157} INFO - Started process (PID=1788) to work on /home/airflow/.local/lib/python3.7/site-packages/airflow/example_dags/example_task_group.py
[2023-07-05T13:05:31.345+0000] {processor.py:826} INFO - Processing file /home/airflow/.local/lib/python3.7/site-packages/airflow/example_dags/example_task_group.py for tasks to queue
[2023-07-05T13:05:31.346+0000] {logging_mixin.py:149} INFO - [2023-07-05T13:05:31.345+0000] {dagbag.py:541} INFO - Filling up the DagBag from /home/airflow/.local/lib/python3.7/site-packages/airflow/example_dags/example_task_group.py
[2023-07-05T13:05:31.356+0000] {processor.py:836} INFO - DAG(s) dict_keys(['example_task_group']) retrieved from /home/airflow/.local/lib/python3.7/site-packages/airflow/example_dags/example_task_group.py
[2023-07-05T13:05:31.393+0000] {logging_mixin.py:149} INFO - [2023-07-05T13:05:31.392+0000] {dag.py:2726} INFO - Sync 1 DAGs
[2023-07-05T13:05:31.426+0000] {logging_mixin.py:149} INFO - [2023-07-05T13:05:31.426+0000] {dag.py:3490} INFO - Setting next_dagrun for example_task_group to 2023-07-04T13:05:31.426333+00:00, run_after=2023-07-05T13:05:31.426333+00:00
[2023-07-05T13:05:31.451+0000] {processor.py:179} INFO - Processing /home/airflow/.local/lib/python3.7/site-packages/airflow/example_dags/example_task_group.py took 0.111 seconds
[2023-07-05T13:06:01.897+0000] {processor.py:157} INFO - Started process (PID=1845) to work on /home/airflow/.local/lib/python3.7/site-packages/airflow/example_dags/example_task_group.py
[2023-07-05T13:06:01.899+0000] {processor.py:826} INFO - Processing file /home/airflow/.local/lib/python3.7/site-packages/airflow/example_dags/example_task_group.py for tasks to queue
[2023-07-05T13:06:01.899+0000] {logging_mixin.py:149} INFO - [2023-07-05T13:06:01.899+0000] {dagbag.py:541} INFO - Filling up the DagBag from /home/airflow/.local/lib/python3.7/site-packages/airflow/example_dags/example_task_group.py
[2023-07-05T13:06:01.911+0000] {processor.py:836} INFO - DAG(s) dict_keys(['example_task_group']) retrieved from /home/airflow/.local/lib/python3.7/site-packages/airflow/example_dags/example_task_group.py
[2023-07-05T13:06:01.951+0000] {logging_mixin.py:149} INFO - [2023-07-05T13:06:01.951+0000] {dag.py:2726} INFO - Sync 1 DAGs
[2023-07-05T13:06:02.002+0000] {logging_mixin.py:149} INFO - [2023-07-05T13:06:02.001+0000] {dag.py:3490} INFO - Setting next_dagrun for example_task_group to 2023-07-04T13:06:02.001267+00:00, run_after=2023-07-05T13:06:02.001267+00:00
[2023-07-05T13:06:02.037+0000] {processor.py:179} INFO - Processing /home/airflow/.local/lib/python3.7/site-packages/airflow/example_dags/example_task_group.py took 0.144 seconds
[2023-07-05T13:06:32.610+0000] {processor.py:157} INFO - Started process (PID=1902) to work on /home/airflow/.local/lib/python3.7/site-packages/airflow/example_dags/example_task_group.py
[2023-07-05T13:06:32.612+0000] {processor.py:826} INFO - Processing file /home/airflow/.local/lib/python3.7/site-packages/airflow/example_dags/example_task_group.py for tasks to queue
[2023-07-05T13:06:32.612+0000] {logging_mixin.py:149} INFO - [2023-07-05T13:06:32.612+0000] {dagbag.py:541} INFO - Filling up the DagBag from /home/airflow/.local/lib/python3.7/site-packages/airflow/example_dags/example_task_group.py
[2023-07-05T13:06:32.622+0000] {processor.py:836} INFO - DAG(s) dict_keys(['example_task_group']) retrieved from /home/airflow/.local/lib/python3.7/site-packages/airflow/example_dags/example_task_group.py
[2023-07-05T13:06:32.662+0000] {logging_mixin.py:149} INFO - [2023-07-05T13:06:32.662+0000] {dag.py:2726} INFO - Sync 1 DAGs
[2023-07-05T13:06:32.699+0000] {logging_mixin.py:149} INFO - [2023-07-05T13:06:32.699+0000] {dag.py:3490} INFO - Setting next_dagrun for example_task_group to 2023-07-04T13:06:32.699429+00:00, run_after=2023-07-05T13:06:32.699429+00:00
[2023-07-05T13:06:32.725+0000] {processor.py:179} INFO - Processing /home/airflow/.local/lib/python3.7/site-packages/airflow/example_dags/example_task_group.py took 0.119 seconds
[2023-07-05T13:07:03.666+0000] {processor.py:157} INFO - Started process (PID=1959) to work on /home/airflow/.local/lib/python3.7/site-packages/airflow/example_dags/example_task_group.py
[2023-07-05T13:07:03.668+0000] {processor.py:826} INFO - Processing file /home/airflow/.local/lib/python3.7/site-packages/airflow/example_dags/example_task_group.py for tasks to queue
[2023-07-05T13:07:03.669+0000] {logging_mixin.py:149} INFO - [2023-07-05T13:07:03.669+0000] {dagbag.py:541} INFO - Filling up the DagBag from /home/airflow/.local/lib/python3.7/site-packages/airflow/example_dags/example_task_group.py
[2023-07-05T13:07:03.680+0000] {processor.py:836} INFO - DAG(s) dict_keys(['example_task_group']) retrieved from /home/airflow/.local/lib/python3.7/site-packages/airflow/example_dags/example_task_group.py
[2023-07-05T13:07:03.717+0000] {logging_mixin.py:149} INFO - [2023-07-05T13:07:03.717+0000] {dag.py:2726} INFO - Sync 1 DAGs
[2023-07-05T13:07:03.753+0000] {logging_mixin.py:149} INFO - [2023-07-05T13:07:03.753+0000] {dag.py:3490} INFO - Setting next_dagrun for example_task_group to 2023-07-04T13:07:03.753354+00:00, run_after=2023-07-05T13:07:03.753354+00:00
[2023-07-05T13:07:03.793+0000] {processor.py:179} INFO - Processing /home/airflow/.local/lib/python3.7/site-packages/airflow/example_dags/example_task_group.py took 0.131 seconds
[2023-07-05T13:07:34.939+0000] {processor.py:157} INFO - Started process (PID=2016) to work on /home/airflow/.local/lib/python3.7/site-packages/airflow/example_dags/example_task_group.py
[2023-07-05T13:07:34.940+0000] {processor.py:826} INFO - Processing file /home/airflow/.local/lib/python3.7/site-packages/airflow/example_dags/example_task_group.py for tasks to queue
[2023-07-05T13:07:34.941+0000] {logging_mixin.py:149} INFO - [2023-07-05T13:07:34.941+0000] {dagbag.py:541} INFO - Filling up the DagBag from /home/airflow/.local/lib/python3.7/site-packages/airflow/example_dags/example_task_group.py
[2023-07-05T13:07:34.949+0000] {processor.py:836} INFO - DAG(s) dict_keys(['example_task_group']) retrieved from /home/airflow/.local/lib/python3.7/site-packages/airflow/example_dags/example_task_group.py
[2023-07-05T13:07:34.978+0000] {logging_mixin.py:149} INFO - [2023-07-05T13:07:34.978+0000] {dag.py:2726} INFO - Sync 1 DAGs
[2023-07-05T13:07:35.018+0000] {logging_mixin.py:149} INFO - [2023-07-05T13:07:35.018+0000] {dag.py:3490} INFO - Setting next_dagrun for example_task_group to 2023-07-04T13:07:35.017695+00:00, run_after=2023-07-05T13:07:35.017695+00:00
[2023-07-05T13:07:35.055+0000] {processor.py:179} INFO - Processing /home/airflow/.local/lib/python3.7/site-packages/airflow/example_dags/example_task_group.py took 0.119 seconds
[2023-07-05T13:08:06.294+0000] {processor.py:157} INFO - Started process (PID=2072) to work on /home/airflow/.local/lib/python3.7/site-packages/airflow/example_dags/example_task_group.py
[2023-07-05T13:08:06.295+0000] {processor.py:826} INFO - Processing file /home/airflow/.local/lib/python3.7/site-packages/airflow/example_dags/example_task_group.py for tasks to queue
[2023-07-05T13:08:06.296+0000] {logging_mixin.py:149} INFO - [2023-07-05T13:08:06.295+0000] {dagbag.py:541} INFO - Filling up the DagBag from /home/airflow/.local/lib/python3.7/site-packages/airflow/example_dags/example_task_group.py
[2023-07-05T13:08:06.307+0000] {processor.py:836} INFO - DAG(s) dict_keys(['example_task_group']) retrieved from /home/airflow/.local/lib/python3.7/site-packages/airflow/example_dags/example_task_group.py
[2023-07-05T13:08:06.342+0000] {logging_mixin.py:149} INFO - [2023-07-05T13:08:06.342+0000] {dag.py:2726} INFO - Sync 1 DAGs
[2023-07-05T13:08:06.376+0000] {logging_mixin.py:149} INFO - [2023-07-05T13:08:06.376+0000] {dag.py:3490} INFO - Setting next_dagrun for example_task_group to 2023-07-04T13:08:06.376283+00:00, run_after=2023-07-05T13:08:06.376283+00:00
[2023-07-05T13:08:06.402+0000] {processor.py:179} INFO - Processing /home/airflow/.local/lib/python3.7/site-packages/airflow/example_dags/example_task_group.py took 0.112 seconds
[2023-07-05T13:08:37.414+0000] {processor.py:157} INFO - Started process (PID=2129) to work on /home/airflow/.local/lib/python3.7/site-packages/airflow/example_dags/example_task_group.py
[2023-07-05T13:08:37.415+0000] {processor.py:826} INFO - Processing file /home/airflow/.local/lib/python3.7/site-packages/airflow/example_dags/example_task_group.py for tasks to queue
[2023-07-05T13:08:37.416+0000] {logging_mixin.py:149} INFO - [2023-07-05T13:08:37.416+0000] {dagbag.py:541} INFO - Filling up the DagBag from /home/airflow/.local/lib/python3.7/site-packages/airflow/example_dags/example_task_group.py
[2023-07-05T13:08:37.425+0000] {processor.py:836} INFO - DAG(s) dict_keys(['example_task_group']) retrieved from /home/airflow/.local/lib/python3.7/site-packages/airflow/example_dags/example_task_group.py
[2023-07-05T13:08:37.462+0000] {logging_mixin.py:149} INFO - [2023-07-05T13:08:37.461+0000] {dag.py:2726} INFO - Sync 1 DAGs
[2023-07-05T13:08:37.495+0000] {logging_mixin.py:149} INFO - [2023-07-05T13:08:37.495+0000] {dag.py:3490} INFO - Setting next_dagrun for example_task_group to 2023-07-04T13:08:37.495307+00:00, run_after=2023-07-05T13:08:37.495307+00:00
[2023-07-05T13:08:37.521+0000] {processor.py:179} INFO - Processing /home/airflow/.local/lib/python3.7/site-packages/airflow/example_dags/example_task_group.py took 0.110 seconds
[2023-07-05T13:09:07.875+0000] {processor.py:157} INFO - Started process (PID=2186) to work on /home/airflow/.local/lib/python3.7/site-packages/airflow/example_dags/example_task_group.py
[2023-07-05T13:09:07.876+0000] {processor.py:826} INFO - Processing file /home/airflow/.local/lib/python3.7/site-packages/airflow/example_dags/example_task_group.py for tasks to queue
[2023-07-05T13:09:07.877+0000] {logging_mixin.py:149} INFO - [2023-07-05T13:09:07.877+0000] {dagbag.py:541} INFO - Filling up the DagBag from /home/airflow/.local/lib/python3.7/site-packages/airflow/example_dags/example_task_group.py
[2023-07-05T13:09:07.886+0000] {processor.py:836} INFO - DAG(s) dict_keys(['example_task_group']) retrieved from /home/airflow/.local/lib/python3.7/site-packages/airflow/example_dags/example_task_group.py
[2023-07-05T13:09:07.916+0000] {logging_mixin.py:149} INFO - [2023-07-05T13:09:07.915+0000] {dag.py:2726} INFO - Sync 1 DAGs
[2023-07-05T13:09:07.956+0000] {logging_mixin.py:149} INFO - [2023-07-05T13:09:07.956+0000] {dag.py:3490} INFO - Setting next_dagrun for example_task_group to 2023-07-04T13:09:07.955703+00:00, run_after=2023-07-05T13:09:07.955703+00:00
[2023-07-05T13:09:07.980+0000] {processor.py:179} INFO - Processing /home/airflow/.local/lib/python3.7/site-packages/airflow/example_dags/example_task_group.py took 0.108 seconds
[2023-07-05T13:09:38.573+0000] {processor.py:157} INFO - Started process (PID=2243) to work on /home/airflow/.local/lib/python3.7/site-packages/airflow/example_dags/example_task_group.py
[2023-07-05T13:09:38.574+0000] {processor.py:826} INFO - Processing file /home/airflow/.local/lib/python3.7/site-packages/airflow/example_dags/example_task_group.py for tasks to queue
[2023-07-05T13:09:38.575+0000] {logging_mixin.py:149} INFO - [2023-07-05T13:09:38.575+0000] {dagbag.py:541} INFO - Filling up the DagBag from /home/airflow/.local/lib/python3.7/site-packages/airflow/example_dags/example_task_group.py
[2023-07-05T13:09:38.586+0000] {processor.py:836} INFO - DAG(s) dict_keys(['example_task_group']) retrieved from /home/airflow/.local/lib/python3.7/site-packages/airflow/example_dags/example_task_group.py
[2023-07-05T13:09:38.622+0000] {logging_mixin.py:149} INFO - [2023-07-05T13:09:38.622+0000] {dag.py:2726} INFO - Sync 1 DAGs
[2023-07-05T13:09:38.665+0000] {logging_mixin.py:149} INFO - [2023-07-05T13:09:38.664+0000] {dag.py:3490} INFO - Setting next_dagrun for example_task_group to 2023-07-04T13:09:38.664427+00:00, run_after=2023-07-05T13:09:38.664427+00:00
[2023-07-05T13:09:38.698+0000] {processor.py:179} INFO - Processing /home/airflow/.local/lib/python3.7/site-packages/airflow/example_dags/example_task_group.py took 0.129 seconds
[2023-07-05T13:10:09.089+0000] {processor.py:157} INFO - Started process (PID=2300) to work on /home/airflow/.local/lib/python3.7/site-packages/airflow/example_dags/example_task_group.py
[2023-07-05T13:10:09.090+0000] {processor.py:826} INFO - Processing file /home/airflow/.local/lib/python3.7/site-packages/airflow/example_dags/example_task_group.py for tasks to queue
[2023-07-05T13:10:09.091+0000] {logging_mixin.py:149} INFO - [2023-07-05T13:10:09.091+0000] {dagbag.py:541} INFO - Filling up the DagBag from /home/airflow/.local/lib/python3.7/site-packages/airflow/example_dags/example_task_group.py
[2023-07-05T13:10:09.099+0000] {processor.py:836} INFO - DAG(s) dict_keys(['example_task_group']) retrieved from /home/airflow/.local/lib/python3.7/site-packages/airflow/example_dags/example_task_group.py
[2023-07-05T13:10:09.132+0000] {logging_mixin.py:149} INFO - [2023-07-05T13:10:09.131+0000] {dag.py:2726} INFO - Sync 1 DAGs
[2023-07-05T13:10:09.169+0000] {logging_mixin.py:149} INFO - [2023-07-05T13:10:09.169+0000] {dag.py:3490} INFO - Setting next_dagrun for example_task_group to 2023-07-04T13:10:09.169063+00:00, run_after=2023-07-05T13:10:09.169063+00:00
[2023-07-05T13:10:09.206+0000] {processor.py:179} INFO - Processing /home/airflow/.local/lib/python3.7/site-packages/airflow/example_dags/example_task_group.py took 0.120 seconds
[2023-07-05T13:10:40.419+0000] {processor.py:157} INFO - Started process (PID=2357) to work on /home/airflow/.local/lib/python3.7/site-packages/airflow/example_dags/example_task_group.py
[2023-07-05T13:10:40.422+0000] {processor.py:826} INFO - Processing file /home/airflow/.local/lib/python3.7/site-packages/airflow/example_dags/example_task_group.py for tasks to queue
[2023-07-05T13:10:40.423+0000] {logging_mixin.py:149} INFO - [2023-07-05T13:10:40.423+0000] {dagbag.py:541} INFO - Filling up the DagBag from /home/airflow/.local/lib/python3.7/site-packages/airflow/example_dags/example_task_group.py
[2023-07-05T13:10:40.435+0000] {processor.py:836} INFO - DAG(s) dict_keys(['example_task_group']) retrieved from /home/airflow/.local/lib/python3.7/site-packages/airflow/example_dags/example_task_group.py
[2023-07-05T13:10:40.478+0000] {logging_mixin.py:149} INFO - [2023-07-05T13:10:40.477+0000] {dag.py:2726} INFO - Sync 1 DAGs
[2023-07-05T13:10:40.523+0000] {logging_mixin.py:149} INFO - [2023-07-05T13:10:40.522+0000] {dag.py:3490} INFO - Setting next_dagrun for example_task_group to 2023-07-04T13:10:40.522434+00:00, run_after=2023-07-05T13:10:40.522434+00:00
[2023-07-05T13:10:40.552+0000] {processor.py:179} INFO - Processing /home/airflow/.local/lib/python3.7/site-packages/airflow/example_dags/example_task_group.py took 0.138 seconds
[2023-07-05T13:11:11.815+0000] {processor.py:157} INFO - Started process (PID=2414) to work on /home/airflow/.local/lib/python3.7/site-packages/airflow/example_dags/example_task_group.py
[2023-07-05T13:11:11.816+0000] {processor.py:826} INFO - Processing file /home/airflow/.local/lib/python3.7/site-packages/airflow/example_dags/example_task_group.py for tasks to queue
[2023-07-05T13:11:11.817+0000] {logging_mixin.py:149} INFO - [2023-07-05T13:11:11.817+0000] {dagbag.py:541} INFO - Filling up the DagBag from /home/airflow/.local/lib/python3.7/site-packages/airflow/example_dags/example_task_group.py
[2023-07-05T13:11:11.828+0000] {processor.py:836} INFO - DAG(s) dict_keys(['example_task_group']) retrieved from /home/airflow/.local/lib/python3.7/site-packages/airflow/example_dags/example_task_group.py
[2023-07-05T13:11:11.871+0000] {logging_mixin.py:149} INFO - [2023-07-05T13:11:11.871+0000] {dag.py:2726} INFO - Sync 1 DAGs
[2023-07-05T13:11:11.910+0000] {logging_mixin.py:149} INFO - [2023-07-05T13:11:11.910+0000] {dag.py:3490} INFO - Setting next_dagrun for example_task_group to 2023-07-04T13:11:11.909760+00:00, run_after=2023-07-05T13:11:11.909760+00:00
[2023-07-05T13:11:11.936+0000] {processor.py:179} INFO - Processing /home/airflow/.local/lib/python3.7/site-packages/airflow/example_dags/example_task_group.py took 0.125 seconds
[2023-07-05T13:11:43.225+0000] {processor.py:157} INFO - Started process (PID=2471) to work on /home/airflow/.local/lib/python3.7/site-packages/airflow/example_dags/example_task_group.py
[2023-07-05T13:11:43.227+0000] {processor.py:826} INFO - Processing file /home/airflow/.local/lib/python3.7/site-packages/airflow/example_dags/example_task_group.py for tasks to queue
[2023-07-05T13:11:43.227+0000] {logging_mixin.py:149} INFO - [2023-07-05T13:11:43.227+0000] {dagbag.py:541} INFO - Filling up the DagBag from /home/airflow/.local/lib/python3.7/site-packages/airflow/example_dags/example_task_group.py
[2023-07-05T13:11:43.245+0000] {processor.py:836} INFO - DAG(s) dict_keys(['example_task_group']) retrieved from /home/airflow/.local/lib/python3.7/site-packages/airflow/example_dags/example_task_group.py
[2023-07-05T13:11:43.281+0000] {logging_mixin.py:149} INFO - [2023-07-05T13:11:43.280+0000] {dag.py:2726} INFO - Sync 1 DAGs
[2023-07-05T13:11:43.320+0000] {logging_mixin.py:149} INFO - [2023-07-05T13:11:43.320+0000] {dag.py:3490} INFO - Setting next_dagrun for example_task_group to 2023-07-04T13:11:43.319826+00:00, run_after=2023-07-05T13:11:43.319826+00:00
[2023-07-05T13:11:43.354+0000] {processor.py:179} INFO - Processing /home/airflow/.local/lib/python3.7/site-packages/airflow/example_dags/example_task_group.py took 0.132 seconds
[2023-07-05T13:12:13.757+0000] {processor.py:157} INFO - Started process (PID=2528) to work on /home/airflow/.local/lib/python3.7/site-packages/airflow/example_dags/example_task_group.py
[2023-07-05T13:12:13.766+0000] {processor.py:826} INFO - Processing file /home/airflow/.local/lib/python3.7/site-packages/airflow/example_dags/example_task_group.py for tasks to queue
[2023-07-05T13:12:13.768+0000] {logging_mixin.py:149} INFO - [2023-07-05T13:12:13.768+0000] {dagbag.py:541} INFO - Filling up the DagBag from /home/airflow/.local/lib/python3.7/site-packages/airflow/example_dags/example_task_group.py
[2023-07-05T13:12:13.790+0000] {processor.py:836} INFO - DAG(s) dict_keys(['example_task_group']) retrieved from /home/airflow/.local/lib/python3.7/site-packages/airflow/example_dags/example_task_group.py
[2023-07-05T13:12:13.836+0000] {logging_mixin.py:149} INFO - [2023-07-05T13:12:13.835+0000] {dag.py:2726} INFO - Sync 1 DAGs
[2023-07-05T13:12:13.873+0000] {logging_mixin.py:149} INFO - [2023-07-05T13:12:13.873+0000] {dag.py:3490} INFO - Setting next_dagrun for example_task_group to 2023-07-04T13:12:13.872844+00:00, run_after=2023-07-05T13:12:13.872844+00:00
[2023-07-05T13:12:13.902+0000] {processor.py:179} INFO - Processing /home/airflow/.local/lib/python3.7/site-packages/airflow/example_dags/example_task_group.py took 0.151 seconds
[2023-07-05T13:12:44.284+0000] {processor.py:157} INFO - Started process (PID=2585) to work on /home/airflow/.local/lib/python3.7/site-packages/airflow/example_dags/example_task_group.py
[2023-07-05T13:12:44.288+0000] {processor.py:826} INFO - Processing file /home/airflow/.local/lib/python3.7/site-packages/airflow/example_dags/example_task_group.py for tasks to queue
[2023-07-05T13:12:44.289+0000] {logging_mixin.py:149} INFO - [2023-07-05T13:12:44.289+0000] {dagbag.py:541} INFO - Filling up the DagBag from /home/airflow/.local/lib/python3.7/site-packages/airflow/example_dags/example_task_group.py
[2023-07-05T13:12:44.299+0000] {processor.py:836} INFO - DAG(s) dict_keys(['example_task_group']) retrieved from /home/airflow/.local/lib/python3.7/site-packages/airflow/example_dags/example_task_group.py
[2023-07-05T13:12:44.337+0000] {logging_mixin.py:149} INFO - [2023-07-05T13:12:44.336+0000] {dag.py:2726} INFO - Sync 1 DAGs
[2023-07-05T13:12:44.381+0000] {logging_mixin.py:149} INFO - [2023-07-05T13:12:44.381+0000] {dag.py:3490} INFO - Setting next_dagrun for example_task_group to 2023-07-04T13:12:44.380751+00:00, run_after=2023-07-05T13:12:44.380751+00:00
[2023-07-05T13:12:44.412+0000] {processor.py:179} INFO - Processing /home/airflow/.local/lib/python3.7/site-packages/airflow/example_dags/example_task_group.py took 0.132 seconds
[2023-07-05T13:13:14.762+0000] {processor.py:157} INFO - Started process (PID=2642) to work on /home/airflow/.local/lib/python3.7/site-packages/airflow/example_dags/example_task_group.py
[2023-07-05T13:13:14.763+0000] {processor.py:826} INFO - Processing file /home/airflow/.local/lib/python3.7/site-packages/airflow/example_dags/example_task_group.py for tasks to queue
[2023-07-05T13:13:14.764+0000] {logging_mixin.py:149} INFO - [2023-07-05T13:13:14.763+0000] {dagbag.py:541} INFO - Filling up the DagBag from /home/airflow/.local/lib/python3.7/site-packages/airflow/example_dags/example_task_group.py
[2023-07-05T13:13:14.773+0000] {processor.py:836} INFO - DAG(s) dict_keys(['example_task_group']) retrieved from /home/airflow/.local/lib/python3.7/site-packages/airflow/example_dags/example_task_group.py
[2023-07-05T13:13:14.809+0000] {logging_mixin.py:149} INFO - [2023-07-05T13:13:14.809+0000] {dag.py:2726} INFO - Sync 1 DAGs
[2023-07-05T13:13:14.854+0000] {logging_mixin.py:149} INFO - [2023-07-05T13:13:14.854+0000] {dag.py:3490} INFO - Setting next_dagrun for example_task_group to 2023-07-04T13:13:14.853938+00:00, run_after=2023-07-05T13:13:14.853938+00:00
[2023-07-05T13:13:14.891+0000] {processor.py:179} INFO - Processing /home/airflow/.local/lib/python3.7/site-packages/airflow/example_dags/example_task_group.py took 0.133 seconds
[2023-07-05T13:13:46.033+0000] {processor.py:157} INFO - Started process (PID=2699) to work on /home/airflow/.local/lib/python3.7/site-packages/airflow/example_dags/example_task_group.py
[2023-07-05T13:13:46.034+0000] {processor.py:826} INFO - Processing file /home/airflow/.local/lib/python3.7/site-packages/airflow/example_dags/example_task_group.py for tasks to queue
[2023-07-05T13:13:46.035+0000] {logging_mixin.py:149} INFO - [2023-07-05T13:13:46.035+0000] {dagbag.py:541} INFO - Filling up the DagBag from /home/airflow/.local/lib/python3.7/site-packages/airflow/example_dags/example_task_group.py
[2023-07-05T13:13:46.047+0000] {processor.py:836} INFO - DAG(s) dict_keys(['example_task_group']) retrieved from /home/airflow/.local/lib/python3.7/site-packages/airflow/example_dags/example_task_group.py
[2023-07-05T13:13:46.082+0000] {logging_mixin.py:149} INFO - [2023-07-05T13:13:46.082+0000] {dag.py:2726} INFO - Sync 1 DAGs
[2023-07-05T13:13:46.121+0000] {logging_mixin.py:149} INFO - [2023-07-05T13:13:46.121+0000] {dag.py:3490} INFO - Setting next_dagrun for example_task_group to 2023-07-04T13:13:46.121081+00:00, run_after=2023-07-05T13:13:46.121081+00:00
[2023-07-05T13:13:46.158+0000] {processor.py:179} INFO - Processing /home/airflow/.local/lib/python3.7/site-packages/airflow/example_dags/example_task_group.py took 0.129 seconds
[2023-07-05T13:14:17.258+0000] {processor.py:157} INFO - Started process (PID=2757) to work on /home/airflow/.local/lib/python3.7/site-packages/airflow/example_dags/example_task_group.py
[2023-07-05T13:14:17.259+0000] {processor.py:826} INFO - Processing file /home/airflow/.local/lib/python3.7/site-packages/airflow/example_dags/example_task_group.py for tasks to queue
[2023-07-05T13:14:17.260+0000] {logging_mixin.py:149} INFO - [2023-07-05T13:14:17.260+0000] {dagbag.py:541} INFO - Filling up the DagBag from /home/airflow/.local/lib/python3.7/site-packages/airflow/example_dags/example_task_group.py
[2023-07-05T13:14:17.271+0000] {processor.py:836} INFO - DAG(s) dict_keys(['example_task_group']) retrieved from /home/airflow/.local/lib/python3.7/site-packages/airflow/example_dags/example_task_group.py
[2023-07-05T13:14:17.309+0000] {logging_mixin.py:149} INFO - [2023-07-05T13:14:17.309+0000] {dag.py:2726} INFO - Sync 1 DAGs
[2023-07-05T13:14:17.349+0000] {logging_mixin.py:149} INFO - [2023-07-05T13:14:17.349+0000] {dag.py:3490} INFO - Setting next_dagrun for example_task_group to 2023-07-04T13:14:17.348822+00:00, run_after=2023-07-05T13:14:17.348822+00:00
[2023-07-05T13:14:17.380+0000] {processor.py:179} INFO - Processing /home/airflow/.local/lib/python3.7/site-packages/airflow/example_dags/example_task_group.py took 0.128 seconds
[2023-07-05T13:14:48.679+0000] {processor.py:157} INFO - Started process (PID=2814) to work on /home/airflow/.local/lib/python3.7/site-packages/airflow/example_dags/example_task_group.py
[2023-07-05T13:14:48.680+0000] {processor.py:826} INFO - Processing file /home/airflow/.local/lib/python3.7/site-packages/airflow/example_dags/example_task_group.py for tasks to queue
[2023-07-05T13:14:48.681+0000] {logging_mixin.py:149} INFO - [2023-07-05T13:14:48.681+0000] {dagbag.py:541} INFO - Filling up the DagBag from /home/airflow/.local/lib/python3.7/site-packages/airflow/example_dags/example_task_group.py
[2023-07-05T13:14:48.693+0000] {processor.py:836} INFO - DAG(s) dict_keys(['example_task_group']) retrieved from /home/airflow/.local/lib/python3.7/site-packages/airflow/example_dags/example_task_group.py
[2023-07-05T13:14:48.736+0000] {logging_mixin.py:149} INFO - [2023-07-05T13:14:48.736+0000] {dag.py:2726} INFO - Sync 1 DAGs
[2023-07-05T13:14:48.772+0000] {logging_mixin.py:149} INFO - [2023-07-05T13:14:48.772+0000] {dag.py:3490} INFO - Setting next_dagrun for example_task_group to 2023-07-04T13:14:48.772390+00:00, run_after=2023-07-05T13:14:48.772390+00:00
[2023-07-05T13:14:48.805+0000] {processor.py:179} INFO - Processing /home/airflow/.local/lib/python3.7/site-packages/airflow/example_dags/example_task_group.py took 0.132 seconds
[2023-07-05T13:15:19.932+0000] {processor.py:157} INFO - Started process (PID=2871) to work on /home/airflow/.local/lib/python3.7/site-packages/airflow/example_dags/example_task_group.py
[2023-07-05T13:15:19.933+0000] {processor.py:826} INFO - Processing file /home/airflow/.local/lib/python3.7/site-packages/airflow/example_dags/example_task_group.py for tasks to queue
[2023-07-05T13:15:19.934+0000] {logging_mixin.py:149} INFO - [2023-07-05T13:15:19.934+0000] {dagbag.py:541} INFO - Filling up the DagBag from /home/airflow/.local/lib/python3.7/site-packages/airflow/example_dags/example_task_group.py
[2023-07-05T13:15:19.946+0000] {processor.py:836} INFO - DAG(s) dict_keys(['example_task_group']) retrieved from /home/airflow/.local/lib/python3.7/site-packages/airflow/example_dags/example_task_group.py
[2023-07-05T13:15:20.003+0000] {logging_mixin.py:149} INFO - [2023-07-05T13:15:20.003+0000] {dag.py:2726} INFO - Sync 1 DAGs
[2023-07-05T13:15:20.058+0000] {logging_mixin.py:149} INFO - [2023-07-05T13:15:20.057+0000] {dag.py:3490} INFO - Setting next_dagrun for example_task_group to 2023-07-04T13:15:20.057099+00:00, run_after=2023-07-05T13:15:20.057099+00:00
[2023-07-05T13:15:20.084+0000] {processor.py:179} INFO - Processing /home/airflow/.local/lib/python3.7/site-packages/airflow/example_dags/example_task_group.py took 0.158 seconds
[2023-07-05T13:15:50.524+0000] {processor.py:157} INFO - Started process (PID=2928) to work on /home/airflow/.local/lib/python3.7/site-packages/airflow/example_dags/example_task_group.py
[2023-07-05T13:15:50.529+0000] {processor.py:826} INFO - Processing file /home/airflow/.local/lib/python3.7/site-packages/airflow/example_dags/example_task_group.py for tasks to queue
[2023-07-05T13:15:50.530+0000] {logging_mixin.py:149} INFO - [2023-07-05T13:15:50.530+0000] {dagbag.py:541} INFO - Filling up the DagBag from /home/airflow/.local/lib/python3.7/site-packages/airflow/example_dags/example_task_group.py
[2023-07-05T13:15:50.540+0000] {processor.py:836} INFO - DAG(s) dict_keys(['example_task_group']) retrieved from /home/airflow/.local/lib/python3.7/site-packages/airflow/example_dags/example_task_group.py
[2023-07-05T13:15:50.581+0000] {logging_mixin.py:149} INFO - [2023-07-05T13:15:50.580+0000] {dag.py:2726} INFO - Sync 1 DAGs
[2023-07-05T13:15:50.628+0000] {logging_mixin.py:149} INFO - [2023-07-05T13:15:50.628+0000] {dag.py:3490} INFO - Setting next_dagrun for example_task_group to 2023-07-04T13:15:50.628225+00:00, run_after=2023-07-05T13:15:50.628225+00:00
[2023-07-05T13:15:50.665+0000] {processor.py:179} INFO - Processing /home/airflow/.local/lib/python3.7/site-packages/airflow/example_dags/example_task_group.py took 0.146 seconds
[2023-07-05T13:16:21.835+0000] {processor.py:157} INFO - Started process (PID=2992) to work on /home/airflow/.local/lib/python3.7/site-packages/airflow/example_dags/example_task_group.py
[2023-07-05T13:16:21.837+0000] {processor.py:826} INFO - Processing file /home/airflow/.local/lib/python3.7/site-packages/airflow/example_dags/example_task_group.py for tasks to queue
[2023-07-05T13:16:21.838+0000] {logging_mixin.py:149} INFO - [2023-07-05T13:16:21.837+0000] {dagbag.py:541} INFO - Filling up the DagBag from /home/airflow/.local/lib/python3.7/site-packages/airflow/example_dags/example_task_group.py
[2023-07-05T13:16:21.849+0000] {processor.py:836} INFO - DAG(s) dict_keys(['example_task_group']) retrieved from /home/airflow/.local/lib/python3.7/site-packages/airflow/example_dags/example_task_group.py
[2023-07-05T13:16:21.886+0000] {logging_mixin.py:149} INFO - [2023-07-05T13:16:21.886+0000] {dag.py:2726} INFO - Sync 1 DAGs
[2023-07-05T13:16:21.926+0000] {logging_mixin.py:149} INFO - [2023-07-05T13:16:21.926+0000] {dag.py:3490} INFO - Setting next_dagrun for example_task_group to 2023-07-04T13:16:21.925720+00:00, run_after=2023-07-05T13:16:21.925720+00:00
[2023-07-05T13:16:21.962+0000] {processor.py:179} INFO - Processing /home/airflow/.local/lib/python3.7/site-packages/airflow/example_dags/example_task_group.py took 0.131 seconds
[2023-07-05T13:16:53.300+0000] {processor.py:157} INFO - Started process (PID=3050) to work on /home/airflow/.local/lib/python3.7/site-packages/airflow/example_dags/example_task_group.py
[2023-07-05T13:16:53.301+0000] {processor.py:826} INFO - Processing file /home/airflow/.local/lib/python3.7/site-packages/airflow/example_dags/example_task_group.py for tasks to queue
[2023-07-05T13:16:53.302+0000] {logging_mixin.py:149} INFO - [2023-07-05T13:16:53.302+0000] {dagbag.py:541} INFO - Filling up the DagBag from /home/airflow/.local/lib/python3.7/site-packages/airflow/example_dags/example_task_group.py
[2023-07-05T13:16:53.312+0000] {processor.py:836} INFO - DAG(s) dict_keys(['example_task_group']) retrieved from /home/airflow/.local/lib/python3.7/site-packages/airflow/example_dags/example_task_group.py
[2023-07-05T13:16:53.348+0000] {logging_mixin.py:149} INFO - [2023-07-05T13:16:53.347+0000] {dag.py:2726} INFO - Sync 1 DAGs
[2023-07-05T13:16:53.388+0000] {logging_mixin.py:149} INFO - [2023-07-05T13:16:53.388+0000] {dag.py:3490} INFO - Setting next_dagrun for example_task_group to 2023-07-04T13:16:53.387830+00:00, run_after=2023-07-05T13:16:53.387830+00:00
[2023-07-05T13:16:53.414+0000] {processor.py:179} INFO - Processing /home/airflow/.local/lib/python3.7/site-packages/airflow/example_dags/example_task_group.py took 0.118 seconds
[2023-07-05T13:17:23.969+0000] {processor.py:157} INFO - Started process (PID=3107) to work on /home/airflow/.local/lib/python3.7/site-packages/airflow/example_dags/example_task_group.py
[2023-07-05T13:17:23.970+0000] {processor.py:826} INFO - Processing file /home/airflow/.local/lib/python3.7/site-packages/airflow/example_dags/example_task_group.py for tasks to queue
[2023-07-05T13:17:23.971+0000] {logging_mixin.py:149} INFO - [2023-07-05T13:17:23.971+0000] {dagbag.py:541} INFO - Filling up the DagBag from /home/airflow/.local/lib/python3.7/site-packages/airflow/example_dags/example_task_group.py
[2023-07-05T13:17:23.980+0000] {processor.py:836} INFO - DAG(s) dict_keys(['example_task_group']) retrieved from /home/airflow/.local/lib/python3.7/site-packages/airflow/example_dags/example_task_group.py
[2023-07-05T13:17:24.022+0000] {logging_mixin.py:149} INFO - [2023-07-05T13:17:24.021+0000] {dag.py:2726} INFO - Sync 1 DAGs
[2023-07-05T13:17:24.066+0000] {logging_mixin.py:149} INFO - [2023-07-05T13:17:24.066+0000] {dag.py:3490} INFO - Setting next_dagrun for example_task_group to 2023-07-04T13:17:24.066182+00:00, run_after=2023-07-05T13:17:24.066182+00:00
[2023-07-05T13:17:24.098+0000] {processor.py:179} INFO - Processing /home/airflow/.local/lib/python3.7/site-packages/airflow/example_dags/example_task_group.py took 0.134 seconds
[2023-07-05T13:17:55.343+0000] {processor.py:157} INFO - Started process (PID=3164) to work on /home/airflow/.local/lib/python3.7/site-packages/airflow/example_dags/example_task_group.py
[2023-07-05T13:17:55.345+0000] {processor.py:826} INFO - Processing file /home/airflow/.local/lib/python3.7/site-packages/airflow/example_dags/example_task_group.py for tasks to queue
[2023-07-05T13:17:55.346+0000] {logging_mixin.py:149} INFO - [2023-07-05T13:17:55.346+0000] {dagbag.py:541} INFO - Filling up the DagBag from /home/airflow/.local/lib/python3.7/site-packages/airflow/example_dags/example_task_group.py
[2023-07-05T13:17:55.354+0000] {processor.py:836} INFO - DAG(s) dict_keys(['example_task_group']) retrieved from /home/airflow/.local/lib/python3.7/site-packages/airflow/example_dags/example_task_group.py
[2023-07-05T13:17:55.392+0000] {logging_mixin.py:149} INFO - [2023-07-05T13:17:55.391+0000] {dag.py:2726} INFO - Sync 1 DAGs
[2023-07-05T13:17:55.427+0000] {logging_mixin.py:149} INFO - [2023-07-05T13:17:55.427+0000] {dag.py:3490} INFO - Setting next_dagrun for example_task_group to 2023-07-04T13:17:55.426892+00:00, run_after=2023-07-05T13:17:55.426892+00:00
[2023-07-05T13:17:55.452+0000] {processor.py:179} INFO - Processing /home/airflow/.local/lib/python3.7/site-packages/airflow/example_dags/example_task_group.py took 0.113 seconds
