[2023-07-05T12:49:59.998+0000] {processor.py:157} INFO - Started process (PID=67) to work on /home/airflow/.local/lib/python3.7/site-packages/airflow/example_dags/example_short_circuit_decorator.py
[2023-07-05T12:50:00.003+0000] {processor.py:826} INFO - Processing file /home/airflow/.local/lib/python3.7/site-packages/airflow/example_dags/example_short_circuit_decorator.py for tasks to queue
[2023-07-05T12:50:00.007+0000] {logging_mixin.py:149} INFO - [2023-07-05T12:50:00.006+0000] {dagbag.py:541} INFO - Filling up the DagBag from /home/airflow/.local/lib/python3.7/site-packages/airflow/example_dags/example_short_circuit_decorator.py
[2023-07-05T12:50:00.081+0000] {processor.py:836} INFO - DAG(s) dict_keys(['example_short_circuit_decorator']) retrieved from /home/airflow/.local/lib/python3.7/site-packages/airflow/example_dags/example_short_circuit_decorator.py
[2023-07-05T12:50:00.161+0000] {logging_mixin.py:149} INFO - [2023-07-05T12:50:00.161+0000] {dag.py:2726} INFO - Sync 1 DAGs
[2023-07-05T12:50:00.274+0000] {logging_mixin.py:149} INFO - [2023-07-05T12:50:00.274+0000] {dag.py:3490} INFO - Setting next_dagrun for example_short_circuit_decorator to 2023-07-04T12:50:00.273385+00:00, run_after=2023-07-05T12:50:00.273385+00:00
[2023-07-05T12:50:00.356+0000] {processor.py:179} INFO - Processing /home/airflow/.local/lib/python3.7/site-packages/airflow/example_dags/example_short_circuit_decorator.py took 0.363 seconds
[2023-07-05T12:50:33.603+0000] {processor.py:157} INFO - Started process (PID=124) to work on /home/airflow/.local/lib/python3.7/site-packages/airflow/example_dags/example_short_circuit_decorator.py
[2023-07-05T12:50:33.604+0000] {processor.py:826} INFO - Processing file /home/airflow/.local/lib/python3.7/site-packages/airflow/example_dags/example_short_circuit_decorator.py for tasks to queue
[2023-07-05T12:50:33.604+0000] {logging_mixin.py:149} INFO - [2023-07-05T12:50:33.604+0000] {dagbag.py:541} INFO - Filling up the DagBag from /home/airflow/.local/lib/python3.7/site-packages/airflow/example_dags/example_short_circuit_decorator.py
[2023-07-05T12:50:33.621+0000] {processor.py:836} INFO - DAG(s) dict_keys(['example_short_circuit_decorator']) retrieved from /home/airflow/.local/lib/python3.7/site-packages/airflow/example_dags/example_short_circuit_decorator.py
[2023-07-05T12:50:33.657+0000] {logging_mixin.py:149} INFO - [2023-07-05T12:50:33.657+0000] {dag.py:2726} INFO - Sync 1 DAGs
[2023-07-05T12:50:33.692+0000] {logging_mixin.py:149} INFO - [2023-07-05T12:50:33.692+0000] {dag.py:3490} INFO - Setting next_dagrun for example_short_circuit_decorator to 2023-07-04T12:50:33.691694+00:00, run_after=2023-07-05T12:50:33.691694+00:00
[2023-07-05T12:50:33.716+0000] {processor.py:179} INFO - Processing /home/airflow/.local/lib/python3.7/site-packages/airflow/example_dags/example_short_circuit_decorator.py took 0.117 seconds
[2023-07-05T12:51:04.782+0000] {processor.py:157} INFO - Started process (PID=182) to work on /home/airflow/.local/lib/python3.7/site-packages/airflow/example_dags/example_short_circuit_decorator.py
[2023-07-05T12:51:04.784+0000] {processor.py:826} INFO - Processing file /home/airflow/.local/lib/python3.7/site-packages/airflow/example_dags/example_short_circuit_decorator.py for tasks to queue
[2023-07-05T12:51:04.785+0000] {logging_mixin.py:149} INFO - [2023-07-05T12:51:04.785+0000] {dagbag.py:541} INFO - Filling up the DagBag from /home/airflow/.local/lib/python3.7/site-packages/airflow/example_dags/example_short_circuit_decorator.py
[2023-07-05T12:51:04.798+0000] {processor.py:836} INFO - DAG(s) dict_keys(['example_short_circuit_decorator']) retrieved from /home/airflow/.local/lib/python3.7/site-packages/airflow/example_dags/example_short_circuit_decorator.py
[2023-07-05T12:51:04.841+0000] {logging_mixin.py:149} INFO - [2023-07-05T12:51:04.840+0000] {dag.py:2726} INFO - Sync 1 DAGs
[2023-07-05T12:51:04.893+0000] {logging_mixin.py:149} INFO - [2023-07-05T12:51:04.893+0000] {dag.py:3490} INFO - Setting next_dagrun for example_short_circuit_decorator to 2023-07-04T12:51:04.892732+00:00, run_after=2023-07-05T12:51:04.892732+00:00
[2023-07-05T12:51:04.937+0000] {processor.py:179} INFO - Processing /home/airflow/.local/lib/python3.7/site-packages/airflow/example_dags/example_short_circuit_decorator.py took 0.159 seconds
[2023-07-05T12:51:36.149+0000] {processor.py:157} INFO - Started process (PID=239) to work on /home/airflow/.local/lib/python3.7/site-packages/airflow/example_dags/example_short_circuit_decorator.py
[2023-07-05T12:51:36.150+0000] {processor.py:826} INFO - Processing file /home/airflow/.local/lib/python3.7/site-packages/airflow/example_dags/example_short_circuit_decorator.py for tasks to queue
[2023-07-05T12:51:36.151+0000] {logging_mixin.py:149} INFO - [2023-07-05T12:51:36.151+0000] {dagbag.py:541} INFO - Filling up the DagBag from /home/airflow/.local/lib/python3.7/site-packages/airflow/example_dags/example_short_circuit_decorator.py
[2023-07-05T12:51:36.162+0000] {processor.py:836} INFO - DAG(s) dict_keys(['example_short_circuit_decorator']) retrieved from /home/airflow/.local/lib/python3.7/site-packages/airflow/example_dags/example_short_circuit_decorator.py
[2023-07-05T12:51:36.198+0000] {logging_mixin.py:149} INFO - [2023-07-05T12:51:36.198+0000] {dag.py:2726} INFO - Sync 1 DAGs
[2023-07-05T12:51:36.237+0000] {logging_mixin.py:149} INFO - [2023-07-05T12:51:36.237+0000] {dag.py:3490} INFO - Setting next_dagrun for example_short_circuit_decorator to 2023-07-04T12:51:36.237223+00:00, run_after=2023-07-05T12:51:36.237223+00:00
[2023-07-05T12:51:36.277+0000] {processor.py:179} INFO - Processing /home/airflow/.local/lib/python3.7/site-packages/airflow/example_dags/example_short_circuit_decorator.py took 0.132 seconds
[2023-07-05T12:52:07.362+0000] {processor.py:157} INFO - Started process (PID=296) to work on /home/airflow/.local/lib/python3.7/site-packages/airflow/example_dags/example_short_circuit_decorator.py
[2023-07-05T12:52:07.364+0000] {processor.py:826} INFO - Processing file /home/airflow/.local/lib/python3.7/site-packages/airflow/example_dags/example_short_circuit_decorator.py for tasks to queue
[2023-07-05T12:52:07.365+0000] {logging_mixin.py:149} INFO - [2023-07-05T12:52:07.365+0000] {dagbag.py:541} INFO - Filling up the DagBag from /home/airflow/.local/lib/python3.7/site-packages/airflow/example_dags/example_short_circuit_decorator.py
[2023-07-05T12:52:07.379+0000] {processor.py:836} INFO - DAG(s) dict_keys(['example_short_circuit_decorator']) retrieved from /home/airflow/.local/lib/python3.7/site-packages/airflow/example_dags/example_short_circuit_decorator.py
[2023-07-05T12:52:07.421+0000] {logging_mixin.py:149} INFO - [2023-07-05T12:52:07.420+0000] {dag.py:2726} INFO - Sync 1 DAGs
[2023-07-05T12:52:07.468+0000] {logging_mixin.py:149} INFO - [2023-07-05T12:52:07.468+0000] {dag.py:3490} INFO - Setting next_dagrun for example_short_circuit_decorator to 2023-07-04T12:52:07.467874+00:00, run_after=2023-07-05T12:52:07.467874+00:00
[2023-07-05T12:52:07.526+0000] {processor.py:179} INFO - Processing /home/airflow/.local/lib/python3.7/site-packages/airflow/example_dags/example_short_circuit_decorator.py took 0.168 seconds
[2023-07-05T12:52:38.747+0000] {processor.py:157} INFO - Started process (PID=353) to work on /home/airflow/.local/lib/python3.7/site-packages/airflow/example_dags/example_short_circuit_decorator.py
[2023-07-05T12:52:38.748+0000] {processor.py:826} INFO - Processing file /home/airflow/.local/lib/python3.7/site-packages/airflow/example_dags/example_short_circuit_decorator.py for tasks to queue
[2023-07-05T12:52:38.749+0000] {logging_mixin.py:149} INFO - [2023-07-05T12:52:38.749+0000] {dagbag.py:541} INFO - Filling up the DagBag from /home/airflow/.local/lib/python3.7/site-packages/airflow/example_dags/example_short_circuit_decorator.py
[2023-07-05T12:52:38.762+0000] {processor.py:836} INFO - DAG(s) dict_keys(['example_short_circuit_decorator']) retrieved from /home/airflow/.local/lib/python3.7/site-packages/airflow/example_dags/example_short_circuit_decorator.py
[2023-07-05T12:52:38.799+0000] {logging_mixin.py:149} INFO - [2023-07-05T12:52:38.799+0000] {dag.py:2726} INFO - Sync 1 DAGs
[2023-07-05T12:52:38.993+0000] {logging_mixin.py:149} INFO - [2023-07-05T12:52:38.993+0000] {dag.py:3490} INFO - Setting next_dagrun for example_short_circuit_decorator to 2023-07-04T12:52:38.992826+00:00, run_after=2023-07-05T12:52:38.992826+00:00
[2023-07-05T12:52:39.025+0000] {processor.py:179} INFO - Processing /home/airflow/.local/lib/python3.7/site-packages/airflow/example_dags/example_short_circuit_decorator.py took 0.281 seconds
[2023-07-05T12:53:09.157+0000] {processor.py:157} INFO - Started process (PID=410) to work on /home/airflow/.local/lib/python3.7/site-packages/airflow/example_dags/example_short_circuit_decorator.py
[2023-07-05T12:53:09.159+0000] {processor.py:826} INFO - Processing file /home/airflow/.local/lib/python3.7/site-packages/airflow/example_dags/example_short_circuit_decorator.py for tasks to queue
[2023-07-05T12:53:09.160+0000] {logging_mixin.py:149} INFO - [2023-07-05T12:53:09.160+0000] {dagbag.py:541} INFO - Filling up the DagBag from /home/airflow/.local/lib/python3.7/site-packages/airflow/example_dags/example_short_circuit_decorator.py
[2023-07-05T12:53:09.172+0000] {processor.py:836} INFO - DAG(s) dict_keys(['example_short_circuit_decorator']) retrieved from /home/airflow/.local/lib/python3.7/site-packages/airflow/example_dags/example_short_circuit_decorator.py
[2023-07-05T12:53:09.206+0000] {logging_mixin.py:149} INFO - [2023-07-05T12:53:09.206+0000] {dag.py:2726} INFO - Sync 1 DAGs
[2023-07-05T12:53:09.240+0000] {logging_mixin.py:149} INFO - [2023-07-05T12:53:09.240+0000] {dag.py:3490} INFO - Setting next_dagrun for example_short_circuit_decorator to 2023-07-04T12:53:09.239827+00:00, run_after=2023-07-05T12:53:09.239827+00:00
[2023-07-05T12:53:09.271+0000] {processor.py:179} INFO - Processing /home/airflow/.local/lib/python3.7/site-packages/airflow/example_dags/example_short_circuit_decorator.py took 0.119 seconds
[2023-07-05T12:53:39.506+0000] {processor.py:157} INFO - Started process (PID=467) to work on /home/airflow/.local/lib/python3.7/site-packages/airflow/example_dags/example_short_circuit_decorator.py
[2023-07-05T12:53:39.507+0000] {processor.py:826} INFO - Processing file /home/airflow/.local/lib/python3.7/site-packages/airflow/example_dags/example_short_circuit_decorator.py for tasks to queue
[2023-07-05T12:53:39.509+0000] {logging_mixin.py:149} INFO - [2023-07-05T12:53:39.508+0000] {dagbag.py:541} INFO - Filling up the DagBag from /home/airflow/.local/lib/python3.7/site-packages/airflow/example_dags/example_short_circuit_decorator.py
[2023-07-05T12:53:39.520+0000] {processor.py:836} INFO - DAG(s) dict_keys(['example_short_circuit_decorator']) retrieved from /home/airflow/.local/lib/python3.7/site-packages/airflow/example_dags/example_short_circuit_decorator.py
[2023-07-05T12:53:39.562+0000] {logging_mixin.py:149} INFO - [2023-07-05T12:53:39.562+0000] {dag.py:2726} INFO - Sync 1 DAGs
[2023-07-05T12:53:39.606+0000] {logging_mixin.py:149} INFO - [2023-07-05T12:53:39.605+0000] {dag.py:3490} INFO - Setting next_dagrun for example_short_circuit_decorator to 2023-07-04T12:53:39.605667+00:00, run_after=2023-07-05T12:53:39.605667+00:00
[2023-07-05T12:53:39.634+0000] {processor.py:179} INFO - Processing /home/airflow/.local/lib/python3.7/site-packages/airflow/example_dags/example_short_circuit_decorator.py took 0.132 seconds
[2023-07-05T12:54:10.971+0000] {processor.py:157} INFO - Started process (PID=524) to work on /home/airflow/.local/lib/python3.7/site-packages/airflow/example_dags/example_short_circuit_decorator.py
[2023-07-05T12:54:10.972+0000] {processor.py:826} INFO - Processing file /home/airflow/.local/lib/python3.7/site-packages/airflow/example_dags/example_short_circuit_decorator.py for tasks to queue
[2023-07-05T12:54:10.973+0000] {logging_mixin.py:149} INFO - [2023-07-05T12:54:10.973+0000] {dagbag.py:541} INFO - Filling up the DagBag from /home/airflow/.local/lib/python3.7/site-packages/airflow/example_dags/example_short_circuit_decorator.py
[2023-07-05T12:54:10.987+0000] {processor.py:836} INFO - DAG(s) dict_keys(['example_short_circuit_decorator']) retrieved from /home/airflow/.local/lib/python3.7/site-packages/airflow/example_dags/example_short_circuit_decorator.py
[2023-07-05T12:54:11.029+0000] {logging_mixin.py:149} INFO - [2023-07-05T12:54:11.029+0000] {dag.py:2726} INFO - Sync 1 DAGs
[2023-07-05T12:54:11.199+0000] {logging_mixin.py:149} INFO - [2023-07-05T12:54:11.199+0000] {dag.py:3490} INFO - Setting next_dagrun for example_short_circuit_decorator to 2023-07-04T12:54:11.199329+00:00, run_after=2023-07-05T12:54:11.199329+00:00
[2023-07-05T12:54:11.236+0000] {processor.py:179} INFO - Processing /home/airflow/.local/lib/python3.7/site-packages/airflow/example_dags/example_short_circuit_decorator.py took 0.268 seconds
[2023-07-05T12:54:41.523+0000] {processor.py:157} INFO - Started process (PID=581) to work on /home/airflow/.local/lib/python3.7/site-packages/airflow/example_dags/example_short_circuit_decorator.py
[2023-07-05T12:54:41.524+0000] {processor.py:826} INFO - Processing file /home/airflow/.local/lib/python3.7/site-packages/airflow/example_dags/example_short_circuit_decorator.py for tasks to queue
[2023-07-05T12:54:41.525+0000] {logging_mixin.py:149} INFO - [2023-07-05T12:54:41.525+0000] {dagbag.py:541} INFO - Filling up the DagBag from /home/airflow/.local/lib/python3.7/site-packages/airflow/example_dags/example_short_circuit_decorator.py
[2023-07-05T12:54:41.535+0000] {processor.py:836} INFO - DAG(s) dict_keys(['example_short_circuit_decorator']) retrieved from /home/airflow/.local/lib/python3.7/site-packages/airflow/example_dags/example_short_circuit_decorator.py
[2023-07-05T12:54:41.572+0000] {logging_mixin.py:149} INFO - [2023-07-05T12:54:41.572+0000] {dag.py:2726} INFO - Sync 1 DAGs
[2023-07-05T12:54:41.605+0000] {logging_mixin.py:149} INFO - [2023-07-05T12:54:41.605+0000] {dag.py:3490} INFO - Setting next_dagrun for example_short_circuit_decorator to 2023-07-04T12:54:41.605425+00:00, run_after=2023-07-05T12:54:41.605425+00:00
[2023-07-05T12:54:41.628+0000] {processor.py:179} INFO - Processing /home/airflow/.local/lib/python3.7/site-packages/airflow/example_dags/example_short_circuit_decorator.py took 0.109 seconds
[2023-07-05T12:55:12.522+0000] {processor.py:157} INFO - Started process (PID=637) to work on /home/airflow/.local/lib/python3.7/site-packages/airflow/example_dags/example_short_circuit_decorator.py
[2023-07-05T12:55:12.523+0000] {processor.py:826} INFO - Processing file /home/airflow/.local/lib/python3.7/site-packages/airflow/example_dags/example_short_circuit_decorator.py for tasks to queue
[2023-07-05T12:55:12.524+0000] {logging_mixin.py:149} INFO - [2023-07-05T12:55:12.524+0000] {dagbag.py:541} INFO - Filling up the DagBag from /home/airflow/.local/lib/python3.7/site-packages/airflow/example_dags/example_short_circuit_decorator.py
[2023-07-05T12:55:12.534+0000] {processor.py:836} INFO - DAG(s) dict_keys(['example_short_circuit_decorator']) retrieved from /home/airflow/.local/lib/python3.7/site-packages/airflow/example_dags/example_short_circuit_decorator.py
[2023-07-05T12:55:12.720+0000] {logging_mixin.py:149} INFO - [2023-07-05T12:55:12.720+0000] {dag.py:2726} INFO - Sync 1 DAGs
[2023-07-05T12:55:12.757+0000] {logging_mixin.py:149} INFO - [2023-07-05T12:55:12.757+0000] {dag.py:3490} INFO - Setting next_dagrun for example_short_circuit_decorator to 2023-07-04T12:55:12.757122+00:00, run_after=2023-07-05T12:55:12.757122+00:00
[2023-07-05T12:55:12.786+0000] {processor.py:179} INFO - Processing /home/airflow/.local/lib/python3.7/site-packages/airflow/example_dags/example_short_circuit_decorator.py took 0.268 seconds
[2023-07-05T12:55:44.205+0000] {processor.py:157} INFO - Started process (PID=695) to work on /home/airflow/.local/lib/python3.7/site-packages/airflow/example_dags/example_short_circuit_decorator.py
[2023-07-05T12:55:44.206+0000] {processor.py:826} INFO - Processing file /home/airflow/.local/lib/python3.7/site-packages/airflow/example_dags/example_short_circuit_decorator.py for tasks to queue
[2023-07-05T12:55:44.207+0000] {logging_mixin.py:149} INFO - [2023-07-05T12:55:44.207+0000] {dagbag.py:541} INFO - Filling up the DagBag from /home/airflow/.local/lib/python3.7/site-packages/airflow/example_dags/example_short_circuit_decorator.py
[2023-07-05T12:55:44.221+0000] {processor.py:836} INFO - DAG(s) dict_keys(['example_short_circuit_decorator']) retrieved from /home/airflow/.local/lib/python3.7/site-packages/airflow/example_dags/example_short_circuit_decorator.py
[2023-07-05T12:55:44.265+0000] {logging_mixin.py:149} INFO - [2023-07-05T12:55:44.265+0000] {dag.py:2726} INFO - Sync 1 DAGs
[2023-07-05T12:55:44.477+0000] {logging_mixin.py:149} INFO - [2023-07-05T12:55:44.477+0000] {dag.py:3490} INFO - Setting next_dagrun for example_short_circuit_decorator to 2023-07-04T12:55:44.477288+00:00, run_after=2023-07-05T12:55:44.477288+00:00
[2023-07-05T12:55:44.510+0000] {processor.py:179} INFO - Processing /home/airflow/.local/lib/python3.7/site-packages/airflow/example_dags/example_short_circuit_decorator.py took 0.310 seconds
[2023-07-05T12:56:14.926+0000] {processor.py:157} INFO - Started process (PID=752) to work on /home/airflow/.local/lib/python3.7/site-packages/airflow/example_dags/example_short_circuit_decorator.py
[2023-07-05T12:56:14.928+0000] {processor.py:826} INFO - Processing file /home/airflow/.local/lib/python3.7/site-packages/airflow/example_dags/example_short_circuit_decorator.py for tasks to queue
[2023-07-05T12:56:14.929+0000] {logging_mixin.py:149} INFO - [2023-07-05T12:56:14.929+0000] {dagbag.py:541} INFO - Filling up the DagBag from /home/airflow/.local/lib/python3.7/site-packages/airflow/example_dags/example_short_circuit_decorator.py
[2023-07-05T12:56:15.092+0000] {processor.py:836} INFO - DAG(s) dict_keys(['example_short_circuit_decorator']) retrieved from /home/airflow/.local/lib/python3.7/site-packages/airflow/example_dags/example_short_circuit_decorator.py
[2023-07-05T12:56:15.125+0000] {logging_mixin.py:149} INFO - [2023-07-05T12:56:15.125+0000] {dag.py:2726} INFO - Sync 1 DAGs
[2023-07-05T12:56:15.161+0000] {logging_mixin.py:149} INFO - [2023-07-05T12:56:15.161+0000] {dag.py:3490} INFO - Setting next_dagrun for example_short_circuit_decorator to 2023-07-04T12:56:15.160794+00:00, run_after=2023-07-05T12:56:15.160794+00:00
[2023-07-05T12:56:15.202+0000] {processor.py:179} INFO - Processing /home/airflow/.local/lib/python3.7/site-packages/airflow/example_dags/example_short_circuit_decorator.py took 0.281 seconds
[2023-07-05T12:56:45.801+0000] {processor.py:157} INFO - Started process (PID=808) to work on /home/airflow/.local/lib/python3.7/site-packages/airflow/example_dags/example_short_circuit_decorator.py
[2023-07-05T12:56:45.802+0000] {processor.py:826} INFO - Processing file /home/airflow/.local/lib/python3.7/site-packages/airflow/example_dags/example_short_circuit_decorator.py for tasks to queue
[2023-07-05T12:56:45.803+0000] {logging_mixin.py:149} INFO - [2023-07-05T12:56:45.803+0000] {dagbag.py:541} INFO - Filling up the DagBag from /home/airflow/.local/lib/python3.7/site-packages/airflow/example_dags/example_short_circuit_decorator.py
[2023-07-05T12:56:45.814+0000] {processor.py:836} INFO - DAG(s) dict_keys(['example_short_circuit_decorator']) retrieved from /home/airflow/.local/lib/python3.7/site-packages/airflow/example_dags/example_short_circuit_decorator.py
[2023-07-05T12:56:45.853+0000] {logging_mixin.py:149} INFO - [2023-07-05T12:56:45.852+0000] {dag.py:2726} INFO - Sync 1 DAGs
[2023-07-05T12:56:45.890+0000] {logging_mixin.py:149} INFO - [2023-07-05T12:56:45.889+0000] {dag.py:3490} INFO - Setting next_dagrun for example_short_circuit_decorator to 2023-07-04T12:56:45.889510+00:00, run_after=2023-07-05T12:56:45.889510+00:00
[2023-07-05T12:56:45.915+0000] {processor.py:179} INFO - Processing /home/airflow/.local/lib/python3.7/site-packages/airflow/example_dags/example_short_circuit_decorator.py took 0.118 seconds
[2023-07-05T12:57:16.428+0000] {processor.py:157} INFO - Started process (PID=864) to work on /home/airflow/.local/lib/python3.7/site-packages/airflow/example_dags/example_short_circuit_decorator.py
[2023-07-05T12:57:16.430+0000] {processor.py:826} INFO - Processing file /home/airflow/.local/lib/python3.7/site-packages/airflow/example_dags/example_short_circuit_decorator.py for tasks to queue
[2023-07-05T12:57:16.431+0000] {logging_mixin.py:149} INFO - [2023-07-05T12:57:16.431+0000] {dagbag.py:541} INFO - Filling up the DagBag from /home/airflow/.local/lib/python3.7/site-packages/airflow/example_dags/example_short_circuit_decorator.py
[2023-07-05T12:57:16.443+0000] {processor.py:836} INFO - DAG(s) dict_keys(['example_short_circuit_decorator']) retrieved from /home/airflow/.local/lib/python3.7/site-packages/airflow/example_dags/example_short_circuit_decorator.py
[2023-07-05T12:57:16.480+0000] {logging_mixin.py:149} INFO - [2023-07-05T12:57:16.479+0000] {dag.py:2726} INFO - Sync 1 DAGs
[2023-07-05T12:57:16.516+0000] {logging_mixin.py:149} INFO - [2023-07-05T12:57:16.515+0000] {dag.py:3490} INFO - Setting next_dagrun for example_short_circuit_decorator to 2023-07-04T12:57:16.515692+00:00, run_after=2023-07-05T12:57:16.515692+00:00
[2023-07-05T12:57:16.545+0000] {processor.py:179} INFO - Processing /home/airflow/.local/lib/python3.7/site-packages/airflow/example_dags/example_short_circuit_decorator.py took 0.121 seconds
[2023-07-05T12:57:47.293+0000] {processor.py:157} INFO - Started process (PID=927) to work on /home/airflow/.local/lib/python3.7/site-packages/airflow/example_dags/example_short_circuit_decorator.py
[2023-07-05T12:57:47.294+0000] {processor.py:826} INFO - Processing file /home/airflow/.local/lib/python3.7/site-packages/airflow/example_dags/example_short_circuit_decorator.py for tasks to queue
[2023-07-05T12:57:47.295+0000] {logging_mixin.py:149} INFO - [2023-07-05T12:57:47.295+0000] {dagbag.py:541} INFO - Filling up the DagBag from /home/airflow/.local/lib/python3.7/site-packages/airflow/example_dags/example_short_circuit_decorator.py
[2023-07-05T12:57:47.309+0000] {processor.py:836} INFO - DAG(s) dict_keys(['example_short_circuit_decorator']) retrieved from /home/airflow/.local/lib/python3.7/site-packages/airflow/example_dags/example_short_circuit_decorator.py
[2023-07-05T12:57:47.351+0000] {logging_mixin.py:149} INFO - [2023-07-05T12:57:47.350+0000] {dag.py:2726} INFO - Sync 1 DAGs
[2023-07-05T12:57:47.390+0000] {logging_mixin.py:149} INFO - [2023-07-05T12:57:47.390+0000] {dag.py:3490} INFO - Setting next_dagrun for example_short_circuit_decorator to 2023-07-04T12:57:47.390326+00:00, run_after=2023-07-05T12:57:47.390326+00:00
[2023-07-05T12:57:47.423+0000] {processor.py:179} INFO - Processing /home/airflow/.local/lib/python3.7/site-packages/airflow/example_dags/example_short_circuit_decorator.py took 0.135 seconds
[2023-07-05T12:58:17.695+0000] {processor.py:157} INFO - Started process (PID=983) to work on /home/airflow/.local/lib/python3.7/site-packages/airflow/example_dags/example_short_circuit_decorator.py
[2023-07-05T12:58:17.696+0000] {processor.py:826} INFO - Processing file /home/airflow/.local/lib/python3.7/site-packages/airflow/example_dags/example_short_circuit_decorator.py for tasks to queue
[2023-07-05T12:58:17.698+0000] {logging_mixin.py:149} INFO - [2023-07-05T12:58:17.697+0000] {dagbag.py:541} INFO - Filling up the DagBag from /home/airflow/.local/lib/python3.7/site-packages/airflow/example_dags/example_short_circuit_decorator.py
[2023-07-05T12:58:17.715+0000] {processor.py:836} INFO - DAG(s) dict_keys(['example_short_circuit_decorator']) retrieved from /home/airflow/.local/lib/python3.7/site-packages/airflow/example_dags/example_short_circuit_decorator.py
[2023-07-05T12:58:17.757+0000] {logging_mixin.py:149} INFO - [2023-07-05T12:58:17.757+0000] {dag.py:2726} INFO - Sync 1 DAGs
[2023-07-05T12:58:17.792+0000] {logging_mixin.py:149} INFO - [2023-07-05T12:58:17.792+0000] {dag.py:3490} INFO - Setting next_dagrun for example_short_circuit_decorator to 2023-07-04T12:58:17.792008+00:00, run_after=2023-07-05T12:58:17.792008+00:00
[2023-07-05T12:58:17.819+0000] {processor.py:179} INFO - Processing /home/airflow/.local/lib/python3.7/site-packages/airflow/example_dags/example_short_circuit_decorator.py took 0.128 seconds
[2023-07-05T12:58:47.951+0000] {processor.py:157} INFO - Started process (PID=1039) to work on /home/airflow/.local/lib/python3.7/site-packages/airflow/example_dags/example_short_circuit_decorator.py
[2023-07-05T12:58:47.952+0000] {processor.py:826} INFO - Processing file /home/airflow/.local/lib/python3.7/site-packages/airflow/example_dags/example_short_circuit_decorator.py for tasks to queue
[2023-07-05T12:58:47.952+0000] {logging_mixin.py:149} INFO - [2023-07-05T12:58:47.952+0000] {dagbag.py:541} INFO - Filling up the DagBag from /home/airflow/.local/lib/python3.7/site-packages/airflow/example_dags/example_short_circuit_decorator.py
[2023-07-05T12:58:47.964+0000] {processor.py:836} INFO - DAG(s) dict_keys(['example_short_circuit_decorator']) retrieved from /home/airflow/.local/lib/python3.7/site-packages/airflow/example_dags/example_short_circuit_decorator.py
[2023-07-05T12:58:48.000+0000] {logging_mixin.py:149} INFO - [2023-07-05T12:58:48.000+0000] {dag.py:2726} INFO - Sync 1 DAGs
[2023-07-05T12:58:48.041+0000] {logging_mixin.py:149} INFO - [2023-07-05T12:58:48.040+0000] {dag.py:3490} INFO - Setting next_dagrun for example_short_circuit_decorator to 2023-07-04T12:58:48.040574+00:00, run_after=2023-07-05T12:58:48.040574+00:00
[2023-07-05T12:58:48.068+0000] {processor.py:179} INFO - Processing /home/airflow/.local/lib/python3.7/site-packages/airflow/example_dags/example_short_circuit_decorator.py took 0.121 seconds
[2023-07-05T12:59:18.375+0000] {processor.py:157} INFO - Started process (PID=1096) to work on /home/airflow/.local/lib/python3.7/site-packages/airflow/example_dags/example_short_circuit_decorator.py
[2023-07-05T12:59:18.376+0000] {processor.py:826} INFO - Processing file /home/airflow/.local/lib/python3.7/site-packages/airflow/example_dags/example_short_circuit_decorator.py for tasks to queue
[2023-07-05T12:59:18.377+0000] {logging_mixin.py:149} INFO - [2023-07-05T12:59:18.377+0000] {dagbag.py:541} INFO - Filling up the DagBag from /home/airflow/.local/lib/python3.7/site-packages/airflow/example_dags/example_short_circuit_decorator.py
[2023-07-05T12:59:18.388+0000] {processor.py:836} INFO - DAG(s) dict_keys(['example_short_circuit_decorator']) retrieved from /home/airflow/.local/lib/python3.7/site-packages/airflow/example_dags/example_short_circuit_decorator.py
[2023-07-05T12:59:18.424+0000] {logging_mixin.py:149} INFO - [2023-07-05T12:59:18.424+0000] {dag.py:2726} INFO - Sync 1 DAGs
[2023-07-05T12:59:18.469+0000] {logging_mixin.py:149} INFO - [2023-07-05T12:59:18.469+0000] {dag.py:3490} INFO - Setting next_dagrun for example_short_circuit_decorator to 2023-07-04T12:59:18.469011+00:00, run_after=2023-07-05T12:59:18.469011+00:00
[2023-07-05T12:59:18.501+0000] {processor.py:179} INFO - Processing /home/airflow/.local/lib/python3.7/site-packages/airflow/example_dags/example_short_circuit_decorator.py took 0.129 seconds
[2023-07-05T12:59:48.660+0000] {processor.py:157} INFO - Started process (PID=1153) to work on /home/airflow/.local/lib/python3.7/site-packages/airflow/example_dags/example_short_circuit_decorator.py
[2023-07-05T12:59:48.661+0000] {processor.py:826} INFO - Processing file /home/airflow/.local/lib/python3.7/site-packages/airflow/example_dags/example_short_circuit_decorator.py for tasks to queue
[2023-07-05T12:59:48.661+0000] {logging_mixin.py:149} INFO - [2023-07-05T12:59:48.661+0000] {dagbag.py:541} INFO - Filling up the DagBag from /home/airflow/.local/lib/python3.7/site-packages/airflow/example_dags/example_short_circuit_decorator.py
[2023-07-05T12:59:48.672+0000] {processor.py:836} INFO - DAG(s) dict_keys(['example_short_circuit_decorator']) retrieved from /home/airflow/.local/lib/python3.7/site-packages/airflow/example_dags/example_short_circuit_decorator.py
[2023-07-05T12:59:48.707+0000] {logging_mixin.py:149} INFO - [2023-07-05T12:59:48.706+0000] {dag.py:2726} INFO - Sync 1 DAGs
[2023-07-05T12:59:48.742+0000] {logging_mixin.py:149} INFO - [2023-07-05T12:59:48.742+0000] {dag.py:3490} INFO - Setting next_dagrun for example_short_circuit_decorator to 2023-07-04T12:59:48.742383+00:00, run_after=2023-07-05T12:59:48.742383+00:00
[2023-07-05T12:59:48.776+0000] {processor.py:179} INFO - Processing /home/airflow/.local/lib/python3.7/site-packages/airflow/example_dags/example_short_circuit_decorator.py took 0.120 seconds
[2023-07-05T13:00:19.473+0000] {processor.py:157} INFO - Started process (PID=1210) to work on /home/airflow/.local/lib/python3.7/site-packages/airflow/example_dags/example_short_circuit_decorator.py
[2023-07-05T13:00:19.475+0000] {processor.py:826} INFO - Processing file /home/airflow/.local/lib/python3.7/site-packages/airflow/example_dags/example_short_circuit_decorator.py for tasks to queue
[2023-07-05T13:00:19.476+0000] {logging_mixin.py:149} INFO - [2023-07-05T13:00:19.476+0000] {dagbag.py:541} INFO - Filling up the DagBag from /home/airflow/.local/lib/python3.7/site-packages/airflow/example_dags/example_short_circuit_decorator.py
[2023-07-05T13:00:19.490+0000] {processor.py:836} INFO - DAG(s) dict_keys(['example_short_circuit_decorator']) retrieved from /home/airflow/.local/lib/python3.7/site-packages/airflow/example_dags/example_short_circuit_decorator.py
[2023-07-05T13:00:19.538+0000] {logging_mixin.py:149} INFO - [2023-07-05T13:00:19.538+0000] {dag.py:2726} INFO - Sync 1 DAGs
[2023-07-05T13:00:19.579+0000] {logging_mixin.py:149} INFO - [2023-07-05T13:00:19.579+0000] {dag.py:3490} INFO - Setting next_dagrun for example_short_circuit_decorator to 2023-07-04T13:00:19.578859+00:00, run_after=2023-07-05T13:00:19.578859+00:00
[2023-07-05T13:00:19.607+0000] {processor.py:179} INFO - Processing /home/airflow/.local/lib/python3.7/site-packages/airflow/example_dags/example_short_circuit_decorator.py took 0.138 seconds
[2023-07-05T13:00:49.935+0000] {processor.py:157} INFO - Started process (PID=1267) to work on /home/airflow/.local/lib/python3.7/site-packages/airflow/example_dags/example_short_circuit_decorator.py
[2023-07-05T13:00:49.938+0000] {processor.py:826} INFO - Processing file /home/airflow/.local/lib/python3.7/site-packages/airflow/example_dags/example_short_circuit_decorator.py for tasks to queue
[2023-07-05T13:00:49.940+0000] {logging_mixin.py:149} INFO - [2023-07-05T13:00:49.939+0000] {dagbag.py:541} INFO - Filling up the DagBag from /home/airflow/.local/lib/python3.7/site-packages/airflow/example_dags/example_short_circuit_decorator.py
[2023-07-05T13:00:49.953+0000] {processor.py:836} INFO - DAG(s) dict_keys(['example_short_circuit_decorator']) retrieved from /home/airflow/.local/lib/python3.7/site-packages/airflow/example_dags/example_short_circuit_decorator.py
[2023-07-05T13:00:49.992+0000] {logging_mixin.py:149} INFO - [2023-07-05T13:00:49.992+0000] {dag.py:2726} INFO - Sync 1 DAGs
[2023-07-05T13:00:50.027+0000] {logging_mixin.py:149} INFO - [2023-07-05T13:00:50.027+0000] {dag.py:3490} INFO - Setting next_dagrun for example_short_circuit_decorator to 2023-07-04T13:00:50.026849+00:00, run_after=2023-07-05T13:00:50.026849+00:00
[2023-07-05T13:00:50.058+0000] {processor.py:179} INFO - Processing /home/airflow/.local/lib/python3.7/site-packages/airflow/example_dags/example_short_circuit_decorator.py took 0.126 seconds
[2023-07-05T13:01:20.098+0000] {processor.py:157} INFO - Started process (PID=1325) to work on /home/airflow/.local/lib/python3.7/site-packages/airflow/example_dags/example_short_circuit_decorator.py
[2023-07-05T13:01:20.100+0000] {processor.py:826} INFO - Processing file /home/airflow/.local/lib/python3.7/site-packages/airflow/example_dags/example_short_circuit_decorator.py for tasks to queue
[2023-07-05T13:01:20.102+0000] {logging_mixin.py:149} INFO - [2023-07-05T13:01:20.102+0000] {dagbag.py:541} INFO - Filling up the DagBag from /home/airflow/.local/lib/python3.7/site-packages/airflow/example_dags/example_short_circuit_decorator.py
[2023-07-05T13:01:20.121+0000] {processor.py:836} INFO - DAG(s) dict_keys(['example_short_circuit_decorator']) retrieved from /home/airflow/.local/lib/python3.7/site-packages/airflow/example_dags/example_short_circuit_decorator.py
[2023-07-05T13:01:20.174+0000] {logging_mixin.py:149} INFO - [2023-07-05T13:01:20.174+0000] {dag.py:2726} INFO - Sync 1 DAGs
[2023-07-05T13:01:20.253+0000] {logging_mixin.py:149} INFO - [2023-07-05T13:01:20.252+0000] {dag.py:3490} INFO - Setting next_dagrun for example_short_circuit_decorator to 2023-07-04T13:01:20.252550+00:00, run_after=2023-07-05T13:01:20.252550+00:00
[2023-07-05T13:01:20.304+0000] {processor.py:179} INFO - Processing /home/airflow/.local/lib/python3.7/site-packages/airflow/example_dags/example_short_circuit_decorator.py took 0.211 seconds
[2023-07-05T13:01:50.372+0000] {processor.py:157} INFO - Started process (PID=1382) to work on /home/airflow/.local/lib/python3.7/site-packages/airflow/example_dags/example_short_circuit_decorator.py
[2023-07-05T13:01:50.373+0000] {processor.py:826} INFO - Processing file /home/airflow/.local/lib/python3.7/site-packages/airflow/example_dags/example_short_circuit_decorator.py for tasks to queue
[2023-07-05T13:01:50.374+0000] {logging_mixin.py:149} INFO - [2023-07-05T13:01:50.374+0000] {dagbag.py:541} INFO - Filling up the DagBag from /home/airflow/.local/lib/python3.7/site-packages/airflow/example_dags/example_short_circuit_decorator.py
[2023-07-05T13:01:50.390+0000] {processor.py:836} INFO - DAG(s) dict_keys(['example_short_circuit_decorator']) retrieved from /home/airflow/.local/lib/python3.7/site-packages/airflow/example_dags/example_short_circuit_decorator.py
[2023-07-05T13:01:50.430+0000] {logging_mixin.py:149} INFO - [2023-07-05T13:01:50.429+0000] {dag.py:2726} INFO - Sync 1 DAGs
[2023-07-05T13:01:50.470+0000] {logging_mixin.py:149} INFO - [2023-07-05T13:01:50.470+0000] {dag.py:3490} INFO - Setting next_dagrun for example_short_circuit_decorator to 2023-07-04T13:01:50.469952+00:00, run_after=2023-07-05T13:01:50.469952+00:00
[2023-07-05T13:01:50.500+0000] {processor.py:179} INFO - Processing /home/airflow/.local/lib/python3.7/site-packages/airflow/example_dags/example_short_circuit_decorator.py took 0.131 seconds
[2023-07-05T13:02:20.639+0000] {processor.py:157} INFO - Started process (PID=1439) to work on /home/airflow/.local/lib/python3.7/site-packages/airflow/example_dags/example_short_circuit_decorator.py
[2023-07-05T13:02:20.641+0000] {processor.py:826} INFO - Processing file /home/airflow/.local/lib/python3.7/site-packages/airflow/example_dags/example_short_circuit_decorator.py for tasks to queue
[2023-07-05T13:02:20.641+0000] {logging_mixin.py:149} INFO - [2023-07-05T13:02:20.641+0000] {dagbag.py:541} INFO - Filling up the DagBag from /home/airflow/.local/lib/python3.7/site-packages/airflow/example_dags/example_short_circuit_decorator.py
[2023-07-05T13:02:20.652+0000] {processor.py:836} INFO - DAG(s) dict_keys(['example_short_circuit_decorator']) retrieved from /home/airflow/.local/lib/python3.7/site-packages/airflow/example_dags/example_short_circuit_decorator.py
[2023-07-05T13:02:20.693+0000] {logging_mixin.py:149} INFO - [2023-07-05T13:02:20.693+0000] {dag.py:2726} INFO - Sync 1 DAGs
[2023-07-05T13:02:20.732+0000] {logging_mixin.py:149} INFO - [2023-07-05T13:02:20.731+0000] {dag.py:3490} INFO - Setting next_dagrun for example_short_circuit_decorator to 2023-07-04T13:02:20.731606+00:00, run_after=2023-07-05T13:02:20.731606+00:00
[2023-07-05T13:02:20.763+0000] {processor.py:179} INFO - Processing /home/airflow/.local/lib/python3.7/site-packages/airflow/example_dags/example_short_circuit_decorator.py took 0.126 seconds
[2023-07-05T13:02:50.920+0000] {processor.py:157} INFO - Started process (PID=1496) to work on /home/airflow/.local/lib/python3.7/site-packages/airflow/example_dags/example_short_circuit_decorator.py
[2023-07-05T13:02:50.921+0000] {processor.py:826} INFO - Processing file /home/airflow/.local/lib/python3.7/site-packages/airflow/example_dags/example_short_circuit_decorator.py for tasks to queue
[2023-07-05T13:02:50.922+0000] {logging_mixin.py:149} INFO - [2023-07-05T13:02:50.922+0000] {dagbag.py:541} INFO - Filling up the DagBag from /home/airflow/.local/lib/python3.7/site-packages/airflow/example_dags/example_short_circuit_decorator.py
[2023-07-05T13:02:50.935+0000] {processor.py:836} INFO - DAG(s) dict_keys(['example_short_circuit_decorator']) retrieved from /home/airflow/.local/lib/python3.7/site-packages/airflow/example_dags/example_short_circuit_decorator.py
[2023-07-05T13:02:50.981+0000] {logging_mixin.py:149} INFO - [2023-07-05T13:02:50.981+0000] {dag.py:2726} INFO - Sync 1 DAGs
[2023-07-05T13:02:51.029+0000] {logging_mixin.py:149} INFO - [2023-07-05T13:02:51.029+0000] {dag.py:3490} INFO - Setting next_dagrun for example_short_circuit_decorator to 2023-07-04T13:02:51.029056+00:00, run_after=2023-07-05T13:02:51.029056+00:00
[2023-07-05T13:02:51.062+0000] {processor.py:179} INFO - Processing /home/airflow/.local/lib/python3.7/site-packages/airflow/example_dags/example_short_circuit_decorator.py took 0.148 seconds
[2023-07-05T13:03:21.293+0000] {processor.py:157} INFO - Started process (PID=1553) to work on /home/airflow/.local/lib/python3.7/site-packages/airflow/example_dags/example_short_circuit_decorator.py
[2023-07-05T13:03:21.295+0000] {processor.py:826} INFO - Processing file /home/airflow/.local/lib/python3.7/site-packages/airflow/example_dags/example_short_circuit_decorator.py for tasks to queue
[2023-07-05T13:03:21.296+0000] {logging_mixin.py:149} INFO - [2023-07-05T13:03:21.295+0000] {dagbag.py:541} INFO - Filling up the DagBag from /home/airflow/.local/lib/python3.7/site-packages/airflow/example_dags/example_short_circuit_decorator.py
[2023-07-05T13:03:21.309+0000] {processor.py:836} INFO - DAG(s) dict_keys(['example_short_circuit_decorator']) retrieved from /home/airflow/.local/lib/python3.7/site-packages/airflow/example_dags/example_short_circuit_decorator.py
[2023-07-05T13:03:21.349+0000] {logging_mixin.py:149} INFO - [2023-07-05T13:03:21.349+0000] {dag.py:2726} INFO - Sync 1 DAGs
[2023-07-05T13:03:21.383+0000] {logging_mixin.py:149} INFO - [2023-07-05T13:03:21.383+0000] {dag.py:3490} INFO - Setting next_dagrun for example_short_circuit_decorator to 2023-07-04T13:03:21.383173+00:00, run_after=2023-07-05T13:03:21.383173+00:00
[2023-07-05T13:03:21.407+0000] {processor.py:179} INFO - Processing /home/airflow/.local/lib/python3.7/site-packages/airflow/example_dags/example_short_circuit_decorator.py took 0.117 seconds
[2023-07-05T13:03:51.655+0000] {processor.py:157} INFO - Started process (PID=1610) to work on /home/airflow/.local/lib/python3.7/site-packages/airflow/example_dags/example_short_circuit_decorator.py
[2023-07-05T13:03:51.656+0000] {processor.py:826} INFO - Processing file /home/airflow/.local/lib/python3.7/site-packages/airflow/example_dags/example_short_circuit_decorator.py for tasks to queue
[2023-07-05T13:03:51.657+0000] {logging_mixin.py:149} INFO - [2023-07-05T13:03:51.656+0000] {dagbag.py:541} INFO - Filling up the DagBag from /home/airflow/.local/lib/python3.7/site-packages/airflow/example_dags/example_short_circuit_decorator.py
[2023-07-05T13:03:51.670+0000] {processor.py:836} INFO - DAG(s) dict_keys(['example_short_circuit_decorator']) retrieved from /home/airflow/.local/lib/python3.7/site-packages/airflow/example_dags/example_short_circuit_decorator.py
[2023-07-05T13:03:51.718+0000] {logging_mixin.py:149} INFO - [2023-07-05T13:03:51.717+0000] {dag.py:2726} INFO - Sync 1 DAGs
[2023-07-05T13:03:51.768+0000] {logging_mixin.py:149} INFO - [2023-07-05T13:03:51.768+0000] {dag.py:3490} INFO - Setting next_dagrun for example_short_circuit_decorator to 2023-07-04T13:03:51.767883+00:00, run_after=2023-07-05T13:03:51.767883+00:00
[2023-07-05T13:03:51.802+0000] {processor.py:179} INFO - Processing /home/airflow/.local/lib/python3.7/site-packages/airflow/example_dags/example_short_circuit_decorator.py took 0.151 seconds
[2023-07-05T13:04:22.118+0000] {processor.py:157} INFO - Started process (PID=1666) to work on /home/airflow/.local/lib/python3.7/site-packages/airflow/example_dags/example_short_circuit_decorator.py
[2023-07-05T13:04:22.120+0000] {processor.py:826} INFO - Processing file /home/airflow/.local/lib/python3.7/site-packages/airflow/example_dags/example_short_circuit_decorator.py for tasks to queue
[2023-07-05T13:04:22.120+0000] {logging_mixin.py:149} INFO - [2023-07-05T13:04:22.120+0000] {dagbag.py:541} INFO - Filling up the DagBag from /home/airflow/.local/lib/python3.7/site-packages/airflow/example_dags/example_short_circuit_decorator.py
[2023-07-05T13:04:22.134+0000] {processor.py:836} INFO - DAG(s) dict_keys(['example_short_circuit_decorator']) retrieved from /home/airflow/.local/lib/python3.7/site-packages/airflow/example_dags/example_short_circuit_decorator.py
[2023-07-05T13:04:22.170+0000] {logging_mixin.py:149} INFO - [2023-07-05T13:04:22.170+0000] {dag.py:2726} INFO - Sync 1 DAGs
[2023-07-05T13:04:22.207+0000] {logging_mixin.py:149} INFO - [2023-07-05T13:04:22.207+0000] {dag.py:3490} INFO - Setting next_dagrun for example_short_circuit_decorator to 2023-07-04T13:04:22.207305+00:00, run_after=2023-07-05T13:04:22.207305+00:00
[2023-07-05T13:04:22.237+0000] {processor.py:179} INFO - Processing /home/airflow/.local/lib/python3.7/site-packages/airflow/example_dags/example_short_circuit_decorator.py took 0.127 seconds
[2023-07-05T13:04:52.288+0000] {processor.py:157} INFO - Started process (PID=1723) to work on /home/airflow/.local/lib/python3.7/site-packages/airflow/example_dags/example_short_circuit_decorator.py
[2023-07-05T13:04:52.289+0000] {processor.py:826} INFO - Processing file /home/airflow/.local/lib/python3.7/site-packages/airflow/example_dags/example_short_circuit_decorator.py for tasks to queue
[2023-07-05T13:04:52.290+0000] {logging_mixin.py:149} INFO - [2023-07-05T13:04:52.290+0000] {dagbag.py:541} INFO - Filling up the DagBag from /home/airflow/.local/lib/python3.7/site-packages/airflow/example_dags/example_short_circuit_decorator.py
[2023-07-05T13:04:52.305+0000] {processor.py:836} INFO - DAG(s) dict_keys(['example_short_circuit_decorator']) retrieved from /home/airflow/.local/lib/python3.7/site-packages/airflow/example_dags/example_short_circuit_decorator.py
[2023-07-05T13:04:52.338+0000] {logging_mixin.py:149} INFO - [2023-07-05T13:04:52.338+0000] {dag.py:2726} INFO - Sync 1 DAGs
[2023-07-05T13:04:52.369+0000] {logging_mixin.py:149} INFO - [2023-07-05T13:04:52.369+0000] {dag.py:3490} INFO - Setting next_dagrun for example_short_circuit_decorator to 2023-07-04T13:04:52.369226+00:00, run_after=2023-07-05T13:04:52.369226+00:00
[2023-07-05T13:04:52.394+0000] {processor.py:179} INFO - Processing /home/airflow/.local/lib/python3.7/site-packages/airflow/example_dags/example_short_circuit_decorator.py took 0.110 seconds
[2023-07-05T13:05:22.566+0000] {processor.py:157} INFO - Started process (PID=1781) to work on /home/airflow/.local/lib/python3.7/site-packages/airflow/example_dags/example_short_circuit_decorator.py
[2023-07-05T13:05:22.568+0000] {processor.py:826} INFO - Processing file /home/airflow/.local/lib/python3.7/site-packages/airflow/example_dags/example_short_circuit_decorator.py for tasks to queue
[2023-07-05T13:05:22.569+0000] {logging_mixin.py:149} INFO - [2023-07-05T13:05:22.569+0000] {dagbag.py:541} INFO - Filling up the DagBag from /home/airflow/.local/lib/python3.7/site-packages/airflow/example_dags/example_short_circuit_decorator.py
[2023-07-05T13:05:22.582+0000] {processor.py:836} INFO - DAG(s) dict_keys(['example_short_circuit_decorator']) retrieved from /home/airflow/.local/lib/python3.7/site-packages/airflow/example_dags/example_short_circuit_decorator.py
[2023-07-05T13:05:22.621+0000] {logging_mixin.py:149} INFO - [2023-07-05T13:05:22.620+0000] {dag.py:2726} INFO - Sync 1 DAGs
[2023-07-05T13:05:22.660+0000] {logging_mixin.py:149} INFO - [2023-07-05T13:05:22.660+0000] {dag.py:3490} INFO - Setting next_dagrun for example_short_circuit_decorator to 2023-07-04T13:05:22.659786+00:00, run_after=2023-07-05T13:05:22.659786+00:00
[2023-07-05T13:05:22.694+0000] {processor.py:179} INFO - Processing /home/airflow/.local/lib/python3.7/site-packages/airflow/example_dags/example_short_circuit_decorator.py took 0.134 seconds
[2023-07-05T13:05:52.917+0000] {processor.py:157} INFO - Started process (PID=1838) to work on /home/airflow/.local/lib/python3.7/site-packages/airflow/example_dags/example_short_circuit_decorator.py
[2023-07-05T13:05:52.919+0000] {processor.py:826} INFO - Processing file /home/airflow/.local/lib/python3.7/site-packages/airflow/example_dags/example_short_circuit_decorator.py for tasks to queue
[2023-07-05T13:05:52.920+0000] {logging_mixin.py:149} INFO - [2023-07-05T13:05:52.920+0000] {dagbag.py:541} INFO - Filling up the DagBag from /home/airflow/.local/lib/python3.7/site-packages/airflow/example_dags/example_short_circuit_decorator.py
[2023-07-05T13:05:52.932+0000] {processor.py:836} INFO - DAG(s) dict_keys(['example_short_circuit_decorator']) retrieved from /home/airflow/.local/lib/python3.7/site-packages/airflow/example_dags/example_short_circuit_decorator.py
[2023-07-05T13:05:52.978+0000] {logging_mixin.py:149} INFO - [2023-07-05T13:05:52.978+0000] {dag.py:2726} INFO - Sync 1 DAGs
[2023-07-05T13:05:53.018+0000] {logging_mixin.py:149} INFO - [2023-07-05T13:05:53.018+0000] {dag.py:3490} INFO - Setting next_dagrun for example_short_circuit_decorator to 2023-07-04T13:05:53.017935+00:00, run_after=2023-07-05T13:05:53.017935+00:00
[2023-07-05T13:05:53.046+0000] {processor.py:179} INFO - Processing /home/airflow/.local/lib/python3.7/site-packages/airflow/example_dags/example_short_circuit_decorator.py took 0.133 seconds
[2023-07-05T13:06:23.476+0000] {processor.py:157} INFO - Started process (PID=1895) to work on /home/airflow/.local/lib/python3.7/site-packages/airflow/example_dags/example_short_circuit_decorator.py
[2023-07-05T13:06:23.477+0000] {processor.py:826} INFO - Processing file /home/airflow/.local/lib/python3.7/site-packages/airflow/example_dags/example_short_circuit_decorator.py for tasks to queue
[2023-07-05T13:06:23.478+0000] {logging_mixin.py:149} INFO - [2023-07-05T13:06:23.478+0000] {dagbag.py:541} INFO - Filling up the DagBag from /home/airflow/.local/lib/python3.7/site-packages/airflow/example_dags/example_short_circuit_decorator.py
[2023-07-05T13:06:23.489+0000] {processor.py:836} INFO - DAG(s) dict_keys(['example_short_circuit_decorator']) retrieved from /home/airflow/.local/lib/python3.7/site-packages/airflow/example_dags/example_short_circuit_decorator.py
[2023-07-05T13:06:23.528+0000] {logging_mixin.py:149} INFO - [2023-07-05T13:06:23.528+0000] {dag.py:2726} INFO - Sync 1 DAGs
[2023-07-05T13:06:23.560+0000] {logging_mixin.py:149} INFO - [2023-07-05T13:06:23.560+0000] {dag.py:3490} INFO - Setting next_dagrun for example_short_circuit_decorator to 2023-07-04T13:06:23.560124+00:00, run_after=2023-07-05T13:06:23.560124+00:00
[2023-07-05T13:06:24.024+0000] {processor.py:179} INFO - Processing /home/airflow/.local/lib/python3.7/site-packages/airflow/example_dags/example_short_circuit_decorator.py took 0.551 seconds
[2023-07-05T13:06:54.904+0000] {processor.py:157} INFO - Started process (PID=1952) to work on /home/airflow/.local/lib/python3.7/site-packages/airflow/example_dags/example_short_circuit_decorator.py
[2023-07-05T13:06:54.906+0000] {processor.py:826} INFO - Processing file /home/airflow/.local/lib/python3.7/site-packages/airflow/example_dags/example_short_circuit_decorator.py for tasks to queue
[2023-07-05T13:06:54.907+0000] {logging_mixin.py:149} INFO - [2023-07-05T13:06:54.907+0000] {dagbag.py:541} INFO - Filling up the DagBag from /home/airflow/.local/lib/python3.7/site-packages/airflow/example_dags/example_short_circuit_decorator.py
[2023-07-05T13:06:54.918+0000] {processor.py:836} INFO - DAG(s) dict_keys(['example_short_circuit_decorator']) retrieved from /home/airflow/.local/lib/python3.7/site-packages/airflow/example_dags/example_short_circuit_decorator.py
[2023-07-05T13:06:54.954+0000] {logging_mixin.py:149} INFO - [2023-07-05T13:06:54.954+0000] {dag.py:2726} INFO - Sync 1 DAGs
[2023-07-05T13:06:54.992+0000] {logging_mixin.py:149} INFO - [2023-07-05T13:06:54.992+0000] {dag.py:3490} INFO - Setting next_dagrun for example_short_circuit_decorator to 2023-07-04T13:06:54.991957+00:00, run_after=2023-07-05T13:06:54.991957+00:00
[2023-07-05T13:06:55.027+0000] {processor.py:179} INFO - Processing /home/airflow/.local/lib/python3.7/site-packages/airflow/example_dags/example_short_circuit_decorator.py took 0.125 seconds
[2023-07-05T13:07:25.157+0000] {processor.py:157} INFO - Started process (PID=2009) to work on /home/airflow/.local/lib/python3.7/site-packages/airflow/example_dags/example_short_circuit_decorator.py
[2023-07-05T13:07:25.159+0000] {processor.py:826} INFO - Processing file /home/airflow/.local/lib/python3.7/site-packages/airflow/example_dags/example_short_circuit_decorator.py for tasks to queue
[2023-07-05T13:07:25.160+0000] {logging_mixin.py:149} INFO - [2023-07-05T13:07:25.160+0000] {dagbag.py:541} INFO - Filling up the DagBag from /home/airflow/.local/lib/python3.7/site-packages/airflow/example_dags/example_short_circuit_decorator.py
[2023-07-05T13:07:25.177+0000] {processor.py:836} INFO - DAG(s) dict_keys(['example_short_circuit_decorator']) retrieved from /home/airflow/.local/lib/python3.7/site-packages/airflow/example_dags/example_short_circuit_decorator.py
[2023-07-05T13:07:25.220+0000] {logging_mixin.py:149} INFO - [2023-07-05T13:07:25.219+0000] {dag.py:2726} INFO - Sync 1 DAGs
[2023-07-05T13:07:25.257+0000] {logging_mixin.py:149} INFO - [2023-07-05T13:07:25.257+0000] {dag.py:3490} INFO - Setting next_dagrun for example_short_circuit_decorator to 2023-07-04T13:07:25.257251+00:00, run_after=2023-07-05T13:07:25.257251+00:00
[2023-07-05T13:07:25.291+0000] {processor.py:179} INFO - Processing /home/airflow/.local/lib/python3.7/site-packages/airflow/example_dags/example_short_circuit_decorator.py took 0.137 seconds
[2023-07-05T13:07:55.493+0000] {processor.py:157} INFO - Started process (PID=2065) to work on /home/airflow/.local/lib/python3.7/site-packages/airflow/example_dags/example_short_circuit_decorator.py
[2023-07-05T13:07:55.494+0000] {processor.py:826} INFO - Processing file /home/airflow/.local/lib/python3.7/site-packages/airflow/example_dags/example_short_circuit_decorator.py for tasks to queue
[2023-07-05T13:07:55.495+0000] {logging_mixin.py:149} INFO - [2023-07-05T13:07:55.495+0000] {dagbag.py:541} INFO - Filling up the DagBag from /home/airflow/.local/lib/python3.7/site-packages/airflow/example_dags/example_short_circuit_decorator.py
[2023-07-05T13:07:55.505+0000] {processor.py:836} INFO - DAG(s) dict_keys(['example_short_circuit_decorator']) retrieved from /home/airflow/.local/lib/python3.7/site-packages/airflow/example_dags/example_short_circuit_decorator.py
[2023-07-05T13:07:55.540+0000] {logging_mixin.py:149} INFO - [2023-07-05T13:07:55.540+0000] {dag.py:2726} INFO - Sync 1 DAGs
[2023-07-05T13:07:55.573+0000] {logging_mixin.py:149} INFO - [2023-07-05T13:07:55.573+0000] {dag.py:3490} INFO - Setting next_dagrun for example_short_circuit_decorator to 2023-07-04T13:07:55.573134+00:00, run_after=2023-07-05T13:07:55.573134+00:00
[2023-07-05T13:07:55.595+0000] {processor.py:179} INFO - Processing /home/airflow/.local/lib/python3.7/site-packages/airflow/example_dags/example_short_circuit_decorator.py took 0.105 seconds
[2023-07-05T13:08:25.670+0000] {processor.py:157} INFO - Started process (PID=2122) to work on /home/airflow/.local/lib/python3.7/site-packages/airflow/example_dags/example_short_circuit_decorator.py
[2023-07-05T13:08:25.672+0000] {processor.py:826} INFO - Processing file /home/airflow/.local/lib/python3.7/site-packages/airflow/example_dags/example_short_circuit_decorator.py for tasks to queue
[2023-07-05T13:08:25.673+0000] {logging_mixin.py:149} INFO - [2023-07-05T13:08:25.673+0000] {dagbag.py:541} INFO - Filling up the DagBag from /home/airflow/.local/lib/python3.7/site-packages/airflow/example_dags/example_short_circuit_decorator.py
[2023-07-05T13:08:25.687+0000] {processor.py:836} INFO - DAG(s) dict_keys(['example_short_circuit_decorator']) retrieved from /home/airflow/.local/lib/python3.7/site-packages/airflow/example_dags/example_short_circuit_decorator.py
[2023-07-05T13:08:25.730+0000] {logging_mixin.py:149} INFO - [2023-07-05T13:08:25.729+0000] {dag.py:2726} INFO - Sync 1 DAGs
[2023-07-05T13:08:25.788+0000] {logging_mixin.py:149} INFO - [2023-07-05T13:08:25.788+0000] {dag.py:3490} INFO - Setting next_dagrun for example_short_circuit_decorator to 2023-07-04T13:08:25.788175+00:00, run_after=2023-07-05T13:08:25.788175+00:00
[2023-07-05T13:08:25.820+0000] {processor.py:179} INFO - Processing /home/airflow/.local/lib/python3.7/site-packages/airflow/example_dags/example_short_circuit_decorator.py took 0.154 seconds
[2023-07-05T13:08:56.239+0000] {processor.py:157} INFO - Started process (PID=2179) to work on /home/airflow/.local/lib/python3.7/site-packages/airflow/example_dags/example_short_circuit_decorator.py
[2023-07-05T13:08:56.240+0000] {processor.py:826} INFO - Processing file /home/airflow/.local/lib/python3.7/site-packages/airflow/example_dags/example_short_circuit_decorator.py for tasks to queue
[2023-07-05T13:08:56.241+0000] {logging_mixin.py:149} INFO - [2023-07-05T13:08:56.240+0000] {dagbag.py:541} INFO - Filling up the DagBag from /home/airflow/.local/lib/python3.7/site-packages/airflow/example_dags/example_short_circuit_decorator.py
[2023-07-05T13:08:56.251+0000] {processor.py:836} INFO - DAG(s) dict_keys(['example_short_circuit_decorator']) retrieved from /home/airflow/.local/lib/python3.7/site-packages/airflow/example_dags/example_short_circuit_decorator.py
[2023-07-05T13:08:56.283+0000] {logging_mixin.py:149} INFO - [2023-07-05T13:08:56.282+0000] {dag.py:2726} INFO - Sync 1 DAGs
[2023-07-05T13:08:56.316+0000] {logging_mixin.py:149} INFO - [2023-07-05T13:08:56.315+0000] {dag.py:3490} INFO - Setting next_dagrun for example_short_circuit_decorator to 2023-07-04T13:08:56.315399+00:00, run_after=2023-07-05T13:08:56.315399+00:00
[2023-07-05T13:08:56.347+0000] {processor.py:179} INFO - Processing /home/airflow/.local/lib/python3.7/site-packages/airflow/example_dags/example_short_circuit_decorator.py took 0.112 seconds
[2023-07-05T13:09:26.874+0000] {processor.py:157} INFO - Started process (PID=2236) to work on /home/airflow/.local/lib/python3.7/site-packages/airflow/example_dags/example_short_circuit_decorator.py
[2023-07-05T13:09:26.876+0000] {processor.py:826} INFO - Processing file /home/airflow/.local/lib/python3.7/site-packages/airflow/example_dags/example_short_circuit_decorator.py for tasks to queue
[2023-07-05T13:09:26.877+0000] {logging_mixin.py:149} INFO - [2023-07-05T13:09:26.876+0000] {dagbag.py:541} INFO - Filling up the DagBag from /home/airflow/.local/lib/python3.7/site-packages/airflow/example_dags/example_short_circuit_decorator.py
[2023-07-05T13:09:26.892+0000] {processor.py:836} INFO - DAG(s) dict_keys(['example_short_circuit_decorator']) retrieved from /home/airflow/.local/lib/python3.7/site-packages/airflow/example_dags/example_short_circuit_decorator.py
[2023-07-05T13:09:26.931+0000] {logging_mixin.py:149} INFO - [2023-07-05T13:09:26.930+0000] {dag.py:2726} INFO - Sync 1 DAGs
[2023-07-05T13:09:26.969+0000] {logging_mixin.py:149} INFO - [2023-07-05T13:09:26.969+0000] {dag.py:3490} INFO - Setting next_dagrun for example_short_circuit_decorator to 2023-07-04T13:09:26.969288+00:00, run_after=2023-07-05T13:09:26.969288+00:00
[2023-07-05T13:09:27.002+0000] {processor.py:179} INFO - Processing /home/airflow/.local/lib/python3.7/site-packages/airflow/example_dags/example_short_circuit_decorator.py took 0.131 seconds
[2023-07-05T13:09:57.270+0000] {processor.py:157} INFO - Started process (PID=2293) to work on /home/airflow/.local/lib/python3.7/site-packages/airflow/example_dags/example_short_circuit_decorator.py
[2023-07-05T13:09:57.271+0000] {processor.py:826} INFO - Processing file /home/airflow/.local/lib/python3.7/site-packages/airflow/example_dags/example_short_circuit_decorator.py for tasks to queue
[2023-07-05T13:09:57.272+0000] {logging_mixin.py:149} INFO - [2023-07-05T13:09:57.272+0000] {dagbag.py:541} INFO - Filling up the DagBag from /home/airflow/.local/lib/python3.7/site-packages/airflow/example_dags/example_short_circuit_decorator.py
[2023-07-05T13:09:57.285+0000] {processor.py:836} INFO - DAG(s) dict_keys(['example_short_circuit_decorator']) retrieved from /home/airflow/.local/lib/python3.7/site-packages/airflow/example_dags/example_short_circuit_decorator.py
[2023-07-05T13:09:57.326+0000] {logging_mixin.py:149} INFO - [2023-07-05T13:09:57.326+0000] {dag.py:2726} INFO - Sync 1 DAGs
[2023-07-05T13:09:57.367+0000] {logging_mixin.py:149} INFO - [2023-07-05T13:09:57.367+0000] {dag.py:3490} INFO - Setting next_dagrun for example_short_circuit_decorator to 2023-07-04T13:09:57.367181+00:00, run_after=2023-07-05T13:09:57.367181+00:00
[2023-07-05T13:09:57.400+0000] {processor.py:179} INFO - Processing /home/airflow/.local/lib/python3.7/site-packages/airflow/example_dags/example_short_circuit_decorator.py took 0.134 seconds
[2023-07-05T13:10:27.601+0000] {processor.py:157} INFO - Started process (PID=2350) to work on /home/airflow/.local/lib/python3.7/site-packages/airflow/example_dags/example_short_circuit_decorator.py
[2023-07-05T13:10:27.603+0000] {processor.py:826} INFO - Processing file /home/airflow/.local/lib/python3.7/site-packages/airflow/example_dags/example_short_circuit_decorator.py for tasks to queue
[2023-07-05T13:10:27.604+0000] {logging_mixin.py:149} INFO - [2023-07-05T13:10:27.604+0000] {dagbag.py:541} INFO - Filling up the DagBag from /home/airflow/.local/lib/python3.7/site-packages/airflow/example_dags/example_short_circuit_decorator.py
[2023-07-05T13:10:27.620+0000] {processor.py:836} INFO - DAG(s) dict_keys(['example_short_circuit_decorator']) retrieved from /home/airflow/.local/lib/python3.7/site-packages/airflow/example_dags/example_short_circuit_decorator.py
[2023-07-05T13:10:27.676+0000] {logging_mixin.py:149} INFO - [2023-07-05T13:10:27.675+0000] {dag.py:2726} INFO - Sync 1 DAGs
[2023-07-05T13:10:27.730+0000] {logging_mixin.py:149} INFO - [2023-07-05T13:10:27.729+0000] {dag.py:3490} INFO - Setting next_dagrun for example_short_circuit_decorator to 2023-07-04T13:10:27.729572+00:00, run_after=2023-07-05T13:10:27.729572+00:00
[2023-07-05T13:10:27.765+0000] {processor.py:179} INFO - Processing /home/airflow/.local/lib/python3.7/site-packages/airflow/example_dags/example_short_circuit_decorator.py took 0.168 seconds
[2023-07-05T13:10:57.930+0000] {processor.py:157} INFO - Started process (PID=2407) to work on /home/airflow/.local/lib/python3.7/site-packages/airflow/example_dags/example_short_circuit_decorator.py
[2023-07-05T13:10:57.931+0000] {processor.py:826} INFO - Processing file /home/airflow/.local/lib/python3.7/site-packages/airflow/example_dags/example_short_circuit_decorator.py for tasks to queue
[2023-07-05T13:10:57.932+0000] {logging_mixin.py:149} INFO - [2023-07-05T13:10:57.932+0000] {dagbag.py:541} INFO - Filling up the DagBag from /home/airflow/.local/lib/python3.7/site-packages/airflow/example_dags/example_short_circuit_decorator.py
[2023-07-05T13:10:57.943+0000] {processor.py:836} INFO - DAG(s) dict_keys(['example_short_circuit_decorator']) retrieved from /home/airflow/.local/lib/python3.7/site-packages/airflow/example_dags/example_short_circuit_decorator.py
[2023-07-05T13:10:57.991+0000] {logging_mixin.py:149} INFO - [2023-07-05T13:10:57.991+0000] {dag.py:2726} INFO - Sync 1 DAGs
[2023-07-05T13:10:58.036+0000] {logging_mixin.py:149} INFO - [2023-07-05T13:10:58.036+0000] {dag.py:3490} INFO - Setting next_dagrun for example_short_circuit_decorator to 2023-07-04T13:10:58.036148+00:00, run_after=2023-07-05T13:10:58.036148+00:00
[2023-07-05T13:10:58.080+0000] {processor.py:179} INFO - Processing /home/airflow/.local/lib/python3.7/site-packages/airflow/example_dags/example_short_circuit_decorator.py took 0.153 seconds
[2023-07-05T13:11:28.355+0000] {processor.py:157} INFO - Started process (PID=2464) to work on /home/airflow/.local/lib/python3.7/site-packages/airflow/example_dags/example_short_circuit_decorator.py
[2023-07-05T13:11:28.357+0000] {processor.py:826} INFO - Processing file /home/airflow/.local/lib/python3.7/site-packages/airflow/example_dags/example_short_circuit_decorator.py for tasks to queue
[2023-07-05T13:11:28.358+0000] {logging_mixin.py:149} INFO - [2023-07-05T13:11:28.358+0000] {dagbag.py:541} INFO - Filling up the DagBag from /home/airflow/.local/lib/python3.7/site-packages/airflow/example_dags/example_short_circuit_decorator.py
[2023-07-05T13:11:28.373+0000] {processor.py:836} INFO - DAG(s) dict_keys(['example_short_circuit_decorator']) retrieved from /home/airflow/.local/lib/python3.7/site-packages/airflow/example_dags/example_short_circuit_decorator.py
[2023-07-05T13:11:28.410+0000] {logging_mixin.py:149} INFO - [2023-07-05T13:11:28.409+0000] {dag.py:2726} INFO - Sync 1 DAGs
[2023-07-05T13:11:28.444+0000] {logging_mixin.py:149} INFO - [2023-07-05T13:11:28.444+0000] {dag.py:3490} INFO - Setting next_dagrun for example_short_circuit_decorator to 2023-07-04T13:11:28.444348+00:00, run_after=2023-07-05T13:11:28.444348+00:00
[2023-07-05T13:11:28.486+0000] {processor.py:179} INFO - Processing /home/airflow/.local/lib/python3.7/site-packages/airflow/example_dags/example_short_circuit_decorator.py took 0.134 seconds
[2023-07-05T13:11:58.822+0000] {processor.py:157} INFO - Started process (PID=2521) to work on /home/airflow/.local/lib/python3.7/site-packages/airflow/example_dags/example_short_circuit_decorator.py
[2023-07-05T13:11:58.823+0000] {processor.py:826} INFO - Processing file /home/airflow/.local/lib/python3.7/site-packages/airflow/example_dags/example_short_circuit_decorator.py for tasks to queue
[2023-07-05T13:11:58.824+0000] {logging_mixin.py:149} INFO - [2023-07-05T13:11:58.824+0000] {dagbag.py:541} INFO - Filling up the DagBag from /home/airflow/.local/lib/python3.7/site-packages/airflow/example_dags/example_short_circuit_decorator.py
[2023-07-05T13:11:58.838+0000] {processor.py:836} INFO - DAG(s) dict_keys(['example_short_circuit_decorator']) retrieved from /home/airflow/.local/lib/python3.7/site-packages/airflow/example_dags/example_short_circuit_decorator.py
[2023-07-05T13:11:58.873+0000] {logging_mixin.py:149} INFO - [2023-07-05T13:11:58.873+0000] {dag.py:2726} INFO - Sync 1 DAGs
[2023-07-05T13:11:58.907+0000] {logging_mixin.py:149} INFO - [2023-07-05T13:11:58.906+0000] {dag.py:3490} INFO - Setting next_dagrun for example_short_circuit_decorator to 2023-07-04T13:11:58.906675+00:00, run_after=2023-07-05T13:11:58.906675+00:00
[2023-07-05T13:11:58.934+0000] {processor.py:179} INFO - Processing /home/airflow/.local/lib/python3.7/site-packages/airflow/example_dags/example_short_circuit_decorator.py took 0.116 seconds
[2023-07-05T13:12:29.510+0000] {processor.py:157} INFO - Started process (PID=2578) to work on /home/airflow/.local/lib/python3.7/site-packages/airflow/example_dags/example_short_circuit_decorator.py
[2023-07-05T13:12:29.517+0000] {processor.py:826} INFO - Processing file /home/airflow/.local/lib/python3.7/site-packages/airflow/example_dags/example_short_circuit_decorator.py for tasks to queue
[2023-07-05T13:12:29.518+0000] {logging_mixin.py:149} INFO - [2023-07-05T13:12:29.518+0000] {dagbag.py:541} INFO - Filling up the DagBag from /home/airflow/.local/lib/python3.7/site-packages/airflow/example_dags/example_short_circuit_decorator.py
[2023-07-05T13:12:29.533+0000] {processor.py:836} INFO - DAG(s) dict_keys(['example_short_circuit_decorator']) retrieved from /home/airflow/.local/lib/python3.7/site-packages/airflow/example_dags/example_short_circuit_decorator.py
[2023-07-05T13:12:29.576+0000] {logging_mixin.py:149} INFO - [2023-07-05T13:12:29.575+0000] {dag.py:2726} INFO - Sync 1 DAGs
[2023-07-05T13:12:29.624+0000] {logging_mixin.py:149} INFO - [2023-07-05T13:12:29.624+0000] {dag.py:3490} INFO - Setting next_dagrun for example_short_circuit_decorator to 2023-07-04T13:12:29.624355+00:00, run_after=2023-07-05T13:12:29.624355+00:00
[2023-07-05T13:12:29.658+0000] {processor.py:179} INFO - Processing /home/airflow/.local/lib/python3.7/site-packages/airflow/example_dags/example_short_circuit_decorator.py took 0.152 seconds
[2023-07-05T13:12:59.873+0000] {processor.py:157} INFO - Started process (PID=2635) to work on /home/airflow/.local/lib/python3.7/site-packages/airflow/example_dags/example_short_circuit_decorator.py
[2023-07-05T13:12:59.875+0000] {processor.py:826} INFO - Processing file /home/airflow/.local/lib/python3.7/site-packages/airflow/example_dags/example_short_circuit_decorator.py for tasks to queue
[2023-07-05T13:12:59.877+0000] {logging_mixin.py:149} INFO - [2023-07-05T13:12:59.876+0000] {dagbag.py:541} INFO - Filling up the DagBag from /home/airflow/.local/lib/python3.7/site-packages/airflow/example_dags/example_short_circuit_decorator.py
[2023-07-05T13:12:59.892+0000] {processor.py:836} INFO - DAG(s) dict_keys(['example_short_circuit_decorator']) retrieved from /home/airflow/.local/lib/python3.7/site-packages/airflow/example_dags/example_short_circuit_decorator.py
[2023-07-05T13:12:59.938+0000] {logging_mixin.py:149} INFO - [2023-07-05T13:12:59.938+0000] {dag.py:2726} INFO - Sync 1 DAGs
[2023-07-05T13:12:59.980+0000] {logging_mixin.py:149} INFO - [2023-07-05T13:12:59.979+0000] {dag.py:3490} INFO - Setting next_dagrun for example_short_circuit_decorator to 2023-07-04T13:12:59.979607+00:00, run_after=2023-07-05T13:12:59.979607+00:00
[2023-07-05T13:13:00.015+0000] {processor.py:179} INFO - Processing /home/airflow/.local/lib/python3.7/site-packages/airflow/example_dags/example_short_circuit_decorator.py took 0.146 seconds
[2023-07-05T13:13:30.139+0000] {processor.py:157} INFO - Started process (PID=2692) to work on /home/airflow/.local/lib/python3.7/site-packages/airflow/example_dags/example_short_circuit_decorator.py
[2023-07-05T13:13:30.140+0000] {processor.py:826} INFO - Processing file /home/airflow/.local/lib/python3.7/site-packages/airflow/example_dags/example_short_circuit_decorator.py for tasks to queue
[2023-07-05T13:13:30.141+0000] {logging_mixin.py:149} INFO - [2023-07-05T13:13:30.141+0000] {dagbag.py:541} INFO - Filling up the DagBag from /home/airflow/.local/lib/python3.7/site-packages/airflow/example_dags/example_short_circuit_decorator.py
[2023-07-05T13:13:30.157+0000] {processor.py:836} INFO - DAG(s) dict_keys(['example_short_circuit_decorator']) retrieved from /home/airflow/.local/lib/python3.7/site-packages/airflow/example_dags/example_short_circuit_decorator.py
[2023-07-05T13:13:30.200+0000] {logging_mixin.py:149} INFO - [2023-07-05T13:13:30.200+0000] {dag.py:2726} INFO - Sync 1 DAGs
[2023-07-05T13:13:30.250+0000] {logging_mixin.py:149} INFO - [2023-07-05T13:13:30.249+0000] {dag.py:3490} INFO - Setting next_dagrun for example_short_circuit_decorator to 2023-07-04T13:13:30.249525+00:00, run_after=2023-07-05T13:13:30.249525+00:00
[2023-07-05T13:13:30.289+0000] {processor.py:179} INFO - Processing /home/airflow/.local/lib/python3.7/site-packages/airflow/example_dags/example_short_circuit_decorator.py took 0.155 seconds
[2023-07-05T13:14:00.354+0000] {processor.py:157} INFO - Started process (PID=2750) to work on /home/airflow/.local/lib/python3.7/site-packages/airflow/example_dags/example_short_circuit_decorator.py
[2023-07-05T13:14:00.355+0000] {processor.py:826} INFO - Processing file /home/airflow/.local/lib/python3.7/site-packages/airflow/example_dags/example_short_circuit_decorator.py for tasks to queue
[2023-07-05T13:14:00.356+0000] {logging_mixin.py:149} INFO - [2023-07-05T13:14:00.356+0000] {dagbag.py:541} INFO - Filling up the DagBag from /home/airflow/.local/lib/python3.7/site-packages/airflow/example_dags/example_short_circuit_decorator.py
[2023-07-05T13:14:00.368+0000] {processor.py:836} INFO - DAG(s) dict_keys(['example_short_circuit_decorator']) retrieved from /home/airflow/.local/lib/python3.7/site-packages/airflow/example_dags/example_short_circuit_decorator.py
[2023-07-05T13:14:00.402+0000] {logging_mixin.py:149} INFO - [2023-07-05T13:14:00.402+0000] {dag.py:2726} INFO - Sync 1 DAGs
[2023-07-05T13:14:00.447+0000] {logging_mixin.py:149} INFO - [2023-07-05T13:14:00.447+0000] {dag.py:3490} INFO - Setting next_dagrun for example_short_circuit_decorator to 2023-07-04T13:14:00.447286+00:00, run_after=2023-07-05T13:14:00.447286+00:00
[2023-07-05T13:14:00.485+0000] {processor.py:179} INFO - Processing /home/airflow/.local/lib/python3.7/site-packages/airflow/example_dags/example_short_circuit_decorator.py took 0.136 seconds
[2023-07-05T13:14:30.826+0000] {processor.py:157} INFO - Started process (PID=2807) to work on /home/airflow/.local/lib/python3.7/site-packages/airflow/example_dags/example_short_circuit_decorator.py
[2023-07-05T13:14:30.828+0000] {processor.py:826} INFO - Processing file /home/airflow/.local/lib/python3.7/site-packages/airflow/example_dags/example_short_circuit_decorator.py for tasks to queue
[2023-07-05T13:14:30.829+0000] {logging_mixin.py:149} INFO - [2023-07-05T13:14:30.829+0000] {dagbag.py:541} INFO - Filling up the DagBag from /home/airflow/.local/lib/python3.7/site-packages/airflow/example_dags/example_short_circuit_decorator.py
[2023-07-05T13:14:30.841+0000] {processor.py:836} INFO - DAG(s) dict_keys(['example_short_circuit_decorator']) retrieved from /home/airflow/.local/lib/python3.7/site-packages/airflow/example_dags/example_short_circuit_decorator.py
[2023-07-05T13:14:30.881+0000] {logging_mixin.py:149} INFO - [2023-07-05T13:14:30.880+0000] {dag.py:2726} INFO - Sync 1 DAGs
[2023-07-05T13:14:30.917+0000] {logging_mixin.py:149} INFO - [2023-07-05T13:14:30.917+0000] {dag.py:3490} INFO - Setting next_dagrun for example_short_circuit_decorator to 2023-07-04T13:14:30.917049+00:00, run_after=2023-07-05T13:14:30.917049+00:00
[2023-07-05T13:14:30.941+0000] {processor.py:179} INFO - Processing /home/airflow/.local/lib/python3.7/site-packages/airflow/example_dags/example_short_circuit_decorator.py took 0.117 seconds
[2023-07-05T13:15:01.105+0000] {processor.py:157} INFO - Started process (PID=2863) to work on /home/airflow/.local/lib/python3.7/site-packages/airflow/example_dags/example_short_circuit_decorator.py
[2023-07-05T13:15:01.110+0000] {processor.py:826} INFO - Processing file /home/airflow/.local/lib/python3.7/site-packages/airflow/example_dags/example_short_circuit_decorator.py for tasks to queue
[2023-07-05T13:15:01.112+0000] {logging_mixin.py:149} INFO - [2023-07-05T13:15:01.112+0000] {dagbag.py:541} INFO - Filling up the DagBag from /home/airflow/.local/lib/python3.7/site-packages/airflow/example_dags/example_short_circuit_decorator.py
[2023-07-05T13:15:01.129+0000] {processor.py:836} INFO - DAG(s) dict_keys(['example_short_circuit_decorator']) retrieved from /home/airflow/.local/lib/python3.7/site-packages/airflow/example_dags/example_short_circuit_decorator.py
[2023-07-05T13:15:01.172+0000] {logging_mixin.py:149} INFO - [2023-07-05T13:15:01.172+0000] {dag.py:2726} INFO - Sync 1 DAGs
[2023-07-05T13:15:01.213+0000] {logging_mixin.py:149} INFO - [2023-07-05T13:15:01.213+0000] {dag.py:3490} INFO - Setting next_dagrun for example_short_circuit_decorator to 2023-07-04T13:15:01.212967+00:00, run_after=2023-07-05T13:15:01.212967+00:00
[2023-07-05T13:15:01.245+0000] {processor.py:179} INFO - Processing /home/airflow/.local/lib/python3.7/site-packages/airflow/example_dags/example_short_circuit_decorator.py took 0.145 seconds
[2023-07-05T13:15:31.512+0000] {processor.py:157} INFO - Started process (PID=2920) to work on /home/airflow/.local/lib/python3.7/site-packages/airflow/example_dags/example_short_circuit_decorator.py
[2023-07-05T13:15:31.513+0000] {processor.py:826} INFO - Processing file /home/airflow/.local/lib/python3.7/site-packages/airflow/example_dags/example_short_circuit_decorator.py for tasks to queue
[2023-07-05T13:15:31.514+0000] {logging_mixin.py:149} INFO - [2023-07-05T13:15:31.514+0000] {dagbag.py:541} INFO - Filling up the DagBag from /home/airflow/.local/lib/python3.7/site-packages/airflow/example_dags/example_short_circuit_decorator.py
[2023-07-05T13:15:31.529+0000] {processor.py:836} INFO - DAG(s) dict_keys(['example_short_circuit_decorator']) retrieved from /home/airflow/.local/lib/python3.7/site-packages/airflow/example_dags/example_short_circuit_decorator.py
[2023-07-05T13:15:31.565+0000] {logging_mixin.py:149} INFO - [2023-07-05T13:15:31.565+0000] {dag.py:2726} INFO - Sync 1 DAGs
[2023-07-05T13:15:31.598+0000] {logging_mixin.py:149} INFO - [2023-07-05T13:15:31.598+0000] {dag.py:3490} INFO - Setting next_dagrun for example_short_circuit_decorator to 2023-07-04T13:15:31.597743+00:00, run_after=2023-07-05T13:15:31.597743+00:00
[2023-07-05T13:15:31.625+0000] {processor.py:179} INFO - Processing /home/airflow/.local/lib/python3.7/site-packages/airflow/example_dags/example_short_circuit_decorator.py took 0.118 seconds
[2023-07-05T13:16:01.837+0000] {processor.py:157} INFO - Started process (PID=2977) to work on /home/airflow/.local/lib/python3.7/site-packages/airflow/example_dags/example_short_circuit_decorator.py
[2023-07-05T13:16:01.839+0000] {processor.py:826} INFO - Processing file /home/airflow/.local/lib/python3.7/site-packages/airflow/example_dags/example_short_circuit_decorator.py for tasks to queue
[2023-07-05T13:16:01.841+0000] {logging_mixin.py:149} INFO - [2023-07-05T13:16:01.840+0000] {dagbag.py:541} INFO - Filling up the DagBag from /home/airflow/.local/lib/python3.7/site-packages/airflow/example_dags/example_short_circuit_decorator.py
[2023-07-05T13:16:01.856+0000] {processor.py:836} INFO - DAG(s) dict_keys(['example_short_circuit_decorator']) retrieved from /home/airflow/.local/lib/python3.7/site-packages/airflow/example_dags/example_short_circuit_decorator.py
[2023-07-05T13:16:01.905+0000] {logging_mixin.py:149} INFO - [2023-07-05T13:16:01.904+0000] {dag.py:2726} INFO - Sync 1 DAGs
[2023-07-05T13:16:01.949+0000] {logging_mixin.py:149} INFO - [2023-07-05T13:16:01.949+0000] {dag.py:3490} INFO - Setting next_dagrun for example_short_circuit_decorator to 2023-07-04T13:16:01.949160+00:00, run_after=2023-07-05T13:16:01.949160+00:00
[2023-07-05T13:16:01.995+0000] {processor.py:179} INFO - Processing /home/airflow/.local/lib/python3.7/site-packages/airflow/example_dags/example_short_circuit_decorator.py took 0.162 seconds
[2023-07-05T13:16:32.218+0000] {processor.py:157} INFO - Started process (PID=3034) to work on /home/airflow/.local/lib/python3.7/site-packages/airflow/example_dags/example_short_circuit_decorator.py
[2023-07-05T13:16:32.218+0000] {processor.py:826} INFO - Processing file /home/airflow/.local/lib/python3.7/site-packages/airflow/example_dags/example_short_circuit_decorator.py for tasks to queue
[2023-07-05T13:16:32.219+0000] {logging_mixin.py:149} INFO - [2023-07-05T13:16:32.219+0000] {dagbag.py:541} INFO - Filling up the DagBag from /home/airflow/.local/lib/python3.7/site-packages/airflow/example_dags/example_short_circuit_decorator.py
[2023-07-05T13:16:32.230+0000] {processor.py:836} INFO - DAG(s) dict_keys(['example_short_circuit_decorator']) retrieved from /home/airflow/.local/lib/python3.7/site-packages/airflow/example_dags/example_short_circuit_decorator.py
[2023-07-05T13:16:32.265+0000] {logging_mixin.py:149} INFO - [2023-07-05T13:16:32.265+0000] {dag.py:2726} INFO - Sync 1 DAGs
[2023-07-05T13:16:32.300+0000] {logging_mixin.py:149} INFO - [2023-07-05T13:16:32.300+0000] {dag.py:3490} INFO - Setting next_dagrun for example_short_circuit_decorator to 2023-07-04T13:16:32.300325+00:00, run_after=2023-07-05T13:16:32.300325+00:00
[2023-07-05T13:16:32.325+0000] {processor.py:179} INFO - Processing /home/airflow/.local/lib/python3.7/site-packages/airflow/example_dags/example_short_circuit_decorator.py took 0.111 seconds
[2023-07-05T13:17:02.965+0000] {processor.py:157} INFO - Started process (PID=3090) to work on /home/airflow/.local/lib/python3.7/site-packages/airflow/example_dags/example_short_circuit_decorator.py
[2023-07-05T13:17:02.971+0000] {processor.py:826} INFO - Processing file /home/airflow/.local/lib/python3.7/site-packages/airflow/example_dags/example_short_circuit_decorator.py for tasks to queue
[2023-07-05T13:17:02.973+0000] {logging_mixin.py:149} INFO - [2023-07-05T13:17:02.972+0000] {dagbag.py:541} INFO - Filling up the DagBag from /home/airflow/.local/lib/python3.7/site-packages/airflow/example_dags/example_short_circuit_decorator.py
[2023-07-05T13:17:02.992+0000] {processor.py:836} INFO - DAG(s) dict_keys(['example_short_circuit_decorator']) retrieved from /home/airflow/.local/lib/python3.7/site-packages/airflow/example_dags/example_short_circuit_decorator.py
[2023-07-05T13:17:03.042+0000] {logging_mixin.py:149} INFO - [2023-07-05T13:17:03.042+0000] {dag.py:2726} INFO - Sync 1 DAGs
[2023-07-05T13:17:03.083+0000] {logging_mixin.py:149} INFO - [2023-07-05T13:17:03.083+0000] {dag.py:3490} INFO - Setting next_dagrun for example_short_circuit_decorator to 2023-07-04T13:17:03.082942+00:00, run_after=2023-07-05T13:17:03.082942+00:00
[2023-07-05T13:17:03.116+0000] {processor.py:179} INFO - Processing /home/airflow/.local/lib/python3.7/site-packages/airflow/example_dags/example_short_circuit_decorator.py took 0.161 seconds
[2023-07-05T13:17:33.324+0000] {processor.py:157} INFO - Started process (PID=3147) to work on /home/airflow/.local/lib/python3.7/site-packages/airflow/example_dags/example_short_circuit_decorator.py
[2023-07-05T13:17:33.325+0000] {processor.py:826} INFO - Processing file /home/airflow/.local/lib/python3.7/site-packages/airflow/example_dags/example_short_circuit_decorator.py for tasks to queue
[2023-07-05T13:17:33.326+0000] {logging_mixin.py:149} INFO - [2023-07-05T13:17:33.326+0000] {dagbag.py:541} INFO - Filling up the DagBag from /home/airflow/.local/lib/python3.7/site-packages/airflow/example_dags/example_short_circuit_decorator.py
[2023-07-05T13:17:33.338+0000] {processor.py:836} INFO - DAG(s) dict_keys(['example_short_circuit_decorator']) retrieved from /home/airflow/.local/lib/python3.7/site-packages/airflow/example_dags/example_short_circuit_decorator.py
[2023-07-05T13:17:33.376+0000] {logging_mixin.py:149} INFO - [2023-07-05T13:17:33.376+0000] {dag.py:2726} INFO - Sync 1 DAGs
[2023-07-05T13:17:33.415+0000] {logging_mixin.py:149} INFO - [2023-07-05T13:17:33.415+0000] {dag.py:3490} INFO - Setting next_dagrun for example_short_circuit_decorator to 2023-07-04T13:17:33.415135+00:00, run_after=2023-07-05T13:17:33.415135+00:00
[2023-07-05T13:17:33.442+0000] {processor.py:179} INFO - Processing /home/airflow/.local/lib/python3.7/site-packages/airflow/example_dags/example_short_circuit_decorator.py took 0.122 seconds
[2023-07-05T13:18:03.578+0000] {processor.py:157} INFO - Started process (PID=3204) to work on /home/airflow/.local/lib/python3.7/site-packages/airflow/example_dags/example_short_circuit_decorator.py
[2023-07-05T13:18:03.581+0000] {processor.py:826} INFO - Processing file /home/airflow/.local/lib/python3.7/site-packages/airflow/example_dags/example_short_circuit_decorator.py for tasks to queue
[2023-07-05T13:18:03.582+0000] {logging_mixin.py:149} INFO - [2023-07-05T13:18:03.582+0000] {dagbag.py:541} INFO - Filling up the DagBag from /home/airflow/.local/lib/python3.7/site-packages/airflow/example_dags/example_short_circuit_decorator.py
[2023-07-05T13:18:03.594+0000] {processor.py:836} INFO - DAG(s) dict_keys(['example_short_circuit_decorator']) retrieved from /home/airflow/.local/lib/python3.7/site-packages/airflow/example_dags/example_short_circuit_decorator.py
[2023-07-05T13:18:03.630+0000] {logging_mixin.py:149} INFO - [2023-07-05T13:18:03.630+0000] {dag.py:2726} INFO - Sync 1 DAGs
[2023-07-05T13:18:03.667+0000] {logging_mixin.py:149} INFO - [2023-07-05T13:18:03.667+0000] {dag.py:3490} INFO - Setting next_dagrun for example_short_circuit_decorator to 2023-07-04T13:18:03.667113+00:00, run_after=2023-07-05T13:18:03.667113+00:00
[2023-07-05T13:18:03.700+0000] {processor.py:179} INFO - Processing /home/airflow/.local/lib/python3.7/site-packages/airflow/example_dags/example_short_circuit_decorator.py took 0.128 seconds
