[2023-07-05T12:50:02.332+0000] {processor.py:157} INFO - Started process (PID=74) to work on /home/airflow/.local/lib/python3.7/site-packages/airflow/example_dags/example_params_trigger_ui.py
[2023-07-05T12:50:02.357+0000] {processor.py:826} INFO - Processing file /home/airflow/.local/lib/python3.7/site-packages/airflow/example_dags/example_params_trigger_ui.py for tasks to queue
[2023-07-05T12:50:02.362+0000] {logging_mixin.py:149} INFO - [2023-07-05T12:50:02.361+0000] {dagbag.py:541} INFO - Filling up the DagBag from /home/airflow/.local/lib/python3.7/site-packages/airflow/example_dags/example_params_trigger_ui.py
[2023-07-05T12:50:02.665+0000] {processor.py:836} INFO - DAG(s) dict_keys(['example_params_trigger_ui']) retrieved from /home/airflow/.local/lib/python3.7/site-packages/airflow/example_dags/example_params_trigger_ui.py
[2023-07-05T12:50:02.873+0000] {logging_mixin.py:149} INFO - [2023-07-05T12:50:02.872+0000] {dag.py:2726} INFO - Sync 1 DAGs
[2023-07-05T12:50:03.004+0000] {logging_mixin.py:149} INFO - [2023-07-05T12:50:03.003+0000] {dag.py:3490} INFO - Setting next_dagrun for example_params_trigger_ui to None, run_after=None
[2023-07-05T12:50:03.054+0000] {processor.py:179} INFO - Processing /home/airflow/.local/lib/python3.7/site-packages/airflow/example_dags/example_params_trigger_ui.py took 0.790 seconds
[2023-07-05T12:50:34.149+0000] {processor.py:157} INFO - Started process (PID=131) to work on /home/airflow/.local/lib/python3.7/site-packages/airflow/example_dags/example_params_trigger_ui.py
[2023-07-05T12:50:34.150+0000] {processor.py:826} INFO - Processing file /home/airflow/.local/lib/python3.7/site-packages/airflow/example_dags/example_params_trigger_ui.py for tasks to queue
[2023-07-05T12:50:34.151+0000] {logging_mixin.py:149} INFO - [2023-07-05T12:50:34.151+0000] {dagbag.py:541} INFO - Filling up the DagBag from /home/airflow/.local/lib/python3.7/site-packages/airflow/example_dags/example_params_trigger_ui.py
[2023-07-05T12:50:34.178+0000] {processor.py:836} INFO - DAG(s) dict_keys(['example_params_trigger_ui']) retrieved from /home/airflow/.local/lib/python3.7/site-packages/airflow/example_dags/example_params_trigger_ui.py
[2023-07-05T12:50:34.351+0000] {logging_mixin.py:149} INFO - [2023-07-05T12:50:34.351+0000] {dag.py:2726} INFO - Sync 1 DAGs
[2023-07-05T12:50:34.390+0000] {logging_mixin.py:149} INFO - [2023-07-05T12:50:34.389+0000] {dag.py:3490} INFO - Setting next_dagrun for example_params_trigger_ui to None, run_after=None
[2023-07-05T12:50:34.416+0000] {processor.py:179} INFO - Processing /home/airflow/.local/lib/python3.7/site-packages/airflow/example_dags/example_params_trigger_ui.py took 0.272 seconds
[2023-07-05T12:51:05.726+0000] {processor.py:157} INFO - Started process (PID=189) to work on /home/airflow/.local/lib/python3.7/site-packages/airflow/example_dags/example_params_trigger_ui.py
[2023-07-05T12:51:05.727+0000] {processor.py:826} INFO - Processing file /home/airflow/.local/lib/python3.7/site-packages/airflow/example_dags/example_params_trigger_ui.py for tasks to queue
[2023-07-05T12:51:05.728+0000] {logging_mixin.py:149} INFO - [2023-07-05T12:51:05.728+0000] {dagbag.py:541} INFO - Filling up the DagBag from /home/airflow/.local/lib/python3.7/site-packages/airflow/example_dags/example_params_trigger_ui.py
[2023-07-05T12:51:05.760+0000] {processor.py:836} INFO - DAG(s) dict_keys(['example_params_trigger_ui']) retrieved from /home/airflow/.local/lib/python3.7/site-packages/airflow/example_dags/example_params_trigger_ui.py
[2023-07-05T12:51:05.900+0000] {logging_mixin.py:149} INFO - [2023-07-05T12:51:05.899+0000] {dag.py:2726} INFO - Sync 1 DAGs
[2023-07-05T12:51:05.944+0000] {logging_mixin.py:149} INFO - [2023-07-05T12:51:05.944+0000] {dag.py:3490} INFO - Setting next_dagrun for example_params_trigger_ui to None, run_after=None
[2023-07-05T12:51:05.972+0000] {processor.py:179} INFO - Processing /home/airflow/.local/lib/python3.7/site-packages/airflow/example_dags/example_params_trigger_ui.py took 0.249 seconds
[2023-07-05T12:51:37.070+0000] {processor.py:157} INFO - Started process (PID=246) to work on /home/airflow/.local/lib/python3.7/site-packages/airflow/example_dags/example_params_trigger_ui.py
[2023-07-05T12:51:37.072+0000] {processor.py:826} INFO - Processing file /home/airflow/.local/lib/python3.7/site-packages/airflow/example_dags/example_params_trigger_ui.py for tasks to queue
[2023-07-05T12:51:37.073+0000] {logging_mixin.py:149} INFO - [2023-07-05T12:51:37.072+0000] {dagbag.py:541} INFO - Filling up the DagBag from /home/airflow/.local/lib/python3.7/site-packages/airflow/example_dags/example_params_trigger_ui.py
[2023-07-05T12:51:37.104+0000] {processor.py:836} INFO - DAG(s) dict_keys(['example_params_trigger_ui']) retrieved from /home/airflow/.local/lib/python3.7/site-packages/airflow/example_dags/example_params_trigger_ui.py
[2023-07-05T12:51:37.249+0000] {logging_mixin.py:149} INFO - [2023-07-05T12:51:37.249+0000] {dag.py:2726} INFO - Sync 1 DAGs
[2023-07-05T12:51:37.289+0000] {logging_mixin.py:149} INFO - [2023-07-05T12:51:37.288+0000] {dag.py:3490} INFO - Setting next_dagrun for example_params_trigger_ui to None, run_after=None
[2023-07-05T12:51:37.316+0000] {processor.py:179} INFO - Processing /home/airflow/.local/lib/python3.7/site-packages/airflow/example_dags/example_params_trigger_ui.py took 0.248 seconds
[2023-07-05T12:52:08.323+0000] {processor.py:157} INFO - Started process (PID=303) to work on /home/airflow/.local/lib/python3.7/site-packages/airflow/example_dags/example_params_trigger_ui.py
[2023-07-05T12:52:08.325+0000] {processor.py:826} INFO - Processing file /home/airflow/.local/lib/python3.7/site-packages/airflow/example_dags/example_params_trigger_ui.py for tasks to queue
[2023-07-05T12:52:08.325+0000] {logging_mixin.py:149} INFO - [2023-07-05T12:52:08.325+0000] {dagbag.py:541} INFO - Filling up the DagBag from /home/airflow/.local/lib/python3.7/site-packages/airflow/example_dags/example_params_trigger_ui.py
[2023-07-05T12:52:08.353+0000] {processor.py:836} INFO - DAG(s) dict_keys(['example_params_trigger_ui']) retrieved from /home/airflow/.local/lib/python3.7/site-packages/airflow/example_dags/example_params_trigger_ui.py
[2023-07-05T12:52:08.477+0000] {logging_mixin.py:149} INFO - [2023-07-05T12:52:08.477+0000] {dag.py:2726} INFO - Sync 1 DAGs
[2023-07-05T12:52:08.698+0000] {logging_mixin.py:149} INFO - [2023-07-05T12:52:08.697+0000] {dag.py:3490} INFO - Setting next_dagrun for example_params_trigger_ui to None, run_after=None
[2023-07-05T12:52:08.741+0000] {processor.py:179} INFO - Processing /home/airflow/.local/lib/python3.7/site-packages/airflow/example_dags/example_params_trigger_ui.py took 0.421 seconds
[2023-07-05T12:52:39.565+0000] {processor.py:157} INFO - Started process (PID=360) to work on /home/airflow/.local/lib/python3.7/site-packages/airflow/example_dags/example_params_trigger_ui.py
[2023-07-05T12:52:39.566+0000] {processor.py:826} INFO - Processing file /home/airflow/.local/lib/python3.7/site-packages/airflow/example_dags/example_params_trigger_ui.py for tasks to queue
[2023-07-05T12:52:39.567+0000] {logging_mixin.py:149} INFO - [2023-07-05T12:52:39.567+0000] {dagbag.py:541} INFO - Filling up the DagBag from /home/airflow/.local/lib/python3.7/site-packages/airflow/example_dags/example_params_trigger_ui.py
[2023-07-05T12:52:39.598+0000] {processor.py:836} INFO - DAG(s) dict_keys(['example_params_trigger_ui']) retrieved from /home/airflow/.local/lib/python3.7/site-packages/airflow/example_dags/example_params_trigger_ui.py
[2023-07-05T12:52:39.720+0000] {logging_mixin.py:149} INFO - [2023-07-05T12:52:39.719+0000] {dag.py:2726} INFO - Sync 1 DAGs
[2023-07-05T12:52:39.753+0000] {logging_mixin.py:149} INFO - [2023-07-05T12:52:39.752+0000] {dag.py:3490} INFO - Setting next_dagrun for example_params_trigger_ui to None, run_after=None
[2023-07-05T12:52:39.775+0000] {processor.py:179} INFO - Processing /home/airflow/.local/lib/python3.7/site-packages/airflow/example_dags/example_params_trigger_ui.py took 0.214 seconds
[2023-07-05T12:53:09.805+0000] {processor.py:157} INFO - Started process (PID=416) to work on /home/airflow/.local/lib/python3.7/site-packages/airflow/example_dags/example_params_trigger_ui.py
[2023-07-05T12:53:09.806+0000] {processor.py:826} INFO - Processing file /home/airflow/.local/lib/python3.7/site-packages/airflow/example_dags/example_params_trigger_ui.py for tasks to queue
[2023-07-05T12:53:09.807+0000] {logging_mixin.py:149} INFO - [2023-07-05T12:53:09.807+0000] {dagbag.py:541} INFO - Filling up the DagBag from /home/airflow/.local/lib/python3.7/site-packages/airflow/example_dags/example_params_trigger_ui.py
[2023-07-05T12:53:09.833+0000] {processor.py:836} INFO - DAG(s) dict_keys(['example_params_trigger_ui']) retrieved from /home/airflow/.local/lib/python3.7/site-packages/airflow/example_dags/example_params_trigger_ui.py
[2023-07-05T12:53:10.132+0000] {logging_mixin.py:149} INFO - [2023-07-05T12:53:10.132+0000] {dag.py:2726} INFO - Sync 1 DAGs
[2023-07-05T12:53:10.192+0000] {logging_mixin.py:149} INFO - [2023-07-05T12:53:10.192+0000] {dag.py:3490} INFO - Setting next_dagrun for example_params_trigger_ui to None, run_after=None
[2023-07-05T12:53:10.234+0000] {processor.py:179} INFO - Processing /home/airflow/.local/lib/python3.7/site-packages/airflow/example_dags/example_params_trigger_ui.py took 0.434 seconds
[2023-07-05T12:53:41.029+0000] {processor.py:157} INFO - Started process (PID=474) to work on /home/airflow/.local/lib/python3.7/site-packages/airflow/example_dags/example_params_trigger_ui.py
[2023-07-05T12:53:41.031+0000] {processor.py:826} INFO - Processing file /home/airflow/.local/lib/python3.7/site-packages/airflow/example_dags/example_params_trigger_ui.py for tasks to queue
[2023-07-05T12:53:41.032+0000] {logging_mixin.py:149} INFO - [2023-07-05T12:53:41.032+0000] {dagbag.py:541} INFO - Filling up the DagBag from /home/airflow/.local/lib/python3.7/site-packages/airflow/example_dags/example_params_trigger_ui.py
[2023-07-05T12:53:41.067+0000] {processor.py:836} INFO - DAG(s) dict_keys(['example_params_trigger_ui']) retrieved from /home/airflow/.local/lib/python3.7/site-packages/airflow/example_dags/example_params_trigger_ui.py
[2023-07-05T12:53:41.187+0000] {logging_mixin.py:149} INFO - [2023-07-05T12:53:41.187+0000] {dag.py:2726} INFO - Sync 1 DAGs
[2023-07-05T12:53:41.369+0000] {logging_mixin.py:149} INFO - [2023-07-05T12:53:41.368+0000] {dag.py:3490} INFO - Setting next_dagrun for example_params_trigger_ui to None, run_after=None
[2023-07-05T12:53:41.396+0000] {processor.py:179} INFO - Processing /home/airflow/.local/lib/python3.7/site-packages/airflow/example_dags/example_params_trigger_ui.py took 0.372 seconds
[2023-07-05T12:54:11.900+0000] {processor.py:157} INFO - Started process (PID=531) to work on /home/airflow/.local/lib/python3.7/site-packages/airflow/example_dags/example_params_trigger_ui.py
[2023-07-05T12:54:11.901+0000] {processor.py:826} INFO - Processing file /home/airflow/.local/lib/python3.7/site-packages/airflow/example_dags/example_params_trigger_ui.py for tasks to queue
[2023-07-05T12:54:11.901+0000] {logging_mixin.py:149} INFO - [2023-07-05T12:54:11.901+0000] {dagbag.py:541} INFO - Filling up the DagBag from /home/airflow/.local/lib/python3.7/site-packages/airflow/example_dags/example_params_trigger_ui.py
[2023-07-05T12:54:11.926+0000] {processor.py:836} INFO - DAG(s) dict_keys(['example_params_trigger_ui']) retrieved from /home/airflow/.local/lib/python3.7/site-packages/airflow/example_dags/example_params_trigger_ui.py
[2023-07-05T12:54:12.200+0000] {logging_mixin.py:149} INFO - [2023-07-05T12:54:12.199+0000] {dag.py:2726} INFO - Sync 1 DAGs
[2023-07-05T12:54:12.234+0000] {logging_mixin.py:149} INFO - [2023-07-05T12:54:12.234+0000] {dag.py:3490} INFO - Setting next_dagrun for example_params_trigger_ui to None, run_after=None
[2023-07-05T12:54:12.258+0000] {processor.py:179} INFO - Processing /home/airflow/.local/lib/python3.7/site-packages/airflow/example_dags/example_params_trigger_ui.py took 0.361 seconds
[2023-07-05T12:54:42.870+0000] {processor.py:157} INFO - Started process (PID=588) to work on /home/airflow/.local/lib/python3.7/site-packages/airflow/example_dags/example_params_trigger_ui.py
[2023-07-05T12:54:42.871+0000] {processor.py:826} INFO - Processing file /home/airflow/.local/lib/python3.7/site-packages/airflow/example_dags/example_params_trigger_ui.py for tasks to queue
[2023-07-05T12:54:42.872+0000] {logging_mixin.py:149} INFO - [2023-07-05T12:54:42.872+0000] {dagbag.py:541} INFO - Filling up the DagBag from /home/airflow/.local/lib/python3.7/site-packages/airflow/example_dags/example_params_trigger_ui.py
[2023-07-05T12:54:42.897+0000] {processor.py:836} INFO - DAG(s) dict_keys(['example_params_trigger_ui']) retrieved from /home/airflow/.local/lib/python3.7/site-packages/airflow/example_dags/example_params_trigger_ui.py
[2023-07-05T12:54:43.182+0000] {logging_mixin.py:149} INFO - [2023-07-05T12:54:43.182+0000] {dag.py:2726} INFO - Sync 1 DAGs
[2023-07-05T12:54:43.218+0000] {logging_mixin.py:149} INFO - [2023-07-05T12:54:43.218+0000] {dag.py:3490} INFO - Setting next_dagrun for example_params_trigger_ui to None, run_after=None
[2023-07-05T12:54:43.250+0000] {processor.py:179} INFO - Processing /home/airflow/.local/lib/python3.7/site-packages/airflow/example_dags/example_params_trigger_ui.py took 0.383 seconds
[2023-07-05T12:55:13.623+0000] {processor.py:157} INFO - Started process (PID=645) to work on /home/airflow/.local/lib/python3.7/site-packages/airflow/example_dags/example_params_trigger_ui.py
[2023-07-05T12:55:13.625+0000] {processor.py:826} INFO - Processing file /home/airflow/.local/lib/python3.7/site-packages/airflow/example_dags/example_params_trigger_ui.py for tasks to queue
[2023-07-05T12:55:13.626+0000] {logging_mixin.py:149} INFO - [2023-07-05T12:55:13.626+0000] {dagbag.py:541} INFO - Filling up the DagBag from /home/airflow/.local/lib/python3.7/site-packages/airflow/example_dags/example_params_trigger_ui.py
[2023-07-05T12:55:13.654+0000] {processor.py:836} INFO - DAG(s) dict_keys(['example_params_trigger_ui']) retrieved from /home/airflow/.local/lib/python3.7/site-packages/airflow/example_dags/example_params_trigger_ui.py
[2023-07-05T12:55:13.788+0000] {logging_mixin.py:149} INFO - [2023-07-05T12:55:13.788+0000] {dag.py:2726} INFO - Sync 1 DAGs
[2023-07-05T12:55:13.983+0000] {logging_mixin.py:149} INFO - [2023-07-05T12:55:13.983+0000] {dag.py:3490} INFO - Setting next_dagrun for example_params_trigger_ui to None, run_after=None
[2023-07-05T12:55:14.011+0000] {processor.py:179} INFO - Processing /home/airflow/.local/lib/python3.7/site-packages/airflow/example_dags/example_params_trigger_ui.py took 0.391 seconds
[2023-07-05T12:55:45.272+0000] {processor.py:157} INFO - Started process (PID=702) to work on /home/airflow/.local/lib/python3.7/site-packages/airflow/example_dags/example_params_trigger_ui.py
[2023-07-05T12:55:45.277+0000] {processor.py:826} INFO - Processing file /home/airflow/.local/lib/python3.7/site-packages/airflow/example_dags/example_params_trigger_ui.py for tasks to queue
[2023-07-05T12:55:45.278+0000] {logging_mixin.py:149} INFO - [2023-07-05T12:55:45.278+0000] {dagbag.py:541} INFO - Filling up the DagBag from /home/airflow/.local/lib/python3.7/site-packages/airflow/example_dags/example_params_trigger_ui.py
[2023-07-05T12:55:45.308+0000] {processor.py:836} INFO - DAG(s) dict_keys(['example_params_trigger_ui']) retrieved from /home/airflow/.local/lib/python3.7/site-packages/airflow/example_dags/example_params_trigger_ui.py
[2023-07-05T12:55:45.576+0000] {logging_mixin.py:149} INFO - [2023-07-05T12:55:45.576+0000] {dag.py:2726} INFO - Sync 1 DAGs
[2023-07-05T12:55:45.611+0000] {logging_mixin.py:149} INFO - [2023-07-05T12:55:45.611+0000] {dag.py:3490} INFO - Setting next_dagrun for example_params_trigger_ui to None, run_after=None
[2023-07-05T12:55:45.632+0000] {processor.py:179} INFO - Processing /home/airflow/.local/lib/python3.7/site-packages/airflow/example_dags/example_params_trigger_ui.py took 0.365 seconds
[2023-07-05T12:56:15.808+0000] {processor.py:157} INFO - Started process (PID=759) to work on /home/airflow/.local/lib/python3.7/site-packages/airflow/example_dags/example_params_trigger_ui.py
[2023-07-05T12:56:15.809+0000] {processor.py:826} INFO - Processing file /home/airflow/.local/lib/python3.7/site-packages/airflow/example_dags/example_params_trigger_ui.py for tasks to queue
[2023-07-05T12:56:15.811+0000] {logging_mixin.py:149} INFO - [2023-07-05T12:56:15.810+0000] {dagbag.py:541} INFO - Filling up the DagBag from /home/airflow/.local/lib/python3.7/site-packages/airflow/example_dags/example_params_trigger_ui.py
[2023-07-05T12:56:15.843+0000] {processor.py:836} INFO - DAG(s) dict_keys(['example_params_trigger_ui']) retrieved from /home/airflow/.local/lib/python3.7/site-packages/airflow/example_dags/example_params_trigger_ui.py
[2023-07-05T12:56:16.007+0000] {logging_mixin.py:149} INFO - [2023-07-05T12:56:16.006+0000] {dag.py:2726} INFO - Sync 1 DAGs
[2023-07-05T12:56:16.049+0000] {logging_mixin.py:149} INFO - [2023-07-05T12:56:16.048+0000] {dag.py:3490} INFO - Setting next_dagrun for example_params_trigger_ui to None, run_after=None
[2023-07-05T12:56:16.088+0000] {processor.py:179} INFO - Processing /home/airflow/.local/lib/python3.7/site-packages/airflow/example_dags/example_params_trigger_ui.py took 0.285 seconds
[2023-07-05T12:56:46.322+0000] {processor.py:157} INFO - Started process (PID=815) to work on /home/airflow/.local/lib/python3.7/site-packages/airflow/example_dags/example_params_trigger_ui.py
[2023-07-05T12:56:46.324+0000] {processor.py:826} INFO - Processing file /home/airflow/.local/lib/python3.7/site-packages/airflow/example_dags/example_params_trigger_ui.py for tasks to queue
[2023-07-05T12:56:46.325+0000] {logging_mixin.py:149} INFO - [2023-07-05T12:56:46.325+0000] {dagbag.py:541} INFO - Filling up the DagBag from /home/airflow/.local/lib/python3.7/site-packages/airflow/example_dags/example_params_trigger_ui.py
[2023-07-05T12:56:46.361+0000] {processor.py:836} INFO - DAG(s) dict_keys(['example_params_trigger_ui']) retrieved from /home/airflow/.local/lib/python3.7/site-packages/airflow/example_dags/example_params_trigger_ui.py
[2023-07-05T12:56:46.488+0000] {logging_mixin.py:149} INFO - [2023-07-05T12:56:46.488+0000] {dag.py:2726} INFO - Sync 1 DAGs
[2023-07-05T12:56:46.524+0000] {logging_mixin.py:149} INFO - [2023-07-05T12:56:46.524+0000] {dag.py:3490} INFO - Setting next_dagrun for example_params_trigger_ui to None, run_after=None
[2023-07-05T12:56:46.552+0000] {processor.py:179} INFO - Processing /home/airflow/.local/lib/python3.7/site-packages/airflow/example_dags/example_params_trigger_ui.py took 0.234 seconds
[2023-07-05T12:57:16.975+0000] {processor.py:157} INFO - Started process (PID=878) to work on /home/airflow/.local/lib/python3.7/site-packages/airflow/example_dags/example_params_trigger_ui.py
[2023-07-05T12:57:16.977+0000] {processor.py:826} INFO - Processing file /home/airflow/.local/lib/python3.7/site-packages/airflow/example_dags/example_params_trigger_ui.py for tasks to queue
[2023-07-05T12:57:16.978+0000] {logging_mixin.py:149} INFO - [2023-07-05T12:57:16.978+0000] {dagbag.py:541} INFO - Filling up the DagBag from /home/airflow/.local/lib/python3.7/site-packages/airflow/example_dags/example_params_trigger_ui.py
[2023-07-05T12:57:17.003+0000] {processor.py:836} INFO - DAG(s) dict_keys(['example_params_trigger_ui']) retrieved from /home/airflow/.local/lib/python3.7/site-packages/airflow/example_dags/example_params_trigger_ui.py
[2023-07-05T12:57:17.127+0000] {logging_mixin.py:149} INFO - [2023-07-05T12:57:17.126+0000] {dag.py:2726} INFO - Sync 1 DAGs
[2023-07-05T12:57:17.165+0000] {logging_mixin.py:149} INFO - [2023-07-05T12:57:17.165+0000] {dag.py:3490} INFO - Setting next_dagrun for example_params_trigger_ui to None, run_after=None
[2023-07-05T12:57:17.197+0000] {processor.py:179} INFO - Processing /home/airflow/.local/lib/python3.7/site-packages/airflow/example_dags/example_params_trigger_ui.py took 0.225 seconds
[2023-07-05T12:57:48.282+0000] {processor.py:157} INFO - Started process (PID=934) to work on /home/airflow/.local/lib/python3.7/site-packages/airflow/example_dags/example_params_trigger_ui.py
[2023-07-05T12:57:48.284+0000] {processor.py:826} INFO - Processing file /home/airflow/.local/lib/python3.7/site-packages/airflow/example_dags/example_params_trigger_ui.py for tasks to queue
[2023-07-05T12:57:48.285+0000] {logging_mixin.py:149} INFO - [2023-07-05T12:57:48.284+0000] {dagbag.py:541} INFO - Filling up the DagBag from /home/airflow/.local/lib/python3.7/site-packages/airflow/example_dags/example_params_trigger_ui.py
[2023-07-05T12:57:48.317+0000] {processor.py:836} INFO - DAG(s) dict_keys(['example_params_trigger_ui']) retrieved from /home/airflow/.local/lib/python3.7/site-packages/airflow/example_dags/example_params_trigger_ui.py
[2023-07-05T12:57:48.482+0000] {logging_mixin.py:149} INFO - [2023-07-05T12:57:48.482+0000] {dag.py:2726} INFO - Sync 1 DAGs
[2023-07-05T12:57:48.532+0000] {logging_mixin.py:149} INFO - [2023-07-05T12:57:48.532+0000] {dag.py:3490} INFO - Setting next_dagrun for example_params_trigger_ui to None, run_after=None
[2023-07-05T12:57:48.574+0000] {processor.py:179} INFO - Processing /home/airflow/.local/lib/python3.7/site-packages/airflow/example_dags/example_params_trigger_ui.py took 0.296 seconds
[2023-07-05T12:58:18.728+0000] {processor.py:157} INFO - Started process (PID=991) to work on /home/airflow/.local/lib/python3.7/site-packages/airflow/example_dags/example_params_trigger_ui.py
[2023-07-05T12:58:18.730+0000] {processor.py:826} INFO - Processing file /home/airflow/.local/lib/python3.7/site-packages/airflow/example_dags/example_params_trigger_ui.py for tasks to queue
[2023-07-05T12:58:18.732+0000] {logging_mixin.py:149} INFO - [2023-07-05T12:58:18.732+0000] {dagbag.py:541} INFO - Filling up the DagBag from /home/airflow/.local/lib/python3.7/site-packages/airflow/example_dags/example_params_trigger_ui.py
[2023-07-05T12:58:18.764+0000] {processor.py:836} INFO - DAG(s) dict_keys(['example_params_trigger_ui']) retrieved from /home/airflow/.local/lib/python3.7/site-packages/airflow/example_dags/example_params_trigger_ui.py
[2023-07-05T12:58:18.893+0000] {logging_mixin.py:149} INFO - [2023-07-05T12:58:18.893+0000] {dag.py:2726} INFO - Sync 1 DAGs
[2023-07-05T12:58:18.935+0000] {logging_mixin.py:149} INFO - [2023-07-05T12:58:18.935+0000] {dag.py:3490} INFO - Setting next_dagrun for example_params_trigger_ui to None, run_after=None
[2023-07-05T12:58:18.967+0000] {processor.py:179} INFO - Processing /home/airflow/.local/lib/python3.7/site-packages/airflow/example_dags/example_params_trigger_ui.py took 0.242 seconds
[2023-07-05T12:58:49.189+0000] {processor.py:157} INFO - Started process (PID=1047) to work on /home/airflow/.local/lib/python3.7/site-packages/airflow/example_dags/example_params_trigger_ui.py
[2023-07-05T12:58:49.191+0000] {processor.py:826} INFO - Processing file /home/airflow/.local/lib/python3.7/site-packages/airflow/example_dags/example_params_trigger_ui.py for tasks to queue
[2023-07-05T12:58:49.192+0000] {logging_mixin.py:149} INFO - [2023-07-05T12:58:49.192+0000] {dagbag.py:541} INFO - Filling up the DagBag from /home/airflow/.local/lib/python3.7/site-packages/airflow/example_dags/example_params_trigger_ui.py
[2023-07-05T12:58:49.226+0000] {processor.py:836} INFO - DAG(s) dict_keys(['example_params_trigger_ui']) retrieved from /home/airflow/.local/lib/python3.7/site-packages/airflow/example_dags/example_params_trigger_ui.py
[2023-07-05T12:58:49.379+0000] {logging_mixin.py:149} INFO - [2023-07-05T12:58:49.378+0000] {dag.py:2726} INFO - Sync 1 DAGs
[2023-07-05T12:58:49.419+0000] {logging_mixin.py:149} INFO - [2023-07-05T12:58:49.419+0000] {dag.py:3490} INFO - Setting next_dagrun for example_params_trigger_ui to None, run_after=None
[2023-07-05T12:58:49.446+0000] {processor.py:179} INFO - Processing /home/airflow/.local/lib/python3.7/site-packages/airflow/example_dags/example_params_trigger_ui.py took 0.262 seconds
[2023-07-05T12:59:19.620+0000] {processor.py:157} INFO - Started process (PID=1104) to work on /home/airflow/.local/lib/python3.7/site-packages/airflow/example_dags/example_params_trigger_ui.py
[2023-07-05T12:59:19.621+0000] {processor.py:826} INFO - Processing file /home/airflow/.local/lib/python3.7/site-packages/airflow/example_dags/example_params_trigger_ui.py for tasks to queue
[2023-07-05T12:59:19.622+0000] {logging_mixin.py:149} INFO - [2023-07-05T12:59:19.622+0000] {dagbag.py:541} INFO - Filling up the DagBag from /home/airflow/.local/lib/python3.7/site-packages/airflow/example_dags/example_params_trigger_ui.py
[2023-07-05T12:59:19.652+0000] {processor.py:836} INFO - DAG(s) dict_keys(['example_params_trigger_ui']) retrieved from /home/airflow/.local/lib/python3.7/site-packages/airflow/example_dags/example_params_trigger_ui.py
[2023-07-05T12:59:19.794+0000] {logging_mixin.py:149} INFO - [2023-07-05T12:59:19.794+0000] {dag.py:2726} INFO - Sync 1 DAGs
[2023-07-05T12:59:19.838+0000] {logging_mixin.py:149} INFO - [2023-07-05T12:59:19.838+0000] {dag.py:3490} INFO - Setting next_dagrun for example_params_trigger_ui to None, run_after=None
[2023-07-05T12:59:19.882+0000] {processor.py:179} INFO - Processing /home/airflow/.local/lib/python3.7/site-packages/airflow/example_dags/example_params_trigger_ui.py took 0.265 seconds
[2023-07-05T12:59:50.586+0000] {processor.py:157} INFO - Started process (PID=1161) to work on /home/airflow/.local/lib/python3.7/site-packages/airflow/example_dags/example_params_trigger_ui.py
[2023-07-05T12:59:50.587+0000] {processor.py:826} INFO - Processing file /home/airflow/.local/lib/python3.7/site-packages/airflow/example_dags/example_params_trigger_ui.py for tasks to queue
[2023-07-05T12:59:50.588+0000] {logging_mixin.py:149} INFO - [2023-07-05T12:59:50.588+0000] {dagbag.py:541} INFO - Filling up the DagBag from /home/airflow/.local/lib/python3.7/site-packages/airflow/example_dags/example_params_trigger_ui.py
[2023-07-05T12:59:50.622+0000] {processor.py:836} INFO - DAG(s) dict_keys(['example_params_trigger_ui']) retrieved from /home/airflow/.local/lib/python3.7/site-packages/airflow/example_dags/example_params_trigger_ui.py
[2023-07-05T12:59:50.751+0000] {logging_mixin.py:149} INFO - [2023-07-05T12:59:50.751+0000] {dag.py:2726} INFO - Sync 1 DAGs
[2023-07-05T12:59:50.786+0000] {logging_mixin.py:149} INFO - [2023-07-05T12:59:50.786+0000] {dag.py:3490} INFO - Setting next_dagrun for example_params_trigger_ui to None, run_after=None
[2023-07-05T12:59:50.812+0000] {processor.py:179} INFO - Processing /home/airflow/.local/lib/python3.7/site-packages/airflow/example_dags/example_params_trigger_ui.py took 0.231 seconds
[2023-07-05T13:00:21.377+0000] {processor.py:157} INFO - Started process (PID=1219) to work on /home/airflow/.local/lib/python3.7/site-packages/airflow/example_dags/example_params_trigger_ui.py
[2023-07-05T13:00:21.379+0000] {processor.py:826} INFO - Processing file /home/airflow/.local/lib/python3.7/site-packages/airflow/example_dags/example_params_trigger_ui.py for tasks to queue
[2023-07-05T13:00:21.380+0000] {logging_mixin.py:149} INFO - [2023-07-05T13:00:21.379+0000] {dagbag.py:541} INFO - Filling up the DagBag from /home/airflow/.local/lib/python3.7/site-packages/airflow/example_dags/example_params_trigger_ui.py
[2023-07-05T13:00:21.409+0000] {processor.py:836} INFO - DAG(s) dict_keys(['example_params_trigger_ui']) retrieved from /home/airflow/.local/lib/python3.7/site-packages/airflow/example_dags/example_params_trigger_ui.py
[2023-07-05T13:00:21.567+0000] {logging_mixin.py:149} INFO - [2023-07-05T13:00:21.567+0000] {dag.py:2726} INFO - Sync 1 DAGs
[2023-07-05T13:00:21.603+0000] {logging_mixin.py:149} INFO - [2023-07-05T13:00:21.603+0000] {dag.py:3490} INFO - Setting next_dagrun for example_params_trigger_ui to None, run_after=None
[2023-07-05T13:00:21.638+0000] {processor.py:179} INFO - Processing /home/airflow/.local/lib/python3.7/site-packages/airflow/example_dags/example_params_trigger_ui.py took 0.267 seconds
[2023-07-05T13:00:51.847+0000] {processor.py:157} INFO - Started process (PID=1276) to work on /home/airflow/.local/lib/python3.7/site-packages/airflow/example_dags/example_params_trigger_ui.py
[2023-07-05T13:00:51.849+0000] {processor.py:826} INFO - Processing file /home/airflow/.local/lib/python3.7/site-packages/airflow/example_dags/example_params_trigger_ui.py for tasks to queue
[2023-07-05T13:00:51.849+0000] {logging_mixin.py:149} INFO - [2023-07-05T13:00:51.849+0000] {dagbag.py:541} INFO - Filling up the DagBag from /home/airflow/.local/lib/python3.7/site-packages/airflow/example_dags/example_params_trigger_ui.py
[2023-07-05T13:00:51.881+0000] {processor.py:836} INFO - DAG(s) dict_keys(['example_params_trigger_ui']) retrieved from /home/airflow/.local/lib/python3.7/site-packages/airflow/example_dags/example_params_trigger_ui.py
[2023-07-05T13:00:52.057+0000] {logging_mixin.py:149} INFO - [2023-07-05T13:00:52.055+0000] {dag.py:2726} INFO - Sync 1 DAGs
[2023-07-05T13:00:52.106+0000] {logging_mixin.py:149} INFO - [2023-07-05T13:00:52.106+0000] {dag.py:3490} INFO - Setting next_dagrun for example_params_trigger_ui to None, run_after=None
[2023-07-05T13:00:52.145+0000] {processor.py:179} INFO - Processing /home/airflow/.local/lib/python3.7/site-packages/airflow/example_dags/example_params_trigger_ui.py took 0.302 seconds
[2023-07-05T13:01:23.187+0000] {processor.py:157} INFO - Started process (PID=1333) to work on /home/airflow/.local/lib/python3.7/site-packages/airflow/example_dags/example_params_trigger_ui.py
[2023-07-05T13:01:23.188+0000] {processor.py:826} INFO - Processing file /home/airflow/.local/lib/python3.7/site-packages/airflow/example_dags/example_params_trigger_ui.py for tasks to queue
[2023-07-05T13:01:23.189+0000] {logging_mixin.py:149} INFO - [2023-07-05T13:01:23.189+0000] {dagbag.py:541} INFO - Filling up the DagBag from /home/airflow/.local/lib/python3.7/site-packages/airflow/example_dags/example_params_trigger_ui.py
[2023-07-05T13:01:23.217+0000] {processor.py:836} INFO - DAG(s) dict_keys(['example_params_trigger_ui']) retrieved from /home/airflow/.local/lib/python3.7/site-packages/airflow/example_dags/example_params_trigger_ui.py
[2023-07-05T13:01:23.362+0000] {logging_mixin.py:149} INFO - [2023-07-05T13:01:23.362+0000] {dag.py:2726} INFO - Sync 1 DAGs
[2023-07-05T13:01:23.405+0000] {logging_mixin.py:149} INFO - [2023-07-05T13:01:23.405+0000] {dag.py:3490} INFO - Setting next_dagrun for example_params_trigger_ui to None, run_after=None
[2023-07-05T13:01:23.440+0000] {processor.py:179} INFO - Processing /home/airflow/.local/lib/python3.7/site-packages/airflow/example_dags/example_params_trigger_ui.py took 0.263 seconds
[2023-07-05T13:01:54.172+0000] {processor.py:157} INFO - Started process (PID=1390) to work on /home/airflow/.local/lib/python3.7/site-packages/airflow/example_dags/example_params_trigger_ui.py
[2023-07-05T13:01:54.173+0000] {processor.py:826} INFO - Processing file /home/airflow/.local/lib/python3.7/site-packages/airflow/example_dags/example_params_trigger_ui.py for tasks to queue
[2023-07-05T13:01:54.174+0000] {logging_mixin.py:149} INFO - [2023-07-05T13:01:54.174+0000] {dagbag.py:541} INFO - Filling up the DagBag from /home/airflow/.local/lib/python3.7/site-packages/airflow/example_dags/example_params_trigger_ui.py
[2023-07-05T13:01:54.201+0000] {processor.py:836} INFO - DAG(s) dict_keys(['example_params_trigger_ui']) retrieved from /home/airflow/.local/lib/python3.7/site-packages/airflow/example_dags/example_params_trigger_ui.py
[2023-07-05T13:01:54.329+0000] {logging_mixin.py:149} INFO - [2023-07-05T13:01:54.329+0000] {dag.py:2726} INFO - Sync 1 DAGs
[2023-07-05T13:01:54.370+0000] {logging_mixin.py:149} INFO - [2023-07-05T13:01:54.369+0000] {dag.py:3490} INFO - Setting next_dagrun for example_params_trigger_ui to None, run_after=None
[2023-07-05T13:01:54.399+0000] {processor.py:179} INFO - Processing /home/airflow/.local/lib/python3.7/site-packages/airflow/example_dags/example_params_trigger_ui.py took 0.231 seconds
[2023-07-05T13:02:25.432+0000] {processor.py:157} INFO - Started process (PID=1447) to work on /home/airflow/.local/lib/python3.7/site-packages/airflow/example_dags/example_params_trigger_ui.py
[2023-07-05T13:02:25.433+0000] {processor.py:826} INFO - Processing file /home/airflow/.local/lib/python3.7/site-packages/airflow/example_dags/example_params_trigger_ui.py for tasks to queue
[2023-07-05T13:02:25.434+0000] {logging_mixin.py:149} INFO - [2023-07-05T13:02:25.434+0000] {dagbag.py:541} INFO - Filling up the DagBag from /home/airflow/.local/lib/python3.7/site-packages/airflow/example_dags/example_params_trigger_ui.py
[2023-07-05T13:02:25.469+0000] {processor.py:836} INFO - DAG(s) dict_keys(['example_params_trigger_ui']) retrieved from /home/airflow/.local/lib/python3.7/site-packages/airflow/example_dags/example_params_trigger_ui.py
[2023-07-05T13:02:25.608+0000] {logging_mixin.py:149} INFO - [2023-07-05T13:02:25.608+0000] {dag.py:2726} INFO - Sync 1 DAGs
[2023-07-05T13:02:25.650+0000] {logging_mixin.py:149} INFO - [2023-07-05T13:02:25.649+0000] {dag.py:3490} INFO - Setting next_dagrun for example_params_trigger_ui to None, run_after=None
[2023-07-05T13:02:25.683+0000] {processor.py:179} INFO - Processing /home/airflow/.local/lib/python3.7/site-packages/airflow/example_dags/example_params_trigger_ui.py took 0.255 seconds
[2023-07-05T13:02:56.713+0000] {processor.py:157} INFO - Started process (PID=1504) to work on /home/airflow/.local/lib/python3.7/site-packages/airflow/example_dags/example_params_trigger_ui.py
[2023-07-05T13:02:56.715+0000] {processor.py:826} INFO - Processing file /home/airflow/.local/lib/python3.7/site-packages/airflow/example_dags/example_params_trigger_ui.py for tasks to queue
[2023-07-05T13:02:56.716+0000] {logging_mixin.py:149} INFO - [2023-07-05T13:02:56.716+0000] {dagbag.py:541} INFO - Filling up the DagBag from /home/airflow/.local/lib/python3.7/site-packages/airflow/example_dags/example_params_trigger_ui.py
[2023-07-05T13:02:56.745+0000] {processor.py:836} INFO - DAG(s) dict_keys(['example_params_trigger_ui']) retrieved from /home/airflow/.local/lib/python3.7/site-packages/airflow/example_dags/example_params_trigger_ui.py
[2023-07-05T13:02:56.886+0000] {logging_mixin.py:149} INFO - [2023-07-05T13:02:56.886+0000] {dag.py:2726} INFO - Sync 1 DAGs
[2023-07-05T13:02:56.928+0000] {logging_mixin.py:149} INFO - [2023-07-05T13:02:56.928+0000] {dag.py:3490} INFO - Setting next_dagrun for example_params_trigger_ui to None, run_after=None
[2023-07-05T13:02:56.964+0000] {processor.py:179} INFO - Processing /home/airflow/.local/lib/python3.7/site-packages/airflow/example_dags/example_params_trigger_ui.py took 0.255 seconds
[2023-07-05T13:03:27.245+0000] {processor.py:157} INFO - Started process (PID=1561) to work on /home/airflow/.local/lib/python3.7/site-packages/airflow/example_dags/example_params_trigger_ui.py
[2023-07-05T13:03:27.246+0000] {processor.py:826} INFO - Processing file /home/airflow/.local/lib/python3.7/site-packages/airflow/example_dags/example_params_trigger_ui.py for tasks to queue
[2023-07-05T13:03:27.247+0000] {logging_mixin.py:149} INFO - [2023-07-05T13:03:27.247+0000] {dagbag.py:541} INFO - Filling up the DagBag from /home/airflow/.local/lib/python3.7/site-packages/airflow/example_dags/example_params_trigger_ui.py
[2023-07-05T13:03:27.278+0000] {processor.py:836} INFO - DAG(s) dict_keys(['example_params_trigger_ui']) retrieved from /home/airflow/.local/lib/python3.7/site-packages/airflow/example_dags/example_params_trigger_ui.py
[2023-07-05T13:03:27.413+0000] {logging_mixin.py:149} INFO - [2023-07-05T13:03:27.413+0000] {dag.py:2726} INFO - Sync 1 DAGs
[2023-07-05T13:03:27.459+0000] {logging_mixin.py:149} INFO - [2023-07-05T13:03:27.458+0000] {dag.py:3490} INFO - Setting next_dagrun for example_params_trigger_ui to None, run_after=None
[2023-07-05T13:03:27.489+0000] {processor.py:179} INFO - Processing /home/airflow/.local/lib/python3.7/site-packages/airflow/example_dags/example_params_trigger_ui.py took 0.248 seconds
[2023-07-05T13:03:58.498+0000] {processor.py:157} INFO - Started process (PID=1618) to work on /home/airflow/.local/lib/python3.7/site-packages/airflow/example_dags/example_params_trigger_ui.py
[2023-07-05T13:03:58.500+0000] {processor.py:826} INFO - Processing file /home/airflow/.local/lib/python3.7/site-packages/airflow/example_dags/example_params_trigger_ui.py for tasks to queue
[2023-07-05T13:03:58.501+0000] {logging_mixin.py:149} INFO - [2023-07-05T13:03:58.501+0000] {dagbag.py:541} INFO - Filling up the DagBag from /home/airflow/.local/lib/python3.7/site-packages/airflow/example_dags/example_params_trigger_ui.py
[2023-07-05T13:03:58.528+0000] {processor.py:836} INFO - DAG(s) dict_keys(['example_params_trigger_ui']) retrieved from /home/airflow/.local/lib/python3.7/site-packages/airflow/example_dags/example_params_trigger_ui.py
[2023-07-05T13:03:58.650+0000] {logging_mixin.py:149} INFO - [2023-07-05T13:03:58.649+0000] {dag.py:2726} INFO - Sync 1 DAGs
[2023-07-05T13:03:58.685+0000] {logging_mixin.py:149} INFO - [2023-07-05T13:03:58.685+0000] {dag.py:3490} INFO - Setting next_dagrun for example_params_trigger_ui to None, run_after=None
[2023-07-05T13:03:58.708+0000] {processor.py:179} INFO - Processing /home/airflow/.local/lib/python3.7/site-packages/airflow/example_dags/example_params_trigger_ui.py took 0.213 seconds
[2023-07-05T13:04:28.974+0000] {processor.py:157} INFO - Started process (PID=1674) to work on /home/airflow/.local/lib/python3.7/site-packages/airflow/example_dags/example_params_trigger_ui.py
[2023-07-05T13:04:28.975+0000] {processor.py:826} INFO - Processing file /home/airflow/.local/lib/python3.7/site-packages/airflow/example_dags/example_params_trigger_ui.py for tasks to queue
[2023-07-05T13:04:28.976+0000] {logging_mixin.py:149} INFO - [2023-07-05T13:04:28.975+0000] {dagbag.py:541} INFO - Filling up the DagBag from /home/airflow/.local/lib/python3.7/site-packages/airflow/example_dags/example_params_trigger_ui.py
[2023-07-05T13:04:29.008+0000] {processor.py:836} INFO - DAG(s) dict_keys(['example_params_trigger_ui']) retrieved from /home/airflow/.local/lib/python3.7/site-packages/airflow/example_dags/example_params_trigger_ui.py
[2023-07-05T13:04:29.136+0000] {logging_mixin.py:149} INFO - [2023-07-05T13:04:29.136+0000] {dag.py:2726} INFO - Sync 1 DAGs
[2023-07-05T13:04:29.172+0000] {logging_mixin.py:149} INFO - [2023-07-05T13:04:29.172+0000] {dag.py:3490} INFO - Setting next_dagrun for example_params_trigger_ui to None, run_after=None
[2023-07-05T13:04:29.205+0000] {processor.py:179} INFO - Processing /home/airflow/.local/lib/python3.7/site-packages/airflow/example_dags/example_params_trigger_ui.py took 0.235 seconds
[2023-07-05T13:05:00.157+0000] {processor.py:157} INFO - Started process (PID=1731) to work on /home/airflow/.local/lib/python3.7/site-packages/airflow/example_dags/example_params_trigger_ui.py
[2023-07-05T13:05:00.159+0000] {processor.py:826} INFO - Processing file /home/airflow/.local/lib/python3.7/site-packages/airflow/example_dags/example_params_trigger_ui.py for tasks to queue
[2023-07-05T13:05:00.161+0000] {logging_mixin.py:149} INFO - [2023-07-05T13:05:00.160+0000] {dagbag.py:541} INFO - Filling up the DagBag from /home/airflow/.local/lib/python3.7/site-packages/airflow/example_dags/example_params_trigger_ui.py
[2023-07-05T13:05:00.197+0000] {processor.py:836} INFO - DAG(s) dict_keys(['example_params_trigger_ui']) retrieved from /home/airflow/.local/lib/python3.7/site-packages/airflow/example_dags/example_params_trigger_ui.py
[2023-07-05T13:05:00.361+0000] {logging_mixin.py:149} INFO - [2023-07-05T13:05:00.361+0000] {dag.py:2726} INFO - Sync 1 DAGs
[2023-07-05T13:05:00.416+0000] {logging_mixin.py:149} INFO - [2023-07-05T13:05:00.416+0000] {dag.py:3490} INFO - Setting next_dagrun for example_params_trigger_ui to None, run_after=None
[2023-07-05T13:05:00.453+0000] {processor.py:179} INFO - Processing /home/airflow/.local/lib/python3.7/site-packages/airflow/example_dags/example_params_trigger_ui.py took 0.301 seconds
[2023-07-05T13:05:31.478+0000] {processor.py:157} INFO - Started process (PID=1789) to work on /home/airflow/.local/lib/python3.7/site-packages/airflow/example_dags/example_params_trigger_ui.py
[2023-07-05T13:05:31.479+0000] {processor.py:826} INFO - Processing file /home/airflow/.local/lib/python3.7/site-packages/airflow/example_dags/example_params_trigger_ui.py for tasks to queue
[2023-07-05T13:05:31.479+0000] {logging_mixin.py:149} INFO - [2023-07-05T13:05:31.479+0000] {dagbag.py:541} INFO - Filling up the DagBag from /home/airflow/.local/lib/python3.7/site-packages/airflow/example_dags/example_params_trigger_ui.py
[2023-07-05T13:05:31.505+0000] {processor.py:836} INFO - DAG(s) dict_keys(['example_params_trigger_ui']) retrieved from /home/airflow/.local/lib/python3.7/site-packages/airflow/example_dags/example_params_trigger_ui.py
[2023-07-05T13:05:31.622+0000] {logging_mixin.py:149} INFO - [2023-07-05T13:05:31.622+0000] {dag.py:2726} INFO - Sync 1 DAGs
[2023-07-05T13:05:31.659+0000] {logging_mixin.py:149} INFO - [2023-07-05T13:05:31.659+0000] {dag.py:3490} INFO - Setting next_dagrun for example_params_trigger_ui to None, run_after=None
[2023-07-05T13:05:31.691+0000] {processor.py:179} INFO - Processing /home/airflow/.local/lib/python3.7/site-packages/airflow/example_dags/example_params_trigger_ui.py took 0.217 seconds
[2023-07-05T13:06:01.919+0000] {processor.py:157} INFO - Started process (PID=1846) to work on /home/airflow/.local/lib/python3.7/site-packages/airflow/example_dags/example_params_trigger_ui.py
[2023-07-05T13:06:01.920+0000] {processor.py:826} INFO - Processing file /home/airflow/.local/lib/python3.7/site-packages/airflow/example_dags/example_params_trigger_ui.py for tasks to queue
[2023-07-05T13:06:01.921+0000] {logging_mixin.py:149} INFO - [2023-07-05T13:06:01.921+0000] {dagbag.py:541} INFO - Filling up the DagBag from /home/airflow/.local/lib/python3.7/site-packages/airflow/example_dags/example_params_trigger_ui.py
[2023-07-05T13:06:01.955+0000] {processor.py:836} INFO - DAG(s) dict_keys(['example_params_trigger_ui']) retrieved from /home/airflow/.local/lib/python3.7/site-packages/airflow/example_dags/example_params_trigger_ui.py
[2023-07-05T13:06:02.101+0000] {logging_mixin.py:149} INFO - [2023-07-05T13:06:02.100+0000] {dag.py:2726} INFO - Sync 1 DAGs
[2023-07-05T13:06:02.144+0000] {logging_mixin.py:149} INFO - [2023-07-05T13:06:02.143+0000] {dag.py:3490} INFO - Setting next_dagrun for example_params_trigger_ui to None, run_after=None
[2023-07-05T13:06:02.171+0000] {processor.py:179} INFO - Processing /home/airflow/.local/lib/python3.7/site-packages/airflow/example_dags/example_params_trigger_ui.py took 0.257 seconds
[2023-07-05T13:06:32.749+0000] {processor.py:157} INFO - Started process (PID=1903) to work on /home/airflow/.local/lib/python3.7/site-packages/airflow/example_dags/example_params_trigger_ui.py
[2023-07-05T13:06:32.750+0000] {processor.py:826} INFO - Processing file /home/airflow/.local/lib/python3.7/site-packages/airflow/example_dags/example_params_trigger_ui.py for tasks to queue
[2023-07-05T13:06:32.751+0000] {logging_mixin.py:149} INFO - [2023-07-05T13:06:32.751+0000] {dagbag.py:541} INFO - Filling up the DagBag from /home/airflow/.local/lib/python3.7/site-packages/airflow/example_dags/example_params_trigger_ui.py
[2023-07-05T13:06:32.776+0000] {processor.py:836} INFO - DAG(s) dict_keys(['example_params_trigger_ui']) retrieved from /home/airflow/.local/lib/python3.7/site-packages/airflow/example_dags/example_params_trigger_ui.py
[2023-07-05T13:06:32.907+0000] {logging_mixin.py:149} INFO - [2023-07-05T13:06:32.907+0000] {dag.py:2726} INFO - Sync 1 DAGs
[2023-07-05T13:06:32.942+0000] {logging_mixin.py:149} INFO - [2023-07-05T13:06:32.942+0000] {dag.py:3490} INFO - Setting next_dagrun for example_params_trigger_ui to None, run_after=None
[2023-07-05T13:06:32.965+0000] {processor.py:179} INFO - Processing /home/airflow/.local/lib/python3.7/site-packages/airflow/example_dags/example_params_trigger_ui.py took 0.219 seconds
[2023-07-05T13:07:03.692+0000] {processor.py:157} INFO - Started process (PID=1960) to work on /home/airflow/.local/lib/python3.7/site-packages/airflow/example_dags/example_params_trigger_ui.py
[2023-07-05T13:07:03.694+0000] {processor.py:826} INFO - Processing file /home/airflow/.local/lib/python3.7/site-packages/airflow/example_dags/example_params_trigger_ui.py for tasks to queue
[2023-07-05T13:07:03.695+0000] {logging_mixin.py:149} INFO - [2023-07-05T13:07:03.695+0000] {dagbag.py:541} INFO - Filling up the DagBag from /home/airflow/.local/lib/python3.7/site-packages/airflow/example_dags/example_params_trigger_ui.py
[2023-07-05T13:07:03.723+0000] {processor.py:836} INFO - DAG(s) dict_keys(['example_params_trigger_ui']) retrieved from /home/airflow/.local/lib/python3.7/site-packages/airflow/example_dags/example_params_trigger_ui.py
[2023-07-05T13:07:03.853+0000] {logging_mixin.py:149} INFO - [2023-07-05T13:07:03.852+0000] {dag.py:2726} INFO - Sync 1 DAGs
[2023-07-05T13:07:03.886+0000] {logging_mixin.py:149} INFO - [2023-07-05T13:07:03.886+0000] {dag.py:3490} INFO - Setting next_dagrun for example_params_trigger_ui to None, run_after=None
[2023-07-05T13:07:03.927+0000] {processor.py:179} INFO - Processing /home/airflow/.local/lib/python3.7/site-packages/airflow/example_dags/example_params_trigger_ui.py took 0.239 seconds
[2023-07-05T13:07:35.085+0000] {processor.py:157} INFO - Started process (PID=2017) to work on /home/airflow/.local/lib/python3.7/site-packages/airflow/example_dags/example_params_trigger_ui.py
[2023-07-05T13:07:35.086+0000] {processor.py:826} INFO - Processing file /home/airflow/.local/lib/python3.7/site-packages/airflow/example_dags/example_params_trigger_ui.py for tasks to queue
[2023-07-05T13:07:35.087+0000] {logging_mixin.py:149} INFO - [2023-07-05T13:07:35.087+0000] {dagbag.py:541} INFO - Filling up the DagBag from /home/airflow/.local/lib/python3.7/site-packages/airflow/example_dags/example_params_trigger_ui.py
[2023-07-05T13:07:35.116+0000] {processor.py:836} INFO - DAG(s) dict_keys(['example_params_trigger_ui']) retrieved from /home/airflow/.local/lib/python3.7/site-packages/airflow/example_dags/example_params_trigger_ui.py
[2023-07-05T13:07:35.269+0000] {logging_mixin.py:149} INFO - [2023-07-05T13:07:35.268+0000] {dag.py:2726} INFO - Sync 1 DAGs
[2023-07-05T13:07:35.313+0000] {logging_mixin.py:149} INFO - [2023-07-05T13:07:35.312+0000] {dag.py:3490} INFO - Setting next_dagrun for example_params_trigger_ui to None, run_after=None
[2023-07-05T13:07:35.344+0000] {processor.py:179} INFO - Processing /home/airflow/.local/lib/python3.7/site-packages/airflow/example_dags/example_params_trigger_ui.py took 0.264 seconds
[2023-07-05T13:08:06.310+0000] {processor.py:157} INFO - Started process (PID=2073) to work on /home/airflow/.local/lib/python3.7/site-packages/airflow/example_dags/example_params_trigger_ui.py
[2023-07-05T13:08:06.312+0000] {processor.py:826} INFO - Processing file /home/airflow/.local/lib/python3.7/site-packages/airflow/example_dags/example_params_trigger_ui.py for tasks to queue
[2023-07-05T13:08:06.313+0000] {logging_mixin.py:149} INFO - [2023-07-05T13:08:06.312+0000] {dagbag.py:541} INFO - Filling up the DagBag from /home/airflow/.local/lib/python3.7/site-packages/airflow/example_dags/example_params_trigger_ui.py
[2023-07-05T13:08:06.342+0000] {processor.py:836} INFO - DAG(s) dict_keys(['example_params_trigger_ui']) retrieved from /home/airflow/.local/lib/python3.7/site-packages/airflow/example_dags/example_params_trigger_ui.py
[2023-07-05T13:08:06.462+0000] {logging_mixin.py:149} INFO - [2023-07-05T13:08:06.461+0000] {dag.py:2726} INFO - Sync 1 DAGs
[2023-07-05T13:08:06.501+0000] {logging_mixin.py:149} INFO - [2023-07-05T13:08:06.500+0000] {dag.py:3490} INFO - Setting next_dagrun for example_params_trigger_ui to None, run_after=None
[2023-07-05T13:08:06.525+0000] {processor.py:179} INFO - Processing /home/airflow/.local/lib/python3.7/site-packages/airflow/example_dags/example_params_trigger_ui.py took 0.219 seconds
[2023-07-05T13:08:37.433+0000] {processor.py:157} INFO - Started process (PID=2130) to work on /home/airflow/.local/lib/python3.7/site-packages/airflow/example_dags/example_params_trigger_ui.py
[2023-07-05T13:08:37.434+0000] {processor.py:826} INFO - Processing file /home/airflow/.local/lib/python3.7/site-packages/airflow/example_dags/example_params_trigger_ui.py for tasks to queue
[2023-07-05T13:08:37.435+0000] {logging_mixin.py:149} INFO - [2023-07-05T13:08:37.435+0000] {dagbag.py:541} INFO - Filling up the DagBag from /home/airflow/.local/lib/python3.7/site-packages/airflow/example_dags/example_params_trigger_ui.py
[2023-07-05T13:08:37.468+0000] {processor.py:836} INFO - DAG(s) dict_keys(['example_params_trigger_ui']) retrieved from /home/airflow/.local/lib/python3.7/site-packages/airflow/example_dags/example_params_trigger_ui.py
[2023-07-05T13:08:37.594+0000] {logging_mixin.py:149} INFO - [2023-07-05T13:08:37.594+0000] {dag.py:2726} INFO - Sync 1 DAGs
[2023-07-05T13:08:37.629+0000] {logging_mixin.py:149} INFO - [2023-07-05T13:08:37.628+0000] {dag.py:3490} INFO - Setting next_dagrun for example_params_trigger_ui to None, run_after=None
[2023-07-05T13:08:37.656+0000] {processor.py:179} INFO - Processing /home/airflow/.local/lib/python3.7/site-packages/airflow/example_dags/example_params_trigger_ui.py took 0.227 seconds
[2023-07-05T13:09:07.896+0000] {processor.py:157} INFO - Started process (PID=2187) to work on /home/airflow/.local/lib/python3.7/site-packages/airflow/example_dags/example_params_trigger_ui.py
[2023-07-05T13:09:07.897+0000] {processor.py:826} INFO - Processing file /home/airflow/.local/lib/python3.7/site-packages/airflow/example_dags/example_params_trigger_ui.py for tasks to queue
[2023-07-05T13:09:07.898+0000] {logging_mixin.py:149} INFO - [2023-07-05T13:09:07.898+0000] {dagbag.py:541} INFO - Filling up the DagBag from /home/airflow/.local/lib/python3.7/site-packages/airflow/example_dags/example_params_trigger_ui.py
[2023-07-05T13:09:07.925+0000] {processor.py:836} INFO - DAG(s) dict_keys(['example_params_trigger_ui']) retrieved from /home/airflow/.local/lib/python3.7/site-packages/airflow/example_dags/example_params_trigger_ui.py
[2023-07-05T13:09:08.068+0000] {logging_mixin.py:149} INFO - [2023-07-05T13:09:08.068+0000] {dag.py:2726} INFO - Sync 1 DAGs
[2023-07-05T13:09:08.102+0000] {logging_mixin.py:149} INFO - [2023-07-05T13:09:08.102+0000] {dag.py:3490} INFO - Setting next_dagrun for example_params_trigger_ui to None, run_after=None
[2023-07-05T13:09:08.125+0000] {processor.py:179} INFO - Processing /home/airflow/.local/lib/python3.7/site-packages/airflow/example_dags/example_params_trigger_ui.py took 0.233 seconds
[2023-07-05T13:09:38.607+0000] {processor.py:157} INFO - Started process (PID=2244) to work on /home/airflow/.local/lib/python3.7/site-packages/airflow/example_dags/example_params_trigger_ui.py
[2023-07-05T13:09:38.608+0000] {processor.py:826} INFO - Processing file /home/airflow/.local/lib/python3.7/site-packages/airflow/example_dags/example_params_trigger_ui.py for tasks to queue
[2023-07-05T13:09:38.609+0000] {logging_mixin.py:149} INFO - [2023-07-05T13:09:38.609+0000] {dagbag.py:541} INFO - Filling up the DagBag from /home/airflow/.local/lib/python3.7/site-packages/airflow/example_dags/example_params_trigger_ui.py
[2023-07-05T13:09:38.639+0000] {processor.py:836} INFO - DAG(s) dict_keys(['example_params_trigger_ui']) retrieved from /home/airflow/.local/lib/python3.7/site-packages/airflow/example_dags/example_params_trigger_ui.py
[2023-07-05T13:09:38.778+0000] {logging_mixin.py:149} INFO - [2023-07-05T13:09:38.778+0000] {dag.py:2726} INFO - Sync 1 DAGs
[2023-07-05T13:09:38.815+0000] {logging_mixin.py:149} INFO - [2023-07-05T13:09:38.815+0000] {dag.py:3490} INFO - Setting next_dagrun for example_params_trigger_ui to None, run_after=None
[2023-07-05T13:09:38.845+0000] {processor.py:179} INFO - Processing /home/airflow/.local/lib/python3.7/site-packages/airflow/example_dags/example_params_trigger_ui.py took 0.243 seconds
[2023-07-05T13:10:09.105+0000] {processor.py:157} INFO - Started process (PID=2301) to work on /home/airflow/.local/lib/python3.7/site-packages/airflow/example_dags/example_params_trigger_ui.py
[2023-07-05T13:10:09.106+0000] {processor.py:826} INFO - Processing file /home/airflow/.local/lib/python3.7/site-packages/airflow/example_dags/example_params_trigger_ui.py for tasks to queue
[2023-07-05T13:10:09.107+0000] {logging_mixin.py:149} INFO - [2023-07-05T13:10:09.107+0000] {dagbag.py:541} INFO - Filling up the DagBag from /home/airflow/.local/lib/python3.7/site-packages/airflow/example_dags/example_params_trigger_ui.py
[2023-07-05T13:10:09.133+0000] {processor.py:836} INFO - DAG(s) dict_keys(['example_params_trigger_ui']) retrieved from /home/airflow/.local/lib/python3.7/site-packages/airflow/example_dags/example_params_trigger_ui.py
[2023-07-05T13:10:09.271+0000] {logging_mixin.py:149} INFO - [2023-07-05T13:10:09.271+0000] {dag.py:2726} INFO - Sync 1 DAGs
[2023-07-05T13:10:09.317+0000] {logging_mixin.py:149} INFO - [2023-07-05T13:10:09.317+0000] {dag.py:3490} INFO - Setting next_dagrun for example_params_trigger_ui to None, run_after=None
[2023-07-05T13:10:09.350+0000] {processor.py:179} INFO - Processing /home/airflow/.local/lib/python3.7/site-packages/airflow/example_dags/example_params_trigger_ui.py took 0.248 seconds
[2023-07-05T13:10:40.447+0000] {processor.py:157} INFO - Started process (PID=2358) to work on /home/airflow/.local/lib/python3.7/site-packages/airflow/example_dags/example_params_trigger_ui.py
[2023-07-05T13:10:40.449+0000] {processor.py:826} INFO - Processing file /home/airflow/.local/lib/python3.7/site-packages/airflow/example_dags/example_params_trigger_ui.py for tasks to queue
[2023-07-05T13:10:40.450+0000] {logging_mixin.py:149} INFO - [2023-07-05T13:10:40.450+0000] {dagbag.py:541} INFO - Filling up the DagBag from /home/airflow/.local/lib/python3.7/site-packages/airflow/example_dags/example_params_trigger_ui.py
[2023-07-05T13:10:40.484+0000] {processor.py:836} INFO - DAG(s) dict_keys(['example_params_trigger_ui']) retrieved from /home/airflow/.local/lib/python3.7/site-packages/airflow/example_dags/example_params_trigger_ui.py
[2023-07-05T13:10:40.644+0000] {logging_mixin.py:149} INFO - [2023-07-05T13:10:40.644+0000] {dag.py:2726} INFO - Sync 1 DAGs
[2023-07-05T13:10:40.690+0000] {logging_mixin.py:149} INFO - [2023-07-05T13:10:40.690+0000] {dag.py:3490} INFO - Setting next_dagrun for example_params_trigger_ui to None, run_after=None
[2023-07-05T13:10:40.723+0000] {processor.py:179} INFO - Processing /home/airflow/.local/lib/python3.7/site-packages/airflow/example_dags/example_params_trigger_ui.py took 0.282 seconds
[2023-07-05T13:11:11.876+0000] {processor.py:157} INFO - Started process (PID=2415) to work on /home/airflow/.local/lib/python3.7/site-packages/airflow/example_dags/example_params_trigger_ui.py
[2023-07-05T13:11:11.877+0000] {processor.py:826} INFO - Processing file /home/airflow/.local/lib/python3.7/site-packages/airflow/example_dags/example_params_trigger_ui.py for tasks to queue
[2023-07-05T13:11:11.878+0000] {logging_mixin.py:149} INFO - [2023-07-05T13:11:11.878+0000] {dagbag.py:541} INFO - Filling up the DagBag from /home/airflow/.local/lib/python3.7/site-packages/airflow/example_dags/example_params_trigger_ui.py
[2023-07-05T13:11:11.911+0000] {processor.py:836} INFO - DAG(s) dict_keys(['example_params_trigger_ui']) retrieved from /home/airflow/.local/lib/python3.7/site-packages/airflow/example_dags/example_params_trigger_ui.py
[2023-07-05T13:11:12.048+0000] {logging_mixin.py:149} INFO - [2023-07-05T13:11:12.048+0000] {dag.py:2726} INFO - Sync 1 DAGs
[2023-07-05T13:11:12.082+0000] {logging_mixin.py:149} INFO - [2023-07-05T13:11:12.082+0000] {dag.py:3490} INFO - Setting next_dagrun for example_params_trigger_ui to None, run_after=None
[2023-07-05T13:11:12.107+0000] {processor.py:179} INFO - Processing /home/airflow/.local/lib/python3.7/site-packages/airflow/example_dags/example_params_trigger_ui.py took 0.235 seconds
[2023-07-05T13:11:43.386+0000] {processor.py:157} INFO - Started process (PID=2472) to work on /home/airflow/.local/lib/python3.7/site-packages/airflow/example_dags/example_params_trigger_ui.py
[2023-07-05T13:11:43.388+0000] {processor.py:826} INFO - Processing file /home/airflow/.local/lib/python3.7/site-packages/airflow/example_dags/example_params_trigger_ui.py for tasks to queue
[2023-07-05T13:11:43.388+0000] {logging_mixin.py:149} INFO - [2023-07-05T13:11:43.388+0000] {dagbag.py:541} INFO - Filling up the DagBag from /home/airflow/.local/lib/python3.7/site-packages/airflow/example_dags/example_params_trigger_ui.py
[2023-07-05T13:11:43.416+0000] {processor.py:836} INFO - DAG(s) dict_keys(['example_params_trigger_ui']) retrieved from /home/airflow/.local/lib/python3.7/site-packages/airflow/example_dags/example_params_trigger_ui.py
[2023-07-05T13:11:43.538+0000] {logging_mixin.py:149} INFO - [2023-07-05T13:11:43.538+0000] {dag.py:2726} INFO - Sync 1 DAGs
[2023-07-05T13:11:43.571+0000] {logging_mixin.py:149} INFO - [2023-07-05T13:11:43.570+0000] {dag.py:3490} INFO - Setting next_dagrun for example_params_trigger_ui to None, run_after=None
[2023-07-05T13:11:43.603+0000] {processor.py:179} INFO - Processing /home/airflow/.local/lib/python3.7/site-packages/airflow/example_dags/example_params_trigger_ui.py took 0.220 seconds
[2023-07-05T13:12:13.792+0000] {processor.py:157} INFO - Started process (PID=2529) to work on /home/airflow/.local/lib/python3.7/site-packages/airflow/example_dags/example_params_trigger_ui.py
[2023-07-05T13:12:13.794+0000] {processor.py:826} INFO - Processing file /home/airflow/.local/lib/python3.7/site-packages/airflow/example_dags/example_params_trigger_ui.py for tasks to queue
[2023-07-05T13:12:13.795+0000] {logging_mixin.py:149} INFO - [2023-07-05T13:12:13.795+0000] {dagbag.py:541} INFO - Filling up the DagBag from /home/airflow/.local/lib/python3.7/site-packages/airflow/example_dags/example_params_trigger_ui.py
[2023-07-05T13:12:13.824+0000] {processor.py:836} INFO - DAG(s) dict_keys(['example_params_trigger_ui']) retrieved from /home/airflow/.local/lib/python3.7/site-packages/airflow/example_dags/example_params_trigger_ui.py
[2023-07-05T13:12:13.964+0000] {logging_mixin.py:149} INFO - [2023-07-05T13:12:13.964+0000] {dag.py:2726} INFO - Sync 1 DAGs
[2023-07-05T13:12:14.004+0000] {logging_mixin.py:149} INFO - [2023-07-05T13:12:14.003+0000] {dag.py:3490} INFO - Setting next_dagrun for example_params_trigger_ui to None, run_after=None
[2023-07-05T13:12:14.042+0000] {processor.py:179} INFO - Processing /home/airflow/.local/lib/python3.7/site-packages/airflow/example_dags/example_params_trigger_ui.py took 0.254 seconds
[2023-07-05T13:12:44.316+0000] {processor.py:157} INFO - Started process (PID=2586) to work on /home/airflow/.local/lib/python3.7/site-packages/airflow/example_dags/example_params_trigger_ui.py
[2023-07-05T13:12:44.317+0000] {processor.py:826} INFO - Processing file /home/airflow/.local/lib/python3.7/site-packages/airflow/example_dags/example_params_trigger_ui.py for tasks to queue
[2023-07-05T13:12:44.318+0000] {logging_mixin.py:149} INFO - [2023-07-05T13:12:44.318+0000] {dagbag.py:541} INFO - Filling up the DagBag from /home/airflow/.local/lib/python3.7/site-packages/airflow/example_dags/example_params_trigger_ui.py
[2023-07-05T13:12:44.351+0000] {processor.py:836} INFO - DAG(s) dict_keys(['example_params_trigger_ui']) retrieved from /home/airflow/.local/lib/python3.7/site-packages/airflow/example_dags/example_params_trigger_ui.py
[2023-07-05T13:12:44.486+0000] {logging_mixin.py:149} INFO - [2023-07-05T13:12:44.486+0000] {dag.py:2726} INFO - Sync 1 DAGs
[2023-07-05T13:12:44.524+0000] {logging_mixin.py:149} INFO - [2023-07-05T13:12:44.524+0000] {dag.py:3490} INFO - Setting next_dagrun for example_params_trigger_ui to None, run_after=None
[2023-07-05T13:12:44.562+0000] {processor.py:179} INFO - Processing /home/airflow/.local/lib/python3.7/site-packages/airflow/example_dags/example_params_trigger_ui.py took 0.250 seconds
[2023-07-05T13:13:14.782+0000] {processor.py:157} INFO - Started process (PID=2643) to work on /home/airflow/.local/lib/python3.7/site-packages/airflow/example_dags/example_params_trigger_ui.py
[2023-07-05T13:13:14.784+0000] {processor.py:826} INFO - Processing file /home/airflow/.local/lib/python3.7/site-packages/airflow/example_dags/example_params_trigger_ui.py for tasks to queue
[2023-07-05T13:13:14.785+0000] {logging_mixin.py:149} INFO - [2023-07-05T13:13:14.785+0000] {dagbag.py:541} INFO - Filling up the DagBag from /home/airflow/.local/lib/python3.7/site-packages/airflow/example_dags/example_params_trigger_ui.py
[2023-07-05T13:13:14.819+0000] {processor.py:836} INFO - DAG(s) dict_keys(['example_params_trigger_ui']) retrieved from /home/airflow/.local/lib/python3.7/site-packages/airflow/example_dags/example_params_trigger_ui.py
[2023-07-05T13:13:14.964+0000] {logging_mixin.py:149} INFO - [2023-07-05T13:13:14.964+0000] {dag.py:2726} INFO - Sync 1 DAGs
[2023-07-05T13:13:15.013+0000] {logging_mixin.py:149} INFO - [2023-07-05T13:13:15.013+0000] {dag.py:3490} INFO - Setting next_dagrun for example_params_trigger_ui to None, run_after=None
[2023-07-05T13:13:15.048+0000] {processor.py:179} INFO - Processing /home/airflow/.local/lib/python3.7/site-packages/airflow/example_dags/example_params_trigger_ui.py took 0.270 seconds
[2023-07-05T13:13:46.066+0000] {processor.py:157} INFO - Started process (PID=2700) to work on /home/airflow/.local/lib/python3.7/site-packages/airflow/example_dags/example_params_trigger_ui.py
[2023-07-05T13:13:46.067+0000] {processor.py:826} INFO - Processing file /home/airflow/.local/lib/python3.7/site-packages/airflow/example_dags/example_params_trigger_ui.py for tasks to queue
[2023-07-05T13:13:46.068+0000] {logging_mixin.py:149} INFO - [2023-07-05T13:13:46.068+0000] {dagbag.py:541} INFO - Filling up the DagBag from /home/airflow/.local/lib/python3.7/site-packages/airflow/example_dags/example_params_trigger_ui.py
[2023-07-05T13:13:46.101+0000] {processor.py:836} INFO - DAG(s) dict_keys(['example_params_trigger_ui']) retrieved from /home/airflow/.local/lib/python3.7/site-packages/airflow/example_dags/example_params_trigger_ui.py
[2023-07-05T13:13:46.233+0000] {logging_mixin.py:149} INFO - [2023-07-05T13:13:46.232+0000] {dag.py:2726} INFO - Sync 1 DAGs
[2023-07-05T13:13:46.267+0000] {logging_mixin.py:149} INFO - [2023-07-05T13:13:46.266+0000] {dag.py:3490} INFO - Setting next_dagrun for example_params_trigger_ui to None, run_after=None
[2023-07-05T13:13:46.288+0000] {processor.py:179} INFO - Processing /home/airflow/.local/lib/python3.7/site-packages/airflow/example_dags/example_params_trigger_ui.py took 0.227 seconds
[2023-07-05T13:14:17.281+0000] {processor.py:157} INFO - Started process (PID=2758) to work on /home/airflow/.local/lib/python3.7/site-packages/airflow/example_dags/example_params_trigger_ui.py
[2023-07-05T13:14:17.283+0000] {processor.py:826} INFO - Processing file /home/airflow/.local/lib/python3.7/site-packages/airflow/example_dags/example_params_trigger_ui.py for tasks to queue
[2023-07-05T13:14:17.284+0000] {logging_mixin.py:149} INFO - [2023-07-05T13:14:17.284+0000] {dagbag.py:541} INFO - Filling up the DagBag from /home/airflow/.local/lib/python3.7/site-packages/airflow/example_dags/example_params_trigger_ui.py
[2023-07-05T13:14:17.315+0000] {processor.py:836} INFO - DAG(s) dict_keys(['example_params_trigger_ui']) retrieved from /home/airflow/.local/lib/python3.7/site-packages/airflow/example_dags/example_params_trigger_ui.py
[2023-07-05T13:14:17.470+0000] {logging_mixin.py:149} INFO - [2023-07-05T13:14:17.470+0000] {dag.py:2726} INFO - Sync 1 DAGs
[2023-07-05T13:14:17.510+0000] {logging_mixin.py:149} INFO - [2023-07-05T13:14:17.509+0000] {dag.py:3490} INFO - Setting next_dagrun for example_params_trigger_ui to None, run_after=None
[2023-07-05T13:14:17.535+0000] {processor.py:179} INFO - Processing /home/airflow/.local/lib/python3.7/site-packages/airflow/example_dags/example_params_trigger_ui.py took 0.258 seconds
[2023-07-05T13:14:48.731+0000] {processor.py:157} INFO - Started process (PID=2815) to work on /home/airflow/.local/lib/python3.7/site-packages/airflow/example_dags/example_params_trigger_ui.py
[2023-07-05T13:14:48.732+0000] {processor.py:826} INFO - Processing file /home/airflow/.local/lib/python3.7/site-packages/airflow/example_dags/example_params_trigger_ui.py for tasks to queue
[2023-07-05T13:14:48.733+0000] {logging_mixin.py:149} INFO - [2023-07-05T13:14:48.733+0000] {dagbag.py:541} INFO - Filling up the DagBag from /home/airflow/.local/lib/python3.7/site-packages/airflow/example_dags/example_params_trigger_ui.py
[2023-07-05T13:14:48.760+0000] {processor.py:836} INFO - DAG(s) dict_keys(['example_params_trigger_ui']) retrieved from /home/airflow/.local/lib/python3.7/site-packages/airflow/example_dags/example_params_trigger_ui.py
[2023-07-05T13:14:48.906+0000] {logging_mixin.py:149} INFO - [2023-07-05T13:14:48.906+0000] {dag.py:2726} INFO - Sync 1 DAGs
[2023-07-05T13:14:48.951+0000] {logging_mixin.py:149} INFO - [2023-07-05T13:14:48.951+0000] {dag.py:3490} INFO - Setting next_dagrun for example_params_trigger_ui to None, run_after=None
[2023-07-05T13:14:48.979+0000] {processor.py:179} INFO - Processing /home/airflow/.local/lib/python3.7/site-packages/airflow/example_dags/example_params_trigger_ui.py took 0.252 seconds
[2023-07-05T13:15:20.123+0000] {processor.py:157} INFO - Started process (PID=2872) to work on /home/airflow/.local/lib/python3.7/site-packages/airflow/example_dags/example_params_trigger_ui.py
[2023-07-05T13:15:20.127+0000] {processor.py:826} INFO - Processing file /home/airflow/.local/lib/python3.7/site-packages/airflow/example_dags/example_params_trigger_ui.py for tasks to queue
[2023-07-05T13:15:20.141+0000] {logging_mixin.py:149} INFO - [2023-07-05T13:15:20.141+0000] {dagbag.py:541} INFO - Filling up the DagBag from /home/airflow/.local/lib/python3.7/site-packages/airflow/example_dags/example_params_trigger_ui.py
[2023-07-05T13:15:20.172+0000] {processor.py:836} INFO - DAG(s) dict_keys(['example_params_trigger_ui']) retrieved from /home/airflow/.local/lib/python3.7/site-packages/airflow/example_dags/example_params_trigger_ui.py
[2023-07-05T13:15:20.323+0000] {logging_mixin.py:149} INFO - [2023-07-05T13:15:20.323+0000] {dag.py:2726} INFO - Sync 1 DAGs
[2023-07-05T13:15:20.358+0000] {logging_mixin.py:149} INFO - [2023-07-05T13:15:20.358+0000] {dag.py:3490} INFO - Setting next_dagrun for example_params_trigger_ui to None, run_after=None
[2023-07-05T13:15:20.394+0000] {processor.py:179} INFO - Processing /home/airflow/.local/lib/python3.7/site-packages/airflow/example_dags/example_params_trigger_ui.py took 0.278 seconds
[2023-07-05T13:15:50.652+0000] {processor.py:157} INFO - Started process (PID=2936) to work on /home/airflow/.local/lib/python3.7/site-packages/airflow/example_dags/example_params_trigger_ui.py
[2023-07-05T13:15:50.654+0000] {processor.py:826} INFO - Processing file /home/airflow/.local/lib/python3.7/site-packages/airflow/example_dags/example_params_trigger_ui.py for tasks to queue
[2023-07-05T13:15:50.654+0000] {logging_mixin.py:149} INFO - [2023-07-05T13:15:50.654+0000] {dagbag.py:541} INFO - Filling up the DagBag from /home/airflow/.local/lib/python3.7/site-packages/airflow/example_dags/example_params_trigger_ui.py
[2023-07-05T13:15:50.684+0000] {processor.py:836} INFO - DAG(s) dict_keys(['example_params_trigger_ui']) retrieved from /home/airflow/.local/lib/python3.7/site-packages/airflow/example_dags/example_params_trigger_ui.py
[2023-07-05T13:15:50.846+0000] {logging_mixin.py:149} INFO - [2023-07-05T13:15:50.846+0000] {dag.py:2726} INFO - Sync 1 DAGs
[2023-07-05T13:15:50.892+0000] {logging_mixin.py:149} INFO - [2023-07-05T13:15:50.892+0000] {dag.py:3490} INFO - Setting next_dagrun for example_params_trigger_ui to None, run_after=None
[2023-07-05T13:15:50.931+0000] {processor.py:179} INFO - Processing /home/airflow/.local/lib/python3.7/site-packages/airflow/example_dags/example_params_trigger_ui.py took 0.284 seconds
[2023-07-05T13:16:21.995+0000] {processor.py:157} INFO - Started process (PID=2993) to work on /home/airflow/.local/lib/python3.7/site-packages/airflow/example_dags/example_params_trigger_ui.py
[2023-07-05T13:16:21.995+0000] {processor.py:826} INFO - Processing file /home/airflow/.local/lib/python3.7/site-packages/airflow/example_dags/example_params_trigger_ui.py for tasks to queue
[2023-07-05T13:16:21.996+0000] {logging_mixin.py:149} INFO - [2023-07-05T13:16:21.996+0000] {dagbag.py:541} INFO - Filling up the DagBag from /home/airflow/.local/lib/python3.7/site-packages/airflow/example_dags/example_params_trigger_ui.py
[2023-07-05T13:16:22.032+0000] {processor.py:836} INFO - DAG(s) dict_keys(['example_params_trigger_ui']) retrieved from /home/airflow/.local/lib/python3.7/site-packages/airflow/example_dags/example_params_trigger_ui.py
[2023-07-05T13:16:22.166+0000] {logging_mixin.py:149} INFO - [2023-07-05T13:16:22.166+0000] {dag.py:2726} INFO - Sync 1 DAGs
[2023-07-05T13:16:22.221+0000] {logging_mixin.py:149} INFO - [2023-07-05T13:16:22.221+0000] {dag.py:3490} INFO - Setting next_dagrun for example_params_trigger_ui to None, run_after=None
[2023-07-05T13:16:22.259+0000] {processor.py:179} INFO - Processing /home/airflow/.local/lib/python3.7/site-packages/airflow/example_dags/example_params_trigger_ui.py took 0.269 seconds
[2023-07-05T13:16:53.442+0000] {processor.py:157} INFO - Started process (PID=3051) to work on /home/airflow/.local/lib/python3.7/site-packages/airflow/example_dags/example_params_trigger_ui.py
[2023-07-05T13:16:53.443+0000] {processor.py:826} INFO - Processing file /home/airflow/.local/lib/python3.7/site-packages/airflow/example_dags/example_params_trigger_ui.py for tasks to queue
[2023-07-05T13:16:53.444+0000] {logging_mixin.py:149} INFO - [2023-07-05T13:16:53.444+0000] {dagbag.py:541} INFO - Filling up the DagBag from /home/airflow/.local/lib/python3.7/site-packages/airflow/example_dags/example_params_trigger_ui.py
[2023-07-05T13:16:53.469+0000] {processor.py:836} INFO - DAG(s) dict_keys(['example_params_trigger_ui']) retrieved from /home/airflow/.local/lib/python3.7/site-packages/airflow/example_dags/example_params_trigger_ui.py
[2023-07-05T13:16:53.608+0000] {logging_mixin.py:149} INFO - [2023-07-05T13:16:53.607+0000] {dag.py:2726} INFO - Sync 1 DAGs
[2023-07-05T13:16:53.645+0000] {logging_mixin.py:149} INFO - [2023-07-05T13:16:53.645+0000] {dag.py:3490} INFO - Setting next_dagrun for example_params_trigger_ui to None, run_after=None
[2023-07-05T13:16:53.671+0000] {processor.py:179} INFO - Processing /home/airflow/.local/lib/python3.7/site-packages/airflow/example_dags/example_params_trigger_ui.py took 0.233 seconds
[2023-07-05T13:17:24.126+0000] {processor.py:157} INFO - Started process (PID=3108) to work on /home/airflow/.local/lib/python3.7/site-packages/airflow/example_dags/example_params_trigger_ui.py
[2023-07-05T13:17:24.127+0000] {processor.py:826} INFO - Processing file /home/airflow/.local/lib/python3.7/site-packages/airflow/example_dags/example_params_trigger_ui.py for tasks to queue
[2023-07-05T13:17:24.128+0000] {logging_mixin.py:149} INFO - [2023-07-05T13:17:24.128+0000] {dagbag.py:541} INFO - Filling up the DagBag from /home/airflow/.local/lib/python3.7/site-packages/airflow/example_dags/example_params_trigger_ui.py
[2023-07-05T13:17:24.157+0000] {processor.py:836} INFO - DAG(s) dict_keys(['example_params_trigger_ui']) retrieved from /home/airflow/.local/lib/python3.7/site-packages/airflow/example_dags/example_params_trigger_ui.py
[2023-07-05T13:17:24.284+0000] {logging_mixin.py:149} INFO - [2023-07-05T13:17:24.284+0000] {dag.py:2726} INFO - Sync 1 DAGs
[2023-07-05T13:17:24.322+0000] {logging_mixin.py:149} INFO - [2023-07-05T13:17:24.321+0000] {dag.py:3490} INFO - Setting next_dagrun for example_params_trigger_ui to None, run_after=None
[2023-07-05T13:17:24.344+0000] {processor.py:179} INFO - Processing /home/airflow/.local/lib/python3.7/site-packages/airflow/example_dags/example_params_trigger_ui.py took 0.223 seconds
[2023-07-05T13:17:55.480+0000] {processor.py:157} INFO - Started process (PID=3165) to work on /home/airflow/.local/lib/python3.7/site-packages/airflow/example_dags/example_params_trigger_ui.py
[2023-07-05T13:17:55.481+0000] {processor.py:826} INFO - Processing file /home/airflow/.local/lib/python3.7/site-packages/airflow/example_dags/example_params_trigger_ui.py for tasks to queue
[2023-07-05T13:17:55.482+0000] {logging_mixin.py:149} INFO - [2023-07-05T13:17:55.482+0000] {dagbag.py:541} INFO - Filling up the DagBag from /home/airflow/.local/lib/python3.7/site-packages/airflow/example_dags/example_params_trigger_ui.py
[2023-07-05T13:17:55.515+0000] {processor.py:836} INFO - DAG(s) dict_keys(['example_params_trigger_ui']) retrieved from /home/airflow/.local/lib/python3.7/site-packages/airflow/example_dags/example_params_trigger_ui.py
[2023-07-05T13:17:55.658+0000] {logging_mixin.py:149} INFO - [2023-07-05T13:17:55.657+0000] {dag.py:2726} INFO - Sync 1 DAGs
[2023-07-05T13:17:55.698+0000] {logging_mixin.py:149} INFO - [2023-07-05T13:17:55.698+0000] {dag.py:3490} INFO - Setting next_dagrun for example_params_trigger_ui to None, run_after=None
[2023-07-05T13:17:55.725+0000] {processor.py:179} INFO - Processing /home/airflow/.local/lib/python3.7/site-packages/airflow/example_dags/example_params_trigger_ui.py took 0.249 seconds
