[2023-07-05T12:49:58.191+0000] {processor.py:157} INFO - Started process (PID=56) to work on /home/airflow/.local/lib/python3.7/site-packages/airflow/example_dags/example_branch_operator_decorator.py
[2023-07-05T12:49:58.192+0000] {processor.py:826} INFO - Processing file /home/airflow/.local/lib/python3.7/site-packages/airflow/example_dags/example_branch_operator_decorator.py for tasks to queue
[2023-07-05T12:49:58.193+0000] {logging_mixin.py:149} INFO - [2023-07-05T12:49:58.193+0000] {dagbag.py:541} INFO - Filling up the DagBag from /home/airflow/.local/lib/python3.7/site-packages/airflow/example_dags/example_branch_operator_decorator.py
[2023-07-05T12:49:58.205+0000] {processor.py:836} INFO - DAG(s) dict_keys(['example_branch_python_operator_decorator']) retrieved from /home/airflow/.local/lib/python3.7/site-packages/airflow/example_dags/example_branch_operator_decorator.py
[2023-07-05T12:49:58.223+0000] {logging_mixin.py:149} INFO - [2023-07-05T12:49:58.222+0000] {dag.py:2726} INFO - Sync 1 DAGs
[2023-07-05T12:49:58.259+0000] {logging_mixin.py:149} INFO - [2023-07-05T12:49:58.259+0000] {dag.py:3490} INFO - Setting next_dagrun for example_branch_python_operator_decorator to 2023-07-04T00:00:00+00:00, run_after=2023-07-05T00:00:00+00:00
[2023-07-05T12:49:58.284+0000] {processor.py:179} INFO - Processing /home/airflow/.local/lib/python3.7/site-packages/airflow/example_dags/example_branch_operator_decorator.py took 0.096 seconds
[2023-07-05T12:50:32.551+0000] {processor.py:157} INFO - Started process (PID=113) to work on /home/airflow/.local/lib/python3.7/site-packages/airflow/example_dags/example_branch_operator_decorator.py
[2023-07-05T12:50:32.552+0000] {processor.py:826} INFO - Processing file /home/airflow/.local/lib/python3.7/site-packages/airflow/example_dags/example_branch_operator_decorator.py for tasks to queue
[2023-07-05T12:50:32.553+0000] {logging_mixin.py:149} INFO - [2023-07-05T12:50:32.553+0000] {dagbag.py:541} INFO - Filling up the DagBag from /home/airflow/.local/lib/python3.7/site-packages/airflow/example_dags/example_branch_operator_decorator.py
[2023-07-05T12:50:32.565+0000] {processor.py:836} INFO - DAG(s) dict_keys(['example_branch_python_operator_decorator']) retrieved from /home/airflow/.local/lib/python3.7/site-packages/airflow/example_dags/example_branch_operator_decorator.py
[2023-07-05T12:50:32.600+0000] {logging_mixin.py:149} INFO - [2023-07-05T12:50:32.600+0000] {dag.py:2726} INFO - Sync 1 DAGs
[2023-07-05T12:50:32.655+0000] {logging_mixin.py:149} INFO - [2023-07-05T12:50:32.652+0000] {dag.py:3490} INFO - Setting next_dagrun for example_branch_python_operator_decorator to 2023-07-04T00:00:00+00:00, run_after=2023-07-05T00:00:00+00:00
[2023-07-05T12:50:32.688+0000] {processor.py:179} INFO - Processing /home/airflow/.local/lib/python3.7/site-packages/airflow/example_dags/example_branch_operator_decorator.py took 0.140 seconds
[2023-07-05T12:51:03.937+0000] {processor.py:157} INFO - Started process (PID=171) to work on /home/airflow/.local/lib/python3.7/site-packages/airflow/example_dags/example_branch_operator_decorator.py
[2023-07-05T12:51:03.938+0000] {processor.py:826} INFO - Processing file /home/airflow/.local/lib/python3.7/site-packages/airflow/example_dags/example_branch_operator_decorator.py for tasks to queue
[2023-07-05T12:51:03.939+0000] {logging_mixin.py:149} INFO - [2023-07-05T12:51:03.939+0000] {dagbag.py:541} INFO - Filling up the DagBag from /home/airflow/.local/lib/python3.7/site-packages/airflow/example_dags/example_branch_operator_decorator.py
[2023-07-05T12:51:03.952+0000] {processor.py:836} INFO - DAG(s) dict_keys(['example_branch_python_operator_decorator']) retrieved from /home/airflow/.local/lib/python3.7/site-packages/airflow/example_dags/example_branch_operator_decorator.py
[2023-07-05T12:51:03.988+0000] {logging_mixin.py:149} INFO - [2023-07-05T12:51:03.988+0000] {dag.py:2726} INFO - Sync 1 DAGs
[2023-07-05T12:51:04.035+0000] {logging_mixin.py:149} INFO - [2023-07-05T12:51:04.035+0000] {dag.py:3490} INFO - Setting next_dagrun for example_branch_python_operator_decorator to 2023-07-04T00:00:00+00:00, run_after=2023-07-05T00:00:00+00:00
[2023-07-05T12:51:04.070+0000] {processor.py:179} INFO - Processing /home/airflow/.local/lib/python3.7/site-packages/airflow/example_dags/example_branch_operator_decorator.py took 0.137 seconds
[2023-07-05T12:51:35.063+0000] {processor.py:157} INFO - Started process (PID=228) to work on /home/airflow/.local/lib/python3.7/site-packages/airflow/example_dags/example_branch_operator_decorator.py
[2023-07-05T12:51:35.064+0000] {processor.py:826} INFO - Processing file /home/airflow/.local/lib/python3.7/site-packages/airflow/example_dags/example_branch_operator_decorator.py for tasks to queue
[2023-07-05T12:51:35.065+0000] {logging_mixin.py:149} INFO - [2023-07-05T12:51:35.065+0000] {dagbag.py:541} INFO - Filling up the DagBag from /home/airflow/.local/lib/python3.7/site-packages/airflow/example_dags/example_branch_operator_decorator.py
[2023-07-05T12:51:35.077+0000] {processor.py:836} INFO - DAG(s) dict_keys(['example_branch_python_operator_decorator']) retrieved from /home/airflow/.local/lib/python3.7/site-packages/airflow/example_dags/example_branch_operator_decorator.py
[2023-07-05T12:51:35.119+0000] {logging_mixin.py:149} INFO - [2023-07-05T12:51:35.119+0000] {dag.py:2726} INFO - Sync 1 DAGs
[2023-07-05T12:51:35.171+0000] {logging_mixin.py:149} INFO - [2023-07-05T12:51:35.170+0000] {dag.py:3490} INFO - Setting next_dagrun for example_branch_python_operator_decorator to 2023-07-04T00:00:00+00:00, run_after=2023-07-05T00:00:00+00:00
[2023-07-05T12:51:35.222+0000] {processor.py:179} INFO - Processing /home/airflow/.local/lib/python3.7/site-packages/airflow/example_dags/example_branch_operator_decorator.py took 0.163 seconds
[2023-07-05T12:52:05.249+0000] {processor.py:157} INFO - Started process (PID=284) to work on /home/airflow/.local/lib/python3.7/site-packages/airflow/example_dags/example_branch_operator_decorator.py
[2023-07-05T12:52:05.250+0000] {processor.py:826} INFO - Processing file /home/airflow/.local/lib/python3.7/site-packages/airflow/example_dags/example_branch_operator_decorator.py for tasks to queue
[2023-07-05T12:52:05.251+0000] {logging_mixin.py:149} INFO - [2023-07-05T12:52:05.251+0000] {dagbag.py:541} INFO - Filling up the DagBag from /home/airflow/.local/lib/python3.7/site-packages/airflow/example_dags/example_branch_operator_decorator.py
[2023-07-05T12:52:05.265+0000] {processor.py:836} INFO - DAG(s) dict_keys(['example_branch_python_operator_decorator']) retrieved from /home/airflow/.local/lib/python3.7/site-packages/airflow/example_dags/example_branch_operator_decorator.py
[2023-07-05T12:52:05.313+0000] {logging_mixin.py:149} INFO - [2023-07-05T12:52:05.313+0000] {dag.py:2726} INFO - Sync 1 DAGs
[2023-07-05T12:52:05.359+0000] {logging_mixin.py:149} INFO - [2023-07-05T12:52:05.359+0000] {dag.py:3490} INFO - Setting next_dagrun for example_branch_python_operator_decorator to 2023-07-04T00:00:00+00:00, run_after=2023-07-05T00:00:00+00:00
[2023-07-05T12:52:05.387+0000] {processor.py:179} INFO - Processing /home/airflow/.local/lib/python3.7/site-packages/airflow/example_dags/example_branch_operator_decorator.py took 0.144 seconds
[2023-07-05T12:52:35.827+0000] {processor.py:157} INFO - Started process (PID=341) to work on /home/airflow/.local/lib/python3.7/site-packages/airflow/example_dags/example_branch_operator_decorator.py
[2023-07-05T12:52:35.828+0000] {processor.py:826} INFO - Processing file /home/airflow/.local/lib/python3.7/site-packages/airflow/example_dags/example_branch_operator_decorator.py for tasks to queue
[2023-07-05T12:52:35.829+0000] {logging_mixin.py:149} INFO - [2023-07-05T12:52:35.829+0000] {dagbag.py:541} INFO - Filling up the DagBag from /home/airflow/.local/lib/python3.7/site-packages/airflow/example_dags/example_branch_operator_decorator.py
[2023-07-05T12:52:35.840+0000] {processor.py:836} INFO - DAG(s) dict_keys(['example_branch_python_operator_decorator']) retrieved from /home/airflow/.local/lib/python3.7/site-packages/airflow/example_dags/example_branch_operator_decorator.py
[2023-07-05T12:52:35.881+0000] {logging_mixin.py:149} INFO - [2023-07-05T12:52:35.880+0000] {dag.py:2726} INFO - Sync 1 DAGs
[2023-07-05T12:52:36.116+0000] {logging_mixin.py:149} INFO - [2023-07-05T12:52:36.116+0000] {dag.py:3490} INFO - Setting next_dagrun for example_branch_python_operator_decorator to 2023-07-04T00:00:00+00:00, run_after=2023-07-05T00:00:00+00:00
[2023-07-05T12:52:36.147+0000] {processor.py:179} INFO - Processing /home/airflow/.local/lib/python3.7/site-packages/airflow/example_dags/example_branch_operator_decorator.py took 0.324 seconds
[2023-07-05T12:53:06.851+0000] {processor.py:157} INFO - Started process (PID=398) to work on /home/airflow/.local/lib/python3.7/site-packages/airflow/example_dags/example_branch_operator_decorator.py
[2023-07-05T12:53:06.852+0000] {processor.py:826} INFO - Processing file /home/airflow/.local/lib/python3.7/site-packages/airflow/example_dags/example_branch_operator_decorator.py for tasks to queue
[2023-07-05T12:53:06.853+0000] {logging_mixin.py:149} INFO - [2023-07-05T12:53:06.853+0000] {dagbag.py:541} INFO - Filling up the DagBag from /home/airflow/.local/lib/python3.7/site-packages/airflow/example_dags/example_branch_operator_decorator.py
[2023-07-05T12:53:06.868+0000] {processor.py:836} INFO - DAG(s) dict_keys(['example_branch_python_operator_decorator']) retrieved from /home/airflow/.local/lib/python3.7/site-packages/airflow/example_dags/example_branch_operator_decorator.py
[2023-07-05T12:53:06.902+0000] {logging_mixin.py:149} INFO - [2023-07-05T12:53:06.902+0000] {dag.py:2726} INFO - Sync 1 DAGs
[2023-07-05T12:53:06.943+0000] {logging_mixin.py:149} INFO - [2023-07-05T12:53:06.943+0000] {dag.py:3490} INFO - Setting next_dagrun for example_branch_python_operator_decorator to 2023-07-04T00:00:00+00:00, run_after=2023-07-05T00:00:00+00:00
[2023-07-05T12:53:06.973+0000] {processor.py:179} INFO - Processing /home/airflow/.local/lib/python3.7/site-packages/airflow/example_dags/example_branch_operator_decorator.py took 0.126 seconds
[2023-07-05T12:53:37.259+0000] {processor.py:157} INFO - Started process (PID=455) to work on /home/airflow/.local/lib/python3.7/site-packages/airflow/example_dags/example_branch_operator_decorator.py
[2023-07-05T12:53:37.261+0000] {processor.py:826} INFO - Processing file /home/airflow/.local/lib/python3.7/site-packages/airflow/example_dags/example_branch_operator_decorator.py for tasks to queue
[2023-07-05T12:53:37.261+0000] {logging_mixin.py:149} INFO - [2023-07-05T12:53:37.261+0000] {dagbag.py:541} INFO - Filling up the DagBag from /home/airflow/.local/lib/python3.7/site-packages/airflow/example_dags/example_branch_operator_decorator.py
[2023-07-05T12:53:37.273+0000] {processor.py:836} INFO - DAG(s) dict_keys(['example_branch_python_operator_decorator']) retrieved from /home/airflow/.local/lib/python3.7/site-packages/airflow/example_dags/example_branch_operator_decorator.py
[2023-07-05T12:53:37.309+0000] {logging_mixin.py:149} INFO - [2023-07-05T12:53:37.309+0000] {dag.py:2726} INFO - Sync 1 DAGs
[2023-07-05T12:53:37.353+0000] {logging_mixin.py:149} INFO - [2023-07-05T12:53:37.353+0000] {dag.py:3490} INFO - Setting next_dagrun for example_branch_python_operator_decorator to 2023-07-04T00:00:00+00:00, run_after=2023-07-05T00:00:00+00:00
[2023-07-05T12:53:37.382+0000] {processor.py:179} INFO - Processing /home/airflow/.local/lib/python3.7/site-packages/airflow/example_dags/example_branch_operator_decorator.py took 0.127 seconds
[2023-07-05T12:54:07.917+0000] {processor.py:157} INFO - Started process (PID=512) to work on /home/airflow/.local/lib/python3.7/site-packages/airflow/example_dags/example_branch_operator_decorator.py
[2023-07-05T12:54:07.918+0000] {processor.py:826} INFO - Processing file /home/airflow/.local/lib/python3.7/site-packages/airflow/example_dags/example_branch_operator_decorator.py for tasks to queue
[2023-07-05T12:54:07.919+0000] {logging_mixin.py:149} INFO - [2023-07-05T12:54:07.919+0000] {dagbag.py:541} INFO - Filling up the DagBag from /home/airflow/.local/lib/python3.7/site-packages/airflow/example_dags/example_branch_operator_decorator.py
[2023-07-05T12:54:07.930+0000] {processor.py:836} INFO - DAG(s) dict_keys(['example_branch_python_operator_decorator']) retrieved from /home/airflow/.local/lib/python3.7/site-packages/airflow/example_dags/example_branch_operator_decorator.py
[2023-07-05T12:54:07.974+0000] {logging_mixin.py:149} INFO - [2023-07-05T12:54:07.974+0000] {dag.py:2726} INFO - Sync 1 DAGs
[2023-07-05T12:54:08.021+0000] {logging_mixin.py:149} INFO - [2023-07-05T12:54:08.021+0000] {dag.py:3490} INFO - Setting next_dagrun for example_branch_python_operator_decorator to 2023-07-04T00:00:00+00:00, run_after=2023-07-05T00:00:00+00:00
[2023-07-05T12:54:08.200+0000] {processor.py:179} INFO - Processing /home/airflow/.local/lib/python3.7/site-packages/airflow/example_dags/example_branch_operator_decorator.py took 0.286 seconds
[2023-07-05T12:54:38.509+0000] {processor.py:157} INFO - Started process (PID=569) to work on /home/airflow/.local/lib/python3.7/site-packages/airflow/example_dags/example_branch_operator_decorator.py
[2023-07-05T12:54:38.510+0000] {processor.py:826} INFO - Processing file /home/airflow/.local/lib/python3.7/site-packages/airflow/example_dags/example_branch_operator_decorator.py for tasks to queue
[2023-07-05T12:54:38.511+0000] {logging_mixin.py:149} INFO - [2023-07-05T12:54:38.511+0000] {dagbag.py:541} INFO - Filling up the DagBag from /home/airflow/.local/lib/python3.7/site-packages/airflow/example_dags/example_branch_operator_decorator.py
[2023-07-05T12:54:38.526+0000] {processor.py:836} INFO - DAG(s) dict_keys(['example_branch_python_operator_decorator']) retrieved from /home/airflow/.local/lib/python3.7/site-packages/airflow/example_dags/example_branch_operator_decorator.py
[2023-07-05T12:54:38.576+0000] {logging_mixin.py:149} INFO - [2023-07-05T12:54:38.576+0000] {dag.py:2726} INFO - Sync 1 DAGs
[2023-07-05T12:54:38.614+0000] {logging_mixin.py:149} INFO - [2023-07-05T12:54:38.614+0000] {dag.py:3490} INFO - Setting next_dagrun for example_branch_python_operator_decorator to 2023-07-04T00:00:00+00:00, run_after=2023-07-05T00:00:00+00:00
[2023-07-05T12:54:38.653+0000] {processor.py:179} INFO - Processing /home/airflow/.local/lib/python3.7/site-packages/airflow/example_dags/example_branch_operator_decorator.py took 0.148 seconds
[2023-07-05T12:55:09.356+0000] {processor.py:157} INFO - Started process (PID=626) to work on /home/airflow/.local/lib/python3.7/site-packages/airflow/example_dags/example_branch_operator_decorator.py
[2023-07-05T12:55:09.357+0000] {processor.py:826} INFO - Processing file /home/airflow/.local/lib/python3.7/site-packages/airflow/example_dags/example_branch_operator_decorator.py for tasks to queue
[2023-07-05T12:55:09.358+0000] {logging_mixin.py:149} INFO - [2023-07-05T12:55:09.358+0000] {dagbag.py:541} INFO - Filling up the DagBag from /home/airflow/.local/lib/python3.7/site-packages/airflow/example_dags/example_branch_operator_decorator.py
[2023-07-05T12:55:09.370+0000] {processor.py:836} INFO - DAG(s) dict_keys(['example_branch_python_operator_decorator']) retrieved from /home/airflow/.local/lib/python3.7/site-packages/airflow/example_dags/example_branch_operator_decorator.py
[2023-07-05T12:55:09.408+0000] {logging_mixin.py:149} INFO - [2023-07-05T12:55:09.408+0000] {dag.py:2726} INFO - Sync 1 DAGs
[2023-07-05T12:55:09.580+0000] {logging_mixin.py:149} INFO - [2023-07-05T12:55:09.580+0000] {dag.py:3490} INFO - Setting next_dagrun for example_branch_python_operator_decorator to 2023-07-04T00:00:00+00:00, run_after=2023-07-05T00:00:00+00:00
[2023-07-05T12:55:09.605+0000] {processor.py:179} INFO - Processing /home/airflow/.local/lib/python3.7/site-packages/airflow/example_dags/example_branch_operator_decorator.py took 0.253 seconds
[2023-07-05T12:55:40.012+0000] {processor.py:157} INFO - Started process (PID=683) to work on /home/airflow/.local/lib/python3.7/site-packages/airflow/example_dags/example_branch_operator_decorator.py
[2023-07-05T12:55:40.014+0000] {processor.py:826} INFO - Processing file /home/airflow/.local/lib/python3.7/site-packages/airflow/example_dags/example_branch_operator_decorator.py for tasks to queue
[2023-07-05T12:55:40.015+0000] {logging_mixin.py:149} INFO - [2023-07-05T12:55:40.015+0000] {dagbag.py:541} INFO - Filling up the DagBag from /home/airflow/.local/lib/python3.7/site-packages/airflow/example_dags/example_branch_operator_decorator.py
[2023-07-05T12:55:40.032+0000] {processor.py:836} INFO - DAG(s) dict_keys(['example_branch_python_operator_decorator']) retrieved from /home/airflow/.local/lib/python3.7/site-packages/airflow/example_dags/example_branch_operator_decorator.py
[2023-07-05T12:55:40.073+0000] {logging_mixin.py:149} INFO - [2023-07-05T12:55:40.073+0000] {dag.py:2726} INFO - Sync 1 DAGs
[2023-07-05T12:55:40.114+0000] {logging_mixin.py:149} INFO - [2023-07-05T12:55:40.114+0000] {dag.py:3490} INFO - Setting next_dagrun for example_branch_python_operator_decorator to 2023-07-04T00:00:00+00:00, run_after=2023-07-05T00:00:00+00:00
[2023-07-05T12:55:40.305+0000] {processor.py:179} INFO - Processing /home/airflow/.local/lib/python3.7/site-packages/airflow/example_dags/example_branch_operator_decorator.py took 0.298 seconds
[2023-07-05T12:56:10.904+0000] {processor.py:157} INFO - Started process (PID=740) to work on /home/airflow/.local/lib/python3.7/site-packages/airflow/example_dags/example_branch_operator_decorator.py
[2023-07-05T12:56:10.905+0000] {processor.py:826} INFO - Processing file /home/airflow/.local/lib/python3.7/site-packages/airflow/example_dags/example_branch_operator_decorator.py for tasks to queue
[2023-07-05T12:56:10.906+0000] {logging_mixin.py:149} INFO - [2023-07-05T12:56:10.906+0000] {dagbag.py:541} INFO - Filling up the DagBag from /home/airflow/.local/lib/python3.7/site-packages/airflow/example_dags/example_branch_operator_decorator.py
[2023-07-05T12:56:10.918+0000] {processor.py:836} INFO - DAG(s) dict_keys(['example_branch_python_operator_decorator']) retrieved from /home/airflow/.local/lib/python3.7/site-packages/airflow/example_dags/example_branch_operator_decorator.py
[2023-07-05T12:56:11.096+0000] {logging_mixin.py:149} INFO - [2023-07-05T12:56:11.096+0000] {dag.py:2726} INFO - Sync 1 DAGs
[2023-07-05T12:56:11.136+0000] {logging_mixin.py:149} INFO - [2023-07-05T12:56:11.136+0000] {dag.py:3490} INFO - Setting next_dagrun for example_branch_python_operator_decorator to 2023-07-04T00:00:00+00:00, run_after=2023-07-05T00:00:00+00:00
[2023-07-05T12:56:11.163+0000] {processor.py:179} INFO - Processing /home/airflow/.local/lib/python3.7/site-packages/airflow/example_dags/example_branch_operator_decorator.py took 0.268 seconds
[2023-07-05T12:56:41.992+0000] {processor.py:157} INFO - Started process (PID=796) to work on /home/airflow/.local/lib/python3.7/site-packages/airflow/example_dags/example_branch_operator_decorator.py
[2023-07-05T12:56:41.993+0000] {processor.py:826} INFO - Processing file /home/airflow/.local/lib/python3.7/site-packages/airflow/example_dags/example_branch_operator_decorator.py for tasks to queue
[2023-07-05T12:56:41.994+0000] {logging_mixin.py:149} INFO - [2023-07-05T12:56:41.994+0000] {dagbag.py:541} INFO - Filling up the DagBag from /home/airflow/.local/lib/python3.7/site-packages/airflow/example_dags/example_branch_operator_decorator.py
[2023-07-05T12:56:42.009+0000] {processor.py:836} INFO - DAG(s) dict_keys(['example_branch_python_operator_decorator']) retrieved from /home/airflow/.local/lib/python3.7/site-packages/airflow/example_dags/example_branch_operator_decorator.py
[2023-07-05T12:56:42.043+0000] {logging_mixin.py:149} INFO - [2023-07-05T12:56:42.043+0000] {dag.py:2726} INFO - Sync 1 DAGs
[2023-07-05T12:56:42.079+0000] {logging_mixin.py:149} INFO - [2023-07-05T12:56:42.079+0000] {dag.py:3490} INFO - Setting next_dagrun for example_branch_python_operator_decorator to 2023-07-04T00:00:00+00:00, run_after=2023-07-05T00:00:00+00:00
[2023-07-05T12:56:42.106+0000] {processor.py:179} INFO - Processing /home/airflow/.local/lib/python3.7/site-packages/airflow/example_dags/example_branch_operator_decorator.py took 0.117 seconds
[2023-07-05T12:57:12.184+0000] {processor.py:157} INFO - Started process (PID=852) to work on /home/airflow/.local/lib/python3.7/site-packages/airflow/example_dags/example_branch_operator_decorator.py
[2023-07-05T12:57:12.186+0000] {processor.py:826} INFO - Processing file /home/airflow/.local/lib/python3.7/site-packages/airflow/example_dags/example_branch_operator_decorator.py for tasks to queue
[2023-07-05T12:57:12.186+0000] {logging_mixin.py:149} INFO - [2023-07-05T12:57:12.186+0000] {dagbag.py:541} INFO - Filling up the DagBag from /home/airflow/.local/lib/python3.7/site-packages/airflow/example_dags/example_branch_operator_decorator.py
[2023-07-05T12:57:12.201+0000] {processor.py:836} INFO - DAG(s) dict_keys(['example_branch_python_operator_decorator']) retrieved from /home/airflow/.local/lib/python3.7/site-packages/airflow/example_dags/example_branch_operator_decorator.py
[2023-07-05T12:57:12.240+0000] {logging_mixin.py:149} INFO - [2023-07-05T12:57:12.239+0000] {dag.py:2726} INFO - Sync 1 DAGs
[2023-07-05T12:57:12.279+0000] {logging_mixin.py:149} INFO - [2023-07-05T12:57:12.279+0000] {dag.py:3490} INFO - Setting next_dagrun for example_branch_python_operator_decorator to 2023-07-04T00:00:00+00:00, run_after=2023-07-05T00:00:00+00:00
[2023-07-05T12:57:12.325+0000] {processor.py:179} INFO - Processing /home/airflow/.local/lib/python3.7/site-packages/airflow/example_dags/example_branch_operator_decorator.py took 0.146 seconds
[2023-07-05T12:57:42.608+0000] {processor.py:157} INFO - Started process (PID=909) to work on /home/airflow/.local/lib/python3.7/site-packages/airflow/example_dags/example_branch_operator_decorator.py
[2023-07-05T12:57:42.610+0000] {processor.py:826} INFO - Processing file /home/airflow/.local/lib/python3.7/site-packages/airflow/example_dags/example_branch_operator_decorator.py for tasks to queue
[2023-07-05T12:57:42.611+0000] {logging_mixin.py:149} INFO - [2023-07-05T12:57:42.611+0000] {dagbag.py:541} INFO - Filling up the DagBag from /home/airflow/.local/lib/python3.7/site-packages/airflow/example_dags/example_branch_operator_decorator.py
[2023-07-05T12:57:42.623+0000] {processor.py:836} INFO - DAG(s) dict_keys(['example_branch_python_operator_decorator']) retrieved from /home/airflow/.local/lib/python3.7/site-packages/airflow/example_dags/example_branch_operator_decorator.py
[2023-07-05T12:57:42.659+0000] {logging_mixin.py:149} INFO - [2023-07-05T12:57:42.659+0000] {dag.py:2726} INFO - Sync 1 DAGs
[2023-07-05T12:57:42.699+0000] {logging_mixin.py:149} INFO - [2023-07-05T12:57:42.698+0000] {dag.py:3490} INFO - Setting next_dagrun for example_branch_python_operator_decorator to 2023-07-04T00:00:00+00:00, run_after=2023-07-05T00:00:00+00:00
[2023-07-05T12:57:42.723+0000] {processor.py:179} INFO - Processing /home/airflow/.local/lib/python3.7/site-packages/airflow/example_dags/example_branch_operator_decorator.py took 0.118 seconds
[2023-07-05T12:58:12.858+0000] {processor.py:157} INFO - Started process (PID=965) to work on /home/airflow/.local/lib/python3.7/site-packages/airflow/example_dags/example_branch_operator_decorator.py
[2023-07-05T12:58:12.860+0000] {processor.py:826} INFO - Processing file /home/airflow/.local/lib/python3.7/site-packages/airflow/example_dags/example_branch_operator_decorator.py for tasks to queue
[2023-07-05T12:58:12.861+0000] {logging_mixin.py:149} INFO - [2023-07-05T12:58:12.861+0000] {dagbag.py:541} INFO - Filling up the DagBag from /home/airflow/.local/lib/python3.7/site-packages/airflow/example_dags/example_branch_operator_decorator.py
[2023-07-05T12:58:12.874+0000] {processor.py:836} INFO - DAG(s) dict_keys(['example_branch_python_operator_decorator']) retrieved from /home/airflow/.local/lib/python3.7/site-packages/airflow/example_dags/example_branch_operator_decorator.py
[2023-07-05T12:58:12.909+0000] {logging_mixin.py:149} INFO - [2023-07-05T12:58:12.909+0000] {dag.py:2726} INFO - Sync 1 DAGs
[2023-07-05T12:58:12.947+0000] {logging_mixin.py:149} INFO - [2023-07-05T12:58:12.946+0000] {dag.py:3490} INFO - Setting next_dagrun for example_branch_python_operator_decorator to 2023-07-04T00:00:00+00:00, run_after=2023-07-05T00:00:00+00:00
[2023-07-05T12:58:12.974+0000] {processor.py:179} INFO - Processing /home/airflow/.local/lib/python3.7/site-packages/airflow/example_dags/example_branch_operator_decorator.py took 0.120 seconds
[2023-07-05T12:58:43.185+0000] {processor.py:157} INFO - Started process (PID=1022) to work on /home/airflow/.local/lib/python3.7/site-packages/airflow/example_dags/example_branch_operator_decorator.py
[2023-07-05T12:58:43.186+0000] {processor.py:826} INFO - Processing file /home/airflow/.local/lib/python3.7/site-packages/airflow/example_dags/example_branch_operator_decorator.py for tasks to queue
[2023-07-05T12:58:43.187+0000] {logging_mixin.py:149} INFO - [2023-07-05T12:58:43.187+0000] {dagbag.py:541} INFO - Filling up the DagBag from /home/airflow/.local/lib/python3.7/site-packages/airflow/example_dags/example_branch_operator_decorator.py
[2023-07-05T12:58:43.199+0000] {processor.py:836} INFO - DAG(s) dict_keys(['example_branch_python_operator_decorator']) retrieved from /home/airflow/.local/lib/python3.7/site-packages/airflow/example_dags/example_branch_operator_decorator.py
[2023-07-05T12:58:43.237+0000] {logging_mixin.py:149} INFO - [2023-07-05T12:58:43.237+0000] {dag.py:2726} INFO - Sync 1 DAGs
[2023-07-05T12:58:43.276+0000] {logging_mixin.py:149} INFO - [2023-07-05T12:58:43.276+0000] {dag.py:3490} INFO - Setting next_dagrun for example_branch_python_operator_decorator to 2023-07-04T00:00:00+00:00, run_after=2023-07-05T00:00:00+00:00
[2023-07-05T12:58:43.314+0000] {processor.py:179} INFO - Processing /home/airflow/.local/lib/python3.7/site-packages/airflow/example_dags/example_branch_operator_decorator.py took 0.133 seconds
[2023-07-05T12:59:13.626+0000] {processor.py:157} INFO - Started process (PID=1078) to work on /home/airflow/.local/lib/python3.7/site-packages/airflow/example_dags/example_branch_operator_decorator.py
[2023-07-05T12:59:13.628+0000] {processor.py:826} INFO - Processing file /home/airflow/.local/lib/python3.7/site-packages/airflow/example_dags/example_branch_operator_decorator.py for tasks to queue
[2023-07-05T12:59:13.628+0000] {logging_mixin.py:149} INFO - [2023-07-05T12:59:13.628+0000] {dagbag.py:541} INFO - Filling up the DagBag from /home/airflow/.local/lib/python3.7/site-packages/airflow/example_dags/example_branch_operator_decorator.py
[2023-07-05T12:59:13.641+0000] {processor.py:836} INFO - DAG(s) dict_keys(['example_branch_python_operator_decorator']) retrieved from /home/airflow/.local/lib/python3.7/site-packages/airflow/example_dags/example_branch_operator_decorator.py
[2023-07-05T12:59:13.675+0000] {logging_mixin.py:149} INFO - [2023-07-05T12:59:13.675+0000] {dag.py:2726} INFO - Sync 1 DAGs
[2023-07-05T12:59:13.709+0000] {logging_mixin.py:149} INFO - [2023-07-05T12:59:13.709+0000] {dag.py:3490} INFO - Setting next_dagrun for example_branch_python_operator_decorator to 2023-07-04T00:00:00+00:00, run_after=2023-07-05T00:00:00+00:00
[2023-07-05T12:59:13.729+0000] {processor.py:179} INFO - Processing /home/airflow/.local/lib/python3.7/site-packages/airflow/example_dags/example_branch_operator_decorator.py took 0.107 seconds
[2023-07-05T12:59:43.997+0000] {processor.py:157} INFO - Started process (PID=1135) to work on /home/airflow/.local/lib/python3.7/site-packages/airflow/example_dags/example_branch_operator_decorator.py
[2023-07-05T12:59:43.998+0000] {processor.py:826} INFO - Processing file /home/airflow/.local/lib/python3.7/site-packages/airflow/example_dags/example_branch_operator_decorator.py for tasks to queue
[2023-07-05T12:59:43.999+0000] {logging_mixin.py:149} INFO - [2023-07-05T12:59:43.999+0000] {dagbag.py:541} INFO - Filling up the DagBag from /home/airflow/.local/lib/python3.7/site-packages/airflow/example_dags/example_branch_operator_decorator.py
[2023-07-05T12:59:44.024+0000] {processor.py:836} INFO - DAG(s) dict_keys(['example_branch_python_operator_decorator']) retrieved from /home/airflow/.local/lib/python3.7/site-packages/airflow/example_dags/example_branch_operator_decorator.py
[2023-07-05T12:59:44.068+0000] {logging_mixin.py:149} INFO - [2023-07-05T12:59:44.067+0000] {dag.py:2726} INFO - Sync 1 DAGs
[2023-07-05T12:59:44.105+0000] {logging_mixin.py:149} INFO - [2023-07-05T12:59:44.105+0000] {dag.py:3490} INFO - Setting next_dagrun for example_branch_python_operator_decorator to 2023-07-04T00:00:00+00:00, run_after=2023-07-05T00:00:00+00:00
[2023-07-05T12:59:44.129+0000] {processor.py:179} INFO - Processing /home/airflow/.local/lib/python3.7/site-packages/airflow/example_dags/example_branch_operator_decorator.py took 0.138 seconds
[2023-07-05T13:00:14.757+0000] {processor.py:157} INFO - Started process (PID=1192) to work on /home/airflow/.local/lib/python3.7/site-packages/airflow/example_dags/example_branch_operator_decorator.py
[2023-07-05T13:00:14.759+0000] {processor.py:826} INFO - Processing file /home/airflow/.local/lib/python3.7/site-packages/airflow/example_dags/example_branch_operator_decorator.py for tasks to queue
[2023-07-05T13:00:14.760+0000] {logging_mixin.py:149} INFO - [2023-07-05T13:00:14.759+0000] {dagbag.py:541} INFO - Filling up the DagBag from /home/airflow/.local/lib/python3.7/site-packages/airflow/example_dags/example_branch_operator_decorator.py
[2023-07-05T13:00:14.776+0000] {processor.py:836} INFO - DAG(s) dict_keys(['example_branch_python_operator_decorator']) retrieved from /home/airflow/.local/lib/python3.7/site-packages/airflow/example_dags/example_branch_operator_decorator.py
[2023-07-05T13:00:14.813+0000] {logging_mixin.py:149} INFO - [2023-07-05T13:00:14.813+0000] {dag.py:2726} INFO - Sync 1 DAGs
[2023-07-05T13:00:14.852+0000] {logging_mixin.py:149} INFO - [2023-07-05T13:00:14.852+0000] {dag.py:3490} INFO - Setting next_dagrun for example_branch_python_operator_decorator to 2023-07-04T00:00:00+00:00, run_after=2023-07-05T00:00:00+00:00
[2023-07-05T13:00:14.883+0000] {processor.py:179} INFO - Processing /home/airflow/.local/lib/python3.7/site-packages/airflow/example_dags/example_branch_operator_decorator.py took 0.131 seconds
[2023-07-05T13:00:45.040+0000] {processor.py:157} INFO - Started process (PID=1249) to work on /home/airflow/.local/lib/python3.7/site-packages/airflow/example_dags/example_branch_operator_decorator.py
[2023-07-05T13:00:45.041+0000] {processor.py:826} INFO - Processing file /home/airflow/.local/lib/python3.7/site-packages/airflow/example_dags/example_branch_operator_decorator.py for tasks to queue
[2023-07-05T13:00:45.042+0000] {logging_mixin.py:149} INFO - [2023-07-05T13:00:45.042+0000] {dagbag.py:541} INFO - Filling up the DagBag from /home/airflow/.local/lib/python3.7/site-packages/airflow/example_dags/example_branch_operator_decorator.py
[2023-07-05T13:00:45.055+0000] {processor.py:836} INFO - DAG(s) dict_keys(['example_branch_python_operator_decorator']) retrieved from /home/airflow/.local/lib/python3.7/site-packages/airflow/example_dags/example_branch_operator_decorator.py
[2023-07-05T13:00:45.101+0000] {logging_mixin.py:149} INFO - [2023-07-05T13:00:45.101+0000] {dag.py:2726} INFO - Sync 1 DAGs
[2023-07-05T13:00:45.155+0000] {logging_mixin.py:149} INFO - [2023-07-05T13:00:45.155+0000] {dag.py:3490} INFO - Setting next_dagrun for example_branch_python_operator_decorator to 2023-07-04T00:00:00+00:00, run_after=2023-07-05T00:00:00+00:00
[2023-07-05T13:00:45.182+0000] {processor.py:179} INFO - Processing /home/airflow/.local/lib/python3.7/site-packages/airflow/example_dags/example_branch_operator_decorator.py took 0.146 seconds
[2023-07-05T13:01:15.357+0000] {processor.py:157} INFO - Started process (PID=1306) to work on /home/airflow/.local/lib/python3.7/site-packages/airflow/example_dags/example_branch_operator_decorator.py
[2023-07-05T13:01:15.363+0000] {processor.py:826} INFO - Processing file /home/airflow/.local/lib/python3.7/site-packages/airflow/example_dags/example_branch_operator_decorator.py for tasks to queue
[2023-07-05T13:01:15.364+0000] {logging_mixin.py:149} INFO - [2023-07-05T13:01:15.364+0000] {dagbag.py:541} INFO - Filling up the DagBag from /home/airflow/.local/lib/python3.7/site-packages/airflow/example_dags/example_branch_operator_decorator.py
[2023-07-05T13:01:15.378+0000] {processor.py:836} INFO - DAG(s) dict_keys(['example_branch_python_operator_decorator']) retrieved from /home/airflow/.local/lib/python3.7/site-packages/airflow/example_dags/example_branch_operator_decorator.py
[2023-07-05T13:01:15.411+0000] {logging_mixin.py:149} INFO - [2023-07-05T13:01:15.411+0000] {dag.py:2726} INFO - Sync 1 DAGs
[2023-07-05T13:01:15.445+0000] {logging_mixin.py:149} INFO - [2023-07-05T13:01:15.444+0000] {dag.py:3490} INFO - Setting next_dagrun for example_branch_python_operator_decorator to 2023-07-04T00:00:00+00:00, run_after=2023-07-05T00:00:00+00:00
[2023-07-05T13:01:15.480+0000] {processor.py:179} INFO - Processing /home/airflow/.local/lib/python3.7/site-packages/airflow/example_dags/example_branch_operator_decorator.py took 0.127 seconds
[2023-07-05T13:01:45.658+0000] {processor.py:157} INFO - Started process (PID=1364) to work on /home/airflow/.local/lib/python3.7/site-packages/airflow/example_dags/example_branch_operator_decorator.py
[2023-07-05T13:01:45.660+0000] {processor.py:826} INFO - Processing file /home/airflow/.local/lib/python3.7/site-packages/airflow/example_dags/example_branch_operator_decorator.py for tasks to queue
[2023-07-05T13:01:45.661+0000] {logging_mixin.py:149} INFO - [2023-07-05T13:01:45.661+0000] {dagbag.py:541} INFO - Filling up the DagBag from /home/airflow/.local/lib/python3.7/site-packages/airflow/example_dags/example_branch_operator_decorator.py
[2023-07-05T13:01:45.677+0000] {processor.py:836} INFO - DAG(s) dict_keys(['example_branch_python_operator_decorator']) retrieved from /home/airflow/.local/lib/python3.7/site-packages/airflow/example_dags/example_branch_operator_decorator.py
[2023-07-05T13:01:45.722+0000] {logging_mixin.py:149} INFO - [2023-07-05T13:01:45.722+0000] {dag.py:2726} INFO - Sync 1 DAGs
[2023-07-05T13:01:45.763+0000] {logging_mixin.py:149} INFO - [2023-07-05T13:01:45.763+0000] {dag.py:3490} INFO - Setting next_dagrun for example_branch_python_operator_decorator to 2023-07-04T00:00:00+00:00, run_after=2023-07-05T00:00:00+00:00
[2023-07-05T13:01:45.793+0000] {processor.py:179} INFO - Processing /home/airflow/.local/lib/python3.7/site-packages/airflow/example_dags/example_branch_operator_decorator.py took 0.139 seconds
[2023-07-05T13:02:15.816+0000] {processor.py:157} INFO - Started process (PID=1421) to work on /home/airflow/.local/lib/python3.7/site-packages/airflow/example_dags/example_branch_operator_decorator.py
[2023-07-05T13:02:15.817+0000] {processor.py:826} INFO - Processing file /home/airflow/.local/lib/python3.7/site-packages/airflow/example_dags/example_branch_operator_decorator.py for tasks to queue
[2023-07-05T13:02:15.818+0000] {logging_mixin.py:149} INFO - [2023-07-05T13:02:15.818+0000] {dagbag.py:541} INFO - Filling up the DagBag from /home/airflow/.local/lib/python3.7/site-packages/airflow/example_dags/example_branch_operator_decorator.py
[2023-07-05T13:02:15.830+0000] {processor.py:836} INFO - DAG(s) dict_keys(['example_branch_python_operator_decorator']) retrieved from /home/airflow/.local/lib/python3.7/site-packages/airflow/example_dags/example_branch_operator_decorator.py
[2023-07-05T13:02:15.867+0000] {logging_mixin.py:149} INFO - [2023-07-05T13:02:15.867+0000] {dag.py:2726} INFO - Sync 1 DAGs
[2023-07-05T13:02:15.910+0000] {logging_mixin.py:149} INFO - [2023-07-05T13:02:15.910+0000] {dag.py:3490} INFO - Setting next_dagrun for example_branch_python_operator_decorator to 2023-07-04T00:00:00+00:00, run_after=2023-07-05T00:00:00+00:00
[2023-07-05T13:02:15.945+0000] {processor.py:179} INFO - Processing /home/airflow/.local/lib/python3.7/site-packages/airflow/example_dags/example_branch_operator_decorator.py took 0.132 seconds
[2023-07-05T13:02:46.153+0000] {processor.py:157} INFO - Started process (PID=1478) to work on /home/airflow/.local/lib/python3.7/site-packages/airflow/example_dags/example_branch_operator_decorator.py
[2023-07-05T13:02:46.155+0000] {processor.py:826} INFO - Processing file /home/airflow/.local/lib/python3.7/site-packages/airflow/example_dags/example_branch_operator_decorator.py for tasks to queue
[2023-07-05T13:02:46.156+0000] {logging_mixin.py:149} INFO - [2023-07-05T13:02:46.156+0000] {dagbag.py:541} INFO - Filling up the DagBag from /home/airflow/.local/lib/python3.7/site-packages/airflow/example_dags/example_branch_operator_decorator.py
[2023-07-05T13:02:46.168+0000] {processor.py:836} INFO - DAG(s) dict_keys(['example_branch_python_operator_decorator']) retrieved from /home/airflow/.local/lib/python3.7/site-packages/airflow/example_dags/example_branch_operator_decorator.py
[2023-07-05T13:02:46.206+0000] {logging_mixin.py:149} INFO - [2023-07-05T13:02:46.206+0000] {dag.py:2726} INFO - Sync 1 DAGs
[2023-07-05T13:02:46.251+0000] {logging_mixin.py:149} INFO - [2023-07-05T13:02:46.251+0000] {dag.py:3490} INFO - Setting next_dagrun for example_branch_python_operator_decorator to 2023-07-04T00:00:00+00:00, run_after=2023-07-05T00:00:00+00:00
[2023-07-05T13:02:46.280+0000] {processor.py:179} INFO - Processing /home/airflow/.local/lib/python3.7/site-packages/airflow/example_dags/example_branch_operator_decorator.py took 0.131 seconds
[2023-07-05T13:03:16.640+0000] {processor.py:157} INFO - Started process (PID=1535) to work on /home/airflow/.local/lib/python3.7/site-packages/airflow/example_dags/example_branch_operator_decorator.py
[2023-07-05T13:03:16.641+0000] {processor.py:826} INFO - Processing file /home/airflow/.local/lib/python3.7/site-packages/airflow/example_dags/example_branch_operator_decorator.py for tasks to queue
[2023-07-05T13:03:16.642+0000] {logging_mixin.py:149} INFO - [2023-07-05T13:03:16.642+0000] {dagbag.py:541} INFO - Filling up the DagBag from /home/airflow/.local/lib/python3.7/site-packages/airflow/example_dags/example_branch_operator_decorator.py
[2023-07-05T13:03:16.657+0000] {processor.py:836} INFO - DAG(s) dict_keys(['example_branch_python_operator_decorator']) retrieved from /home/airflow/.local/lib/python3.7/site-packages/airflow/example_dags/example_branch_operator_decorator.py
[2023-07-05T13:03:16.693+0000] {logging_mixin.py:149} INFO - [2023-07-05T13:03:16.693+0000] {dag.py:2726} INFO - Sync 1 DAGs
[2023-07-05T13:03:16.729+0000] {logging_mixin.py:149} INFO - [2023-07-05T13:03:16.728+0000] {dag.py:3490} INFO - Setting next_dagrun for example_branch_python_operator_decorator to 2023-07-04T00:00:00+00:00, run_after=2023-07-05T00:00:00+00:00
[2023-07-05T13:03:16.756+0000] {processor.py:179} INFO - Processing /home/airflow/.local/lib/python3.7/site-packages/airflow/example_dags/example_branch_operator_decorator.py took 0.120 seconds
[2023-07-05T13:03:46.805+0000] {processor.py:157} INFO - Started process (PID=1592) to work on /home/airflow/.local/lib/python3.7/site-packages/airflow/example_dags/example_branch_operator_decorator.py
[2023-07-05T13:03:46.806+0000] {processor.py:826} INFO - Processing file /home/airflow/.local/lib/python3.7/site-packages/airflow/example_dags/example_branch_operator_decorator.py for tasks to queue
[2023-07-05T13:03:46.807+0000] {logging_mixin.py:149} INFO - [2023-07-05T13:03:46.807+0000] {dagbag.py:541} INFO - Filling up the DagBag from /home/airflow/.local/lib/python3.7/site-packages/airflow/example_dags/example_branch_operator_decorator.py
[2023-07-05T13:03:46.823+0000] {processor.py:836} INFO - DAG(s) dict_keys(['example_branch_python_operator_decorator']) retrieved from /home/airflow/.local/lib/python3.7/site-packages/airflow/example_dags/example_branch_operator_decorator.py
[2023-07-05T13:03:46.860+0000] {logging_mixin.py:149} INFO - [2023-07-05T13:03:46.860+0000] {dag.py:2726} INFO - Sync 1 DAGs
[2023-07-05T13:03:46.898+0000] {logging_mixin.py:149} INFO - [2023-07-05T13:03:46.898+0000] {dag.py:3490} INFO - Setting next_dagrun for example_branch_python_operator_decorator to 2023-07-04T00:00:00+00:00, run_after=2023-07-05T00:00:00+00:00
[2023-07-05T13:03:46.924+0000] {processor.py:179} INFO - Processing /home/airflow/.local/lib/python3.7/site-packages/airflow/example_dags/example_branch_operator_decorator.py took 0.123 seconds
[2023-07-05T13:04:17.140+0000] {processor.py:157} INFO - Started process (PID=1649) to work on /home/airflow/.local/lib/python3.7/site-packages/airflow/example_dags/example_branch_operator_decorator.py
[2023-07-05T13:04:17.141+0000] {processor.py:826} INFO - Processing file /home/airflow/.local/lib/python3.7/site-packages/airflow/example_dags/example_branch_operator_decorator.py for tasks to queue
[2023-07-05T13:04:17.142+0000] {logging_mixin.py:149} INFO - [2023-07-05T13:04:17.141+0000] {dagbag.py:541} INFO - Filling up the DagBag from /home/airflow/.local/lib/python3.7/site-packages/airflow/example_dags/example_branch_operator_decorator.py
[2023-07-05T13:04:17.157+0000] {processor.py:836} INFO - DAG(s) dict_keys(['example_branch_python_operator_decorator']) retrieved from /home/airflow/.local/lib/python3.7/site-packages/airflow/example_dags/example_branch_operator_decorator.py
[2023-07-05T13:04:17.196+0000] {logging_mixin.py:149} INFO - [2023-07-05T13:04:17.196+0000] {dag.py:2726} INFO - Sync 1 DAGs
[2023-07-05T13:04:17.242+0000] {logging_mixin.py:149} INFO - [2023-07-05T13:04:17.242+0000] {dag.py:3490} INFO - Setting next_dagrun for example_branch_python_operator_decorator to 2023-07-04T00:00:00+00:00, run_after=2023-07-05T00:00:00+00:00
[2023-07-05T13:04:17.273+0000] {processor.py:179} INFO - Processing /home/airflow/.local/lib/python3.7/site-packages/airflow/example_dags/example_branch_operator_decorator.py took 0.137 seconds
[2023-07-05T13:04:47.411+0000] {processor.py:157} INFO - Started process (PID=1705) to work on /home/airflow/.local/lib/python3.7/site-packages/airflow/example_dags/example_branch_operator_decorator.py
[2023-07-05T13:04:47.412+0000] {processor.py:826} INFO - Processing file /home/airflow/.local/lib/python3.7/site-packages/airflow/example_dags/example_branch_operator_decorator.py for tasks to queue
[2023-07-05T13:04:47.413+0000] {logging_mixin.py:149} INFO - [2023-07-05T13:04:47.413+0000] {dagbag.py:541} INFO - Filling up the DagBag from /home/airflow/.local/lib/python3.7/site-packages/airflow/example_dags/example_branch_operator_decorator.py
[2023-07-05T13:04:47.425+0000] {processor.py:836} INFO - DAG(s) dict_keys(['example_branch_python_operator_decorator']) retrieved from /home/airflow/.local/lib/python3.7/site-packages/airflow/example_dags/example_branch_operator_decorator.py
[2023-07-05T13:04:47.464+0000] {logging_mixin.py:149} INFO - [2023-07-05T13:04:47.464+0000] {dag.py:2726} INFO - Sync 1 DAGs
[2023-07-05T13:04:47.504+0000] {logging_mixin.py:149} INFO - [2023-07-05T13:04:47.504+0000] {dag.py:3490} INFO - Setting next_dagrun for example_branch_python_operator_decorator to 2023-07-04T00:00:00+00:00, run_after=2023-07-05T00:00:00+00:00
[2023-07-05T13:04:47.533+0000] {processor.py:179} INFO - Processing /home/airflow/.local/lib/python3.7/site-packages/airflow/example_dags/example_branch_operator_decorator.py took 0.125 seconds
[2023-07-05T13:05:17.786+0000] {processor.py:157} INFO - Started process (PID=1762) to work on /home/airflow/.local/lib/python3.7/site-packages/airflow/example_dags/example_branch_operator_decorator.py
[2023-07-05T13:05:17.787+0000] {processor.py:826} INFO - Processing file /home/airflow/.local/lib/python3.7/site-packages/airflow/example_dags/example_branch_operator_decorator.py for tasks to queue
[2023-07-05T13:05:17.788+0000] {logging_mixin.py:149} INFO - [2023-07-05T13:05:17.788+0000] {dagbag.py:541} INFO - Filling up the DagBag from /home/airflow/.local/lib/python3.7/site-packages/airflow/example_dags/example_branch_operator_decorator.py
[2023-07-05T13:05:17.800+0000] {processor.py:836} INFO - DAG(s) dict_keys(['example_branch_python_operator_decorator']) retrieved from /home/airflow/.local/lib/python3.7/site-packages/airflow/example_dags/example_branch_operator_decorator.py
[2023-07-05T13:05:17.849+0000] {logging_mixin.py:149} INFO - [2023-07-05T13:05:17.848+0000] {dag.py:2726} INFO - Sync 1 DAGs
[2023-07-05T13:05:17.905+0000] {logging_mixin.py:149} INFO - [2023-07-05T13:05:17.904+0000] {dag.py:3490} INFO - Setting next_dagrun for example_branch_python_operator_decorator to 2023-07-04T00:00:00+00:00, run_after=2023-07-05T00:00:00+00:00
[2023-07-05T13:05:17.936+0000] {processor.py:179} INFO - Processing /home/airflow/.local/lib/python3.7/site-packages/airflow/example_dags/example_branch_operator_decorator.py took 0.154 seconds
[2023-07-05T13:05:48.254+0000] {processor.py:157} INFO - Started process (PID=1820) to work on /home/airflow/.local/lib/python3.7/site-packages/airflow/example_dags/example_branch_operator_decorator.py
[2023-07-05T13:05:48.255+0000] {processor.py:826} INFO - Processing file /home/airflow/.local/lib/python3.7/site-packages/airflow/example_dags/example_branch_operator_decorator.py for tasks to queue
[2023-07-05T13:05:48.256+0000] {logging_mixin.py:149} INFO - [2023-07-05T13:05:48.256+0000] {dagbag.py:541} INFO - Filling up the DagBag from /home/airflow/.local/lib/python3.7/site-packages/airflow/example_dags/example_branch_operator_decorator.py
[2023-07-05T13:05:48.271+0000] {processor.py:836} INFO - DAG(s) dict_keys(['example_branch_python_operator_decorator']) retrieved from /home/airflow/.local/lib/python3.7/site-packages/airflow/example_dags/example_branch_operator_decorator.py
[2023-07-05T13:05:48.310+0000] {logging_mixin.py:149} INFO - [2023-07-05T13:05:48.310+0000] {dag.py:2726} INFO - Sync 1 DAGs
[2023-07-05T13:05:48.360+0000] {logging_mixin.py:149} INFO - [2023-07-05T13:05:48.360+0000] {dag.py:3490} INFO - Setting next_dagrun for example_branch_python_operator_decorator to 2023-07-04T00:00:00+00:00, run_after=2023-07-05T00:00:00+00:00
[2023-07-05T13:05:48.390+0000] {processor.py:179} INFO - Processing /home/airflow/.local/lib/python3.7/site-packages/airflow/example_dags/example_branch_operator_decorator.py took 0.141 seconds
[2023-07-05T13:06:18.534+0000] {processor.py:157} INFO - Started process (PID=1877) to work on /home/airflow/.local/lib/python3.7/site-packages/airflow/example_dags/example_branch_operator_decorator.py
[2023-07-05T13:06:18.535+0000] {processor.py:826} INFO - Processing file /home/airflow/.local/lib/python3.7/site-packages/airflow/example_dags/example_branch_operator_decorator.py for tasks to queue
[2023-07-05T13:06:18.535+0000] {logging_mixin.py:149} INFO - [2023-07-05T13:06:18.535+0000] {dagbag.py:541} INFO - Filling up the DagBag from /home/airflow/.local/lib/python3.7/site-packages/airflow/example_dags/example_branch_operator_decorator.py
[2023-07-05T13:06:18.554+0000] {processor.py:836} INFO - DAG(s) dict_keys(['example_branch_python_operator_decorator']) retrieved from /home/airflow/.local/lib/python3.7/site-packages/airflow/example_dags/example_branch_operator_decorator.py
[2023-07-05T13:06:18.599+0000] {logging_mixin.py:149} INFO - [2023-07-05T13:06:18.599+0000] {dag.py:2726} INFO - Sync 1 DAGs
[2023-07-05T13:06:18.634+0000] {logging_mixin.py:149} INFO - [2023-07-05T13:06:18.634+0000] {dag.py:3490} INFO - Setting next_dagrun for example_branch_python_operator_decorator to 2023-07-04T00:00:00+00:00, run_after=2023-07-05T00:00:00+00:00
[2023-07-05T13:06:18.659+0000] {processor.py:179} INFO - Processing /home/airflow/.local/lib/python3.7/site-packages/airflow/example_dags/example_branch_operator_decorator.py took 0.129 seconds
[2023-07-05T13:06:48.940+0000] {processor.py:157} INFO - Started process (PID=1941) to work on /home/airflow/.local/lib/python3.7/site-packages/airflow/example_dags/example_branch_operator_decorator.py
[2023-07-05T13:06:48.943+0000] {processor.py:826} INFO - Processing file /home/airflow/.local/lib/python3.7/site-packages/airflow/example_dags/example_branch_operator_decorator.py for tasks to queue
[2023-07-05T13:06:48.944+0000] {logging_mixin.py:149} INFO - [2023-07-05T13:06:48.943+0000] {dagbag.py:541} INFO - Filling up the DagBag from /home/airflow/.local/lib/python3.7/site-packages/airflow/example_dags/example_branch_operator_decorator.py
[2023-07-05T13:06:48.959+0000] {processor.py:836} INFO - DAG(s) dict_keys(['example_branch_python_operator_decorator']) retrieved from /home/airflow/.local/lib/python3.7/site-packages/airflow/example_dags/example_branch_operator_decorator.py
[2023-07-05T13:06:48.999+0000] {logging_mixin.py:149} INFO - [2023-07-05T13:06:48.999+0000] {dag.py:2726} INFO - Sync 1 DAGs
[2023-07-05T13:06:49.042+0000] {logging_mixin.py:149} INFO - [2023-07-05T13:06:49.042+0000] {dag.py:3490} INFO - Setting next_dagrun for example_branch_python_operator_decorator to 2023-07-04T00:00:00+00:00, run_after=2023-07-05T00:00:00+00:00
[2023-07-05T13:06:49.078+0000] {processor.py:179} INFO - Processing /home/airflow/.local/lib/python3.7/site-packages/airflow/example_dags/example_branch_operator_decorator.py took 0.142 seconds
[2023-07-05T13:07:19.344+0000] {processor.py:157} INFO - Started process (PID=1998) to work on /home/airflow/.local/lib/python3.7/site-packages/airflow/example_dags/example_branch_operator_decorator.py
[2023-07-05T13:07:19.345+0000] {processor.py:826} INFO - Processing file /home/airflow/.local/lib/python3.7/site-packages/airflow/example_dags/example_branch_operator_decorator.py for tasks to queue
[2023-07-05T13:07:19.346+0000] {logging_mixin.py:149} INFO - [2023-07-05T13:07:19.346+0000] {dagbag.py:541} INFO - Filling up the DagBag from /home/airflow/.local/lib/python3.7/site-packages/airflow/example_dags/example_branch_operator_decorator.py
[2023-07-05T13:07:19.357+0000] {processor.py:836} INFO - DAG(s) dict_keys(['example_branch_python_operator_decorator']) retrieved from /home/airflow/.local/lib/python3.7/site-packages/airflow/example_dags/example_branch_operator_decorator.py
[2023-07-05T13:07:19.390+0000] {logging_mixin.py:149} INFO - [2023-07-05T13:07:19.390+0000] {dag.py:2726} INFO - Sync 1 DAGs
[2023-07-05T13:07:19.428+0000] {logging_mixin.py:149} INFO - [2023-07-05T13:07:19.427+0000] {dag.py:3490} INFO - Setting next_dagrun for example_branch_python_operator_decorator to 2023-07-04T00:00:00+00:00, run_after=2023-07-05T00:00:00+00:00
[2023-07-05T13:07:19.452+0000] {processor.py:179} INFO - Processing /home/airflow/.local/lib/python3.7/site-packages/airflow/example_dags/example_branch_operator_decorator.py took 0.112 seconds
[2023-07-05T13:07:49.698+0000] {processor.py:157} INFO - Started process (PID=2054) to work on /home/airflow/.local/lib/python3.7/site-packages/airflow/example_dags/example_branch_operator_decorator.py
[2023-07-05T13:07:49.699+0000] {processor.py:826} INFO - Processing file /home/airflow/.local/lib/python3.7/site-packages/airflow/example_dags/example_branch_operator_decorator.py for tasks to queue
[2023-07-05T13:07:49.701+0000] {logging_mixin.py:149} INFO - [2023-07-05T13:07:49.701+0000] {dagbag.py:541} INFO - Filling up the DagBag from /home/airflow/.local/lib/python3.7/site-packages/airflow/example_dags/example_branch_operator_decorator.py
[2023-07-05T13:07:49.721+0000] {processor.py:836} INFO - DAG(s) dict_keys(['example_branch_python_operator_decorator']) retrieved from /home/airflow/.local/lib/python3.7/site-packages/airflow/example_dags/example_branch_operator_decorator.py
[2023-07-05T13:07:49.755+0000] {logging_mixin.py:149} INFO - [2023-07-05T13:07:49.755+0000] {dag.py:2726} INFO - Sync 1 DAGs
[2023-07-05T13:07:49.792+0000] {logging_mixin.py:149} INFO - [2023-07-05T13:07:49.792+0000] {dag.py:3490} INFO - Setting next_dagrun for example_branch_python_operator_decorator to 2023-07-04T00:00:00+00:00, run_after=2023-07-05T00:00:00+00:00
[2023-07-05T13:07:49.817+0000] {processor.py:179} INFO - Processing /home/airflow/.local/lib/python3.7/site-packages/airflow/example_dags/example_branch_operator_decorator.py took 0.125 seconds
[2023-07-05T13:08:19.966+0000] {processor.py:157} INFO - Started process (PID=2111) to work on /home/airflow/.local/lib/python3.7/site-packages/airflow/example_dags/example_branch_operator_decorator.py
[2023-07-05T13:08:19.968+0000] {processor.py:826} INFO - Processing file /home/airflow/.local/lib/python3.7/site-packages/airflow/example_dags/example_branch_operator_decorator.py for tasks to queue
[2023-07-05T13:08:19.969+0000] {logging_mixin.py:149} INFO - [2023-07-05T13:08:19.969+0000] {dagbag.py:541} INFO - Filling up the DagBag from /home/airflow/.local/lib/python3.7/site-packages/airflow/example_dags/example_branch_operator_decorator.py
[2023-07-05T13:08:19.981+0000] {processor.py:836} INFO - DAG(s) dict_keys(['example_branch_python_operator_decorator']) retrieved from /home/airflow/.local/lib/python3.7/site-packages/airflow/example_dags/example_branch_operator_decorator.py
[2023-07-05T13:08:20.027+0000] {logging_mixin.py:149} INFO - [2023-07-05T13:08:20.027+0000] {dag.py:2726} INFO - Sync 1 DAGs
[2023-07-05T13:08:20.087+0000] {logging_mixin.py:149} INFO - [2023-07-05T13:08:20.087+0000] {dag.py:3490} INFO - Setting next_dagrun for example_branch_python_operator_decorator to 2023-07-04T00:00:00+00:00, run_after=2023-07-05T00:00:00+00:00
[2023-07-05T13:08:20.122+0000] {processor.py:179} INFO - Processing /home/airflow/.local/lib/python3.7/site-packages/airflow/example_dags/example_branch_operator_decorator.py took 0.161 seconds
[2023-07-05T13:08:50.581+0000] {processor.py:157} INFO - Started process (PID=2168) to work on /home/airflow/.local/lib/python3.7/site-packages/airflow/example_dags/example_branch_operator_decorator.py
[2023-07-05T13:08:50.582+0000] {processor.py:826} INFO - Processing file /home/airflow/.local/lib/python3.7/site-packages/airflow/example_dags/example_branch_operator_decorator.py for tasks to queue
[2023-07-05T13:08:50.583+0000] {logging_mixin.py:149} INFO - [2023-07-05T13:08:50.583+0000] {dagbag.py:541} INFO - Filling up the DagBag from /home/airflow/.local/lib/python3.7/site-packages/airflow/example_dags/example_branch_operator_decorator.py
[2023-07-05T13:08:50.596+0000] {processor.py:836} INFO - DAG(s) dict_keys(['example_branch_python_operator_decorator']) retrieved from /home/airflow/.local/lib/python3.7/site-packages/airflow/example_dags/example_branch_operator_decorator.py
[2023-07-05T13:08:50.635+0000] {logging_mixin.py:149} INFO - [2023-07-05T13:08:50.635+0000] {dag.py:2726} INFO - Sync 1 DAGs
[2023-07-05T13:08:50.675+0000] {logging_mixin.py:149} INFO - [2023-07-05T13:08:50.674+0000] {dag.py:3490} INFO - Setting next_dagrun for example_branch_python_operator_decorator to 2023-07-04T00:00:00+00:00, run_after=2023-07-05T00:00:00+00:00
[2023-07-05T13:08:50.703+0000] {processor.py:179} INFO - Processing /home/airflow/.local/lib/python3.7/site-packages/airflow/example_dags/example_branch_operator_decorator.py took 0.126 seconds
[2023-07-05T13:09:21.051+0000] {processor.py:157} INFO - Started process (PID=2225) to work on /home/airflow/.local/lib/python3.7/site-packages/airflow/example_dags/example_branch_operator_decorator.py
[2023-07-05T13:09:21.053+0000] {processor.py:826} INFO - Processing file /home/airflow/.local/lib/python3.7/site-packages/airflow/example_dags/example_branch_operator_decorator.py for tasks to queue
[2023-07-05T13:09:21.054+0000] {logging_mixin.py:149} INFO - [2023-07-05T13:09:21.054+0000] {dagbag.py:541} INFO - Filling up the DagBag from /home/airflow/.local/lib/python3.7/site-packages/airflow/example_dags/example_branch_operator_decorator.py
[2023-07-05T13:09:21.069+0000] {processor.py:836} INFO - DAG(s) dict_keys(['example_branch_python_operator_decorator']) retrieved from /home/airflow/.local/lib/python3.7/site-packages/airflow/example_dags/example_branch_operator_decorator.py
[2023-07-05T13:09:21.114+0000] {logging_mixin.py:149} INFO - [2023-07-05T13:09:21.114+0000] {dag.py:2726} INFO - Sync 1 DAGs
[2023-07-05T13:09:21.162+0000] {logging_mixin.py:149} INFO - [2023-07-05T13:09:21.161+0000] {dag.py:3490} INFO - Setting next_dagrun for example_branch_python_operator_decorator to 2023-07-04T00:00:00+00:00, run_after=2023-07-05T00:00:00+00:00
[2023-07-05T13:09:21.247+0000] {processor.py:179} INFO - Processing /home/airflow/.local/lib/python3.7/site-packages/airflow/example_dags/example_branch_operator_decorator.py took 0.201 seconds
[2023-07-05T13:09:51.456+0000] {processor.py:157} INFO - Started process (PID=2282) to work on /home/airflow/.local/lib/python3.7/site-packages/airflow/example_dags/example_branch_operator_decorator.py
[2023-07-05T13:09:51.458+0000] {processor.py:826} INFO - Processing file /home/airflow/.local/lib/python3.7/site-packages/airflow/example_dags/example_branch_operator_decorator.py for tasks to queue
[2023-07-05T13:09:51.459+0000] {logging_mixin.py:149} INFO - [2023-07-05T13:09:51.458+0000] {dagbag.py:541} INFO - Filling up the DagBag from /home/airflow/.local/lib/python3.7/site-packages/airflow/example_dags/example_branch_operator_decorator.py
[2023-07-05T13:09:51.474+0000] {processor.py:836} INFO - DAG(s) dict_keys(['example_branch_python_operator_decorator']) retrieved from /home/airflow/.local/lib/python3.7/site-packages/airflow/example_dags/example_branch_operator_decorator.py
[2023-07-05T13:09:51.523+0000] {logging_mixin.py:149} INFO - [2023-07-05T13:09:51.523+0000] {dag.py:2726} INFO - Sync 1 DAGs
[2023-07-05T13:09:51.567+0000] {logging_mixin.py:149} INFO - [2023-07-05T13:09:51.567+0000] {dag.py:3490} INFO - Setting next_dagrun for example_branch_python_operator_decorator to 2023-07-04T00:00:00+00:00, run_after=2023-07-05T00:00:00+00:00
[2023-07-05T13:09:51.593+0000] {processor.py:179} INFO - Processing /home/airflow/.local/lib/python3.7/site-packages/airflow/example_dags/example_branch_operator_decorator.py took 0.141 seconds
[2023-07-05T13:10:21.886+0000] {processor.py:157} INFO - Started process (PID=2339) to work on /home/airflow/.local/lib/python3.7/site-packages/airflow/example_dags/example_branch_operator_decorator.py
[2023-07-05T13:10:21.888+0000] {processor.py:826} INFO - Processing file /home/airflow/.local/lib/python3.7/site-packages/airflow/example_dags/example_branch_operator_decorator.py for tasks to queue
[2023-07-05T13:10:21.888+0000] {logging_mixin.py:149} INFO - [2023-07-05T13:10:21.888+0000] {dagbag.py:541} INFO - Filling up the DagBag from /home/airflow/.local/lib/python3.7/site-packages/airflow/example_dags/example_branch_operator_decorator.py
[2023-07-05T13:10:21.903+0000] {processor.py:836} INFO - DAG(s) dict_keys(['example_branch_python_operator_decorator']) retrieved from /home/airflow/.local/lib/python3.7/site-packages/airflow/example_dags/example_branch_operator_decorator.py
[2023-07-05T13:10:21.941+0000] {logging_mixin.py:149} INFO - [2023-07-05T13:10:21.941+0000] {dag.py:2726} INFO - Sync 1 DAGs
[2023-07-05T13:10:21.978+0000] {logging_mixin.py:149} INFO - [2023-07-05T13:10:21.977+0000] {dag.py:3490} INFO - Setting next_dagrun for example_branch_python_operator_decorator to 2023-07-04T00:00:00+00:00, run_after=2023-07-05T00:00:00+00:00
[2023-07-05T13:10:22.014+0000] {processor.py:179} INFO - Processing /home/airflow/.local/lib/python3.7/site-packages/airflow/example_dags/example_branch_operator_decorator.py took 0.132 seconds
[2023-07-05T13:10:52.271+0000] {processor.py:157} INFO - Started process (PID=2396) to work on /home/airflow/.local/lib/python3.7/site-packages/airflow/example_dags/example_branch_operator_decorator.py
[2023-07-05T13:10:52.272+0000] {processor.py:826} INFO - Processing file /home/airflow/.local/lib/python3.7/site-packages/airflow/example_dags/example_branch_operator_decorator.py for tasks to queue
[2023-07-05T13:10:52.273+0000] {logging_mixin.py:149} INFO - [2023-07-05T13:10:52.272+0000] {dagbag.py:541} INFO - Filling up the DagBag from /home/airflow/.local/lib/python3.7/site-packages/airflow/example_dags/example_branch_operator_decorator.py
[2023-07-05T13:10:52.286+0000] {processor.py:836} INFO - DAG(s) dict_keys(['example_branch_python_operator_decorator']) retrieved from /home/airflow/.local/lib/python3.7/site-packages/airflow/example_dags/example_branch_operator_decorator.py
[2023-07-05T13:10:52.322+0000] {logging_mixin.py:149} INFO - [2023-07-05T13:10:52.321+0000] {dag.py:2726} INFO - Sync 1 DAGs
[2023-07-05T13:10:52.358+0000] {logging_mixin.py:149} INFO - [2023-07-05T13:10:52.358+0000] {dag.py:3490} INFO - Setting next_dagrun for example_branch_python_operator_decorator to 2023-07-04T00:00:00+00:00, run_after=2023-07-05T00:00:00+00:00
[2023-07-05T13:10:52.383+0000] {processor.py:179} INFO - Processing /home/airflow/.local/lib/python3.7/site-packages/airflow/example_dags/example_branch_operator_decorator.py took 0.116 seconds
[2023-07-05T13:11:22.696+0000] {processor.py:157} INFO - Started process (PID=2453) to work on /home/airflow/.local/lib/python3.7/site-packages/airflow/example_dags/example_branch_operator_decorator.py
[2023-07-05T13:11:22.697+0000] {processor.py:826} INFO - Processing file /home/airflow/.local/lib/python3.7/site-packages/airflow/example_dags/example_branch_operator_decorator.py for tasks to queue
[2023-07-05T13:11:22.698+0000] {logging_mixin.py:149} INFO - [2023-07-05T13:11:22.698+0000] {dagbag.py:541} INFO - Filling up the DagBag from /home/airflow/.local/lib/python3.7/site-packages/airflow/example_dags/example_branch_operator_decorator.py
[2023-07-05T13:11:22.710+0000] {processor.py:836} INFO - DAG(s) dict_keys(['example_branch_python_operator_decorator']) retrieved from /home/airflow/.local/lib/python3.7/site-packages/airflow/example_dags/example_branch_operator_decorator.py
[2023-07-05T13:11:22.745+0000] {logging_mixin.py:149} INFO - [2023-07-05T13:11:22.745+0000] {dag.py:2726} INFO - Sync 1 DAGs
[2023-07-05T13:11:22.781+0000] {logging_mixin.py:149} INFO - [2023-07-05T13:11:22.780+0000] {dag.py:3490} INFO - Setting next_dagrun for example_branch_python_operator_decorator to 2023-07-04T00:00:00+00:00, run_after=2023-07-05T00:00:00+00:00
[2023-07-05T13:11:22.804+0000] {processor.py:179} INFO - Processing /home/airflow/.local/lib/python3.7/site-packages/airflow/example_dags/example_branch_operator_decorator.py took 0.111 seconds
[2023-07-05T13:11:53.016+0000] {processor.py:157} INFO - Started process (PID=2510) to work on /home/airflow/.local/lib/python3.7/site-packages/airflow/example_dags/example_branch_operator_decorator.py
[2023-07-05T13:11:53.017+0000] {processor.py:826} INFO - Processing file /home/airflow/.local/lib/python3.7/site-packages/airflow/example_dags/example_branch_operator_decorator.py for tasks to queue
[2023-07-05T13:11:53.018+0000] {logging_mixin.py:149} INFO - [2023-07-05T13:11:53.018+0000] {dagbag.py:541} INFO - Filling up the DagBag from /home/airflow/.local/lib/python3.7/site-packages/airflow/example_dags/example_branch_operator_decorator.py
[2023-07-05T13:11:53.031+0000] {processor.py:836} INFO - DAG(s) dict_keys(['example_branch_python_operator_decorator']) retrieved from /home/airflow/.local/lib/python3.7/site-packages/airflow/example_dags/example_branch_operator_decorator.py
[2023-07-05T13:11:53.075+0000] {logging_mixin.py:149} INFO - [2023-07-05T13:11:53.074+0000] {dag.py:2726} INFO - Sync 1 DAGs
[2023-07-05T13:11:53.128+0000] {logging_mixin.py:149} INFO - [2023-07-05T13:11:53.127+0000] {dag.py:3490} INFO - Setting next_dagrun for example_branch_python_operator_decorator to 2023-07-04T00:00:00+00:00, run_after=2023-07-05T00:00:00+00:00
[2023-07-05T13:11:53.158+0000] {processor.py:179} INFO - Processing /home/airflow/.local/lib/python3.7/site-packages/airflow/example_dags/example_branch_operator_decorator.py took 0.146 seconds
[2023-07-05T13:12:23.788+0000] {processor.py:157} INFO - Started process (PID=2567) to work on /home/airflow/.local/lib/python3.7/site-packages/airflow/example_dags/example_branch_operator_decorator.py
[2023-07-05T13:12:23.790+0000] {processor.py:826} INFO - Processing file /home/airflow/.local/lib/python3.7/site-packages/airflow/example_dags/example_branch_operator_decorator.py for tasks to queue
[2023-07-05T13:12:23.790+0000] {logging_mixin.py:149} INFO - [2023-07-05T13:12:23.790+0000] {dagbag.py:541} INFO - Filling up the DagBag from /home/airflow/.local/lib/python3.7/site-packages/airflow/example_dags/example_branch_operator_decorator.py
[2023-07-05T13:12:23.804+0000] {processor.py:836} INFO - DAG(s) dict_keys(['example_branch_python_operator_decorator']) retrieved from /home/airflow/.local/lib/python3.7/site-packages/airflow/example_dags/example_branch_operator_decorator.py
[2023-07-05T13:12:23.846+0000] {logging_mixin.py:149} INFO - [2023-07-05T13:12:23.846+0000] {dag.py:2726} INFO - Sync 1 DAGs
[2023-07-05T13:12:23.883+0000] {logging_mixin.py:149} INFO - [2023-07-05T13:12:23.883+0000] {dag.py:3490} INFO - Setting next_dagrun for example_branch_python_operator_decorator to 2023-07-04T00:00:00+00:00, run_after=2023-07-05T00:00:00+00:00
[2023-07-05T13:12:23.907+0000] {processor.py:179} INFO - Processing /home/airflow/.local/lib/python3.7/site-packages/airflow/example_dags/example_branch_operator_decorator.py took 0.124 seconds
[2023-07-05T13:12:53.970+0000] {processor.py:157} INFO - Started process (PID=2624) to work on /home/airflow/.local/lib/python3.7/site-packages/airflow/example_dags/example_branch_operator_decorator.py
[2023-07-05T13:12:53.971+0000] {processor.py:826} INFO - Processing file /home/airflow/.local/lib/python3.7/site-packages/airflow/example_dags/example_branch_operator_decorator.py for tasks to queue
[2023-07-05T13:12:53.972+0000] {logging_mixin.py:149} INFO - [2023-07-05T13:12:53.971+0000] {dagbag.py:541} INFO - Filling up the DagBag from /home/airflow/.local/lib/python3.7/site-packages/airflow/example_dags/example_branch_operator_decorator.py
[2023-07-05T13:12:53.984+0000] {processor.py:836} INFO - DAG(s) dict_keys(['example_branch_python_operator_decorator']) retrieved from /home/airflow/.local/lib/python3.7/site-packages/airflow/example_dags/example_branch_operator_decorator.py
[2023-07-05T13:12:54.032+0000] {logging_mixin.py:149} INFO - [2023-07-05T13:12:54.032+0000] {dag.py:2726} INFO - Sync 1 DAGs
[2023-07-05T13:12:54.070+0000] {logging_mixin.py:149} INFO - [2023-07-05T13:12:54.070+0000] {dag.py:3490} INFO - Setting next_dagrun for example_branch_python_operator_decorator to 2023-07-04T00:00:00+00:00, run_after=2023-07-05T00:00:00+00:00
[2023-07-05T13:12:54.097+0000] {processor.py:179} INFO - Processing /home/airflow/.local/lib/python3.7/site-packages/airflow/example_dags/example_branch_operator_decorator.py took 0.130 seconds
[2023-07-05T13:13:24.300+0000] {processor.py:157} INFO - Started process (PID=2681) to work on /home/airflow/.local/lib/python3.7/site-packages/airflow/example_dags/example_branch_operator_decorator.py
[2023-07-05T13:13:24.302+0000] {processor.py:826} INFO - Processing file /home/airflow/.local/lib/python3.7/site-packages/airflow/example_dags/example_branch_operator_decorator.py for tasks to queue
[2023-07-05T13:13:24.302+0000] {logging_mixin.py:149} INFO - [2023-07-05T13:13:24.302+0000] {dagbag.py:541} INFO - Filling up the DagBag from /home/airflow/.local/lib/python3.7/site-packages/airflow/example_dags/example_branch_operator_decorator.py
[2023-07-05T13:13:24.315+0000] {processor.py:836} INFO - DAG(s) dict_keys(['example_branch_python_operator_decorator']) retrieved from /home/airflow/.local/lib/python3.7/site-packages/airflow/example_dags/example_branch_operator_decorator.py
[2023-07-05T13:13:24.355+0000] {logging_mixin.py:149} INFO - [2023-07-05T13:13:24.355+0000] {dag.py:2726} INFO - Sync 1 DAGs
[2023-07-05T13:13:24.391+0000] {logging_mixin.py:149} INFO - [2023-07-05T13:13:24.391+0000] {dag.py:3490} INFO - Setting next_dagrun for example_branch_python_operator_decorator to 2023-07-04T00:00:00+00:00, run_after=2023-07-05T00:00:00+00:00
[2023-07-05T13:13:24.434+0000] {processor.py:179} INFO - Processing /home/airflow/.local/lib/python3.7/site-packages/airflow/example_dags/example_branch_operator_decorator.py took 0.137 seconds
[2023-07-05T13:13:54.542+0000] {processor.py:157} INFO - Started process (PID=2739) to work on /home/airflow/.local/lib/python3.7/site-packages/airflow/example_dags/example_branch_operator_decorator.py
[2023-07-05T13:13:54.543+0000] {processor.py:826} INFO - Processing file /home/airflow/.local/lib/python3.7/site-packages/airflow/example_dags/example_branch_operator_decorator.py for tasks to queue
[2023-07-05T13:13:54.544+0000] {logging_mixin.py:149} INFO - [2023-07-05T13:13:54.544+0000] {dagbag.py:541} INFO - Filling up the DagBag from /home/airflow/.local/lib/python3.7/site-packages/airflow/example_dags/example_branch_operator_decorator.py
[2023-07-05T13:13:54.556+0000] {processor.py:836} INFO - DAG(s) dict_keys(['example_branch_python_operator_decorator']) retrieved from /home/airflow/.local/lib/python3.7/site-packages/airflow/example_dags/example_branch_operator_decorator.py
[2023-07-05T13:13:54.593+0000] {logging_mixin.py:149} INFO - [2023-07-05T13:13:54.593+0000] {dag.py:2726} INFO - Sync 1 DAGs
[2023-07-05T13:13:54.633+0000] {logging_mixin.py:149} INFO - [2023-07-05T13:13:54.633+0000] {dag.py:3490} INFO - Setting next_dagrun for example_branch_python_operator_decorator to 2023-07-04T00:00:00+00:00, run_after=2023-07-05T00:00:00+00:00
[2023-07-05T13:13:54.661+0000] {processor.py:179} INFO - Processing /home/airflow/.local/lib/python3.7/site-packages/airflow/example_dags/example_branch_operator_decorator.py took 0.122 seconds
[2023-07-05T13:14:24.965+0000] {processor.py:157} INFO - Started process (PID=2796) to work on /home/airflow/.local/lib/python3.7/site-packages/airflow/example_dags/example_branch_operator_decorator.py
[2023-07-05T13:14:24.966+0000] {processor.py:826} INFO - Processing file /home/airflow/.local/lib/python3.7/site-packages/airflow/example_dags/example_branch_operator_decorator.py for tasks to queue
[2023-07-05T13:14:24.966+0000] {logging_mixin.py:149} INFO - [2023-07-05T13:14:24.966+0000] {dagbag.py:541} INFO - Filling up the DagBag from /home/airflow/.local/lib/python3.7/site-packages/airflow/example_dags/example_branch_operator_decorator.py
[2023-07-05T13:14:24.982+0000] {processor.py:836} INFO - DAG(s) dict_keys(['example_branch_python_operator_decorator']) retrieved from /home/airflow/.local/lib/python3.7/site-packages/airflow/example_dags/example_branch_operator_decorator.py
[2023-07-05T13:14:25.022+0000] {logging_mixin.py:149} INFO - [2023-07-05T13:14:25.022+0000] {dag.py:2726} INFO - Sync 1 DAGs
[2023-07-05T13:14:25.067+0000] {logging_mixin.py:149} INFO - [2023-07-05T13:14:25.067+0000] {dag.py:3490} INFO - Setting next_dagrun for example_branch_python_operator_decorator to 2023-07-04T00:00:00+00:00, run_after=2023-07-05T00:00:00+00:00
[2023-07-05T13:14:25.104+0000] {processor.py:179} INFO - Processing /home/airflow/.local/lib/python3.7/site-packages/airflow/example_dags/example_branch_operator_decorator.py took 0.145 seconds
[2023-07-05T13:14:55.199+0000] {processor.py:157} INFO - Started process (PID=2851) to work on /home/airflow/.local/lib/python3.7/site-packages/airflow/example_dags/example_branch_operator_decorator.py
[2023-07-05T13:14:55.201+0000] {processor.py:826} INFO - Processing file /home/airflow/.local/lib/python3.7/site-packages/airflow/example_dags/example_branch_operator_decorator.py for tasks to queue
[2023-07-05T13:14:55.202+0000] {logging_mixin.py:149} INFO - [2023-07-05T13:14:55.202+0000] {dagbag.py:541} INFO - Filling up the DagBag from /home/airflow/.local/lib/python3.7/site-packages/airflow/example_dags/example_branch_operator_decorator.py
[2023-07-05T13:14:55.218+0000] {processor.py:836} INFO - DAG(s) dict_keys(['example_branch_python_operator_decorator']) retrieved from /home/airflow/.local/lib/python3.7/site-packages/airflow/example_dags/example_branch_operator_decorator.py
[2023-07-05T13:14:55.257+0000] {logging_mixin.py:149} INFO - [2023-07-05T13:14:55.257+0000] {dag.py:2726} INFO - Sync 1 DAGs
[2023-07-05T13:14:55.298+0000] {logging_mixin.py:149} INFO - [2023-07-05T13:14:55.298+0000] {dag.py:3490} INFO - Setting next_dagrun for example_branch_python_operator_decorator to 2023-07-04T00:00:00+00:00, run_after=2023-07-05T00:00:00+00:00
[2023-07-05T13:14:55.328+0000] {processor.py:179} INFO - Processing /home/airflow/.local/lib/python3.7/site-packages/airflow/example_dags/example_branch_operator_decorator.py took 0.133 seconds
[2023-07-05T13:15:25.670+0000] {processor.py:157} INFO - Started process (PID=2908) to work on /home/airflow/.local/lib/python3.7/site-packages/airflow/example_dags/example_branch_operator_decorator.py
[2023-07-05T13:15:25.671+0000] {processor.py:826} INFO - Processing file /home/airflow/.local/lib/python3.7/site-packages/airflow/example_dags/example_branch_operator_decorator.py for tasks to queue
[2023-07-05T13:15:25.672+0000] {logging_mixin.py:149} INFO - [2023-07-05T13:15:25.672+0000] {dagbag.py:541} INFO - Filling up the DagBag from /home/airflow/.local/lib/python3.7/site-packages/airflow/example_dags/example_branch_operator_decorator.py
[2023-07-05T13:15:25.689+0000] {processor.py:836} INFO - DAG(s) dict_keys(['example_branch_python_operator_decorator']) retrieved from /home/airflow/.local/lib/python3.7/site-packages/airflow/example_dags/example_branch_operator_decorator.py
[2023-07-05T13:15:25.729+0000] {logging_mixin.py:149} INFO - [2023-07-05T13:15:25.728+0000] {dag.py:2726} INFO - Sync 1 DAGs
[2023-07-05T13:15:25.775+0000] {logging_mixin.py:149} INFO - [2023-07-05T13:15:25.775+0000] {dag.py:3490} INFO - Setting next_dagrun for example_branch_python_operator_decorator to 2023-07-04T00:00:00+00:00, run_after=2023-07-05T00:00:00+00:00
[2023-07-05T13:15:25.801+0000] {processor.py:179} INFO - Processing /home/airflow/.local/lib/python3.7/site-packages/airflow/example_dags/example_branch_operator_decorator.py took 0.134 seconds
[2023-07-05T13:15:55.929+0000] {processor.py:157} INFO - Started process (PID=2965) to work on /home/airflow/.local/lib/python3.7/site-packages/airflow/example_dags/example_branch_operator_decorator.py
[2023-07-05T13:15:55.931+0000] {processor.py:826} INFO - Processing file /home/airflow/.local/lib/python3.7/site-packages/airflow/example_dags/example_branch_operator_decorator.py for tasks to queue
[2023-07-05T13:15:55.932+0000] {logging_mixin.py:149} INFO - [2023-07-05T13:15:55.932+0000] {dagbag.py:541} INFO - Filling up the DagBag from /home/airflow/.local/lib/python3.7/site-packages/airflow/example_dags/example_branch_operator_decorator.py
[2023-07-05T13:15:55.944+0000] {processor.py:836} INFO - DAG(s) dict_keys(['example_branch_python_operator_decorator']) retrieved from /home/airflow/.local/lib/python3.7/site-packages/airflow/example_dags/example_branch_operator_decorator.py
[2023-07-05T13:15:55.980+0000] {logging_mixin.py:149} INFO - [2023-07-05T13:15:55.979+0000] {dag.py:2726} INFO - Sync 1 DAGs
[2023-07-05T13:15:56.014+0000] {logging_mixin.py:149} INFO - [2023-07-05T13:15:56.013+0000] {dag.py:3490} INFO - Setting next_dagrun for example_branch_python_operator_decorator to 2023-07-04T00:00:00+00:00, run_after=2023-07-05T00:00:00+00:00
[2023-07-05T13:15:56.037+0000] {processor.py:179} INFO - Processing /home/airflow/.local/lib/python3.7/site-packages/airflow/example_dags/example_branch_operator_decorator.py took 0.111 seconds
[2023-07-05T13:16:26.346+0000] {processor.py:157} INFO - Started process (PID=3022) to work on /home/airflow/.local/lib/python3.7/site-packages/airflow/example_dags/example_branch_operator_decorator.py
[2023-07-05T13:16:26.347+0000] {processor.py:826} INFO - Processing file /home/airflow/.local/lib/python3.7/site-packages/airflow/example_dags/example_branch_operator_decorator.py for tasks to queue
[2023-07-05T13:16:26.348+0000] {logging_mixin.py:149} INFO - [2023-07-05T13:16:26.348+0000] {dagbag.py:541} INFO - Filling up the DagBag from /home/airflow/.local/lib/python3.7/site-packages/airflow/example_dags/example_branch_operator_decorator.py
[2023-07-05T13:16:26.362+0000] {processor.py:836} INFO - DAG(s) dict_keys(['example_branch_python_operator_decorator']) retrieved from /home/airflow/.local/lib/python3.7/site-packages/airflow/example_dags/example_branch_operator_decorator.py
[2023-07-05T13:16:26.396+0000] {logging_mixin.py:149} INFO - [2023-07-05T13:16:26.396+0000] {dag.py:2726} INFO - Sync 1 DAGs
[2023-07-05T13:16:26.436+0000] {logging_mixin.py:149} INFO - [2023-07-05T13:16:26.435+0000] {dag.py:3490} INFO - Setting next_dagrun for example_branch_python_operator_decorator to 2023-07-04T00:00:00+00:00, run_after=2023-07-05T00:00:00+00:00
[2023-07-05T13:16:26.462+0000] {processor.py:179} INFO - Processing /home/airflow/.local/lib/python3.7/site-packages/airflow/example_dags/example_branch_operator_decorator.py took 0.121 seconds
[2023-07-05T13:16:57.842+0000] {processor.py:157} INFO - Started process (PID=3079) to work on /home/airflow/.local/lib/python3.7/site-packages/airflow/example_dags/example_branch_operator_decorator.py
[2023-07-05T13:16:57.844+0000] {processor.py:826} INFO - Processing file /home/airflow/.local/lib/python3.7/site-packages/airflow/example_dags/example_branch_operator_decorator.py for tasks to queue
[2023-07-05T13:16:57.844+0000] {logging_mixin.py:149} INFO - [2023-07-05T13:16:57.844+0000] {dagbag.py:541} INFO - Filling up the DagBag from /home/airflow/.local/lib/python3.7/site-packages/airflow/example_dags/example_branch_operator_decorator.py
[2023-07-05T13:16:57.856+0000] {processor.py:836} INFO - DAG(s) dict_keys(['example_branch_python_operator_decorator']) retrieved from /home/airflow/.local/lib/python3.7/site-packages/airflow/example_dags/example_branch_operator_decorator.py
[2023-07-05T13:16:57.889+0000] {logging_mixin.py:149} INFO - [2023-07-05T13:16:57.888+0000] {dag.py:2726} INFO - Sync 1 DAGs
[2023-07-05T13:16:57.924+0000] {logging_mixin.py:149} INFO - [2023-07-05T13:16:57.923+0000] {dag.py:3490} INFO - Setting next_dagrun for example_branch_python_operator_decorator to 2023-07-04T00:00:00+00:00, run_after=2023-07-05T00:00:00+00:00
[2023-07-05T13:16:57.945+0000] {processor.py:179} INFO - Processing /home/airflow/.local/lib/python3.7/site-packages/airflow/example_dags/example_branch_operator_decorator.py took 0.106 seconds
[2023-07-05T13:17:28.369+0000] {processor.py:157} INFO - Started process (PID=3136) to work on /home/airflow/.local/lib/python3.7/site-packages/airflow/example_dags/example_branch_operator_decorator.py
[2023-07-05T13:17:28.370+0000] {processor.py:826} INFO - Processing file /home/airflow/.local/lib/python3.7/site-packages/airflow/example_dags/example_branch_operator_decorator.py for tasks to queue
[2023-07-05T13:17:28.371+0000] {logging_mixin.py:149} INFO - [2023-07-05T13:17:28.371+0000] {dagbag.py:541} INFO - Filling up the DagBag from /home/airflow/.local/lib/python3.7/site-packages/airflow/example_dags/example_branch_operator_decorator.py
[2023-07-05T13:17:28.383+0000] {processor.py:836} INFO - DAG(s) dict_keys(['example_branch_python_operator_decorator']) retrieved from /home/airflow/.local/lib/python3.7/site-packages/airflow/example_dags/example_branch_operator_decorator.py
[2023-07-05T13:17:28.423+0000] {logging_mixin.py:149} INFO - [2023-07-05T13:17:28.422+0000] {dag.py:2726} INFO - Sync 1 DAGs
[2023-07-05T13:17:28.471+0000] {logging_mixin.py:149} INFO - [2023-07-05T13:17:28.470+0000] {dag.py:3490} INFO - Setting next_dagrun for example_branch_python_operator_decorator to 2023-07-04T00:00:00+00:00, run_after=2023-07-05T00:00:00+00:00
[2023-07-05T13:17:28.501+0000] {processor.py:179} INFO - Processing /home/airflow/.local/lib/python3.7/site-packages/airflow/example_dags/example_branch_operator_decorator.py took 0.136 seconds
[2023-07-05T13:17:59.149+0000] {processor.py:157} INFO - Started process (PID=3188) to work on /home/airflow/.local/lib/python3.7/site-packages/airflow/example_dags/example_branch_operator_decorator.py
[2023-07-05T13:17:59.151+0000] {processor.py:826} INFO - Processing file /home/airflow/.local/lib/python3.7/site-packages/airflow/example_dags/example_branch_operator_decorator.py for tasks to queue
[2023-07-05T13:17:59.152+0000] {logging_mixin.py:149} INFO - [2023-07-05T13:17:59.152+0000] {dagbag.py:541} INFO - Filling up the DagBag from /home/airflow/.local/lib/python3.7/site-packages/airflow/example_dags/example_branch_operator_decorator.py
[2023-07-05T13:17:59.167+0000] {processor.py:836} INFO - DAG(s) dict_keys(['example_branch_python_operator_decorator']) retrieved from /home/airflow/.local/lib/python3.7/site-packages/airflow/example_dags/example_branch_operator_decorator.py
[2023-07-05T13:17:59.200+0000] {logging_mixin.py:149} INFO - [2023-07-05T13:17:59.200+0000] {dag.py:2726} INFO - Sync 1 DAGs
[2023-07-05T13:17:59.242+0000] {logging_mixin.py:149} INFO - [2023-07-05T13:17:59.242+0000] {dag.py:3490} INFO - Setting next_dagrun for example_branch_python_operator_decorator to 2023-07-04T00:00:00+00:00, run_after=2023-07-05T00:00:00+00:00
[2023-07-05T13:17:59.273+0000] {processor.py:179} INFO - Processing /home/airflow/.local/lib/python3.7/site-packages/airflow/example_dags/example_branch_operator_decorator.py took 0.128 seconds
