[2023-07-05T12:49:55.147+0000] {processor.py:157} INFO - Started process (PID=41) to work on /home/airflow/.local/lib/python3.7/site-packages/airflow/example_dags/example_latest_only.py
[2023-07-05T12:49:55.161+0000] {processor.py:826} INFO - Processing file /home/airflow/.local/lib/python3.7/site-packages/airflow/example_dags/example_latest_only.py for tasks to queue
[2023-07-05T12:49:55.163+0000] {logging_mixin.py:149} INFO - [2023-07-05T12:49:55.163+0000] {dagbag.py:541} INFO - Filling up the DagBag from /home/airflow/.local/lib/python3.7/site-packages/airflow/example_dags/example_latest_only.py
[2023-07-05T12:49:55.186+0000] {processor.py:836} INFO - DAG(s) dict_keys(['latest_only']) retrieved from /home/airflow/.local/lib/python3.7/site-packages/airflow/example_dags/example_latest_only.py
[2023-07-05T12:49:55.221+0000] {logging_mixin.py:149} INFO - [2023-07-05T12:49:55.220+0000] {dag.py:2726} INFO - Sync 1 DAGs
[2023-07-05T12:49:55.271+0000] {logging_mixin.py:149} INFO - [2023-07-05T12:49:55.271+0000] {dag.py:3490} INFO - Setting next_dagrun for latest_only to 2023-07-05T08:49:55.270390+00:00, run_after=2023-07-05T12:49:55.270390+00:00
[2023-07-05T12:49:55.310+0000] {processor.py:179} INFO - Processing /home/airflow/.local/lib/python3.7/site-packages/airflow/example_dags/example_latest_only.py took 0.168 seconds
[2023-07-05T12:50:30.767+0000] {processor.py:157} INFO - Started process (PID=98) to work on /home/airflow/.local/lib/python3.7/site-packages/airflow/example_dags/example_latest_only.py
[2023-07-05T12:50:30.768+0000] {processor.py:826} INFO - Processing file /home/airflow/.local/lib/python3.7/site-packages/airflow/example_dags/example_latest_only.py for tasks to queue
[2023-07-05T12:50:30.769+0000] {logging_mixin.py:149} INFO - [2023-07-05T12:50:30.769+0000] {dagbag.py:541} INFO - Filling up the DagBag from /home/airflow/.local/lib/python3.7/site-packages/airflow/example_dags/example_latest_only.py
[2023-07-05T12:50:30.776+0000] {processor.py:836} INFO - DAG(s) dict_keys(['latest_only']) retrieved from /home/airflow/.local/lib/python3.7/site-packages/airflow/example_dags/example_latest_only.py
[2023-07-05T12:50:30.813+0000] {logging_mixin.py:149} INFO - [2023-07-05T12:50:30.813+0000] {dag.py:2726} INFO - Sync 1 DAGs
[2023-07-05T12:50:30.853+0000] {logging_mixin.py:149} INFO - [2023-07-05T12:50:30.853+0000] {dag.py:3490} INFO - Setting next_dagrun for latest_only to 2023-07-05T08:50:30.853349+00:00, run_after=2023-07-05T12:50:30.853349+00:00
[2023-07-05T12:50:30.883+0000] {processor.py:179} INFO - Processing /home/airflow/.local/lib/python3.7/site-packages/airflow/example_dags/example_latest_only.py took 0.121 seconds
[2023-07-05T12:51:01.115+0000] {processor.py:157} INFO - Started process (PID=156) to work on /home/airflow/.local/lib/python3.7/site-packages/airflow/example_dags/example_latest_only.py
[2023-07-05T12:51:01.117+0000] {processor.py:826} INFO - Processing file /home/airflow/.local/lib/python3.7/site-packages/airflow/example_dags/example_latest_only.py for tasks to queue
[2023-07-05T12:51:01.118+0000] {logging_mixin.py:149} INFO - [2023-07-05T12:51:01.117+0000] {dagbag.py:541} INFO - Filling up the DagBag from /home/airflow/.local/lib/python3.7/site-packages/airflow/example_dags/example_latest_only.py
[2023-07-05T12:51:01.124+0000] {processor.py:836} INFO - DAG(s) dict_keys(['latest_only']) retrieved from /home/airflow/.local/lib/python3.7/site-packages/airflow/example_dags/example_latest_only.py
[2023-07-05T12:51:01.159+0000] {logging_mixin.py:149} INFO - [2023-07-05T12:51:01.159+0000] {dag.py:2726} INFO - Sync 1 DAGs
[2023-07-05T12:51:01.202+0000] {logging_mixin.py:149} INFO - [2023-07-05T12:51:01.202+0000] {dag.py:3490} INFO - Setting next_dagrun for latest_only to 2023-07-05T08:51:01.202275+00:00, run_after=2023-07-05T12:51:01.202275+00:00
[2023-07-05T12:51:01.240+0000] {processor.py:179} INFO - Processing /home/airflow/.local/lib/python3.7/site-packages/airflow/example_dags/example_latest_only.py took 0.129 seconds
[2023-07-05T12:51:31.711+0000] {processor.py:157} INFO - Started process (PID=213) to work on /home/airflow/.local/lib/python3.7/site-packages/airflow/example_dags/example_latest_only.py
[2023-07-05T12:51:31.712+0000] {processor.py:826} INFO - Processing file /home/airflow/.local/lib/python3.7/site-packages/airflow/example_dags/example_latest_only.py for tasks to queue
[2023-07-05T12:51:31.713+0000] {logging_mixin.py:149} INFO - [2023-07-05T12:51:31.713+0000] {dagbag.py:541} INFO - Filling up the DagBag from /home/airflow/.local/lib/python3.7/site-packages/airflow/example_dags/example_latest_only.py
[2023-07-05T12:51:31.720+0000] {processor.py:836} INFO - DAG(s) dict_keys(['latest_only']) retrieved from /home/airflow/.local/lib/python3.7/site-packages/airflow/example_dags/example_latest_only.py
[2023-07-05T12:51:31.750+0000] {logging_mixin.py:149} INFO - [2023-07-05T12:51:31.750+0000] {dag.py:2726} INFO - Sync 1 DAGs
[2023-07-05T12:51:31.789+0000] {logging_mixin.py:149} INFO - [2023-07-05T12:51:31.789+0000] {dag.py:3490} INFO - Setting next_dagrun for latest_only to 2023-07-05T08:51:31.789257+00:00, run_after=2023-07-05T12:51:31.789257+00:00
[2023-07-05T12:51:31.819+0000] {processor.py:179} INFO - Processing /home/airflow/.local/lib/python3.7/site-packages/airflow/example_dags/example_latest_only.py took 0.112 seconds
[2023-07-05T12:52:03.067+0000] {processor.py:157} INFO - Started process (PID=270) to work on /home/airflow/.local/lib/python3.7/site-packages/airflow/example_dags/example_latest_only.py
[2023-07-05T12:52:03.068+0000] {processor.py:826} INFO - Processing file /home/airflow/.local/lib/python3.7/site-packages/airflow/example_dags/example_latest_only.py for tasks to queue
[2023-07-05T12:52:03.069+0000] {logging_mixin.py:149} INFO - [2023-07-05T12:52:03.069+0000] {dagbag.py:541} INFO - Filling up the DagBag from /home/airflow/.local/lib/python3.7/site-packages/airflow/example_dags/example_latest_only.py
[2023-07-05T12:52:03.075+0000] {processor.py:836} INFO - DAG(s) dict_keys(['latest_only']) retrieved from /home/airflow/.local/lib/python3.7/site-packages/airflow/example_dags/example_latest_only.py
[2023-07-05T12:52:03.111+0000] {logging_mixin.py:149} INFO - [2023-07-05T12:52:03.110+0000] {dag.py:2726} INFO - Sync 1 DAGs
[2023-07-05T12:52:03.159+0000] {logging_mixin.py:149} INFO - [2023-07-05T12:52:03.159+0000] {dag.py:3490} INFO - Setting next_dagrun for latest_only to 2023-07-05T08:52:03.158735+00:00, run_after=2023-07-05T12:52:03.158735+00:00
[2023-07-05T12:52:03.190+0000] {processor.py:179} INFO - Processing /home/airflow/.local/lib/python3.7/site-packages/airflow/example_dags/example_latest_only.py took 0.128 seconds
[2023-07-05T12:52:33.962+0000] {processor.py:157} INFO - Started process (PID=327) to work on /home/airflow/.local/lib/python3.7/site-packages/airflow/example_dags/example_latest_only.py
[2023-07-05T12:52:33.963+0000] {processor.py:826} INFO - Processing file /home/airflow/.local/lib/python3.7/site-packages/airflow/example_dags/example_latest_only.py for tasks to queue
[2023-07-05T12:52:33.964+0000] {logging_mixin.py:149} INFO - [2023-07-05T12:52:33.964+0000] {dagbag.py:541} INFO - Filling up the DagBag from /home/airflow/.local/lib/python3.7/site-packages/airflow/example_dags/example_latest_only.py
[2023-07-05T12:52:33.970+0000] {processor.py:836} INFO - DAG(s) dict_keys(['latest_only']) retrieved from /home/airflow/.local/lib/python3.7/site-packages/airflow/example_dags/example_latest_only.py
[2023-07-05T12:52:34.008+0000] {logging_mixin.py:149} INFO - [2023-07-05T12:52:34.008+0000] {dag.py:2726} INFO - Sync 1 DAGs
[2023-07-05T12:52:34.067+0000] {logging_mixin.py:149} INFO - [2023-07-05T12:52:34.067+0000] {dag.py:3490} INFO - Setting next_dagrun for latest_only to 2023-07-05T08:52:34.066794+00:00, run_after=2023-07-05T12:52:34.066794+00:00
[2023-07-05T12:52:34.252+0000] {processor.py:179} INFO - Processing /home/airflow/.local/lib/python3.7/site-packages/airflow/example_dags/example_latest_only.py took 0.293 seconds
[2023-07-05T12:53:04.544+0000] {processor.py:157} INFO - Started process (PID=384) to work on /home/airflow/.local/lib/python3.7/site-packages/airflow/example_dags/example_latest_only.py
[2023-07-05T12:53:04.545+0000] {processor.py:826} INFO - Processing file /home/airflow/.local/lib/python3.7/site-packages/airflow/example_dags/example_latest_only.py for tasks to queue
[2023-07-05T12:53:04.546+0000] {logging_mixin.py:149} INFO - [2023-07-05T12:53:04.545+0000] {dagbag.py:541} INFO - Filling up the DagBag from /home/airflow/.local/lib/python3.7/site-packages/airflow/example_dags/example_latest_only.py
[2023-07-05T12:53:04.552+0000] {processor.py:836} INFO - DAG(s) dict_keys(['latest_only']) retrieved from /home/airflow/.local/lib/python3.7/site-packages/airflow/example_dags/example_latest_only.py
[2023-07-05T12:53:04.589+0000] {logging_mixin.py:149} INFO - [2023-07-05T12:53:04.589+0000] {dag.py:2726} INFO - Sync 1 DAGs
[2023-07-05T12:53:04.624+0000] {logging_mixin.py:149} INFO - [2023-07-05T12:53:04.624+0000] {dag.py:3490} INFO - Setting next_dagrun for latest_only to 2023-07-05T08:53:04.624201+00:00, run_after=2023-07-05T12:53:04.624201+00:00
[2023-07-05T12:53:04.653+0000] {processor.py:179} INFO - Processing /home/airflow/.local/lib/python3.7/site-packages/airflow/example_dags/example_latest_only.py took 0.113 seconds
[2023-07-05T12:53:35.080+0000] {processor.py:157} INFO - Started process (PID=441) to work on /home/airflow/.local/lib/python3.7/site-packages/airflow/example_dags/example_latest_only.py
[2023-07-05T12:53:35.081+0000] {processor.py:826} INFO - Processing file /home/airflow/.local/lib/python3.7/site-packages/airflow/example_dags/example_latest_only.py for tasks to queue
[2023-07-05T12:53:35.082+0000] {logging_mixin.py:149} INFO - [2023-07-05T12:53:35.082+0000] {dagbag.py:541} INFO - Filling up the DagBag from /home/airflow/.local/lib/python3.7/site-packages/airflow/example_dags/example_latest_only.py
[2023-07-05T12:53:35.088+0000] {processor.py:836} INFO - DAG(s) dict_keys(['latest_only']) retrieved from /home/airflow/.local/lib/python3.7/site-packages/airflow/example_dags/example_latest_only.py
[2023-07-05T12:53:35.114+0000] {logging_mixin.py:149} INFO - [2023-07-05T12:53:35.114+0000] {dag.py:2726} INFO - Sync 1 DAGs
[2023-07-05T12:53:35.282+0000] {logging_mixin.py:149} INFO - [2023-07-05T12:53:35.282+0000] {dag.py:3490} INFO - Setting next_dagrun for latest_only to 2023-07-05T08:53:35.281998+00:00, run_after=2023-07-05T12:53:35.281998+00:00
[2023-07-05T12:53:35.304+0000] {processor.py:179} INFO - Processing /home/airflow/.local/lib/python3.7/site-packages/airflow/example_dags/example_latest_only.py took 0.230 seconds
[2023-07-05T12:54:05.584+0000] {processor.py:157} INFO - Started process (PID=498) to work on /home/airflow/.local/lib/python3.7/site-packages/airflow/example_dags/example_latest_only.py
[2023-07-05T12:54:05.586+0000] {processor.py:826} INFO - Processing file /home/airflow/.local/lib/python3.7/site-packages/airflow/example_dags/example_latest_only.py for tasks to queue
[2023-07-05T12:54:05.586+0000] {logging_mixin.py:149} INFO - [2023-07-05T12:54:05.586+0000] {dagbag.py:541} INFO - Filling up the DagBag from /home/airflow/.local/lib/python3.7/site-packages/airflow/example_dags/example_latest_only.py
[2023-07-05T12:54:05.592+0000] {processor.py:836} INFO - DAG(s) dict_keys(['latest_only']) retrieved from /home/airflow/.local/lib/python3.7/site-packages/airflow/example_dags/example_latest_only.py
[2023-07-05T12:54:05.626+0000] {logging_mixin.py:149} INFO - [2023-07-05T12:54:05.625+0000] {dag.py:2726} INFO - Sync 1 DAGs
[2023-07-05T12:54:05.669+0000] {logging_mixin.py:149} INFO - [2023-07-05T12:54:05.669+0000] {dag.py:3490} INFO - Setting next_dagrun for latest_only to 2023-07-05T08:54:05.668732+00:00, run_after=2023-07-05T12:54:05.668732+00:00
[2023-07-05T12:54:05.882+0000] {processor.py:179} INFO - Processing /home/airflow/.local/lib/python3.7/site-packages/airflow/example_dags/example_latest_only.py took 0.301 seconds
[2023-07-05T12:54:36.406+0000] {processor.py:157} INFO - Started process (PID=555) to work on /home/airflow/.local/lib/python3.7/site-packages/airflow/example_dags/example_latest_only.py
[2023-07-05T12:54:36.408+0000] {processor.py:826} INFO - Processing file /home/airflow/.local/lib/python3.7/site-packages/airflow/example_dags/example_latest_only.py for tasks to queue
[2023-07-05T12:54:36.408+0000] {logging_mixin.py:149} INFO - [2023-07-05T12:54:36.408+0000] {dagbag.py:541} INFO - Filling up the DagBag from /home/airflow/.local/lib/python3.7/site-packages/airflow/example_dags/example_latest_only.py
[2023-07-05T12:54:36.415+0000] {processor.py:836} INFO - DAG(s) dict_keys(['latest_only']) retrieved from /home/airflow/.local/lib/python3.7/site-packages/airflow/example_dags/example_latest_only.py
[2023-07-05T12:54:36.445+0000] {logging_mixin.py:149} INFO - [2023-07-05T12:54:36.445+0000] {dag.py:2726} INFO - Sync 1 DAGs
[2023-07-05T12:54:36.481+0000] {logging_mixin.py:149} INFO - [2023-07-05T12:54:36.480+0000] {dag.py:3490} INFO - Setting next_dagrun for latest_only to 2023-07-05T08:54:36.480348+00:00, run_after=2023-07-05T12:54:36.480348+00:00
[2023-07-05T12:54:36.512+0000] {processor.py:179} INFO - Processing /home/airflow/.local/lib/python3.7/site-packages/airflow/example_dags/example_latest_only.py took 0.111 seconds
[2023-07-05T12:55:07.177+0000] {processor.py:157} INFO - Started process (PID=612) to work on /home/airflow/.local/lib/python3.7/site-packages/airflow/example_dags/example_latest_only.py
[2023-07-05T12:55:07.179+0000] {processor.py:826} INFO - Processing file /home/airflow/.local/lib/python3.7/site-packages/airflow/example_dags/example_latest_only.py for tasks to queue
[2023-07-05T12:55:07.180+0000] {logging_mixin.py:149} INFO - [2023-07-05T12:55:07.180+0000] {dagbag.py:541} INFO - Filling up the DagBag from /home/airflow/.local/lib/python3.7/site-packages/airflow/example_dags/example_latest_only.py
[2023-07-05T12:55:07.187+0000] {processor.py:836} INFO - DAG(s) dict_keys(['latest_only']) retrieved from /home/airflow/.local/lib/python3.7/site-packages/airflow/example_dags/example_latest_only.py
[2023-07-05T12:55:07.235+0000] {logging_mixin.py:149} INFO - [2023-07-05T12:55:07.235+0000] {dag.py:2726} INFO - Sync 1 DAGs
[2023-07-05T12:55:07.418+0000] {logging_mixin.py:149} INFO - [2023-07-05T12:55:07.418+0000] {dag.py:3490} INFO - Setting next_dagrun for latest_only to 2023-07-05T08:55:07.417927+00:00, run_after=2023-07-05T12:55:07.417927+00:00
[2023-07-05T12:55:07.447+0000] {processor.py:179} INFO - Processing /home/airflow/.local/lib/python3.7/site-packages/airflow/example_dags/example_latest_only.py took 0.275 seconds
[2023-07-05T12:55:38.222+0000] {processor.py:157} INFO - Started process (PID=669) to work on /home/airflow/.local/lib/python3.7/site-packages/airflow/example_dags/example_latest_only.py
[2023-07-05T12:55:38.223+0000] {processor.py:826} INFO - Processing file /home/airflow/.local/lib/python3.7/site-packages/airflow/example_dags/example_latest_only.py for tasks to queue
[2023-07-05T12:55:38.224+0000] {logging_mixin.py:149} INFO - [2023-07-05T12:55:38.224+0000] {dagbag.py:541} INFO - Filling up the DagBag from /home/airflow/.local/lib/python3.7/site-packages/airflow/example_dags/example_latest_only.py
[2023-07-05T12:55:38.232+0000] {processor.py:836} INFO - DAG(s) dict_keys(['latest_only']) retrieved from /home/airflow/.local/lib/python3.7/site-packages/airflow/example_dags/example_latest_only.py
[2023-07-05T12:55:38.263+0000] {logging_mixin.py:149} INFO - [2023-07-05T12:55:38.262+0000] {dag.py:2726} INFO - Sync 1 DAGs
[2023-07-05T12:55:38.300+0000] {logging_mixin.py:149} INFO - [2023-07-05T12:55:38.299+0000] {dag.py:3490} INFO - Setting next_dagrun for latest_only to 2023-07-05T08:55:38.299395+00:00, run_after=2023-07-05T12:55:38.299395+00:00
[2023-07-05T12:55:38.498+0000] {processor.py:179} INFO - Processing /home/airflow/.local/lib/python3.7/site-packages/airflow/example_dags/example_latest_only.py took 0.279 seconds
[2023-07-05T12:56:08.927+0000] {processor.py:157} INFO - Started process (PID=726) to work on /home/airflow/.local/lib/python3.7/site-packages/airflow/example_dags/example_latest_only.py
[2023-07-05T12:56:08.928+0000] {processor.py:826} INFO - Processing file /home/airflow/.local/lib/python3.7/site-packages/airflow/example_dags/example_latest_only.py for tasks to queue
[2023-07-05T12:56:08.929+0000] {logging_mixin.py:149} INFO - [2023-07-05T12:56:08.929+0000] {dagbag.py:541} INFO - Filling up the DagBag from /home/airflow/.local/lib/python3.7/site-packages/airflow/example_dags/example_latest_only.py
[2023-07-05T12:56:08.936+0000] {processor.py:836} INFO - DAG(s) dict_keys(['latest_only']) retrieved from /home/airflow/.local/lib/python3.7/site-packages/airflow/example_dags/example_latest_only.py
[2023-07-05T12:56:09.128+0000] {logging_mixin.py:149} INFO - [2023-07-05T12:56:09.128+0000] {dag.py:2726} INFO - Sync 1 DAGs
[2023-07-05T12:56:09.166+0000] {logging_mixin.py:149} INFO - [2023-07-05T12:56:09.166+0000] {dag.py:3490} INFO - Setting next_dagrun for latest_only to 2023-07-05T08:56:09.165899+00:00, run_after=2023-07-05T12:56:09.165899+00:00
[2023-07-05T12:56:09.197+0000] {processor.py:179} INFO - Processing /home/airflow/.local/lib/python3.7/site-packages/airflow/example_dags/example_latest_only.py took 0.274 seconds
[2023-07-05T12:56:39.364+0000] {processor.py:157} INFO - Started process (PID=782) to work on /home/airflow/.local/lib/python3.7/site-packages/airflow/example_dags/example_latest_only.py
[2023-07-05T12:56:39.365+0000] {processor.py:826} INFO - Processing file /home/airflow/.local/lib/python3.7/site-packages/airflow/example_dags/example_latest_only.py for tasks to queue
[2023-07-05T12:56:39.366+0000] {logging_mixin.py:149} INFO - [2023-07-05T12:56:39.366+0000] {dagbag.py:541} INFO - Filling up the DagBag from /home/airflow/.local/lib/python3.7/site-packages/airflow/example_dags/example_latest_only.py
[2023-07-05T12:56:39.380+0000] {processor.py:836} INFO - DAG(s) dict_keys(['latest_only']) retrieved from /home/airflow/.local/lib/python3.7/site-packages/airflow/example_dags/example_latest_only.py
[2023-07-05T12:56:39.419+0000] {logging_mixin.py:149} INFO - [2023-07-05T12:56:39.419+0000] {dag.py:2726} INFO - Sync 1 DAGs
[2023-07-05T12:56:39.471+0000] {logging_mixin.py:149} INFO - [2023-07-05T12:56:39.471+0000] {dag.py:3490} INFO - Setting next_dagrun for latest_only to 2023-07-05T08:56:39.471178+00:00, run_after=2023-07-05T12:56:39.471178+00:00
[2023-07-05T12:56:39.524+0000] {processor.py:179} INFO - Processing /home/airflow/.local/lib/python3.7/site-packages/airflow/example_dags/example_latest_only.py took 0.165 seconds
[2023-07-05T12:57:09.669+0000] {processor.py:157} INFO - Started process (PID=838) to work on /home/airflow/.local/lib/python3.7/site-packages/airflow/example_dags/example_latest_only.py
[2023-07-05T12:57:09.673+0000] {processor.py:826} INFO - Processing file /home/airflow/.local/lib/python3.7/site-packages/airflow/example_dags/example_latest_only.py for tasks to queue
[2023-07-05T12:57:09.674+0000] {logging_mixin.py:149} INFO - [2023-07-05T12:57:09.674+0000] {dagbag.py:541} INFO - Filling up the DagBag from /home/airflow/.local/lib/python3.7/site-packages/airflow/example_dags/example_latest_only.py
[2023-07-05T12:57:09.682+0000] {processor.py:836} INFO - DAG(s) dict_keys(['latest_only']) retrieved from /home/airflow/.local/lib/python3.7/site-packages/airflow/example_dags/example_latest_only.py
[2023-07-05T12:57:09.736+0000] {logging_mixin.py:149} INFO - [2023-07-05T12:57:09.735+0000] {dag.py:2726} INFO - Sync 1 DAGs
[2023-07-05T12:57:09.778+0000] {logging_mixin.py:149} INFO - [2023-07-05T12:57:09.778+0000] {dag.py:3490} INFO - Setting next_dagrun for latest_only to 2023-07-05T08:57:09.777871+00:00, run_after=2023-07-05T12:57:09.777871+00:00
[2023-07-05T12:57:09.805+0000] {processor.py:179} INFO - Processing /home/airflow/.local/lib/python3.7/site-packages/airflow/example_dags/example_latest_only.py took 0.141 seconds
[2023-07-05T12:57:40.159+0000] {processor.py:157} INFO - Started process (PID=895) to work on /home/airflow/.local/lib/python3.7/site-packages/airflow/example_dags/example_latest_only.py
[2023-07-05T12:57:40.160+0000] {processor.py:826} INFO - Processing file /home/airflow/.local/lib/python3.7/site-packages/airflow/example_dags/example_latest_only.py for tasks to queue
[2023-07-05T12:57:40.161+0000] {logging_mixin.py:149} INFO - [2023-07-05T12:57:40.161+0000] {dagbag.py:541} INFO - Filling up the DagBag from /home/airflow/.local/lib/python3.7/site-packages/airflow/example_dags/example_latest_only.py
[2023-07-05T12:57:40.168+0000] {processor.py:836} INFO - DAG(s) dict_keys(['latest_only']) retrieved from /home/airflow/.local/lib/python3.7/site-packages/airflow/example_dags/example_latest_only.py
[2023-07-05T12:57:40.201+0000] {logging_mixin.py:149} INFO - [2023-07-05T12:57:40.201+0000] {dag.py:2726} INFO - Sync 1 DAGs
[2023-07-05T12:57:40.240+0000] {logging_mixin.py:149} INFO - [2023-07-05T12:57:40.240+0000] {dag.py:3490} INFO - Setting next_dagrun for latest_only to 2023-07-05T08:57:40.239745+00:00, run_after=2023-07-05T12:57:40.239745+00:00
[2023-07-05T12:57:40.265+0000] {processor.py:179} INFO - Processing /home/airflow/.local/lib/python3.7/site-packages/airflow/example_dags/example_latest_only.py took 0.110 seconds
[2023-07-05T12:58:10.689+0000] {processor.py:157} INFO - Started process (PID=951) to work on /home/airflow/.local/lib/python3.7/site-packages/airflow/example_dags/example_latest_only.py
[2023-07-05T12:58:10.691+0000] {processor.py:826} INFO - Processing file /home/airflow/.local/lib/python3.7/site-packages/airflow/example_dags/example_latest_only.py for tasks to queue
[2023-07-05T12:58:10.691+0000] {logging_mixin.py:149} INFO - [2023-07-05T12:58:10.691+0000] {dagbag.py:541} INFO - Filling up the DagBag from /home/airflow/.local/lib/python3.7/site-packages/airflow/example_dags/example_latest_only.py
[2023-07-05T12:58:10.697+0000] {processor.py:836} INFO - DAG(s) dict_keys(['latest_only']) retrieved from /home/airflow/.local/lib/python3.7/site-packages/airflow/example_dags/example_latest_only.py
[2023-07-05T12:58:10.731+0000] {logging_mixin.py:149} INFO - [2023-07-05T12:58:10.731+0000] {dag.py:2726} INFO - Sync 1 DAGs
[2023-07-05T12:58:10.768+0000] {logging_mixin.py:149} INFO - [2023-07-05T12:58:10.768+0000] {dag.py:3490} INFO - Setting next_dagrun for latest_only to 2023-07-05T08:58:10.767896+00:00, run_after=2023-07-05T12:58:10.767896+00:00
[2023-07-05T12:58:10.805+0000] {processor.py:179} INFO - Processing /home/airflow/.local/lib/python3.7/site-packages/airflow/example_dags/example_latest_only.py took 0.119 seconds
[2023-07-05T12:58:40.924+0000] {processor.py:157} INFO - Started process (PID=1008) to work on /home/airflow/.local/lib/python3.7/site-packages/airflow/example_dags/example_latest_only.py
[2023-07-05T12:58:40.926+0000] {processor.py:826} INFO - Processing file /home/airflow/.local/lib/python3.7/site-packages/airflow/example_dags/example_latest_only.py for tasks to queue
[2023-07-05T12:58:40.927+0000] {logging_mixin.py:149} INFO - [2023-07-05T12:58:40.926+0000] {dagbag.py:541} INFO - Filling up the DagBag from /home/airflow/.local/lib/python3.7/site-packages/airflow/example_dags/example_latest_only.py
[2023-07-05T12:58:40.933+0000] {processor.py:836} INFO - DAG(s) dict_keys(['latest_only']) retrieved from /home/airflow/.local/lib/python3.7/site-packages/airflow/example_dags/example_latest_only.py
[2023-07-05T12:58:40.963+0000] {logging_mixin.py:149} INFO - [2023-07-05T12:58:40.963+0000] {dag.py:2726} INFO - Sync 1 DAGs
[2023-07-05T12:58:41.000+0000] {logging_mixin.py:149} INFO - [2023-07-05T12:58:41.000+0000] {dag.py:3490} INFO - Setting next_dagrun for latest_only to 2023-07-05T08:58:41.000177+00:00, run_after=2023-07-05T12:58:41.000177+00:00
[2023-07-05T12:58:41.034+0000] {processor.py:179} INFO - Processing /home/airflow/.local/lib/python3.7/site-packages/airflow/example_dags/example_latest_only.py took 0.113 seconds
[2023-07-05T12:59:11.276+0000] {processor.py:157} INFO - Started process (PID=1064) to work on /home/airflow/.local/lib/python3.7/site-packages/airflow/example_dags/example_latest_only.py
[2023-07-05T12:59:11.278+0000] {processor.py:826} INFO - Processing file /home/airflow/.local/lib/python3.7/site-packages/airflow/example_dags/example_latest_only.py for tasks to queue
[2023-07-05T12:59:11.279+0000] {logging_mixin.py:149} INFO - [2023-07-05T12:59:11.279+0000] {dagbag.py:541} INFO - Filling up the DagBag from /home/airflow/.local/lib/python3.7/site-packages/airflow/example_dags/example_latest_only.py
[2023-07-05T12:59:11.287+0000] {processor.py:836} INFO - DAG(s) dict_keys(['latest_only']) retrieved from /home/airflow/.local/lib/python3.7/site-packages/airflow/example_dags/example_latest_only.py
[2023-07-05T12:59:11.324+0000] {logging_mixin.py:149} INFO - [2023-07-05T12:59:11.324+0000] {dag.py:2726} INFO - Sync 1 DAGs
[2023-07-05T12:59:11.372+0000] {logging_mixin.py:149} INFO - [2023-07-05T12:59:11.371+0000] {dag.py:3490} INFO - Setting next_dagrun for latest_only to 2023-07-05T08:59:11.371340+00:00, run_after=2023-07-05T12:59:11.371340+00:00
[2023-07-05T12:59:11.406+0000] {processor.py:179} INFO - Processing /home/airflow/.local/lib/python3.7/site-packages/airflow/example_dags/example_latest_only.py took 0.134 seconds
[2023-07-05T12:59:41.914+0000] {processor.py:157} INFO - Started process (PID=1121) to work on /home/airflow/.local/lib/python3.7/site-packages/airflow/example_dags/example_latest_only.py
[2023-07-05T12:59:41.915+0000] {processor.py:826} INFO - Processing file /home/airflow/.local/lib/python3.7/site-packages/airflow/example_dags/example_latest_only.py for tasks to queue
[2023-07-05T12:59:41.916+0000] {logging_mixin.py:149} INFO - [2023-07-05T12:59:41.916+0000] {dagbag.py:541} INFO - Filling up the DagBag from /home/airflow/.local/lib/python3.7/site-packages/airflow/example_dags/example_latest_only.py
[2023-07-05T12:59:41.924+0000] {processor.py:836} INFO - DAG(s) dict_keys(['latest_only']) retrieved from /home/airflow/.local/lib/python3.7/site-packages/airflow/example_dags/example_latest_only.py
[2023-07-05T12:59:41.956+0000] {logging_mixin.py:149} INFO - [2023-07-05T12:59:41.956+0000] {dag.py:2726} INFO - Sync 1 DAGs
[2023-07-05T12:59:41.996+0000] {logging_mixin.py:149} INFO - [2023-07-05T12:59:41.996+0000] {dag.py:3490} INFO - Setting next_dagrun for latest_only to 2023-07-05T08:59:41.995891+00:00, run_after=2023-07-05T12:59:41.995891+00:00
[2023-07-05T12:59:42.034+0000] {processor.py:179} INFO - Processing /home/airflow/.local/lib/python3.7/site-packages/airflow/example_dags/example_latest_only.py took 0.124 seconds
[2023-07-05T13:00:12.225+0000] {processor.py:157} INFO - Started process (PID=1178) to work on /home/airflow/.local/lib/python3.7/site-packages/airflow/example_dags/example_latest_only.py
[2023-07-05T13:00:12.227+0000] {processor.py:826} INFO - Processing file /home/airflow/.local/lib/python3.7/site-packages/airflow/example_dags/example_latest_only.py for tasks to queue
[2023-07-05T13:00:12.228+0000] {logging_mixin.py:149} INFO - [2023-07-05T13:00:12.228+0000] {dagbag.py:541} INFO - Filling up the DagBag from /home/airflow/.local/lib/python3.7/site-packages/airflow/example_dags/example_latest_only.py
[2023-07-05T13:00:12.236+0000] {processor.py:836} INFO - DAG(s) dict_keys(['latest_only']) retrieved from /home/airflow/.local/lib/python3.7/site-packages/airflow/example_dags/example_latest_only.py
[2023-07-05T13:00:12.272+0000] {logging_mixin.py:149} INFO - [2023-07-05T13:00:12.272+0000] {dag.py:2726} INFO - Sync 1 DAGs
[2023-07-05T13:00:12.309+0000] {logging_mixin.py:149} INFO - [2023-07-05T13:00:12.308+0000] {dag.py:3490} INFO - Setting next_dagrun for latest_only to 2023-07-05T09:00:12.308650+00:00, run_after=2023-07-05T13:00:12.308650+00:00
[2023-07-05T13:00:12.346+0000] {processor.py:179} INFO - Processing /home/airflow/.local/lib/python3.7/site-packages/airflow/example_dags/example_latest_only.py took 0.125 seconds
[2023-07-05T13:00:42.600+0000] {processor.py:157} INFO - Started process (PID=1235) to work on /home/airflow/.local/lib/python3.7/site-packages/airflow/example_dags/example_latest_only.py
[2023-07-05T13:00:42.601+0000] {processor.py:826} INFO - Processing file /home/airflow/.local/lib/python3.7/site-packages/airflow/example_dags/example_latest_only.py for tasks to queue
[2023-07-05T13:00:42.602+0000] {logging_mixin.py:149} INFO - [2023-07-05T13:00:42.602+0000] {dagbag.py:541} INFO - Filling up the DagBag from /home/airflow/.local/lib/python3.7/site-packages/airflow/example_dags/example_latest_only.py
[2023-07-05T13:00:42.608+0000] {processor.py:836} INFO - DAG(s) dict_keys(['latest_only']) retrieved from /home/airflow/.local/lib/python3.7/site-packages/airflow/example_dags/example_latest_only.py
[2023-07-05T13:00:42.645+0000] {logging_mixin.py:149} INFO - [2023-07-05T13:00:42.645+0000] {dag.py:2726} INFO - Sync 1 DAGs
[2023-07-05T13:00:42.689+0000] {logging_mixin.py:149} INFO - [2023-07-05T13:00:42.689+0000] {dag.py:3490} INFO - Setting next_dagrun for latest_only to 2023-07-05T09:00:42.689059+00:00, run_after=2023-07-05T13:00:42.689059+00:00
[2023-07-05T13:00:42.729+0000] {processor.py:179} INFO - Processing /home/airflow/.local/lib/python3.7/site-packages/airflow/example_dags/example_latest_only.py took 0.133 seconds
[2023-07-05T13:01:12.919+0000] {processor.py:157} INFO - Started process (PID=1292) to work on /home/airflow/.local/lib/python3.7/site-packages/airflow/example_dags/example_latest_only.py
[2023-07-05T13:01:12.921+0000] {processor.py:826} INFO - Processing file /home/airflow/.local/lib/python3.7/site-packages/airflow/example_dags/example_latest_only.py for tasks to queue
[2023-07-05T13:01:12.922+0000] {logging_mixin.py:149} INFO - [2023-07-05T13:01:12.921+0000] {dagbag.py:541} INFO - Filling up the DagBag from /home/airflow/.local/lib/python3.7/site-packages/airflow/example_dags/example_latest_only.py
[2023-07-05T13:01:12.929+0000] {processor.py:836} INFO - DAG(s) dict_keys(['latest_only']) retrieved from /home/airflow/.local/lib/python3.7/site-packages/airflow/example_dags/example_latest_only.py
[2023-07-05T13:01:12.971+0000] {logging_mixin.py:149} INFO - [2023-07-05T13:01:12.971+0000] {dag.py:2726} INFO - Sync 1 DAGs
[2023-07-05T13:01:13.013+0000] {logging_mixin.py:149} INFO - [2023-07-05T13:01:13.012+0000] {dag.py:3490} INFO - Setting next_dagrun for latest_only to 2023-07-05T09:01:13.012438+00:00, run_after=2023-07-05T13:01:13.012438+00:00
[2023-07-05T13:01:13.047+0000] {processor.py:179} INFO - Processing /home/airflow/.local/lib/python3.7/site-packages/airflow/example_dags/example_latest_only.py took 0.132 seconds
[2023-07-05T13:01:43.185+0000] {processor.py:157} INFO - Started process (PID=1350) to work on /home/airflow/.local/lib/python3.7/site-packages/airflow/example_dags/example_latest_only.py
[2023-07-05T13:01:43.186+0000] {processor.py:826} INFO - Processing file /home/airflow/.local/lib/python3.7/site-packages/airflow/example_dags/example_latest_only.py for tasks to queue
[2023-07-05T13:01:43.187+0000] {logging_mixin.py:149} INFO - [2023-07-05T13:01:43.187+0000] {dagbag.py:541} INFO - Filling up the DagBag from /home/airflow/.local/lib/python3.7/site-packages/airflow/example_dags/example_latest_only.py
[2023-07-05T13:01:43.194+0000] {processor.py:836} INFO - DAG(s) dict_keys(['latest_only']) retrieved from /home/airflow/.local/lib/python3.7/site-packages/airflow/example_dags/example_latest_only.py
[2023-07-05T13:01:43.228+0000] {logging_mixin.py:149} INFO - [2023-07-05T13:01:43.228+0000] {dag.py:2726} INFO - Sync 1 DAGs
[2023-07-05T13:01:43.268+0000] {logging_mixin.py:149} INFO - [2023-07-05T13:01:43.267+0000] {dag.py:3490} INFO - Setting next_dagrun for latest_only to 2023-07-05T09:01:43.267619+00:00, run_after=2023-07-05T13:01:43.267619+00:00
[2023-07-05T13:01:43.293+0000] {processor.py:179} INFO - Processing /home/airflow/.local/lib/python3.7/site-packages/airflow/example_dags/example_latest_only.py took 0.112 seconds
[2023-07-05T13:02:13.556+0000] {processor.py:157} INFO - Started process (PID=1406) to work on /home/airflow/.local/lib/python3.7/site-packages/airflow/example_dags/example_latest_only.py
[2023-07-05T13:02:13.557+0000] {processor.py:826} INFO - Processing file /home/airflow/.local/lib/python3.7/site-packages/airflow/example_dags/example_latest_only.py for tasks to queue
[2023-07-05T13:02:13.558+0000] {logging_mixin.py:149} INFO - [2023-07-05T13:02:13.558+0000] {dagbag.py:541} INFO - Filling up the DagBag from /home/airflow/.local/lib/python3.7/site-packages/airflow/example_dags/example_latest_only.py
[2023-07-05T13:02:13.564+0000] {processor.py:836} INFO - DAG(s) dict_keys(['latest_only']) retrieved from /home/airflow/.local/lib/python3.7/site-packages/airflow/example_dags/example_latest_only.py
[2023-07-05T13:02:13.603+0000] {logging_mixin.py:149} INFO - [2023-07-05T13:02:13.602+0000] {dag.py:2726} INFO - Sync 1 DAGs
[2023-07-05T13:02:13.641+0000] {logging_mixin.py:149} INFO - [2023-07-05T13:02:13.641+0000] {dag.py:3490} INFO - Setting next_dagrun for latest_only to 2023-07-05T09:02:13.640803+00:00, run_after=2023-07-05T13:02:13.640803+00:00
[2023-07-05T13:02:13.680+0000] {processor.py:179} INFO - Processing /home/airflow/.local/lib/python3.7/site-packages/airflow/example_dags/example_latest_only.py took 0.127 seconds
[2023-07-05T13:02:43.813+0000] {processor.py:157} INFO - Started process (PID=1463) to work on /home/airflow/.local/lib/python3.7/site-packages/airflow/example_dags/example_latest_only.py
[2023-07-05T13:02:43.815+0000] {processor.py:826} INFO - Processing file /home/airflow/.local/lib/python3.7/site-packages/airflow/example_dags/example_latest_only.py for tasks to queue
[2023-07-05T13:02:43.816+0000] {logging_mixin.py:149} INFO - [2023-07-05T13:02:43.816+0000] {dagbag.py:541} INFO - Filling up the DagBag from /home/airflow/.local/lib/python3.7/site-packages/airflow/example_dags/example_latest_only.py
[2023-07-05T13:02:43.823+0000] {processor.py:836} INFO - DAG(s) dict_keys(['latest_only']) retrieved from /home/airflow/.local/lib/python3.7/site-packages/airflow/example_dags/example_latest_only.py
[2023-07-05T13:02:43.860+0000] {logging_mixin.py:149} INFO - [2023-07-05T13:02:43.860+0000] {dag.py:2726} INFO - Sync 1 DAGs
[2023-07-05T13:02:43.894+0000] {logging_mixin.py:149} INFO - [2023-07-05T13:02:43.894+0000] {dag.py:3490} INFO - Setting next_dagrun for latest_only to 2023-07-05T09:02:43.894209+00:00, run_after=2023-07-05T13:02:43.894209+00:00
[2023-07-05T13:02:43.920+0000] {processor.py:179} INFO - Processing /home/airflow/.local/lib/python3.7/site-packages/airflow/example_dags/example_latest_only.py took 0.110 seconds
[2023-07-05T13:03:14.082+0000] {processor.py:157} INFO - Started process (PID=1520) to work on /home/airflow/.local/lib/python3.7/site-packages/airflow/example_dags/example_latest_only.py
[2023-07-05T13:03:14.083+0000] {processor.py:826} INFO - Processing file /home/airflow/.local/lib/python3.7/site-packages/airflow/example_dags/example_latest_only.py for tasks to queue
[2023-07-05T13:03:14.084+0000] {logging_mixin.py:149} INFO - [2023-07-05T13:03:14.084+0000] {dagbag.py:541} INFO - Filling up the DagBag from /home/airflow/.local/lib/python3.7/site-packages/airflow/example_dags/example_latest_only.py
[2023-07-05T13:03:14.092+0000] {processor.py:836} INFO - DAG(s) dict_keys(['latest_only']) retrieved from /home/airflow/.local/lib/python3.7/site-packages/airflow/example_dags/example_latest_only.py
[2023-07-05T13:03:14.126+0000] {logging_mixin.py:149} INFO - [2023-07-05T13:03:14.126+0000] {dag.py:2726} INFO - Sync 1 DAGs
[2023-07-05T13:03:14.173+0000] {logging_mixin.py:149} INFO - [2023-07-05T13:03:14.173+0000] {dag.py:3490} INFO - Setting next_dagrun for latest_only to 2023-07-05T09:03:14.173050+00:00, run_after=2023-07-05T13:03:14.173050+00:00
[2023-07-05T13:03:14.203+0000] {processor.py:179} INFO - Processing /home/airflow/.local/lib/python3.7/site-packages/airflow/example_dags/example_latest_only.py took 0.125 seconds
[2023-07-05T13:03:44.542+0000] {processor.py:157} INFO - Started process (PID=1577) to work on /home/airflow/.local/lib/python3.7/site-packages/airflow/example_dags/example_latest_only.py
[2023-07-05T13:03:44.544+0000] {processor.py:826} INFO - Processing file /home/airflow/.local/lib/python3.7/site-packages/airflow/example_dags/example_latest_only.py for tasks to queue
[2023-07-05T13:03:44.545+0000] {logging_mixin.py:149} INFO - [2023-07-05T13:03:44.545+0000] {dagbag.py:541} INFO - Filling up the DagBag from /home/airflow/.local/lib/python3.7/site-packages/airflow/example_dags/example_latest_only.py
[2023-07-05T13:03:44.553+0000] {processor.py:836} INFO - DAG(s) dict_keys(['latest_only']) retrieved from /home/airflow/.local/lib/python3.7/site-packages/airflow/example_dags/example_latest_only.py
[2023-07-05T13:03:44.588+0000] {logging_mixin.py:149} INFO - [2023-07-05T13:03:44.588+0000] {dag.py:2726} INFO - Sync 1 DAGs
[2023-07-05T13:03:44.631+0000] {logging_mixin.py:149} INFO - [2023-07-05T13:03:44.631+0000] {dag.py:3490} INFO - Setting next_dagrun for latest_only to 2023-07-05T09:03:44.630750+00:00, run_after=2023-07-05T13:03:44.630750+00:00
[2023-07-05T13:03:44.676+0000] {processor.py:179} INFO - Processing /home/airflow/.local/lib/python3.7/site-packages/airflow/example_dags/example_latest_only.py took 0.138 seconds
[2023-07-05T13:04:14.786+0000] {processor.py:157} INFO - Started process (PID=1634) to work on /home/airflow/.local/lib/python3.7/site-packages/airflow/example_dags/example_latest_only.py
[2023-07-05T13:04:14.788+0000] {processor.py:826} INFO - Processing file /home/airflow/.local/lib/python3.7/site-packages/airflow/example_dags/example_latest_only.py for tasks to queue
[2023-07-05T13:04:14.789+0000] {logging_mixin.py:149} INFO - [2023-07-05T13:04:14.789+0000] {dagbag.py:541} INFO - Filling up the DagBag from /home/airflow/.local/lib/python3.7/site-packages/airflow/example_dags/example_latest_only.py
[2023-07-05T13:04:14.796+0000] {processor.py:836} INFO - DAG(s) dict_keys(['latest_only']) retrieved from /home/airflow/.local/lib/python3.7/site-packages/airflow/example_dags/example_latest_only.py
[2023-07-05T13:04:14.832+0000] {logging_mixin.py:149} INFO - [2023-07-05T13:04:14.831+0000] {dag.py:2726} INFO - Sync 1 DAGs
[2023-07-05T13:04:14.874+0000] {logging_mixin.py:149} INFO - [2023-07-05T13:04:14.873+0000] {dag.py:3490} INFO - Setting next_dagrun for latest_only to 2023-07-05T09:04:14.873593+00:00, run_after=2023-07-05T13:04:14.873593+00:00
[2023-07-05T13:04:14.905+0000] {processor.py:179} INFO - Processing /home/airflow/.local/lib/python3.7/site-packages/airflow/example_dags/example_latest_only.py took 0.124 seconds
[2023-07-05T13:04:45.248+0000] {processor.py:157} INFO - Started process (PID=1690) to work on /home/airflow/.local/lib/python3.7/site-packages/airflow/example_dags/example_latest_only.py
[2023-07-05T13:04:45.248+0000] {processor.py:826} INFO - Processing file /home/airflow/.local/lib/python3.7/site-packages/airflow/example_dags/example_latest_only.py for tasks to queue
[2023-07-05T13:04:45.249+0000] {logging_mixin.py:149} INFO - [2023-07-05T13:04:45.249+0000] {dagbag.py:541} INFO - Filling up the DagBag from /home/airflow/.local/lib/python3.7/site-packages/airflow/example_dags/example_latest_only.py
[2023-07-05T13:04:45.255+0000] {processor.py:836} INFO - DAG(s) dict_keys(['latest_only']) retrieved from /home/airflow/.local/lib/python3.7/site-packages/airflow/example_dags/example_latest_only.py
[2023-07-05T13:04:45.289+0000] {logging_mixin.py:149} INFO - [2023-07-05T13:04:45.289+0000] {dag.py:2726} INFO - Sync 1 DAGs
[2023-07-05T13:04:45.333+0000] {logging_mixin.py:149} INFO - [2023-07-05T13:04:45.332+0000] {dag.py:3490} INFO - Setting next_dagrun for latest_only to 2023-07-05T09:04:45.332570+00:00, run_after=2023-07-05T13:04:45.332570+00:00
[2023-07-05T13:04:45.364+0000] {processor.py:179} INFO - Processing /home/airflow/.local/lib/python3.7/site-packages/airflow/example_dags/example_latest_only.py took 0.120 seconds
[2023-07-05T13:05:15.568+0000] {processor.py:157} INFO - Started process (PID=1747) to work on /home/airflow/.local/lib/python3.7/site-packages/airflow/example_dags/example_latest_only.py
[2023-07-05T13:05:15.570+0000] {processor.py:826} INFO - Processing file /home/airflow/.local/lib/python3.7/site-packages/airflow/example_dags/example_latest_only.py for tasks to queue
[2023-07-05T13:05:15.571+0000] {logging_mixin.py:149} INFO - [2023-07-05T13:05:15.571+0000] {dagbag.py:541} INFO - Filling up the DagBag from /home/airflow/.local/lib/python3.7/site-packages/airflow/example_dags/example_latest_only.py
[2023-07-05T13:05:15.582+0000] {processor.py:836} INFO - DAG(s) dict_keys(['latest_only']) retrieved from /home/airflow/.local/lib/python3.7/site-packages/airflow/example_dags/example_latest_only.py
[2023-07-05T13:05:15.628+0000] {logging_mixin.py:149} INFO - [2023-07-05T13:05:15.627+0000] {dag.py:2726} INFO - Sync 1 DAGs
[2023-07-05T13:05:15.670+0000] {logging_mixin.py:149} INFO - [2023-07-05T13:05:15.670+0000] {dag.py:3490} INFO - Setting next_dagrun for latest_only to 2023-07-05T09:05:15.670001+00:00, run_after=2023-07-05T13:05:15.670001+00:00
[2023-07-05T13:05:15.701+0000] {processor.py:179} INFO - Processing /home/airflow/.local/lib/python3.7/site-packages/airflow/example_dags/example_latest_only.py took 0.139 seconds
[2023-07-05T13:05:45.802+0000] {processor.py:157} INFO - Started process (PID=1805) to work on /home/airflow/.local/lib/python3.7/site-packages/airflow/example_dags/example_latest_only.py
[2023-07-05T13:05:45.803+0000] {processor.py:826} INFO - Processing file /home/airflow/.local/lib/python3.7/site-packages/airflow/example_dags/example_latest_only.py for tasks to queue
[2023-07-05T13:05:45.804+0000] {logging_mixin.py:149} INFO - [2023-07-05T13:05:45.804+0000] {dagbag.py:541} INFO - Filling up the DagBag from /home/airflow/.local/lib/python3.7/site-packages/airflow/example_dags/example_latest_only.py
[2023-07-05T13:05:45.811+0000] {processor.py:836} INFO - DAG(s) dict_keys(['latest_only']) retrieved from /home/airflow/.local/lib/python3.7/site-packages/airflow/example_dags/example_latest_only.py
[2023-07-05T13:05:45.846+0000] {logging_mixin.py:149} INFO - [2023-07-05T13:05:45.845+0000] {dag.py:2726} INFO - Sync 1 DAGs
[2023-07-05T13:05:45.887+0000] {logging_mixin.py:149} INFO - [2023-07-05T13:05:45.887+0000] {dag.py:3490} INFO - Setting next_dagrun for latest_only to 2023-07-05T09:05:45.886838+00:00, run_after=2023-07-05T13:05:45.886838+00:00
[2023-07-05T13:05:45.919+0000] {processor.py:179} INFO - Processing /home/airflow/.local/lib/python3.7/site-packages/airflow/example_dags/example_latest_only.py took 0.120 seconds
[2023-07-05T13:06:16.209+0000] {processor.py:157} INFO - Started process (PID=1862) to work on /home/airflow/.local/lib/python3.7/site-packages/airflow/example_dags/example_latest_only.py
[2023-07-05T13:06:16.210+0000] {processor.py:826} INFO - Processing file /home/airflow/.local/lib/python3.7/site-packages/airflow/example_dags/example_latest_only.py for tasks to queue
[2023-07-05T13:06:16.211+0000] {logging_mixin.py:149} INFO - [2023-07-05T13:06:16.211+0000] {dagbag.py:541} INFO - Filling up the DagBag from /home/airflow/.local/lib/python3.7/site-packages/airflow/example_dags/example_latest_only.py
[2023-07-05T13:06:16.217+0000] {processor.py:836} INFO - DAG(s) dict_keys(['latest_only']) retrieved from /home/airflow/.local/lib/python3.7/site-packages/airflow/example_dags/example_latest_only.py
[2023-07-05T13:06:16.246+0000] {logging_mixin.py:149} INFO - [2023-07-05T13:06:16.246+0000] {dag.py:2726} INFO - Sync 1 DAGs
[2023-07-05T13:06:16.283+0000] {logging_mixin.py:149} INFO - [2023-07-05T13:06:16.283+0000] {dag.py:3490} INFO - Setting next_dagrun for latest_only to 2023-07-05T09:06:16.282929+00:00, run_after=2023-07-05T13:06:16.282929+00:00
[2023-07-05T13:06:16.316+0000] {processor.py:179} INFO - Processing /home/airflow/.local/lib/python3.7/site-packages/airflow/example_dags/example_latest_only.py took 0.111 seconds
[2023-07-05T13:06:46.546+0000] {processor.py:157} INFO - Started process (PID=1919) to work on /home/airflow/.local/lib/python3.7/site-packages/airflow/example_dags/example_latest_only.py
[2023-07-05T13:06:46.547+0000] {processor.py:826} INFO - Processing file /home/airflow/.local/lib/python3.7/site-packages/airflow/example_dags/example_latest_only.py for tasks to queue
[2023-07-05T13:06:46.548+0000] {logging_mixin.py:149} INFO - [2023-07-05T13:06:46.548+0000] {dagbag.py:541} INFO - Filling up the DagBag from /home/airflow/.local/lib/python3.7/site-packages/airflow/example_dags/example_latest_only.py
[2023-07-05T13:06:46.557+0000] {processor.py:836} INFO - DAG(s) dict_keys(['latest_only']) retrieved from /home/airflow/.local/lib/python3.7/site-packages/airflow/example_dags/example_latest_only.py
[2023-07-05T13:06:46.594+0000] {logging_mixin.py:149} INFO - [2023-07-05T13:06:46.594+0000] {dag.py:2726} INFO - Sync 1 DAGs
[2023-07-05T13:06:46.634+0000] {logging_mixin.py:149} INFO - [2023-07-05T13:06:46.634+0000] {dag.py:3490} INFO - Setting next_dagrun for latest_only to 2023-07-05T09:06:46.634021+00:00, run_after=2023-07-05T13:06:46.634021+00:00
[2023-07-05T13:06:46.668+0000] {processor.py:179} INFO - Processing /home/airflow/.local/lib/python3.7/site-packages/airflow/example_dags/example_latest_only.py took 0.127 seconds
[2023-07-05T13:07:16.937+0000] {processor.py:157} INFO - Started process (PID=1976) to work on /home/airflow/.local/lib/python3.7/site-packages/airflow/example_dags/example_latest_only.py
[2023-07-05T13:07:16.939+0000] {processor.py:826} INFO - Processing file /home/airflow/.local/lib/python3.7/site-packages/airflow/example_dags/example_latest_only.py for tasks to queue
[2023-07-05T13:07:16.940+0000] {logging_mixin.py:149} INFO - [2023-07-05T13:07:16.940+0000] {dagbag.py:541} INFO - Filling up the DagBag from /home/airflow/.local/lib/python3.7/site-packages/airflow/example_dags/example_latest_only.py
[2023-07-05T13:07:16.946+0000] {processor.py:836} INFO - DAG(s) dict_keys(['latest_only']) retrieved from /home/airflow/.local/lib/python3.7/site-packages/airflow/example_dags/example_latest_only.py
[2023-07-05T13:07:16.980+0000] {logging_mixin.py:149} INFO - [2023-07-05T13:07:16.979+0000] {dag.py:2726} INFO - Sync 1 DAGs
[2023-07-05T13:07:17.023+0000] {logging_mixin.py:149} INFO - [2023-07-05T13:07:17.022+0000] {dag.py:3490} INFO - Setting next_dagrun for latest_only to 2023-07-05T09:07:17.022492+00:00, run_after=2023-07-05T13:07:17.022492+00:00
[2023-07-05T13:07:17.059+0000] {processor.py:179} INFO - Processing /home/airflow/.local/lib/python3.7/site-packages/airflow/example_dags/example_latest_only.py took 0.126 seconds
[2023-07-05T13:07:47.337+0000] {processor.py:157} INFO - Started process (PID=2033) to work on /home/airflow/.local/lib/python3.7/site-packages/airflow/example_dags/example_latest_only.py
[2023-07-05T13:07:47.338+0000] {processor.py:826} INFO - Processing file /home/airflow/.local/lib/python3.7/site-packages/airflow/example_dags/example_latest_only.py for tasks to queue
[2023-07-05T13:07:47.339+0000] {logging_mixin.py:149} INFO - [2023-07-05T13:07:47.339+0000] {dagbag.py:541} INFO - Filling up the DagBag from /home/airflow/.local/lib/python3.7/site-packages/airflow/example_dags/example_latest_only.py
[2023-07-05T13:07:47.347+0000] {processor.py:836} INFO - DAG(s) dict_keys(['latest_only']) retrieved from /home/airflow/.local/lib/python3.7/site-packages/airflow/example_dags/example_latest_only.py
[2023-07-05T13:07:47.388+0000] {logging_mixin.py:149} INFO - [2023-07-05T13:07:47.388+0000] {dag.py:2726} INFO - Sync 1 DAGs
[2023-07-05T13:07:47.433+0000] {logging_mixin.py:149} INFO - [2023-07-05T13:07:47.432+0000] {dag.py:3490} INFO - Setting next_dagrun for latest_only to 2023-07-05T09:07:47.432617+00:00, run_after=2023-07-05T13:07:47.432617+00:00
[2023-07-05T13:07:47.459+0000] {processor.py:179} INFO - Processing /home/airflow/.local/lib/python3.7/site-packages/airflow/example_dags/example_latest_only.py took 0.126 seconds
[2023-07-05T13:08:17.615+0000] {processor.py:157} INFO - Started process (PID=2089) to work on /home/airflow/.local/lib/python3.7/site-packages/airflow/example_dags/example_latest_only.py
[2023-07-05T13:08:17.617+0000] {processor.py:826} INFO - Processing file /home/airflow/.local/lib/python3.7/site-packages/airflow/example_dags/example_latest_only.py for tasks to queue
[2023-07-05T13:08:17.618+0000] {logging_mixin.py:149} INFO - [2023-07-05T13:08:17.618+0000] {dagbag.py:541} INFO - Filling up the DagBag from /home/airflow/.local/lib/python3.7/site-packages/airflow/example_dags/example_latest_only.py
[2023-07-05T13:08:17.624+0000] {processor.py:836} INFO - DAG(s) dict_keys(['latest_only']) retrieved from /home/airflow/.local/lib/python3.7/site-packages/airflow/example_dags/example_latest_only.py
[2023-07-05T13:08:17.658+0000] {logging_mixin.py:149} INFO - [2023-07-05T13:08:17.658+0000] {dag.py:2726} INFO - Sync 1 DAGs
[2023-07-05T13:08:17.702+0000] {logging_mixin.py:149} INFO - [2023-07-05T13:08:17.702+0000] {dag.py:3490} INFO - Setting next_dagrun for latest_only to 2023-07-05T09:08:17.701733+00:00, run_after=2023-07-05T13:08:17.701733+00:00
[2023-07-05T13:08:17.742+0000] {processor.py:179} INFO - Processing /home/airflow/.local/lib/python3.7/site-packages/airflow/example_dags/example_latest_only.py took 0.131 seconds
[2023-07-05T13:08:48.226+0000] {processor.py:157} INFO - Started process (PID=2146) to work on /home/airflow/.local/lib/python3.7/site-packages/airflow/example_dags/example_latest_only.py
[2023-07-05T13:08:48.227+0000] {processor.py:826} INFO - Processing file /home/airflow/.local/lib/python3.7/site-packages/airflow/example_dags/example_latest_only.py for tasks to queue
[2023-07-05T13:08:48.229+0000] {logging_mixin.py:149} INFO - [2023-07-05T13:08:48.228+0000] {dagbag.py:541} INFO - Filling up the DagBag from /home/airflow/.local/lib/python3.7/site-packages/airflow/example_dags/example_latest_only.py
[2023-07-05T13:08:48.236+0000] {processor.py:836} INFO - DAG(s) dict_keys(['latest_only']) retrieved from /home/airflow/.local/lib/python3.7/site-packages/airflow/example_dags/example_latest_only.py
[2023-07-05T13:08:48.271+0000] {logging_mixin.py:149} INFO - [2023-07-05T13:08:48.270+0000] {dag.py:2726} INFO - Sync 1 DAGs
[2023-07-05T13:08:48.302+0000] {logging_mixin.py:149} INFO - [2023-07-05T13:08:48.302+0000] {dag.py:3490} INFO - Setting next_dagrun for latest_only to 2023-07-05T09:08:48.302266+00:00, run_after=2023-07-05T13:08:48.302266+00:00
[2023-07-05T13:08:48.333+0000] {processor.py:179} INFO - Processing /home/airflow/.local/lib/python3.7/site-packages/airflow/example_dags/example_latest_only.py took 0.115 seconds
[2023-07-05T13:09:18.698+0000] {processor.py:157} INFO - Started process (PID=2203) to work on /home/airflow/.local/lib/python3.7/site-packages/airflow/example_dags/example_latest_only.py
[2023-07-05T13:09:18.700+0000] {processor.py:826} INFO - Processing file /home/airflow/.local/lib/python3.7/site-packages/airflow/example_dags/example_latest_only.py for tasks to queue
[2023-07-05T13:09:18.701+0000] {logging_mixin.py:149} INFO - [2023-07-05T13:09:18.701+0000] {dagbag.py:541} INFO - Filling up the DagBag from /home/airflow/.local/lib/python3.7/site-packages/airflow/example_dags/example_latest_only.py
[2023-07-05T13:09:18.709+0000] {processor.py:836} INFO - DAG(s) dict_keys(['latest_only']) retrieved from /home/airflow/.local/lib/python3.7/site-packages/airflow/example_dags/example_latest_only.py
[2023-07-05T13:09:18.741+0000] {logging_mixin.py:149} INFO - [2023-07-05T13:09:18.741+0000] {dag.py:2726} INFO - Sync 1 DAGs
[2023-07-05T13:09:18.782+0000] {logging_mixin.py:149} INFO - [2023-07-05T13:09:18.781+0000] {dag.py:3490} INFO - Setting next_dagrun for latest_only to 2023-07-05T09:09:18.781367+00:00, run_after=2023-07-05T13:09:18.781367+00:00
[2023-07-05T13:09:18.810+0000] {processor.py:179} INFO - Processing /home/airflow/.local/lib/python3.7/site-packages/airflow/example_dags/example_latest_only.py took 0.117 seconds
[2023-07-05T13:09:48.994+0000] {processor.py:157} INFO - Started process (PID=2260) to work on /home/airflow/.local/lib/python3.7/site-packages/airflow/example_dags/example_latest_only.py
[2023-07-05T13:09:48.995+0000] {processor.py:826} INFO - Processing file /home/airflow/.local/lib/python3.7/site-packages/airflow/example_dags/example_latest_only.py for tasks to queue
[2023-07-05T13:09:48.996+0000] {logging_mixin.py:149} INFO - [2023-07-05T13:09:48.996+0000] {dagbag.py:541} INFO - Filling up the DagBag from /home/airflow/.local/lib/python3.7/site-packages/airflow/example_dags/example_latest_only.py
[2023-07-05T13:09:49.002+0000] {processor.py:836} INFO - DAG(s) dict_keys(['latest_only']) retrieved from /home/airflow/.local/lib/python3.7/site-packages/airflow/example_dags/example_latest_only.py
[2023-07-05T13:09:49.033+0000] {logging_mixin.py:149} INFO - [2023-07-05T13:09:49.033+0000] {dag.py:2726} INFO - Sync 1 DAGs
[2023-07-05T13:09:49.066+0000] {logging_mixin.py:149} INFO - [2023-07-05T13:09:49.066+0000] {dag.py:3490} INFO - Setting next_dagrun for latest_only to 2023-07-05T09:09:49.066285+00:00, run_after=2023-07-05T13:09:49.066285+00:00
[2023-07-05T13:09:49.091+0000] {processor.py:179} INFO - Processing /home/airflow/.local/lib/python3.7/site-packages/airflow/example_dags/example_latest_only.py took 0.101 seconds
[2023-07-05T13:10:19.447+0000] {processor.py:157} INFO - Started process (PID=2324) to work on /home/airflow/.local/lib/python3.7/site-packages/airflow/example_dags/example_latest_only.py
[2023-07-05T13:10:19.448+0000] {processor.py:826} INFO - Processing file /home/airflow/.local/lib/python3.7/site-packages/airflow/example_dags/example_latest_only.py for tasks to queue
[2023-07-05T13:10:19.449+0000] {logging_mixin.py:149} INFO - [2023-07-05T13:10:19.449+0000] {dagbag.py:541} INFO - Filling up the DagBag from /home/airflow/.local/lib/python3.7/site-packages/airflow/example_dags/example_latest_only.py
[2023-07-05T13:10:19.458+0000] {processor.py:836} INFO - DAG(s) dict_keys(['latest_only']) retrieved from /home/airflow/.local/lib/python3.7/site-packages/airflow/example_dags/example_latest_only.py
[2023-07-05T13:10:19.493+0000] {logging_mixin.py:149} INFO - [2023-07-05T13:10:19.493+0000] {dag.py:2726} INFO - Sync 1 DAGs
[2023-07-05T13:10:19.529+0000] {logging_mixin.py:149} INFO - [2023-07-05T13:10:19.529+0000] {dag.py:3490} INFO - Setting next_dagrun for latest_only to 2023-07-05T09:10:19.528713+00:00, run_after=2023-07-05T13:10:19.528713+00:00
[2023-07-05T13:10:19.553+0000] {processor.py:179} INFO - Processing /home/airflow/.local/lib/python3.7/site-packages/airflow/example_dags/example_latest_only.py took 0.110 seconds
[2023-07-05T13:10:49.817+0000] {processor.py:157} INFO - Started process (PID=2381) to work on /home/airflow/.local/lib/python3.7/site-packages/airflow/example_dags/example_latest_only.py
[2023-07-05T13:10:49.819+0000] {processor.py:826} INFO - Processing file /home/airflow/.local/lib/python3.7/site-packages/airflow/example_dags/example_latest_only.py for tasks to queue
[2023-07-05T13:10:49.820+0000] {logging_mixin.py:149} INFO - [2023-07-05T13:10:49.820+0000] {dagbag.py:541} INFO - Filling up the DagBag from /home/airflow/.local/lib/python3.7/site-packages/airflow/example_dags/example_latest_only.py
[2023-07-05T13:10:49.831+0000] {processor.py:836} INFO - DAG(s) dict_keys(['latest_only']) retrieved from /home/airflow/.local/lib/python3.7/site-packages/airflow/example_dags/example_latest_only.py
[2023-07-05T13:10:49.871+0000] {logging_mixin.py:149} INFO - [2023-07-05T13:10:49.871+0000] {dag.py:2726} INFO - Sync 1 DAGs
[2023-07-05T13:10:49.914+0000] {logging_mixin.py:149} INFO - [2023-07-05T13:10:49.914+0000] {dag.py:3490} INFO - Setting next_dagrun for latest_only to 2023-07-05T09:10:49.914251+00:00, run_after=2023-07-05T13:10:49.914251+00:00
[2023-07-05T13:10:49.947+0000] {processor.py:179} INFO - Processing /home/airflow/.local/lib/python3.7/site-packages/airflow/example_dags/example_latest_only.py took 0.147 seconds
[2023-07-05T13:11:20.139+0000] {processor.py:157} INFO - Started process (PID=2438) to work on /home/airflow/.local/lib/python3.7/site-packages/airflow/example_dags/example_latest_only.py
[2023-07-05T13:11:20.141+0000] {processor.py:826} INFO - Processing file /home/airflow/.local/lib/python3.7/site-packages/airflow/example_dags/example_latest_only.py for tasks to queue
[2023-07-05T13:11:20.142+0000] {logging_mixin.py:149} INFO - [2023-07-05T13:11:20.142+0000] {dagbag.py:541} INFO - Filling up the DagBag from /home/airflow/.local/lib/python3.7/site-packages/airflow/example_dags/example_latest_only.py
[2023-07-05T13:11:20.149+0000] {processor.py:836} INFO - DAG(s) dict_keys(['latest_only']) retrieved from /home/airflow/.local/lib/python3.7/site-packages/airflow/example_dags/example_latest_only.py
[2023-07-05T13:11:20.193+0000] {logging_mixin.py:149} INFO - [2023-07-05T13:11:20.193+0000] {dag.py:2726} INFO - Sync 1 DAGs
[2023-07-05T13:11:20.245+0000] {logging_mixin.py:149} INFO - [2023-07-05T13:11:20.245+0000] {dag.py:3490} INFO - Setting next_dagrun for latest_only to 2023-07-05T09:11:20.244791+00:00, run_after=2023-07-05T13:11:20.244791+00:00
[2023-07-05T13:11:20.278+0000] {processor.py:179} INFO - Processing /home/airflow/.local/lib/python3.7/site-packages/airflow/example_dags/example_latest_only.py took 0.143 seconds
[2023-07-05T13:11:50.617+0000] {processor.py:157} INFO - Started process (PID=2495) to work on /home/airflow/.local/lib/python3.7/site-packages/airflow/example_dags/example_latest_only.py
[2023-07-05T13:11:50.618+0000] {processor.py:826} INFO - Processing file /home/airflow/.local/lib/python3.7/site-packages/airflow/example_dags/example_latest_only.py for tasks to queue
[2023-07-05T13:11:50.619+0000] {logging_mixin.py:149} INFO - [2023-07-05T13:11:50.619+0000] {dagbag.py:541} INFO - Filling up the DagBag from /home/airflow/.local/lib/python3.7/site-packages/airflow/example_dags/example_latest_only.py
[2023-07-05T13:11:50.627+0000] {processor.py:836} INFO - DAG(s) dict_keys(['latest_only']) retrieved from /home/airflow/.local/lib/python3.7/site-packages/airflow/example_dags/example_latest_only.py
[2023-07-05T13:11:50.658+0000] {logging_mixin.py:149} INFO - [2023-07-05T13:11:50.658+0000] {dag.py:2726} INFO - Sync 1 DAGs
[2023-07-05T13:11:50.694+0000] {logging_mixin.py:149} INFO - [2023-07-05T13:11:50.694+0000] {dag.py:3490} INFO - Setting next_dagrun for latest_only to 2023-07-05T09:11:50.693755+00:00, run_after=2023-07-05T13:11:50.693755+00:00
[2023-07-05T13:11:50.719+0000] {processor.py:179} INFO - Processing /home/airflow/.local/lib/python3.7/site-packages/airflow/example_dags/example_latest_only.py took 0.107 seconds
[2023-07-05T13:12:21.274+0000] {processor.py:157} INFO - Started process (PID=2552) to work on /home/airflow/.local/lib/python3.7/site-packages/airflow/example_dags/example_latest_only.py
[2023-07-05T13:12:21.275+0000] {processor.py:826} INFO - Processing file /home/airflow/.local/lib/python3.7/site-packages/airflow/example_dags/example_latest_only.py for tasks to queue
[2023-07-05T13:12:21.277+0000] {logging_mixin.py:149} INFO - [2023-07-05T13:12:21.277+0000] {dagbag.py:541} INFO - Filling up the DagBag from /home/airflow/.local/lib/python3.7/site-packages/airflow/example_dags/example_latest_only.py
[2023-07-05T13:12:21.284+0000] {processor.py:836} INFO - DAG(s) dict_keys(['latest_only']) retrieved from /home/airflow/.local/lib/python3.7/site-packages/airflow/example_dags/example_latest_only.py
[2023-07-05T13:12:21.314+0000] {logging_mixin.py:149} INFO - [2023-07-05T13:12:21.314+0000] {dag.py:2726} INFO - Sync 1 DAGs
[2023-07-05T13:12:21.352+0000] {logging_mixin.py:149} INFO - [2023-07-05T13:12:21.351+0000] {dag.py:3490} INFO - Setting next_dagrun for latest_only to 2023-07-05T09:12:21.351497+00:00, run_after=2023-07-05T13:12:21.351497+00:00
[2023-07-05T13:12:21.379+0000] {processor.py:179} INFO - Processing /home/airflow/.local/lib/python3.7/site-packages/airflow/example_dags/example_latest_only.py took 0.110 seconds
[2023-07-05T13:12:51.594+0000] {processor.py:157} INFO - Started process (PID=2609) to work on /home/airflow/.local/lib/python3.7/site-packages/airflow/example_dags/example_latest_only.py
[2023-07-05T13:12:51.595+0000] {processor.py:826} INFO - Processing file /home/airflow/.local/lib/python3.7/site-packages/airflow/example_dags/example_latest_only.py for tasks to queue
[2023-07-05T13:12:51.595+0000] {logging_mixin.py:149} INFO - [2023-07-05T13:12:51.595+0000] {dagbag.py:541} INFO - Filling up the DagBag from /home/airflow/.local/lib/python3.7/site-packages/airflow/example_dags/example_latest_only.py
[2023-07-05T13:12:51.602+0000] {processor.py:836} INFO - DAG(s) dict_keys(['latest_only']) retrieved from /home/airflow/.local/lib/python3.7/site-packages/airflow/example_dags/example_latest_only.py
[2023-07-05T13:12:51.631+0000] {logging_mixin.py:149} INFO - [2023-07-05T13:12:51.631+0000] {dag.py:2726} INFO - Sync 1 DAGs
[2023-07-05T13:12:51.663+0000] {logging_mixin.py:149} INFO - [2023-07-05T13:12:51.662+0000] {dag.py:3490} INFO - Setting next_dagrun for latest_only to 2023-07-05T09:12:51.662573+00:00, run_after=2023-07-05T13:12:51.662573+00:00
[2023-07-05T13:12:51.691+0000] {processor.py:179} INFO - Processing /home/airflow/.local/lib/python3.7/site-packages/airflow/example_dags/example_latest_only.py took 0.100 seconds
[2023-07-05T13:13:22.096+0000] {processor.py:157} INFO - Started process (PID=2666) to work on /home/airflow/.local/lib/python3.7/site-packages/airflow/example_dags/example_latest_only.py
[2023-07-05T13:13:22.097+0000] {processor.py:826} INFO - Processing file /home/airflow/.local/lib/python3.7/site-packages/airflow/example_dags/example_latest_only.py for tasks to queue
[2023-07-05T13:13:22.097+0000] {logging_mixin.py:149} INFO - [2023-07-05T13:13:22.097+0000] {dagbag.py:541} INFO - Filling up the DagBag from /home/airflow/.local/lib/python3.7/site-packages/airflow/example_dags/example_latest_only.py
[2023-07-05T13:13:22.103+0000] {processor.py:836} INFO - DAG(s) dict_keys(['latest_only']) retrieved from /home/airflow/.local/lib/python3.7/site-packages/airflow/example_dags/example_latest_only.py
[2023-07-05T13:13:22.136+0000] {logging_mixin.py:149} INFO - [2023-07-05T13:13:22.136+0000] {dag.py:2726} INFO - Sync 1 DAGs
[2023-07-05T13:13:22.170+0000] {logging_mixin.py:149} INFO - [2023-07-05T13:13:22.170+0000] {dag.py:3490} INFO - Setting next_dagrun for latest_only to 2023-07-05T09:13:22.169853+00:00, run_after=2023-07-05T13:13:22.169853+00:00
[2023-07-05T13:13:22.195+0000] {processor.py:179} INFO - Processing /home/airflow/.local/lib/python3.7/site-packages/airflow/example_dags/example_latest_only.py took 0.103 seconds
[2023-07-05T13:13:52.310+0000] {processor.py:157} INFO - Started process (PID=2724) to work on /home/airflow/.local/lib/python3.7/site-packages/airflow/example_dags/example_latest_only.py
[2023-07-05T13:13:52.312+0000] {processor.py:826} INFO - Processing file /home/airflow/.local/lib/python3.7/site-packages/airflow/example_dags/example_latest_only.py for tasks to queue
[2023-07-05T13:13:52.313+0000] {logging_mixin.py:149} INFO - [2023-07-05T13:13:52.312+0000] {dagbag.py:541} INFO - Filling up the DagBag from /home/airflow/.local/lib/python3.7/site-packages/airflow/example_dags/example_latest_only.py
[2023-07-05T13:13:52.320+0000] {processor.py:836} INFO - DAG(s) dict_keys(['latest_only']) retrieved from /home/airflow/.local/lib/python3.7/site-packages/airflow/example_dags/example_latest_only.py
[2023-07-05T13:13:52.358+0000] {logging_mixin.py:149} INFO - [2023-07-05T13:13:52.358+0000] {dag.py:2726} INFO - Sync 1 DAGs
[2023-07-05T13:13:52.403+0000] {logging_mixin.py:149} INFO - [2023-07-05T13:13:52.403+0000] {dag.py:3490} INFO - Setting next_dagrun for latest_only to 2023-07-05T09:13:52.402843+00:00, run_after=2023-07-05T13:13:52.402843+00:00
[2023-07-05T13:13:52.432+0000] {processor.py:179} INFO - Processing /home/airflow/.local/lib/python3.7/site-packages/airflow/example_dags/example_latest_only.py took 0.126 seconds
[2023-07-05T13:14:22.682+0000] {processor.py:157} INFO - Started process (PID=2781) to work on /home/airflow/.local/lib/python3.7/site-packages/airflow/example_dags/example_latest_only.py
[2023-07-05T13:14:22.683+0000] {processor.py:826} INFO - Processing file /home/airflow/.local/lib/python3.7/site-packages/airflow/example_dags/example_latest_only.py for tasks to queue
[2023-07-05T13:14:22.684+0000] {logging_mixin.py:149} INFO - [2023-07-05T13:14:22.683+0000] {dagbag.py:541} INFO - Filling up the DagBag from /home/airflow/.local/lib/python3.7/site-packages/airflow/example_dags/example_latest_only.py
[2023-07-05T13:14:22.692+0000] {processor.py:836} INFO - DAG(s) dict_keys(['latest_only']) retrieved from /home/airflow/.local/lib/python3.7/site-packages/airflow/example_dags/example_latest_only.py
[2023-07-05T13:14:22.730+0000] {logging_mixin.py:149} INFO - [2023-07-05T13:14:22.729+0000] {dag.py:2726} INFO - Sync 1 DAGs
[2023-07-05T13:14:22.772+0000] {logging_mixin.py:149} INFO - [2023-07-05T13:14:22.771+0000] {dag.py:3490} INFO - Setting next_dagrun for latest_only to 2023-07-05T09:14:22.771526+00:00, run_after=2023-07-05T13:14:22.771526+00:00
[2023-07-05T13:14:22.806+0000] {processor.py:179} INFO - Processing /home/airflow/.local/lib/python3.7/site-packages/airflow/example_dags/example_latest_only.py took 0.130 seconds
[2023-07-05T13:14:53.035+0000] {processor.py:157} INFO - Started process (PID=2837) to work on /home/airflow/.local/lib/python3.7/site-packages/airflow/example_dags/example_latest_only.py
[2023-07-05T13:14:53.037+0000] {processor.py:826} INFO - Processing file /home/airflow/.local/lib/python3.7/site-packages/airflow/example_dags/example_latest_only.py for tasks to queue
[2023-07-05T13:14:53.038+0000] {logging_mixin.py:149} INFO - [2023-07-05T13:14:53.037+0000] {dagbag.py:541} INFO - Filling up the DagBag from /home/airflow/.local/lib/python3.7/site-packages/airflow/example_dags/example_latest_only.py
[2023-07-05T13:14:53.044+0000] {processor.py:836} INFO - DAG(s) dict_keys(['latest_only']) retrieved from /home/airflow/.local/lib/python3.7/site-packages/airflow/example_dags/example_latest_only.py
[2023-07-05T13:14:53.079+0000] {logging_mixin.py:149} INFO - [2023-07-05T13:14:53.079+0000] {dag.py:2726} INFO - Sync 1 DAGs
[2023-07-05T13:14:53.112+0000] {logging_mixin.py:149} INFO - [2023-07-05T13:14:53.112+0000] {dag.py:3490} INFO - Setting next_dagrun for latest_only to 2023-07-05T09:14:53.112168+00:00, run_after=2023-07-05T13:14:53.112168+00:00
[2023-07-05T13:14:53.141+0000] {processor.py:179} INFO - Processing /home/airflow/.local/lib/python3.7/site-packages/airflow/example_dags/example_latest_only.py took 0.109 seconds
[2023-07-05T13:15:23.900+0000] {processor.py:157} INFO - Started process (PID=2889) to work on /home/airflow/.local/lib/python3.7/site-packages/airflow/example_dags/example_latest_only.py
[2023-07-05T13:15:23.901+0000] {processor.py:826} INFO - Processing file /home/airflow/.local/lib/python3.7/site-packages/airflow/example_dags/example_latest_only.py for tasks to queue
[2023-07-05T13:15:23.902+0000] {logging_mixin.py:149} INFO - [2023-07-05T13:15:23.902+0000] {dagbag.py:541} INFO - Filling up the DagBag from /home/airflow/.local/lib/python3.7/site-packages/airflow/example_dags/example_latest_only.py
[2023-07-05T13:15:23.909+0000] {processor.py:836} INFO - DAG(s) dict_keys(['latest_only']) retrieved from /home/airflow/.local/lib/python3.7/site-packages/airflow/example_dags/example_latest_only.py
[2023-07-05T13:15:23.943+0000] {logging_mixin.py:149} INFO - [2023-07-05T13:15:23.942+0000] {dag.py:2726} INFO - Sync 1 DAGs
[2023-07-05T13:15:23.982+0000] {logging_mixin.py:149} INFO - [2023-07-05T13:15:23.982+0000] {dag.py:3490} INFO - Setting next_dagrun for latest_only to 2023-07-05T09:15:23.982108+00:00, run_after=2023-07-05T13:15:23.982108+00:00
[2023-07-05T13:15:24.016+0000] {processor.py:179} INFO - Processing /home/airflow/.local/lib/python3.7/site-packages/airflow/example_dags/example_latest_only.py took 0.119 seconds
[2023-07-05T13:15:54.484+0000] {processor.py:157} INFO - Started process (PID=2946) to work on /home/airflow/.local/lib/python3.7/site-packages/airflow/example_dags/example_latest_only.py
[2023-07-05T13:15:54.486+0000] {processor.py:826} INFO - Processing file /home/airflow/.local/lib/python3.7/site-packages/airflow/example_dags/example_latest_only.py for tasks to queue
[2023-07-05T13:15:54.487+0000] {logging_mixin.py:149} INFO - [2023-07-05T13:15:54.487+0000] {dagbag.py:541} INFO - Filling up the DagBag from /home/airflow/.local/lib/python3.7/site-packages/airflow/example_dags/example_latest_only.py
[2023-07-05T13:15:54.493+0000] {processor.py:836} INFO - DAG(s) dict_keys(['latest_only']) retrieved from /home/airflow/.local/lib/python3.7/site-packages/airflow/example_dags/example_latest_only.py
[2023-07-05T13:15:54.527+0000] {logging_mixin.py:149} INFO - [2023-07-05T13:15:54.527+0000] {dag.py:2726} INFO - Sync 1 DAGs
[2023-07-05T13:15:54.565+0000] {logging_mixin.py:149} INFO - [2023-07-05T13:15:54.564+0000] {dag.py:3490} INFO - Setting next_dagrun for latest_only to 2023-07-05T09:15:54.564382+00:00, run_after=2023-07-05T13:15:54.564382+00:00
[2023-07-05T13:15:54.602+0000] {processor.py:179} INFO - Processing /home/airflow/.local/lib/python3.7/site-packages/airflow/example_dags/example_latest_only.py took 0.122 seconds
[2023-07-05T13:16:24.740+0000] {processor.py:157} INFO - Started process (PID=3003) to work on /home/airflow/.local/lib/python3.7/site-packages/airflow/example_dags/example_latest_only.py
[2023-07-05T13:16:24.741+0000] {processor.py:826} INFO - Processing file /home/airflow/.local/lib/python3.7/site-packages/airflow/example_dags/example_latest_only.py for tasks to queue
[2023-07-05T13:16:24.742+0000] {logging_mixin.py:149} INFO - [2023-07-05T13:16:24.742+0000] {dagbag.py:541} INFO - Filling up the DagBag from /home/airflow/.local/lib/python3.7/site-packages/airflow/example_dags/example_latest_only.py
[2023-07-05T13:16:24.749+0000] {processor.py:836} INFO - DAG(s) dict_keys(['latest_only']) retrieved from /home/airflow/.local/lib/python3.7/site-packages/airflow/example_dags/example_latest_only.py
[2023-07-05T13:16:24.781+0000] {logging_mixin.py:149} INFO - [2023-07-05T13:16:24.780+0000] {dag.py:2726} INFO - Sync 1 DAGs
[2023-07-05T13:16:24.820+0000] {logging_mixin.py:149} INFO - [2023-07-05T13:16:24.820+0000] {dag.py:3490} INFO - Setting next_dagrun for latest_only to 2023-07-05T09:16:24.819884+00:00, run_after=2023-07-05T13:16:24.819884+00:00
[2023-07-05T13:16:24.849+0000] {processor.py:179} INFO - Processing /home/airflow/.local/lib/python3.7/site-packages/airflow/example_dags/example_latest_only.py took 0.114 seconds
[2023-07-05T13:16:54.981+0000] {processor.py:157} INFO - Started process (PID=3059) to work on /home/airflow/.local/lib/python3.7/site-packages/airflow/example_dags/example_latest_only.py
[2023-07-05T13:16:54.983+0000] {processor.py:826} INFO - Processing file /home/airflow/.local/lib/python3.7/site-packages/airflow/example_dags/example_latest_only.py for tasks to queue
[2023-07-05T13:16:54.984+0000] {logging_mixin.py:149} INFO - [2023-07-05T13:16:54.984+0000] {dagbag.py:541} INFO - Filling up the DagBag from /home/airflow/.local/lib/python3.7/site-packages/airflow/example_dags/example_latest_only.py
[2023-07-05T13:16:54.993+0000] {processor.py:836} INFO - DAG(s) dict_keys(['latest_only']) retrieved from /home/airflow/.local/lib/python3.7/site-packages/airflow/example_dags/example_latest_only.py
[2023-07-05T13:16:55.031+0000] {logging_mixin.py:149} INFO - [2023-07-05T13:16:55.031+0000] {dag.py:2726} INFO - Sync 1 DAGs
[2023-07-05T13:16:55.068+0000] {logging_mixin.py:149} INFO - [2023-07-05T13:16:55.067+0000] {dag.py:3490} INFO - Setting next_dagrun for latest_only to 2023-07-05T09:16:55.067493+00:00, run_after=2023-07-05T13:16:55.067493+00:00
[2023-07-05T13:16:55.098+0000] {processor.py:179} INFO - Processing /home/airflow/.local/lib/python3.7/site-packages/airflow/example_dags/example_latest_only.py took 0.122 seconds
[2023-07-05T13:17:25.711+0000] {processor.py:157} INFO - Started process (PID=3116) to work on /home/airflow/.local/lib/python3.7/site-packages/airflow/example_dags/example_latest_only.py
[2023-07-05T13:17:25.712+0000] {processor.py:826} INFO - Processing file /home/airflow/.local/lib/python3.7/site-packages/airflow/example_dags/example_latest_only.py for tasks to queue
[2023-07-05T13:17:25.713+0000] {logging_mixin.py:149} INFO - [2023-07-05T13:17:25.713+0000] {dagbag.py:541} INFO - Filling up the DagBag from /home/airflow/.local/lib/python3.7/site-packages/airflow/example_dags/example_latest_only.py
[2023-07-05T13:17:25.719+0000] {processor.py:836} INFO - DAG(s) dict_keys(['latest_only']) retrieved from /home/airflow/.local/lib/python3.7/site-packages/airflow/example_dags/example_latest_only.py
[2023-07-05T13:17:25.752+0000] {logging_mixin.py:149} INFO - [2023-07-05T13:17:25.751+0000] {dag.py:2726} INFO - Sync 1 DAGs
[2023-07-05T13:17:25.791+0000] {logging_mixin.py:149} INFO - [2023-07-05T13:17:25.791+0000] {dag.py:3490} INFO - Setting next_dagrun for latest_only to 2023-07-05T09:17:25.791373+00:00, run_after=2023-07-05T13:17:25.791373+00:00
[2023-07-05T13:17:25.821+0000] {processor.py:179} INFO - Processing /home/airflow/.local/lib/python3.7/site-packages/airflow/example_dags/example_latest_only.py took 0.113 seconds
[2023-07-05T13:17:56.137+0000] {processor.py:157} INFO - Started process (PID=3173) to work on /home/airflow/.local/lib/python3.7/site-packages/airflow/example_dags/example_latest_only.py
[2023-07-05T13:17:56.139+0000] {processor.py:826} INFO - Processing file /home/airflow/.local/lib/python3.7/site-packages/airflow/example_dags/example_latest_only.py for tasks to queue
[2023-07-05T13:17:56.139+0000] {logging_mixin.py:149} INFO - [2023-07-05T13:17:56.139+0000] {dagbag.py:541} INFO - Filling up the DagBag from /home/airflow/.local/lib/python3.7/site-packages/airflow/example_dags/example_latest_only.py
[2023-07-05T13:17:56.147+0000] {processor.py:836} INFO - DAG(s) dict_keys(['latest_only']) retrieved from /home/airflow/.local/lib/python3.7/site-packages/airflow/example_dags/example_latest_only.py
[2023-07-05T13:17:56.180+0000] {logging_mixin.py:149} INFO - [2023-07-05T13:17:56.179+0000] {dag.py:2726} INFO - Sync 1 DAGs
[2023-07-05T13:17:56.221+0000] {logging_mixin.py:149} INFO - [2023-07-05T13:17:56.220+0000] {dag.py:3490} INFO - Setting next_dagrun for latest_only to 2023-07-05T09:17:56.220486+00:00, run_after=2023-07-05T13:17:56.220486+00:00
[2023-07-05T13:17:56.250+0000] {processor.py:179} INFO - Processing /home/airflow/.local/lib/python3.7/site-packages/airflow/example_dags/example_latest_only.py took 0.116 seconds
