[2023-07-05T12:49:58.359+0000] {processor.py:157} INFO - Started process (PID=58) to work on /home/airflow/.local/lib/python3.7/site-packages/airflow/example_dags/example_python_operator.py
[2023-07-05T12:49:58.368+0000] {processor.py:826} INFO - Processing file /home/airflow/.local/lib/python3.7/site-packages/airflow/example_dags/example_python_operator.py for tasks to queue
[2023-07-05T12:49:58.373+0000] {logging_mixin.py:149} INFO - [2023-07-05T12:49:58.372+0000] {dagbag.py:541} INFO - Filling up the DagBag from /home/airflow/.local/lib/python3.7/site-packages/airflow/example_dags/example_python_operator.py
[2023-07-05T12:49:58.429+0000] {processor.py:836} INFO - DAG(s) dict_keys(['example_python_operator']) retrieved from /home/airflow/.local/lib/python3.7/site-packages/airflow/example_dags/example_python_operator.py
[2023-07-05T12:49:58.558+0000] {logging_mixin.py:149} INFO - [2023-07-05T12:49:58.558+0000] {dag.py:2726} INFO - Sync 1 DAGs
[2023-07-05T12:49:58.655+0000] {logging_mixin.py:149} INFO - [2023-07-05T12:49:58.655+0000] {dag.py:3490} INFO - Setting next_dagrun for example_python_operator to None, run_after=None
[2023-07-05T12:49:58.682+0000] {processor.py:179} INFO - Processing /home/airflow/.local/lib/python3.7/site-packages/airflow/example_dags/example_python_operator.py took 0.329 seconds
[2023-07-05T12:50:32.862+0000] {processor.py:157} INFO - Started process (PID=115) to work on /home/airflow/.local/lib/python3.7/site-packages/airflow/example_dags/example_python_operator.py
[2023-07-05T12:50:32.864+0000] {processor.py:826} INFO - Processing file /home/airflow/.local/lib/python3.7/site-packages/airflow/example_dags/example_python_operator.py for tasks to queue
[2023-07-05T12:50:32.865+0000] {logging_mixin.py:149} INFO - [2023-07-05T12:50:32.865+0000] {dagbag.py:541} INFO - Filling up the DagBag from /home/airflow/.local/lib/python3.7/site-packages/airflow/example_dags/example_python_operator.py
[2023-07-05T12:50:32.878+0000] {processor.py:836} INFO - DAG(s) dict_keys(['example_python_operator']) retrieved from /home/airflow/.local/lib/python3.7/site-packages/airflow/example_dags/example_python_operator.py
[2023-07-05T12:50:33.053+0000] {logging_mixin.py:149} INFO - [2023-07-05T12:50:33.053+0000] {dag.py:2726} INFO - Sync 1 DAGs
[2023-07-05T12:50:33.094+0000] {logging_mixin.py:149} INFO - [2023-07-05T12:50:33.094+0000] {dag.py:3490} INFO - Setting next_dagrun for example_python_operator to None, run_after=None
[2023-07-05T12:50:33.130+0000] {processor.py:179} INFO - Processing /home/airflow/.local/lib/python3.7/site-packages/airflow/example_dags/example_python_operator.py took 0.275 seconds
[2023-07-05T12:51:04.124+0000] {processor.py:157} INFO - Started process (PID=173) to work on /home/airflow/.local/lib/python3.7/site-packages/airflow/example_dags/example_python_operator.py
[2023-07-05T12:51:04.129+0000] {processor.py:826} INFO - Processing file /home/airflow/.local/lib/python3.7/site-packages/airflow/example_dags/example_python_operator.py for tasks to queue
[2023-07-05T12:51:04.130+0000] {logging_mixin.py:149} INFO - [2023-07-05T12:51:04.130+0000] {dagbag.py:541} INFO - Filling up the DagBag from /home/airflow/.local/lib/python3.7/site-packages/airflow/example_dags/example_python_operator.py
[2023-07-05T12:51:04.147+0000] {processor.py:836} INFO - DAG(s) dict_keys(['example_python_operator']) retrieved from /home/airflow/.local/lib/python3.7/site-packages/airflow/example_dags/example_python_operator.py
[2023-07-05T12:51:04.180+0000] {logging_mixin.py:149} INFO - [2023-07-05T12:51:04.180+0000] {dag.py:2726} INFO - Sync 1 DAGs
[2023-07-05T12:51:04.220+0000] {logging_mixin.py:149} INFO - [2023-07-05T12:51:04.220+0000] {dag.py:3490} INFO - Setting next_dagrun for example_python_operator to None, run_after=None
[2023-07-05T12:51:04.249+0000] {processor.py:179} INFO - Processing /home/airflow/.local/lib/python3.7/site-packages/airflow/example_dags/example_python_operator.py took 0.130 seconds
[2023-07-05T12:51:35.494+0000] {processor.py:157} INFO - Started process (PID=230) to work on /home/airflow/.local/lib/python3.7/site-packages/airflow/example_dags/example_python_operator.py
[2023-07-05T12:51:35.496+0000] {processor.py:826} INFO - Processing file /home/airflow/.local/lib/python3.7/site-packages/airflow/example_dags/example_python_operator.py for tasks to queue
[2023-07-05T12:51:35.496+0000] {logging_mixin.py:149} INFO - [2023-07-05T12:51:35.496+0000] {dagbag.py:541} INFO - Filling up the DagBag from /home/airflow/.local/lib/python3.7/site-packages/airflow/example_dags/example_python_operator.py
[2023-07-05T12:51:35.508+0000] {processor.py:836} INFO - DAG(s) dict_keys(['example_python_operator']) retrieved from /home/airflow/.local/lib/python3.7/site-packages/airflow/example_dags/example_python_operator.py
[2023-07-05T12:51:35.550+0000] {logging_mixin.py:149} INFO - [2023-07-05T12:51:35.550+0000] {dag.py:2726} INFO - Sync 1 DAGs
[2023-07-05T12:51:35.583+0000] {logging_mixin.py:149} INFO - [2023-07-05T12:51:35.583+0000] {dag.py:3490} INFO - Setting next_dagrun for example_python_operator to None, run_after=None
[2023-07-05T12:51:35.618+0000] {processor.py:179} INFO - Processing /home/airflow/.local/lib/python3.7/site-packages/airflow/example_dags/example_python_operator.py took 0.127 seconds
[2023-07-05T12:52:06.453+0000] {processor.py:157} INFO - Started process (PID=287) to work on /home/airflow/.local/lib/python3.7/site-packages/airflow/example_dags/example_python_operator.py
[2023-07-05T12:52:06.455+0000] {processor.py:826} INFO - Processing file /home/airflow/.local/lib/python3.7/site-packages/airflow/example_dags/example_python_operator.py for tasks to queue
[2023-07-05T12:52:06.457+0000] {logging_mixin.py:149} INFO - [2023-07-05T12:52:06.457+0000] {dagbag.py:541} INFO - Filling up the DagBag from /home/airflow/.local/lib/python3.7/site-packages/airflow/example_dags/example_python_operator.py
[2023-07-05T12:52:06.473+0000] {processor.py:836} INFO - DAG(s) dict_keys(['example_python_operator']) retrieved from /home/airflow/.local/lib/python3.7/site-packages/airflow/example_dags/example_python_operator.py
[2023-07-05T12:52:06.521+0000] {logging_mixin.py:149} INFO - [2023-07-05T12:52:06.520+0000] {dag.py:2726} INFO - Sync 1 DAGs
[2023-07-05T12:52:06.565+0000] {logging_mixin.py:149} INFO - [2023-07-05T12:52:06.565+0000] {dag.py:3490} INFO - Setting next_dagrun for example_python_operator to None, run_after=None
[2023-07-05T12:52:06.603+0000] {processor.py:179} INFO - Processing /home/airflow/.local/lib/python3.7/site-packages/airflow/example_dags/example_python_operator.py took 0.154 seconds
[2023-07-05T12:52:36.851+0000] {processor.py:157} INFO - Started process (PID=343) to work on /home/airflow/.local/lib/python3.7/site-packages/airflow/example_dags/example_python_operator.py
[2023-07-05T12:52:36.852+0000] {processor.py:826} INFO - Processing file /home/airflow/.local/lib/python3.7/site-packages/airflow/example_dags/example_python_operator.py for tasks to queue
[2023-07-05T12:52:36.853+0000] {logging_mixin.py:149} INFO - [2023-07-05T12:52:36.853+0000] {dagbag.py:541} INFO - Filling up the DagBag from /home/airflow/.local/lib/python3.7/site-packages/airflow/example_dags/example_python_operator.py
[2023-07-05T12:52:36.869+0000] {processor.py:836} INFO - DAG(s) dict_keys(['example_python_operator']) retrieved from /home/airflow/.local/lib/python3.7/site-packages/airflow/example_dags/example_python_operator.py
[2023-07-05T12:52:36.907+0000] {logging_mixin.py:149} INFO - [2023-07-05T12:52:36.907+0000] {dag.py:2726} INFO - Sync 1 DAGs
[2023-07-05T12:52:37.105+0000] {logging_mixin.py:149} INFO - [2023-07-05T12:52:37.104+0000] {dag.py:3490} INFO - Setting next_dagrun for example_python_operator to None, run_after=None
[2023-07-05T12:52:37.131+0000] {processor.py:179} INFO - Processing /home/airflow/.local/lib/python3.7/site-packages/airflow/example_dags/example_python_operator.py took 0.285 seconds
[2023-07-05T12:53:08.013+0000] {processor.py:157} INFO - Started process (PID=400) to work on /home/airflow/.local/lib/python3.7/site-packages/airflow/example_dags/example_python_operator.py
[2023-07-05T12:53:08.015+0000] {processor.py:826} INFO - Processing file /home/airflow/.local/lib/python3.7/site-packages/airflow/example_dags/example_python_operator.py for tasks to queue
[2023-07-05T12:53:08.016+0000] {logging_mixin.py:149} INFO - [2023-07-05T12:53:08.016+0000] {dagbag.py:541} INFO - Filling up the DagBag from /home/airflow/.local/lib/python3.7/site-packages/airflow/example_dags/example_python_operator.py
[2023-07-05T12:53:08.031+0000] {processor.py:836} INFO - DAG(s) dict_keys(['example_python_operator']) retrieved from /home/airflow/.local/lib/python3.7/site-packages/airflow/example_dags/example_python_operator.py
[2023-07-05T12:53:08.068+0000] {logging_mixin.py:149} INFO - [2023-07-05T12:53:08.067+0000] {dag.py:2726} INFO - Sync 1 DAGs
[2023-07-05T12:53:08.100+0000] {logging_mixin.py:149} INFO - [2023-07-05T12:53:08.100+0000] {dag.py:3490} INFO - Setting next_dagrun for example_python_operator to None, run_after=None
[2023-07-05T12:53:08.123+0000] {processor.py:179} INFO - Processing /home/airflow/.local/lib/python3.7/site-packages/airflow/example_dags/example_python_operator.py took 0.114 seconds
[2023-07-05T12:53:38.311+0000] {processor.py:157} INFO - Started process (PID=457) to work on /home/airflow/.local/lib/python3.7/site-packages/airflow/example_dags/example_python_operator.py
[2023-07-05T12:53:38.312+0000] {processor.py:826} INFO - Processing file /home/airflow/.local/lib/python3.7/site-packages/airflow/example_dags/example_python_operator.py for tasks to queue
[2023-07-05T12:53:38.313+0000] {logging_mixin.py:149} INFO - [2023-07-05T12:53:38.313+0000] {dagbag.py:541} INFO - Filling up the DagBag from /home/airflow/.local/lib/python3.7/site-packages/airflow/example_dags/example_python_operator.py
[2023-07-05T12:53:38.325+0000] {processor.py:836} INFO - DAG(s) dict_keys(['example_python_operator']) retrieved from /home/airflow/.local/lib/python3.7/site-packages/airflow/example_dags/example_python_operator.py
[2023-07-05T12:53:38.361+0000] {logging_mixin.py:149} INFO - [2023-07-05T12:53:38.360+0000] {dag.py:2726} INFO - Sync 1 DAGs
[2023-07-05T12:53:38.398+0000] {logging_mixin.py:149} INFO - [2023-07-05T12:53:38.398+0000] {dag.py:3490} INFO - Setting next_dagrun for example_python_operator to None, run_after=None
[2023-07-05T12:53:38.430+0000] {processor.py:179} INFO - Processing /home/airflow/.local/lib/python3.7/site-packages/airflow/example_dags/example_python_operator.py took 0.123 seconds
[2023-07-05T12:54:09.231+0000] {processor.py:157} INFO - Started process (PID=514) to work on /home/airflow/.local/lib/python3.7/site-packages/airflow/example_dags/example_python_operator.py
[2023-07-05T12:54:09.233+0000] {processor.py:826} INFO - Processing file /home/airflow/.local/lib/python3.7/site-packages/airflow/example_dags/example_python_operator.py for tasks to queue
[2023-07-05T12:54:09.233+0000] {logging_mixin.py:149} INFO - [2023-07-05T12:54:09.233+0000] {dagbag.py:541} INFO - Filling up the DagBag from /home/airflow/.local/lib/python3.7/site-packages/airflow/example_dags/example_python_operator.py
[2023-07-05T12:54:09.245+0000] {processor.py:836} INFO - DAG(s) dict_keys(['example_python_operator']) retrieved from /home/airflow/.local/lib/python3.7/site-packages/airflow/example_dags/example_python_operator.py
[2023-07-05T12:54:09.284+0000] {logging_mixin.py:149} INFO - [2023-07-05T12:54:09.284+0000] {dag.py:2726} INFO - Sync 1 DAGs
[2023-07-05T12:54:09.485+0000] {logging_mixin.py:149} INFO - [2023-07-05T12:54:09.485+0000] {dag.py:3490} INFO - Setting next_dagrun for example_python_operator to None, run_after=None
[2023-07-05T12:54:09.513+0000] {processor.py:179} INFO - Processing /home/airflow/.local/lib/python3.7/site-packages/airflow/example_dags/example_python_operator.py took 0.285 seconds
[2023-07-05T12:54:39.687+0000] {processor.py:157} INFO - Started process (PID=571) to work on /home/airflow/.local/lib/python3.7/site-packages/airflow/example_dags/example_python_operator.py
[2023-07-05T12:54:39.688+0000] {processor.py:826} INFO - Processing file /home/airflow/.local/lib/python3.7/site-packages/airflow/example_dags/example_python_operator.py for tasks to queue
[2023-07-05T12:54:39.689+0000] {logging_mixin.py:149} INFO - [2023-07-05T12:54:39.689+0000] {dagbag.py:541} INFO - Filling up the DagBag from /home/airflow/.local/lib/python3.7/site-packages/airflow/example_dags/example_python_operator.py
[2023-07-05T12:54:39.704+0000] {processor.py:836} INFO - DAG(s) dict_keys(['example_python_operator']) retrieved from /home/airflow/.local/lib/python3.7/site-packages/airflow/example_dags/example_python_operator.py
[2023-07-05T12:54:39.741+0000] {logging_mixin.py:149} INFO - [2023-07-05T12:54:39.740+0000] {dag.py:2726} INFO - Sync 1 DAGs
[2023-07-05T12:54:39.783+0000] {logging_mixin.py:149} INFO - [2023-07-05T12:54:39.783+0000] {dag.py:3490} INFO - Setting next_dagrun for example_python_operator to None, run_after=None
[2023-07-05T12:54:39.813+0000] {processor.py:179} INFO - Processing /home/airflow/.local/lib/python3.7/site-packages/airflow/example_dags/example_python_operator.py took 0.130 seconds
[2023-07-05T12:55:10.381+0000] {processor.py:157} INFO - Started process (PID=628) to work on /home/airflow/.local/lib/python3.7/site-packages/airflow/example_dags/example_python_operator.py
[2023-07-05T12:55:10.382+0000] {processor.py:826} INFO - Processing file /home/airflow/.local/lib/python3.7/site-packages/airflow/example_dags/example_python_operator.py for tasks to queue
[2023-07-05T12:55:10.383+0000] {logging_mixin.py:149} INFO - [2023-07-05T12:55:10.383+0000] {dagbag.py:541} INFO - Filling up the DagBag from /home/airflow/.local/lib/python3.7/site-packages/airflow/example_dags/example_python_operator.py
[2023-07-05T12:55:10.396+0000] {processor.py:836} INFO - DAG(s) dict_keys(['example_python_operator']) retrieved from /home/airflow/.local/lib/python3.7/site-packages/airflow/example_dags/example_python_operator.py
[2023-07-05T12:55:10.572+0000] {logging_mixin.py:149} INFO - [2023-07-05T12:55:10.572+0000] {dag.py:2726} INFO - Sync 1 DAGs
[2023-07-05T12:55:10.607+0000] {logging_mixin.py:149} INFO - [2023-07-05T12:55:10.607+0000] {dag.py:3490} INFO - Setting next_dagrun for example_python_operator to None, run_after=None
[2023-07-05T12:55:10.636+0000] {processor.py:179} INFO - Processing /home/airflow/.local/lib/python3.7/site-packages/airflow/example_dags/example_python_operator.py took 0.260 seconds
[2023-07-05T12:55:41.292+0000] {processor.py:157} INFO - Started process (PID=685) to work on /home/airflow/.local/lib/python3.7/site-packages/airflow/example_dags/example_python_operator.py
[2023-07-05T12:55:41.294+0000] {processor.py:826} INFO - Processing file /home/airflow/.local/lib/python3.7/site-packages/airflow/example_dags/example_python_operator.py for tasks to queue
[2023-07-05T12:55:41.296+0000] {logging_mixin.py:149} INFO - [2023-07-05T12:55:41.296+0000] {dagbag.py:541} INFO - Filling up the DagBag from /home/airflow/.local/lib/python3.7/site-packages/airflow/example_dags/example_python_operator.py
[2023-07-05T12:55:41.310+0000] {processor.py:836} INFO - DAG(s) dict_keys(['example_python_operator']) retrieved from /home/airflow/.local/lib/python3.7/site-packages/airflow/example_dags/example_python_operator.py
[2023-07-05T12:55:41.352+0000] {logging_mixin.py:149} INFO - [2023-07-05T12:55:41.352+0000] {dag.py:2726} INFO - Sync 1 DAGs
[2023-07-05T12:55:41.388+0000] {logging_mixin.py:149} INFO - [2023-07-05T12:55:41.388+0000] {dag.py:3490} INFO - Setting next_dagrun for example_python_operator to None, run_after=None
[2023-07-05T12:55:41.577+0000] {processor.py:179} INFO - Processing /home/airflow/.local/lib/python3.7/site-packages/airflow/example_dags/example_python_operator.py took 0.289 seconds
[2023-07-05T12:56:12.157+0000] {processor.py:157} INFO - Started process (PID=742) to work on /home/airflow/.local/lib/python3.7/site-packages/airflow/example_dags/example_python_operator.py
[2023-07-05T12:56:12.158+0000] {processor.py:826} INFO - Processing file /home/airflow/.local/lib/python3.7/site-packages/airflow/example_dags/example_python_operator.py for tasks to queue
[2023-07-05T12:56:12.159+0000] {logging_mixin.py:149} INFO - [2023-07-05T12:56:12.159+0000] {dagbag.py:541} INFO - Filling up the DagBag from /home/airflow/.local/lib/python3.7/site-packages/airflow/example_dags/example_python_operator.py
[2023-07-05T12:56:12.171+0000] {processor.py:836} INFO - DAG(s) dict_keys(['example_python_operator']) retrieved from /home/airflow/.local/lib/python3.7/site-packages/airflow/example_dags/example_python_operator.py
[2023-07-05T12:56:12.370+0000] {logging_mixin.py:149} INFO - [2023-07-05T12:56:12.370+0000] {dag.py:2726} INFO - Sync 1 DAGs
[2023-07-05T12:56:12.406+0000] {logging_mixin.py:149} INFO - [2023-07-05T12:56:12.406+0000] {dag.py:3490} INFO - Setting next_dagrun for example_python_operator to None, run_after=None
[2023-07-05T12:56:12.445+0000] {processor.py:179} INFO - Processing /home/airflow/.local/lib/python3.7/site-packages/airflow/example_dags/example_python_operator.py took 0.292 seconds
[2023-07-05T12:56:43.034+0000] {processor.py:157} INFO - Started process (PID=798) to work on /home/airflow/.local/lib/python3.7/site-packages/airflow/example_dags/example_python_operator.py
[2023-07-05T12:56:43.036+0000] {processor.py:826} INFO - Processing file /home/airflow/.local/lib/python3.7/site-packages/airflow/example_dags/example_python_operator.py for tasks to queue
[2023-07-05T12:56:43.037+0000] {logging_mixin.py:149} INFO - [2023-07-05T12:56:43.036+0000] {dagbag.py:541} INFO - Filling up the DagBag from /home/airflow/.local/lib/python3.7/site-packages/airflow/example_dags/example_python_operator.py
[2023-07-05T12:56:43.052+0000] {processor.py:836} INFO - DAG(s) dict_keys(['example_python_operator']) retrieved from /home/airflow/.local/lib/python3.7/site-packages/airflow/example_dags/example_python_operator.py
[2023-07-05T12:56:43.093+0000] {logging_mixin.py:149} INFO - [2023-07-05T12:56:43.092+0000] {dag.py:2726} INFO - Sync 1 DAGs
[2023-07-05T12:56:43.130+0000] {logging_mixin.py:149} INFO - [2023-07-05T12:56:43.130+0000] {dag.py:3490} INFO - Setting next_dagrun for example_python_operator to None, run_after=None
[2023-07-05T12:56:43.160+0000] {processor.py:179} INFO - Processing /home/airflow/.local/lib/python3.7/site-packages/airflow/example_dags/example_python_operator.py took 0.130 seconds
[2023-07-05T12:57:13.367+0000] {processor.py:157} INFO - Started process (PID=854) to work on /home/airflow/.local/lib/python3.7/site-packages/airflow/example_dags/example_python_operator.py
[2023-07-05T12:57:13.369+0000] {processor.py:826} INFO - Processing file /home/airflow/.local/lib/python3.7/site-packages/airflow/example_dags/example_python_operator.py for tasks to queue
[2023-07-05T12:57:13.371+0000] {logging_mixin.py:149} INFO - [2023-07-05T12:57:13.371+0000] {dagbag.py:541} INFO - Filling up the DagBag from /home/airflow/.local/lib/python3.7/site-packages/airflow/example_dags/example_python_operator.py
[2023-07-05T12:57:13.390+0000] {processor.py:836} INFO - DAG(s) dict_keys(['example_python_operator']) retrieved from /home/airflow/.local/lib/python3.7/site-packages/airflow/example_dags/example_python_operator.py
[2023-07-05T12:57:13.432+0000] {logging_mixin.py:149} INFO - [2023-07-05T12:57:13.431+0000] {dag.py:2726} INFO - Sync 1 DAGs
[2023-07-05T12:57:13.473+0000] {logging_mixin.py:149} INFO - [2023-07-05T12:57:13.473+0000] {dag.py:3490} INFO - Setting next_dagrun for example_python_operator to None, run_after=None
[2023-07-05T12:57:13.512+0000] {processor.py:179} INFO - Processing /home/airflow/.local/lib/python3.7/site-packages/airflow/example_dags/example_python_operator.py took 0.148 seconds
[2023-07-05T12:57:43.632+0000] {processor.py:157} INFO - Started process (PID=911) to work on /home/airflow/.local/lib/python3.7/site-packages/airflow/example_dags/example_python_operator.py
[2023-07-05T12:57:43.634+0000] {processor.py:826} INFO - Processing file /home/airflow/.local/lib/python3.7/site-packages/airflow/example_dags/example_python_operator.py for tasks to queue
[2023-07-05T12:57:43.636+0000] {logging_mixin.py:149} INFO - [2023-07-05T12:57:43.635+0000] {dagbag.py:541} INFO - Filling up the DagBag from /home/airflow/.local/lib/python3.7/site-packages/airflow/example_dags/example_python_operator.py
[2023-07-05T12:57:43.649+0000] {processor.py:836} INFO - DAG(s) dict_keys(['example_python_operator']) retrieved from /home/airflow/.local/lib/python3.7/site-packages/airflow/example_dags/example_python_operator.py
[2023-07-05T12:57:43.687+0000] {logging_mixin.py:149} INFO - [2023-07-05T12:57:43.686+0000] {dag.py:2726} INFO - Sync 1 DAGs
[2023-07-05T12:57:43.719+0000] {logging_mixin.py:149} INFO - [2023-07-05T12:57:43.719+0000] {dag.py:3490} INFO - Setting next_dagrun for example_python_operator to None, run_after=None
[2023-07-05T12:57:43.752+0000] {processor.py:179} INFO - Processing /home/airflow/.local/lib/python3.7/site-packages/airflow/example_dags/example_python_operator.py took 0.123 seconds
[2023-07-05T12:58:13.894+0000] {processor.py:157} INFO - Started process (PID=967) to work on /home/airflow/.local/lib/python3.7/site-packages/airflow/example_dags/example_python_operator.py
[2023-07-05T12:58:13.896+0000] {processor.py:826} INFO - Processing file /home/airflow/.local/lib/python3.7/site-packages/airflow/example_dags/example_python_operator.py for tasks to queue
[2023-07-05T12:58:13.897+0000] {logging_mixin.py:149} INFO - [2023-07-05T12:58:13.897+0000] {dagbag.py:541} INFO - Filling up the DagBag from /home/airflow/.local/lib/python3.7/site-packages/airflow/example_dags/example_python_operator.py
[2023-07-05T12:58:13.914+0000] {processor.py:836} INFO - DAG(s) dict_keys(['example_python_operator']) retrieved from /home/airflow/.local/lib/python3.7/site-packages/airflow/example_dags/example_python_operator.py
[2023-07-05T12:58:13.954+0000] {logging_mixin.py:149} INFO - [2023-07-05T12:58:13.954+0000] {dag.py:2726} INFO - Sync 1 DAGs
[2023-07-05T12:58:13.997+0000] {logging_mixin.py:149} INFO - [2023-07-05T12:58:13.997+0000] {dag.py:3490} INFO - Setting next_dagrun for example_python_operator to None, run_after=None
[2023-07-05T12:58:14.029+0000] {processor.py:179} INFO - Processing /home/airflow/.local/lib/python3.7/site-packages/airflow/example_dags/example_python_operator.py took 0.139 seconds
[2023-07-05T12:58:44.358+0000] {processor.py:157} INFO - Started process (PID=1024) to work on /home/airflow/.local/lib/python3.7/site-packages/airflow/example_dags/example_python_operator.py
[2023-07-05T12:58:44.359+0000] {processor.py:826} INFO - Processing file /home/airflow/.local/lib/python3.7/site-packages/airflow/example_dags/example_python_operator.py for tasks to queue
[2023-07-05T12:58:44.360+0000] {logging_mixin.py:149} INFO - [2023-07-05T12:58:44.359+0000] {dagbag.py:541} INFO - Filling up the DagBag from /home/airflow/.local/lib/python3.7/site-packages/airflow/example_dags/example_python_operator.py
[2023-07-05T12:58:44.371+0000] {processor.py:836} INFO - DAG(s) dict_keys(['example_python_operator']) retrieved from /home/airflow/.local/lib/python3.7/site-packages/airflow/example_dags/example_python_operator.py
[2023-07-05T12:58:44.408+0000] {logging_mixin.py:149} INFO - [2023-07-05T12:58:44.407+0000] {dag.py:2726} INFO - Sync 1 DAGs
[2023-07-05T12:58:44.446+0000] {logging_mixin.py:149} INFO - [2023-07-05T12:58:44.446+0000] {dag.py:3490} INFO - Setting next_dagrun for example_python_operator to None, run_after=None
[2023-07-05T12:58:44.478+0000] {processor.py:179} INFO - Processing /home/airflow/.local/lib/python3.7/site-packages/airflow/example_dags/example_python_operator.py took 0.124 seconds
[2023-07-05T12:59:14.667+0000] {processor.py:157} INFO - Started process (PID=1080) to work on /home/airflow/.local/lib/python3.7/site-packages/airflow/example_dags/example_python_operator.py
[2023-07-05T12:59:14.669+0000] {processor.py:826} INFO - Processing file /home/airflow/.local/lib/python3.7/site-packages/airflow/example_dags/example_python_operator.py for tasks to queue
[2023-07-05T12:59:14.670+0000] {logging_mixin.py:149} INFO - [2023-07-05T12:59:14.670+0000] {dagbag.py:541} INFO - Filling up the DagBag from /home/airflow/.local/lib/python3.7/site-packages/airflow/example_dags/example_python_operator.py
[2023-07-05T12:59:14.684+0000] {processor.py:836} INFO - DAG(s) dict_keys(['example_python_operator']) retrieved from /home/airflow/.local/lib/python3.7/site-packages/airflow/example_dags/example_python_operator.py
[2023-07-05T12:59:14.726+0000] {logging_mixin.py:149} INFO - [2023-07-05T12:59:14.726+0000] {dag.py:2726} INFO - Sync 1 DAGs
[2023-07-05T12:59:14.771+0000] {logging_mixin.py:149} INFO - [2023-07-05T12:59:14.771+0000] {dag.py:3490} INFO - Setting next_dagrun for example_python_operator to None, run_after=None
[2023-07-05T12:59:14.810+0000] {processor.py:179} INFO - Processing /home/airflow/.local/lib/python3.7/site-packages/airflow/example_dags/example_python_operator.py took 0.147 seconds
[2023-07-05T12:59:45.022+0000] {processor.py:157} INFO - Started process (PID=1137) to work on /home/airflow/.local/lib/python3.7/site-packages/airflow/example_dags/example_python_operator.py
[2023-07-05T12:59:45.024+0000] {processor.py:826} INFO - Processing file /home/airflow/.local/lib/python3.7/site-packages/airflow/example_dags/example_python_operator.py for tasks to queue
[2023-07-05T12:59:45.026+0000] {logging_mixin.py:149} INFO - [2023-07-05T12:59:45.026+0000] {dagbag.py:541} INFO - Filling up the DagBag from /home/airflow/.local/lib/python3.7/site-packages/airflow/example_dags/example_python_operator.py
[2023-07-05T12:59:45.042+0000] {processor.py:836} INFO - DAG(s) dict_keys(['example_python_operator']) retrieved from /home/airflow/.local/lib/python3.7/site-packages/airflow/example_dags/example_python_operator.py
[2023-07-05T12:59:45.084+0000] {logging_mixin.py:149} INFO - [2023-07-05T12:59:45.084+0000] {dag.py:2726} INFO - Sync 1 DAGs
[2023-07-05T12:59:45.127+0000] {logging_mixin.py:149} INFO - [2023-07-05T12:59:45.127+0000] {dag.py:3490} INFO - Setting next_dagrun for example_python_operator to None, run_after=None
[2023-07-05T12:59:45.161+0000] {processor.py:179} INFO - Processing /home/airflow/.local/lib/python3.7/site-packages/airflow/example_dags/example_python_operator.py took 0.142 seconds
[2023-07-05T13:00:15.782+0000] {processor.py:157} INFO - Started process (PID=1194) to work on /home/airflow/.local/lib/python3.7/site-packages/airflow/example_dags/example_python_operator.py
[2023-07-05T13:00:15.784+0000] {processor.py:826} INFO - Processing file /home/airflow/.local/lib/python3.7/site-packages/airflow/example_dags/example_python_operator.py for tasks to queue
[2023-07-05T13:00:15.785+0000] {logging_mixin.py:149} INFO - [2023-07-05T13:00:15.785+0000] {dagbag.py:541} INFO - Filling up the DagBag from /home/airflow/.local/lib/python3.7/site-packages/airflow/example_dags/example_python_operator.py
[2023-07-05T13:00:15.799+0000] {processor.py:836} INFO - DAG(s) dict_keys(['example_python_operator']) retrieved from /home/airflow/.local/lib/python3.7/site-packages/airflow/example_dags/example_python_operator.py
[2023-07-05T13:00:15.840+0000] {logging_mixin.py:149} INFO - [2023-07-05T13:00:15.839+0000] {dag.py:2726} INFO - Sync 1 DAGs
[2023-07-05T13:00:15.880+0000] {logging_mixin.py:149} INFO - [2023-07-05T13:00:15.880+0000] {dag.py:3490} INFO - Setting next_dagrun for example_python_operator to None, run_after=None
[2023-07-05T13:00:15.909+0000] {processor.py:179} INFO - Processing /home/airflow/.local/lib/python3.7/site-packages/airflow/example_dags/example_python_operator.py took 0.131 seconds
[2023-07-05T13:00:46.065+0000] {processor.py:157} INFO - Started process (PID=1251) to work on /home/airflow/.local/lib/python3.7/site-packages/airflow/example_dags/example_python_operator.py
[2023-07-05T13:00:46.069+0000] {processor.py:826} INFO - Processing file /home/airflow/.local/lib/python3.7/site-packages/airflow/example_dags/example_python_operator.py for tasks to queue
[2023-07-05T13:00:46.070+0000] {logging_mixin.py:149} INFO - [2023-07-05T13:00:46.070+0000] {dagbag.py:541} INFO - Filling up the DagBag from /home/airflow/.local/lib/python3.7/site-packages/airflow/example_dags/example_python_operator.py
[2023-07-05T13:00:46.084+0000] {processor.py:836} INFO - DAG(s) dict_keys(['example_python_operator']) retrieved from /home/airflow/.local/lib/python3.7/site-packages/airflow/example_dags/example_python_operator.py
[2023-07-05T13:00:46.120+0000] {logging_mixin.py:149} INFO - [2023-07-05T13:00:46.120+0000] {dag.py:2726} INFO - Sync 1 DAGs
[2023-07-05T13:00:46.156+0000] {logging_mixin.py:149} INFO - [2023-07-05T13:00:46.156+0000] {dag.py:3490} INFO - Setting next_dagrun for example_python_operator to None, run_after=None
[2023-07-05T13:00:46.200+0000] {processor.py:179} INFO - Processing /home/airflow/.local/lib/python3.7/site-packages/airflow/example_dags/example_python_operator.py took 0.140 seconds
[2023-07-05T13:01:16.381+0000] {processor.py:157} INFO - Started process (PID=1308) to work on /home/airflow/.local/lib/python3.7/site-packages/airflow/example_dags/example_python_operator.py
[2023-07-05T13:01:16.398+0000] {processor.py:826} INFO - Processing file /home/airflow/.local/lib/python3.7/site-packages/airflow/example_dags/example_python_operator.py for tasks to queue
[2023-07-05T13:01:16.403+0000] {logging_mixin.py:149} INFO - [2023-07-05T13:01:16.403+0000] {dagbag.py:541} INFO - Filling up the DagBag from /home/airflow/.local/lib/python3.7/site-packages/airflow/example_dags/example_python_operator.py
[2023-07-05T13:01:16.423+0000] {processor.py:836} INFO - DAG(s) dict_keys(['example_python_operator']) retrieved from /home/airflow/.local/lib/python3.7/site-packages/airflow/example_dags/example_python_operator.py
[2023-07-05T13:01:16.470+0000] {logging_mixin.py:149} INFO - [2023-07-05T13:01:16.470+0000] {dag.py:2726} INFO - Sync 1 DAGs
[2023-07-05T13:01:16.520+0000] {logging_mixin.py:149} INFO - [2023-07-05T13:01:16.520+0000] {dag.py:3490} INFO - Setting next_dagrun for example_python_operator to None, run_after=None
[2023-07-05T13:01:16.552+0000] {processor.py:179} INFO - Processing /home/airflow/.local/lib/python3.7/site-packages/airflow/example_dags/example_python_operator.py took 0.174 seconds
[2023-07-05T13:01:46.684+0000] {processor.py:157} INFO - Started process (PID=1366) to work on /home/airflow/.local/lib/python3.7/site-packages/airflow/example_dags/example_python_operator.py
[2023-07-05T13:01:46.684+0000] {processor.py:826} INFO - Processing file /home/airflow/.local/lib/python3.7/site-packages/airflow/example_dags/example_python_operator.py for tasks to queue
[2023-07-05T13:01:46.685+0000] {logging_mixin.py:149} INFO - [2023-07-05T13:01:46.685+0000] {dagbag.py:541} INFO - Filling up the DagBag from /home/airflow/.local/lib/python3.7/site-packages/airflow/example_dags/example_python_operator.py
[2023-07-05T13:01:46.698+0000] {processor.py:836} INFO - DAG(s) dict_keys(['example_python_operator']) retrieved from /home/airflow/.local/lib/python3.7/site-packages/airflow/example_dags/example_python_operator.py
[2023-07-05T13:01:46.735+0000] {logging_mixin.py:149} INFO - [2023-07-05T13:01:46.735+0000] {dag.py:2726} INFO - Sync 1 DAGs
[2023-07-05T13:01:46.774+0000] {logging_mixin.py:149} INFO - [2023-07-05T13:01:46.774+0000] {dag.py:3490} INFO - Setting next_dagrun for example_python_operator to None, run_after=None
[2023-07-05T13:01:46.799+0000] {processor.py:179} INFO - Processing /home/airflow/.local/lib/python3.7/site-packages/airflow/example_dags/example_python_operator.py took 0.119 seconds
[2023-07-05T13:02:16.971+0000] {processor.py:157} INFO - Started process (PID=1423) to work on /home/airflow/.local/lib/python3.7/site-packages/airflow/example_dags/example_python_operator.py
[2023-07-05T13:02:16.973+0000] {processor.py:826} INFO - Processing file /home/airflow/.local/lib/python3.7/site-packages/airflow/example_dags/example_python_operator.py for tasks to queue
[2023-07-05T13:02:16.973+0000] {logging_mixin.py:149} INFO - [2023-07-05T13:02:16.973+0000] {dagbag.py:541} INFO - Filling up the DagBag from /home/airflow/.local/lib/python3.7/site-packages/airflow/example_dags/example_python_operator.py
[2023-07-05T13:02:16.988+0000] {processor.py:836} INFO - DAG(s) dict_keys(['example_python_operator']) retrieved from /home/airflow/.local/lib/python3.7/site-packages/airflow/example_dags/example_python_operator.py
[2023-07-05T13:02:17.024+0000] {logging_mixin.py:149} INFO - [2023-07-05T13:02:17.024+0000] {dag.py:2726} INFO - Sync 1 DAGs
[2023-07-05T13:02:17.062+0000] {logging_mixin.py:149} INFO - [2023-07-05T13:02:17.062+0000] {dag.py:3490} INFO - Setting next_dagrun for example_python_operator to None, run_after=None
[2023-07-05T13:02:17.090+0000] {processor.py:179} INFO - Processing /home/airflow/.local/lib/python3.7/site-packages/airflow/example_dags/example_python_operator.py took 0.122 seconds
[2023-07-05T13:02:47.243+0000] {processor.py:157} INFO - Started process (PID=1480) to work on /home/airflow/.local/lib/python3.7/site-packages/airflow/example_dags/example_python_operator.py
[2023-07-05T13:02:47.245+0000] {processor.py:826} INFO - Processing file /home/airflow/.local/lib/python3.7/site-packages/airflow/example_dags/example_python_operator.py for tasks to queue
[2023-07-05T13:02:47.247+0000] {logging_mixin.py:149} INFO - [2023-07-05T13:02:47.246+0000] {dagbag.py:541} INFO - Filling up the DagBag from /home/airflow/.local/lib/python3.7/site-packages/airflow/example_dags/example_python_operator.py
[2023-07-05T13:02:47.261+0000] {processor.py:836} INFO - DAG(s) dict_keys(['example_python_operator']) retrieved from /home/airflow/.local/lib/python3.7/site-packages/airflow/example_dags/example_python_operator.py
[2023-07-05T13:02:47.302+0000] {logging_mixin.py:149} INFO - [2023-07-05T13:02:47.302+0000] {dag.py:2726} INFO - Sync 1 DAGs
[2023-07-05T13:02:47.340+0000] {logging_mixin.py:149} INFO - [2023-07-05T13:02:47.340+0000] {dag.py:3490} INFO - Setting next_dagrun for example_python_operator to None, run_after=None
[2023-07-05T13:02:47.372+0000] {processor.py:179} INFO - Processing /home/airflow/.local/lib/python3.7/site-packages/airflow/example_dags/example_python_operator.py took 0.133 seconds
[2023-07-05T13:03:17.660+0000] {processor.py:157} INFO - Started process (PID=1537) to work on /home/airflow/.local/lib/python3.7/site-packages/airflow/example_dags/example_python_operator.py
[2023-07-05T13:03:17.661+0000] {processor.py:826} INFO - Processing file /home/airflow/.local/lib/python3.7/site-packages/airflow/example_dags/example_python_operator.py for tasks to queue
[2023-07-05T13:03:17.662+0000] {logging_mixin.py:149} INFO - [2023-07-05T13:03:17.662+0000] {dagbag.py:541} INFO - Filling up the DagBag from /home/airflow/.local/lib/python3.7/site-packages/airflow/example_dags/example_python_operator.py
[2023-07-05T13:03:17.675+0000] {processor.py:836} INFO - DAG(s) dict_keys(['example_python_operator']) retrieved from /home/airflow/.local/lib/python3.7/site-packages/airflow/example_dags/example_python_operator.py
[2023-07-05T13:03:17.711+0000] {logging_mixin.py:149} INFO - [2023-07-05T13:03:17.711+0000] {dag.py:2726} INFO - Sync 1 DAGs
[2023-07-05T13:03:17.746+0000] {logging_mixin.py:149} INFO - [2023-07-05T13:03:17.745+0000] {dag.py:3490} INFO - Setting next_dagrun for example_python_operator to None, run_after=None
[2023-07-05T13:03:17.768+0000] {processor.py:179} INFO - Processing /home/airflow/.local/lib/python3.7/site-packages/airflow/example_dags/example_python_operator.py took 0.111 seconds
[2023-07-05T13:03:47.967+0000] {processor.py:157} INFO - Started process (PID=1594) to work on /home/airflow/.local/lib/python3.7/site-packages/airflow/example_dags/example_python_operator.py
[2023-07-05T13:03:47.969+0000] {processor.py:826} INFO - Processing file /home/airflow/.local/lib/python3.7/site-packages/airflow/example_dags/example_python_operator.py for tasks to queue
[2023-07-05T13:03:47.970+0000] {logging_mixin.py:149} INFO - [2023-07-05T13:03:47.970+0000] {dagbag.py:541} INFO - Filling up the DagBag from /home/airflow/.local/lib/python3.7/site-packages/airflow/example_dags/example_python_operator.py
[2023-07-05T13:03:47.985+0000] {processor.py:836} INFO - DAG(s) dict_keys(['example_python_operator']) retrieved from /home/airflow/.local/lib/python3.7/site-packages/airflow/example_dags/example_python_operator.py
[2023-07-05T13:03:48.025+0000] {logging_mixin.py:149} INFO - [2023-07-05T13:03:48.025+0000] {dag.py:2726} INFO - Sync 1 DAGs
[2023-07-05T13:03:48.069+0000] {logging_mixin.py:149} INFO - [2023-07-05T13:03:48.068+0000] {dag.py:3490} INFO - Setting next_dagrun for example_python_operator to None, run_after=None
[2023-07-05T13:03:48.105+0000] {processor.py:179} INFO - Processing /home/airflow/.local/lib/python3.7/site-packages/airflow/example_dags/example_python_operator.py took 0.141 seconds
[2023-07-05T13:04:18.319+0000] {processor.py:157} INFO - Started process (PID=1657) to work on /home/airflow/.local/lib/python3.7/site-packages/airflow/example_dags/example_python_operator.py
[2023-07-05T13:04:18.321+0000] {processor.py:826} INFO - Processing file /home/airflow/.local/lib/python3.7/site-packages/airflow/example_dags/example_python_operator.py for tasks to queue
[2023-07-05T13:04:18.321+0000] {logging_mixin.py:149} INFO - [2023-07-05T13:04:18.321+0000] {dagbag.py:541} INFO - Filling up the DagBag from /home/airflow/.local/lib/python3.7/site-packages/airflow/example_dags/example_python_operator.py
[2023-07-05T13:04:18.333+0000] {processor.py:836} INFO - DAG(s) dict_keys(['example_python_operator']) retrieved from /home/airflow/.local/lib/python3.7/site-packages/airflow/example_dags/example_python_operator.py
[2023-07-05T13:04:18.371+0000] {logging_mixin.py:149} INFO - [2023-07-05T13:04:18.371+0000] {dag.py:2726} INFO - Sync 1 DAGs
[2023-07-05T13:04:18.409+0000] {logging_mixin.py:149} INFO - [2023-07-05T13:04:18.409+0000] {dag.py:3490} INFO - Setting next_dagrun for example_python_operator to None, run_after=None
[2023-07-05T13:04:18.440+0000] {processor.py:179} INFO - Processing /home/airflow/.local/lib/python3.7/site-packages/airflow/example_dags/example_python_operator.py took 0.124 seconds
[2023-07-05T13:04:48.592+0000] {processor.py:157} INFO - Started process (PID=1714) to work on /home/airflow/.local/lib/python3.7/site-packages/airflow/example_dags/example_python_operator.py
[2023-07-05T13:04:48.594+0000] {processor.py:826} INFO - Processing file /home/airflow/.local/lib/python3.7/site-packages/airflow/example_dags/example_python_operator.py for tasks to queue
[2023-07-05T13:04:48.594+0000] {logging_mixin.py:149} INFO - [2023-07-05T13:04:48.594+0000] {dagbag.py:541} INFO - Filling up the DagBag from /home/airflow/.local/lib/python3.7/site-packages/airflow/example_dags/example_python_operator.py
[2023-07-05T13:04:48.608+0000] {processor.py:836} INFO - DAG(s) dict_keys(['example_python_operator']) retrieved from /home/airflow/.local/lib/python3.7/site-packages/airflow/example_dags/example_python_operator.py
[2023-07-05T13:04:48.642+0000] {logging_mixin.py:149} INFO - [2023-07-05T13:04:48.642+0000] {dag.py:2726} INFO - Sync 1 DAGs
[2023-07-05T13:04:48.678+0000] {logging_mixin.py:149} INFO - [2023-07-05T13:04:48.678+0000] {dag.py:3490} INFO - Setting next_dagrun for example_python_operator to None, run_after=None
[2023-07-05T13:04:48.706+0000] {processor.py:179} INFO - Processing /home/airflow/.local/lib/python3.7/site-packages/airflow/example_dags/example_python_operator.py took 0.118 seconds
[2023-07-05T13:05:18.815+0000] {processor.py:157} INFO - Started process (PID=1772) to work on /home/airflow/.local/lib/python3.7/site-packages/airflow/example_dags/example_python_operator.py
[2023-07-05T13:05:18.817+0000] {processor.py:826} INFO - Processing file /home/airflow/.local/lib/python3.7/site-packages/airflow/example_dags/example_python_operator.py for tasks to queue
[2023-07-05T13:05:18.818+0000] {logging_mixin.py:149} INFO - [2023-07-05T13:05:18.818+0000] {dagbag.py:541} INFO - Filling up the DagBag from /home/airflow/.local/lib/python3.7/site-packages/airflow/example_dags/example_python_operator.py
[2023-07-05T13:05:18.835+0000] {processor.py:836} INFO - DAG(s) dict_keys(['example_python_operator']) retrieved from /home/airflow/.local/lib/python3.7/site-packages/airflow/example_dags/example_python_operator.py
[2023-07-05T13:05:18.878+0000] {logging_mixin.py:149} INFO - [2023-07-05T13:05:18.878+0000] {dag.py:2726} INFO - Sync 1 DAGs
[2023-07-05T13:05:18.914+0000] {logging_mixin.py:149} INFO - [2023-07-05T13:05:18.914+0000] {dag.py:3490} INFO - Setting next_dagrun for example_python_operator to None, run_after=None
[2023-07-05T13:05:18.961+0000] {processor.py:179} INFO - Processing /home/airflow/.local/lib/python3.7/site-packages/airflow/example_dags/example_python_operator.py took 0.151 seconds
[2023-07-05T13:05:49.277+0000] {processor.py:157} INFO - Started process (PID=1829) to work on /home/airflow/.local/lib/python3.7/site-packages/airflow/example_dags/example_python_operator.py
[2023-07-05T13:05:49.278+0000] {processor.py:826} INFO - Processing file /home/airflow/.local/lib/python3.7/site-packages/airflow/example_dags/example_python_operator.py for tasks to queue
[2023-07-05T13:05:49.279+0000] {logging_mixin.py:149} INFO - [2023-07-05T13:05:49.279+0000] {dagbag.py:541} INFO - Filling up the DagBag from /home/airflow/.local/lib/python3.7/site-packages/airflow/example_dags/example_python_operator.py
[2023-07-05T13:05:49.293+0000] {processor.py:836} INFO - DAG(s) dict_keys(['example_python_operator']) retrieved from /home/airflow/.local/lib/python3.7/site-packages/airflow/example_dags/example_python_operator.py
[2023-07-05T13:05:49.339+0000] {logging_mixin.py:149} INFO - [2023-07-05T13:05:49.338+0000] {dag.py:2726} INFO - Sync 1 DAGs
[2023-07-05T13:05:49.390+0000] {logging_mixin.py:149} INFO - [2023-07-05T13:05:49.390+0000] {dag.py:3490} INFO - Setting next_dagrun for example_python_operator to None, run_after=None
[2023-07-05T13:05:49.427+0000] {processor.py:179} INFO - Processing /home/airflow/.local/lib/python3.7/site-packages/airflow/example_dags/example_python_operator.py took 0.154 seconds
[2023-07-05T13:06:19.703+0000] {processor.py:157} INFO - Started process (PID=1886) to work on /home/airflow/.local/lib/python3.7/site-packages/airflow/example_dags/example_python_operator.py
[2023-07-05T13:06:19.704+0000] {processor.py:826} INFO - Processing file /home/airflow/.local/lib/python3.7/site-packages/airflow/example_dags/example_python_operator.py for tasks to queue
[2023-07-05T13:06:19.705+0000] {logging_mixin.py:149} INFO - [2023-07-05T13:06:19.705+0000] {dagbag.py:541} INFO - Filling up the DagBag from /home/airflow/.local/lib/python3.7/site-packages/airflow/example_dags/example_python_operator.py
[2023-07-05T13:06:19.718+0000] {processor.py:836} INFO - DAG(s) dict_keys(['example_python_operator']) retrieved from /home/airflow/.local/lib/python3.7/site-packages/airflow/example_dags/example_python_operator.py
[2023-07-05T13:06:19.758+0000] {logging_mixin.py:149} INFO - [2023-07-05T13:06:19.758+0000] {dag.py:2726} INFO - Sync 1 DAGs
[2023-07-05T13:06:19.794+0000] {logging_mixin.py:149} INFO - [2023-07-05T13:06:19.794+0000] {dag.py:3490} INFO - Setting next_dagrun for example_python_operator to None, run_after=None
[2023-07-05T13:06:19.821+0000] {processor.py:179} INFO - Processing /home/airflow/.local/lib/python3.7/site-packages/airflow/example_dags/example_python_operator.py took 0.122 seconds
[2023-07-05T13:06:50.106+0000] {processor.py:157} INFO - Started process (PID=1943) to work on /home/airflow/.local/lib/python3.7/site-packages/airflow/example_dags/example_python_operator.py
[2023-07-05T13:06:50.108+0000] {processor.py:826} INFO - Processing file /home/airflow/.local/lib/python3.7/site-packages/airflow/example_dags/example_python_operator.py for tasks to queue
[2023-07-05T13:06:50.109+0000] {logging_mixin.py:149} INFO - [2023-07-05T13:06:50.109+0000] {dagbag.py:541} INFO - Filling up the DagBag from /home/airflow/.local/lib/python3.7/site-packages/airflow/example_dags/example_python_operator.py
[2023-07-05T13:06:50.126+0000] {processor.py:836} INFO - DAG(s) dict_keys(['example_python_operator']) retrieved from /home/airflow/.local/lib/python3.7/site-packages/airflow/example_dags/example_python_operator.py
[2023-07-05T13:06:50.170+0000] {logging_mixin.py:149} INFO - [2023-07-05T13:06:50.169+0000] {dag.py:2726} INFO - Sync 1 DAGs
[2023-07-05T13:06:50.227+0000] {logging_mixin.py:149} INFO - [2023-07-05T13:06:50.227+0000] {dag.py:3490} INFO - Setting next_dagrun for example_python_operator to None, run_after=None
[2023-07-05T13:06:50.260+0000] {processor.py:179} INFO - Processing /home/airflow/.local/lib/python3.7/site-packages/airflow/example_dags/example_python_operator.py took 0.157 seconds
[2023-07-05T13:07:20.497+0000] {processor.py:157} INFO - Started process (PID=2000) to work on /home/airflow/.local/lib/python3.7/site-packages/airflow/example_dags/example_python_operator.py
[2023-07-05T13:07:20.498+0000] {processor.py:826} INFO - Processing file /home/airflow/.local/lib/python3.7/site-packages/airflow/example_dags/example_python_operator.py for tasks to queue
[2023-07-05T13:07:20.499+0000] {logging_mixin.py:149} INFO - [2023-07-05T13:07:20.499+0000] {dagbag.py:541} INFO - Filling up the DagBag from /home/airflow/.local/lib/python3.7/site-packages/airflow/example_dags/example_python_operator.py
[2023-07-05T13:07:20.515+0000] {processor.py:836} INFO - DAG(s) dict_keys(['example_python_operator']) retrieved from /home/airflow/.local/lib/python3.7/site-packages/airflow/example_dags/example_python_operator.py
[2023-07-05T13:07:20.551+0000] {logging_mixin.py:149} INFO - [2023-07-05T13:07:20.551+0000] {dag.py:2726} INFO - Sync 1 DAGs
[2023-07-05T13:07:20.588+0000] {logging_mixin.py:149} INFO - [2023-07-05T13:07:20.587+0000] {dag.py:3490} INFO - Setting next_dagrun for example_python_operator to None, run_after=None
[2023-07-05T13:07:20.611+0000] {processor.py:179} INFO - Processing /home/airflow/.local/lib/python3.7/site-packages/airflow/example_dags/example_python_operator.py took 0.118 seconds
[2023-07-05T13:07:50.758+0000] {processor.py:157} INFO - Started process (PID=2056) to work on /home/airflow/.local/lib/python3.7/site-packages/airflow/example_dags/example_python_operator.py
[2023-07-05T13:07:50.760+0000] {processor.py:826} INFO - Processing file /home/airflow/.local/lib/python3.7/site-packages/airflow/example_dags/example_python_operator.py for tasks to queue
[2023-07-05T13:07:50.761+0000] {logging_mixin.py:149} INFO - [2023-07-05T13:07:50.761+0000] {dagbag.py:541} INFO - Filling up the DagBag from /home/airflow/.local/lib/python3.7/site-packages/airflow/example_dags/example_python_operator.py
[2023-07-05T13:07:50.781+0000] {processor.py:836} INFO - DAG(s) dict_keys(['example_python_operator']) retrieved from /home/airflow/.local/lib/python3.7/site-packages/airflow/example_dags/example_python_operator.py
[2023-07-05T13:07:50.821+0000] {logging_mixin.py:149} INFO - [2023-07-05T13:07:50.821+0000] {dag.py:2726} INFO - Sync 1 DAGs
[2023-07-05T13:07:50.860+0000] {logging_mixin.py:149} INFO - [2023-07-05T13:07:50.860+0000] {dag.py:3490} INFO - Setting next_dagrun for example_python_operator to None, run_after=None
[2023-07-05T13:07:50.882+0000] {processor.py:179} INFO - Processing /home/airflow/.local/lib/python3.7/site-packages/airflow/example_dags/example_python_operator.py took 0.128 seconds
[2023-07-05T13:08:21.041+0000] {processor.py:157} INFO - Started process (PID=2113) to work on /home/airflow/.local/lib/python3.7/site-packages/airflow/example_dags/example_python_operator.py
[2023-07-05T13:08:21.043+0000] {processor.py:826} INFO - Processing file /home/airflow/.local/lib/python3.7/site-packages/airflow/example_dags/example_python_operator.py for tasks to queue
[2023-07-05T13:08:21.044+0000] {logging_mixin.py:149} INFO - [2023-07-05T13:08:21.044+0000] {dagbag.py:541} INFO - Filling up the DagBag from /home/airflow/.local/lib/python3.7/site-packages/airflow/example_dags/example_python_operator.py
[2023-07-05T13:08:21.059+0000] {processor.py:836} INFO - DAG(s) dict_keys(['example_python_operator']) retrieved from /home/airflow/.local/lib/python3.7/site-packages/airflow/example_dags/example_python_operator.py
[2023-07-05T13:08:21.099+0000] {logging_mixin.py:149} INFO - [2023-07-05T13:08:21.098+0000] {dag.py:2726} INFO - Sync 1 DAGs
[2023-07-05T13:08:21.138+0000] {logging_mixin.py:149} INFO - [2023-07-05T13:08:21.138+0000] {dag.py:3490} INFO - Setting next_dagrun for example_python_operator to None, run_after=None
[2023-07-05T13:08:21.167+0000] {processor.py:179} INFO - Processing /home/airflow/.local/lib/python3.7/site-packages/airflow/example_dags/example_python_operator.py took 0.129 seconds
[2023-07-05T13:08:51.640+0000] {processor.py:157} INFO - Started process (PID=2170) to work on /home/airflow/.local/lib/python3.7/site-packages/airflow/example_dags/example_python_operator.py
[2023-07-05T13:08:51.641+0000] {processor.py:826} INFO - Processing file /home/airflow/.local/lib/python3.7/site-packages/airflow/example_dags/example_python_operator.py for tasks to queue
[2023-07-05T13:08:51.641+0000] {logging_mixin.py:149} INFO - [2023-07-05T13:08:51.641+0000] {dagbag.py:541} INFO - Filling up the DagBag from /home/airflow/.local/lib/python3.7/site-packages/airflow/example_dags/example_python_operator.py
[2023-07-05T13:08:51.655+0000] {processor.py:836} INFO - DAG(s) dict_keys(['example_python_operator']) retrieved from /home/airflow/.local/lib/python3.7/site-packages/airflow/example_dags/example_python_operator.py
[2023-07-05T13:08:51.698+0000] {logging_mixin.py:149} INFO - [2023-07-05T13:08:51.698+0000] {dag.py:2726} INFO - Sync 1 DAGs
[2023-07-05T13:08:51.734+0000] {logging_mixin.py:149} INFO - [2023-07-05T13:08:51.734+0000] {dag.py:3490} INFO - Setting next_dagrun for example_python_operator to None, run_after=None
[2023-07-05T13:08:51.765+0000] {processor.py:179} INFO - Processing /home/airflow/.local/lib/python3.7/site-packages/airflow/example_dags/example_python_operator.py took 0.129 seconds
[2023-07-05T13:09:22.091+0000] {processor.py:157} INFO - Started process (PID=2227) to work on /home/airflow/.local/lib/python3.7/site-packages/airflow/example_dags/example_python_operator.py
[2023-07-05T13:09:22.093+0000] {processor.py:826} INFO - Processing file /home/airflow/.local/lib/python3.7/site-packages/airflow/example_dags/example_python_operator.py for tasks to queue
[2023-07-05T13:09:22.094+0000] {logging_mixin.py:149} INFO - [2023-07-05T13:09:22.094+0000] {dagbag.py:541} INFO - Filling up the DagBag from /home/airflow/.local/lib/python3.7/site-packages/airflow/example_dags/example_python_operator.py
[2023-07-05T13:09:22.111+0000] {processor.py:836} INFO - DAG(s) dict_keys(['example_python_operator']) retrieved from /home/airflow/.local/lib/python3.7/site-packages/airflow/example_dags/example_python_operator.py
[2023-07-05T13:09:22.165+0000] {logging_mixin.py:149} INFO - [2023-07-05T13:09:22.165+0000] {dag.py:2726} INFO - Sync 1 DAGs
[2023-07-05T13:09:22.211+0000] {logging_mixin.py:149} INFO - [2023-07-05T13:09:22.211+0000] {dag.py:3490} INFO - Setting next_dagrun for example_python_operator to None, run_after=None
[2023-07-05T13:09:22.243+0000] {processor.py:179} INFO - Processing /home/airflow/.local/lib/python3.7/site-packages/airflow/example_dags/example_python_operator.py took 0.156 seconds
[2023-07-05T13:09:52.547+0000] {processor.py:157} INFO - Started process (PID=2284) to work on /home/airflow/.local/lib/python3.7/site-packages/airflow/example_dags/example_python_operator.py
[2023-07-05T13:09:52.548+0000] {processor.py:826} INFO - Processing file /home/airflow/.local/lib/python3.7/site-packages/airflow/example_dags/example_python_operator.py for tasks to queue
[2023-07-05T13:09:52.549+0000] {logging_mixin.py:149} INFO - [2023-07-05T13:09:52.549+0000] {dagbag.py:541} INFO - Filling up the DagBag from /home/airflow/.local/lib/python3.7/site-packages/airflow/example_dags/example_python_operator.py
[2023-07-05T13:09:52.565+0000] {processor.py:836} INFO - DAG(s) dict_keys(['example_python_operator']) retrieved from /home/airflow/.local/lib/python3.7/site-packages/airflow/example_dags/example_python_operator.py
[2023-07-05T13:09:52.611+0000] {logging_mixin.py:149} INFO - [2023-07-05T13:09:52.611+0000] {dag.py:2726} INFO - Sync 1 DAGs
[2023-07-05T13:09:52.660+0000] {logging_mixin.py:149} INFO - [2023-07-05T13:09:52.659+0000] {dag.py:3490} INFO - Setting next_dagrun for example_python_operator to None, run_after=None
[2023-07-05T13:09:52.685+0000] {processor.py:179} INFO - Processing /home/airflow/.local/lib/python3.7/site-packages/airflow/example_dags/example_python_operator.py took 0.143 seconds
[2023-07-05T13:10:22.924+0000] {processor.py:157} INFO - Started process (PID=2341) to work on /home/airflow/.local/lib/python3.7/site-packages/airflow/example_dags/example_python_operator.py
[2023-07-05T13:10:22.925+0000] {processor.py:826} INFO - Processing file /home/airflow/.local/lib/python3.7/site-packages/airflow/example_dags/example_python_operator.py for tasks to queue
[2023-07-05T13:10:22.926+0000] {logging_mixin.py:149} INFO - [2023-07-05T13:10:22.926+0000] {dagbag.py:541} INFO - Filling up the DagBag from /home/airflow/.local/lib/python3.7/site-packages/airflow/example_dags/example_python_operator.py
[2023-07-05T13:10:22.939+0000] {processor.py:836} INFO - DAG(s) dict_keys(['example_python_operator']) retrieved from /home/airflow/.local/lib/python3.7/site-packages/airflow/example_dags/example_python_operator.py
[2023-07-05T13:10:22.975+0000] {logging_mixin.py:149} INFO - [2023-07-05T13:10:22.975+0000] {dag.py:2726} INFO - Sync 1 DAGs
[2023-07-05T13:10:23.023+0000] {logging_mixin.py:149} INFO - [2023-07-05T13:10:23.022+0000] {dag.py:3490} INFO - Setting next_dagrun for example_python_operator to None, run_after=None
[2023-07-05T13:10:23.051+0000] {processor.py:179} INFO - Processing /home/airflow/.local/lib/python3.7/site-packages/airflow/example_dags/example_python_operator.py took 0.132 seconds
[2023-07-05T13:10:53.320+0000] {processor.py:157} INFO - Started process (PID=2398) to work on /home/airflow/.local/lib/python3.7/site-packages/airflow/example_dags/example_python_operator.py
[2023-07-05T13:10:53.321+0000] {processor.py:826} INFO - Processing file /home/airflow/.local/lib/python3.7/site-packages/airflow/example_dags/example_python_operator.py for tasks to queue
[2023-07-05T13:10:53.322+0000] {logging_mixin.py:149} INFO - [2023-07-05T13:10:53.322+0000] {dagbag.py:541} INFO - Filling up the DagBag from /home/airflow/.local/lib/python3.7/site-packages/airflow/example_dags/example_python_operator.py
[2023-07-05T13:10:53.336+0000] {processor.py:836} INFO - DAG(s) dict_keys(['example_python_operator']) retrieved from /home/airflow/.local/lib/python3.7/site-packages/airflow/example_dags/example_python_operator.py
[2023-07-05T13:10:53.373+0000] {logging_mixin.py:149} INFO - [2023-07-05T13:10:53.373+0000] {dag.py:2726} INFO - Sync 1 DAGs
[2023-07-05T13:10:53.406+0000] {logging_mixin.py:149} INFO - [2023-07-05T13:10:53.406+0000] {dag.py:3490} INFO - Setting next_dagrun for example_python_operator to None, run_after=None
[2023-07-05T13:10:53.433+0000] {processor.py:179} INFO - Processing /home/airflow/.local/lib/python3.7/site-packages/airflow/example_dags/example_python_operator.py took 0.117 seconds
[2023-07-05T13:11:23.730+0000] {processor.py:157} INFO - Started process (PID=2455) to work on /home/airflow/.local/lib/python3.7/site-packages/airflow/example_dags/example_python_operator.py
[2023-07-05T13:11:23.732+0000] {processor.py:826} INFO - Processing file /home/airflow/.local/lib/python3.7/site-packages/airflow/example_dags/example_python_operator.py for tasks to queue
[2023-07-05T13:11:23.733+0000] {logging_mixin.py:149} INFO - [2023-07-05T13:11:23.733+0000] {dagbag.py:541} INFO - Filling up the DagBag from /home/airflow/.local/lib/python3.7/site-packages/airflow/example_dags/example_python_operator.py
[2023-07-05T13:11:23.748+0000] {processor.py:836} INFO - DAG(s) dict_keys(['example_python_operator']) retrieved from /home/airflow/.local/lib/python3.7/site-packages/airflow/example_dags/example_python_operator.py
[2023-07-05T13:11:23.786+0000] {logging_mixin.py:149} INFO - [2023-07-05T13:11:23.786+0000] {dag.py:2726} INFO - Sync 1 DAGs
[2023-07-05T13:11:23.832+0000] {logging_mixin.py:149} INFO - [2023-07-05T13:11:23.832+0000] {dag.py:3490} INFO - Setting next_dagrun for example_python_operator to None, run_after=None
[2023-07-05T13:11:23.863+0000] {processor.py:179} INFO - Processing /home/airflow/.local/lib/python3.7/site-packages/airflow/example_dags/example_python_operator.py took 0.137 seconds
[2023-07-05T13:11:54.061+0000] {processor.py:157} INFO - Started process (PID=2512) to work on /home/airflow/.local/lib/python3.7/site-packages/airflow/example_dags/example_python_operator.py
[2023-07-05T13:11:54.062+0000] {processor.py:826} INFO - Processing file /home/airflow/.local/lib/python3.7/site-packages/airflow/example_dags/example_python_operator.py for tasks to queue
[2023-07-05T13:11:54.062+0000] {logging_mixin.py:149} INFO - [2023-07-05T13:11:54.062+0000] {dagbag.py:541} INFO - Filling up the DagBag from /home/airflow/.local/lib/python3.7/site-packages/airflow/example_dags/example_python_operator.py
[2023-07-05T13:11:54.093+0000] {processor.py:836} INFO - DAG(s) dict_keys(['example_python_operator']) retrieved from /home/airflow/.local/lib/python3.7/site-packages/airflow/example_dags/example_python_operator.py
[2023-07-05T13:11:54.135+0000] {logging_mixin.py:149} INFO - [2023-07-05T13:11:54.135+0000] {dag.py:2726} INFO - Sync 1 DAGs
[2023-07-05T13:11:54.182+0000] {logging_mixin.py:149} INFO - [2023-07-05T13:11:54.182+0000] {dag.py:3490} INFO - Setting next_dagrun for example_python_operator to None, run_after=None
[2023-07-05T13:11:54.221+0000] {processor.py:179} INFO - Processing /home/airflow/.local/lib/python3.7/site-packages/airflow/example_dags/example_python_operator.py took 0.164 seconds
[2023-07-05T13:12:24.812+0000] {processor.py:157} INFO - Started process (PID=2569) to work on /home/airflow/.local/lib/python3.7/site-packages/airflow/example_dags/example_python_operator.py
[2023-07-05T13:12:24.813+0000] {processor.py:826} INFO - Processing file /home/airflow/.local/lib/python3.7/site-packages/airflow/example_dags/example_python_operator.py for tasks to queue
[2023-07-05T13:12:24.814+0000] {logging_mixin.py:149} INFO - [2023-07-05T13:12:24.814+0000] {dagbag.py:541} INFO - Filling up the DagBag from /home/airflow/.local/lib/python3.7/site-packages/airflow/example_dags/example_python_operator.py
[2023-07-05T13:12:24.838+0000] {processor.py:836} INFO - DAG(s) dict_keys(['example_python_operator']) retrieved from /home/airflow/.local/lib/python3.7/site-packages/airflow/example_dags/example_python_operator.py
[2023-07-05T13:12:24.880+0000] {logging_mixin.py:149} INFO - [2023-07-05T13:12:24.880+0000] {dag.py:2726} INFO - Sync 1 DAGs
[2023-07-05T13:12:24.930+0000] {logging_mixin.py:149} INFO - [2023-07-05T13:12:24.929+0000] {dag.py:3490} INFO - Setting next_dagrun for example_python_operator to None, run_after=None
[2023-07-05T13:12:24.954+0000] {processor.py:179} INFO - Processing /home/airflow/.local/lib/python3.7/site-packages/airflow/example_dags/example_python_operator.py took 0.148 seconds
[2023-07-05T13:12:55.109+0000] {processor.py:157} INFO - Started process (PID=2626) to work on /home/airflow/.local/lib/python3.7/site-packages/airflow/example_dags/example_python_operator.py
[2023-07-05T13:12:55.111+0000] {processor.py:826} INFO - Processing file /home/airflow/.local/lib/python3.7/site-packages/airflow/example_dags/example_python_operator.py for tasks to queue
[2023-07-05T13:12:55.112+0000] {logging_mixin.py:149} INFO - [2023-07-05T13:12:55.112+0000] {dagbag.py:541} INFO - Filling up the DagBag from /home/airflow/.local/lib/python3.7/site-packages/airflow/example_dags/example_python_operator.py
[2023-07-05T13:12:55.128+0000] {processor.py:836} INFO - DAG(s) dict_keys(['example_python_operator']) retrieved from /home/airflow/.local/lib/python3.7/site-packages/airflow/example_dags/example_python_operator.py
[2023-07-05T13:12:55.175+0000] {logging_mixin.py:149} INFO - [2023-07-05T13:12:55.175+0000] {dag.py:2726} INFO - Sync 1 DAGs
[2023-07-05T13:12:55.217+0000] {logging_mixin.py:149} INFO - [2023-07-05T13:12:55.217+0000] {dag.py:3490} INFO - Setting next_dagrun for example_python_operator to None, run_after=None
[2023-07-05T13:12:55.246+0000] {processor.py:179} INFO - Processing /home/airflow/.local/lib/python3.7/site-packages/airflow/example_dags/example_python_operator.py took 0.144 seconds
[2023-07-05T13:13:25.476+0000] {processor.py:157} INFO - Started process (PID=2683) to work on /home/airflow/.local/lib/python3.7/site-packages/airflow/example_dags/example_python_operator.py
[2023-07-05T13:13:25.478+0000] {processor.py:826} INFO - Processing file /home/airflow/.local/lib/python3.7/site-packages/airflow/example_dags/example_python_operator.py for tasks to queue
[2023-07-05T13:13:25.479+0000] {logging_mixin.py:149} INFO - [2023-07-05T13:13:25.479+0000] {dagbag.py:541} INFO - Filling up the DagBag from /home/airflow/.local/lib/python3.7/site-packages/airflow/example_dags/example_python_operator.py
[2023-07-05T13:13:25.494+0000] {processor.py:836} INFO - DAG(s) dict_keys(['example_python_operator']) retrieved from /home/airflow/.local/lib/python3.7/site-packages/airflow/example_dags/example_python_operator.py
[2023-07-05T13:13:25.538+0000] {logging_mixin.py:149} INFO - [2023-07-05T13:13:25.538+0000] {dag.py:2726} INFO - Sync 1 DAGs
[2023-07-05T13:13:25.584+0000] {logging_mixin.py:149} INFO - [2023-07-05T13:13:25.584+0000] {dag.py:3490} INFO - Setting next_dagrun for example_python_operator to None, run_after=None
[2023-07-05T13:13:25.611+0000] {processor.py:179} INFO - Processing /home/airflow/.local/lib/python3.7/site-packages/airflow/example_dags/example_python_operator.py took 0.138 seconds
[2023-07-05T13:13:55.703+0000] {processor.py:157} INFO - Started process (PID=2741) to work on /home/airflow/.local/lib/python3.7/site-packages/airflow/example_dags/example_python_operator.py
[2023-07-05T13:13:55.704+0000] {processor.py:826} INFO - Processing file /home/airflow/.local/lib/python3.7/site-packages/airflow/example_dags/example_python_operator.py for tasks to queue
[2023-07-05T13:13:55.705+0000] {logging_mixin.py:149} INFO - [2023-07-05T13:13:55.705+0000] {dagbag.py:541} INFO - Filling up the DagBag from /home/airflow/.local/lib/python3.7/site-packages/airflow/example_dags/example_python_operator.py
[2023-07-05T13:13:55.721+0000] {processor.py:836} INFO - DAG(s) dict_keys(['example_python_operator']) retrieved from /home/airflow/.local/lib/python3.7/site-packages/airflow/example_dags/example_python_operator.py
[2023-07-05T13:13:55.758+0000] {logging_mixin.py:149} INFO - [2023-07-05T13:13:55.757+0000] {dag.py:2726} INFO - Sync 1 DAGs
[2023-07-05T13:13:55.791+0000] {logging_mixin.py:149} INFO - [2023-07-05T13:13:55.791+0000] {dag.py:3490} INFO - Setting next_dagrun for example_python_operator to None, run_after=None
[2023-07-05T13:13:55.819+0000] {processor.py:179} INFO - Processing /home/airflow/.local/lib/python3.7/site-packages/airflow/example_dags/example_python_operator.py took 0.120 seconds
[2023-07-05T13:14:26.157+0000] {processor.py:157} INFO - Started process (PID=2798) to work on /home/airflow/.local/lib/python3.7/site-packages/airflow/example_dags/example_python_operator.py
[2023-07-05T13:14:26.159+0000] {processor.py:826} INFO - Processing file /home/airflow/.local/lib/python3.7/site-packages/airflow/example_dags/example_python_operator.py for tasks to queue
[2023-07-05T13:14:26.160+0000] {logging_mixin.py:149} INFO - [2023-07-05T13:14:26.160+0000] {dagbag.py:541} INFO - Filling up the DagBag from /home/airflow/.local/lib/python3.7/site-packages/airflow/example_dags/example_python_operator.py
[2023-07-05T13:14:26.175+0000] {processor.py:836} INFO - DAG(s) dict_keys(['example_python_operator']) retrieved from /home/airflow/.local/lib/python3.7/site-packages/airflow/example_dags/example_python_operator.py
[2023-07-05T13:14:26.223+0000] {logging_mixin.py:149} INFO - [2023-07-05T13:14:26.223+0000] {dag.py:2726} INFO - Sync 1 DAGs
[2023-07-05T13:14:26.281+0000] {logging_mixin.py:149} INFO - [2023-07-05T13:14:26.281+0000] {dag.py:3490} INFO - Setting next_dagrun for example_python_operator to None, run_after=None
[2023-07-05T13:14:26.324+0000] {processor.py:179} INFO - Processing /home/airflow/.local/lib/python3.7/site-packages/airflow/example_dags/example_python_operator.py took 0.171 seconds
[2023-07-05T13:14:56.404+0000] {processor.py:157} INFO - Started process (PID=2854) to work on /home/airflow/.local/lib/python3.7/site-packages/airflow/example_dags/example_python_operator.py
[2023-07-05T13:14:56.406+0000] {processor.py:826} INFO - Processing file /home/airflow/.local/lib/python3.7/site-packages/airflow/example_dags/example_python_operator.py for tasks to queue
[2023-07-05T13:14:56.407+0000] {logging_mixin.py:149} INFO - [2023-07-05T13:14:56.407+0000] {dagbag.py:541} INFO - Filling up the DagBag from /home/airflow/.local/lib/python3.7/site-packages/airflow/example_dags/example_python_operator.py
[2023-07-05T13:14:56.419+0000] {processor.py:836} INFO - DAG(s) dict_keys(['example_python_operator']) retrieved from /home/airflow/.local/lib/python3.7/site-packages/airflow/example_dags/example_python_operator.py
[2023-07-05T13:14:56.456+0000] {logging_mixin.py:149} INFO - [2023-07-05T13:14:56.456+0000] {dag.py:2726} INFO - Sync 1 DAGs
[2023-07-05T13:14:56.492+0000] {logging_mixin.py:149} INFO - [2023-07-05T13:14:56.492+0000] {dag.py:3490} INFO - Setting next_dagrun for example_python_operator to None, run_after=None
[2023-07-05T13:14:56.516+0000] {processor.py:179} INFO - Processing /home/airflow/.local/lib/python3.7/site-packages/airflow/example_dags/example_python_operator.py took 0.118 seconds
[2023-07-05T13:15:26.845+0000] {processor.py:157} INFO - Started process (PID=2911) to work on /home/airflow/.local/lib/python3.7/site-packages/airflow/example_dags/example_python_operator.py
[2023-07-05T13:15:26.846+0000] {processor.py:826} INFO - Processing file /home/airflow/.local/lib/python3.7/site-packages/airflow/example_dags/example_python_operator.py for tasks to queue
[2023-07-05T13:15:26.847+0000] {logging_mixin.py:149} INFO - [2023-07-05T13:15:26.847+0000] {dagbag.py:541} INFO - Filling up the DagBag from /home/airflow/.local/lib/python3.7/site-packages/airflow/example_dags/example_python_operator.py
[2023-07-05T13:15:26.863+0000] {processor.py:836} INFO - DAG(s) dict_keys(['example_python_operator']) retrieved from /home/airflow/.local/lib/python3.7/site-packages/airflow/example_dags/example_python_operator.py
[2023-07-05T13:15:26.900+0000] {logging_mixin.py:149} INFO - [2023-07-05T13:15:26.899+0000] {dag.py:2726} INFO - Sync 1 DAGs
[2023-07-05T13:15:26.934+0000] {logging_mixin.py:149} INFO - [2023-07-05T13:15:26.934+0000] {dag.py:3490} INFO - Setting next_dagrun for example_python_operator to None, run_after=None
[2023-07-05T13:15:26.984+0000] {processor.py:179} INFO - Processing /home/airflow/.local/lib/python3.7/site-packages/airflow/example_dags/example_python_operator.py took 0.144 seconds
[2023-07-05T13:15:57.090+0000] {processor.py:157} INFO - Started process (PID=2968) to work on /home/airflow/.local/lib/python3.7/site-packages/airflow/example_dags/example_python_operator.py
[2023-07-05T13:15:57.092+0000] {processor.py:826} INFO - Processing file /home/airflow/.local/lib/python3.7/site-packages/airflow/example_dags/example_python_operator.py for tasks to queue
[2023-07-05T13:15:57.093+0000] {logging_mixin.py:149} INFO - [2023-07-05T13:15:57.093+0000] {dagbag.py:541} INFO - Filling up the DagBag from /home/airflow/.local/lib/python3.7/site-packages/airflow/example_dags/example_python_operator.py
[2023-07-05T13:15:57.111+0000] {processor.py:836} INFO - DAG(s) dict_keys(['example_python_operator']) retrieved from /home/airflow/.local/lib/python3.7/site-packages/airflow/example_dags/example_python_operator.py
[2023-07-05T13:15:57.179+0000] {logging_mixin.py:149} INFO - [2023-07-05T13:15:57.179+0000] {dag.py:2726} INFO - Sync 1 DAGs
[2023-07-05T13:15:57.213+0000] {logging_mixin.py:149} INFO - [2023-07-05T13:15:57.213+0000] {dag.py:3490} INFO - Setting next_dagrun for example_python_operator to None, run_after=None
[2023-07-05T13:15:57.242+0000] {processor.py:179} INFO - Processing /home/airflow/.local/lib/python3.7/site-packages/airflow/example_dags/example_python_operator.py took 0.157 seconds
[2023-07-05T13:16:27.507+0000] {processor.py:157} INFO - Started process (PID=3025) to work on /home/airflow/.local/lib/python3.7/site-packages/airflow/example_dags/example_python_operator.py
[2023-07-05T13:16:27.509+0000] {processor.py:826} INFO - Processing file /home/airflow/.local/lib/python3.7/site-packages/airflow/example_dags/example_python_operator.py for tasks to queue
[2023-07-05T13:16:27.510+0000] {logging_mixin.py:149} INFO - [2023-07-05T13:16:27.510+0000] {dagbag.py:541} INFO - Filling up the DagBag from /home/airflow/.local/lib/python3.7/site-packages/airflow/example_dags/example_python_operator.py
[2023-07-05T13:16:27.523+0000] {processor.py:836} INFO - DAG(s) dict_keys(['example_python_operator']) retrieved from /home/airflow/.local/lib/python3.7/site-packages/airflow/example_dags/example_python_operator.py
[2023-07-05T13:16:27.568+0000] {logging_mixin.py:149} INFO - [2023-07-05T13:16:27.568+0000] {dag.py:2726} INFO - Sync 1 DAGs
[2023-07-05T13:16:27.616+0000] {logging_mixin.py:149} INFO - [2023-07-05T13:16:27.616+0000] {dag.py:3490} INFO - Setting next_dagrun for example_python_operator to None, run_after=None
[2023-07-05T13:16:27.661+0000] {processor.py:179} INFO - Processing /home/airflow/.local/lib/python3.7/site-packages/airflow/example_dags/example_python_operator.py took 0.157 seconds
[2023-07-05T13:16:58.112+0000] {processor.py:157} INFO - Started process (PID=3081) to work on /home/airflow/.local/lib/python3.7/site-packages/airflow/example_dags/example_python_operator.py
[2023-07-05T13:16:58.114+0000] {processor.py:826} INFO - Processing file /home/airflow/.local/lib/python3.7/site-packages/airflow/example_dags/example_python_operator.py for tasks to queue
[2023-07-05T13:16:58.115+0000] {logging_mixin.py:149} INFO - [2023-07-05T13:16:58.114+0000] {dagbag.py:541} INFO - Filling up the DagBag from /home/airflow/.local/lib/python3.7/site-packages/airflow/example_dags/example_python_operator.py
[2023-07-05T13:16:58.128+0000] {processor.py:836} INFO - DAG(s) dict_keys(['example_python_operator']) retrieved from /home/airflow/.local/lib/python3.7/site-packages/airflow/example_dags/example_python_operator.py
[2023-07-05T13:16:58.176+0000] {logging_mixin.py:149} INFO - [2023-07-05T13:16:58.176+0000] {dag.py:2726} INFO - Sync 1 DAGs
[2023-07-05T13:16:58.209+0000] {logging_mixin.py:149} INFO - [2023-07-05T13:16:58.209+0000] {dag.py:3490} INFO - Setting next_dagrun for example_python_operator to None, run_after=None
[2023-07-05T13:16:58.238+0000] {processor.py:179} INFO - Processing /home/airflow/.local/lib/python3.7/site-packages/airflow/example_dags/example_python_operator.py took 0.131 seconds
[2023-07-05T13:17:28.678+0000] {processor.py:157} INFO - Started process (PID=3138) to work on /home/airflow/.local/lib/python3.7/site-packages/airflow/example_dags/example_python_operator.py
[2023-07-05T13:17:28.679+0000] {processor.py:826} INFO - Processing file /home/airflow/.local/lib/python3.7/site-packages/airflow/example_dags/example_python_operator.py for tasks to queue
[2023-07-05T13:17:28.679+0000] {logging_mixin.py:149} INFO - [2023-07-05T13:17:28.679+0000] {dagbag.py:541} INFO - Filling up the DagBag from /home/airflow/.local/lib/python3.7/site-packages/airflow/example_dags/example_python_operator.py
[2023-07-05T13:17:28.691+0000] {processor.py:836} INFO - DAG(s) dict_keys(['example_python_operator']) retrieved from /home/airflow/.local/lib/python3.7/site-packages/airflow/example_dags/example_python_operator.py
[2023-07-05T13:17:28.733+0000] {logging_mixin.py:149} INFO - [2023-07-05T13:17:28.733+0000] {dag.py:2726} INFO - Sync 1 DAGs
[2023-07-05T13:17:28.777+0000] {logging_mixin.py:149} INFO - [2023-07-05T13:17:28.777+0000] {dag.py:3490} INFO - Setting next_dagrun for example_python_operator to None, run_after=None
[2023-07-05T13:17:28.806+0000] {processor.py:179} INFO - Processing /home/airflow/.local/lib/python3.7/site-packages/airflow/example_dags/example_python_operator.py took 0.132 seconds
[2023-07-05T13:17:59.448+0000] {processor.py:157} INFO - Started process (PID=3190) to work on /home/airflow/.local/lib/python3.7/site-packages/airflow/example_dags/example_python_operator.py
[2023-07-05T13:17:59.450+0000] {processor.py:826} INFO - Processing file /home/airflow/.local/lib/python3.7/site-packages/airflow/example_dags/example_python_operator.py for tasks to queue
[2023-07-05T13:17:59.450+0000] {logging_mixin.py:149} INFO - [2023-07-05T13:17:59.450+0000] {dagbag.py:541} INFO - Filling up the DagBag from /home/airflow/.local/lib/python3.7/site-packages/airflow/example_dags/example_python_operator.py
[2023-07-05T13:17:59.462+0000] {processor.py:836} INFO - DAG(s) dict_keys(['example_python_operator']) retrieved from /home/airflow/.local/lib/python3.7/site-packages/airflow/example_dags/example_python_operator.py
[2023-07-05T13:17:59.507+0000] {logging_mixin.py:149} INFO - [2023-07-05T13:17:59.506+0000] {dag.py:2726} INFO - Sync 1 DAGs
[2023-07-05T13:17:59.541+0000] {logging_mixin.py:149} INFO - [2023-07-05T13:17:59.541+0000] {dag.py:3490} INFO - Setting next_dagrun for example_python_operator to None, run_after=None
[2023-07-05T13:17:59.565+0000] {processor.py:179} INFO - Processing /home/airflow/.local/lib/python3.7/site-packages/airflow/example_dags/example_python_operator.py took 0.121 seconds
