[2023-07-05T12:49:59.862+0000] {processor.py:157} INFO - Started process (PID=66) to work on /home/airflow/.local/lib/python3.7/site-packages/airflow/example_dags/example_latest_only_with_trigger.py
[2023-07-05T12:49:59.863+0000] {processor.py:826} INFO - Processing file /home/airflow/.local/lib/python3.7/site-packages/airflow/example_dags/example_latest_only_with_trigger.py for tasks to queue
[2023-07-05T12:49:59.864+0000] {logging_mixin.py:149} INFO - [2023-07-05T12:49:59.864+0000] {dagbag.py:541} INFO - Filling up the DagBag from /home/airflow/.local/lib/python3.7/site-packages/airflow/example_dags/example_latest_only_with_trigger.py
[2023-07-05T12:49:59.872+0000] {processor.py:836} INFO - DAG(s) dict_keys(['latest_only_with_trigger']) retrieved from /home/airflow/.local/lib/python3.7/site-packages/airflow/example_dags/example_latest_only_with_trigger.py
[2023-07-05T12:49:59.891+0000] {logging_mixin.py:149} INFO - [2023-07-05T12:49:59.891+0000] {dag.py:2726} INFO - Sync 1 DAGs
[2023-07-05T12:49:59.931+0000] {logging_mixin.py:149} INFO - [2023-07-05T12:49:59.931+0000] {dag.py:3490} INFO - Setting next_dagrun for latest_only_with_trigger to 2023-07-05T08:49:59.931011+00:00, run_after=2023-07-05T12:49:59.931011+00:00
[2023-07-05T12:49:59.966+0000] {processor.py:179} INFO - Processing /home/airflow/.local/lib/python3.7/site-packages/airflow/example_dags/example_latest_only_with_trigger.py took 0.108 seconds
[2023-07-05T12:50:33.578+0000] {processor.py:157} INFO - Started process (PID=123) to work on /home/airflow/.local/lib/python3.7/site-packages/airflow/example_dags/example_latest_only_with_trigger.py
[2023-07-05T12:50:33.579+0000] {processor.py:826} INFO - Processing file /home/airflow/.local/lib/python3.7/site-packages/airflow/example_dags/example_latest_only_with_trigger.py for tasks to queue
[2023-07-05T12:50:33.580+0000] {logging_mixin.py:149} INFO - [2023-07-05T12:50:33.580+0000] {dagbag.py:541} INFO - Filling up the DagBag from /home/airflow/.local/lib/python3.7/site-packages/airflow/example_dags/example_latest_only_with_trigger.py
[2023-07-05T12:50:33.590+0000] {processor.py:836} INFO - DAG(s) dict_keys(['latest_only_with_trigger']) retrieved from /home/airflow/.local/lib/python3.7/site-packages/airflow/example_dags/example_latest_only_with_trigger.py
[2023-07-05T12:50:33.627+0000] {logging_mixin.py:149} INFO - [2023-07-05T12:50:33.627+0000] {dag.py:2726} INFO - Sync 1 DAGs
[2023-07-05T12:50:33.663+0000] {logging_mixin.py:149} INFO - [2023-07-05T12:50:33.663+0000] {dag.py:3490} INFO - Setting next_dagrun for latest_only_with_trigger to 2023-07-05T08:50:33.662811+00:00, run_after=2023-07-05T12:50:33.662811+00:00
[2023-07-05T12:50:33.689+0000] {processor.py:179} INFO - Processing /home/airflow/.local/lib/python3.7/site-packages/airflow/example_dags/example_latest_only_with_trigger.py took 0.115 seconds
[2023-07-05T12:51:04.728+0000] {processor.py:157} INFO - Started process (PID=181) to work on /home/airflow/.local/lib/python3.7/site-packages/airflow/example_dags/example_latest_only_with_trigger.py
[2023-07-05T12:51:04.729+0000] {processor.py:826} INFO - Processing file /home/airflow/.local/lib/python3.7/site-packages/airflow/example_dags/example_latest_only_with_trigger.py for tasks to queue
[2023-07-05T12:51:04.730+0000] {logging_mixin.py:149} INFO - [2023-07-05T12:51:04.730+0000] {dagbag.py:541} INFO - Filling up the DagBag from /home/airflow/.local/lib/python3.7/site-packages/airflow/example_dags/example_latest_only_with_trigger.py
[2023-07-05T12:51:04.739+0000] {processor.py:836} INFO - DAG(s) dict_keys(['latest_only_with_trigger']) retrieved from /home/airflow/.local/lib/python3.7/site-packages/airflow/example_dags/example_latest_only_with_trigger.py
[2023-07-05T12:51:04.774+0000] {logging_mixin.py:149} INFO - [2023-07-05T12:51:04.774+0000] {dag.py:2726} INFO - Sync 1 DAGs
[2023-07-05T12:51:04.811+0000] {logging_mixin.py:149} INFO - [2023-07-05T12:51:04.810+0000] {dag.py:3490} INFO - Setting next_dagrun for latest_only_with_trigger to 2023-07-05T08:51:04.810578+00:00, run_after=2023-07-05T12:51:04.810578+00:00
[2023-07-05T12:51:04.849+0000] {processor.py:179} INFO - Processing /home/airflow/.local/lib/python3.7/site-packages/airflow/example_dags/example_latest_only_with_trigger.py took 0.126 seconds
[2023-07-05T12:51:36.076+0000] {processor.py:157} INFO - Started process (PID=238) to work on /home/airflow/.local/lib/python3.7/site-packages/airflow/example_dags/example_latest_only_with_trigger.py
[2023-07-05T12:51:36.077+0000] {processor.py:826} INFO - Processing file /home/airflow/.local/lib/python3.7/site-packages/airflow/example_dags/example_latest_only_with_trigger.py for tasks to queue
[2023-07-05T12:51:36.078+0000] {logging_mixin.py:149} INFO - [2023-07-05T12:51:36.078+0000] {dagbag.py:541} INFO - Filling up the DagBag from /home/airflow/.local/lib/python3.7/site-packages/airflow/example_dags/example_latest_only_with_trigger.py
[2023-07-05T12:51:36.087+0000] {processor.py:836} INFO - DAG(s) dict_keys(['latest_only_with_trigger']) retrieved from /home/airflow/.local/lib/python3.7/site-packages/airflow/example_dags/example_latest_only_with_trigger.py
[2023-07-05T12:51:36.128+0000] {logging_mixin.py:149} INFO - [2023-07-05T12:51:36.128+0000] {dag.py:2726} INFO - Sync 1 DAGs
[2023-07-05T12:51:36.164+0000] {logging_mixin.py:149} INFO - [2023-07-05T12:51:36.164+0000] {dag.py:3490} INFO - Setting next_dagrun for latest_only_with_trigger to 2023-07-05T08:51:36.163843+00:00, run_after=2023-07-05T12:51:36.163843+00:00
[2023-07-05T12:51:36.190+0000] {processor.py:179} INFO - Processing /home/airflow/.local/lib/python3.7/site-packages/airflow/example_dags/example_latest_only_with_trigger.py took 0.119 seconds
[2023-07-05T12:52:07.249+0000] {processor.py:157} INFO - Started process (PID=295) to work on /home/airflow/.local/lib/python3.7/site-packages/airflow/example_dags/example_latest_only_with_trigger.py
[2023-07-05T12:52:07.251+0000] {processor.py:826} INFO - Processing file /home/airflow/.local/lib/python3.7/site-packages/airflow/example_dags/example_latest_only_with_trigger.py for tasks to queue
[2023-07-05T12:52:07.252+0000] {logging_mixin.py:149} INFO - [2023-07-05T12:52:07.252+0000] {dagbag.py:541} INFO - Filling up the DagBag from /home/airflow/.local/lib/python3.7/site-packages/airflow/example_dags/example_latest_only_with_trigger.py
[2023-07-05T12:52:07.260+0000] {processor.py:836} INFO - DAG(s) dict_keys(['latest_only_with_trigger']) retrieved from /home/airflow/.local/lib/python3.7/site-packages/airflow/example_dags/example_latest_only_with_trigger.py
[2023-07-05T12:52:07.297+0000] {logging_mixin.py:149} INFO - [2023-07-05T12:52:07.296+0000] {dag.py:2726} INFO - Sync 1 DAGs
[2023-07-05T12:52:07.338+0000] {logging_mixin.py:149} INFO - [2023-07-05T12:52:07.338+0000] {dag.py:3490} INFO - Setting next_dagrun for latest_only_with_trigger to 2023-07-05T08:52:07.337834+00:00, run_after=2023-07-05T12:52:07.337834+00:00
[2023-07-05T12:52:07.370+0000] {processor.py:179} INFO - Processing /home/airflow/.local/lib/python3.7/site-packages/airflow/example_dags/example_latest_only_with_trigger.py took 0.125 seconds
[2023-07-05T12:52:38.712+0000] {processor.py:157} INFO - Started process (PID=352) to work on /home/airflow/.local/lib/python3.7/site-packages/airflow/example_dags/example_latest_only_with_trigger.py
[2023-07-05T12:52:38.713+0000] {processor.py:826} INFO - Processing file /home/airflow/.local/lib/python3.7/site-packages/airflow/example_dags/example_latest_only_with_trigger.py for tasks to queue
[2023-07-05T12:52:38.713+0000] {logging_mixin.py:149} INFO - [2023-07-05T12:52:38.713+0000] {dagbag.py:541} INFO - Filling up the DagBag from /home/airflow/.local/lib/python3.7/site-packages/airflow/example_dags/example_latest_only_with_trigger.py
[2023-07-05T12:52:38.721+0000] {processor.py:836} INFO - DAG(s) dict_keys(['latest_only_with_trigger']) retrieved from /home/airflow/.local/lib/python3.7/site-packages/airflow/example_dags/example_latest_only_with_trigger.py
[2023-07-05T12:52:38.751+0000] {logging_mixin.py:149} INFO - [2023-07-05T12:52:38.750+0000] {dag.py:2726} INFO - Sync 1 DAGs
[2023-07-05T12:52:38.928+0000] {logging_mixin.py:149} INFO - [2023-07-05T12:52:38.927+0000] {dag.py:3490} INFO - Setting next_dagrun for latest_only_with_trigger to 2023-07-05T08:52:38.927514+00:00, run_after=2023-07-05T12:52:38.927514+00:00
[2023-07-05T12:52:38.966+0000] {processor.py:179} INFO - Processing /home/airflow/.local/lib/python3.7/site-packages/airflow/example_dags/example_latest_only_with_trigger.py took 0.259 seconds
[2023-07-05T12:53:09.029+0000] {processor.py:157} INFO - Started process (PID=409) to work on /home/airflow/.local/lib/python3.7/site-packages/airflow/example_dags/example_latest_only_with_trigger.py
[2023-07-05T12:53:09.030+0000] {processor.py:826} INFO - Processing file /home/airflow/.local/lib/python3.7/site-packages/airflow/example_dags/example_latest_only_with_trigger.py for tasks to queue
[2023-07-05T12:53:09.031+0000] {logging_mixin.py:149} INFO - [2023-07-05T12:53:09.031+0000] {dagbag.py:541} INFO - Filling up the DagBag from /home/airflow/.local/lib/python3.7/site-packages/airflow/example_dags/example_latest_only_with_trigger.py
[2023-07-05T12:53:09.039+0000] {processor.py:836} INFO - DAG(s) dict_keys(['latest_only_with_trigger']) retrieved from /home/airflow/.local/lib/python3.7/site-packages/airflow/example_dags/example_latest_only_with_trigger.py
[2023-07-05T12:53:09.071+0000] {logging_mixin.py:149} INFO - [2023-07-05T12:53:09.071+0000] {dag.py:2726} INFO - Sync 1 DAGs
[2023-07-05T12:53:09.119+0000] {logging_mixin.py:149} INFO - [2023-07-05T12:53:09.118+0000] {dag.py:3490} INFO - Setting next_dagrun for latest_only_with_trigger to 2023-07-05T08:53:09.118546+00:00, run_after=2023-07-05T12:53:09.118546+00:00
[2023-07-05T12:53:09.155+0000] {processor.py:179} INFO - Processing /home/airflow/.local/lib/python3.7/site-packages/airflow/example_dags/example_latest_only_with_trigger.py took 0.130 seconds
[2023-07-05T12:53:39.344+0000] {processor.py:157} INFO - Started process (PID=466) to work on /home/airflow/.local/lib/python3.7/site-packages/airflow/example_dags/example_latest_only_with_trigger.py
[2023-07-05T12:53:39.345+0000] {processor.py:826} INFO - Processing file /home/airflow/.local/lib/python3.7/site-packages/airflow/example_dags/example_latest_only_with_trigger.py for tasks to queue
[2023-07-05T12:53:39.346+0000] {logging_mixin.py:149} INFO - [2023-07-05T12:53:39.346+0000] {dagbag.py:541} INFO - Filling up the DagBag from /home/airflow/.local/lib/python3.7/site-packages/airflow/example_dags/example_latest_only_with_trigger.py
[2023-07-05T12:53:39.354+0000] {processor.py:836} INFO - DAG(s) dict_keys(['latest_only_with_trigger']) retrieved from /home/airflow/.local/lib/python3.7/site-packages/airflow/example_dags/example_latest_only_with_trigger.py
[2023-07-05T12:53:39.395+0000] {logging_mixin.py:149} INFO - [2023-07-05T12:53:39.395+0000] {dag.py:2726} INFO - Sync 1 DAGs
[2023-07-05T12:53:39.441+0000] {logging_mixin.py:149} INFO - [2023-07-05T12:53:39.441+0000] {dag.py:3490} INFO - Setting next_dagrun for latest_only_with_trigger to 2023-07-05T08:53:39.440671+00:00, run_after=2023-07-05T12:53:39.440671+00:00
[2023-07-05T12:53:39.476+0000] {processor.py:179} INFO - Processing /home/airflow/.local/lib/python3.7/site-packages/airflow/example_dags/example_latest_only_with_trigger.py took 0.136 seconds
[2023-07-05T12:54:10.953+0000] {processor.py:157} INFO - Started process (PID=523) to work on /home/airflow/.local/lib/python3.7/site-packages/airflow/example_dags/example_latest_only_with_trigger.py
[2023-07-05T12:54:10.955+0000] {processor.py:826} INFO - Processing file /home/airflow/.local/lib/python3.7/site-packages/airflow/example_dags/example_latest_only_with_trigger.py for tasks to queue
[2023-07-05T12:54:10.956+0000] {logging_mixin.py:149} INFO - [2023-07-05T12:54:10.956+0000] {dagbag.py:541} INFO - Filling up the DagBag from /home/airflow/.local/lib/python3.7/site-packages/airflow/example_dags/example_latest_only_with_trigger.py
[2023-07-05T12:54:10.965+0000] {processor.py:836} INFO - DAG(s) dict_keys(['latest_only_with_trigger']) retrieved from /home/airflow/.local/lib/python3.7/site-packages/airflow/example_dags/example_latest_only_with_trigger.py
[2023-07-05T12:54:11.000+0000] {logging_mixin.py:149} INFO - [2023-07-05T12:54:10.999+0000] {dag.py:2726} INFO - Sync 1 DAGs
[2023-07-05T12:54:11.190+0000] {logging_mixin.py:149} INFO - [2023-07-05T12:54:11.190+0000] {dag.py:3490} INFO - Setting next_dagrun for latest_only_with_trigger to 2023-07-05T08:54:11.189729+00:00, run_after=2023-07-05T12:54:11.189729+00:00
[2023-07-05T12:54:11.216+0000] {processor.py:179} INFO - Processing /home/airflow/.local/lib/python3.7/site-packages/airflow/example_dags/example_latest_only_with_trigger.py took 0.268 seconds
[2023-07-05T12:54:41.386+0000] {processor.py:157} INFO - Started process (PID=580) to work on /home/airflow/.local/lib/python3.7/site-packages/airflow/example_dags/example_latest_only_with_trigger.py
[2023-07-05T12:54:41.386+0000] {processor.py:826} INFO - Processing file /home/airflow/.local/lib/python3.7/site-packages/airflow/example_dags/example_latest_only_with_trigger.py for tasks to queue
[2023-07-05T12:54:41.387+0000] {logging_mixin.py:149} INFO - [2023-07-05T12:54:41.387+0000] {dagbag.py:541} INFO - Filling up the DagBag from /home/airflow/.local/lib/python3.7/site-packages/airflow/example_dags/example_latest_only_with_trigger.py
[2023-07-05T12:54:41.395+0000] {processor.py:836} INFO - DAG(s) dict_keys(['latest_only_with_trigger']) retrieved from /home/airflow/.local/lib/python3.7/site-packages/airflow/example_dags/example_latest_only_with_trigger.py
[2023-07-05T12:54:41.427+0000] {logging_mixin.py:149} INFO - [2023-07-05T12:54:41.426+0000] {dag.py:2726} INFO - Sync 1 DAGs
[2023-07-05T12:54:41.466+0000] {logging_mixin.py:149} INFO - [2023-07-05T12:54:41.465+0000] {dag.py:3490} INFO - Setting next_dagrun for latest_only_with_trigger to 2023-07-05T08:54:41.465493+00:00, run_after=2023-07-05T12:54:41.465493+00:00
[2023-07-05T12:54:41.498+0000] {processor.py:179} INFO - Processing /home/airflow/.local/lib/python3.7/site-packages/airflow/example_dags/example_latest_only_with_trigger.py took 0.116 seconds
[2023-07-05T12:55:12.498+0000] {processor.py:157} INFO - Started process (PID=636) to work on /home/airflow/.local/lib/python3.7/site-packages/airflow/example_dags/example_latest_only_with_trigger.py
[2023-07-05T12:55:12.499+0000] {processor.py:826} INFO - Processing file /home/airflow/.local/lib/python3.7/site-packages/airflow/example_dags/example_latest_only_with_trigger.py for tasks to queue
[2023-07-05T12:55:12.500+0000] {logging_mixin.py:149} INFO - [2023-07-05T12:55:12.500+0000] {dagbag.py:541} INFO - Filling up the DagBag from /home/airflow/.local/lib/python3.7/site-packages/airflow/example_dags/example_latest_only_with_trigger.py
[2023-07-05T12:55:12.508+0000] {processor.py:836} INFO - DAG(s) dict_keys(['latest_only_with_trigger']) retrieved from /home/airflow/.local/lib/python3.7/site-packages/airflow/example_dags/example_latest_only_with_trigger.py
[2023-07-05T12:55:12.677+0000] {logging_mixin.py:149} INFO - [2023-07-05T12:55:12.676+0000] {dag.py:2726} INFO - Sync 1 DAGs
[2023-07-05T12:55:12.707+0000] {logging_mixin.py:149} INFO - [2023-07-05T12:55:12.707+0000] {dag.py:3490} INFO - Setting next_dagrun for latest_only_with_trigger to 2023-07-05T08:55:12.706790+00:00, run_after=2023-07-05T12:55:12.706790+00:00
[2023-07-05T12:55:12.732+0000] {processor.py:179} INFO - Processing /home/airflow/.local/lib/python3.7/site-packages/airflow/example_dags/example_latest_only_with_trigger.py took 0.237 seconds
[2023-07-05T12:55:43.884+0000] {processor.py:157} INFO - Started process (PID=694) to work on /home/airflow/.local/lib/python3.7/site-packages/airflow/example_dags/example_latest_only_with_trigger.py
[2023-07-05T12:55:43.886+0000] {processor.py:826} INFO - Processing file /home/airflow/.local/lib/python3.7/site-packages/airflow/example_dags/example_latest_only_with_trigger.py for tasks to queue
[2023-07-05T12:55:43.887+0000] {logging_mixin.py:149} INFO - [2023-07-05T12:55:43.886+0000] {dagbag.py:541} INFO - Filling up the DagBag from /home/airflow/.local/lib/python3.7/site-packages/airflow/example_dags/example_latest_only_with_trigger.py
[2023-07-05T12:55:43.894+0000] {processor.py:836} INFO - DAG(s) dict_keys(['latest_only_with_trigger']) retrieved from /home/airflow/.local/lib/python3.7/site-packages/airflow/example_dags/example_latest_only_with_trigger.py
[2023-07-05T12:55:43.931+0000] {logging_mixin.py:149} INFO - [2023-07-05T12:55:43.930+0000] {dag.py:2726} INFO - Sync 1 DAGs
[2023-07-05T12:55:44.128+0000] {logging_mixin.py:149} INFO - [2023-07-05T12:55:44.127+0000] {dag.py:3490} INFO - Setting next_dagrun for latest_only_with_trigger to 2023-07-05T08:55:44.127325+00:00, run_after=2023-07-05T12:55:44.127325+00:00
[2023-07-05T12:55:44.173+0000] {processor.py:179} INFO - Processing /home/airflow/.local/lib/python3.7/site-packages/airflow/example_dags/example_latest_only_with_trigger.py took 0.292 seconds
[2023-07-05T12:56:14.734+0000] {processor.py:157} INFO - Started process (PID=751) to work on /home/airflow/.local/lib/python3.7/site-packages/airflow/example_dags/example_latest_only_with_trigger.py
[2023-07-05T12:56:14.735+0000] {processor.py:826} INFO - Processing file /home/airflow/.local/lib/python3.7/site-packages/airflow/example_dags/example_latest_only_with_trigger.py for tasks to queue
[2023-07-05T12:56:14.736+0000] {logging_mixin.py:149} INFO - [2023-07-05T12:56:14.736+0000] {dagbag.py:541} INFO - Filling up the DagBag from /home/airflow/.local/lib/python3.7/site-packages/airflow/example_dags/example_latest_only_with_trigger.py
[2023-07-05T12:56:14.890+0000] {processor.py:836} INFO - DAG(s) dict_keys(['latest_only_with_trigger']) retrieved from /home/airflow/.local/lib/python3.7/site-packages/airflow/example_dags/example_latest_only_with_trigger.py
[2023-07-05T12:56:14.923+0000] {logging_mixin.py:149} INFO - [2023-07-05T12:56:14.923+0000] {dag.py:2726} INFO - Sync 1 DAGs
[2023-07-05T12:56:14.964+0000] {logging_mixin.py:149} INFO - [2023-07-05T12:56:14.963+0000] {dag.py:3490} INFO - Setting next_dagrun for latest_only_with_trigger to 2023-07-05T08:56:14.963386+00:00, run_after=2023-07-05T12:56:14.963386+00:00
[2023-07-05T12:56:14.994+0000] {processor.py:179} INFO - Processing /home/airflow/.local/lib/python3.7/site-packages/airflow/example_dags/example_latest_only_with_trigger.py took 0.264 seconds
[2023-07-05T12:56:45.682+0000] {processor.py:157} INFO - Started process (PID=807) to work on /home/airflow/.local/lib/python3.7/site-packages/airflow/example_dags/example_latest_only_with_trigger.py
[2023-07-05T12:56:45.683+0000] {processor.py:826} INFO - Processing file /home/airflow/.local/lib/python3.7/site-packages/airflow/example_dags/example_latest_only_with_trigger.py for tasks to queue
[2023-07-05T12:56:45.683+0000] {logging_mixin.py:149} INFO - [2023-07-05T12:56:45.683+0000] {dagbag.py:541} INFO - Filling up the DagBag from /home/airflow/.local/lib/python3.7/site-packages/airflow/example_dags/example_latest_only_with_trigger.py
[2023-07-05T12:56:45.689+0000] {processor.py:836} INFO - DAG(s) dict_keys(['latest_only_with_trigger']) retrieved from /home/airflow/.local/lib/python3.7/site-packages/airflow/example_dags/example_latest_only_with_trigger.py
[2023-07-05T12:56:45.719+0000] {logging_mixin.py:149} INFO - [2023-07-05T12:56:45.718+0000] {dag.py:2726} INFO - Sync 1 DAGs
[2023-07-05T12:56:45.755+0000] {logging_mixin.py:149} INFO - [2023-07-05T12:56:45.755+0000] {dag.py:3490} INFO - Setting next_dagrun for latest_only_with_trigger to 2023-07-05T08:56:45.754883+00:00, run_after=2023-07-05T12:56:45.754883+00:00
[2023-07-05T12:56:45.778+0000] {processor.py:179} INFO - Processing /home/airflow/.local/lib/python3.7/site-packages/airflow/example_dags/example_latest_only_with_trigger.py took 0.100 seconds
[2023-07-05T12:57:15.894+0000] {processor.py:157} INFO - Started process (PID=862) to work on /home/airflow/.local/lib/python3.7/site-packages/airflow/example_dags/example_latest_only_with_trigger.py
[2023-07-05T12:57:15.896+0000] {processor.py:826} INFO - Processing file /home/airflow/.local/lib/python3.7/site-packages/airflow/example_dags/example_latest_only_with_trigger.py for tasks to queue
[2023-07-05T12:57:15.897+0000] {logging_mixin.py:149} INFO - [2023-07-05T12:57:15.897+0000] {dagbag.py:541} INFO - Filling up the DagBag from /home/airflow/.local/lib/python3.7/site-packages/airflow/example_dags/example_latest_only_with_trigger.py
[2023-07-05T12:57:15.907+0000] {processor.py:836} INFO - DAG(s) dict_keys(['latest_only_with_trigger']) retrieved from /home/airflow/.local/lib/python3.7/site-packages/airflow/example_dags/example_latest_only_with_trigger.py
[2023-07-05T12:57:15.941+0000] {logging_mixin.py:149} INFO - [2023-07-05T12:57:15.940+0000] {dag.py:2726} INFO - Sync 1 DAGs
[2023-07-05T12:57:15.975+0000] {logging_mixin.py:149} INFO - [2023-07-05T12:57:15.974+0000] {dag.py:3490} INFO - Setting next_dagrun for latest_only_with_trigger to 2023-07-05T08:57:15.974664+00:00, run_after=2023-07-05T12:57:15.974664+00:00
[2023-07-05T12:57:15.997+0000] {processor.py:179} INFO - Processing /home/airflow/.local/lib/python3.7/site-packages/airflow/example_dags/example_latest_only_with_trigger.py took 0.108 seconds
[2023-07-05T12:57:46.140+0000] {processor.py:157} INFO - Started process (PID=919) to work on /home/airflow/.local/lib/python3.7/site-packages/airflow/example_dags/example_latest_only_with_trigger.py
[2023-07-05T12:57:46.141+0000] {processor.py:826} INFO - Processing file /home/airflow/.local/lib/python3.7/site-packages/airflow/example_dags/example_latest_only_with_trigger.py for tasks to queue
[2023-07-05T12:57:46.142+0000] {logging_mixin.py:149} INFO - [2023-07-05T12:57:46.142+0000] {dagbag.py:541} INFO - Filling up the DagBag from /home/airflow/.local/lib/python3.7/site-packages/airflow/example_dags/example_latest_only_with_trigger.py
[2023-07-05T12:57:46.149+0000] {processor.py:836} INFO - DAG(s) dict_keys(['latest_only_with_trigger']) retrieved from /home/airflow/.local/lib/python3.7/site-packages/airflow/example_dags/example_latest_only_with_trigger.py
[2023-07-05T12:57:46.182+0000] {logging_mixin.py:149} INFO - [2023-07-05T12:57:46.182+0000] {dag.py:2726} INFO - Sync 1 DAGs
[2023-07-05T12:57:46.221+0000] {logging_mixin.py:149} INFO - [2023-07-05T12:57:46.220+0000] {dag.py:3490} INFO - Setting next_dagrun for latest_only_with_trigger to 2023-07-05T08:57:46.220517+00:00, run_after=2023-07-05T12:57:46.220517+00:00
[2023-07-05T12:57:46.255+0000] {processor.py:179} INFO - Processing /home/airflow/.local/lib/python3.7/site-packages/airflow/example_dags/example_latest_only_with_trigger.py took 0.119 seconds
[2023-07-05T12:58:16.554+0000] {processor.py:157} INFO - Started process (PID=975) to work on /home/airflow/.local/lib/python3.7/site-packages/airflow/example_dags/example_latest_only_with_trigger.py
[2023-07-05T12:58:16.556+0000] {processor.py:826} INFO - Processing file /home/airflow/.local/lib/python3.7/site-packages/airflow/example_dags/example_latest_only_with_trigger.py for tasks to queue
[2023-07-05T12:58:16.557+0000] {logging_mixin.py:149} INFO - [2023-07-05T12:58:16.557+0000] {dagbag.py:541} INFO - Filling up the DagBag from /home/airflow/.local/lib/python3.7/site-packages/airflow/example_dags/example_latest_only_with_trigger.py
[2023-07-05T12:58:16.566+0000] {processor.py:836} INFO - DAG(s) dict_keys(['latest_only_with_trigger']) retrieved from /home/airflow/.local/lib/python3.7/site-packages/airflow/example_dags/example_latest_only_with_trigger.py
[2023-07-05T12:58:16.603+0000] {logging_mixin.py:149} INFO - [2023-07-05T12:58:16.603+0000] {dag.py:2726} INFO - Sync 1 DAGs
[2023-07-05T12:58:16.650+0000] {logging_mixin.py:149} INFO - [2023-07-05T12:58:16.650+0000] {dag.py:3490} INFO - Setting next_dagrun for latest_only_with_trigger to 2023-07-05T08:58:16.649886+00:00, run_after=2023-07-05T12:58:16.649886+00:00
[2023-07-05T12:58:16.675+0000] {processor.py:179} INFO - Processing /home/airflow/.local/lib/python3.7/site-packages/airflow/example_dags/example_latest_only_with_trigger.py took 0.125 seconds
[2023-07-05T12:58:46.832+0000] {processor.py:157} INFO - Started process (PID=1032) to work on /home/airflow/.local/lib/python3.7/site-packages/airflow/example_dags/example_latest_only_with_trigger.py
[2023-07-05T12:58:46.833+0000] {processor.py:826} INFO - Processing file /home/airflow/.local/lib/python3.7/site-packages/airflow/example_dags/example_latest_only_with_trigger.py for tasks to queue
[2023-07-05T12:58:46.833+0000] {logging_mixin.py:149} INFO - [2023-07-05T12:58:46.833+0000] {dagbag.py:541} INFO - Filling up the DagBag from /home/airflow/.local/lib/python3.7/site-packages/airflow/example_dags/example_latest_only_with_trigger.py
[2023-07-05T12:58:46.842+0000] {processor.py:836} INFO - DAG(s) dict_keys(['latest_only_with_trigger']) retrieved from /home/airflow/.local/lib/python3.7/site-packages/airflow/example_dags/example_latest_only_with_trigger.py
[2023-07-05T12:58:46.881+0000] {logging_mixin.py:149} INFO - [2023-07-05T12:58:46.881+0000] {dag.py:2726} INFO - Sync 1 DAGs
[2023-07-05T12:58:46.920+0000] {logging_mixin.py:149} INFO - [2023-07-05T12:58:46.919+0000] {dag.py:3490} INFO - Setting next_dagrun for latest_only_with_trigger to 2023-07-05T08:58:46.919277+00:00, run_after=2023-07-05T12:58:46.919277+00:00
[2023-07-05T12:58:46.951+0000] {processor.py:179} INFO - Processing /home/airflow/.local/lib/python3.7/site-packages/airflow/example_dags/example_latest_only_with_trigger.py took 0.124 seconds
[2023-07-05T12:59:17.254+0000] {processor.py:157} INFO - Started process (PID=1094) to work on /home/airflow/.local/lib/python3.7/site-packages/airflow/example_dags/example_latest_only_with_trigger.py
[2023-07-05T12:59:17.255+0000] {processor.py:826} INFO - Processing file /home/airflow/.local/lib/python3.7/site-packages/airflow/example_dags/example_latest_only_with_trigger.py for tasks to queue
[2023-07-05T12:59:17.256+0000] {logging_mixin.py:149} INFO - [2023-07-05T12:59:17.256+0000] {dagbag.py:541} INFO - Filling up the DagBag from /home/airflow/.local/lib/python3.7/site-packages/airflow/example_dags/example_latest_only_with_trigger.py
[2023-07-05T12:59:17.266+0000] {processor.py:836} INFO - DAG(s) dict_keys(['latest_only_with_trigger']) retrieved from /home/airflow/.local/lib/python3.7/site-packages/airflow/example_dags/example_latest_only_with_trigger.py
[2023-07-05T12:59:17.304+0000] {logging_mixin.py:149} INFO - [2023-07-05T12:59:17.304+0000] {dag.py:2726} INFO - Sync 1 DAGs
[2023-07-05T12:59:17.345+0000] {logging_mixin.py:149} INFO - [2023-07-05T12:59:17.344+0000] {dag.py:3490} INFO - Setting next_dagrun for latest_only_with_trigger to 2023-07-05T08:59:17.344436+00:00, run_after=2023-07-05T12:59:17.344436+00:00
[2023-07-05T12:59:17.378+0000] {processor.py:179} INFO - Processing /home/airflow/.local/lib/python3.7/site-packages/airflow/example_dags/example_latest_only_with_trigger.py took 0.133 seconds
[2023-07-05T12:59:47.647+0000] {processor.py:157} INFO - Started process (PID=1152) to work on /home/airflow/.local/lib/python3.7/site-packages/airflow/example_dags/example_latest_only_with_trigger.py
[2023-07-05T12:59:47.647+0000] {processor.py:826} INFO - Processing file /home/airflow/.local/lib/python3.7/site-packages/airflow/example_dags/example_latest_only_with_trigger.py for tasks to queue
[2023-07-05T12:59:47.648+0000] {logging_mixin.py:149} INFO - [2023-07-05T12:59:47.648+0000] {dagbag.py:541} INFO - Filling up the DagBag from /home/airflow/.local/lib/python3.7/site-packages/airflow/example_dags/example_latest_only_with_trigger.py
[2023-07-05T12:59:47.655+0000] {processor.py:836} INFO - DAG(s) dict_keys(['latest_only_with_trigger']) retrieved from /home/airflow/.local/lib/python3.7/site-packages/airflow/example_dags/example_latest_only_with_trigger.py
[2023-07-05T12:59:47.684+0000] {logging_mixin.py:149} INFO - [2023-07-05T12:59:47.684+0000] {dag.py:2726} INFO - Sync 1 DAGs
[2023-07-05T12:59:47.718+0000] {logging_mixin.py:149} INFO - [2023-07-05T12:59:47.718+0000] {dag.py:3490} INFO - Setting next_dagrun for latest_only_with_trigger to 2023-07-05T08:59:47.718115+00:00, run_after=2023-07-05T12:59:47.718115+00:00
[2023-07-05T12:59:47.744+0000] {processor.py:179} INFO - Processing /home/airflow/.local/lib/python3.7/site-packages/airflow/example_dags/example_latest_only_with_trigger.py took 0.101 seconds
[2023-07-05T13:00:18.432+0000] {processor.py:157} INFO - Started process (PID=1209) to work on /home/airflow/.local/lib/python3.7/site-packages/airflow/example_dags/example_latest_only_with_trigger.py
[2023-07-05T13:00:18.434+0000] {processor.py:826} INFO - Processing file /home/airflow/.local/lib/python3.7/site-packages/airflow/example_dags/example_latest_only_with_trigger.py for tasks to queue
[2023-07-05T13:00:18.435+0000] {logging_mixin.py:149} INFO - [2023-07-05T13:00:18.435+0000] {dagbag.py:541} INFO - Filling up the DagBag from /home/airflow/.local/lib/python3.7/site-packages/airflow/example_dags/example_latest_only_with_trigger.py
[2023-07-05T13:00:18.443+0000] {processor.py:836} INFO - DAG(s) dict_keys(['latest_only_with_trigger']) retrieved from /home/airflow/.local/lib/python3.7/site-packages/airflow/example_dags/example_latest_only_with_trigger.py
[2023-07-05T13:00:18.477+0000] {logging_mixin.py:149} INFO - [2023-07-05T13:00:18.477+0000] {dag.py:2726} INFO - Sync 1 DAGs
[2023-07-05T13:00:18.512+0000] {logging_mixin.py:149} INFO - [2023-07-05T13:00:18.512+0000] {dag.py:3490} INFO - Setting next_dagrun for latest_only_with_trigger to 2023-07-05T09:00:18.511953+00:00, run_after=2023-07-05T13:00:18.511953+00:00
[2023-07-05T13:00:18.541+0000] {processor.py:179} INFO - Processing /home/airflow/.local/lib/python3.7/site-packages/airflow/example_dags/example_latest_only_with_trigger.py took 0.113 seconds
[2023-07-05T13:00:48.802+0000] {processor.py:157} INFO - Started process (PID=1266) to work on /home/airflow/.local/lib/python3.7/site-packages/airflow/example_dags/example_latest_only_with_trigger.py
[2023-07-05T13:00:48.804+0000] {processor.py:826} INFO - Processing file /home/airflow/.local/lib/python3.7/site-packages/airflow/example_dags/example_latest_only_with_trigger.py for tasks to queue
[2023-07-05T13:00:48.804+0000] {logging_mixin.py:149} INFO - [2023-07-05T13:00:48.804+0000] {dagbag.py:541} INFO - Filling up the DagBag from /home/airflow/.local/lib/python3.7/site-packages/airflow/example_dags/example_latest_only_with_trigger.py
[2023-07-05T13:00:48.812+0000] {processor.py:836} INFO - DAG(s) dict_keys(['latest_only_with_trigger']) retrieved from /home/airflow/.local/lib/python3.7/site-packages/airflow/example_dags/example_latest_only_with_trigger.py
[2023-07-05T13:00:48.845+0000] {logging_mixin.py:149} INFO - [2023-07-05T13:00:48.845+0000] {dag.py:2726} INFO - Sync 1 DAGs
[2023-07-05T13:00:48.884+0000] {logging_mixin.py:149} INFO - [2023-07-05T13:00:48.883+0000] {dag.py:3490} INFO - Setting next_dagrun for latest_only_with_trigger to 2023-07-05T09:00:48.883631+00:00, run_after=2023-07-05T13:00:48.883631+00:00
[2023-07-05T13:00:48.913+0000] {processor.py:179} INFO - Processing /home/airflow/.local/lib/python3.7/site-packages/airflow/example_dags/example_latest_only_with_trigger.py took 0.115 seconds
[2023-07-05T13:01:19.057+0000] {processor.py:157} INFO - Started process (PID=1324) to work on /home/airflow/.local/lib/python3.7/site-packages/airflow/example_dags/example_latest_only_with_trigger.py
[2023-07-05T13:01:19.060+0000] {processor.py:826} INFO - Processing file /home/airflow/.local/lib/python3.7/site-packages/airflow/example_dags/example_latest_only_with_trigger.py for tasks to queue
[2023-07-05T13:01:19.061+0000] {logging_mixin.py:149} INFO - [2023-07-05T13:01:19.061+0000] {dagbag.py:541} INFO - Filling up the DagBag from /home/airflow/.local/lib/python3.7/site-packages/airflow/example_dags/example_latest_only_with_trigger.py
[2023-07-05T13:01:19.075+0000] {processor.py:836} INFO - DAG(s) dict_keys(['latest_only_with_trigger']) retrieved from /home/airflow/.local/lib/python3.7/site-packages/airflow/example_dags/example_latest_only_with_trigger.py
[2023-07-05T13:01:19.117+0000] {logging_mixin.py:149} INFO - [2023-07-05T13:01:19.117+0000] {dag.py:2726} INFO - Sync 1 DAGs
[2023-07-05T13:01:19.166+0000] {logging_mixin.py:149} INFO - [2023-07-05T13:01:19.166+0000] {dag.py:3490} INFO - Setting next_dagrun for latest_only_with_trigger to 2023-07-05T09:01:19.166075+00:00, run_after=2023-07-05T13:01:19.166075+00:00
[2023-07-05T13:01:19.241+0000] {processor.py:179} INFO - Processing /home/airflow/.local/lib/python3.7/site-packages/airflow/example_dags/example_latest_only_with_trigger.py took 0.189 seconds
[2023-07-05T13:01:49.331+0000] {processor.py:157} INFO - Started process (PID=1381) to work on /home/airflow/.local/lib/python3.7/site-packages/airflow/example_dags/example_latest_only_with_trigger.py
[2023-07-05T13:01:49.333+0000] {processor.py:826} INFO - Processing file /home/airflow/.local/lib/python3.7/site-packages/airflow/example_dags/example_latest_only_with_trigger.py for tasks to queue
[2023-07-05T13:01:49.334+0000] {logging_mixin.py:149} INFO - [2023-07-05T13:01:49.334+0000] {dagbag.py:541} INFO - Filling up the DagBag from /home/airflow/.local/lib/python3.7/site-packages/airflow/example_dags/example_latest_only_with_trigger.py
[2023-07-05T13:01:49.343+0000] {processor.py:836} INFO - DAG(s) dict_keys(['latest_only_with_trigger']) retrieved from /home/airflow/.local/lib/python3.7/site-packages/airflow/example_dags/example_latest_only_with_trigger.py
[2023-07-05T13:01:49.376+0000] {logging_mixin.py:149} INFO - [2023-07-05T13:01:49.376+0000] {dag.py:2726} INFO - Sync 1 DAGs
[2023-07-05T13:01:49.417+0000] {logging_mixin.py:149} INFO - [2023-07-05T13:01:49.417+0000] {dag.py:3490} INFO - Setting next_dagrun for latest_only_with_trigger to 2023-07-05T09:01:49.417021+00:00, run_after=2023-07-05T13:01:49.417021+00:00
[2023-07-05T13:01:49.441+0000] {processor.py:179} INFO - Processing /home/airflow/.local/lib/python3.7/site-packages/airflow/example_dags/example_latest_only_with_trigger.py took 0.115 seconds
[2023-07-05T13:02:19.600+0000] {processor.py:157} INFO - Started process (PID=1438) to work on /home/airflow/.local/lib/python3.7/site-packages/airflow/example_dags/example_latest_only_with_trigger.py
[2023-07-05T13:02:19.603+0000] {processor.py:826} INFO - Processing file /home/airflow/.local/lib/python3.7/site-packages/airflow/example_dags/example_latest_only_with_trigger.py for tasks to queue
[2023-07-05T13:02:19.604+0000] {logging_mixin.py:149} INFO - [2023-07-05T13:02:19.604+0000] {dagbag.py:541} INFO - Filling up the DagBag from /home/airflow/.local/lib/python3.7/site-packages/airflow/example_dags/example_latest_only_with_trigger.py
[2023-07-05T13:02:19.617+0000] {processor.py:836} INFO - DAG(s) dict_keys(['latest_only_with_trigger']) retrieved from /home/airflow/.local/lib/python3.7/site-packages/airflow/example_dags/example_latest_only_with_trigger.py
[2023-07-05T13:02:19.653+0000] {logging_mixin.py:149} INFO - [2023-07-05T13:02:19.652+0000] {dag.py:2726} INFO - Sync 1 DAGs
[2023-07-05T13:02:19.690+0000] {logging_mixin.py:149} INFO - [2023-07-05T13:02:19.690+0000] {dag.py:3490} INFO - Setting next_dagrun for latest_only_with_trigger to 2023-07-05T09:02:19.690279+00:00, run_after=2023-07-05T13:02:19.690279+00:00
[2023-07-05T13:02:19.717+0000] {processor.py:179} INFO - Processing /home/airflow/.local/lib/python3.7/site-packages/airflow/example_dags/example_latest_only_with_trigger.py took 0.121 seconds
[2023-07-05T13:02:49.883+0000] {processor.py:157} INFO - Started process (PID=1495) to work on /home/airflow/.local/lib/python3.7/site-packages/airflow/example_dags/example_latest_only_with_trigger.py
[2023-07-05T13:02:49.885+0000] {processor.py:826} INFO - Processing file /home/airflow/.local/lib/python3.7/site-packages/airflow/example_dags/example_latest_only_with_trigger.py for tasks to queue
[2023-07-05T13:02:49.886+0000] {logging_mixin.py:149} INFO - [2023-07-05T13:02:49.885+0000] {dagbag.py:541} INFO - Filling up the DagBag from /home/airflow/.local/lib/python3.7/site-packages/airflow/example_dags/example_latest_only_with_trigger.py
[2023-07-05T13:02:49.892+0000] {processor.py:836} INFO - DAG(s) dict_keys(['latest_only_with_trigger']) retrieved from /home/airflow/.local/lib/python3.7/site-packages/airflow/example_dags/example_latest_only_with_trigger.py
[2023-07-05T13:02:49.920+0000] {logging_mixin.py:149} INFO - [2023-07-05T13:02:49.920+0000] {dag.py:2726} INFO - Sync 1 DAGs
[2023-07-05T13:02:49.968+0000] {logging_mixin.py:149} INFO - [2023-07-05T13:02:49.968+0000] {dag.py:3490} INFO - Setting next_dagrun for latest_only_with_trigger to 2023-07-05T09:02:49.967802+00:00, run_after=2023-07-05T13:02:49.967802+00:00
[2023-07-05T13:02:49.991+0000] {processor.py:179} INFO - Processing /home/airflow/.local/lib/python3.7/site-packages/airflow/example_dags/example_latest_only_with_trigger.py took 0.111 seconds
[2023-07-05T13:03:20.247+0000] {processor.py:157} INFO - Started process (PID=1552) to work on /home/airflow/.local/lib/python3.7/site-packages/airflow/example_dags/example_latest_only_with_trigger.py
[2023-07-05T13:03:20.248+0000] {processor.py:826} INFO - Processing file /home/airflow/.local/lib/python3.7/site-packages/airflow/example_dags/example_latest_only_with_trigger.py for tasks to queue
[2023-07-05T13:03:20.249+0000] {logging_mixin.py:149} INFO - [2023-07-05T13:03:20.249+0000] {dagbag.py:541} INFO - Filling up the DagBag from /home/airflow/.local/lib/python3.7/site-packages/airflow/example_dags/example_latest_only_with_trigger.py
[2023-07-05T13:03:20.258+0000] {processor.py:836} INFO - DAG(s) dict_keys(['latest_only_with_trigger']) retrieved from /home/airflow/.local/lib/python3.7/site-packages/airflow/example_dags/example_latest_only_with_trigger.py
[2023-07-05T13:03:20.289+0000] {logging_mixin.py:149} INFO - [2023-07-05T13:03:20.289+0000] {dag.py:2726} INFO - Sync 1 DAGs
[2023-07-05T13:03:20.323+0000] {logging_mixin.py:149} INFO - [2023-07-05T13:03:20.323+0000] {dag.py:3490} INFO - Setting next_dagrun for latest_only_with_trigger to 2023-07-05T09:03:20.322923+00:00, run_after=2023-07-05T13:03:20.322923+00:00
[2023-07-05T13:03:20.347+0000] {processor.py:179} INFO - Processing /home/airflow/.local/lib/python3.7/site-packages/airflow/example_dags/example_latest_only_with_trigger.py took 0.104 seconds
[2023-07-05T13:03:50.624+0000] {processor.py:157} INFO - Started process (PID=1609) to work on /home/airflow/.local/lib/python3.7/site-packages/airflow/example_dags/example_latest_only_with_trigger.py
[2023-07-05T13:03:50.625+0000] {processor.py:826} INFO - Processing file /home/airflow/.local/lib/python3.7/site-packages/airflow/example_dags/example_latest_only_with_trigger.py for tasks to queue
[2023-07-05T13:03:50.626+0000] {logging_mixin.py:149} INFO - [2023-07-05T13:03:50.626+0000] {dagbag.py:541} INFO - Filling up the DagBag from /home/airflow/.local/lib/python3.7/site-packages/airflow/example_dags/example_latest_only_with_trigger.py
[2023-07-05T13:03:50.633+0000] {processor.py:836} INFO - DAG(s) dict_keys(['latest_only_with_trigger']) retrieved from /home/airflow/.local/lib/python3.7/site-packages/airflow/example_dags/example_latest_only_with_trigger.py
[2023-07-05T13:03:50.662+0000] {logging_mixin.py:149} INFO - [2023-07-05T13:03:50.662+0000] {dag.py:2726} INFO - Sync 1 DAGs
[2023-07-05T13:03:50.700+0000] {logging_mixin.py:149} INFO - [2023-07-05T13:03:50.699+0000] {dag.py:3490} INFO - Setting next_dagrun for latest_only_with_trigger to 2023-07-05T09:03:50.699527+00:00, run_after=2023-07-05T13:03:50.699527+00:00
[2023-07-05T13:03:50.726+0000] {processor.py:179} INFO - Processing /home/airflow/.local/lib/python3.7/site-packages/airflow/example_dags/example_latest_only_with_trigger.py took 0.106 seconds
[2023-07-05T13:04:20.978+0000] {processor.py:157} INFO - Started process (PID=1665) to work on /home/airflow/.local/lib/python3.7/site-packages/airflow/example_dags/example_latest_only_with_trigger.py
[2023-07-05T13:04:20.980+0000] {processor.py:826} INFO - Processing file /home/airflow/.local/lib/python3.7/site-packages/airflow/example_dags/example_latest_only_with_trigger.py for tasks to queue
[2023-07-05T13:04:20.980+0000] {logging_mixin.py:149} INFO - [2023-07-05T13:04:20.980+0000] {dagbag.py:541} INFO - Filling up the DagBag from /home/airflow/.local/lib/python3.7/site-packages/airflow/example_dags/example_latest_only_with_trigger.py
[2023-07-05T13:04:20.988+0000] {processor.py:836} INFO - DAG(s) dict_keys(['latest_only_with_trigger']) retrieved from /home/airflow/.local/lib/python3.7/site-packages/airflow/example_dags/example_latest_only_with_trigger.py
[2023-07-05T13:04:21.025+0000] {logging_mixin.py:149} INFO - [2023-07-05T13:04:21.025+0000] {dag.py:2726} INFO - Sync 1 DAGs
[2023-07-05T13:04:21.065+0000] {logging_mixin.py:149} INFO - [2023-07-05T13:04:21.065+0000] {dag.py:3490} INFO - Setting next_dagrun for latest_only_with_trigger to 2023-07-05T09:04:21.065151+00:00, run_after=2023-07-05T13:04:21.065151+00:00
[2023-07-05T13:04:21.090+0000] {processor.py:179} INFO - Processing /home/airflow/.local/lib/python3.7/site-packages/airflow/example_dags/example_latest_only_with_trigger.py took 0.115 seconds
[2023-07-05T13:04:51.149+0000] {processor.py:157} INFO - Started process (PID=1722) to work on /home/airflow/.local/lib/python3.7/site-packages/airflow/example_dags/example_latest_only_with_trigger.py
[2023-07-05T13:04:51.150+0000] {processor.py:826} INFO - Processing file /home/airflow/.local/lib/python3.7/site-packages/airflow/example_dags/example_latest_only_with_trigger.py for tasks to queue
[2023-07-05T13:04:51.151+0000] {logging_mixin.py:149} INFO - [2023-07-05T13:04:51.151+0000] {dagbag.py:541} INFO - Filling up the DagBag from /home/airflow/.local/lib/python3.7/site-packages/airflow/example_dags/example_latest_only_with_trigger.py
[2023-07-05T13:04:51.158+0000] {processor.py:836} INFO - DAG(s) dict_keys(['latest_only_with_trigger']) retrieved from /home/airflow/.local/lib/python3.7/site-packages/airflow/example_dags/example_latest_only_with_trigger.py
[2023-07-05T13:04:51.197+0000] {logging_mixin.py:149} INFO - [2023-07-05T13:04:51.197+0000] {dag.py:2726} INFO - Sync 1 DAGs
[2023-07-05T13:04:51.228+0000] {logging_mixin.py:149} INFO - [2023-07-05T13:04:51.228+0000] {dag.py:3490} INFO - Setting next_dagrun for latest_only_with_trigger to 2023-07-05T09:04:51.228374+00:00, run_after=2023-07-05T13:04:51.228374+00:00
[2023-07-05T13:04:51.252+0000] {processor.py:179} INFO - Processing /home/airflow/.local/lib/python3.7/site-packages/airflow/example_dags/example_latest_only_with_trigger.py took 0.108 seconds
[2023-07-05T13:05:21.534+0000] {processor.py:157} INFO - Started process (PID=1780) to work on /home/airflow/.local/lib/python3.7/site-packages/airflow/example_dags/example_latest_only_with_trigger.py
[2023-07-05T13:05:21.536+0000] {processor.py:826} INFO - Processing file /home/airflow/.local/lib/python3.7/site-packages/airflow/example_dags/example_latest_only_with_trigger.py for tasks to queue
[2023-07-05T13:05:21.537+0000] {logging_mixin.py:149} INFO - [2023-07-05T13:05:21.537+0000] {dagbag.py:541} INFO - Filling up the DagBag from /home/airflow/.local/lib/python3.7/site-packages/airflow/example_dags/example_latest_only_with_trigger.py
[2023-07-05T13:05:21.544+0000] {processor.py:836} INFO - DAG(s) dict_keys(['latest_only_with_trigger']) retrieved from /home/airflow/.local/lib/python3.7/site-packages/airflow/example_dags/example_latest_only_with_trigger.py
[2023-07-05T13:05:21.577+0000] {logging_mixin.py:149} INFO - [2023-07-05T13:05:21.577+0000] {dag.py:2726} INFO - Sync 1 DAGs
[2023-07-05T13:05:21.612+0000] {logging_mixin.py:149} INFO - [2023-07-05T13:05:21.612+0000] {dag.py:3490} INFO - Setting next_dagrun for latest_only_with_trigger to 2023-07-05T09:05:21.612271+00:00, run_after=2023-07-05T13:05:21.612271+00:00
[2023-07-05T13:05:21.637+0000] {processor.py:179} INFO - Processing /home/airflow/.local/lib/python3.7/site-packages/airflow/example_dags/example_latest_only_with_trigger.py took 0.108 seconds
[2023-07-05T13:05:51.902+0000] {processor.py:157} INFO - Started process (PID=1837) to work on /home/airflow/.local/lib/python3.7/site-packages/airflow/example_dags/example_latest_only_with_trigger.py
[2023-07-05T13:05:51.903+0000] {processor.py:826} INFO - Processing file /home/airflow/.local/lib/python3.7/site-packages/airflow/example_dags/example_latest_only_with_trigger.py for tasks to queue
[2023-07-05T13:05:51.904+0000] {logging_mixin.py:149} INFO - [2023-07-05T13:05:51.904+0000] {dagbag.py:541} INFO - Filling up the DagBag from /home/airflow/.local/lib/python3.7/site-packages/airflow/example_dags/example_latest_only_with_trigger.py
[2023-07-05T13:05:51.911+0000] {processor.py:836} INFO - DAG(s) dict_keys(['latest_only_with_trigger']) retrieved from /home/airflow/.local/lib/python3.7/site-packages/airflow/example_dags/example_latest_only_with_trigger.py
[2023-07-05T13:05:51.945+0000] {logging_mixin.py:149} INFO - [2023-07-05T13:05:51.944+0000] {dag.py:2726} INFO - Sync 1 DAGs
[2023-07-05T13:05:51.986+0000] {logging_mixin.py:149} INFO - [2023-07-05T13:05:51.985+0000] {dag.py:3490} INFO - Setting next_dagrun for latest_only_with_trigger to 2023-07-05T09:05:51.985449+00:00, run_after=2023-07-05T13:05:51.985449+00:00
[2023-07-05T13:05:52.014+0000] {processor.py:179} INFO - Processing /home/airflow/.local/lib/python3.7/site-packages/airflow/example_dags/example_latest_only_with_trigger.py took 0.116 seconds
[2023-07-05T13:06:22.464+0000] {processor.py:157} INFO - Started process (PID=1894) to work on /home/airflow/.local/lib/python3.7/site-packages/airflow/example_dags/example_latest_only_with_trigger.py
[2023-07-05T13:06:22.465+0000] {processor.py:826} INFO - Processing file /home/airflow/.local/lib/python3.7/site-packages/airflow/example_dags/example_latest_only_with_trigger.py for tasks to queue
[2023-07-05T13:06:22.466+0000] {logging_mixin.py:149} INFO - [2023-07-05T13:06:22.465+0000] {dagbag.py:541} INFO - Filling up the DagBag from /home/airflow/.local/lib/python3.7/site-packages/airflow/example_dags/example_latest_only_with_trigger.py
[2023-07-05T13:06:22.472+0000] {processor.py:836} INFO - DAG(s) dict_keys(['latest_only_with_trigger']) retrieved from /home/airflow/.local/lib/python3.7/site-packages/airflow/example_dags/example_latest_only_with_trigger.py
[2023-07-05T13:06:22.507+0000] {logging_mixin.py:149} INFO - [2023-07-05T13:06:22.507+0000] {dag.py:2726} INFO - Sync 1 DAGs
[2023-07-05T13:06:22.547+0000] {logging_mixin.py:149} INFO - [2023-07-05T13:06:22.547+0000] {dag.py:3490} INFO - Setting next_dagrun for latest_only_with_trigger to 2023-07-05T09:06:22.546894+00:00, run_after=2023-07-05T13:06:22.546894+00:00
[2023-07-05T13:06:22.573+0000] {processor.py:179} INFO - Processing /home/airflow/.local/lib/python3.7/site-packages/airflow/example_dags/example_latest_only_with_trigger.py took 0.113 seconds
[2023-07-05T13:06:52.752+0000] {processor.py:157} INFO - Started process (PID=1951) to work on /home/airflow/.local/lib/python3.7/site-packages/airflow/example_dags/example_latest_only_with_trigger.py
[2023-07-05T13:06:52.753+0000] {processor.py:826} INFO - Processing file /home/airflow/.local/lib/python3.7/site-packages/airflow/example_dags/example_latest_only_with_trigger.py for tasks to queue
[2023-07-05T13:06:52.754+0000] {logging_mixin.py:149} INFO - [2023-07-05T13:06:52.754+0000] {dagbag.py:541} INFO - Filling up the DagBag from /home/airflow/.local/lib/python3.7/site-packages/airflow/example_dags/example_latest_only_with_trigger.py
[2023-07-05T13:06:52.761+0000] {processor.py:836} INFO - DAG(s) dict_keys(['latest_only_with_trigger']) retrieved from /home/airflow/.local/lib/python3.7/site-packages/airflow/example_dags/example_latest_only_with_trigger.py
[2023-07-05T13:06:52.798+0000] {logging_mixin.py:149} INFO - [2023-07-05T13:06:52.798+0000] {dag.py:2726} INFO - Sync 1 DAGs
[2023-07-05T13:06:52.845+0000] {logging_mixin.py:149} INFO - [2023-07-05T13:06:52.845+0000] {dag.py:3490} INFO - Setting next_dagrun for latest_only_with_trigger to 2023-07-05T09:06:52.844901+00:00, run_after=2023-07-05T13:06:52.844901+00:00
[2023-07-05T13:06:52.884+0000] {processor.py:179} INFO - Processing /home/airflow/.local/lib/python3.7/site-packages/airflow/example_dags/example_latest_only_with_trigger.py took 0.136 seconds
[2023-07-05T13:07:23.139+0000] {processor.py:157} INFO - Started process (PID=2008) to work on /home/airflow/.local/lib/python3.7/site-packages/airflow/example_dags/example_latest_only_with_trigger.py
[2023-07-05T13:07:23.140+0000] {processor.py:826} INFO - Processing file /home/airflow/.local/lib/python3.7/site-packages/airflow/example_dags/example_latest_only_with_trigger.py for tasks to queue
[2023-07-05T13:07:23.141+0000] {logging_mixin.py:149} INFO - [2023-07-05T13:07:23.141+0000] {dagbag.py:541} INFO - Filling up the DagBag from /home/airflow/.local/lib/python3.7/site-packages/airflow/example_dags/example_latest_only_with_trigger.py
[2023-07-05T13:07:23.148+0000] {processor.py:836} INFO - DAG(s) dict_keys(['latest_only_with_trigger']) retrieved from /home/airflow/.local/lib/python3.7/site-packages/airflow/example_dags/example_latest_only_with_trigger.py
[2023-07-05T13:07:23.186+0000] {logging_mixin.py:149} INFO - [2023-07-05T13:07:23.186+0000] {dag.py:2726} INFO - Sync 1 DAGs
[2023-07-05T13:07:23.222+0000] {logging_mixin.py:149} INFO - [2023-07-05T13:07:23.222+0000] {dag.py:3490} INFO - Setting next_dagrun for latest_only_with_trigger to 2023-07-05T09:07:23.222398+00:00, run_after=2023-07-05T13:07:23.222398+00:00
[2023-07-05T13:07:23.244+0000] {processor.py:179} INFO - Processing /home/airflow/.local/lib/python3.7/site-packages/airflow/example_dags/example_latest_only_with_trigger.py took 0.109 seconds
[2023-07-05T13:07:53.415+0000] {processor.py:157} INFO - Started process (PID=2064) to work on /home/airflow/.local/lib/python3.7/site-packages/airflow/example_dags/example_latest_only_with_trigger.py
[2023-07-05T13:07:53.416+0000] {processor.py:826} INFO - Processing file /home/airflow/.local/lib/python3.7/site-packages/airflow/example_dags/example_latest_only_with_trigger.py for tasks to queue
[2023-07-05T13:07:53.417+0000] {logging_mixin.py:149} INFO - [2023-07-05T13:07:53.417+0000] {dagbag.py:541} INFO - Filling up the DagBag from /home/airflow/.local/lib/python3.7/site-packages/airflow/example_dags/example_latest_only_with_trigger.py
[2023-07-05T13:07:53.426+0000] {processor.py:836} INFO - DAG(s) dict_keys(['latest_only_with_trigger']) retrieved from /home/airflow/.local/lib/python3.7/site-packages/airflow/example_dags/example_latest_only_with_trigger.py
[2023-07-05T13:07:53.465+0000] {logging_mixin.py:149} INFO - [2023-07-05T13:07:53.465+0000] {dag.py:2726} INFO - Sync 1 DAGs
[2023-07-05T13:07:53.511+0000] {logging_mixin.py:149} INFO - [2023-07-05T13:07:53.511+0000] {dag.py:3490} INFO - Setting next_dagrun for latest_only_with_trigger to 2023-07-05T09:07:53.511296+00:00, run_after=2023-07-05T13:07:53.511296+00:00
[2023-07-05T13:07:53.545+0000] {processor.py:179} INFO - Processing /home/airflow/.local/lib/python3.7/site-packages/airflow/example_dags/example_latest_only_with_trigger.py took 0.134 seconds
[2023-07-05T13:08:23.646+0000] {processor.py:157} INFO - Started process (PID=2121) to work on /home/airflow/.local/lib/python3.7/site-packages/airflow/example_dags/example_latest_only_with_trigger.py
[2023-07-05T13:08:23.647+0000] {processor.py:826} INFO - Processing file /home/airflow/.local/lib/python3.7/site-packages/airflow/example_dags/example_latest_only_with_trigger.py for tasks to queue
[2023-07-05T13:08:23.648+0000] {logging_mixin.py:149} INFO - [2023-07-05T13:08:23.648+0000] {dagbag.py:541} INFO - Filling up the DagBag from /home/airflow/.local/lib/python3.7/site-packages/airflow/example_dags/example_latest_only_with_trigger.py
[2023-07-05T13:08:23.654+0000] {processor.py:836} INFO - DAG(s) dict_keys(['latest_only_with_trigger']) retrieved from /home/airflow/.local/lib/python3.7/site-packages/airflow/example_dags/example_latest_only_with_trigger.py
[2023-07-05T13:08:23.688+0000] {logging_mixin.py:149} INFO - [2023-07-05T13:08:23.688+0000] {dag.py:2726} INFO - Sync 1 DAGs
[2023-07-05T13:08:23.722+0000] {logging_mixin.py:149} INFO - [2023-07-05T13:08:23.722+0000] {dag.py:3490} INFO - Setting next_dagrun for latest_only_with_trigger to 2023-07-05T09:08:23.722188+00:00, run_after=2023-07-05T13:08:23.722188+00:00
[2023-07-05T13:08:23.748+0000] {processor.py:179} INFO - Processing /home/airflow/.local/lib/python3.7/site-packages/airflow/example_dags/example_latest_only_with_trigger.py took 0.106 seconds
[2023-07-05T13:08:54.220+0000] {processor.py:157} INFO - Started process (PID=2178) to work on /home/airflow/.local/lib/python3.7/site-packages/airflow/example_dags/example_latest_only_with_trigger.py
[2023-07-05T13:08:54.221+0000] {processor.py:826} INFO - Processing file /home/airflow/.local/lib/python3.7/site-packages/airflow/example_dags/example_latest_only_with_trigger.py for tasks to queue
[2023-07-05T13:08:54.222+0000] {logging_mixin.py:149} INFO - [2023-07-05T13:08:54.222+0000] {dagbag.py:541} INFO - Filling up the DagBag from /home/airflow/.local/lib/python3.7/site-packages/airflow/example_dags/example_latest_only_with_trigger.py
[2023-07-05T13:08:54.229+0000] {processor.py:836} INFO - DAG(s) dict_keys(['latest_only_with_trigger']) retrieved from /home/airflow/.local/lib/python3.7/site-packages/airflow/example_dags/example_latest_only_with_trigger.py
[2023-07-05T13:08:54.259+0000] {logging_mixin.py:149} INFO - [2023-07-05T13:08:54.259+0000] {dag.py:2726} INFO - Sync 1 DAGs
[2023-07-05T13:08:54.292+0000] {logging_mixin.py:149} INFO - [2023-07-05T13:08:54.291+0000] {dag.py:3490} INFO - Setting next_dagrun for latest_only_with_trigger to 2023-07-05T09:08:54.291518+00:00, run_after=2023-07-05T13:08:54.291518+00:00
[2023-07-05T13:08:54.316+0000] {processor.py:179} INFO - Processing /home/airflow/.local/lib/python3.7/site-packages/airflow/example_dags/example_latest_only_with_trigger.py took 0.099 seconds
[2023-07-05T13:09:24.742+0000] {processor.py:157} INFO - Started process (PID=2235) to work on /home/airflow/.local/lib/python3.7/site-packages/airflow/example_dags/example_latest_only_with_trigger.py
[2023-07-05T13:09:24.743+0000] {processor.py:826} INFO - Processing file /home/airflow/.local/lib/python3.7/site-packages/airflow/example_dags/example_latest_only_with_trigger.py for tasks to queue
[2023-07-05T13:09:24.744+0000] {logging_mixin.py:149} INFO - [2023-07-05T13:09:24.744+0000] {dagbag.py:541} INFO - Filling up the DagBag from /home/airflow/.local/lib/python3.7/site-packages/airflow/example_dags/example_latest_only_with_trigger.py
[2023-07-05T13:09:24.752+0000] {processor.py:836} INFO - DAG(s) dict_keys(['latest_only_with_trigger']) retrieved from /home/airflow/.local/lib/python3.7/site-packages/airflow/example_dags/example_latest_only_with_trigger.py
[2023-07-05T13:09:24.786+0000] {logging_mixin.py:149} INFO - [2023-07-05T13:09:24.786+0000] {dag.py:2726} INFO - Sync 1 DAGs
[2023-07-05T13:09:24.829+0000] {logging_mixin.py:149} INFO - [2023-07-05T13:09:24.829+0000] {dag.py:3490} INFO - Setting next_dagrun for latest_only_with_trigger to 2023-07-05T09:09:24.829189+00:00, run_after=2023-07-05T13:09:24.829189+00:00
[2023-07-05T13:09:24.858+0000] {processor.py:179} INFO - Processing /home/airflow/.local/lib/python3.7/site-packages/airflow/example_dags/example_latest_only_with_trigger.py took 0.120 seconds
[2023-07-05T13:09:55.238+0000] {processor.py:157} INFO - Started process (PID=2292) to work on /home/airflow/.local/lib/python3.7/site-packages/airflow/example_dags/example_latest_only_with_trigger.py
[2023-07-05T13:09:55.239+0000] {processor.py:826} INFO - Processing file /home/airflow/.local/lib/python3.7/site-packages/airflow/example_dags/example_latest_only_with_trigger.py for tasks to queue
[2023-07-05T13:09:55.240+0000] {logging_mixin.py:149} INFO - [2023-07-05T13:09:55.240+0000] {dagbag.py:541} INFO - Filling up the DagBag from /home/airflow/.local/lib/python3.7/site-packages/airflow/example_dags/example_latest_only_with_trigger.py
[2023-07-05T13:09:55.248+0000] {processor.py:836} INFO - DAG(s) dict_keys(['latest_only_with_trigger']) retrieved from /home/airflow/.local/lib/python3.7/site-packages/airflow/example_dags/example_latest_only_with_trigger.py
[2023-07-05T13:09:55.281+0000] {logging_mixin.py:149} INFO - [2023-07-05T13:09:55.280+0000] {dag.py:2726} INFO - Sync 1 DAGs
[2023-07-05T13:09:55.316+0000] {logging_mixin.py:149} INFO - [2023-07-05T13:09:55.315+0000] {dag.py:3490} INFO - Setting next_dagrun for latest_only_with_trigger to 2023-07-05T09:09:55.315583+00:00, run_after=2023-07-05T13:09:55.315583+00:00
[2023-07-05T13:09:55.370+0000] {processor.py:179} INFO - Processing /home/airflow/.local/lib/python3.7/site-packages/airflow/example_dags/example_latest_only_with_trigger.py took 0.136 seconds
[2023-07-05T13:10:25.565+0000] {processor.py:157} INFO - Started process (PID=2349) to work on /home/airflow/.local/lib/python3.7/site-packages/airflow/example_dags/example_latest_only_with_trigger.py
[2023-07-05T13:10:25.567+0000] {processor.py:826} INFO - Processing file /home/airflow/.local/lib/python3.7/site-packages/airflow/example_dags/example_latest_only_with_trigger.py for tasks to queue
[2023-07-05T13:10:25.568+0000] {logging_mixin.py:149} INFO - [2023-07-05T13:10:25.568+0000] {dagbag.py:541} INFO - Filling up the DagBag from /home/airflow/.local/lib/python3.7/site-packages/airflow/example_dags/example_latest_only_with_trigger.py
[2023-07-05T13:10:25.576+0000] {processor.py:836} INFO - DAG(s) dict_keys(['latest_only_with_trigger']) retrieved from /home/airflow/.local/lib/python3.7/site-packages/airflow/example_dags/example_latest_only_with_trigger.py
[2023-07-05T13:10:25.611+0000] {logging_mixin.py:149} INFO - [2023-07-05T13:10:25.611+0000] {dag.py:2726} INFO - Sync 1 DAGs
[2023-07-05T13:10:25.659+0000] {logging_mixin.py:149} INFO - [2023-07-05T13:10:25.658+0000] {dag.py:3490} INFO - Setting next_dagrun for latest_only_with_trigger to 2023-07-05T09:10:25.658577+00:00, run_after=2023-07-05T13:10:25.658577+00:00
[2023-07-05T13:10:25.689+0000] {processor.py:179} INFO - Processing /home/airflow/.local/lib/python3.7/site-packages/airflow/example_dags/example_latest_only_with_trigger.py took 0.128 seconds
[2023-07-05T13:10:55.885+0000] {processor.py:157} INFO - Started process (PID=2406) to work on /home/airflow/.local/lib/python3.7/site-packages/airflow/example_dags/example_latest_only_with_trigger.py
[2023-07-05T13:10:55.886+0000] {processor.py:826} INFO - Processing file /home/airflow/.local/lib/python3.7/site-packages/airflow/example_dags/example_latest_only_with_trigger.py for tasks to queue
[2023-07-05T13:10:55.887+0000] {logging_mixin.py:149} INFO - [2023-07-05T13:10:55.887+0000] {dagbag.py:541} INFO - Filling up the DagBag from /home/airflow/.local/lib/python3.7/site-packages/airflow/example_dags/example_latest_only_with_trigger.py
[2023-07-05T13:10:55.895+0000] {processor.py:836} INFO - DAG(s) dict_keys(['latest_only_with_trigger']) retrieved from /home/airflow/.local/lib/python3.7/site-packages/airflow/example_dags/example_latest_only_with_trigger.py
[2023-07-05T13:10:55.927+0000] {logging_mixin.py:149} INFO - [2023-07-05T13:10:55.926+0000] {dag.py:2726} INFO - Sync 1 DAGs
[2023-07-05T13:10:55.963+0000] {logging_mixin.py:149} INFO - [2023-07-05T13:10:55.962+0000] {dag.py:3490} INFO - Setting next_dagrun for latest_only_with_trigger to 2023-07-05T09:10:55.962585+00:00, run_after=2023-07-05T13:10:55.962585+00:00
[2023-07-05T13:10:55.987+0000] {processor.py:179} INFO - Processing /home/airflow/.local/lib/python3.7/site-packages/airflow/example_dags/example_latest_only_with_trigger.py took 0.106 seconds
[2023-07-05T13:11:26.332+0000] {processor.py:157} INFO - Started process (PID=2463) to work on /home/airflow/.local/lib/python3.7/site-packages/airflow/example_dags/example_latest_only_with_trigger.py
[2023-07-05T13:11:26.333+0000] {processor.py:826} INFO - Processing file /home/airflow/.local/lib/python3.7/site-packages/airflow/example_dags/example_latest_only_with_trigger.py for tasks to queue
[2023-07-05T13:11:26.334+0000] {logging_mixin.py:149} INFO - [2023-07-05T13:11:26.334+0000] {dagbag.py:541} INFO - Filling up the DagBag from /home/airflow/.local/lib/python3.7/site-packages/airflow/example_dags/example_latest_only_with_trigger.py
[2023-07-05T13:11:26.342+0000] {processor.py:836} INFO - DAG(s) dict_keys(['latest_only_with_trigger']) retrieved from /home/airflow/.local/lib/python3.7/site-packages/airflow/example_dags/example_latest_only_with_trigger.py
[2023-07-05T13:11:26.373+0000] {logging_mixin.py:149} INFO - [2023-07-05T13:11:26.373+0000] {dag.py:2726} INFO - Sync 1 DAGs
[2023-07-05T13:11:26.411+0000] {logging_mixin.py:149} INFO - [2023-07-05T13:11:26.411+0000] {dag.py:3490} INFO - Setting next_dagrun for latest_only_with_trigger to 2023-07-05T09:11:26.411408+00:00, run_after=2023-07-05T13:11:26.411408+00:00
[2023-07-05T13:11:26.437+0000] {processor.py:179} INFO - Processing /home/airflow/.local/lib/python3.7/site-packages/airflow/example_dags/example_latest_only_with_trigger.py took 0.116 seconds
[2023-07-05T13:11:56.803+0000] {processor.py:157} INFO - Started process (PID=2520) to work on /home/airflow/.local/lib/python3.7/site-packages/airflow/example_dags/example_latest_only_with_trigger.py
[2023-07-05T13:11:56.805+0000] {processor.py:826} INFO - Processing file /home/airflow/.local/lib/python3.7/site-packages/airflow/example_dags/example_latest_only_with_trigger.py for tasks to queue
[2023-07-05T13:11:56.805+0000] {logging_mixin.py:149} INFO - [2023-07-05T13:11:56.805+0000] {dagbag.py:541} INFO - Filling up the DagBag from /home/airflow/.local/lib/python3.7/site-packages/airflow/example_dags/example_latest_only_with_trigger.py
[2023-07-05T13:11:56.814+0000] {processor.py:836} INFO - DAG(s) dict_keys(['latest_only_with_trigger']) retrieved from /home/airflow/.local/lib/python3.7/site-packages/airflow/example_dags/example_latest_only_with_trigger.py
[2023-07-05T13:11:56.857+0000] {logging_mixin.py:149} INFO - [2023-07-05T13:11:56.857+0000] {dag.py:2726} INFO - Sync 1 DAGs
[2023-07-05T13:11:56.906+0000] {logging_mixin.py:149} INFO - [2023-07-05T13:11:56.905+0000] {dag.py:3490} INFO - Setting next_dagrun for latest_only_with_trigger to 2023-07-05T09:11:56.905544+00:00, run_after=2023-07-05T13:11:56.905544+00:00
[2023-07-05T13:11:56.939+0000] {processor.py:179} INFO - Processing /home/airflow/.local/lib/python3.7/site-packages/airflow/example_dags/example_latest_only_with_trigger.py took 0.140 seconds
[2023-07-05T13:12:27.489+0000] {processor.py:157} INFO - Started process (PID=2577) to work on /home/airflow/.local/lib/python3.7/site-packages/airflow/example_dags/example_latest_only_with_trigger.py
[2023-07-05T13:12:27.490+0000] {processor.py:826} INFO - Processing file /home/airflow/.local/lib/python3.7/site-packages/airflow/example_dags/example_latest_only_with_trigger.py for tasks to queue
[2023-07-05T13:12:27.491+0000] {logging_mixin.py:149} INFO - [2023-07-05T13:12:27.491+0000] {dagbag.py:541} INFO - Filling up the DagBag from /home/airflow/.local/lib/python3.7/site-packages/airflow/example_dags/example_latest_only_with_trigger.py
[2023-07-05T13:12:27.500+0000] {processor.py:836} INFO - DAG(s) dict_keys(['latest_only_with_trigger']) retrieved from /home/airflow/.local/lib/python3.7/site-packages/airflow/example_dags/example_latest_only_with_trigger.py
[2023-07-05T13:12:27.531+0000] {logging_mixin.py:149} INFO - [2023-07-05T13:12:27.531+0000] {dag.py:2726} INFO - Sync 1 DAGs
[2023-07-05T13:12:27.567+0000] {logging_mixin.py:149} INFO - [2023-07-05T13:12:27.566+0000] {dag.py:3490} INFO - Setting next_dagrun for latest_only_with_trigger to 2023-07-05T09:12:27.566386+00:00, run_after=2023-07-05T13:12:27.566386+00:00
[2023-07-05T13:12:27.605+0000] {processor.py:179} INFO - Processing /home/airflow/.local/lib/python3.7/site-packages/airflow/example_dags/example_latest_only_with_trigger.py took 0.122 seconds
[2023-07-05T13:12:57.847+0000] {processor.py:157} INFO - Started process (PID=2634) to work on /home/airflow/.local/lib/python3.7/site-packages/airflow/example_dags/example_latest_only_with_trigger.py
[2023-07-05T13:12:57.848+0000] {processor.py:826} INFO - Processing file /home/airflow/.local/lib/python3.7/site-packages/airflow/example_dags/example_latest_only_with_trigger.py for tasks to queue
[2023-07-05T13:12:57.849+0000] {logging_mixin.py:149} INFO - [2023-07-05T13:12:57.849+0000] {dagbag.py:541} INFO - Filling up the DagBag from /home/airflow/.local/lib/python3.7/site-packages/airflow/example_dags/example_latest_only_with_trigger.py
[2023-07-05T13:12:57.856+0000] {processor.py:836} INFO - DAG(s) dict_keys(['latest_only_with_trigger']) retrieved from /home/airflow/.local/lib/python3.7/site-packages/airflow/example_dags/example_latest_only_with_trigger.py
[2023-07-05T13:12:57.894+0000] {logging_mixin.py:149} INFO - [2023-07-05T13:12:57.894+0000] {dag.py:2726} INFO - Sync 1 DAGs
[2023-07-05T13:12:57.930+0000] {logging_mixin.py:149} INFO - [2023-07-05T13:12:57.930+0000] {dag.py:3490} INFO - Setting next_dagrun for latest_only_with_trigger to 2023-07-05T09:12:57.929864+00:00, run_after=2023-07-05T13:12:57.929864+00:00
[2023-07-05T13:12:57.958+0000] {processor.py:179} INFO - Processing /home/airflow/.local/lib/python3.7/site-packages/airflow/example_dags/example_latest_only_with_trigger.py took 0.115 seconds
[2023-07-05T13:13:28.064+0000] {processor.py:157} INFO - Started process (PID=2691) to work on /home/airflow/.local/lib/python3.7/site-packages/airflow/example_dags/example_latest_only_with_trigger.py
[2023-07-05T13:13:28.065+0000] {processor.py:826} INFO - Processing file /home/airflow/.local/lib/python3.7/site-packages/airflow/example_dags/example_latest_only_with_trigger.py for tasks to queue
[2023-07-05T13:13:28.067+0000] {logging_mixin.py:149} INFO - [2023-07-05T13:13:28.067+0000] {dagbag.py:541} INFO - Filling up the DagBag from /home/airflow/.local/lib/python3.7/site-packages/airflow/example_dags/example_latest_only_with_trigger.py
[2023-07-05T13:13:28.075+0000] {processor.py:836} INFO - DAG(s) dict_keys(['latest_only_with_trigger']) retrieved from /home/airflow/.local/lib/python3.7/site-packages/airflow/example_dags/example_latest_only_with_trigger.py
[2023-07-05T13:13:28.112+0000] {logging_mixin.py:149} INFO - [2023-07-05T13:13:28.111+0000] {dag.py:2726} INFO - Sync 1 DAGs
[2023-07-05T13:13:28.150+0000] {logging_mixin.py:149} INFO - [2023-07-05T13:13:28.150+0000] {dag.py:3490} INFO - Setting next_dagrun for latest_only_with_trigger to 2023-07-05T09:13:28.149590+00:00, run_after=2023-07-05T13:13:28.149590+00:00
[2023-07-05T13:13:28.204+0000] {processor.py:179} INFO - Processing /home/airflow/.local/lib/python3.7/site-packages/airflow/example_dags/example_latest_only_with_trigger.py took 0.145 seconds
[2023-07-05T13:13:58.324+0000] {processor.py:157} INFO - Started process (PID=2749) to work on /home/airflow/.local/lib/python3.7/site-packages/airflow/example_dags/example_latest_only_with_trigger.py
[2023-07-05T13:13:58.326+0000] {processor.py:826} INFO - Processing file /home/airflow/.local/lib/python3.7/site-packages/airflow/example_dags/example_latest_only_with_trigger.py for tasks to queue
[2023-07-05T13:13:58.327+0000] {logging_mixin.py:149} INFO - [2023-07-05T13:13:58.327+0000] {dagbag.py:541} INFO - Filling up the DagBag from /home/airflow/.local/lib/python3.7/site-packages/airflow/example_dags/example_latest_only_with_trigger.py
[2023-07-05T13:13:58.336+0000] {processor.py:836} INFO - DAG(s) dict_keys(['latest_only_with_trigger']) retrieved from /home/airflow/.local/lib/python3.7/site-packages/airflow/example_dags/example_latest_only_with_trigger.py
[2023-07-05T13:13:58.367+0000] {logging_mixin.py:149} INFO - [2023-07-05T13:13:58.367+0000] {dag.py:2726} INFO - Sync 1 DAGs
[2023-07-05T13:13:58.399+0000] {logging_mixin.py:149} INFO - [2023-07-05T13:13:58.399+0000] {dag.py:3490} INFO - Setting next_dagrun for latest_only_with_trigger to 2023-07-05T09:13:58.399482+00:00, run_after=2023-07-05T13:13:58.399482+00:00
[2023-07-05T13:13:58.430+0000] {processor.py:179} INFO - Processing /home/airflow/.local/lib/python3.7/site-packages/airflow/example_dags/example_latest_only_with_trigger.py took 0.110 seconds
[2023-07-05T13:14:28.803+0000] {processor.py:157} INFO - Started process (PID=2806) to work on /home/airflow/.local/lib/python3.7/site-packages/airflow/example_dags/example_latest_only_with_trigger.py
[2023-07-05T13:14:28.804+0000] {processor.py:826} INFO - Processing file /home/airflow/.local/lib/python3.7/site-packages/airflow/example_dags/example_latest_only_with_trigger.py for tasks to queue
[2023-07-05T13:14:28.805+0000] {logging_mixin.py:149} INFO - [2023-07-05T13:14:28.805+0000] {dagbag.py:541} INFO - Filling up the DagBag from /home/airflow/.local/lib/python3.7/site-packages/airflow/example_dags/example_latest_only_with_trigger.py
[2023-07-05T13:14:28.813+0000] {processor.py:836} INFO - DAG(s) dict_keys(['latest_only_with_trigger']) retrieved from /home/airflow/.local/lib/python3.7/site-packages/airflow/example_dags/example_latest_only_with_trigger.py
[2023-07-05T13:14:28.850+0000] {logging_mixin.py:149} INFO - [2023-07-05T13:14:28.850+0000] {dag.py:2726} INFO - Sync 1 DAGs
[2023-07-05T13:14:28.885+0000] {logging_mixin.py:149} INFO - [2023-07-05T13:14:28.885+0000] {dag.py:3490} INFO - Setting next_dagrun for latest_only_with_trigger to 2023-07-05T09:14:28.884894+00:00, run_after=2023-07-05T13:14:28.884894+00:00
[2023-07-05T13:14:28.908+0000] {processor.py:179} INFO - Processing /home/airflow/.local/lib/python3.7/site-packages/airflow/example_dags/example_latest_only_with_trigger.py took 0.115 seconds
[2023-07-05T13:14:59.042+0000] {processor.py:157} INFO - Started process (PID=2862) to work on /home/airflow/.local/lib/python3.7/site-packages/airflow/example_dags/example_latest_only_with_trigger.py
[2023-07-05T13:14:59.043+0000] {processor.py:826} INFO - Processing file /home/airflow/.local/lib/python3.7/site-packages/airflow/example_dags/example_latest_only_with_trigger.py for tasks to queue
[2023-07-05T13:14:59.044+0000] {logging_mixin.py:149} INFO - [2023-07-05T13:14:59.044+0000] {dagbag.py:541} INFO - Filling up the DagBag from /home/airflow/.local/lib/python3.7/site-packages/airflow/example_dags/example_latest_only_with_trigger.py
[2023-07-05T13:14:59.051+0000] {processor.py:836} INFO - DAG(s) dict_keys(['latest_only_with_trigger']) retrieved from /home/airflow/.local/lib/python3.7/site-packages/airflow/example_dags/example_latest_only_with_trigger.py
[2023-07-05T13:14:59.087+0000] {logging_mixin.py:149} INFO - [2023-07-05T13:14:59.086+0000] {dag.py:2726} INFO - Sync 1 DAGs
[2023-07-05T13:14:59.120+0000] {logging_mixin.py:149} INFO - [2023-07-05T13:14:59.120+0000] {dag.py:3490} INFO - Setting next_dagrun for latest_only_with_trigger to 2023-07-05T09:14:59.120113+00:00, run_after=2023-07-05T13:14:59.120113+00:00
[2023-07-05T13:14:59.147+0000] {processor.py:179} INFO - Processing /home/airflow/.local/lib/python3.7/site-packages/airflow/example_dags/example_latest_only_with_trigger.py took 0.110 seconds
[2023-07-05T13:15:29.488+0000] {processor.py:157} INFO - Started process (PID=2919) to work on /home/airflow/.local/lib/python3.7/site-packages/airflow/example_dags/example_latest_only_with_trigger.py
[2023-07-05T13:15:29.489+0000] {processor.py:826} INFO - Processing file /home/airflow/.local/lib/python3.7/site-packages/airflow/example_dags/example_latest_only_with_trigger.py for tasks to queue
[2023-07-05T13:15:29.491+0000] {logging_mixin.py:149} INFO - [2023-07-05T13:15:29.490+0000] {dagbag.py:541} INFO - Filling up the DagBag from /home/airflow/.local/lib/python3.7/site-packages/airflow/example_dags/example_latest_only_with_trigger.py
[2023-07-05T13:15:29.500+0000] {processor.py:836} INFO - DAG(s) dict_keys(['latest_only_with_trigger']) retrieved from /home/airflow/.local/lib/python3.7/site-packages/airflow/example_dags/example_latest_only_with_trigger.py
[2023-07-05T13:15:29.532+0000] {logging_mixin.py:149} INFO - [2023-07-05T13:15:29.531+0000] {dag.py:2726} INFO - Sync 1 DAGs
[2023-07-05T13:15:29.569+0000] {logging_mixin.py:149} INFO - [2023-07-05T13:15:29.569+0000] {dag.py:3490} INFO - Setting next_dagrun for latest_only_with_trigger to 2023-07-05T09:15:29.569310+00:00, run_after=2023-07-05T13:15:29.569310+00:00
[2023-07-05T13:15:29.597+0000] {processor.py:179} INFO - Processing /home/airflow/.local/lib/python3.7/site-packages/airflow/example_dags/example_latest_only_with_trigger.py took 0.112 seconds
[2023-07-05T13:15:59.805+0000] {processor.py:157} INFO - Started process (PID=2976) to work on /home/airflow/.local/lib/python3.7/site-packages/airflow/example_dags/example_latest_only_with_trigger.py
[2023-07-05T13:15:59.807+0000] {processor.py:826} INFO - Processing file /home/airflow/.local/lib/python3.7/site-packages/airflow/example_dags/example_latest_only_with_trigger.py for tasks to queue
[2023-07-05T13:15:59.808+0000] {logging_mixin.py:149} INFO - [2023-07-05T13:15:59.808+0000] {dagbag.py:541} INFO - Filling up the DagBag from /home/airflow/.local/lib/python3.7/site-packages/airflow/example_dags/example_latest_only_with_trigger.py
[2023-07-05T13:15:59.815+0000] {processor.py:836} INFO - DAG(s) dict_keys(['latest_only_with_trigger']) retrieved from /home/airflow/.local/lib/python3.7/site-packages/airflow/example_dags/example_latest_only_with_trigger.py
[2023-07-05T13:15:59.846+0000] {logging_mixin.py:149} INFO - [2023-07-05T13:15:59.846+0000] {dag.py:2726} INFO - Sync 1 DAGs
[2023-07-05T13:15:59.883+0000] {logging_mixin.py:149} INFO - [2023-07-05T13:15:59.883+0000] {dag.py:3490} INFO - Setting next_dagrun for latest_only_with_trigger to 2023-07-05T09:15:59.882757+00:00, run_after=2023-07-05T13:15:59.882757+00:00
[2023-07-05T13:15:59.917+0000] {processor.py:179} INFO - Processing /home/airflow/.local/lib/python3.7/site-packages/airflow/example_dags/example_latest_only_with_trigger.py took 0.115 seconds
[2023-07-05T13:16:30.190+0000] {processor.py:157} INFO - Started process (PID=3033) to work on /home/airflow/.local/lib/python3.7/site-packages/airflow/example_dags/example_latest_only_with_trigger.py
[2023-07-05T13:16:30.192+0000] {processor.py:826} INFO - Processing file /home/airflow/.local/lib/python3.7/site-packages/airflow/example_dags/example_latest_only_with_trigger.py for tasks to queue
[2023-07-05T13:16:30.193+0000] {logging_mixin.py:149} INFO - [2023-07-05T13:16:30.193+0000] {dagbag.py:541} INFO - Filling up the DagBag from /home/airflow/.local/lib/python3.7/site-packages/airflow/example_dags/example_latest_only_with_trigger.py
[2023-07-05T13:16:30.203+0000] {processor.py:836} INFO - DAG(s) dict_keys(['latest_only_with_trigger']) retrieved from /home/airflow/.local/lib/python3.7/site-packages/airflow/example_dags/example_latest_only_with_trigger.py
[2023-07-05T13:16:30.239+0000] {logging_mixin.py:149} INFO - [2023-07-05T13:16:30.239+0000] {dag.py:2726} INFO - Sync 1 DAGs
[2023-07-05T13:16:30.283+0000] {logging_mixin.py:149} INFO - [2023-07-05T13:16:30.283+0000] {dag.py:3490} INFO - Setting next_dagrun for latest_only_with_trigger to 2023-07-05T09:16:30.283144+00:00, run_after=2023-07-05T13:16:30.283144+00:00
[2023-07-05T13:16:30.311+0000] {processor.py:179} INFO - Processing /home/airflow/.local/lib/python3.7/site-packages/airflow/example_dags/example_latest_only_with_trigger.py took 0.126 seconds
[2023-07-05T13:17:00.718+0000] {processor.py:157} INFO - Started process (PID=3089) to work on /home/airflow/.local/lib/python3.7/site-packages/airflow/example_dags/example_latest_only_with_trigger.py
[2023-07-05T13:17:00.719+0000] {processor.py:826} INFO - Processing file /home/airflow/.local/lib/python3.7/site-packages/airflow/example_dags/example_latest_only_with_trigger.py for tasks to queue
[2023-07-05T13:17:00.720+0000] {logging_mixin.py:149} INFO - [2023-07-05T13:17:00.720+0000] {dagbag.py:541} INFO - Filling up the DagBag from /home/airflow/.local/lib/python3.7/site-packages/airflow/example_dags/example_latest_only_with_trigger.py
[2023-07-05T13:17:00.728+0000] {processor.py:836} INFO - DAG(s) dict_keys(['latest_only_with_trigger']) retrieved from /home/airflow/.local/lib/python3.7/site-packages/airflow/example_dags/example_latest_only_with_trigger.py
[2023-07-05T13:17:00.764+0000] {logging_mixin.py:149} INFO - [2023-07-05T13:17:00.764+0000] {dag.py:2726} INFO - Sync 1 DAGs
[2023-07-05T13:17:00.798+0000] {logging_mixin.py:149} INFO - [2023-07-05T13:17:00.798+0000] {dag.py:3490} INFO - Setting next_dagrun for latest_only_with_trigger to 2023-07-05T09:17:00.798182+00:00, run_after=2023-07-05T13:17:00.798182+00:00
[2023-07-05T13:17:00.822+0000] {processor.py:179} INFO - Processing /home/airflow/.local/lib/python3.7/site-packages/airflow/example_dags/example_latest_only_with_trigger.py took 0.108 seconds
[2023-07-05T13:17:31.267+0000] {processor.py:157} INFO - Started process (PID=3146) to work on /home/airflow/.local/lib/python3.7/site-packages/airflow/example_dags/example_latest_only_with_trigger.py
[2023-07-05T13:17:31.268+0000] {processor.py:826} INFO - Processing file /home/airflow/.local/lib/python3.7/site-packages/airflow/example_dags/example_latest_only_with_trigger.py for tasks to queue
[2023-07-05T13:17:31.269+0000] {logging_mixin.py:149} INFO - [2023-07-05T13:17:31.268+0000] {dagbag.py:541} INFO - Filling up the DagBag from /home/airflow/.local/lib/python3.7/site-packages/airflow/example_dags/example_latest_only_with_trigger.py
[2023-07-05T13:17:31.276+0000] {processor.py:836} INFO - DAG(s) dict_keys(['latest_only_with_trigger']) retrieved from /home/airflow/.local/lib/python3.7/site-packages/airflow/example_dags/example_latest_only_with_trigger.py
[2023-07-05T13:17:31.312+0000] {logging_mixin.py:149} INFO - [2023-07-05T13:17:31.312+0000] {dag.py:2726} INFO - Sync 1 DAGs
[2023-07-05T13:17:31.347+0000] {logging_mixin.py:149} INFO - [2023-07-05T13:17:31.347+0000] {dag.py:3490} INFO - Setting next_dagrun for latest_only_with_trigger to 2023-07-05T09:17:31.346834+00:00, run_after=2023-07-05T13:17:31.346834+00:00
[2023-07-05T13:17:31.374+0000] {processor.py:179} INFO - Processing /home/airflow/.local/lib/python3.7/site-packages/airflow/example_dags/example_latest_only_with_trigger.py took 0.111 seconds
[2023-07-05T13:18:01.556+0000] {processor.py:157} INFO - Started process (PID=3203) to work on /home/airflow/.local/lib/python3.7/site-packages/airflow/example_dags/example_latest_only_with_trigger.py
[2023-07-05T13:18:01.557+0000] {processor.py:826} INFO - Processing file /home/airflow/.local/lib/python3.7/site-packages/airflow/example_dags/example_latest_only_with_trigger.py for tasks to queue
[2023-07-05T13:18:01.557+0000] {logging_mixin.py:149} INFO - [2023-07-05T13:18:01.557+0000] {dagbag.py:541} INFO - Filling up the DagBag from /home/airflow/.local/lib/python3.7/site-packages/airflow/example_dags/example_latest_only_with_trigger.py
[2023-07-05T13:18:01.565+0000] {processor.py:836} INFO - DAG(s) dict_keys(['latest_only_with_trigger']) retrieved from /home/airflow/.local/lib/python3.7/site-packages/airflow/example_dags/example_latest_only_with_trigger.py
[2023-07-05T13:18:01.599+0000] {logging_mixin.py:149} INFO - [2023-07-05T13:18:01.598+0000] {dag.py:2726} INFO - Sync 1 DAGs
[2023-07-05T13:18:01.642+0000] {logging_mixin.py:149} INFO - [2023-07-05T13:18:01.641+0000] {dag.py:3490} INFO - Setting next_dagrun for latest_only_with_trigger to 2023-07-05T09:18:01.641298+00:00, run_after=2023-07-05T13:18:01.641298+00:00
[2023-07-05T13:18:01.676+0000] {processor.py:179} INFO - Processing /home/airflow/.local/lib/python3.7/site-packages/airflow/example_dags/example_latest_only_with_trigger.py took 0.125 seconds
