[2023-07-05T12:49:58.717+0000] {processor.py:157} INFO - Started process (PID=60) to work on /home/airflow/.local/lib/python3.7/site-packages/airflow/example_dags/tutorial.py
[2023-07-05T12:49:58.718+0000] {processor.py:826} INFO - Processing file /home/airflow/.local/lib/python3.7/site-packages/airflow/example_dags/tutorial.py for tasks to queue
[2023-07-05T12:49:58.718+0000] {logging_mixin.py:149} INFO - [2023-07-05T12:49:58.718+0000] {dagbag.py:541} INFO - Filling up the DagBag from /home/airflow/.local/lib/python3.7/site-packages/airflow/example_dags/tutorial.py
[2023-07-05T12:49:58.726+0000] {processor.py:836} INFO - DAG(s) dict_keys(['tutorial']) retrieved from /home/airflow/.local/lib/python3.7/site-packages/airflow/example_dags/tutorial.py
[2023-07-05T12:49:58.743+0000] {logging_mixin.py:149} INFO - [2023-07-05T12:49:58.743+0000] {dag.py:2726} INFO - Sync 1 DAGs
[2023-07-05T12:49:58.782+0000] {logging_mixin.py:149} INFO - [2023-07-05T12:49:58.782+0000] {dag.py:3490} INFO - Setting next_dagrun for tutorial to 2023-07-04T12:49:58.781410+00:00, run_after=2023-07-05T12:49:58.781410+00:00
[2023-07-05T12:49:58.815+0000] {processor.py:179} INFO - Processing /home/airflow/.local/lib/python3.7/site-packages/airflow/example_dags/tutorial.py took 0.102 seconds
[2023-07-05T12:50:33.011+0000] {processor.py:157} INFO - Started process (PID=117) to work on /home/airflow/.local/lib/python3.7/site-packages/airflow/example_dags/tutorial.py
[2023-07-05T12:50:33.012+0000] {processor.py:826} INFO - Processing file /home/airflow/.local/lib/python3.7/site-packages/airflow/example_dags/tutorial.py for tasks to queue
[2023-07-05T12:50:33.013+0000] {logging_mixin.py:149} INFO - [2023-07-05T12:50:33.013+0000] {dagbag.py:541} INFO - Filling up the DagBag from /home/airflow/.local/lib/python3.7/site-packages/airflow/example_dags/tutorial.py
[2023-07-05T12:50:33.020+0000] {processor.py:836} INFO - DAG(s) dict_keys(['tutorial']) retrieved from /home/airflow/.local/lib/python3.7/site-packages/airflow/example_dags/tutorial.py
[2023-07-05T12:50:33.058+0000] {logging_mixin.py:149} INFO - [2023-07-05T12:50:33.057+0000] {dag.py:2726} INFO - Sync 1 DAGs
[2023-07-05T12:50:33.101+0000] {logging_mixin.py:149} INFO - [2023-07-05T12:50:33.101+0000] {dag.py:3490} INFO - Setting next_dagrun for tutorial to 2023-07-04T12:50:33.101249+00:00, run_after=2023-07-05T12:50:33.101249+00:00
[2023-07-05T12:50:33.126+0000] {processor.py:179} INFO - Processing /home/airflow/.local/lib/python3.7/site-packages/airflow/example_dags/tutorial.py took 0.119 seconds
[2023-07-05T12:51:04.276+0000] {processor.py:157} INFO - Started process (PID=175) to work on /home/airflow/.local/lib/python3.7/site-packages/airflow/example_dags/tutorial.py
[2023-07-05T12:51:04.277+0000] {processor.py:826} INFO - Processing file /home/airflow/.local/lib/python3.7/site-packages/airflow/example_dags/tutorial.py for tasks to queue
[2023-07-05T12:51:04.278+0000] {logging_mixin.py:149} INFO - [2023-07-05T12:51:04.278+0000] {dagbag.py:541} INFO - Filling up the DagBag from /home/airflow/.local/lib/python3.7/site-packages/airflow/example_dags/tutorial.py
[2023-07-05T12:51:04.285+0000] {processor.py:836} INFO - DAG(s) dict_keys(['tutorial']) retrieved from /home/airflow/.local/lib/python3.7/site-packages/airflow/example_dags/tutorial.py
[2023-07-05T12:51:04.319+0000] {logging_mixin.py:149} INFO - [2023-07-05T12:51:04.319+0000] {dag.py:2726} INFO - Sync 1 DAGs
[2023-07-05T12:51:04.363+0000] {logging_mixin.py:149} INFO - [2023-07-05T12:51:04.363+0000] {dag.py:3490} INFO - Setting next_dagrun for tutorial to 2023-07-04T12:51:04.363151+00:00, run_after=2023-07-05T12:51:04.363151+00:00
[2023-07-05T12:51:04.402+0000] {processor.py:179} INFO - Processing /home/airflow/.local/lib/python3.7/site-packages/airflow/example_dags/tutorial.py took 0.130 seconds
[2023-07-05T12:51:35.643+0000] {processor.py:157} INFO - Started process (PID=232) to work on /home/airflow/.local/lib/python3.7/site-packages/airflow/example_dags/tutorial.py
[2023-07-05T12:51:35.645+0000] {processor.py:826} INFO - Processing file /home/airflow/.local/lib/python3.7/site-packages/airflow/example_dags/tutorial.py for tasks to queue
[2023-07-05T12:51:35.645+0000] {logging_mixin.py:149} INFO - [2023-07-05T12:51:35.645+0000] {dagbag.py:541} INFO - Filling up the DagBag from /home/airflow/.local/lib/python3.7/site-packages/airflow/example_dags/tutorial.py
[2023-07-05T12:51:35.653+0000] {processor.py:836} INFO - DAG(s) dict_keys(['tutorial']) retrieved from /home/airflow/.local/lib/python3.7/site-packages/airflow/example_dags/tutorial.py
[2023-07-05T12:51:35.685+0000] {logging_mixin.py:149} INFO - [2023-07-05T12:51:35.685+0000] {dag.py:2726} INFO - Sync 1 DAGs
[2023-07-05T12:51:35.725+0000] {logging_mixin.py:149} INFO - [2023-07-05T12:51:35.724+0000] {dag.py:3490} INFO - Setting next_dagrun for tutorial to 2023-07-04T12:51:35.724615+00:00, run_after=2023-07-05T12:51:35.724615+00:00
[2023-07-05T12:51:35.749+0000] {processor.py:179} INFO - Processing /home/airflow/.local/lib/python3.7/site-packages/airflow/example_dags/tutorial.py took 0.109 seconds
[2023-07-05T12:52:06.791+0000] {processor.py:157} INFO - Started process (PID=289) to work on /home/airflow/.local/lib/python3.7/site-packages/airflow/example_dags/tutorial.py
[2023-07-05T12:52:06.793+0000] {processor.py:826} INFO - Processing file /home/airflow/.local/lib/python3.7/site-packages/airflow/example_dags/tutorial.py for tasks to queue
[2023-07-05T12:52:06.794+0000] {logging_mixin.py:149} INFO - [2023-07-05T12:52:06.794+0000] {dagbag.py:541} INFO - Filling up the DagBag from /home/airflow/.local/lib/python3.7/site-packages/airflow/example_dags/tutorial.py
[2023-07-05T12:52:06.804+0000] {processor.py:836} INFO - DAG(s) dict_keys(['tutorial']) retrieved from /home/airflow/.local/lib/python3.7/site-packages/airflow/example_dags/tutorial.py
[2023-07-05T12:52:06.849+0000] {logging_mixin.py:149} INFO - [2023-07-05T12:52:06.848+0000] {dag.py:2726} INFO - Sync 1 DAGs
[2023-07-05T12:52:06.896+0000] {logging_mixin.py:149} INFO - [2023-07-05T12:52:06.896+0000] {dag.py:3490} INFO - Setting next_dagrun for tutorial to 2023-07-04T12:52:06.895790+00:00, run_after=2023-07-05T12:52:06.895790+00:00
[2023-07-05T12:52:06.928+0000] {processor.py:179} INFO - Processing /home/airflow/.local/lib/python3.7/site-packages/airflow/example_dags/tutorial.py took 0.142 seconds
[2023-07-05T12:52:37.447+0000] {processor.py:157} INFO - Started process (PID=346) to work on /home/airflow/.local/lib/python3.7/site-packages/airflow/example_dags/tutorial.py
[2023-07-05T12:52:37.448+0000] {processor.py:826} INFO - Processing file /home/airflow/.local/lib/python3.7/site-packages/airflow/example_dags/tutorial.py for tasks to queue
[2023-07-05T12:52:37.449+0000] {logging_mixin.py:149} INFO - [2023-07-05T12:52:37.449+0000] {dagbag.py:541} INFO - Filling up the DagBag from /home/airflow/.local/lib/python3.7/site-packages/airflow/example_dags/tutorial.py
[2023-07-05T12:52:37.457+0000] {processor.py:836} INFO - DAG(s) dict_keys(['tutorial']) retrieved from /home/airflow/.local/lib/python3.7/site-packages/airflow/example_dags/tutorial.py
[2023-07-05T12:52:37.490+0000] {logging_mixin.py:149} INFO - [2023-07-05T12:52:37.489+0000] {dag.py:2726} INFO - Sync 1 DAGs
[2023-07-05T12:52:37.674+0000] {logging_mixin.py:149} INFO - [2023-07-05T12:52:37.674+0000] {dag.py:3490} INFO - Setting next_dagrun for tutorial to 2023-07-04T12:52:37.674126+00:00, run_after=2023-07-05T12:52:37.674126+00:00
[2023-07-05T12:52:37.701+0000] {processor.py:179} INFO - Processing /home/airflow/.local/lib/python3.7/site-packages/airflow/example_dags/tutorial.py took 0.257 seconds
[2023-07-05T12:53:08.269+0000] {processor.py:157} INFO - Started process (PID=402) to work on /home/airflow/.local/lib/python3.7/site-packages/airflow/example_dags/tutorial.py
[2023-07-05T12:53:08.271+0000] {processor.py:826} INFO - Processing file /home/airflow/.local/lib/python3.7/site-packages/airflow/example_dags/tutorial.py for tasks to queue
[2023-07-05T12:53:08.272+0000] {logging_mixin.py:149} INFO - [2023-07-05T12:53:08.272+0000] {dagbag.py:541} INFO - Filling up the DagBag from /home/airflow/.local/lib/python3.7/site-packages/airflow/example_dags/tutorial.py
[2023-07-05T12:53:08.278+0000] {processor.py:836} INFO - DAG(s) dict_keys(['tutorial']) retrieved from /home/airflow/.local/lib/python3.7/site-packages/airflow/example_dags/tutorial.py
[2023-07-05T12:53:08.311+0000] {logging_mixin.py:149} INFO - [2023-07-05T12:53:08.311+0000] {dag.py:2726} INFO - Sync 1 DAGs
[2023-07-05T12:53:08.345+0000] {logging_mixin.py:149} INFO - [2023-07-05T12:53:08.344+0000] {dag.py:3490} INFO - Setting next_dagrun for tutorial to 2023-07-04T12:53:08.344516+00:00, run_after=2023-07-05T12:53:08.344516+00:00
[2023-07-05T12:53:08.373+0000] {processor.py:179} INFO - Processing /home/airflow/.local/lib/python3.7/site-packages/airflow/example_dags/tutorial.py took 0.107 seconds
[2023-07-05T12:53:38.480+0000] {processor.py:157} INFO - Started process (PID=459) to work on /home/airflow/.local/lib/python3.7/site-packages/airflow/example_dags/tutorial.py
[2023-07-05T12:53:38.481+0000] {processor.py:826} INFO - Processing file /home/airflow/.local/lib/python3.7/site-packages/airflow/example_dags/tutorial.py for tasks to queue
[2023-07-05T12:53:38.482+0000] {logging_mixin.py:149} INFO - [2023-07-05T12:53:38.482+0000] {dagbag.py:541} INFO - Filling up the DagBag from /home/airflow/.local/lib/python3.7/site-packages/airflow/example_dags/tutorial.py
[2023-07-05T12:53:38.489+0000] {processor.py:836} INFO - DAG(s) dict_keys(['tutorial']) retrieved from /home/airflow/.local/lib/python3.7/site-packages/airflow/example_dags/tutorial.py
[2023-07-05T12:53:38.520+0000] {logging_mixin.py:149} INFO - [2023-07-05T12:53:38.519+0000] {dag.py:2726} INFO - Sync 1 DAGs
[2023-07-05T12:53:38.558+0000] {logging_mixin.py:149} INFO - [2023-07-05T12:53:38.557+0000] {dag.py:3490} INFO - Setting next_dagrun for tutorial to 2023-07-04T12:53:38.557469+00:00, run_after=2023-07-05T12:53:38.557469+00:00
[2023-07-05T12:53:38.596+0000] {processor.py:179} INFO - Processing /home/airflow/.local/lib/python3.7/site-packages/airflow/example_dags/tutorial.py took 0.120 seconds
[2023-07-05T12:54:09.808+0000] {processor.py:157} INFO - Started process (PID=516) to work on /home/airflow/.local/lib/python3.7/site-packages/airflow/example_dags/tutorial.py
[2023-07-05T12:54:09.809+0000] {processor.py:826} INFO - Processing file /home/airflow/.local/lib/python3.7/site-packages/airflow/example_dags/tutorial.py for tasks to queue
[2023-07-05T12:54:09.810+0000] {logging_mixin.py:149} INFO - [2023-07-05T12:54:09.809+0000] {dagbag.py:541} INFO - Filling up the DagBag from /home/airflow/.local/lib/python3.7/site-packages/airflow/example_dags/tutorial.py
[2023-07-05T12:54:09.816+0000] {processor.py:836} INFO - DAG(s) dict_keys(['tutorial']) retrieved from /home/airflow/.local/lib/python3.7/site-packages/airflow/example_dags/tutorial.py
[2023-07-05T12:54:09.845+0000] {logging_mixin.py:149} INFO - [2023-07-05T12:54:09.844+0000] {dag.py:2726} INFO - Sync 1 DAGs
[2023-07-05T12:54:10.038+0000] {logging_mixin.py:149} INFO - [2023-07-05T12:54:10.037+0000] {dag.py:3490} INFO - Setting next_dagrun for tutorial to 2023-07-04T12:54:10.037633+00:00, run_after=2023-07-05T12:54:10.037633+00:00
[2023-07-05T12:54:10.074+0000] {processor.py:179} INFO - Processing /home/airflow/.local/lib/python3.7/site-packages/airflow/example_dags/tutorial.py took 0.270 seconds
[2023-07-05T12:54:40.847+0000] {processor.py:157} INFO - Started process (PID=573) to work on /home/airflow/.local/lib/python3.7/site-packages/airflow/example_dags/tutorial.py
[2023-07-05T12:54:40.849+0000] {processor.py:826} INFO - Processing file /home/airflow/.local/lib/python3.7/site-packages/airflow/example_dags/tutorial.py for tasks to queue
[2023-07-05T12:54:40.851+0000] {logging_mixin.py:149} INFO - [2023-07-05T12:54:40.851+0000] {dagbag.py:541} INFO - Filling up the DagBag from /home/airflow/.local/lib/python3.7/site-packages/airflow/example_dags/tutorial.py
[2023-07-05T12:54:40.858+0000] {processor.py:836} INFO - DAG(s) dict_keys(['tutorial']) retrieved from /home/airflow/.local/lib/python3.7/site-packages/airflow/example_dags/tutorial.py
[2023-07-05T12:54:40.896+0000] {logging_mixin.py:149} INFO - [2023-07-05T12:54:40.895+0000] {dag.py:2726} INFO - Sync 1 DAGs
[2023-07-05T12:54:40.932+0000] {logging_mixin.py:149} INFO - [2023-07-05T12:54:40.932+0000] {dag.py:3490} INFO - Setting next_dagrun for tutorial to 2023-07-04T12:54:40.932148+00:00, run_after=2023-07-05T12:54:40.932148+00:00
[2023-07-05T12:54:40.960+0000] {processor.py:179} INFO - Processing /home/airflow/.local/lib/python3.7/site-packages/airflow/example_dags/tutorial.py took 0.117 seconds
[2023-07-05T12:55:11.675+0000] {processor.py:157} INFO - Started process (PID=630) to work on /home/airflow/.local/lib/python3.7/site-packages/airflow/example_dags/tutorial.py
[2023-07-05T12:55:11.676+0000] {processor.py:826} INFO - Processing file /home/airflow/.local/lib/python3.7/site-packages/airflow/example_dags/tutorial.py for tasks to queue
[2023-07-05T12:55:11.677+0000] {logging_mixin.py:149} INFO - [2023-07-05T12:55:11.677+0000] {dagbag.py:541} INFO - Filling up the DagBag from /home/airflow/.local/lib/python3.7/site-packages/airflow/example_dags/tutorial.py
[2023-07-05T12:55:11.684+0000] {processor.py:836} INFO - DAG(s) dict_keys(['tutorial']) retrieved from /home/airflow/.local/lib/python3.7/site-packages/airflow/example_dags/tutorial.py
[2023-07-05T12:55:11.848+0000] {logging_mixin.py:149} INFO - [2023-07-05T12:55:11.847+0000] {dag.py:2726} INFO - Sync 1 DAGs
[2023-07-05T12:55:11.879+0000] {logging_mixin.py:149} INFO - [2023-07-05T12:55:11.879+0000] {dag.py:3490} INFO - Setting next_dagrun for tutorial to 2023-07-04T12:55:11.878987+00:00, run_after=2023-07-05T12:55:11.878987+00:00
[2023-07-05T12:55:11.904+0000] {processor.py:179} INFO - Processing /home/airflow/.local/lib/python3.7/site-packages/airflow/example_dags/tutorial.py took 0.234 seconds
[2023-07-05T12:55:42.611+0000] {processor.py:157} INFO - Started process (PID=687) to work on /home/airflow/.local/lib/python3.7/site-packages/airflow/example_dags/tutorial.py
[2023-07-05T12:55:42.613+0000] {processor.py:826} INFO - Processing file /home/airflow/.local/lib/python3.7/site-packages/airflow/example_dags/tutorial.py for tasks to queue
[2023-07-05T12:55:42.615+0000] {logging_mixin.py:149} INFO - [2023-07-05T12:55:42.614+0000] {dagbag.py:541} INFO - Filling up the DagBag from /home/airflow/.local/lib/python3.7/site-packages/airflow/example_dags/tutorial.py
[2023-07-05T12:55:42.627+0000] {processor.py:836} INFO - DAG(s) dict_keys(['tutorial']) retrieved from /home/airflow/.local/lib/python3.7/site-packages/airflow/example_dags/tutorial.py
[2023-07-05T12:55:42.674+0000] {logging_mixin.py:149} INFO - [2023-07-05T12:55:42.673+0000] {dag.py:2726} INFO - Sync 1 DAGs
[2023-07-05T12:55:42.713+0000] {logging_mixin.py:149} INFO - [2023-07-05T12:55:42.712+0000] {dag.py:3490} INFO - Setting next_dagrun for tutorial to 2023-07-04T12:55:42.712620+00:00, run_after=2023-07-05T12:55:42.712620+00:00
[2023-07-05T12:55:42.910+0000] {processor.py:179} INFO - Processing /home/airflow/.local/lib/python3.7/site-packages/airflow/example_dags/tutorial.py took 0.304 seconds
[2023-07-05T12:56:13.483+0000] {processor.py:157} INFO - Started process (PID=744) to work on /home/airflow/.local/lib/python3.7/site-packages/airflow/example_dags/tutorial.py
[2023-07-05T12:56:13.484+0000] {processor.py:826} INFO - Processing file /home/airflow/.local/lib/python3.7/site-packages/airflow/example_dags/tutorial.py for tasks to queue
[2023-07-05T12:56:13.485+0000] {logging_mixin.py:149} INFO - [2023-07-05T12:56:13.485+0000] {dagbag.py:541} INFO - Filling up the DagBag from /home/airflow/.local/lib/python3.7/site-packages/airflow/example_dags/tutorial.py
[2023-07-05T12:56:13.494+0000] {processor.py:836} INFO - DAG(s) dict_keys(['tutorial']) retrieved from /home/airflow/.local/lib/python3.7/site-packages/airflow/example_dags/tutorial.py
[2023-07-05T12:56:13.695+0000] {logging_mixin.py:149} INFO - [2023-07-05T12:56:13.694+0000] {dag.py:2726} INFO - Sync 1 DAGs
[2023-07-05T12:56:13.738+0000] {logging_mixin.py:149} INFO - [2023-07-05T12:56:13.738+0000] {dag.py:3490} INFO - Setting next_dagrun for tutorial to 2023-07-04T12:56:13.738285+00:00, run_after=2023-07-05T12:56:13.738285+00:00
[2023-07-05T12:56:13.771+0000] {processor.py:179} INFO - Processing /home/airflow/.local/lib/python3.7/site-packages/airflow/example_dags/tutorial.py took 0.292 seconds
[2023-07-05T12:56:44.218+0000] {processor.py:157} INFO - Started process (PID=800) to work on /home/airflow/.local/lib/python3.7/site-packages/airflow/example_dags/tutorial.py
[2023-07-05T12:56:44.220+0000] {processor.py:826} INFO - Processing file /home/airflow/.local/lib/python3.7/site-packages/airflow/example_dags/tutorial.py for tasks to queue
[2023-07-05T12:56:44.221+0000] {logging_mixin.py:149} INFO - [2023-07-05T12:56:44.221+0000] {dagbag.py:541} INFO - Filling up the DagBag from /home/airflow/.local/lib/python3.7/site-packages/airflow/example_dags/tutorial.py
[2023-07-05T12:56:44.229+0000] {processor.py:836} INFO - DAG(s) dict_keys(['tutorial']) retrieved from /home/airflow/.local/lib/python3.7/site-packages/airflow/example_dags/tutorial.py
[2023-07-05T12:56:44.261+0000] {logging_mixin.py:149} INFO - [2023-07-05T12:56:44.261+0000] {dag.py:2726} INFO - Sync 1 DAGs
[2023-07-05T12:56:44.295+0000] {logging_mixin.py:149} INFO - [2023-07-05T12:56:44.294+0000] {dag.py:3490} INFO - Setting next_dagrun for tutorial to 2023-07-04T12:56:44.294562+00:00, run_after=2023-07-05T12:56:44.294562+00:00
[2023-07-05T12:56:44.330+0000] {processor.py:179} INFO - Processing /home/airflow/.local/lib/python3.7/site-packages/airflow/example_dags/tutorial.py took 0.116 seconds
[2023-07-05T12:57:14.557+0000] {processor.py:157} INFO - Started process (PID=856) to work on /home/airflow/.local/lib/python3.7/site-packages/airflow/example_dags/tutorial.py
[2023-07-05T12:57:14.558+0000] {processor.py:826} INFO - Processing file /home/airflow/.local/lib/python3.7/site-packages/airflow/example_dags/tutorial.py for tasks to queue
[2023-07-05T12:57:14.559+0000] {logging_mixin.py:149} INFO - [2023-07-05T12:57:14.559+0000] {dagbag.py:541} INFO - Filling up the DagBag from /home/airflow/.local/lib/python3.7/site-packages/airflow/example_dags/tutorial.py
[2023-07-05T12:57:14.566+0000] {processor.py:836} INFO - DAG(s) dict_keys(['tutorial']) retrieved from /home/airflow/.local/lib/python3.7/site-packages/airflow/example_dags/tutorial.py
[2023-07-05T12:57:14.599+0000] {logging_mixin.py:149} INFO - [2023-07-05T12:57:14.599+0000] {dag.py:2726} INFO - Sync 1 DAGs
[2023-07-05T12:57:14.644+0000] {logging_mixin.py:149} INFO - [2023-07-05T12:57:14.644+0000] {dag.py:3490} INFO - Setting next_dagrun for tutorial to 2023-07-04T12:57:14.643797+00:00, run_after=2023-07-05T12:57:14.643797+00:00
[2023-07-05T12:57:14.671+0000] {processor.py:179} INFO - Processing /home/airflow/.local/lib/python3.7/site-packages/airflow/example_dags/tutorial.py took 0.119 seconds
[2023-07-05T12:57:44.794+0000] {processor.py:157} INFO - Started process (PID=913) to work on /home/airflow/.local/lib/python3.7/site-packages/airflow/example_dags/tutorial.py
[2023-07-05T12:57:44.795+0000] {processor.py:826} INFO - Processing file /home/airflow/.local/lib/python3.7/site-packages/airflow/example_dags/tutorial.py for tasks to queue
[2023-07-05T12:57:44.796+0000] {logging_mixin.py:149} INFO - [2023-07-05T12:57:44.796+0000] {dagbag.py:541} INFO - Filling up the DagBag from /home/airflow/.local/lib/python3.7/site-packages/airflow/example_dags/tutorial.py
[2023-07-05T12:57:44.803+0000] {processor.py:836} INFO - DAG(s) dict_keys(['tutorial']) retrieved from /home/airflow/.local/lib/python3.7/site-packages/airflow/example_dags/tutorial.py
[2023-07-05T12:57:44.836+0000] {logging_mixin.py:149} INFO - [2023-07-05T12:57:44.836+0000] {dag.py:2726} INFO - Sync 1 DAGs
[2023-07-05T12:57:44.874+0000] {logging_mixin.py:149} INFO - [2023-07-05T12:57:44.873+0000] {dag.py:3490} INFO - Setting next_dagrun for tutorial to 2023-07-04T12:57:44.873623+00:00, run_after=2023-07-05T12:57:44.873623+00:00
[2023-07-05T12:57:44.902+0000] {processor.py:179} INFO - Processing /home/airflow/.local/lib/python3.7/site-packages/airflow/example_dags/tutorial.py took 0.112 seconds
[2023-07-05T12:58:15.069+0000] {processor.py:157} INFO - Started process (PID=969) to work on /home/airflow/.local/lib/python3.7/site-packages/airflow/example_dags/tutorial.py
[2023-07-05T12:58:15.070+0000] {processor.py:826} INFO - Processing file /home/airflow/.local/lib/python3.7/site-packages/airflow/example_dags/tutorial.py for tasks to queue
[2023-07-05T12:58:15.071+0000] {logging_mixin.py:149} INFO - [2023-07-05T12:58:15.071+0000] {dagbag.py:541} INFO - Filling up the DagBag from /home/airflow/.local/lib/python3.7/site-packages/airflow/example_dags/tutorial.py
[2023-07-05T12:58:15.080+0000] {processor.py:836} INFO - DAG(s) dict_keys(['tutorial']) retrieved from /home/airflow/.local/lib/python3.7/site-packages/airflow/example_dags/tutorial.py
[2023-07-05T12:58:15.118+0000] {logging_mixin.py:149} INFO - [2023-07-05T12:58:15.118+0000] {dag.py:2726} INFO - Sync 1 DAGs
[2023-07-05T12:58:15.158+0000] {logging_mixin.py:149} INFO - [2023-07-05T12:58:15.158+0000] {dag.py:3490} INFO - Setting next_dagrun for tutorial to 2023-07-04T12:58:15.158253+00:00, run_after=2023-07-05T12:58:15.158253+00:00
[2023-07-05T12:58:15.190+0000] {processor.py:179} INFO - Processing /home/airflow/.local/lib/python3.7/site-packages/airflow/example_dags/tutorial.py took 0.125 seconds
[2023-07-05T12:58:45.516+0000] {processor.py:157} INFO - Started process (PID=1026) to work on /home/airflow/.local/lib/python3.7/site-packages/airflow/example_dags/tutorial.py
[2023-07-05T12:58:45.517+0000] {processor.py:826} INFO - Processing file /home/airflow/.local/lib/python3.7/site-packages/airflow/example_dags/tutorial.py for tasks to queue
[2023-07-05T12:58:45.518+0000] {logging_mixin.py:149} INFO - [2023-07-05T12:58:45.518+0000] {dagbag.py:541} INFO - Filling up the DagBag from /home/airflow/.local/lib/python3.7/site-packages/airflow/example_dags/tutorial.py
[2023-07-05T12:58:45.525+0000] {processor.py:836} INFO - DAG(s) dict_keys(['tutorial']) retrieved from /home/airflow/.local/lib/python3.7/site-packages/airflow/example_dags/tutorial.py
[2023-07-05T12:58:45.555+0000] {logging_mixin.py:149} INFO - [2023-07-05T12:58:45.555+0000] {dag.py:2726} INFO - Sync 1 DAGs
[2023-07-05T12:58:45.590+0000] {logging_mixin.py:149} INFO - [2023-07-05T12:58:45.589+0000] {dag.py:3490} INFO - Setting next_dagrun for tutorial to 2023-07-04T12:58:45.589488+00:00, run_after=2023-07-05T12:58:45.589488+00:00
[2023-07-05T12:58:45.616+0000] {processor.py:179} INFO - Processing /home/airflow/.local/lib/python3.7/site-packages/airflow/example_dags/tutorial.py took 0.104 seconds
[2023-07-05T12:59:15.853+0000] {processor.py:157} INFO - Started process (PID=1082) to work on /home/airflow/.local/lib/python3.7/site-packages/airflow/example_dags/tutorial.py
[2023-07-05T12:59:15.856+0000] {processor.py:826} INFO - Processing file /home/airflow/.local/lib/python3.7/site-packages/airflow/example_dags/tutorial.py for tasks to queue
[2023-07-05T12:59:15.857+0000] {logging_mixin.py:149} INFO - [2023-07-05T12:59:15.857+0000] {dagbag.py:541} INFO - Filling up the DagBag from /home/airflow/.local/lib/python3.7/site-packages/airflow/example_dags/tutorial.py
[2023-07-05T12:59:15.865+0000] {processor.py:836} INFO - DAG(s) dict_keys(['tutorial']) retrieved from /home/airflow/.local/lib/python3.7/site-packages/airflow/example_dags/tutorial.py
[2023-07-05T12:59:15.900+0000] {logging_mixin.py:149} INFO - [2023-07-05T12:59:15.900+0000] {dag.py:2726} INFO - Sync 1 DAGs
[2023-07-05T12:59:15.939+0000] {logging_mixin.py:149} INFO - [2023-07-05T12:59:15.938+0000] {dag.py:3490} INFO - Setting next_dagrun for tutorial to 2023-07-04T12:59:15.938430+00:00, run_after=2023-07-05T12:59:15.938430+00:00
[2023-07-05T12:59:15.975+0000] {processor.py:179} INFO - Processing /home/airflow/.local/lib/python3.7/site-packages/airflow/example_dags/tutorial.py took 0.127 seconds
[2023-07-05T12:59:46.195+0000] {processor.py:157} INFO - Started process (PID=1139) to work on /home/airflow/.local/lib/python3.7/site-packages/airflow/example_dags/tutorial.py
[2023-07-05T12:59:46.196+0000] {processor.py:826} INFO - Processing file /home/airflow/.local/lib/python3.7/site-packages/airflow/example_dags/tutorial.py for tasks to queue
[2023-07-05T12:59:46.197+0000] {logging_mixin.py:149} INFO - [2023-07-05T12:59:46.197+0000] {dagbag.py:541} INFO - Filling up the DagBag from /home/airflow/.local/lib/python3.7/site-packages/airflow/example_dags/tutorial.py
[2023-07-05T12:59:46.206+0000] {processor.py:836} INFO - DAG(s) dict_keys(['tutorial']) retrieved from /home/airflow/.local/lib/python3.7/site-packages/airflow/example_dags/tutorial.py
[2023-07-05T12:59:46.240+0000] {logging_mixin.py:149} INFO - [2023-07-05T12:59:46.240+0000] {dag.py:2726} INFO - Sync 1 DAGs
[2023-07-05T12:59:46.281+0000] {logging_mixin.py:149} INFO - [2023-07-05T12:59:46.281+0000] {dag.py:3490} INFO - Setting next_dagrun for tutorial to 2023-07-04T12:59:46.280886+00:00, run_after=2023-07-05T12:59:46.280886+00:00
[2023-07-05T12:59:46.328+0000] {processor.py:179} INFO - Processing /home/airflow/.local/lib/python3.7/site-packages/airflow/example_dags/tutorial.py took 0.136 seconds
[2023-07-05T13:00:16.971+0000] {processor.py:157} INFO - Started process (PID=1196) to work on /home/airflow/.local/lib/python3.7/site-packages/airflow/example_dags/tutorial.py
[2023-07-05T13:00:16.973+0000] {processor.py:826} INFO - Processing file /home/airflow/.local/lib/python3.7/site-packages/airflow/example_dags/tutorial.py for tasks to queue
[2023-07-05T13:00:16.974+0000] {logging_mixin.py:149} INFO - [2023-07-05T13:00:16.973+0000] {dagbag.py:541} INFO - Filling up the DagBag from /home/airflow/.local/lib/python3.7/site-packages/airflow/example_dags/tutorial.py
[2023-07-05T13:00:16.982+0000] {processor.py:836} INFO - DAG(s) dict_keys(['tutorial']) retrieved from /home/airflow/.local/lib/python3.7/site-packages/airflow/example_dags/tutorial.py
[2023-07-05T13:00:17.019+0000] {logging_mixin.py:149} INFO - [2023-07-05T13:00:17.019+0000] {dag.py:2726} INFO - Sync 1 DAGs
[2023-07-05T13:00:17.060+0000] {logging_mixin.py:149} INFO - [2023-07-05T13:00:17.059+0000] {dag.py:3490} INFO - Setting next_dagrun for tutorial to 2023-07-04T13:00:17.059588+00:00, run_after=2023-07-05T13:00:17.059588+00:00
[2023-07-05T13:00:17.089+0000] {processor.py:179} INFO - Processing /home/airflow/.local/lib/python3.7/site-packages/airflow/example_dags/tutorial.py took 0.123 seconds
[2023-07-05T13:00:47.251+0000] {processor.py:157} INFO - Started process (PID=1253) to work on /home/airflow/.local/lib/python3.7/site-packages/airflow/example_dags/tutorial.py
[2023-07-05T13:00:47.253+0000] {processor.py:826} INFO - Processing file /home/airflow/.local/lib/python3.7/site-packages/airflow/example_dags/tutorial.py for tasks to queue
[2023-07-05T13:00:47.255+0000] {logging_mixin.py:149} INFO - [2023-07-05T13:00:47.255+0000] {dagbag.py:541} INFO - Filling up the DagBag from /home/airflow/.local/lib/python3.7/site-packages/airflow/example_dags/tutorial.py
[2023-07-05T13:00:47.270+0000] {processor.py:836} INFO - DAG(s) dict_keys(['tutorial']) retrieved from /home/airflow/.local/lib/python3.7/site-packages/airflow/example_dags/tutorial.py
[2023-07-05T13:00:47.329+0000] {logging_mixin.py:149} INFO - [2023-07-05T13:00:47.329+0000] {dag.py:2726} INFO - Sync 1 DAGs
[2023-07-05T13:00:47.384+0000] {logging_mixin.py:149} INFO - [2023-07-05T13:00:47.384+0000] {dag.py:3490} INFO - Setting next_dagrun for tutorial to 2023-07-04T13:00:47.384290+00:00, run_after=2023-07-05T13:00:47.384290+00:00
[2023-07-05T13:00:47.426+0000] {processor.py:179} INFO - Processing /home/airflow/.local/lib/python3.7/site-packages/airflow/example_dags/tutorial.py took 0.183 seconds
[2023-07-05T13:01:17.583+0000] {processor.py:157} INFO - Started process (PID=1310) to work on /home/airflow/.local/lib/python3.7/site-packages/airflow/example_dags/tutorial.py
[2023-07-05T13:01:17.585+0000] {processor.py:826} INFO - Processing file /home/airflow/.local/lib/python3.7/site-packages/airflow/example_dags/tutorial.py for tasks to queue
[2023-07-05T13:01:17.585+0000] {logging_mixin.py:149} INFO - [2023-07-05T13:01:17.585+0000] {dagbag.py:541} INFO - Filling up the DagBag from /home/airflow/.local/lib/python3.7/site-packages/airflow/example_dags/tutorial.py
[2023-07-05T13:01:17.593+0000] {processor.py:836} INFO - DAG(s) dict_keys(['tutorial']) retrieved from /home/airflow/.local/lib/python3.7/site-packages/airflow/example_dags/tutorial.py
[2023-07-05T13:01:17.629+0000] {logging_mixin.py:149} INFO - [2023-07-05T13:01:17.629+0000] {dag.py:2726} INFO - Sync 1 DAGs
[2023-07-05T13:01:17.674+0000] {logging_mixin.py:149} INFO - [2023-07-05T13:01:17.674+0000] {dag.py:3490} INFO - Setting next_dagrun for tutorial to 2023-07-04T13:01:17.674233+00:00, run_after=2023-07-05T13:01:17.674233+00:00
[2023-07-05T13:01:17.720+0000] {processor.py:179} INFO - Processing /home/airflow/.local/lib/python3.7/site-packages/airflow/example_dags/tutorial.py took 0.140 seconds
[2023-07-05T13:01:47.843+0000] {processor.py:157} INFO - Started process (PID=1375) to work on /home/airflow/.local/lib/python3.7/site-packages/airflow/example_dags/tutorial.py
[2023-07-05T13:01:47.844+0000] {processor.py:826} INFO - Processing file /home/airflow/.local/lib/python3.7/site-packages/airflow/example_dags/tutorial.py for tasks to queue
[2023-07-05T13:01:47.845+0000] {logging_mixin.py:149} INFO - [2023-07-05T13:01:47.845+0000] {dagbag.py:541} INFO - Filling up the DagBag from /home/airflow/.local/lib/python3.7/site-packages/airflow/example_dags/tutorial.py
[2023-07-05T13:01:47.852+0000] {processor.py:836} INFO - DAG(s) dict_keys(['tutorial']) retrieved from /home/airflow/.local/lib/python3.7/site-packages/airflow/example_dags/tutorial.py
[2023-07-05T13:01:47.888+0000] {logging_mixin.py:149} INFO - [2023-07-05T13:01:47.887+0000] {dag.py:2726} INFO - Sync 1 DAGs
[2023-07-05T13:01:47.930+0000] {logging_mixin.py:149} INFO - [2023-07-05T13:01:47.930+0000] {dag.py:3490} INFO - Setting next_dagrun for tutorial to 2023-07-04T13:01:47.929975+00:00, run_after=2023-07-05T13:01:47.929975+00:00
[2023-07-05T13:01:47.960+0000] {processor.py:179} INFO - Processing /home/airflow/.local/lib/python3.7/site-packages/airflow/example_dags/tutorial.py took 0.121 seconds
[2023-07-05T13:02:18.158+0000] {processor.py:157} INFO - Started process (PID=1432) to work on /home/airflow/.local/lib/python3.7/site-packages/airflow/example_dags/tutorial.py
[2023-07-05T13:02:18.160+0000] {processor.py:826} INFO - Processing file /home/airflow/.local/lib/python3.7/site-packages/airflow/example_dags/tutorial.py for tasks to queue
[2023-07-05T13:02:18.161+0000] {logging_mixin.py:149} INFO - [2023-07-05T13:02:18.161+0000] {dagbag.py:541} INFO - Filling up the DagBag from /home/airflow/.local/lib/python3.7/site-packages/airflow/example_dags/tutorial.py
[2023-07-05T13:02:18.169+0000] {processor.py:836} INFO - DAG(s) dict_keys(['tutorial']) retrieved from /home/airflow/.local/lib/python3.7/site-packages/airflow/example_dags/tutorial.py
[2023-07-05T13:02:18.206+0000] {logging_mixin.py:149} INFO - [2023-07-05T13:02:18.206+0000] {dag.py:2726} INFO - Sync 1 DAGs
[2023-07-05T13:02:18.243+0000] {logging_mixin.py:149} INFO - [2023-07-05T13:02:18.243+0000] {dag.py:3490} INFO - Setting next_dagrun for tutorial to 2023-07-04T13:02:18.243132+00:00, run_after=2023-07-05T13:02:18.243132+00:00
[2023-07-05T13:02:18.273+0000] {processor.py:179} INFO - Processing /home/airflow/.local/lib/python3.7/site-packages/airflow/example_dags/tutorial.py took 0.119 seconds
[2023-07-05T13:02:48.410+0000] {processor.py:157} INFO - Started process (PID=1489) to work on /home/airflow/.local/lib/python3.7/site-packages/airflow/example_dags/tutorial.py
[2023-07-05T13:02:48.412+0000] {processor.py:826} INFO - Processing file /home/airflow/.local/lib/python3.7/site-packages/airflow/example_dags/tutorial.py for tasks to queue
[2023-07-05T13:02:48.413+0000] {logging_mixin.py:149} INFO - [2023-07-05T13:02:48.413+0000] {dagbag.py:541} INFO - Filling up the DagBag from /home/airflow/.local/lib/python3.7/site-packages/airflow/example_dags/tutorial.py
[2023-07-05T13:02:48.422+0000] {processor.py:836} INFO - DAG(s) dict_keys(['tutorial']) retrieved from /home/airflow/.local/lib/python3.7/site-packages/airflow/example_dags/tutorial.py
[2023-07-05T13:02:48.455+0000] {logging_mixin.py:149} INFO - [2023-07-05T13:02:48.454+0000] {dag.py:2726} INFO - Sync 1 DAGs
[2023-07-05T13:02:48.492+0000] {logging_mixin.py:149} INFO - [2023-07-05T13:02:48.491+0000] {dag.py:3490} INFO - Setting next_dagrun for tutorial to 2023-07-04T13:02:48.491621+00:00, run_after=2023-07-05T13:02:48.491621+00:00
[2023-07-05T13:02:48.530+0000] {processor.py:179} INFO - Processing /home/airflow/.local/lib/python3.7/site-packages/airflow/example_dags/tutorial.py took 0.124 seconds
[2023-07-05T13:03:18.827+0000] {processor.py:157} INFO - Started process (PID=1546) to work on /home/airflow/.local/lib/python3.7/site-packages/airflow/example_dags/tutorial.py
[2023-07-05T13:03:18.828+0000] {processor.py:826} INFO - Processing file /home/airflow/.local/lib/python3.7/site-packages/airflow/example_dags/tutorial.py for tasks to queue
[2023-07-05T13:03:18.829+0000] {logging_mixin.py:149} INFO - [2023-07-05T13:03:18.829+0000] {dagbag.py:541} INFO - Filling up the DagBag from /home/airflow/.local/lib/python3.7/site-packages/airflow/example_dags/tutorial.py
[2023-07-05T13:03:18.836+0000] {processor.py:836} INFO - DAG(s) dict_keys(['tutorial']) retrieved from /home/airflow/.local/lib/python3.7/site-packages/airflow/example_dags/tutorial.py
[2023-07-05T13:03:18.869+0000] {logging_mixin.py:149} INFO - [2023-07-05T13:03:18.869+0000] {dag.py:2726} INFO - Sync 1 DAGs
[2023-07-05T13:03:18.905+0000] {logging_mixin.py:149} INFO - [2023-07-05T13:03:18.905+0000] {dag.py:3490} INFO - Setting next_dagrun for tutorial to 2023-07-04T13:03:18.904916+00:00, run_after=2023-07-05T13:03:18.904916+00:00
[2023-07-05T13:03:18.937+0000] {processor.py:179} INFO - Processing /home/airflow/.local/lib/python3.7/site-packages/airflow/example_dags/tutorial.py took 0.114 seconds
[2023-07-05T13:03:49.163+0000] {processor.py:157} INFO - Started process (PID=1603) to work on /home/airflow/.local/lib/python3.7/site-packages/airflow/example_dags/tutorial.py
[2023-07-05T13:03:49.164+0000] {processor.py:826} INFO - Processing file /home/airflow/.local/lib/python3.7/site-packages/airflow/example_dags/tutorial.py for tasks to queue
[2023-07-05T13:03:49.165+0000] {logging_mixin.py:149} INFO - [2023-07-05T13:03:49.165+0000] {dagbag.py:541} INFO - Filling up the DagBag from /home/airflow/.local/lib/python3.7/site-packages/airflow/example_dags/tutorial.py
[2023-07-05T13:03:49.172+0000] {processor.py:836} INFO - DAG(s) dict_keys(['tutorial']) retrieved from /home/airflow/.local/lib/python3.7/site-packages/airflow/example_dags/tutorial.py
[2023-07-05T13:03:49.208+0000] {logging_mixin.py:149} INFO - [2023-07-05T13:03:49.208+0000] {dag.py:2726} INFO - Sync 1 DAGs
[2023-07-05T13:03:49.254+0000] {logging_mixin.py:149} INFO - [2023-07-05T13:03:49.253+0000] {dag.py:3490} INFO - Setting next_dagrun for tutorial to 2023-07-04T13:03:49.253379+00:00, run_after=2023-07-05T13:03:49.253379+00:00
[2023-07-05T13:03:49.279+0000] {processor.py:179} INFO - Processing /home/airflow/.local/lib/python3.7/site-packages/airflow/example_dags/tutorial.py took 0.120 seconds
[2023-07-05T13:04:19.479+0000] {processor.py:157} INFO - Started process (PID=1659) to work on /home/airflow/.local/lib/python3.7/site-packages/airflow/example_dags/tutorial.py
[2023-07-05T13:04:19.480+0000] {processor.py:826} INFO - Processing file /home/airflow/.local/lib/python3.7/site-packages/airflow/example_dags/tutorial.py for tasks to queue
[2023-07-05T13:04:19.481+0000] {logging_mixin.py:149} INFO - [2023-07-05T13:04:19.481+0000] {dagbag.py:541} INFO - Filling up the DagBag from /home/airflow/.local/lib/python3.7/site-packages/airflow/example_dags/tutorial.py
[2023-07-05T13:04:19.489+0000] {processor.py:836} INFO - DAG(s) dict_keys(['tutorial']) retrieved from /home/airflow/.local/lib/python3.7/site-packages/airflow/example_dags/tutorial.py
[2023-07-05T13:04:19.523+0000] {logging_mixin.py:149} INFO - [2023-07-05T13:04:19.522+0000] {dag.py:2726} INFO - Sync 1 DAGs
[2023-07-05T13:04:19.561+0000] {logging_mixin.py:149} INFO - [2023-07-05T13:04:19.561+0000] {dag.py:3490} INFO - Setting next_dagrun for tutorial to 2023-07-04T13:04:19.561352+00:00, run_after=2023-07-05T13:04:19.561352+00:00
[2023-07-05T13:04:19.595+0000] {processor.py:179} INFO - Processing /home/airflow/.local/lib/python3.7/site-packages/airflow/example_dags/tutorial.py took 0.121 seconds
[2023-07-05T13:04:49.734+0000] {processor.py:157} INFO - Started process (PID=1716) to work on /home/airflow/.local/lib/python3.7/site-packages/airflow/example_dags/tutorial.py
[2023-07-05T13:04:49.735+0000] {processor.py:826} INFO - Processing file /home/airflow/.local/lib/python3.7/site-packages/airflow/example_dags/tutorial.py for tasks to queue
[2023-07-05T13:04:49.736+0000] {logging_mixin.py:149} INFO - [2023-07-05T13:04:49.736+0000] {dagbag.py:541} INFO - Filling up the DagBag from /home/airflow/.local/lib/python3.7/site-packages/airflow/example_dags/tutorial.py
[2023-07-05T13:04:49.744+0000] {processor.py:836} INFO - DAG(s) dict_keys(['tutorial']) retrieved from /home/airflow/.local/lib/python3.7/site-packages/airflow/example_dags/tutorial.py
[2023-07-05T13:04:49.779+0000] {logging_mixin.py:149} INFO - [2023-07-05T13:04:49.778+0000] {dag.py:2726} INFO - Sync 1 DAGs
[2023-07-05T13:04:49.822+0000] {logging_mixin.py:149} INFO - [2023-07-05T13:04:49.822+0000] {dag.py:3490} INFO - Setting next_dagrun for tutorial to 2023-07-04T13:04:49.822068+00:00, run_after=2023-07-05T13:04:49.822068+00:00
[2023-07-05T13:04:49.852+0000] {processor.py:179} INFO - Processing /home/airflow/.local/lib/python3.7/site-packages/airflow/example_dags/tutorial.py took 0.122 seconds
[2023-07-05T13:05:20.095+0000] {processor.py:157} INFO - Started process (PID=1774) to work on /home/airflow/.local/lib/python3.7/site-packages/airflow/example_dags/tutorial.py
[2023-07-05T13:05:20.097+0000] {processor.py:826} INFO - Processing file /home/airflow/.local/lib/python3.7/site-packages/airflow/example_dags/tutorial.py for tasks to queue
[2023-07-05T13:05:20.098+0000] {logging_mixin.py:149} INFO - [2023-07-05T13:05:20.098+0000] {dagbag.py:541} INFO - Filling up the DagBag from /home/airflow/.local/lib/python3.7/site-packages/airflow/example_dags/tutorial.py
[2023-07-05T13:05:20.107+0000] {processor.py:836} INFO - DAG(s) dict_keys(['tutorial']) retrieved from /home/airflow/.local/lib/python3.7/site-packages/airflow/example_dags/tutorial.py
[2023-07-05T13:05:20.158+0000] {logging_mixin.py:149} INFO - [2023-07-05T13:05:20.158+0000] {dag.py:2726} INFO - Sync 1 DAGs
[2023-07-05T13:05:20.199+0000] {logging_mixin.py:149} INFO - [2023-07-05T13:05:20.198+0000] {dag.py:3490} INFO - Setting next_dagrun for tutorial to 2023-07-04T13:05:20.198572+00:00, run_after=2023-07-05T13:05:20.198572+00:00
[2023-07-05T13:05:20.233+0000] {processor.py:179} INFO - Processing /home/airflow/.local/lib/python3.7/site-packages/airflow/example_dags/tutorial.py took 0.146 seconds
[2023-07-05T13:05:50.460+0000] {processor.py:157} INFO - Started process (PID=1831) to work on /home/airflow/.local/lib/python3.7/site-packages/airflow/example_dags/tutorial.py
[2023-07-05T13:05:50.461+0000] {processor.py:826} INFO - Processing file /home/airflow/.local/lib/python3.7/site-packages/airflow/example_dags/tutorial.py for tasks to queue
[2023-07-05T13:05:50.462+0000] {logging_mixin.py:149} INFO - [2023-07-05T13:05:50.461+0000] {dagbag.py:541} INFO - Filling up the DagBag from /home/airflow/.local/lib/python3.7/site-packages/airflow/example_dags/tutorial.py
[2023-07-05T13:05:50.469+0000] {processor.py:836} INFO - DAG(s) dict_keys(['tutorial']) retrieved from /home/airflow/.local/lib/python3.7/site-packages/airflow/example_dags/tutorial.py
[2023-07-05T13:05:50.504+0000] {logging_mixin.py:149} INFO - [2023-07-05T13:05:50.504+0000] {dag.py:2726} INFO - Sync 1 DAGs
[2023-07-05T13:05:50.545+0000] {logging_mixin.py:149} INFO - [2023-07-05T13:05:50.545+0000] {dag.py:3490} INFO - Setting next_dagrun for tutorial to 2023-07-04T13:05:50.544829+00:00, run_after=2023-07-05T13:05:50.544829+00:00
[2023-07-05T13:05:50.575+0000] {processor.py:179} INFO - Processing /home/airflow/.local/lib/python3.7/site-packages/airflow/example_dags/tutorial.py took 0.120 seconds
[2023-07-05T13:06:20.858+0000] {processor.py:157} INFO - Started process (PID=1888) to work on /home/airflow/.local/lib/python3.7/site-packages/airflow/example_dags/tutorial.py
[2023-07-05T13:06:20.859+0000] {processor.py:826} INFO - Processing file /home/airflow/.local/lib/python3.7/site-packages/airflow/example_dags/tutorial.py for tasks to queue
[2023-07-05T13:06:20.860+0000] {logging_mixin.py:149} INFO - [2023-07-05T13:06:20.859+0000] {dagbag.py:541} INFO - Filling up the DagBag from /home/airflow/.local/lib/python3.7/site-packages/airflow/example_dags/tutorial.py
[2023-07-05T13:06:20.866+0000] {processor.py:836} INFO - DAG(s) dict_keys(['tutorial']) retrieved from /home/airflow/.local/lib/python3.7/site-packages/airflow/example_dags/tutorial.py
[2023-07-05T13:06:20.907+0000] {logging_mixin.py:149} INFO - [2023-07-05T13:06:20.907+0000] {dag.py:2726} INFO - Sync 1 DAGs
[2023-07-05T13:06:20.952+0000] {logging_mixin.py:149} INFO - [2023-07-05T13:06:20.951+0000] {dag.py:3490} INFO - Setting next_dagrun for tutorial to 2023-07-04T13:06:20.951650+00:00, run_after=2023-07-05T13:06:20.951650+00:00
[2023-07-05T13:06:20.991+0000] {processor.py:179} INFO - Processing /home/airflow/.local/lib/python3.7/site-packages/airflow/example_dags/tutorial.py took 0.137 seconds
[2023-07-05T13:06:51.296+0000] {processor.py:157} INFO - Started process (PID=1945) to work on /home/airflow/.local/lib/python3.7/site-packages/airflow/example_dags/tutorial.py
[2023-07-05T13:06:51.297+0000] {processor.py:826} INFO - Processing file /home/airflow/.local/lib/python3.7/site-packages/airflow/example_dags/tutorial.py for tasks to queue
[2023-07-05T13:06:51.298+0000] {logging_mixin.py:149} INFO - [2023-07-05T13:06:51.298+0000] {dagbag.py:541} INFO - Filling up the DagBag from /home/airflow/.local/lib/python3.7/site-packages/airflow/example_dags/tutorial.py
[2023-07-05T13:06:51.305+0000] {processor.py:836} INFO - DAG(s) dict_keys(['tutorial']) retrieved from /home/airflow/.local/lib/python3.7/site-packages/airflow/example_dags/tutorial.py
[2023-07-05T13:06:51.340+0000] {logging_mixin.py:149} INFO - [2023-07-05T13:06:51.339+0000] {dag.py:2726} INFO - Sync 1 DAGs
[2023-07-05T13:06:51.384+0000] {logging_mixin.py:149} INFO - [2023-07-05T13:06:51.384+0000] {dag.py:3490} INFO - Setting next_dagrun for tutorial to 2023-07-04T13:06:51.383641+00:00, run_after=2023-07-05T13:06:51.383641+00:00
[2023-07-05T13:06:51.415+0000] {processor.py:179} INFO - Processing /home/airflow/.local/lib/python3.7/site-packages/airflow/example_dags/tutorial.py took 0.123 seconds
[2023-07-05T13:07:21.655+0000] {processor.py:157} INFO - Started process (PID=2002) to work on /home/airflow/.local/lib/python3.7/site-packages/airflow/example_dags/tutorial.py
[2023-07-05T13:07:21.657+0000] {processor.py:826} INFO - Processing file /home/airflow/.local/lib/python3.7/site-packages/airflow/example_dags/tutorial.py for tasks to queue
[2023-07-05T13:07:21.659+0000] {logging_mixin.py:149} INFO - [2023-07-05T13:07:21.659+0000] {dagbag.py:541} INFO - Filling up the DagBag from /home/airflow/.local/lib/python3.7/site-packages/airflow/example_dags/tutorial.py
[2023-07-05T13:07:21.669+0000] {processor.py:836} INFO - DAG(s) dict_keys(['tutorial']) retrieved from /home/airflow/.local/lib/python3.7/site-packages/airflow/example_dags/tutorial.py
[2023-07-05T13:07:21.699+0000] {logging_mixin.py:149} INFO - [2023-07-05T13:07:21.699+0000] {dag.py:2726} INFO - Sync 1 DAGs
[2023-07-05T13:07:21.731+0000] {logging_mixin.py:149} INFO - [2023-07-05T13:07:21.730+0000] {dag.py:3490} INFO - Setting next_dagrun for tutorial to 2023-07-04T13:07:21.730571+00:00, run_after=2023-07-05T13:07:21.730571+00:00
[2023-07-05T13:07:21.757+0000] {processor.py:179} INFO - Processing /home/airflow/.local/lib/python3.7/site-packages/airflow/example_dags/tutorial.py took 0.106 seconds
[2023-07-05T13:07:51.923+0000] {processor.py:157} INFO - Started process (PID=2058) to work on /home/airflow/.local/lib/python3.7/site-packages/airflow/example_dags/tutorial.py
[2023-07-05T13:07:51.924+0000] {processor.py:826} INFO - Processing file /home/airflow/.local/lib/python3.7/site-packages/airflow/example_dags/tutorial.py for tasks to queue
[2023-07-05T13:07:51.925+0000] {logging_mixin.py:149} INFO - [2023-07-05T13:07:51.925+0000] {dagbag.py:541} INFO - Filling up the DagBag from /home/airflow/.local/lib/python3.7/site-packages/airflow/example_dags/tutorial.py
[2023-07-05T13:07:51.933+0000] {processor.py:836} INFO - DAG(s) dict_keys(['tutorial']) retrieved from /home/airflow/.local/lib/python3.7/site-packages/airflow/example_dags/tutorial.py
[2023-07-05T13:07:51.963+0000] {logging_mixin.py:149} INFO - [2023-07-05T13:07:51.963+0000] {dag.py:2726} INFO - Sync 1 DAGs
[2023-07-05T13:07:52.001+0000] {logging_mixin.py:149} INFO - [2023-07-05T13:07:52.001+0000] {dag.py:3490} INFO - Setting next_dagrun for tutorial to 2023-07-04T13:07:52.000959+00:00, run_after=2023-07-05T13:07:52.000959+00:00
[2023-07-05T13:07:52.032+0000] {processor.py:179} INFO - Processing /home/airflow/.local/lib/python3.7/site-packages/airflow/example_dags/tutorial.py took 0.113 seconds
[2023-07-05T13:08:22.203+0000] {processor.py:157} INFO - Started process (PID=2115) to work on /home/airflow/.local/lib/python3.7/site-packages/airflow/example_dags/tutorial.py
[2023-07-05T13:08:22.204+0000] {processor.py:826} INFO - Processing file /home/airflow/.local/lib/python3.7/site-packages/airflow/example_dags/tutorial.py for tasks to queue
[2023-07-05T13:08:22.205+0000] {logging_mixin.py:149} INFO - [2023-07-05T13:08:22.205+0000] {dagbag.py:541} INFO - Filling up the DagBag from /home/airflow/.local/lib/python3.7/site-packages/airflow/example_dags/tutorial.py
[2023-07-05T13:08:22.214+0000] {processor.py:836} INFO - DAG(s) dict_keys(['tutorial']) retrieved from /home/airflow/.local/lib/python3.7/site-packages/airflow/example_dags/tutorial.py
[2023-07-05T13:08:22.253+0000] {logging_mixin.py:149} INFO - [2023-07-05T13:08:22.253+0000] {dag.py:2726} INFO - Sync 1 DAGs
[2023-07-05T13:08:22.292+0000] {logging_mixin.py:149} INFO - [2023-07-05T13:08:22.292+0000] {dag.py:3490} INFO - Setting next_dagrun for tutorial to 2023-07-04T13:08:22.291787+00:00, run_after=2023-07-05T13:08:22.291787+00:00
[2023-07-05T13:08:22.335+0000] {processor.py:179} INFO - Processing /home/airflow/.local/lib/python3.7/site-packages/airflow/example_dags/tutorial.py took 0.137 seconds
[2023-07-05T13:08:52.809+0000] {processor.py:157} INFO - Started process (PID=2172) to work on /home/airflow/.local/lib/python3.7/site-packages/airflow/example_dags/tutorial.py
[2023-07-05T13:08:52.811+0000] {processor.py:826} INFO - Processing file /home/airflow/.local/lib/python3.7/site-packages/airflow/example_dags/tutorial.py for tasks to queue
[2023-07-05T13:08:52.812+0000] {logging_mixin.py:149} INFO - [2023-07-05T13:08:52.812+0000] {dagbag.py:541} INFO - Filling up the DagBag from /home/airflow/.local/lib/python3.7/site-packages/airflow/example_dags/tutorial.py
[2023-07-05T13:08:52.819+0000] {processor.py:836} INFO - DAG(s) dict_keys(['tutorial']) retrieved from /home/airflow/.local/lib/python3.7/site-packages/airflow/example_dags/tutorial.py
[2023-07-05T13:08:52.854+0000] {logging_mixin.py:149} INFO - [2023-07-05T13:08:52.854+0000] {dag.py:2726} INFO - Sync 1 DAGs
[2023-07-05T13:08:52.895+0000] {logging_mixin.py:149} INFO - [2023-07-05T13:08:52.894+0000] {dag.py:3490} INFO - Setting next_dagrun for tutorial to 2023-07-04T13:08:52.894624+00:00, run_after=2023-07-05T13:08:52.894624+00:00
[2023-07-05T13:08:52.922+0000] {processor.py:179} INFO - Processing /home/airflow/.local/lib/python3.7/site-packages/airflow/example_dags/tutorial.py took 0.118 seconds
[2023-07-05T13:09:23.283+0000] {processor.py:157} INFO - Started process (PID=2229) to work on /home/airflow/.local/lib/python3.7/site-packages/airflow/example_dags/tutorial.py
[2023-07-05T13:09:23.284+0000] {processor.py:826} INFO - Processing file /home/airflow/.local/lib/python3.7/site-packages/airflow/example_dags/tutorial.py for tasks to queue
[2023-07-05T13:09:23.285+0000] {logging_mixin.py:149} INFO - [2023-07-05T13:09:23.285+0000] {dagbag.py:541} INFO - Filling up the DagBag from /home/airflow/.local/lib/python3.7/site-packages/airflow/example_dags/tutorial.py
[2023-07-05T13:09:23.292+0000] {processor.py:836} INFO - DAG(s) dict_keys(['tutorial']) retrieved from /home/airflow/.local/lib/python3.7/site-packages/airflow/example_dags/tutorial.py
[2023-07-05T13:09:23.330+0000] {logging_mixin.py:149} INFO - [2023-07-05T13:09:23.329+0000] {dag.py:2726} INFO - Sync 1 DAGs
[2023-07-05T13:09:23.374+0000] {logging_mixin.py:149} INFO - [2023-07-05T13:09:23.374+0000] {dag.py:3490} INFO - Setting next_dagrun for tutorial to 2023-07-04T13:09:23.374034+00:00, run_after=2023-07-05T13:09:23.374034+00:00
[2023-07-05T13:09:23.407+0000] {processor.py:179} INFO - Processing /home/airflow/.local/lib/python3.7/site-packages/airflow/example_dags/tutorial.py took 0.128 seconds
[2023-07-05T13:09:53.748+0000] {processor.py:157} INFO - Started process (PID=2286) to work on /home/airflow/.local/lib/python3.7/site-packages/airflow/example_dags/tutorial.py
[2023-07-05T13:09:53.749+0000] {processor.py:826} INFO - Processing file /home/airflow/.local/lib/python3.7/site-packages/airflow/example_dags/tutorial.py for tasks to queue
[2023-07-05T13:09:53.750+0000] {logging_mixin.py:149} INFO - [2023-07-05T13:09:53.750+0000] {dagbag.py:541} INFO - Filling up the DagBag from /home/airflow/.local/lib/python3.7/site-packages/airflow/example_dags/tutorial.py
[2023-07-05T13:09:53.759+0000] {processor.py:836} INFO - DAG(s) dict_keys(['tutorial']) retrieved from /home/airflow/.local/lib/python3.7/site-packages/airflow/example_dags/tutorial.py
[2023-07-05T13:09:53.793+0000] {logging_mixin.py:149} INFO - [2023-07-05T13:09:53.792+0000] {dag.py:2726} INFO - Sync 1 DAGs
[2023-07-05T13:09:53.828+0000] {logging_mixin.py:149} INFO - [2023-07-05T13:09:53.828+0000] {dag.py:3490} INFO - Setting next_dagrun for tutorial to 2023-07-04T13:09:53.827982+00:00, run_after=2023-07-05T13:09:53.827982+00:00
[2023-07-05T13:09:53.854+0000] {processor.py:179} INFO - Processing /home/airflow/.local/lib/python3.7/site-packages/airflow/example_dags/tutorial.py took 0.110 seconds
[2023-07-05T13:10:24.095+0000] {processor.py:157} INFO - Started process (PID=2343) to work on /home/airflow/.local/lib/python3.7/site-packages/airflow/example_dags/tutorial.py
[2023-07-05T13:10:24.097+0000] {processor.py:826} INFO - Processing file /home/airflow/.local/lib/python3.7/site-packages/airflow/example_dags/tutorial.py for tasks to queue
[2023-07-05T13:10:24.097+0000] {logging_mixin.py:149} INFO - [2023-07-05T13:10:24.097+0000] {dagbag.py:541} INFO - Filling up the DagBag from /home/airflow/.local/lib/python3.7/site-packages/airflow/example_dags/tutorial.py
[2023-07-05T13:10:24.105+0000] {processor.py:836} INFO - DAG(s) dict_keys(['tutorial']) retrieved from /home/airflow/.local/lib/python3.7/site-packages/airflow/example_dags/tutorial.py
[2023-07-05T13:10:24.139+0000] {logging_mixin.py:149} INFO - [2023-07-05T13:10:24.139+0000] {dag.py:2726} INFO - Sync 1 DAGs
[2023-07-05T13:10:24.175+0000] {logging_mixin.py:149} INFO - [2023-07-05T13:10:24.175+0000] {dag.py:3490} INFO - Setting next_dagrun for tutorial to 2023-07-04T13:10:24.174805+00:00, run_after=2023-07-05T13:10:24.174805+00:00
[2023-07-05T13:10:24.198+0000] {processor.py:179} INFO - Processing /home/airflow/.local/lib/python3.7/site-packages/airflow/example_dags/tutorial.py took 0.108 seconds
[2023-07-05T13:10:54.463+0000] {processor.py:157} INFO - Started process (PID=2400) to work on /home/airflow/.local/lib/python3.7/site-packages/airflow/example_dags/tutorial.py
[2023-07-05T13:10:54.464+0000] {processor.py:826} INFO - Processing file /home/airflow/.local/lib/python3.7/site-packages/airflow/example_dags/tutorial.py for tasks to queue
[2023-07-05T13:10:54.465+0000] {logging_mixin.py:149} INFO - [2023-07-05T13:10:54.465+0000] {dagbag.py:541} INFO - Filling up the DagBag from /home/airflow/.local/lib/python3.7/site-packages/airflow/example_dags/tutorial.py
[2023-07-05T13:10:54.472+0000] {processor.py:836} INFO - DAG(s) dict_keys(['tutorial']) retrieved from /home/airflow/.local/lib/python3.7/site-packages/airflow/example_dags/tutorial.py
[2023-07-05T13:10:54.501+0000] {logging_mixin.py:149} INFO - [2023-07-05T13:10:54.501+0000] {dag.py:2726} INFO - Sync 1 DAGs
[2023-07-05T13:10:54.539+0000] {logging_mixin.py:149} INFO - [2023-07-05T13:10:54.539+0000] {dag.py:3490} INFO - Setting next_dagrun for tutorial to 2023-07-04T13:10:54.539023+00:00, run_after=2023-07-05T13:10:54.539023+00:00
[2023-07-05T13:10:54.576+0000] {processor.py:179} INFO - Processing /home/airflow/.local/lib/python3.7/site-packages/airflow/example_dags/tutorial.py took 0.116 seconds
[2023-07-05T13:11:24.899+0000] {processor.py:157} INFO - Started process (PID=2457) to work on /home/airflow/.local/lib/python3.7/site-packages/airflow/example_dags/tutorial.py
[2023-07-05T13:11:24.900+0000] {processor.py:826} INFO - Processing file /home/airflow/.local/lib/python3.7/site-packages/airflow/example_dags/tutorial.py for tasks to queue
[2023-07-05T13:11:24.901+0000] {logging_mixin.py:149} INFO - [2023-07-05T13:11:24.901+0000] {dagbag.py:541} INFO - Filling up the DagBag from /home/airflow/.local/lib/python3.7/site-packages/airflow/example_dags/tutorial.py
[2023-07-05T13:11:24.908+0000] {processor.py:836} INFO - DAG(s) dict_keys(['tutorial']) retrieved from /home/airflow/.local/lib/python3.7/site-packages/airflow/example_dags/tutorial.py
[2023-07-05T13:11:24.946+0000] {logging_mixin.py:149} INFO - [2023-07-05T13:11:24.946+0000] {dag.py:2726} INFO - Sync 1 DAGs
[2023-07-05T13:11:24.987+0000] {logging_mixin.py:149} INFO - [2023-07-05T13:11:24.987+0000] {dag.py:3490} INFO - Setting next_dagrun for tutorial to 2023-07-04T13:11:24.987069+00:00, run_after=2023-07-05T13:11:24.987069+00:00
[2023-07-05T13:11:25.017+0000] {processor.py:179} INFO - Processing /home/airflow/.local/lib/python3.7/site-packages/airflow/example_dags/tutorial.py took 0.122 seconds
[2023-07-05T13:11:55.264+0000] {processor.py:157} INFO - Started process (PID=2514) to work on /home/airflow/.local/lib/python3.7/site-packages/airflow/example_dags/tutorial.py
[2023-07-05T13:11:55.265+0000] {processor.py:826} INFO - Processing file /home/airflow/.local/lib/python3.7/site-packages/airflow/example_dags/tutorial.py for tasks to queue
[2023-07-05T13:11:55.266+0000] {logging_mixin.py:149} INFO - [2023-07-05T13:11:55.266+0000] {dagbag.py:541} INFO - Filling up the DagBag from /home/airflow/.local/lib/python3.7/site-packages/airflow/example_dags/tutorial.py
[2023-07-05T13:11:55.274+0000] {processor.py:836} INFO - DAG(s) dict_keys(['tutorial']) retrieved from /home/airflow/.local/lib/python3.7/site-packages/airflow/example_dags/tutorial.py
[2023-07-05T13:11:55.313+0000] {logging_mixin.py:149} INFO - [2023-07-05T13:11:55.312+0000] {dag.py:2726} INFO - Sync 1 DAGs
[2023-07-05T13:11:55.351+0000] {logging_mixin.py:149} INFO - [2023-07-05T13:11:55.351+0000] {dag.py:3490} INFO - Setting next_dagrun for tutorial to 2023-07-04T13:11:55.350687+00:00, run_after=2023-07-05T13:11:55.350687+00:00
[2023-07-05T13:11:55.379+0000] {processor.py:179} INFO - Processing /home/airflow/.local/lib/python3.7/site-packages/airflow/example_dags/tutorial.py took 0.120 seconds
[2023-07-05T13:12:26.025+0000] {processor.py:157} INFO - Started process (PID=2571) to work on /home/airflow/.local/lib/python3.7/site-packages/airflow/example_dags/tutorial.py
[2023-07-05T13:12:26.027+0000] {processor.py:826} INFO - Processing file /home/airflow/.local/lib/python3.7/site-packages/airflow/example_dags/tutorial.py for tasks to queue
[2023-07-05T13:12:26.028+0000] {logging_mixin.py:149} INFO - [2023-07-05T13:12:26.028+0000] {dagbag.py:541} INFO - Filling up the DagBag from /home/airflow/.local/lib/python3.7/site-packages/airflow/example_dags/tutorial.py
[2023-07-05T13:12:26.036+0000] {processor.py:836} INFO - DAG(s) dict_keys(['tutorial']) retrieved from /home/airflow/.local/lib/python3.7/site-packages/airflow/example_dags/tutorial.py
[2023-07-05T13:12:26.079+0000] {logging_mixin.py:149} INFO - [2023-07-05T13:12:26.078+0000] {dag.py:2726} INFO - Sync 1 DAGs
[2023-07-05T13:12:26.124+0000] {logging_mixin.py:149} INFO - [2023-07-05T13:12:26.124+0000] {dag.py:3490} INFO - Setting next_dagrun for tutorial to 2023-07-04T13:12:26.124311+00:00, run_after=2023-07-05T13:12:26.124311+00:00
[2023-07-05T13:12:26.158+0000] {processor.py:179} INFO - Processing /home/airflow/.local/lib/python3.7/site-packages/airflow/example_dags/tutorial.py took 0.138 seconds
[2023-07-05T13:12:56.278+0000] {processor.py:157} INFO - Started process (PID=2628) to work on /home/airflow/.local/lib/python3.7/site-packages/airflow/example_dags/tutorial.py
[2023-07-05T13:12:56.279+0000] {processor.py:826} INFO - Processing file /home/airflow/.local/lib/python3.7/site-packages/airflow/example_dags/tutorial.py for tasks to queue
[2023-07-05T13:12:56.280+0000] {logging_mixin.py:149} INFO - [2023-07-05T13:12:56.280+0000] {dagbag.py:541} INFO - Filling up the DagBag from /home/airflow/.local/lib/python3.7/site-packages/airflow/example_dags/tutorial.py
[2023-07-05T13:12:56.288+0000] {processor.py:836} INFO - DAG(s) dict_keys(['tutorial']) retrieved from /home/airflow/.local/lib/python3.7/site-packages/airflow/example_dags/tutorial.py
[2023-07-05T13:12:56.321+0000] {logging_mixin.py:149} INFO - [2023-07-05T13:12:56.321+0000] {dag.py:2726} INFO - Sync 1 DAGs
[2023-07-05T13:12:56.363+0000] {logging_mixin.py:149} INFO - [2023-07-05T13:12:56.362+0000] {dag.py:3490} INFO - Setting next_dagrun for tutorial to 2023-07-04T13:12:56.362460+00:00, run_after=2023-07-05T13:12:56.362460+00:00
[2023-07-05T13:12:56.390+0000] {processor.py:179} INFO - Processing /home/airflow/.local/lib/python3.7/site-packages/airflow/example_dags/tutorial.py took 0.118 seconds
[2023-07-05T13:13:26.656+0000] {processor.py:157} INFO - Started process (PID=2685) to work on /home/airflow/.local/lib/python3.7/site-packages/airflow/example_dags/tutorial.py
[2023-07-05T13:13:26.658+0000] {processor.py:826} INFO - Processing file /home/airflow/.local/lib/python3.7/site-packages/airflow/example_dags/tutorial.py for tasks to queue
[2023-07-05T13:13:26.659+0000] {logging_mixin.py:149} INFO - [2023-07-05T13:13:26.659+0000] {dagbag.py:541} INFO - Filling up the DagBag from /home/airflow/.local/lib/python3.7/site-packages/airflow/example_dags/tutorial.py
[2023-07-05T13:13:26.666+0000] {processor.py:836} INFO - DAG(s) dict_keys(['tutorial']) retrieved from /home/airflow/.local/lib/python3.7/site-packages/airflow/example_dags/tutorial.py
[2023-07-05T13:13:26.703+0000] {logging_mixin.py:149} INFO - [2023-07-05T13:13:26.703+0000] {dag.py:2726} INFO - Sync 1 DAGs
[2023-07-05T13:13:26.745+0000] {logging_mixin.py:149} INFO - [2023-07-05T13:13:26.745+0000] {dag.py:3490} INFO - Setting next_dagrun for tutorial to 2023-07-04T13:13:26.745171+00:00, run_after=2023-07-05T13:13:26.745171+00:00
[2023-07-05T13:13:26.773+0000] {processor.py:179} INFO - Processing /home/airflow/.local/lib/python3.7/site-packages/airflow/example_dags/tutorial.py took 0.121 seconds
[2023-07-05T13:13:56.856+0000] {processor.py:157} INFO - Started process (PID=2743) to work on /home/airflow/.local/lib/python3.7/site-packages/airflow/example_dags/tutorial.py
[2023-07-05T13:13:56.857+0000] {processor.py:826} INFO - Processing file /home/airflow/.local/lib/python3.7/site-packages/airflow/example_dags/tutorial.py for tasks to queue
[2023-07-05T13:13:56.858+0000] {logging_mixin.py:149} INFO - [2023-07-05T13:13:56.858+0000] {dagbag.py:541} INFO - Filling up the DagBag from /home/airflow/.local/lib/python3.7/site-packages/airflow/example_dags/tutorial.py
[2023-07-05T13:13:56.865+0000] {processor.py:836} INFO - DAG(s) dict_keys(['tutorial']) retrieved from /home/airflow/.local/lib/python3.7/site-packages/airflow/example_dags/tutorial.py
[2023-07-05T13:13:56.907+0000] {logging_mixin.py:149} INFO - [2023-07-05T13:13:56.907+0000] {dag.py:2726} INFO - Sync 1 DAGs
[2023-07-05T13:13:56.946+0000] {logging_mixin.py:149} INFO - [2023-07-05T13:13:56.946+0000] {dag.py:3490} INFO - Setting next_dagrun for tutorial to 2023-07-04T13:13:56.945725+00:00, run_after=2023-07-05T13:13:56.945725+00:00
[2023-07-05T13:13:56.976+0000] {processor.py:179} INFO - Processing /home/airflow/.local/lib/python3.7/site-packages/airflow/example_dags/tutorial.py took 0.124 seconds
[2023-07-05T13:14:27.367+0000] {processor.py:157} INFO - Started process (PID=2800) to work on /home/airflow/.local/lib/python3.7/site-packages/airflow/example_dags/tutorial.py
[2023-07-05T13:14:27.369+0000] {processor.py:826} INFO - Processing file /home/airflow/.local/lib/python3.7/site-packages/airflow/example_dags/tutorial.py for tasks to queue
[2023-07-05T13:14:27.370+0000] {logging_mixin.py:149} INFO - [2023-07-05T13:14:27.369+0000] {dagbag.py:541} INFO - Filling up the DagBag from /home/airflow/.local/lib/python3.7/site-packages/airflow/example_dags/tutorial.py
[2023-07-05T13:14:27.378+0000] {processor.py:836} INFO - DAG(s) dict_keys(['tutorial']) retrieved from /home/airflow/.local/lib/python3.7/site-packages/airflow/example_dags/tutorial.py
[2023-07-05T13:14:27.413+0000] {logging_mixin.py:149} INFO - [2023-07-05T13:14:27.413+0000] {dag.py:2726} INFO - Sync 1 DAGs
[2023-07-05T13:14:27.455+0000] {logging_mixin.py:149} INFO - [2023-07-05T13:14:27.455+0000] {dag.py:3490} INFO - Setting next_dagrun for tutorial to 2023-07-04T13:14:27.454708+00:00, run_after=2023-07-05T13:14:27.454708+00:00
[2023-07-05T13:14:27.480+0000] {processor.py:179} INFO - Processing /home/airflow/.local/lib/python3.7/site-packages/airflow/example_dags/tutorial.py took 0.116 seconds
[2023-07-05T13:14:57.588+0000] {processor.py:157} INFO - Started process (PID=2856) to work on /home/airflow/.local/lib/python3.7/site-packages/airflow/example_dags/tutorial.py
[2023-07-05T13:14:57.595+0000] {processor.py:826} INFO - Processing file /home/airflow/.local/lib/python3.7/site-packages/airflow/example_dags/tutorial.py for tasks to queue
[2023-07-05T13:14:57.600+0000] {logging_mixin.py:149} INFO - [2023-07-05T13:14:57.600+0000] {dagbag.py:541} INFO - Filling up the DagBag from /home/airflow/.local/lib/python3.7/site-packages/airflow/example_dags/tutorial.py
[2023-07-05T13:14:57.611+0000] {processor.py:836} INFO - DAG(s) dict_keys(['tutorial']) retrieved from /home/airflow/.local/lib/python3.7/site-packages/airflow/example_dags/tutorial.py
[2023-07-05T13:14:57.656+0000] {logging_mixin.py:149} INFO - [2023-07-05T13:14:57.656+0000] {dag.py:2726} INFO - Sync 1 DAGs
[2023-07-05T13:14:57.703+0000] {logging_mixin.py:149} INFO - [2023-07-05T13:14:57.703+0000] {dag.py:3490} INFO - Setting next_dagrun for tutorial to 2023-07-04T13:14:57.702858+00:00, run_after=2023-07-05T13:14:57.702858+00:00
[2023-07-05T13:14:57.737+0000] {processor.py:179} INFO - Processing /home/airflow/.local/lib/python3.7/site-packages/airflow/example_dags/tutorial.py took 0.155 seconds
[2023-07-05T13:15:28.026+0000] {processor.py:157} INFO - Started process (PID=2913) to work on /home/airflow/.local/lib/python3.7/site-packages/airflow/example_dags/tutorial.py
[2023-07-05T13:15:28.028+0000] {processor.py:826} INFO - Processing file /home/airflow/.local/lib/python3.7/site-packages/airflow/example_dags/tutorial.py for tasks to queue
[2023-07-05T13:15:28.028+0000] {logging_mixin.py:149} INFO - [2023-07-05T13:15:28.028+0000] {dagbag.py:541} INFO - Filling up the DagBag from /home/airflow/.local/lib/python3.7/site-packages/airflow/example_dags/tutorial.py
[2023-07-05T13:15:28.035+0000] {processor.py:836} INFO - DAG(s) dict_keys(['tutorial']) retrieved from /home/airflow/.local/lib/python3.7/site-packages/airflow/example_dags/tutorial.py
[2023-07-05T13:15:28.069+0000] {logging_mixin.py:149} INFO - [2023-07-05T13:15:28.069+0000] {dag.py:2726} INFO - Sync 1 DAGs
[2023-07-05T13:15:28.112+0000] {logging_mixin.py:149} INFO - [2023-07-05T13:15:28.112+0000] {dag.py:3490} INFO - Setting next_dagrun for tutorial to 2023-07-04T13:15:28.111738+00:00, run_after=2023-07-05T13:15:28.111738+00:00
[2023-07-05T13:15:28.141+0000] {processor.py:179} INFO - Processing /home/airflow/.local/lib/python3.7/site-packages/airflow/example_dags/tutorial.py took 0.119 seconds
[2023-07-05T13:15:58.333+0000] {processor.py:157} INFO - Started process (PID=2970) to work on /home/airflow/.local/lib/python3.7/site-packages/airflow/example_dags/tutorial.py
[2023-07-05T13:15:58.334+0000] {processor.py:826} INFO - Processing file /home/airflow/.local/lib/python3.7/site-packages/airflow/example_dags/tutorial.py for tasks to queue
[2023-07-05T13:15:58.335+0000] {logging_mixin.py:149} INFO - [2023-07-05T13:15:58.335+0000] {dagbag.py:541} INFO - Filling up the DagBag from /home/airflow/.local/lib/python3.7/site-packages/airflow/example_dags/tutorial.py
[2023-07-05T13:15:58.343+0000] {processor.py:836} INFO - DAG(s) dict_keys(['tutorial']) retrieved from /home/airflow/.local/lib/python3.7/site-packages/airflow/example_dags/tutorial.py
[2023-07-05T13:15:58.380+0000] {logging_mixin.py:149} INFO - [2023-07-05T13:15:58.379+0000] {dag.py:2726} INFO - Sync 1 DAGs
[2023-07-05T13:15:58.421+0000] {logging_mixin.py:149} INFO - [2023-07-05T13:15:58.421+0000] {dag.py:3490} INFO - Setting next_dagrun for tutorial to 2023-07-04T13:15:58.421344+00:00, run_after=2023-07-05T13:15:58.421344+00:00
[2023-07-05T13:15:58.454+0000] {processor.py:179} INFO - Processing /home/airflow/.local/lib/python3.7/site-packages/airflow/example_dags/tutorial.py took 0.125 seconds
[2023-07-05T13:16:28.702+0000] {processor.py:157} INFO - Started process (PID=3027) to work on /home/airflow/.local/lib/python3.7/site-packages/airflow/example_dags/tutorial.py
[2023-07-05T13:16:28.703+0000] {processor.py:826} INFO - Processing file /home/airflow/.local/lib/python3.7/site-packages/airflow/example_dags/tutorial.py for tasks to queue
[2023-07-05T13:16:28.704+0000] {logging_mixin.py:149} INFO - [2023-07-05T13:16:28.703+0000] {dagbag.py:541} INFO - Filling up the DagBag from /home/airflow/.local/lib/python3.7/site-packages/airflow/example_dags/tutorial.py
[2023-07-05T13:16:28.711+0000] {processor.py:836} INFO - DAG(s) dict_keys(['tutorial']) retrieved from /home/airflow/.local/lib/python3.7/site-packages/airflow/example_dags/tutorial.py
[2023-07-05T13:16:28.750+0000] {logging_mixin.py:149} INFO - [2023-07-05T13:16:28.750+0000] {dag.py:2726} INFO - Sync 1 DAGs
[2023-07-05T13:16:28.796+0000] {logging_mixin.py:149} INFO - [2023-07-05T13:16:28.795+0000] {dag.py:3490} INFO - Setting next_dagrun for tutorial to 2023-07-04T13:16:28.795429+00:00, run_after=2023-07-05T13:16:28.795429+00:00
[2023-07-05T13:16:28.828+0000] {processor.py:179} INFO - Processing /home/airflow/.local/lib/python3.7/site-packages/airflow/example_dags/tutorial.py took 0.130 seconds
[2023-07-05T13:16:59.272+0000] {processor.py:157} INFO - Started process (PID=3083) to work on /home/airflow/.local/lib/python3.7/site-packages/airflow/example_dags/tutorial.py
[2023-07-05T13:16:59.274+0000] {processor.py:826} INFO - Processing file /home/airflow/.local/lib/python3.7/site-packages/airflow/example_dags/tutorial.py for tasks to queue
[2023-07-05T13:16:59.275+0000] {logging_mixin.py:149} INFO - [2023-07-05T13:16:59.275+0000] {dagbag.py:541} INFO - Filling up the DagBag from /home/airflow/.local/lib/python3.7/site-packages/airflow/example_dags/tutorial.py
[2023-07-05T13:16:59.283+0000] {processor.py:836} INFO - DAG(s) dict_keys(['tutorial']) retrieved from /home/airflow/.local/lib/python3.7/site-packages/airflow/example_dags/tutorial.py
[2023-07-05T13:16:59.322+0000] {logging_mixin.py:149} INFO - [2023-07-05T13:16:59.322+0000] {dag.py:2726} INFO - Sync 1 DAGs
[2023-07-05T13:16:59.368+0000] {logging_mixin.py:149} INFO - [2023-07-05T13:16:59.368+0000] {dag.py:3490} INFO - Setting next_dagrun for tutorial to 2023-07-04T13:16:59.368338+00:00, run_after=2023-07-05T13:16:59.368338+00:00
[2023-07-05T13:16:59.401+0000] {processor.py:179} INFO - Processing /home/airflow/.local/lib/python3.7/site-packages/airflow/example_dags/tutorial.py took 0.133 seconds
[2023-07-05T13:17:29.844+0000] {processor.py:157} INFO - Started process (PID=3140) to work on /home/airflow/.local/lib/python3.7/site-packages/airflow/example_dags/tutorial.py
[2023-07-05T13:17:29.844+0000] {processor.py:826} INFO - Processing file /home/airflow/.local/lib/python3.7/site-packages/airflow/example_dags/tutorial.py for tasks to queue
[2023-07-05T13:17:29.845+0000] {logging_mixin.py:149} INFO - [2023-07-05T13:17:29.845+0000] {dagbag.py:541} INFO - Filling up the DagBag from /home/airflow/.local/lib/python3.7/site-packages/airflow/example_dags/tutorial.py
[2023-07-05T13:17:29.853+0000] {processor.py:836} INFO - DAG(s) dict_keys(['tutorial']) retrieved from /home/airflow/.local/lib/python3.7/site-packages/airflow/example_dags/tutorial.py
[2023-07-05T13:17:29.892+0000] {logging_mixin.py:149} INFO - [2023-07-05T13:17:29.892+0000] {dag.py:2726} INFO - Sync 1 DAGs
[2023-07-05T13:17:29.936+0000] {logging_mixin.py:149} INFO - [2023-07-05T13:17:29.936+0000] {dag.py:3490} INFO - Setting next_dagrun for tutorial to 2023-07-04T13:17:29.936221+00:00, run_after=2023-07-05T13:17:29.936221+00:00
[2023-07-05T13:17:29.972+0000] {processor.py:179} INFO - Processing /home/airflow/.local/lib/python3.7/site-packages/airflow/example_dags/tutorial.py took 0.132 seconds
[2023-07-05T13:18:00.242+0000] {processor.py:157} INFO - Started process (PID=3197) to work on /home/airflow/.local/lib/python3.7/site-packages/airflow/example_dags/tutorial.py
[2023-07-05T13:18:00.244+0000] {processor.py:826} INFO - Processing file /home/airflow/.local/lib/python3.7/site-packages/airflow/example_dags/tutorial.py for tasks to queue
[2023-07-05T13:18:00.245+0000] {logging_mixin.py:149} INFO - [2023-07-05T13:18:00.245+0000] {dagbag.py:541} INFO - Filling up the DagBag from /home/airflow/.local/lib/python3.7/site-packages/airflow/example_dags/tutorial.py
[2023-07-05T13:18:00.254+0000] {processor.py:836} INFO - DAG(s) dict_keys(['tutorial']) retrieved from /home/airflow/.local/lib/python3.7/site-packages/airflow/example_dags/tutorial.py
[2023-07-05T13:18:00.293+0000] {logging_mixin.py:149} INFO - [2023-07-05T13:18:00.293+0000] {dag.py:2726} INFO - Sync 1 DAGs
[2023-07-05T13:18:00.330+0000] {logging_mixin.py:149} INFO - [2023-07-05T13:18:00.330+0000] {dag.py:3490} INFO - Setting next_dagrun for tutorial to 2023-07-04T13:18:00.330305+00:00, run_after=2023-07-05T13:18:00.330305+00:00
[2023-07-05T13:18:00.355+0000] {processor.py:179} INFO - Processing /home/airflow/.local/lib/python3.7/site-packages/airflow/example_dags/tutorial.py took 0.119 seconds
