[2023-07-05T12:49:54.286+0000] {processor.py:157} INFO - Started process (PID=35) to work on /home/airflow/.local/lib/python3.7/site-packages/airflow/example_dags/tutorial_dag.py
[2023-07-05T12:49:54.301+0000] {processor.py:826} INFO - Processing file /home/airflow/.local/lib/python3.7/site-packages/airflow/example_dags/tutorial_dag.py for tasks to queue
[2023-07-05T12:49:54.304+0000] {logging_mixin.py:149} INFO - [2023-07-05T12:49:54.304+0000] {dagbag.py:541} INFO - Filling up the DagBag from /home/airflow/.local/lib/python3.7/site-packages/airflow/example_dags/tutorial_dag.py
[2023-07-05T12:49:54.362+0000] {processor.py:836} INFO - DAG(s) dict_keys(['tutorial_dag']) retrieved from /home/airflow/.local/lib/python3.7/site-packages/airflow/example_dags/tutorial_dag.py
[2023-07-05T12:49:54.488+0000] {logging_mixin.py:149} INFO - [2023-07-05T12:49:54.488+0000] {dag.py:2726} INFO - Sync 1 DAGs
[2023-07-05T12:49:54.567+0000] {logging_mixin.py:149} INFO - [2023-07-05T12:49:54.566+0000] {dag.py:3490} INFO - Setting next_dagrun for tutorial_dag to None, run_after=None
[2023-07-05T12:49:54.622+0000] {processor.py:179} INFO - Processing /home/airflow/.local/lib/python3.7/site-packages/airflow/example_dags/tutorial_dag.py took 0.399 seconds
[2023-07-05T12:50:25.829+0000] {processor.py:157} INFO - Started process (PID=92) to work on /home/airflow/.local/lib/python3.7/site-packages/airflow/example_dags/tutorial_dag.py
[2023-07-05T12:50:25.946+0000] {processor.py:826} INFO - Processing file /home/airflow/.local/lib/python3.7/site-packages/airflow/example_dags/tutorial_dag.py for tasks to queue
[2023-07-05T12:50:26.014+0000] {logging_mixin.py:149} INFO - [2023-07-05T12:50:26.012+0000] {dagbag.py:541} INFO - Filling up the DagBag from /home/airflow/.local/lib/python3.7/site-packages/airflow/example_dags/tutorial_dag.py
[2023-07-05T12:50:26.177+0000] {processor.py:836} INFO - DAG(s) dict_keys(['tutorial_dag']) retrieved from /home/airflow/.local/lib/python3.7/site-packages/airflow/example_dags/tutorial_dag.py
[2023-07-05T12:50:27.700+0000] {logging_mixin.py:149} INFO - [2023-07-05T12:50:27.699+0000] {dag.py:2726} INFO - Sync 1 DAGs
[2023-07-05T12:50:28.591+0000] {logging_mixin.py:149} INFO - [2023-07-05T12:50:28.591+0000] {dag.py:3490} INFO - Setting next_dagrun for tutorial_dag to None, run_after=None
[2023-07-05T12:50:29.080+0000] {processor.py:179} INFO - Processing /home/airflow/.local/lib/python3.7/site-packages/airflow/example_dags/tutorial_dag.py took 3.614 seconds
[2023-07-05T12:50:59.407+0000] {processor.py:157} INFO - Started process (PID=149) to work on /home/airflow/.local/lib/python3.7/site-packages/airflow/example_dags/tutorial_dag.py
[2023-07-05T12:50:59.408+0000] {processor.py:826} INFO - Processing file /home/airflow/.local/lib/python3.7/site-packages/airflow/example_dags/tutorial_dag.py for tasks to queue
[2023-07-05T12:50:59.409+0000] {logging_mixin.py:149} INFO - [2023-07-05T12:50:59.409+0000] {dagbag.py:541} INFO - Filling up the DagBag from /home/airflow/.local/lib/python3.7/site-packages/airflow/example_dags/tutorial_dag.py
[2023-07-05T12:50:59.422+0000] {processor.py:836} INFO - DAG(s) dict_keys(['tutorial_dag']) retrieved from /home/airflow/.local/lib/python3.7/site-packages/airflow/example_dags/tutorial_dag.py
[2023-07-05T12:50:59.576+0000] {logging_mixin.py:149} INFO - [2023-07-05T12:50:59.575+0000] {dag.py:2726} INFO - Sync 1 DAGs
[2023-07-05T12:50:59.664+0000] {logging_mixin.py:149} INFO - [2023-07-05T12:50:59.663+0000] {dag.py:3490} INFO - Setting next_dagrun for tutorial_dag to None, run_after=None
[2023-07-05T12:50:59.715+0000] {processor.py:179} INFO - Processing /home/airflow/.local/lib/python3.7/site-packages/airflow/example_dags/tutorial_dag.py took 0.313 seconds
[2023-07-05T12:51:29.957+0000] {processor.py:157} INFO - Started process (PID=206) to work on /home/airflow/.local/lib/python3.7/site-packages/airflow/example_dags/tutorial_dag.py
[2023-07-05T12:51:29.959+0000] {processor.py:826} INFO - Processing file /home/airflow/.local/lib/python3.7/site-packages/airflow/example_dags/tutorial_dag.py for tasks to queue
[2023-07-05T12:51:29.961+0000] {logging_mixin.py:149} INFO - [2023-07-05T12:51:29.960+0000] {dagbag.py:541} INFO - Filling up the DagBag from /home/airflow/.local/lib/python3.7/site-packages/airflow/example_dags/tutorial_dag.py
[2023-07-05T12:51:29.969+0000] {processor.py:836} INFO - DAG(s) dict_keys(['tutorial_dag']) retrieved from /home/airflow/.local/lib/python3.7/site-packages/airflow/example_dags/tutorial_dag.py
[2023-07-05T12:51:30.012+0000] {logging_mixin.py:149} INFO - [2023-07-05T12:51:30.012+0000] {dag.py:2726} INFO - Sync 1 DAGs
[2023-07-05T12:51:30.062+0000] {logging_mixin.py:149} INFO - [2023-07-05T12:51:30.062+0000] {dag.py:3490} INFO - Setting next_dagrun for tutorial_dag to None, run_after=None
[2023-07-05T12:51:30.095+0000] {processor.py:179} INFO - Processing /home/airflow/.local/lib/python3.7/site-packages/airflow/example_dags/tutorial_dag.py took 0.144 seconds
[2023-07-05T12:52:00.328+0000] {processor.py:157} INFO - Started process (PID=263) to work on /home/airflow/.local/lib/python3.7/site-packages/airflow/example_dags/tutorial_dag.py
[2023-07-05T12:52:00.331+0000] {processor.py:826} INFO - Processing file /home/airflow/.local/lib/python3.7/site-packages/airflow/example_dags/tutorial_dag.py for tasks to queue
[2023-07-05T12:52:00.336+0000] {logging_mixin.py:149} INFO - [2023-07-05T12:52:00.335+0000] {dagbag.py:541} INFO - Filling up the DagBag from /home/airflow/.local/lib/python3.7/site-packages/airflow/example_dags/tutorial_dag.py
[2023-07-05T12:52:00.348+0000] {processor.py:836} INFO - DAG(s) dict_keys(['tutorial_dag']) retrieved from /home/airflow/.local/lib/python3.7/site-packages/airflow/example_dags/tutorial_dag.py
[2023-07-05T12:52:00.421+0000] {logging_mixin.py:149} INFO - [2023-07-05T12:52:00.420+0000] {dag.py:2726} INFO - Sync 1 DAGs
[2023-07-05T12:52:00.471+0000] {logging_mixin.py:149} INFO - [2023-07-05T12:52:00.470+0000] {dag.py:3490} INFO - Setting next_dagrun for tutorial_dag to None, run_after=None
[2023-07-05T12:52:00.503+0000] {processor.py:179} INFO - Processing /home/airflow/.local/lib/python3.7/site-packages/airflow/example_dags/tutorial_dag.py took 0.182 seconds
[2023-07-05T12:52:30.739+0000] {processor.py:157} INFO - Started process (PID=320) to work on /home/airflow/.local/lib/python3.7/site-packages/airflow/example_dags/tutorial_dag.py
[2023-07-05T12:52:30.741+0000] {processor.py:826} INFO - Processing file /home/airflow/.local/lib/python3.7/site-packages/airflow/example_dags/tutorial_dag.py for tasks to queue
[2023-07-05T12:52:30.742+0000] {logging_mixin.py:149} INFO - [2023-07-05T12:52:30.742+0000] {dagbag.py:541} INFO - Filling up the DagBag from /home/airflow/.local/lib/python3.7/site-packages/airflow/example_dags/tutorial_dag.py
[2023-07-05T12:52:30.749+0000] {processor.py:836} INFO - DAG(s) dict_keys(['tutorial_dag']) retrieved from /home/airflow/.local/lib/python3.7/site-packages/airflow/example_dags/tutorial_dag.py
[2023-07-05T12:52:30.784+0000] {logging_mixin.py:149} INFO - [2023-07-05T12:52:30.783+0000] {dag.py:2726} INFO - Sync 1 DAGs
[2023-07-05T12:52:30.818+0000] {logging_mixin.py:149} INFO - [2023-07-05T12:52:30.817+0000] {dag.py:3490} INFO - Setting next_dagrun for tutorial_dag to None, run_after=None
[2023-07-05T12:52:30.979+0000] {processor.py:179} INFO - Processing /home/airflow/.local/lib/python3.7/site-packages/airflow/example_dags/tutorial_dag.py took 0.243 seconds
[2023-07-05T12:53:01.225+0000] {processor.py:157} INFO - Started process (PID=377) to work on /home/airflow/.local/lib/python3.7/site-packages/airflow/example_dags/tutorial_dag.py
[2023-07-05T12:53:01.226+0000] {processor.py:826} INFO - Processing file /home/airflow/.local/lib/python3.7/site-packages/airflow/example_dags/tutorial_dag.py for tasks to queue
[2023-07-05T12:53:01.227+0000] {logging_mixin.py:149} INFO - [2023-07-05T12:53:01.227+0000] {dagbag.py:541} INFO - Filling up the DagBag from /home/airflow/.local/lib/python3.7/site-packages/airflow/example_dags/tutorial_dag.py
[2023-07-05T12:53:01.235+0000] {processor.py:836} INFO - DAG(s) dict_keys(['tutorial_dag']) retrieved from /home/airflow/.local/lib/python3.7/site-packages/airflow/example_dags/tutorial_dag.py
[2023-07-05T12:53:01.274+0000] {logging_mixin.py:149} INFO - [2023-07-05T12:53:01.273+0000] {dag.py:2726} INFO - Sync 1 DAGs
[2023-07-05T12:53:01.311+0000] {logging_mixin.py:149} INFO - [2023-07-05T12:53:01.310+0000] {dag.py:3490} INFO - Setting next_dagrun for tutorial_dag to None, run_after=None
[2023-07-05T12:53:01.340+0000] {processor.py:179} INFO - Processing /home/airflow/.local/lib/python3.7/site-packages/airflow/example_dags/tutorial_dag.py took 0.119 seconds
[2023-07-05T12:53:31.685+0000] {processor.py:157} INFO - Started process (PID=434) to work on /home/airflow/.local/lib/python3.7/site-packages/airflow/example_dags/tutorial_dag.py
[2023-07-05T12:53:31.687+0000] {processor.py:826} INFO - Processing file /home/airflow/.local/lib/python3.7/site-packages/airflow/example_dags/tutorial_dag.py for tasks to queue
[2023-07-05T12:53:31.688+0000] {logging_mixin.py:149} INFO - [2023-07-05T12:53:31.688+0000] {dagbag.py:541} INFO - Filling up the DagBag from /home/airflow/.local/lib/python3.7/site-packages/airflow/example_dags/tutorial_dag.py
[2023-07-05T12:53:31.695+0000] {processor.py:836} INFO - DAG(s) dict_keys(['tutorial_dag']) retrieved from /home/airflow/.local/lib/python3.7/site-packages/airflow/example_dags/tutorial_dag.py
[2023-07-05T12:53:31.738+0000] {logging_mixin.py:149} INFO - [2023-07-05T12:53:31.738+0000] {dag.py:2726} INFO - Sync 1 DAGs
[2023-07-05T12:53:31.971+0000] {logging_mixin.py:149} INFO - [2023-07-05T12:53:31.970+0000] {dag.py:3490} INFO - Setting next_dagrun for tutorial_dag to None, run_after=None
[2023-07-05T12:53:32.003+0000] {processor.py:179} INFO - Processing /home/airflow/.local/lib/python3.7/site-packages/airflow/example_dags/tutorial_dag.py took 0.323 seconds
[2023-07-05T12:54:02.513+0000] {processor.py:157} INFO - Started process (PID=491) to work on /home/airflow/.local/lib/python3.7/site-packages/airflow/example_dags/tutorial_dag.py
[2023-07-05T12:54:02.515+0000] {processor.py:826} INFO - Processing file /home/airflow/.local/lib/python3.7/site-packages/airflow/example_dags/tutorial_dag.py for tasks to queue
[2023-07-05T12:54:02.517+0000] {logging_mixin.py:149} INFO - [2023-07-05T12:54:02.516+0000] {dagbag.py:541} INFO - Filling up the DagBag from /home/airflow/.local/lib/python3.7/site-packages/airflow/example_dags/tutorial_dag.py
[2023-07-05T12:54:02.524+0000] {processor.py:836} INFO - DAG(s) dict_keys(['tutorial_dag']) retrieved from /home/airflow/.local/lib/python3.7/site-packages/airflow/example_dags/tutorial_dag.py
[2023-07-05T12:54:02.567+0000] {logging_mixin.py:149} INFO - [2023-07-05T12:54:02.567+0000] {dag.py:2726} INFO - Sync 1 DAGs
[2023-07-05T12:54:02.604+0000] {logging_mixin.py:149} INFO - [2023-07-05T12:54:02.604+0000] {dag.py:3490} INFO - Setting next_dagrun for tutorial_dag to None, run_after=None
[2023-07-05T12:54:02.639+0000] {processor.py:179} INFO - Processing /home/airflow/.local/lib/python3.7/site-packages/airflow/example_dags/tutorial_dag.py took 0.132 seconds
[2023-07-05T12:54:32.750+0000] {processor.py:157} INFO - Started process (PID=548) to work on /home/airflow/.local/lib/python3.7/site-packages/airflow/example_dags/tutorial_dag.py
[2023-07-05T12:54:32.751+0000] {processor.py:826} INFO - Processing file /home/airflow/.local/lib/python3.7/site-packages/airflow/example_dags/tutorial_dag.py for tasks to queue
[2023-07-05T12:54:32.752+0000] {logging_mixin.py:149} INFO - [2023-07-05T12:54:32.752+0000] {dagbag.py:541} INFO - Filling up the DagBag from /home/airflow/.local/lib/python3.7/site-packages/airflow/example_dags/tutorial_dag.py
[2023-07-05T12:54:32.762+0000] {processor.py:836} INFO - DAG(s) dict_keys(['tutorial_dag']) retrieved from /home/airflow/.local/lib/python3.7/site-packages/airflow/example_dags/tutorial_dag.py
[2023-07-05T12:54:32.803+0000] {logging_mixin.py:149} INFO - [2023-07-05T12:54:32.802+0000] {dag.py:2726} INFO - Sync 1 DAGs
[2023-07-05T12:54:32.844+0000] {logging_mixin.py:149} INFO - [2023-07-05T12:54:32.843+0000] {dag.py:3490} INFO - Setting next_dagrun for tutorial_dag to None, run_after=None
[2023-07-05T12:54:32.874+0000] {processor.py:179} INFO - Processing /home/airflow/.local/lib/python3.7/site-packages/airflow/example_dags/tutorial_dag.py took 0.130 seconds
[2023-07-05T12:55:03.204+0000] {processor.py:157} INFO - Started process (PID=605) to work on /home/airflow/.local/lib/python3.7/site-packages/airflow/example_dags/tutorial_dag.py
[2023-07-05T12:55:03.206+0000] {processor.py:826} INFO - Processing file /home/airflow/.local/lib/python3.7/site-packages/airflow/example_dags/tutorial_dag.py for tasks to queue
[2023-07-05T12:55:03.206+0000] {logging_mixin.py:149} INFO - [2023-07-05T12:55:03.206+0000] {dagbag.py:541} INFO - Filling up the DagBag from /home/airflow/.local/lib/python3.7/site-packages/airflow/example_dags/tutorial_dag.py
[2023-07-05T12:55:03.215+0000] {processor.py:836} INFO - DAG(s) dict_keys(['tutorial_dag']) retrieved from /home/airflow/.local/lib/python3.7/site-packages/airflow/example_dags/tutorial_dag.py
[2023-07-05T12:55:03.253+0000] {logging_mixin.py:149} INFO - [2023-07-05T12:55:03.253+0000] {dag.py:2726} INFO - Sync 1 DAGs
[2023-07-05T12:55:03.473+0000] {logging_mixin.py:149} INFO - [2023-07-05T12:55:03.472+0000] {dag.py:3490} INFO - Setting next_dagrun for tutorial_dag to None, run_after=None
[2023-07-05T12:55:03.500+0000] {processor.py:179} INFO - Processing /home/airflow/.local/lib/python3.7/site-packages/airflow/example_dags/tutorial_dag.py took 0.300 seconds
[2023-07-05T12:55:33.576+0000] {processor.py:157} INFO - Started process (PID=662) to work on /home/airflow/.local/lib/python3.7/site-packages/airflow/example_dags/tutorial_dag.py
[2023-07-05T12:55:33.578+0000] {processor.py:826} INFO - Processing file /home/airflow/.local/lib/python3.7/site-packages/airflow/example_dags/tutorial_dag.py for tasks to queue
[2023-07-05T12:55:33.578+0000] {logging_mixin.py:149} INFO - [2023-07-05T12:55:33.578+0000] {dagbag.py:541} INFO - Filling up the DagBag from /home/airflow/.local/lib/python3.7/site-packages/airflow/example_dags/tutorial_dag.py
[2023-07-05T12:55:33.584+0000] {processor.py:836} INFO - DAG(s) dict_keys(['tutorial_dag']) retrieved from /home/airflow/.local/lib/python3.7/site-packages/airflow/example_dags/tutorial_dag.py
[2023-07-05T12:55:33.626+0000] {logging_mixin.py:149} INFO - [2023-07-05T12:55:33.625+0000] {dag.py:2726} INFO - Sync 1 DAGs
[2023-07-05T12:55:33.668+0000] {logging_mixin.py:149} INFO - [2023-07-05T12:55:33.667+0000] {dag.py:3490} INFO - Setting next_dagrun for tutorial_dag to None, run_after=None
[2023-07-05T12:55:33.695+0000] {processor.py:179} INFO - Processing /home/airflow/.local/lib/python3.7/site-packages/airflow/example_dags/tutorial_dag.py took 0.124 seconds
[2023-07-05T12:56:03.810+0000] {processor.py:157} INFO - Started process (PID=719) to work on /home/airflow/.local/lib/python3.7/site-packages/airflow/example_dags/tutorial_dag.py
[2023-07-05T12:56:03.811+0000] {processor.py:826} INFO - Processing file /home/airflow/.local/lib/python3.7/site-packages/airflow/example_dags/tutorial_dag.py for tasks to queue
[2023-07-05T12:56:03.812+0000] {logging_mixin.py:149} INFO - [2023-07-05T12:56:03.812+0000] {dagbag.py:541} INFO - Filling up the DagBag from /home/airflow/.local/lib/python3.7/site-packages/airflow/example_dags/tutorial_dag.py
[2023-07-05T12:56:03.818+0000] {processor.py:836} INFO - DAG(s) dict_keys(['tutorial_dag']) retrieved from /home/airflow/.local/lib/python3.7/site-packages/airflow/example_dags/tutorial_dag.py
[2023-07-05T12:56:03.857+0000] {logging_mixin.py:149} INFO - [2023-07-05T12:56:03.857+0000] {dag.py:2726} INFO - Sync 1 DAGs
[2023-07-05T12:56:04.058+0000] {logging_mixin.py:149} INFO - [2023-07-05T12:56:04.058+0000] {dag.py:3490} INFO - Setting next_dagrun for tutorial_dag to None, run_after=None
[2023-07-05T12:56:04.092+0000] {processor.py:179} INFO - Processing /home/airflow/.local/lib/python3.7/site-packages/airflow/example_dags/tutorial_dag.py took 0.288 seconds
[2023-07-05T12:56:34.553+0000] {processor.py:157} INFO - Started process (PID=775) to work on /home/airflow/.local/lib/python3.7/site-packages/airflow/example_dags/tutorial_dag.py
[2023-07-05T12:56:34.555+0000] {processor.py:826} INFO - Processing file /home/airflow/.local/lib/python3.7/site-packages/airflow/example_dags/tutorial_dag.py for tasks to queue
[2023-07-05T12:56:34.556+0000] {logging_mixin.py:149} INFO - [2023-07-05T12:56:34.556+0000] {dagbag.py:541} INFO - Filling up the DagBag from /home/airflow/.local/lib/python3.7/site-packages/airflow/example_dags/tutorial_dag.py
[2023-07-05T12:56:34.561+0000] {processor.py:836} INFO - DAG(s) dict_keys(['tutorial_dag']) retrieved from /home/airflow/.local/lib/python3.7/site-packages/airflow/example_dags/tutorial_dag.py
[2023-07-05T12:56:34.594+0000] {logging_mixin.py:149} INFO - [2023-07-05T12:56:34.593+0000] {dag.py:2726} INFO - Sync 1 DAGs
[2023-07-05T12:56:34.636+0000] {logging_mixin.py:149} INFO - [2023-07-05T12:56:34.635+0000] {dag.py:3490} INFO - Setting next_dagrun for tutorial_dag to None, run_after=None
[2023-07-05T12:56:34.663+0000] {processor.py:179} INFO - Processing /home/airflow/.local/lib/python3.7/site-packages/airflow/example_dags/tutorial_dag.py took 0.118 seconds
[2023-07-05T12:57:04.959+0000] {processor.py:157} INFO - Started process (PID=831) to work on /home/airflow/.local/lib/python3.7/site-packages/airflow/example_dags/tutorial_dag.py
[2023-07-05T12:57:04.960+0000] {processor.py:826} INFO - Processing file /home/airflow/.local/lib/python3.7/site-packages/airflow/example_dags/tutorial_dag.py for tasks to queue
[2023-07-05T12:57:04.961+0000] {logging_mixin.py:149} INFO - [2023-07-05T12:57:04.961+0000] {dagbag.py:541} INFO - Filling up the DagBag from /home/airflow/.local/lib/python3.7/site-packages/airflow/example_dags/tutorial_dag.py
[2023-07-05T12:57:04.968+0000] {processor.py:836} INFO - DAG(s) dict_keys(['tutorial_dag']) retrieved from /home/airflow/.local/lib/python3.7/site-packages/airflow/example_dags/tutorial_dag.py
[2023-07-05T12:57:05.003+0000] {logging_mixin.py:149} INFO - [2023-07-05T12:57:05.003+0000] {dag.py:2726} INFO - Sync 1 DAGs
[2023-07-05T12:57:05.055+0000] {logging_mixin.py:149} INFO - [2023-07-05T12:57:05.054+0000] {dag.py:3490} INFO - Setting next_dagrun for tutorial_dag to None, run_after=None
[2023-07-05T12:57:05.086+0000] {processor.py:179} INFO - Processing /home/airflow/.local/lib/python3.7/site-packages/airflow/example_dags/tutorial_dag.py took 0.132 seconds
[2023-07-05T12:57:35.633+0000] {processor.py:157} INFO - Started process (PID=888) to work on /home/airflow/.local/lib/python3.7/site-packages/airflow/example_dags/tutorial_dag.py
[2023-07-05T12:57:35.635+0000] {processor.py:826} INFO - Processing file /home/airflow/.local/lib/python3.7/site-packages/airflow/example_dags/tutorial_dag.py for tasks to queue
[2023-07-05T12:57:35.636+0000] {logging_mixin.py:149} INFO - [2023-07-05T12:57:35.636+0000] {dagbag.py:541} INFO - Filling up the DagBag from /home/airflow/.local/lib/python3.7/site-packages/airflow/example_dags/tutorial_dag.py
[2023-07-05T12:57:35.642+0000] {processor.py:836} INFO - DAG(s) dict_keys(['tutorial_dag']) retrieved from /home/airflow/.local/lib/python3.7/site-packages/airflow/example_dags/tutorial_dag.py
[2023-07-05T12:57:35.674+0000] {logging_mixin.py:149} INFO - [2023-07-05T12:57:35.674+0000] {dag.py:2726} INFO - Sync 1 DAGs
[2023-07-05T12:57:35.709+0000] {logging_mixin.py:149} INFO - [2023-07-05T12:57:35.709+0000] {dag.py:3490} INFO - Setting next_dagrun for tutorial_dag to None, run_after=None
[2023-07-05T12:57:35.739+0000] {processor.py:179} INFO - Processing /home/airflow/.local/lib/python3.7/site-packages/airflow/example_dags/tutorial_dag.py took 0.110 seconds
[2023-07-05T12:58:05.857+0000] {processor.py:157} INFO - Started process (PID=944) to work on /home/airflow/.local/lib/python3.7/site-packages/airflow/example_dags/tutorial_dag.py
[2023-07-05T12:58:05.858+0000] {processor.py:826} INFO - Processing file /home/airflow/.local/lib/python3.7/site-packages/airflow/example_dags/tutorial_dag.py for tasks to queue
[2023-07-05T12:58:05.859+0000] {logging_mixin.py:149} INFO - [2023-07-05T12:58:05.859+0000] {dagbag.py:541} INFO - Filling up the DagBag from /home/airflow/.local/lib/python3.7/site-packages/airflow/example_dags/tutorial_dag.py
[2023-07-05T12:58:05.865+0000] {processor.py:836} INFO - DAG(s) dict_keys(['tutorial_dag']) retrieved from /home/airflow/.local/lib/python3.7/site-packages/airflow/example_dags/tutorial_dag.py
[2023-07-05T12:58:05.899+0000] {logging_mixin.py:149} INFO - [2023-07-05T12:58:05.899+0000] {dag.py:2726} INFO - Sync 1 DAGs
[2023-07-05T12:58:05.938+0000] {logging_mixin.py:149} INFO - [2023-07-05T12:58:05.938+0000] {dag.py:3490} INFO - Setting next_dagrun for tutorial_dag to None, run_after=None
[2023-07-05T12:58:05.961+0000] {processor.py:179} INFO - Processing /home/airflow/.local/lib/python3.7/site-packages/airflow/example_dags/tutorial_dag.py took 0.109 seconds
[2023-07-05T12:58:36.282+0000] {processor.py:157} INFO - Started process (PID=1001) to work on /home/airflow/.local/lib/python3.7/site-packages/airflow/example_dags/tutorial_dag.py
[2023-07-05T12:58:36.283+0000] {processor.py:826} INFO - Processing file /home/airflow/.local/lib/python3.7/site-packages/airflow/example_dags/tutorial_dag.py for tasks to queue
[2023-07-05T12:58:36.284+0000] {logging_mixin.py:149} INFO - [2023-07-05T12:58:36.284+0000] {dagbag.py:541} INFO - Filling up the DagBag from /home/airflow/.local/lib/python3.7/site-packages/airflow/example_dags/tutorial_dag.py
[2023-07-05T12:58:36.289+0000] {processor.py:836} INFO - DAG(s) dict_keys(['tutorial_dag']) retrieved from /home/airflow/.local/lib/python3.7/site-packages/airflow/example_dags/tutorial_dag.py
[2023-07-05T12:58:36.327+0000] {logging_mixin.py:149} INFO - [2023-07-05T12:58:36.327+0000] {dag.py:2726} INFO - Sync 1 DAGs
[2023-07-05T12:58:36.361+0000] {logging_mixin.py:149} INFO - [2023-07-05T12:58:36.361+0000] {dag.py:3490} INFO - Setting next_dagrun for tutorial_dag to None, run_after=None
[2023-07-05T12:58:36.384+0000] {processor.py:179} INFO - Processing /home/airflow/.local/lib/python3.7/site-packages/airflow/example_dags/tutorial_dag.py took 0.106 seconds
[2023-07-05T12:59:06.717+0000] {processor.py:157} INFO - Started process (PID=1057) to work on /home/airflow/.local/lib/python3.7/site-packages/airflow/example_dags/tutorial_dag.py
[2023-07-05T12:59:06.719+0000] {processor.py:826} INFO - Processing file /home/airflow/.local/lib/python3.7/site-packages/airflow/example_dags/tutorial_dag.py for tasks to queue
[2023-07-05T12:59:06.720+0000] {logging_mixin.py:149} INFO - [2023-07-05T12:59:06.720+0000] {dagbag.py:541} INFO - Filling up the DagBag from /home/airflow/.local/lib/python3.7/site-packages/airflow/example_dags/tutorial_dag.py
[2023-07-05T12:59:06.726+0000] {processor.py:836} INFO - DAG(s) dict_keys(['tutorial_dag']) retrieved from /home/airflow/.local/lib/python3.7/site-packages/airflow/example_dags/tutorial_dag.py
[2023-07-05T12:59:06.760+0000] {logging_mixin.py:149} INFO - [2023-07-05T12:59:06.760+0000] {dag.py:2726} INFO - Sync 1 DAGs
[2023-07-05T12:59:06.803+0000] {logging_mixin.py:149} INFO - [2023-07-05T12:59:06.803+0000] {dag.py:3490} INFO - Setting next_dagrun for tutorial_dag to None, run_after=None
[2023-07-05T12:59:06.831+0000] {processor.py:179} INFO - Processing /home/airflow/.local/lib/python3.7/site-packages/airflow/example_dags/tutorial_dag.py took 0.118 seconds
[2023-07-05T12:59:37.309+0000] {processor.py:157} INFO - Started process (PID=1114) to work on /home/airflow/.local/lib/python3.7/site-packages/airflow/example_dags/tutorial_dag.py
[2023-07-05T12:59:37.310+0000] {processor.py:826} INFO - Processing file /home/airflow/.local/lib/python3.7/site-packages/airflow/example_dags/tutorial_dag.py for tasks to queue
[2023-07-05T12:59:37.311+0000] {logging_mixin.py:149} INFO - [2023-07-05T12:59:37.311+0000] {dagbag.py:541} INFO - Filling up the DagBag from /home/airflow/.local/lib/python3.7/site-packages/airflow/example_dags/tutorial_dag.py
[2023-07-05T12:59:37.317+0000] {processor.py:836} INFO - DAG(s) dict_keys(['tutorial_dag']) retrieved from /home/airflow/.local/lib/python3.7/site-packages/airflow/example_dags/tutorial_dag.py
[2023-07-05T12:59:37.358+0000] {logging_mixin.py:149} INFO - [2023-07-05T12:59:37.358+0000] {dag.py:2726} INFO - Sync 1 DAGs
[2023-07-05T12:59:37.398+0000] {logging_mixin.py:149} INFO - [2023-07-05T12:59:37.398+0000] {dag.py:3490} INFO - Setting next_dagrun for tutorial_dag to None, run_after=None
[2023-07-05T12:59:37.436+0000] {processor.py:179} INFO - Processing /home/airflow/.local/lib/python3.7/site-packages/airflow/example_dags/tutorial_dag.py took 0.130 seconds
[2023-07-05T13:00:07.610+0000] {processor.py:157} INFO - Started process (PID=1171) to work on /home/airflow/.local/lib/python3.7/site-packages/airflow/example_dags/tutorial_dag.py
[2023-07-05T13:00:07.611+0000] {processor.py:826} INFO - Processing file /home/airflow/.local/lib/python3.7/site-packages/airflow/example_dags/tutorial_dag.py for tasks to queue
[2023-07-05T13:00:07.612+0000] {logging_mixin.py:149} INFO - [2023-07-05T13:00:07.612+0000] {dagbag.py:541} INFO - Filling up the DagBag from /home/airflow/.local/lib/python3.7/site-packages/airflow/example_dags/tutorial_dag.py
[2023-07-05T13:00:07.620+0000] {processor.py:836} INFO - DAG(s) dict_keys(['tutorial_dag']) retrieved from /home/airflow/.local/lib/python3.7/site-packages/airflow/example_dags/tutorial_dag.py
[2023-07-05T13:00:07.661+0000] {logging_mixin.py:149} INFO - [2023-07-05T13:00:07.660+0000] {dag.py:2726} INFO - Sync 1 DAGs
[2023-07-05T13:00:07.704+0000] {logging_mixin.py:149} INFO - [2023-07-05T13:00:07.703+0000] {dag.py:3490} INFO - Setting next_dagrun for tutorial_dag to None, run_after=None
[2023-07-05T13:00:07.734+0000] {processor.py:179} INFO - Processing /home/airflow/.local/lib/python3.7/site-packages/airflow/example_dags/tutorial_dag.py took 0.129 seconds
[2023-07-05T13:00:37.876+0000] {processor.py:157} INFO - Started process (PID=1228) to work on /home/airflow/.local/lib/python3.7/site-packages/airflow/example_dags/tutorial_dag.py
[2023-07-05T13:00:37.878+0000] {processor.py:826} INFO - Processing file /home/airflow/.local/lib/python3.7/site-packages/airflow/example_dags/tutorial_dag.py for tasks to queue
[2023-07-05T13:00:37.879+0000] {logging_mixin.py:149} INFO - [2023-07-05T13:00:37.879+0000] {dagbag.py:541} INFO - Filling up the DagBag from /home/airflow/.local/lib/python3.7/site-packages/airflow/example_dags/tutorial_dag.py
[2023-07-05T13:00:37.885+0000] {processor.py:836} INFO - DAG(s) dict_keys(['tutorial_dag']) retrieved from /home/airflow/.local/lib/python3.7/site-packages/airflow/example_dags/tutorial_dag.py
[2023-07-05T13:00:37.924+0000] {logging_mixin.py:149} INFO - [2023-07-05T13:00:37.923+0000] {dag.py:2726} INFO - Sync 1 DAGs
[2023-07-05T13:00:37.966+0000] {logging_mixin.py:149} INFO - [2023-07-05T13:00:37.965+0000] {dag.py:3490} INFO - Setting next_dagrun for tutorial_dag to None, run_after=None
[2023-07-05T13:00:37.998+0000] {processor.py:179} INFO - Processing /home/airflow/.local/lib/python3.7/site-packages/airflow/example_dags/tutorial_dag.py took 0.126 seconds
[2023-07-05T13:01:08.406+0000] {processor.py:157} INFO - Started process (PID=1285) to work on /home/airflow/.local/lib/python3.7/site-packages/airflow/example_dags/tutorial_dag.py
[2023-07-05T13:01:08.407+0000] {processor.py:826} INFO - Processing file /home/airflow/.local/lib/python3.7/site-packages/airflow/example_dags/tutorial_dag.py for tasks to queue
[2023-07-05T13:01:08.408+0000] {logging_mixin.py:149} INFO - [2023-07-05T13:01:08.408+0000] {dagbag.py:541} INFO - Filling up the DagBag from /home/airflow/.local/lib/python3.7/site-packages/airflow/example_dags/tutorial_dag.py
[2023-07-05T13:01:08.414+0000] {processor.py:836} INFO - DAG(s) dict_keys(['tutorial_dag']) retrieved from /home/airflow/.local/lib/python3.7/site-packages/airflow/example_dags/tutorial_dag.py
[2023-07-05T13:01:08.451+0000] {logging_mixin.py:149} INFO - [2023-07-05T13:01:08.451+0000] {dag.py:2726} INFO - Sync 1 DAGs
[2023-07-05T13:01:08.493+0000] {logging_mixin.py:149} INFO - [2023-07-05T13:01:08.493+0000] {dag.py:3490} INFO - Setting next_dagrun for tutorial_dag to None, run_after=None
[2023-07-05T13:01:08.522+0000] {processor.py:179} INFO - Processing /home/airflow/.local/lib/python3.7/site-packages/airflow/example_dags/tutorial_dag.py took 0.121 seconds
[2023-07-05T13:01:38.699+0000] {processor.py:157} INFO - Started process (PID=1343) to work on /home/airflow/.local/lib/python3.7/site-packages/airflow/example_dags/tutorial_dag.py
[2023-07-05T13:01:38.701+0000] {processor.py:826} INFO - Processing file /home/airflow/.local/lib/python3.7/site-packages/airflow/example_dags/tutorial_dag.py for tasks to queue
[2023-07-05T13:01:38.702+0000] {logging_mixin.py:149} INFO - [2023-07-05T13:01:38.701+0000] {dagbag.py:541} INFO - Filling up the DagBag from /home/airflow/.local/lib/python3.7/site-packages/airflow/example_dags/tutorial_dag.py
[2023-07-05T13:01:38.710+0000] {processor.py:836} INFO - DAG(s) dict_keys(['tutorial_dag']) retrieved from /home/airflow/.local/lib/python3.7/site-packages/airflow/example_dags/tutorial_dag.py
[2023-07-05T13:01:38.753+0000] {logging_mixin.py:149} INFO - [2023-07-05T13:01:38.753+0000] {dag.py:2726} INFO - Sync 1 DAGs
[2023-07-05T13:01:38.802+0000] {logging_mixin.py:149} INFO - [2023-07-05T13:01:38.801+0000] {dag.py:3490} INFO - Setting next_dagrun for tutorial_dag to None, run_after=None
[2023-07-05T13:01:38.832+0000] {processor.py:179} INFO - Processing /home/airflow/.local/lib/python3.7/site-packages/airflow/example_dags/tutorial_dag.py took 0.139 seconds
[2023-07-05T13:02:09.190+0000] {processor.py:157} INFO - Started process (PID=1400) to work on /home/airflow/.local/lib/python3.7/site-packages/airflow/example_dags/tutorial_dag.py
[2023-07-05T13:02:09.191+0000] {processor.py:826} INFO - Processing file /home/airflow/.local/lib/python3.7/site-packages/airflow/example_dags/tutorial_dag.py for tasks to queue
[2023-07-05T13:02:09.192+0000] {logging_mixin.py:149} INFO - [2023-07-05T13:02:09.192+0000] {dagbag.py:541} INFO - Filling up the DagBag from /home/airflow/.local/lib/python3.7/site-packages/airflow/example_dags/tutorial_dag.py
[2023-07-05T13:02:09.202+0000] {processor.py:836} INFO - DAG(s) dict_keys(['tutorial_dag']) retrieved from /home/airflow/.local/lib/python3.7/site-packages/airflow/example_dags/tutorial_dag.py
[2023-07-05T13:02:09.239+0000] {logging_mixin.py:149} INFO - [2023-07-05T13:02:09.238+0000] {dag.py:2726} INFO - Sync 1 DAGs
[2023-07-05T13:02:09.279+0000] {logging_mixin.py:149} INFO - [2023-07-05T13:02:09.279+0000] {dag.py:3490} INFO - Setting next_dagrun for tutorial_dag to None, run_after=None
[2023-07-05T13:02:09.308+0000] {processor.py:179} INFO - Processing /home/airflow/.local/lib/python3.7/site-packages/airflow/example_dags/tutorial_dag.py took 0.123 seconds
[2023-07-05T13:02:39.435+0000] {processor.py:157} INFO - Started process (PID=1457) to work on /home/airflow/.local/lib/python3.7/site-packages/airflow/example_dags/tutorial_dag.py
[2023-07-05T13:02:39.436+0000] {processor.py:826} INFO - Processing file /home/airflow/.local/lib/python3.7/site-packages/airflow/example_dags/tutorial_dag.py for tasks to queue
[2023-07-05T13:02:39.437+0000] {logging_mixin.py:149} INFO - [2023-07-05T13:02:39.437+0000] {dagbag.py:541} INFO - Filling up the DagBag from /home/airflow/.local/lib/python3.7/site-packages/airflow/example_dags/tutorial_dag.py
[2023-07-05T13:02:39.444+0000] {processor.py:836} INFO - DAG(s) dict_keys(['tutorial_dag']) retrieved from /home/airflow/.local/lib/python3.7/site-packages/airflow/example_dags/tutorial_dag.py
[2023-07-05T13:02:39.479+0000] {logging_mixin.py:149} INFO - [2023-07-05T13:02:39.478+0000] {dag.py:2726} INFO - Sync 1 DAGs
[2023-07-05T13:02:39.511+0000] {logging_mixin.py:149} INFO - [2023-07-05T13:02:39.511+0000] {dag.py:3490} INFO - Setting next_dagrun for tutorial_dag to None, run_after=None
[2023-07-05T13:02:39.534+0000] {processor.py:179} INFO - Processing /home/airflow/.local/lib/python3.7/site-packages/airflow/example_dags/tutorial_dag.py took 0.104 seconds
[2023-07-05T13:03:09.684+0000] {processor.py:157} INFO - Started process (PID=1514) to work on /home/airflow/.local/lib/python3.7/site-packages/airflow/example_dags/tutorial_dag.py
[2023-07-05T13:03:09.685+0000] {processor.py:826} INFO - Processing file /home/airflow/.local/lib/python3.7/site-packages/airflow/example_dags/tutorial_dag.py for tasks to queue
[2023-07-05T13:03:09.686+0000] {logging_mixin.py:149} INFO - [2023-07-05T13:03:09.686+0000] {dagbag.py:541} INFO - Filling up the DagBag from /home/airflow/.local/lib/python3.7/site-packages/airflow/example_dags/tutorial_dag.py
[2023-07-05T13:03:09.692+0000] {processor.py:836} INFO - DAG(s) dict_keys(['tutorial_dag']) retrieved from /home/airflow/.local/lib/python3.7/site-packages/airflow/example_dags/tutorial_dag.py
[2023-07-05T13:03:09.723+0000] {logging_mixin.py:149} INFO - [2023-07-05T13:03:09.723+0000] {dag.py:2726} INFO - Sync 1 DAGs
[2023-07-05T13:03:09.756+0000] {logging_mixin.py:149} INFO - [2023-07-05T13:03:09.756+0000] {dag.py:3490} INFO - Setting next_dagrun for tutorial_dag to None, run_after=None
[2023-07-05T13:03:09.780+0000] {processor.py:179} INFO - Processing /home/airflow/.local/lib/python3.7/site-packages/airflow/example_dags/tutorial_dag.py took 0.101 seconds
[2023-07-05T13:03:40.132+0000] {processor.py:157} INFO - Started process (PID=1571) to work on /home/airflow/.local/lib/python3.7/site-packages/airflow/example_dags/tutorial_dag.py
[2023-07-05T13:03:40.134+0000] {processor.py:826} INFO - Processing file /home/airflow/.local/lib/python3.7/site-packages/airflow/example_dags/tutorial_dag.py for tasks to queue
[2023-07-05T13:03:40.136+0000] {logging_mixin.py:149} INFO - [2023-07-05T13:03:40.135+0000] {dagbag.py:541} INFO - Filling up the DagBag from /home/airflow/.local/lib/python3.7/site-packages/airflow/example_dags/tutorial_dag.py
[2023-07-05T13:03:40.143+0000] {processor.py:836} INFO - DAG(s) dict_keys(['tutorial_dag']) retrieved from /home/airflow/.local/lib/python3.7/site-packages/airflow/example_dags/tutorial_dag.py
[2023-07-05T13:03:40.180+0000] {logging_mixin.py:149} INFO - [2023-07-05T13:03:40.180+0000] {dag.py:2726} INFO - Sync 1 DAGs
[2023-07-05T13:03:40.217+0000] {logging_mixin.py:149} INFO - [2023-07-05T13:03:40.216+0000] {dag.py:3490} INFO - Setting next_dagrun for tutorial_dag to None, run_after=None
[2023-07-05T13:03:40.242+0000] {processor.py:179} INFO - Processing /home/airflow/.local/lib/python3.7/site-packages/airflow/example_dags/tutorial_dag.py took 0.115 seconds
[2023-07-05T13:04:10.450+0000] {processor.py:157} INFO - Started process (PID=1628) to work on /home/airflow/.local/lib/python3.7/site-packages/airflow/example_dags/tutorial_dag.py
[2023-07-05T13:04:10.452+0000] {processor.py:826} INFO - Processing file /home/airflow/.local/lib/python3.7/site-packages/airflow/example_dags/tutorial_dag.py for tasks to queue
[2023-07-05T13:04:10.453+0000] {logging_mixin.py:149} INFO - [2023-07-05T13:04:10.452+0000] {dagbag.py:541} INFO - Filling up the DagBag from /home/airflow/.local/lib/python3.7/site-packages/airflow/example_dags/tutorial_dag.py
[2023-07-05T13:04:10.458+0000] {processor.py:836} INFO - DAG(s) dict_keys(['tutorial_dag']) retrieved from /home/airflow/.local/lib/python3.7/site-packages/airflow/example_dags/tutorial_dag.py
[2023-07-05T13:04:10.492+0000] {logging_mixin.py:149} INFO - [2023-07-05T13:04:10.492+0000] {dag.py:2726} INFO - Sync 1 DAGs
[2023-07-05T13:04:10.531+0000] {logging_mixin.py:149} INFO - [2023-07-05T13:04:10.531+0000] {dag.py:3490} INFO - Setting next_dagrun for tutorial_dag to None, run_after=None
[2023-07-05T13:04:10.557+0000] {processor.py:179} INFO - Processing /home/airflow/.local/lib/python3.7/site-packages/airflow/example_dags/tutorial_dag.py took 0.111 seconds
[2023-07-05T13:04:40.896+0000] {processor.py:157} INFO - Started process (PID=1684) to work on /home/airflow/.local/lib/python3.7/site-packages/airflow/example_dags/tutorial_dag.py
[2023-07-05T13:04:40.898+0000] {processor.py:826} INFO - Processing file /home/airflow/.local/lib/python3.7/site-packages/airflow/example_dags/tutorial_dag.py for tasks to queue
[2023-07-05T13:04:40.899+0000] {logging_mixin.py:149} INFO - [2023-07-05T13:04:40.899+0000] {dagbag.py:541} INFO - Filling up the DagBag from /home/airflow/.local/lib/python3.7/site-packages/airflow/example_dags/tutorial_dag.py
[2023-07-05T13:04:40.905+0000] {processor.py:836} INFO - DAG(s) dict_keys(['tutorial_dag']) retrieved from /home/airflow/.local/lib/python3.7/site-packages/airflow/example_dags/tutorial_dag.py
[2023-07-05T13:04:40.946+0000] {logging_mixin.py:149} INFO - [2023-07-05T13:04:40.946+0000] {dag.py:2726} INFO - Sync 1 DAGs
[2023-07-05T13:04:40.981+0000] {logging_mixin.py:149} INFO - [2023-07-05T13:04:40.981+0000] {dag.py:3490} INFO - Setting next_dagrun for tutorial_dag to None, run_after=None
[2023-07-05T13:04:41.012+0000] {processor.py:179} INFO - Processing /home/airflow/.local/lib/python3.7/site-packages/airflow/example_dags/tutorial_dag.py took 0.120 seconds
[2023-07-05T13:05:11.158+0000] {processor.py:157} INFO - Started process (PID=1741) to work on /home/airflow/.local/lib/python3.7/site-packages/airflow/example_dags/tutorial_dag.py
[2023-07-05T13:05:11.159+0000] {processor.py:826} INFO - Processing file /home/airflow/.local/lib/python3.7/site-packages/airflow/example_dags/tutorial_dag.py for tasks to queue
[2023-07-05T13:05:11.160+0000] {logging_mixin.py:149} INFO - [2023-07-05T13:05:11.160+0000] {dagbag.py:541} INFO - Filling up the DagBag from /home/airflow/.local/lib/python3.7/site-packages/airflow/example_dags/tutorial_dag.py
[2023-07-05T13:05:11.167+0000] {processor.py:836} INFO - DAG(s) dict_keys(['tutorial_dag']) retrieved from /home/airflow/.local/lib/python3.7/site-packages/airflow/example_dags/tutorial_dag.py
[2023-07-05T13:05:11.202+0000] {logging_mixin.py:149} INFO - [2023-07-05T13:05:11.201+0000] {dag.py:2726} INFO - Sync 1 DAGs
[2023-07-05T13:05:11.234+0000] {logging_mixin.py:149} INFO - [2023-07-05T13:05:11.234+0000] {dag.py:3490} INFO - Setting next_dagrun for tutorial_dag to None, run_after=None
[2023-07-05T13:05:11.255+0000] {processor.py:179} INFO - Processing /home/airflow/.local/lib/python3.7/site-packages/airflow/example_dags/tutorial_dag.py took 0.102 seconds
[2023-07-05T13:05:41.336+0000] {processor.py:157} INFO - Started process (PID=1799) to work on /home/airflow/.local/lib/python3.7/site-packages/airflow/example_dags/tutorial_dag.py
[2023-07-05T13:05:41.338+0000] {processor.py:826} INFO - Processing file /home/airflow/.local/lib/python3.7/site-packages/airflow/example_dags/tutorial_dag.py for tasks to queue
[2023-07-05T13:05:41.339+0000] {logging_mixin.py:149} INFO - [2023-07-05T13:05:41.339+0000] {dagbag.py:541} INFO - Filling up the DagBag from /home/airflow/.local/lib/python3.7/site-packages/airflow/example_dags/tutorial_dag.py
[2023-07-05T13:05:41.345+0000] {processor.py:836} INFO - DAG(s) dict_keys(['tutorial_dag']) retrieved from /home/airflow/.local/lib/python3.7/site-packages/airflow/example_dags/tutorial_dag.py
[2023-07-05T13:05:41.383+0000] {logging_mixin.py:149} INFO - [2023-07-05T13:05:41.383+0000] {dag.py:2726} INFO - Sync 1 DAGs
[2023-07-05T13:05:41.419+0000] {logging_mixin.py:149} INFO - [2023-07-05T13:05:41.419+0000] {dag.py:3490} INFO - Setting next_dagrun for tutorial_dag to None, run_after=None
[2023-07-05T13:05:41.450+0000] {processor.py:179} INFO - Processing /home/airflow/.local/lib/python3.7/site-packages/airflow/example_dags/tutorial_dag.py took 0.118 seconds
[2023-07-05T13:06:11.854+0000] {processor.py:157} INFO - Started process (PID=1856) to work on /home/airflow/.local/lib/python3.7/site-packages/airflow/example_dags/tutorial_dag.py
[2023-07-05T13:06:11.855+0000] {processor.py:826} INFO - Processing file /home/airflow/.local/lib/python3.7/site-packages/airflow/example_dags/tutorial_dag.py for tasks to queue
[2023-07-05T13:06:11.856+0000] {logging_mixin.py:149} INFO - [2023-07-05T13:06:11.856+0000] {dagbag.py:541} INFO - Filling up the DagBag from /home/airflow/.local/lib/python3.7/site-packages/airflow/example_dags/tutorial_dag.py
[2023-07-05T13:06:11.862+0000] {processor.py:836} INFO - DAG(s) dict_keys(['tutorial_dag']) retrieved from /home/airflow/.local/lib/python3.7/site-packages/airflow/example_dags/tutorial_dag.py
[2023-07-05T13:06:11.894+0000] {logging_mixin.py:149} INFO - [2023-07-05T13:06:11.894+0000] {dag.py:2726} INFO - Sync 1 DAGs
[2023-07-05T13:06:11.929+0000] {logging_mixin.py:149} INFO - [2023-07-05T13:06:11.928+0000] {dag.py:3490} INFO - Setting next_dagrun for tutorial_dag to None, run_after=None
[2023-07-05T13:06:11.956+0000] {processor.py:179} INFO - Processing /home/airflow/.local/lib/python3.7/site-packages/airflow/example_dags/tutorial_dag.py took 0.105 seconds
[2023-07-05T13:06:42.162+0000] {processor.py:157} INFO - Started process (PID=1913) to work on /home/airflow/.local/lib/python3.7/site-packages/airflow/example_dags/tutorial_dag.py
[2023-07-05T13:06:42.164+0000] {processor.py:826} INFO - Processing file /home/airflow/.local/lib/python3.7/site-packages/airflow/example_dags/tutorial_dag.py for tasks to queue
[2023-07-05T13:06:42.165+0000] {logging_mixin.py:149} INFO - [2023-07-05T13:06:42.164+0000] {dagbag.py:541} INFO - Filling up the DagBag from /home/airflow/.local/lib/python3.7/site-packages/airflow/example_dags/tutorial_dag.py
[2023-07-05T13:06:42.171+0000] {processor.py:836} INFO - DAG(s) dict_keys(['tutorial_dag']) retrieved from /home/airflow/.local/lib/python3.7/site-packages/airflow/example_dags/tutorial_dag.py
[2023-07-05T13:06:42.207+0000] {logging_mixin.py:149} INFO - [2023-07-05T13:06:42.206+0000] {dag.py:2726} INFO - Sync 1 DAGs
[2023-07-05T13:06:42.248+0000] {logging_mixin.py:149} INFO - [2023-07-05T13:06:42.248+0000] {dag.py:3490} INFO - Setting next_dagrun for tutorial_dag to None, run_after=None
[2023-07-05T13:06:42.291+0000] {processor.py:179} INFO - Processing /home/airflow/.local/lib/python3.7/site-packages/airflow/example_dags/tutorial_dag.py took 0.133 seconds
[2023-07-05T13:07:12.583+0000] {processor.py:157} INFO - Started process (PID=1970) to work on /home/airflow/.local/lib/python3.7/site-packages/airflow/example_dags/tutorial_dag.py
[2023-07-05T13:07:12.584+0000] {processor.py:826} INFO - Processing file /home/airflow/.local/lib/python3.7/site-packages/airflow/example_dags/tutorial_dag.py for tasks to queue
[2023-07-05T13:07:12.585+0000] {logging_mixin.py:149} INFO - [2023-07-05T13:07:12.585+0000] {dagbag.py:541} INFO - Filling up the DagBag from /home/airflow/.local/lib/python3.7/site-packages/airflow/example_dags/tutorial_dag.py
[2023-07-05T13:07:12.591+0000] {processor.py:836} INFO - DAG(s) dict_keys(['tutorial_dag']) retrieved from /home/airflow/.local/lib/python3.7/site-packages/airflow/example_dags/tutorial_dag.py
[2023-07-05T13:07:12.623+0000] {logging_mixin.py:149} INFO - [2023-07-05T13:07:12.623+0000] {dag.py:2726} INFO - Sync 1 DAGs
[2023-07-05T13:07:12.654+0000] {logging_mixin.py:149} INFO - [2023-07-05T13:07:12.654+0000] {dag.py:3490} INFO - Setting next_dagrun for tutorial_dag to None, run_after=None
[2023-07-05T13:07:12.679+0000] {processor.py:179} INFO - Processing /home/airflow/.local/lib/python3.7/site-packages/airflow/example_dags/tutorial_dag.py took 0.099 seconds
[2023-07-05T13:07:42.976+0000] {processor.py:157} INFO - Started process (PID=2027) to work on /home/airflow/.local/lib/python3.7/site-packages/airflow/example_dags/tutorial_dag.py
[2023-07-05T13:07:42.977+0000] {processor.py:826} INFO - Processing file /home/airflow/.local/lib/python3.7/site-packages/airflow/example_dags/tutorial_dag.py for tasks to queue
[2023-07-05T13:07:42.978+0000] {logging_mixin.py:149} INFO - [2023-07-05T13:07:42.978+0000] {dagbag.py:541} INFO - Filling up the DagBag from /home/airflow/.local/lib/python3.7/site-packages/airflow/example_dags/tutorial_dag.py
[2023-07-05T13:07:42.983+0000] {processor.py:836} INFO - DAG(s) dict_keys(['tutorial_dag']) retrieved from /home/airflow/.local/lib/python3.7/site-packages/airflow/example_dags/tutorial_dag.py
[2023-07-05T13:07:43.020+0000] {logging_mixin.py:149} INFO - [2023-07-05T13:07:43.020+0000] {dag.py:2726} INFO - Sync 1 DAGs
[2023-07-05T13:07:43.059+0000] {logging_mixin.py:149} INFO - [2023-07-05T13:07:43.058+0000] {dag.py:3490} INFO - Setting next_dagrun for tutorial_dag to None, run_after=None
[2023-07-05T13:07:43.084+0000] {processor.py:179} INFO - Processing /home/airflow/.local/lib/python3.7/site-packages/airflow/example_dags/tutorial_dag.py took 0.111 seconds
[2023-07-05T13:08:13.195+0000] {processor.py:157} INFO - Started process (PID=2083) to work on /home/airflow/.local/lib/python3.7/site-packages/airflow/example_dags/tutorial_dag.py
[2023-07-05T13:08:13.197+0000] {processor.py:826} INFO - Processing file /home/airflow/.local/lib/python3.7/site-packages/airflow/example_dags/tutorial_dag.py for tasks to queue
[2023-07-05T13:08:13.198+0000] {logging_mixin.py:149} INFO - [2023-07-05T13:08:13.198+0000] {dagbag.py:541} INFO - Filling up the DagBag from /home/airflow/.local/lib/python3.7/site-packages/airflow/example_dags/tutorial_dag.py
[2023-07-05T13:08:13.210+0000] {processor.py:836} INFO - DAG(s) dict_keys(['tutorial_dag']) retrieved from /home/airflow/.local/lib/python3.7/site-packages/airflow/example_dags/tutorial_dag.py
[2023-07-05T13:08:13.261+0000] {logging_mixin.py:149} INFO - [2023-07-05T13:08:13.260+0000] {dag.py:2726} INFO - Sync 1 DAGs
[2023-07-05T13:08:13.302+0000] {logging_mixin.py:149} INFO - [2023-07-05T13:08:13.301+0000] {dag.py:3490} INFO - Setting next_dagrun for tutorial_dag to None, run_after=None
[2023-07-05T13:08:13.333+0000] {processor.py:179} INFO - Processing /home/airflow/.local/lib/python3.7/site-packages/airflow/example_dags/tutorial_dag.py took 0.142 seconds
[2023-07-05T13:08:43.874+0000] {processor.py:157} INFO - Started process (PID=2140) to work on /home/airflow/.local/lib/python3.7/site-packages/airflow/example_dags/tutorial_dag.py
[2023-07-05T13:08:43.876+0000] {processor.py:826} INFO - Processing file /home/airflow/.local/lib/python3.7/site-packages/airflow/example_dags/tutorial_dag.py for tasks to queue
[2023-07-05T13:08:43.877+0000] {logging_mixin.py:149} INFO - [2023-07-05T13:08:43.877+0000] {dagbag.py:541} INFO - Filling up the DagBag from /home/airflow/.local/lib/python3.7/site-packages/airflow/example_dags/tutorial_dag.py
[2023-07-05T13:08:43.883+0000] {processor.py:836} INFO - DAG(s) dict_keys(['tutorial_dag']) retrieved from /home/airflow/.local/lib/python3.7/site-packages/airflow/example_dags/tutorial_dag.py
[2023-07-05T13:08:43.914+0000] {logging_mixin.py:149} INFO - [2023-07-05T13:08:43.914+0000] {dag.py:2726} INFO - Sync 1 DAGs
[2023-07-05T13:08:43.949+0000] {logging_mixin.py:149} INFO - [2023-07-05T13:08:43.948+0000] {dag.py:3490} INFO - Setting next_dagrun for tutorial_dag to None, run_after=None
[2023-07-05T13:08:43.973+0000] {processor.py:179} INFO - Processing /home/airflow/.local/lib/python3.7/site-packages/airflow/example_dags/tutorial_dag.py took 0.103 seconds
[2023-07-05T13:09:14.344+0000] {processor.py:157} INFO - Started process (PID=2197) to work on /home/airflow/.local/lib/python3.7/site-packages/airflow/example_dags/tutorial_dag.py
[2023-07-05T13:09:14.345+0000] {processor.py:826} INFO - Processing file /home/airflow/.local/lib/python3.7/site-packages/airflow/example_dags/tutorial_dag.py for tasks to queue
[2023-07-05T13:09:14.346+0000] {logging_mixin.py:149} INFO - [2023-07-05T13:09:14.346+0000] {dagbag.py:541} INFO - Filling up the DagBag from /home/airflow/.local/lib/python3.7/site-packages/airflow/example_dags/tutorial_dag.py
[2023-07-05T13:09:14.351+0000] {processor.py:836} INFO - DAG(s) dict_keys(['tutorial_dag']) retrieved from /home/airflow/.local/lib/python3.7/site-packages/airflow/example_dags/tutorial_dag.py
[2023-07-05T13:09:14.382+0000] {logging_mixin.py:149} INFO - [2023-07-05T13:09:14.381+0000] {dag.py:2726} INFO - Sync 1 DAGs
[2023-07-05T13:09:14.417+0000] {logging_mixin.py:149} INFO - [2023-07-05T13:09:14.417+0000] {dag.py:3490} INFO - Setting next_dagrun for tutorial_dag to None, run_after=None
[2023-07-05T13:09:14.441+0000] {processor.py:179} INFO - Processing /home/airflow/.local/lib/python3.7/site-packages/airflow/example_dags/tutorial_dag.py took 0.102 seconds
[2023-07-05T13:09:44.535+0000] {processor.py:157} INFO - Started process (PID=2254) to work on /home/airflow/.local/lib/python3.7/site-packages/airflow/example_dags/tutorial_dag.py
[2023-07-05T13:09:44.536+0000] {processor.py:826} INFO - Processing file /home/airflow/.local/lib/python3.7/site-packages/airflow/example_dags/tutorial_dag.py for tasks to queue
[2023-07-05T13:09:44.537+0000] {logging_mixin.py:149} INFO - [2023-07-05T13:09:44.537+0000] {dagbag.py:541} INFO - Filling up the DagBag from /home/airflow/.local/lib/python3.7/site-packages/airflow/example_dags/tutorial_dag.py
[2023-07-05T13:09:44.542+0000] {processor.py:836} INFO - DAG(s) dict_keys(['tutorial_dag']) retrieved from /home/airflow/.local/lib/python3.7/site-packages/airflow/example_dags/tutorial_dag.py
[2023-07-05T13:09:44.576+0000] {logging_mixin.py:149} INFO - [2023-07-05T13:09:44.576+0000] {dag.py:2726} INFO - Sync 1 DAGs
[2023-07-05T13:09:44.617+0000] {logging_mixin.py:149} INFO - [2023-07-05T13:09:44.617+0000] {dag.py:3490} INFO - Setting next_dagrun for tutorial_dag to None, run_after=None
[2023-07-05T13:09:44.643+0000] {processor.py:179} INFO - Processing /home/airflow/.local/lib/python3.7/site-packages/airflow/example_dags/tutorial_dag.py took 0.112 seconds
[2023-07-05T13:10:15.065+0000] {processor.py:157} INFO - Started process (PID=2311) to work on /home/airflow/.local/lib/python3.7/site-packages/airflow/example_dags/tutorial_dag.py
[2023-07-05T13:10:15.067+0000] {processor.py:826} INFO - Processing file /home/airflow/.local/lib/python3.7/site-packages/airflow/example_dags/tutorial_dag.py for tasks to queue
[2023-07-05T13:10:15.068+0000] {logging_mixin.py:149} INFO - [2023-07-05T13:10:15.067+0000] {dagbag.py:541} INFO - Filling up the DagBag from /home/airflow/.local/lib/python3.7/site-packages/airflow/example_dags/tutorial_dag.py
[2023-07-05T13:10:15.074+0000] {processor.py:836} INFO - DAG(s) dict_keys(['tutorial_dag']) retrieved from /home/airflow/.local/lib/python3.7/site-packages/airflow/example_dags/tutorial_dag.py
[2023-07-05T13:10:15.106+0000] {logging_mixin.py:149} INFO - [2023-07-05T13:10:15.106+0000] {dag.py:2726} INFO - Sync 1 DAGs
[2023-07-05T13:10:15.146+0000] {logging_mixin.py:149} INFO - [2023-07-05T13:10:15.146+0000] {dag.py:3490} INFO - Setting next_dagrun for tutorial_dag to None, run_after=None
[2023-07-05T13:10:15.170+0000] {processor.py:179} INFO - Processing /home/airflow/.local/lib/python3.7/site-packages/airflow/example_dags/tutorial_dag.py took 0.109 seconds
[2023-07-05T13:10:45.397+0000] {processor.py:157} INFO - Started process (PID=2368) to work on /home/airflow/.local/lib/python3.7/site-packages/airflow/example_dags/tutorial_dag.py
[2023-07-05T13:10:45.401+0000] {processor.py:826} INFO - Processing file /home/airflow/.local/lib/python3.7/site-packages/airflow/example_dags/tutorial_dag.py for tasks to queue
[2023-07-05T13:10:45.402+0000] {logging_mixin.py:149} INFO - [2023-07-05T13:10:45.402+0000] {dagbag.py:541} INFO - Filling up the DagBag from /home/airflow/.local/lib/python3.7/site-packages/airflow/example_dags/tutorial_dag.py
[2023-07-05T13:10:45.409+0000] {processor.py:836} INFO - DAG(s) dict_keys(['tutorial_dag']) retrieved from /home/airflow/.local/lib/python3.7/site-packages/airflow/example_dags/tutorial_dag.py
[2023-07-05T13:10:45.451+0000] {logging_mixin.py:149} INFO - [2023-07-05T13:10:45.450+0000] {dag.py:2726} INFO - Sync 1 DAGs
[2023-07-05T13:10:45.493+0000] {logging_mixin.py:149} INFO - [2023-07-05T13:10:45.492+0000] {dag.py:3490} INFO - Setting next_dagrun for tutorial_dag to None, run_after=None
[2023-07-05T13:10:45.519+0000] {processor.py:179} INFO - Processing /home/airflow/.local/lib/python3.7/site-packages/airflow/example_dags/tutorial_dag.py took 0.126 seconds
[2023-07-05T13:11:16.276+0000] {processor.py:157} INFO - Started process (PID=2420) to work on /home/airflow/.local/lib/python3.7/site-packages/airflow/example_dags/tutorial_dag.py
[2023-07-05T13:11:16.277+0000] {processor.py:826} INFO - Processing file /home/airflow/.local/lib/python3.7/site-packages/airflow/example_dags/tutorial_dag.py for tasks to queue
[2023-07-05T13:11:16.277+0000] {logging_mixin.py:149} INFO - [2023-07-05T13:11:16.277+0000] {dagbag.py:541} INFO - Filling up the DagBag from /home/airflow/.local/lib/python3.7/site-packages/airflow/example_dags/tutorial_dag.py
[2023-07-05T13:11:16.284+0000] {processor.py:836} INFO - DAG(s) dict_keys(['tutorial_dag']) retrieved from /home/airflow/.local/lib/python3.7/site-packages/airflow/example_dags/tutorial_dag.py
[2023-07-05T13:11:16.324+0000] {logging_mixin.py:149} INFO - [2023-07-05T13:11:16.324+0000] {dag.py:2726} INFO - Sync 1 DAGs
[2023-07-05T13:11:16.370+0000] {logging_mixin.py:149} INFO - [2023-07-05T13:11:16.370+0000] {dag.py:3490} INFO - Setting next_dagrun for tutorial_dag to None, run_after=None
[2023-07-05T13:11:16.408+0000] {processor.py:179} INFO - Processing /home/airflow/.local/lib/python3.7/site-packages/airflow/example_dags/tutorial_dag.py took 0.135 seconds
[2023-07-05T13:11:46.742+0000] {processor.py:157} INFO - Started process (PID=2477) to work on /home/airflow/.local/lib/python3.7/site-packages/airflow/example_dags/tutorial_dag.py
[2023-07-05T13:11:46.743+0000] {processor.py:826} INFO - Processing file /home/airflow/.local/lib/python3.7/site-packages/airflow/example_dags/tutorial_dag.py for tasks to queue
[2023-07-05T13:11:46.744+0000] {logging_mixin.py:149} INFO - [2023-07-05T13:11:46.744+0000] {dagbag.py:541} INFO - Filling up the DagBag from /home/airflow/.local/lib/python3.7/site-packages/airflow/example_dags/tutorial_dag.py
[2023-07-05T13:11:46.749+0000] {processor.py:836} INFO - DAG(s) dict_keys(['tutorial_dag']) retrieved from /home/airflow/.local/lib/python3.7/site-packages/airflow/example_dags/tutorial_dag.py
[2023-07-05T13:11:46.778+0000] {logging_mixin.py:149} INFO - [2023-07-05T13:11:46.778+0000] {dag.py:2726} INFO - Sync 1 DAGs
[2023-07-05T13:11:46.813+0000] {logging_mixin.py:149} INFO - [2023-07-05T13:11:46.813+0000] {dag.py:3490} INFO - Setting next_dagrun for tutorial_dag to None, run_after=None
[2023-07-05T13:11:46.839+0000] {processor.py:179} INFO - Processing /home/airflow/.local/lib/python3.7/site-packages/airflow/example_dags/tutorial_dag.py took 0.100 seconds
[2023-07-05T13:12:17.221+0000] {processor.py:157} INFO - Started process (PID=2534) to work on /home/airflow/.local/lib/python3.7/site-packages/airflow/example_dags/tutorial_dag.py
[2023-07-05T13:12:17.222+0000] {processor.py:826} INFO - Processing file /home/airflow/.local/lib/python3.7/site-packages/airflow/example_dags/tutorial_dag.py for tasks to queue
[2023-07-05T13:12:17.223+0000] {logging_mixin.py:149} INFO - [2023-07-05T13:12:17.223+0000] {dagbag.py:541} INFO - Filling up the DagBag from /home/airflow/.local/lib/python3.7/site-packages/airflow/example_dags/tutorial_dag.py
[2023-07-05T13:12:17.228+0000] {processor.py:836} INFO - DAG(s) dict_keys(['tutorial_dag']) retrieved from /home/airflow/.local/lib/python3.7/site-packages/airflow/example_dags/tutorial_dag.py
[2023-07-05T13:12:17.272+0000] {logging_mixin.py:149} INFO - [2023-07-05T13:12:17.272+0000] {dag.py:2726} INFO - Sync 1 DAGs
[2023-07-05T13:12:17.312+0000] {logging_mixin.py:149} INFO - [2023-07-05T13:12:17.311+0000] {dag.py:3490} INFO - Setting next_dagrun for tutorial_dag to None, run_after=None
[2023-07-05T13:12:17.337+0000] {processor.py:179} INFO - Processing /home/airflow/.local/lib/python3.7/site-packages/airflow/example_dags/tutorial_dag.py took 0.121 seconds
[2023-07-05T13:12:47.738+0000] {processor.py:157} INFO - Started process (PID=2591) to work on /home/airflow/.local/lib/python3.7/site-packages/airflow/example_dags/tutorial_dag.py
[2023-07-05T13:12:47.740+0000] {processor.py:826} INFO - Processing file /home/airflow/.local/lib/python3.7/site-packages/airflow/example_dags/tutorial_dag.py for tasks to queue
[2023-07-05T13:12:47.741+0000] {logging_mixin.py:149} INFO - [2023-07-05T13:12:47.741+0000] {dagbag.py:541} INFO - Filling up the DagBag from /home/airflow/.local/lib/python3.7/site-packages/airflow/example_dags/tutorial_dag.py
[2023-07-05T13:12:47.747+0000] {processor.py:836} INFO - DAG(s) dict_keys(['tutorial_dag']) retrieved from /home/airflow/.local/lib/python3.7/site-packages/airflow/example_dags/tutorial_dag.py
[2023-07-05T13:12:47.785+0000] {logging_mixin.py:149} INFO - [2023-07-05T13:12:47.785+0000] {dag.py:2726} INFO - Sync 1 DAGs
[2023-07-05T13:12:47.821+0000] {logging_mixin.py:149} INFO - [2023-07-05T13:12:47.821+0000] {dag.py:3490} INFO - Setting next_dagrun for tutorial_dag to None, run_after=None
[2023-07-05T13:12:47.850+0000] {processor.py:179} INFO - Processing /home/airflow/.local/lib/python3.7/site-packages/airflow/example_dags/tutorial_dag.py took 0.117 seconds
[2023-07-05T13:13:18.224+0000] {processor.py:157} INFO - Started process (PID=2648) to work on /home/airflow/.local/lib/python3.7/site-packages/airflow/example_dags/tutorial_dag.py
[2023-07-05T13:13:18.226+0000] {processor.py:826} INFO - Processing file /home/airflow/.local/lib/python3.7/site-packages/airflow/example_dags/tutorial_dag.py for tasks to queue
[2023-07-05T13:13:18.227+0000] {logging_mixin.py:149} INFO - [2023-07-05T13:13:18.227+0000] {dagbag.py:541} INFO - Filling up the DagBag from /home/airflow/.local/lib/python3.7/site-packages/airflow/example_dags/tutorial_dag.py
[2023-07-05T13:13:18.236+0000] {processor.py:836} INFO - DAG(s) dict_keys(['tutorial_dag']) retrieved from /home/airflow/.local/lib/python3.7/site-packages/airflow/example_dags/tutorial_dag.py
[2023-07-05T13:13:18.273+0000] {logging_mixin.py:149} INFO - [2023-07-05T13:13:18.273+0000] {dag.py:2726} INFO - Sync 1 DAGs
[2023-07-05T13:13:18.331+0000] {logging_mixin.py:149} INFO - [2023-07-05T13:13:18.331+0000] {dag.py:3490} INFO - Setting next_dagrun for tutorial_dag to None, run_after=None
[2023-07-05T13:13:18.368+0000] {processor.py:179} INFO - Processing /home/airflow/.local/lib/python3.7/site-packages/airflow/example_dags/tutorial_dag.py took 0.149 seconds
[2023-07-05T13:13:48.421+0000] {processor.py:157} INFO - Started process (PID=2705) to work on /home/airflow/.local/lib/python3.7/site-packages/airflow/example_dags/tutorial_dag.py
[2023-07-05T13:13:48.422+0000] {processor.py:826} INFO - Processing file /home/airflow/.local/lib/python3.7/site-packages/airflow/example_dags/tutorial_dag.py for tasks to queue
[2023-07-05T13:13:48.423+0000] {logging_mixin.py:149} INFO - [2023-07-05T13:13:48.423+0000] {dagbag.py:541} INFO - Filling up the DagBag from /home/airflow/.local/lib/python3.7/site-packages/airflow/example_dags/tutorial_dag.py
[2023-07-05T13:13:48.429+0000] {processor.py:836} INFO - DAG(s) dict_keys(['tutorial_dag']) retrieved from /home/airflow/.local/lib/python3.7/site-packages/airflow/example_dags/tutorial_dag.py
[2023-07-05T13:13:48.461+0000] {logging_mixin.py:149} INFO - [2023-07-05T13:13:48.460+0000] {dag.py:2726} INFO - Sync 1 DAGs
[2023-07-05T13:13:48.490+0000] {logging_mixin.py:149} INFO - [2023-07-05T13:13:48.490+0000] {dag.py:3490} INFO - Setting next_dagrun for tutorial_dag to None, run_after=None
[2023-07-05T13:13:48.516+0000] {processor.py:179} INFO - Processing /home/airflow/.local/lib/python3.7/site-packages/airflow/example_dags/tutorial_dag.py took 0.098 seconds
[2023-07-05T13:14:18.679+0000] {processor.py:157} INFO - Started process (PID=2763) to work on /home/airflow/.local/lib/python3.7/site-packages/airflow/example_dags/tutorial_dag.py
[2023-07-05T13:14:18.680+0000] {processor.py:826} INFO - Processing file /home/airflow/.local/lib/python3.7/site-packages/airflow/example_dags/tutorial_dag.py for tasks to queue
[2023-07-05T13:14:18.681+0000] {logging_mixin.py:149} INFO - [2023-07-05T13:14:18.681+0000] {dagbag.py:541} INFO - Filling up the DagBag from /home/airflow/.local/lib/python3.7/site-packages/airflow/example_dags/tutorial_dag.py
[2023-07-05T13:14:18.687+0000] {processor.py:836} INFO - DAG(s) dict_keys(['tutorial_dag']) retrieved from /home/airflow/.local/lib/python3.7/site-packages/airflow/example_dags/tutorial_dag.py
[2023-07-05T13:14:18.726+0000] {logging_mixin.py:149} INFO - [2023-07-05T13:14:18.726+0000] {dag.py:2726} INFO - Sync 1 DAGs
[2023-07-05T13:14:18.762+0000] {logging_mixin.py:149} INFO - [2023-07-05T13:14:18.762+0000] {dag.py:3490} INFO - Setting next_dagrun for tutorial_dag to None, run_after=None
[2023-07-05T13:14:18.790+0000] {processor.py:179} INFO - Processing /home/airflow/.local/lib/python3.7/site-packages/airflow/example_dags/tutorial_dag.py took 0.115 seconds
[2023-07-05T13:14:49.163+0000] {processor.py:157} INFO - Started process (PID=2820) to work on /home/airflow/.local/lib/python3.7/site-packages/airflow/example_dags/tutorial_dag.py
[2023-07-05T13:14:49.165+0000] {processor.py:826} INFO - Processing file /home/airflow/.local/lib/python3.7/site-packages/airflow/example_dags/tutorial_dag.py for tasks to queue
[2023-07-05T13:14:49.165+0000] {logging_mixin.py:149} INFO - [2023-07-05T13:14:49.165+0000] {dagbag.py:541} INFO - Filling up the DagBag from /home/airflow/.local/lib/python3.7/site-packages/airflow/example_dags/tutorial_dag.py
[2023-07-05T13:14:49.170+0000] {processor.py:836} INFO - DAG(s) dict_keys(['tutorial_dag']) retrieved from /home/airflow/.local/lib/python3.7/site-packages/airflow/example_dags/tutorial_dag.py
[2023-07-05T13:14:49.204+0000] {logging_mixin.py:149} INFO - [2023-07-05T13:14:49.204+0000] {dag.py:2726} INFO - Sync 1 DAGs
[2023-07-05T13:14:49.239+0000] {logging_mixin.py:149} INFO - [2023-07-05T13:14:49.239+0000] {dag.py:3490} INFO - Setting next_dagrun for tutorial_dag to None, run_after=None
[2023-07-05T13:14:49.266+0000] {processor.py:179} INFO - Processing /home/airflow/.local/lib/python3.7/site-packages/airflow/example_dags/tutorial_dag.py took 0.106 seconds
[2023-07-05T13:15:19.480+0000] {processor.py:157} INFO - Started process (PID=2868) to work on /home/airflow/.local/lib/python3.7/site-packages/airflow/example_dags/tutorial_dag.py
[2023-07-05T13:15:19.481+0000] {processor.py:826} INFO - Processing file /home/airflow/.local/lib/python3.7/site-packages/airflow/example_dags/tutorial_dag.py for tasks to queue
[2023-07-05T13:15:19.482+0000] {logging_mixin.py:149} INFO - [2023-07-05T13:15:19.482+0000] {dagbag.py:541} INFO - Filling up the DagBag from /home/airflow/.local/lib/python3.7/site-packages/airflow/example_dags/tutorial_dag.py
[2023-07-05T13:15:19.489+0000] {processor.py:836} INFO - DAG(s) dict_keys(['tutorial_dag']) retrieved from /home/airflow/.local/lib/python3.7/site-packages/airflow/example_dags/tutorial_dag.py
[2023-07-05T13:15:19.544+0000] {logging_mixin.py:149} INFO - [2023-07-05T13:15:19.543+0000] {dag.py:2726} INFO - Sync 1 DAGs
[2023-07-05T13:15:19.584+0000] {logging_mixin.py:149} INFO - [2023-07-05T13:15:19.584+0000] {dag.py:3490} INFO - Setting next_dagrun for tutorial_dag to None, run_after=None
[2023-07-05T13:15:19.610+0000] {processor.py:179} INFO - Processing /home/airflow/.local/lib/python3.7/site-packages/airflow/example_dags/tutorial_dag.py took 0.135 seconds
[2023-07-05T13:15:49.960+0000] {processor.py:157} INFO - Started process (PID=2925) to work on /home/airflow/.local/lib/python3.7/site-packages/airflow/example_dags/tutorial_dag.py
[2023-07-05T13:15:49.962+0000] {processor.py:826} INFO - Processing file /home/airflow/.local/lib/python3.7/site-packages/airflow/example_dags/tutorial_dag.py for tasks to queue
[2023-07-05T13:15:49.964+0000] {logging_mixin.py:149} INFO - [2023-07-05T13:15:49.963+0000] {dagbag.py:541} INFO - Filling up the DagBag from /home/airflow/.local/lib/python3.7/site-packages/airflow/example_dags/tutorial_dag.py
[2023-07-05T13:15:49.970+0000] {processor.py:836} INFO - DAG(s) dict_keys(['tutorial_dag']) retrieved from /home/airflow/.local/lib/python3.7/site-packages/airflow/example_dags/tutorial_dag.py
[2023-07-05T13:15:50.009+0000] {logging_mixin.py:149} INFO - [2023-07-05T13:15:50.009+0000] {dag.py:2726} INFO - Sync 1 DAGs
[2023-07-05T13:15:50.054+0000] {logging_mixin.py:149} INFO - [2023-07-05T13:15:50.053+0000] {dag.py:3490} INFO - Setting next_dagrun for tutorial_dag to None, run_after=None
[2023-07-05T13:15:50.088+0000] {processor.py:179} INFO - Processing /home/airflow/.local/lib/python3.7/site-packages/airflow/example_dags/tutorial_dag.py took 0.132 seconds
[2023-07-05T13:16:20.343+0000] {processor.py:157} INFO - Started process (PID=2982) to work on /home/airflow/.local/lib/python3.7/site-packages/airflow/example_dags/tutorial_dag.py
[2023-07-05T13:16:20.345+0000] {processor.py:826} INFO - Processing file /home/airflow/.local/lib/python3.7/site-packages/airflow/example_dags/tutorial_dag.py for tasks to queue
[2023-07-05T13:16:20.346+0000] {logging_mixin.py:149} INFO - [2023-07-05T13:16:20.345+0000] {dagbag.py:541} INFO - Filling up the DagBag from /home/airflow/.local/lib/python3.7/site-packages/airflow/example_dags/tutorial_dag.py
[2023-07-05T13:16:20.352+0000] {processor.py:836} INFO - DAG(s) dict_keys(['tutorial_dag']) retrieved from /home/airflow/.local/lib/python3.7/site-packages/airflow/example_dags/tutorial_dag.py
[2023-07-05T13:16:20.392+0000] {logging_mixin.py:149} INFO - [2023-07-05T13:16:20.392+0000] {dag.py:2726} INFO - Sync 1 DAGs
[2023-07-05T13:16:20.434+0000] {logging_mixin.py:149} INFO - [2023-07-05T13:16:20.434+0000] {dag.py:3490} INFO - Setting next_dagrun for tutorial_dag to None, run_after=None
[2023-07-05T13:16:20.457+0000] {processor.py:179} INFO - Processing /home/airflow/.local/lib/python3.7/site-packages/airflow/example_dags/tutorial_dag.py took 0.118 seconds
[2023-07-05T13:16:50.668+0000] {processor.py:157} INFO - Started process (PID=3039) to work on /home/airflow/.local/lib/python3.7/site-packages/airflow/example_dags/tutorial_dag.py
[2023-07-05T13:16:50.669+0000] {processor.py:826} INFO - Processing file /home/airflow/.local/lib/python3.7/site-packages/airflow/example_dags/tutorial_dag.py for tasks to queue
[2023-07-05T13:16:50.670+0000] {logging_mixin.py:149} INFO - [2023-07-05T13:16:50.670+0000] {dagbag.py:541} INFO - Filling up the DagBag from /home/airflow/.local/lib/python3.7/site-packages/airflow/example_dags/tutorial_dag.py
[2023-07-05T13:16:50.677+0000] {processor.py:836} INFO - DAG(s) dict_keys(['tutorial_dag']) retrieved from /home/airflow/.local/lib/python3.7/site-packages/airflow/example_dags/tutorial_dag.py
[2023-07-05T13:16:50.710+0000] {logging_mixin.py:149} INFO - [2023-07-05T13:16:50.710+0000] {dag.py:2726} INFO - Sync 1 DAGs
[2023-07-05T13:16:50.745+0000] {logging_mixin.py:149} INFO - [2023-07-05T13:16:50.745+0000] {dag.py:3490} INFO - Setting next_dagrun for tutorial_dag to None, run_after=None
[2023-07-05T13:16:50.772+0000] {processor.py:179} INFO - Processing /home/airflow/.local/lib/python3.7/site-packages/airflow/example_dags/tutorial_dag.py took 0.109 seconds
[2023-07-05T13:17:21.429+0000] {processor.py:157} INFO - Started process (PID=3102) to work on /home/airflow/.local/lib/python3.7/site-packages/airflow/example_dags/tutorial_dag.py
[2023-07-05T13:17:21.430+0000] {processor.py:826} INFO - Processing file /home/airflow/.local/lib/python3.7/site-packages/airflow/example_dags/tutorial_dag.py for tasks to queue
[2023-07-05T13:17:21.431+0000] {logging_mixin.py:149} INFO - [2023-07-05T13:17:21.431+0000] {dagbag.py:541} INFO - Filling up the DagBag from /home/airflow/.local/lib/python3.7/site-packages/airflow/example_dags/tutorial_dag.py
[2023-07-05T13:17:21.436+0000] {processor.py:836} INFO - DAG(s) dict_keys(['tutorial_dag']) retrieved from /home/airflow/.local/lib/python3.7/site-packages/airflow/example_dags/tutorial_dag.py
[2023-07-05T13:17:21.491+0000] {logging_mixin.py:149} INFO - [2023-07-05T13:17:21.491+0000] {dag.py:2726} INFO - Sync 1 DAGs
[2023-07-05T13:17:21.538+0000] {logging_mixin.py:149} INFO - [2023-07-05T13:17:21.538+0000] {dag.py:3490} INFO - Setting next_dagrun for tutorial_dag to None, run_after=None
[2023-07-05T13:17:21.569+0000] {processor.py:179} INFO - Processing /home/airflow/.local/lib/python3.7/site-packages/airflow/example_dags/tutorial_dag.py took 0.143 seconds
[2023-07-05T13:17:51.746+0000] {processor.py:157} INFO - Started process (PID=3159) to work on /home/airflow/.local/lib/python3.7/site-packages/airflow/example_dags/tutorial_dag.py
[2023-07-05T13:17:51.747+0000] {processor.py:826} INFO - Processing file /home/airflow/.local/lib/python3.7/site-packages/airflow/example_dags/tutorial_dag.py for tasks to queue
[2023-07-05T13:17:51.748+0000] {logging_mixin.py:149} INFO - [2023-07-05T13:17:51.748+0000] {dagbag.py:541} INFO - Filling up the DagBag from /home/airflow/.local/lib/python3.7/site-packages/airflow/example_dags/tutorial_dag.py
[2023-07-05T13:17:51.757+0000] {processor.py:836} INFO - DAG(s) dict_keys(['tutorial_dag']) retrieved from /home/airflow/.local/lib/python3.7/site-packages/airflow/example_dags/tutorial_dag.py
[2023-07-05T13:17:51.795+0000] {logging_mixin.py:149} INFO - [2023-07-05T13:17:51.795+0000] {dag.py:2726} INFO - Sync 1 DAGs
[2023-07-05T13:17:51.826+0000] {logging_mixin.py:149} INFO - [2023-07-05T13:17:51.826+0000] {dag.py:3490} INFO - Setting next_dagrun for tutorial_dag to None, run_after=None
[2023-07-05T13:17:51.850+0000] {processor.py:179} INFO - Processing /home/airflow/.local/lib/python3.7/site-packages/airflow/example_dags/tutorial_dag.py took 0.109 seconds
