[2023-07-11T07:51:50.362+0000] {processor.py:157} INFO - Started process (PID=35) to work on /opt/airflow/dags/assignment.py
[2023-07-11T07:51:50.363+0000] {processor.py:826} INFO - Processing file /opt/airflow/dags/assignment.py for tasks to queue
[2023-07-11T07:51:50.367+0000] {logging_mixin.py:149} INFO - [2023-07-11T07:51:50.366+0000] {dagbag.py:541} INFO - Filling up the DagBag from /opt/airflow/dags/assignment.py
[2023-07-11T07:51:50.374+0000] {logging_mixin.py:149} INFO - 00000000000000000000000000000000000000000000000000000000000000000000000000000000000000000
[2023-07-11T07:51:50.392+0000] {processor.py:836} INFO - DAG(s) dict_keys(['assignment']) retrieved from /opt/airflow/dags/assignment.py
[2023-07-11T07:51:50.736+0000] {logging_mixin.py:149} INFO - [2023-07-11T07:51:50.735+0000] {dag.py:2726} INFO - Sync 1 DAGs
[2023-07-11T07:51:50.787+0000] {logging_mixin.py:149} INFO - [2023-07-11T07:51:50.786+0000] {dag.py:3490} INFO - Setting next_dagrun for assignment to None, run_after=None
[2023-07-11T07:51:50.842+0000] {processor.py:179} INFO - Processing /opt/airflow/dags/assignment.py took 0.511 seconds
[2023-07-11T07:52:21.048+0000] {processor.py:157} INFO - Started process (PID=44) to work on /opt/airflow/dags/assignment.py
[2023-07-11T07:52:21.054+0000] {processor.py:826} INFO - Processing file /opt/airflow/dags/assignment.py for tasks to queue
[2023-07-11T07:52:21.058+0000] {logging_mixin.py:149} INFO - [2023-07-11T07:52:21.058+0000] {dagbag.py:541} INFO - Filling up the DagBag from /opt/airflow/dags/assignment.py
[2023-07-11T07:52:21.082+0000] {logging_mixin.py:149} INFO - 00000000000000000000000000000000000000000000000000000000000000000000000000000000000000000
[2023-07-11T07:52:21.090+0000] {processor.py:836} INFO - DAG(s) dict_keys(['assignment']) retrieved from /opt/airflow/dags/assignment.py
[2023-07-11T07:52:21.172+0000] {logging_mixin.py:149} INFO - [2023-07-11T07:52:21.171+0000] {dag.py:2726} INFO - Sync 1 DAGs
[2023-07-11T07:52:21.256+0000] {logging_mixin.py:149} INFO - [2023-07-11T07:52:21.256+0000] {dag.py:3490} INFO - Setting next_dagrun for assignment to None, run_after=None
[2023-07-11T07:52:21.299+0000] {processor.py:179} INFO - Processing /opt/airflow/dags/assignment.py took 0.258 seconds
[2023-07-11T07:52:51.543+0000] {processor.py:157} INFO - Started process (PID=53) to work on /opt/airflow/dags/assignment.py
[2023-07-11T07:52:51.545+0000] {processor.py:826} INFO - Processing file /opt/airflow/dags/assignment.py for tasks to queue
[2023-07-11T07:52:51.548+0000] {logging_mixin.py:149} INFO - [2023-07-11T07:52:51.548+0000] {dagbag.py:541} INFO - Filling up the DagBag from /opt/airflow/dags/assignment.py
[2023-07-11T07:52:51.559+0000] {logging_mixin.py:149} INFO - 00000000000000000000000000000000000000000000000000000000000000000000000000000000000000000
[2023-07-11T07:52:51.565+0000] {processor.py:836} INFO - DAG(s) dict_keys(['assignment']) retrieved from /opt/airflow/dags/assignment.py
[2023-07-11T07:52:51.636+0000] {logging_mixin.py:149} INFO - [2023-07-11T07:52:51.635+0000] {dag.py:2726} INFO - Sync 1 DAGs
[2023-07-11T07:52:51.688+0000] {logging_mixin.py:149} INFO - [2023-07-11T07:52:51.688+0000] {dag.py:3490} INFO - Setting next_dagrun for assignment to None, run_after=None
[2023-07-11T07:52:51.733+0000] {processor.py:179} INFO - Processing /opt/airflow/dags/assignment.py took 0.196 seconds
[2023-07-11T07:53:21.945+0000] {processor.py:157} INFO - Started process (PID=62) to work on /opt/airflow/dags/assignment.py
[2023-07-11T07:53:21.946+0000] {processor.py:826} INFO - Processing file /opt/airflow/dags/assignment.py for tasks to queue
[2023-07-11T07:53:21.948+0000] {logging_mixin.py:149} INFO - [2023-07-11T07:53:21.948+0000] {dagbag.py:541} INFO - Filling up the DagBag from /opt/airflow/dags/assignment.py
[2023-07-11T07:53:21.955+0000] {logging_mixin.py:149} INFO - 00000000000000000000000000000000000000000000000000000000000000000000000000000000000000000
[2023-07-11T07:53:21.960+0000] {processor.py:836} INFO - DAG(s) dict_keys(['assignment']) retrieved from /opt/airflow/dags/assignment.py
[2023-07-11T07:53:22.011+0000] {logging_mixin.py:149} INFO - [2023-07-11T07:53:22.010+0000] {dag.py:2726} INFO - Sync 1 DAGs
[2023-07-11T07:53:22.086+0000] {logging_mixin.py:149} INFO - [2023-07-11T07:53:22.086+0000] {dag.py:3490} INFO - Setting next_dagrun for assignment to None, run_after=None
[2023-07-11T07:53:22.111+0000] {processor.py:179} INFO - Processing /opt/airflow/dags/assignment.py took 0.170 seconds
[2023-07-11T07:53:52.351+0000] {processor.py:157} INFO - Started process (PID=71) to work on /opt/airflow/dags/assignment.py
[2023-07-11T07:53:52.353+0000] {processor.py:826} INFO - Processing file /opt/airflow/dags/assignment.py for tasks to queue
[2023-07-11T07:53:52.355+0000] {logging_mixin.py:149} INFO - [2023-07-11T07:53:52.355+0000] {dagbag.py:541} INFO - Filling up the DagBag from /opt/airflow/dags/assignment.py
[2023-07-11T07:53:52.362+0000] {logging_mixin.py:149} INFO - 00000000000000000000000000000000000000000000000000000000000000000000000000000000000000000
[2023-07-11T07:53:52.367+0000] {processor.py:836} INFO - DAG(s) dict_keys(['assignment']) retrieved from /opt/airflow/dags/assignment.py
[2023-07-11T07:53:52.421+0000] {logging_mixin.py:149} INFO - [2023-07-11T07:53:52.421+0000] {dag.py:2726} INFO - Sync 1 DAGs
[2023-07-11T07:53:52.471+0000] {logging_mixin.py:149} INFO - [2023-07-11T07:53:52.471+0000] {dag.py:3490} INFO - Setting next_dagrun for assignment to None, run_after=None
[2023-07-11T07:53:52.506+0000] {processor.py:179} INFO - Processing /opt/airflow/dags/assignment.py took 0.161 seconds
[2023-07-11T07:54:22.571+0000] {processor.py:157} INFO - Started process (PID=79) to work on /opt/airflow/dags/assignment.py
[2023-07-11T07:54:22.572+0000] {processor.py:826} INFO - Processing file /opt/airflow/dags/assignment.py for tasks to queue
[2023-07-11T07:54:22.576+0000] {logging_mixin.py:149} INFO - [2023-07-11T07:54:22.576+0000] {dagbag.py:541} INFO - Filling up the DagBag from /opt/airflow/dags/assignment.py
[2023-07-11T07:54:22.586+0000] {logging_mixin.py:149} INFO - 00000000000000000000000000000000000000000000000000000000000000000000000000000000000000000
[2023-07-11T07:54:22.591+0000] {processor.py:836} INFO - DAG(s) dict_keys(['assignment']) retrieved from /opt/airflow/dags/assignment.py
[2023-07-11T07:54:22.643+0000] {logging_mixin.py:149} INFO - [2023-07-11T07:54:22.642+0000] {dag.py:2726} INFO - Sync 1 DAGs
[2023-07-11T07:54:22.690+0000] {logging_mixin.py:149} INFO - [2023-07-11T07:54:22.689+0000] {dag.py:3490} INFO - Setting next_dagrun for assignment to None, run_after=None
[2023-07-11T07:54:22.726+0000] {processor.py:179} INFO - Processing /opt/airflow/dags/assignment.py took 0.163 seconds
[2023-07-11T07:54:52.942+0000] {processor.py:157} INFO - Started process (PID=88) to work on /opt/airflow/dags/assignment.py
[2023-07-11T07:54:52.943+0000] {processor.py:826} INFO - Processing file /opt/airflow/dags/assignment.py for tasks to queue
[2023-07-11T07:54:52.946+0000] {logging_mixin.py:149} INFO - [2023-07-11T07:54:52.946+0000] {dagbag.py:541} INFO - Filling up the DagBag from /opt/airflow/dags/assignment.py
[2023-07-11T07:54:52.954+0000] {logging_mixin.py:149} INFO - 00000000000000000000000000000000000000000000000000000000000000000000000000000000000000000
[2023-07-11T07:54:52.961+0000] {processor.py:836} INFO - DAG(s) dict_keys(['assignment']) retrieved from /opt/airflow/dags/assignment.py
[2023-07-11T07:54:53.042+0000] {logging_mixin.py:149} INFO - [2023-07-11T07:54:53.040+0000] {dag.py:2726} INFO - Sync 1 DAGs
[2023-07-11T07:54:53.101+0000] {logging_mixin.py:149} INFO - [2023-07-11T07:54:53.100+0000] {dag.py:3490} INFO - Setting next_dagrun for assignment to None, run_after=None
[2023-07-11T07:54:53.135+0000] {processor.py:179} INFO - Processing /opt/airflow/dags/assignment.py took 0.207 seconds
[2023-07-11T07:55:23.326+0000] {processor.py:157} INFO - Started process (PID=97) to work on /opt/airflow/dags/assignment.py
[2023-07-11T07:55:23.328+0000] {processor.py:826} INFO - Processing file /opt/airflow/dags/assignment.py for tasks to queue
[2023-07-11T07:55:23.334+0000] {logging_mixin.py:149} INFO - [2023-07-11T07:55:23.333+0000] {dagbag.py:541} INFO - Filling up the DagBag from /opt/airflow/dags/assignment.py
[2023-07-11T07:55:23.343+0000] {logging_mixin.py:149} INFO - 00000000000000000000000000000000000000000000000000000000000000000000000000000000000000000
[2023-07-11T07:55:23.349+0000] {processor.py:836} INFO - DAG(s) dict_keys(['assignment']) retrieved from /opt/airflow/dags/assignment.py
[2023-07-11T07:55:23.399+0000] {logging_mixin.py:149} INFO - [2023-07-11T07:55:23.398+0000] {dag.py:2726} INFO - Sync 1 DAGs
[2023-07-11T07:55:23.467+0000] {logging_mixin.py:149} INFO - [2023-07-11T07:55:23.467+0000] {dag.py:3490} INFO - Setting next_dagrun for assignment to None, run_after=None
[2023-07-11T07:55:23.504+0000] {processor.py:179} INFO - Processing /opt/airflow/dags/assignment.py took 0.183 seconds
[2023-07-11T07:55:53.553+0000] {processor.py:157} INFO - Started process (PID=106) to work on /opt/airflow/dags/assignment.py
[2023-07-11T07:55:53.554+0000] {processor.py:826} INFO - Processing file /opt/airflow/dags/assignment.py for tasks to queue
[2023-07-11T07:55:53.558+0000] {logging_mixin.py:149} INFO - [2023-07-11T07:55:53.558+0000] {dagbag.py:541} INFO - Filling up the DagBag from /opt/airflow/dags/assignment.py
[2023-07-11T07:55:53.573+0000] {logging_mixin.py:149} INFO - 00000000000000000000000000000000000000000000000000000000000000000000000000000000000000000
[2023-07-11T07:55:53.580+0000] {processor.py:836} INFO - DAG(s) dict_keys(['assignment']) retrieved from /opt/airflow/dags/assignment.py
[2023-07-11T07:55:53.636+0000] {logging_mixin.py:149} INFO - [2023-07-11T07:55:53.635+0000] {dag.py:2726} INFO - Sync 1 DAGs
[2023-07-11T07:55:53.676+0000] {logging_mixin.py:149} INFO - [2023-07-11T07:55:53.676+0000] {dag.py:3490} INFO - Setting next_dagrun for assignment to None, run_after=None
[2023-07-11T07:55:53.711+0000] {processor.py:179} INFO - Processing /opt/airflow/dags/assignment.py took 0.166 seconds
[2023-07-11T07:56:23.929+0000] {processor.py:157} INFO - Started process (PID=114) to work on /opt/airflow/dags/assignment.py
[2023-07-11T07:56:23.930+0000] {processor.py:826} INFO - Processing file /opt/airflow/dags/assignment.py for tasks to queue
[2023-07-11T07:56:23.934+0000] {logging_mixin.py:149} INFO - [2023-07-11T07:56:23.933+0000] {dagbag.py:541} INFO - Filling up the DagBag from /opt/airflow/dags/assignment.py
[2023-07-11T07:56:23.942+0000] {logging_mixin.py:149} INFO - 00000000000000000000000000000000000000000000000000000000000000000000000000000000000000000
[2023-07-11T07:56:23.949+0000] {processor.py:836} INFO - DAG(s) dict_keys(['assignment']) retrieved from /opt/airflow/dags/assignment.py
[2023-07-11T07:56:24.004+0000] {logging_mixin.py:149} INFO - [2023-07-11T07:56:24.003+0000] {dag.py:2726} INFO - Sync 1 DAGs
[2023-07-11T07:56:24.057+0000] {logging_mixin.py:149} INFO - [2023-07-11T07:56:24.057+0000] {dag.py:3490} INFO - Setting next_dagrun for assignment to None, run_after=None
[2023-07-11T07:56:24.104+0000] {processor.py:179} INFO - Processing /opt/airflow/dags/assignment.py took 0.180 seconds
[2023-07-11T07:56:54.194+0000] {processor.py:157} INFO - Started process (PID=123) to work on /opt/airflow/dags/assignment.py
[2023-07-11T07:56:54.195+0000] {processor.py:826} INFO - Processing file /opt/airflow/dags/assignment.py for tasks to queue
[2023-07-11T07:56:54.197+0000] {logging_mixin.py:149} INFO - [2023-07-11T07:56:54.197+0000] {dagbag.py:541} INFO - Filling up the DagBag from /opt/airflow/dags/assignment.py
[2023-07-11T07:56:54.205+0000] {logging_mixin.py:149} INFO - 00000000000000000000000000000000000000000000000000000000000000000000000000000000000000000
[2023-07-11T07:56:54.211+0000] {processor.py:836} INFO - DAG(s) dict_keys(['assignment']) retrieved from /opt/airflow/dags/assignment.py
[2023-07-11T07:56:54.267+0000] {logging_mixin.py:149} INFO - [2023-07-11T07:56:54.266+0000] {dag.py:2726} INFO - Sync 1 DAGs
[2023-07-11T07:56:54.314+0000] {logging_mixin.py:149} INFO - [2023-07-11T07:56:54.314+0000] {dag.py:3490} INFO - Setting next_dagrun for assignment to None, run_after=None
[2023-07-11T07:56:54.349+0000] {processor.py:179} INFO - Processing /opt/airflow/dags/assignment.py took 0.167 seconds
[2023-07-11T07:57:24.574+0000] {processor.py:157} INFO - Started process (PID=132) to work on /opt/airflow/dags/assignment.py
[2023-07-11T07:57:24.576+0000] {processor.py:826} INFO - Processing file /opt/airflow/dags/assignment.py for tasks to queue
[2023-07-11T07:57:24.583+0000] {logging_mixin.py:149} INFO - [2023-07-11T07:57:24.583+0000] {dagbag.py:541} INFO - Filling up the DagBag from /opt/airflow/dags/assignment.py
[2023-07-11T07:57:24.597+0000] {logging_mixin.py:149} INFO - 00000000000000000000000000000000000000000000000000000000000000000000000000000000000000000
[2023-07-11T07:57:24.603+0000] {processor.py:836} INFO - DAG(s) dict_keys(['assignment']) retrieved from /opt/airflow/dags/assignment.py
[2023-07-11T07:57:24.658+0000] {logging_mixin.py:149} INFO - [2023-07-11T07:57:24.657+0000] {dag.py:2726} INFO - Sync 1 DAGs
[2023-07-11T07:57:24.699+0000] {logging_mixin.py:149} INFO - [2023-07-11T07:57:24.699+0000] {dag.py:3490} INFO - Setting next_dagrun for assignment to None, run_after=None
[2023-07-11T07:57:24.723+0000] {processor.py:179} INFO - Processing /opt/airflow/dags/assignment.py took 0.158 seconds
[2023-07-11T07:57:54.933+0000] {processor.py:157} INFO - Started process (PID=141) to work on /opt/airflow/dags/assignment.py
[2023-07-11T07:57:54.934+0000] {processor.py:826} INFO - Processing file /opt/airflow/dags/assignment.py for tasks to queue
[2023-07-11T07:57:54.937+0000] {logging_mixin.py:149} INFO - [2023-07-11T07:57:54.936+0000] {dagbag.py:541} INFO - Filling up the DagBag from /opt/airflow/dags/assignment.py
[2023-07-11T07:57:54.945+0000] {logging_mixin.py:149} INFO - 00000000000000000000000000000000000000000000000000000000000000000000000000000000000000000
[2023-07-11T07:57:54.950+0000] {processor.py:836} INFO - DAG(s) dict_keys(['assignment']) retrieved from /opt/airflow/dags/assignment.py
[2023-07-11T07:57:54.992+0000] {logging_mixin.py:149} INFO - [2023-07-11T07:57:54.991+0000] {dag.py:2726} INFO - Sync 1 DAGs
[2023-07-11T07:57:55.036+0000] {logging_mixin.py:149} INFO - [2023-07-11T07:57:55.036+0000] {dag.py:3490} INFO - Setting next_dagrun for assignment to None, run_after=None
[2023-07-11T07:57:55.072+0000] {processor.py:179} INFO - Processing /opt/airflow/dags/assignment.py took 0.145 seconds
[2023-07-11T07:58:25.181+0000] {processor.py:157} INFO - Started process (PID=150) to work on /opt/airflow/dags/assignment.py
[2023-07-11T07:58:25.183+0000] {processor.py:826} INFO - Processing file /opt/airflow/dags/assignment.py for tasks to queue
[2023-07-11T07:58:25.185+0000] {logging_mixin.py:149} INFO - [2023-07-11T07:58:25.185+0000] {dagbag.py:541} INFO - Filling up the DagBag from /opt/airflow/dags/assignment.py
[2023-07-11T07:58:25.193+0000] {logging_mixin.py:149} INFO - 00000000000000000000000000000000000000000000000000000000000000000000000000000000000000000
[2023-07-11T07:58:25.198+0000] {processor.py:836} INFO - DAG(s) dict_keys(['assignment']) retrieved from /opt/airflow/dags/assignment.py
[2023-07-11T07:58:25.255+0000] {logging_mixin.py:149} INFO - [2023-07-11T07:58:25.254+0000] {dag.py:2726} INFO - Sync 1 DAGs
[2023-07-11T07:58:25.293+0000] {logging_mixin.py:149} INFO - [2023-07-11T07:58:25.293+0000] {dag.py:3490} INFO - Setting next_dagrun for assignment to None, run_after=None
[2023-07-11T07:58:25.321+0000] {processor.py:179} INFO - Processing /opt/airflow/dags/assignment.py took 0.144 seconds
[2023-07-11T07:58:55.573+0000] {processor.py:157} INFO - Started process (PID=159) to work on /opt/airflow/dags/assignment.py
[2023-07-11T07:58:55.578+0000] {processor.py:826} INFO - Processing file /opt/airflow/dags/assignment.py for tasks to queue
[2023-07-11T07:58:55.583+0000] {logging_mixin.py:149} INFO - [2023-07-11T07:58:55.582+0000] {dagbag.py:541} INFO - Filling up the DagBag from /opt/airflow/dags/assignment.py
[2023-07-11T07:58:55.594+0000] {logging_mixin.py:149} INFO - 00000000000000000000000000000000000000000000000000000000000000000000000000000000000000000
[2023-07-11T07:58:55.601+0000] {processor.py:836} INFO - DAG(s) dict_keys(['assignment']) retrieved from /opt/airflow/dags/assignment.py
[2023-07-11T07:58:55.668+0000] {logging_mixin.py:149} INFO - [2023-07-11T07:58:55.667+0000] {dag.py:2726} INFO - Sync 1 DAGs
[2023-07-11T07:58:55.724+0000] {logging_mixin.py:149} INFO - [2023-07-11T07:58:55.723+0000] {dag.py:3490} INFO - Setting next_dagrun for assignment to None, run_after=None
[2023-07-11T07:58:56.075+0000] {processor.py:179} INFO - Processing /opt/airflow/dags/assignment.py took 0.511 seconds
[2023-07-11T07:59:26.291+0000] {processor.py:157} INFO - Started process (PID=168) to work on /opt/airflow/dags/assignment.py
[2023-07-11T07:59:26.292+0000] {processor.py:826} INFO - Processing file /opt/airflow/dags/assignment.py for tasks to queue
[2023-07-11T07:59:26.296+0000] {logging_mixin.py:149} INFO - [2023-07-11T07:59:26.295+0000] {dagbag.py:541} INFO - Filling up the DagBag from /opt/airflow/dags/assignment.py
[2023-07-11T07:59:26.304+0000] {logging_mixin.py:149} INFO - 00000000000000000000000000000000000000000000000000000000000000000000000000000000000000000
[2023-07-11T07:59:26.309+0000] {processor.py:836} INFO - DAG(s) dict_keys(['assignment']) retrieved from /opt/airflow/dags/assignment.py
[2023-07-11T07:59:26.362+0000] {logging_mixin.py:149} INFO - [2023-07-11T07:59:26.361+0000] {dag.py:2726} INFO - Sync 1 DAGs
[2023-07-11T07:59:26.607+0000] {logging_mixin.py:149} INFO - [2023-07-11T07:59:26.607+0000] {dag.py:3490} INFO - Setting next_dagrun for assignment to None, run_after=None
[2023-07-11T07:59:26.634+0000] {processor.py:179} INFO - Processing /opt/airflow/dags/assignment.py took 0.349 seconds
[2023-07-11T07:59:56.850+0000] {processor.py:157} INFO - Started process (PID=177) to work on /opt/airflow/dags/assignment.py
[2023-07-11T07:59:56.852+0000] {processor.py:826} INFO - Processing file /opt/airflow/dags/assignment.py for tasks to queue
[2023-07-11T07:59:56.854+0000] {logging_mixin.py:149} INFO - [2023-07-11T07:59:56.854+0000] {dagbag.py:541} INFO - Filling up the DagBag from /opt/airflow/dags/assignment.py
[2023-07-11T07:59:56.861+0000] {logging_mixin.py:149} INFO - 00000000000000000000000000000000000000000000000000000000000000000000000000000000000000000
[2023-07-11T07:59:56.865+0000] {processor.py:836} INFO - DAG(s) dict_keys(['assignment']) retrieved from /opt/airflow/dags/assignment.py
[2023-07-11T07:59:56.911+0000] {logging_mixin.py:149} INFO - [2023-07-11T07:59:56.911+0000] {dag.py:2726} INFO - Sync 1 DAGs
[2023-07-11T07:59:57.149+0000] {logging_mixin.py:149} INFO - [2023-07-11T07:59:57.149+0000] {dag.py:3490} INFO - Setting next_dagrun for assignment to None, run_after=None
[2023-07-11T07:59:57.175+0000] {processor.py:179} INFO - Processing /opt/airflow/dags/assignment.py took 0.329 seconds
[2023-07-11T08:00:27.435+0000] {processor.py:157} INFO - Started process (PID=186) to work on /opt/airflow/dags/assignment.py
[2023-07-11T08:00:27.437+0000] {processor.py:826} INFO - Processing file /opt/airflow/dags/assignment.py for tasks to queue
[2023-07-11T08:00:27.440+0000] {logging_mixin.py:149} INFO - [2023-07-11T08:00:27.440+0000] {dagbag.py:541} INFO - Filling up the DagBag from /opt/airflow/dags/assignment.py
[2023-07-11T08:00:27.449+0000] {logging_mixin.py:149} INFO - 00000000000000000000000000000000000000000000000000000000000000000000000000000000000000000
[2023-07-11T08:00:27.454+0000] {processor.py:836} INFO - DAG(s) dict_keys(['assignment']) retrieved from /opt/airflow/dags/assignment.py
[2023-07-11T08:00:27.499+0000] {logging_mixin.py:149} INFO - [2023-07-11T08:00:27.498+0000] {dag.py:2726} INFO - Sync 1 DAGs
[2023-07-11T08:00:27.556+0000] {logging_mixin.py:149} INFO - [2023-07-11T08:00:27.556+0000] {dag.py:3490} INFO - Setting next_dagrun for assignment to None, run_after=None
[2023-07-11T08:00:27.583+0000] {processor.py:179} INFO - Processing /opt/airflow/dags/assignment.py took 0.154 seconds
[2023-07-11T08:00:57.828+0000] {processor.py:157} INFO - Started process (PID=195) to work on /opt/airflow/dags/assignment.py
[2023-07-11T08:00:57.829+0000] {processor.py:826} INFO - Processing file /opt/airflow/dags/assignment.py for tasks to queue
[2023-07-11T08:00:57.832+0000] {logging_mixin.py:149} INFO - [2023-07-11T08:00:57.832+0000] {dagbag.py:541} INFO - Filling up the DagBag from /opt/airflow/dags/assignment.py
[2023-07-11T08:00:57.839+0000] {logging_mixin.py:149} INFO - 00000000000000000000000000000000000000000000000000000000000000000000000000000000000000000
[2023-07-11T08:00:57.843+0000] {processor.py:836} INFO - DAG(s) dict_keys(['assignment']) retrieved from /opt/airflow/dags/assignment.py
[2023-07-11T08:00:57.887+0000] {logging_mixin.py:149} INFO - [2023-07-11T08:00:57.886+0000] {dag.py:2726} INFO - Sync 1 DAGs
[2023-07-11T08:00:57.935+0000] {logging_mixin.py:149} INFO - [2023-07-11T08:00:57.935+0000] {dag.py:3490} INFO - Setting next_dagrun for assignment to None, run_after=None
[2023-07-11T08:00:57.962+0000] {processor.py:179} INFO - Processing /opt/airflow/dags/assignment.py took 0.139 seconds
[2023-07-11T08:01:28.065+0000] {processor.py:157} INFO - Started process (PID=204) to work on /opt/airflow/dags/assignment.py
[2023-07-11T08:01:28.067+0000] {processor.py:826} INFO - Processing file /opt/airflow/dags/assignment.py for tasks to queue
[2023-07-11T08:01:28.069+0000] {logging_mixin.py:149} INFO - [2023-07-11T08:01:28.069+0000] {dagbag.py:541} INFO - Filling up the DagBag from /opt/airflow/dags/assignment.py
[2023-07-11T08:01:28.076+0000] {logging_mixin.py:149} INFO - 00000000000000000000000000000000000000000000000000000000000000000000000000000000000000000
[2023-07-11T08:01:28.082+0000] {processor.py:836} INFO - DAG(s) dict_keys(['assignment']) retrieved from /opt/airflow/dags/assignment.py
[2023-07-11T08:01:28.135+0000] {logging_mixin.py:149} INFO - [2023-07-11T08:01:28.134+0000] {dag.py:2726} INFO - Sync 1 DAGs
[2023-07-11T08:01:28.181+0000] {logging_mixin.py:149} INFO - [2023-07-11T08:01:28.181+0000] {dag.py:3490} INFO - Setting next_dagrun for assignment to None, run_after=None
[2023-07-11T08:01:28.548+0000] {processor.py:179} INFO - Processing /opt/airflow/dags/assignment.py took 0.486 seconds
[2023-07-11T08:01:58.749+0000] {processor.py:157} INFO - Started process (PID=213) to work on /opt/airflow/dags/assignment.py
[2023-07-11T08:01:58.750+0000] {processor.py:826} INFO - Processing file /opt/airflow/dags/assignment.py for tasks to queue
[2023-07-11T08:01:58.753+0000] {logging_mixin.py:149} INFO - [2023-07-11T08:01:58.752+0000] {dagbag.py:541} INFO - Filling up the DagBag from /opt/airflow/dags/assignment.py
[2023-07-11T08:01:58.759+0000] {logging_mixin.py:149} INFO - 00000000000000000000000000000000000000000000000000000000000000000000000000000000000000000
[2023-07-11T08:01:58.764+0000] {processor.py:836} INFO - DAG(s) dict_keys(['assignment']) retrieved from /opt/airflow/dags/assignment.py
[2023-07-11T08:01:58.811+0000] {logging_mixin.py:149} INFO - [2023-07-11T08:01:58.810+0000] {dag.py:2726} INFO - Sync 1 DAGs
[2023-07-11T08:01:59.048+0000] {logging_mixin.py:149} INFO - [2023-07-11T08:01:59.047+0000] {dag.py:3490} INFO - Setting next_dagrun for assignment to None, run_after=None
[2023-07-11T08:01:59.087+0000] {processor.py:179} INFO - Processing /opt/airflow/dags/assignment.py took 0.342 seconds
[2023-07-11T08:02:29.300+0000] {processor.py:157} INFO - Started process (PID=222) to work on /opt/airflow/dags/assignment.py
[2023-07-11T08:02:29.303+0000] {processor.py:826} INFO - Processing file /opt/airflow/dags/assignment.py for tasks to queue
[2023-07-11T08:02:29.307+0000] {logging_mixin.py:149} INFO - [2023-07-11T08:02:29.306+0000] {dagbag.py:541} INFO - Filling up the DagBag from /opt/airflow/dags/assignment.py
[2023-07-11T08:02:29.321+0000] {logging_mixin.py:149} INFO - 00000000000000000000000000000000000000000000000000000000000000000000000000000000000000000
[2023-07-11T08:02:29.327+0000] {processor.py:836} INFO - DAG(s) dict_keys(['assignment']) retrieved from /opt/airflow/dags/assignment.py
[2023-07-11T08:02:29.619+0000] {logging_mixin.py:149} INFO - [2023-07-11T08:02:29.618+0000] {dag.py:2726} INFO - Sync 1 DAGs
[2023-07-11T08:02:29.661+0000] {logging_mixin.py:149} INFO - [2023-07-11T08:02:29.660+0000] {dag.py:3490} INFO - Setting next_dagrun for assignment to None, run_after=None
[2023-07-11T08:02:29.692+0000] {processor.py:179} INFO - Processing /opt/airflow/dags/assignment.py took 0.398 seconds
[2023-07-11T08:02:59.892+0000] {processor.py:157} INFO - Started process (PID=231) to work on /opt/airflow/dags/assignment.py
[2023-07-11T08:02:59.893+0000] {processor.py:826} INFO - Processing file /opt/airflow/dags/assignment.py for tasks to queue
[2023-07-11T08:02:59.895+0000] {logging_mixin.py:149} INFO - [2023-07-11T08:02:59.895+0000] {dagbag.py:541} INFO - Filling up the DagBag from /opt/airflow/dags/assignment.py
[2023-07-11T08:02:59.901+0000] {logging_mixin.py:149} INFO - 00000000000000000000000000000000000000000000000000000000000000000000000000000000000000000
[2023-07-11T08:02:59.906+0000] {processor.py:836} INFO - DAG(s) dict_keys(['assignment']) retrieved from /opt/airflow/dags/assignment.py
[2023-07-11T08:02:59.957+0000] {logging_mixin.py:149} INFO - [2023-07-11T08:02:59.956+0000] {dag.py:2726} INFO - Sync 1 DAGs
[2023-07-11T08:03:00.010+0000] {logging_mixin.py:149} INFO - [2023-07-11T08:03:00.010+0000] {dag.py:3490} INFO - Setting next_dagrun for assignment to None, run_after=None
[2023-07-11T08:03:00.044+0000] {processor.py:179} INFO - Processing /opt/airflow/dags/assignment.py took 0.156 seconds
[2023-07-11T08:03:30.106+0000] {processor.py:157} INFO - Started process (PID=239) to work on /opt/airflow/dags/assignment.py
[2023-07-11T08:03:30.109+0000] {processor.py:826} INFO - Processing file /opt/airflow/dags/assignment.py for tasks to queue
[2023-07-11T08:03:30.112+0000] {logging_mixin.py:149} INFO - [2023-07-11T08:03:30.112+0000] {dagbag.py:541} INFO - Filling up the DagBag from /opt/airflow/dags/assignment.py
[2023-07-11T08:03:30.123+0000] {logging_mixin.py:149} INFO - 00000000000000000000000000000000000000000000000000000000000000000000000000000000000000000
[2023-07-11T08:03:30.130+0000] {processor.py:836} INFO - DAG(s) dict_keys(['assignment']) retrieved from /opt/airflow/dags/assignment.py
[2023-07-11T08:03:30.178+0000] {logging_mixin.py:149} INFO - [2023-07-11T08:03:30.177+0000] {dag.py:2726} INFO - Sync 1 DAGs
[2023-07-11T08:03:30.228+0000] {logging_mixin.py:149} INFO - [2023-07-11T08:03:30.228+0000] {dag.py:3490} INFO - Setting next_dagrun for assignment to None, run_after=None
[2023-07-11T08:03:30.259+0000] {processor.py:179} INFO - Processing /opt/airflow/dags/assignment.py took 0.158 seconds
[2023-07-11T08:04:00.497+0000] {processor.py:157} INFO - Started process (PID=248) to work on /opt/airflow/dags/assignment.py
[2023-07-11T08:04:00.498+0000] {processor.py:826} INFO - Processing file /opt/airflow/dags/assignment.py for tasks to queue
[2023-07-11T08:04:00.501+0000] {logging_mixin.py:149} INFO - [2023-07-11T08:04:00.501+0000] {dagbag.py:541} INFO - Filling up the DagBag from /opt/airflow/dags/assignment.py
[2023-07-11T08:04:00.509+0000] {logging_mixin.py:149} INFO - 00000000000000000000000000000000000000000000000000000000000000000000000000000000000000000
[2023-07-11T08:04:00.515+0000] {processor.py:836} INFO - DAG(s) dict_keys(['assignment']) retrieved from /opt/airflow/dags/assignment.py
[2023-07-11T08:04:00.561+0000] {logging_mixin.py:149} INFO - [2023-07-11T08:04:00.560+0000] {dag.py:2726} INFO - Sync 1 DAGs
[2023-07-11T08:04:00.605+0000] {logging_mixin.py:149} INFO - [2023-07-11T08:04:00.604+0000] {dag.py:3490} INFO - Setting next_dagrun for assignment to None, run_after=None
[2023-07-11T08:04:00.915+0000] {processor.py:179} INFO - Processing /opt/airflow/dags/assignment.py took 0.424 seconds
[2023-07-11T08:04:31.149+0000] {processor.py:157} INFO - Started process (PID=257) to work on /opt/airflow/dags/assignment.py
[2023-07-11T08:04:31.150+0000] {processor.py:826} INFO - Processing file /opt/airflow/dags/assignment.py for tasks to queue
[2023-07-11T08:04:31.152+0000] {logging_mixin.py:149} INFO - [2023-07-11T08:04:31.152+0000] {dagbag.py:541} INFO - Filling up the DagBag from /opt/airflow/dags/assignment.py
[2023-07-11T08:04:31.160+0000] {logging_mixin.py:149} INFO - 00000000000000000000000000000000000000000000000000000000000000000000000000000000000000000
[2023-07-11T08:04:31.165+0000] {processor.py:836} INFO - DAG(s) dict_keys(['assignment']) retrieved from /opt/airflow/dags/assignment.py
[2023-07-11T08:04:31.215+0000] {logging_mixin.py:149} INFO - [2023-07-11T08:04:31.214+0000] {dag.py:2726} INFO - Sync 1 DAGs
[2023-07-11T08:04:31.521+0000] {logging_mixin.py:149} INFO - [2023-07-11T08:04:31.520+0000] {dag.py:3490} INFO - Setting next_dagrun for assignment to None, run_after=None
[2023-07-11T08:04:31.550+0000] {processor.py:179} INFO - Processing /opt/airflow/dags/assignment.py took 0.406 seconds
[2023-07-11T08:05:01.778+0000] {processor.py:157} INFO - Started process (PID=266) to work on /opt/airflow/dags/assignment.py
[2023-07-11T08:05:01.779+0000] {processor.py:826} INFO - Processing file /opt/airflow/dags/assignment.py for tasks to queue
[2023-07-11T08:05:01.782+0000] {logging_mixin.py:149} INFO - [2023-07-11T08:05:01.782+0000] {dagbag.py:541} INFO - Filling up the DagBag from /opt/airflow/dags/assignment.py
[2023-07-11T08:05:01.795+0000] {logging_mixin.py:149} INFO - 00000000000000000000000000000000000000000000000000000000000000000000000000000000000000000
[2023-07-11T08:05:01.807+0000] {processor.py:836} INFO - DAG(s) dict_keys(['assignment']) retrieved from /opt/airflow/dags/assignment.py
[2023-07-11T08:05:01.867+0000] {logging_mixin.py:149} INFO - [2023-07-11T08:05:01.866+0000] {dag.py:2726} INFO - Sync 1 DAGs
[2023-07-11T08:05:02.158+0000] {logging_mixin.py:149} INFO - [2023-07-11T08:05:02.158+0000] {dag.py:3490} INFO - Setting next_dagrun for assignment to None, run_after=None
[2023-07-11T08:05:02.244+0000] {processor.py:179} INFO - Processing /opt/airflow/dags/assignment.py took 0.471 seconds
[2023-07-11T08:05:32.481+0000] {processor.py:157} INFO - Started process (PID=274) to work on /opt/airflow/dags/assignment.py
[2023-07-11T08:05:32.482+0000] {processor.py:826} INFO - Processing file /opt/airflow/dags/assignment.py for tasks to queue
[2023-07-11T08:05:32.483+0000] {logging_mixin.py:149} INFO - [2023-07-11T08:05:32.483+0000] {dagbag.py:541} INFO - Filling up the DagBag from /opt/airflow/dags/assignment.py
[2023-07-11T08:05:32.495+0000] {logging_mixin.py:149} INFO - 00000000000000000000000000000000000000000000000000000000000000000000000000000000000000000
[2023-07-11T08:05:32.504+0000] {processor.py:836} INFO - DAG(s) dict_keys(['assignment']) retrieved from /opt/airflow/dags/assignment.py
[2023-07-11T08:05:32.564+0000] {logging_mixin.py:149} INFO - [2023-07-11T08:05:32.563+0000] {dag.py:2726} INFO - Sync 1 DAGs
[2023-07-11T08:05:32.615+0000] {logging_mixin.py:149} INFO - [2023-07-11T08:05:32.614+0000] {dag.py:3490} INFO - Setting next_dagrun for assignment to None, run_after=None
[2023-07-11T08:05:32.653+0000] {processor.py:179} INFO - Processing /opt/airflow/dags/assignment.py took 0.179 seconds
[2023-07-11T08:05:40.617+0000] {processor.py:157} INFO - Started process (PID=275) to work on /opt/airflow/dags/assignment.py
[2023-07-11T08:05:40.632+0000] {processor.py:826} INFO - Processing file /opt/airflow/dags/assignment.py for tasks to queue
[2023-07-11T08:05:40.634+0000] {logging_mixin.py:149} INFO - [2023-07-11T08:05:40.633+0000] {dagbag.py:541} INFO - Filling up the DagBag from /opt/airflow/dags/assignment.py
[2023-07-11T08:05:40.653+0000] {logging_mixin.py:149} INFO - 00000000000000000000000000000000000000000000000000000000000000000000000000000000000000000
[2023-07-11T08:05:40.664+0000] {processor.py:836} INFO - DAG(s) dict_keys(['easy_assignment']) retrieved from /opt/airflow/dags/assignment.py
[2023-07-11T08:05:41.121+0000] {logging_mixin.py:149} INFO - [2023-07-11T08:05:41.120+0000] {manager.py:504} INFO - Created Permission View: can delete on DAG:easy_assignment
[2023-07-11T08:05:41.150+0000] {logging_mixin.py:149} INFO - [2023-07-11T08:05:41.149+0000] {manager.py:504} INFO - Created Permission View: can edit on DAG:easy_assignment
[2023-07-11T08:05:41.162+0000] {logging_mixin.py:149} INFO - [2023-07-11T08:05:41.162+0000] {manager.py:504} INFO - Created Permission View: can read on DAG:easy_assignment
[2023-07-11T08:05:41.219+0000] {logging_mixin.py:149} INFO - [2023-07-11T08:05:41.217+0000] {dag.py:2726} INFO - Sync 1 DAGs
[2023-07-11T08:05:41.243+0000] {logging_mixin.py:149} INFO - [2023-07-11T08:05:41.243+0000] {dag.py:2747} INFO - Creating ORM DAG for easy_assignment
[2023-07-11T08:05:41.260+0000] {logging_mixin.py:149} INFO - [2023-07-11T08:05:41.259+0000] {dag.py:3490} INFO - Setting next_dagrun for easy_assignment to None, run_after=None
[2023-07-11T08:05:41.294+0000] {processor.py:179} INFO - Processing /opt/airflow/dags/assignment.py took 0.685 seconds
[2023-07-11T08:06:11.498+0000] {processor.py:157} INFO - Started process (PID=283) to work on /opt/airflow/dags/assignment.py
[2023-07-11T08:06:11.500+0000] {processor.py:826} INFO - Processing file /opt/airflow/dags/assignment.py for tasks to queue
[2023-07-11T08:06:11.501+0000] {logging_mixin.py:149} INFO - [2023-07-11T08:06:11.501+0000] {dagbag.py:541} INFO - Filling up the DagBag from /opt/airflow/dags/assignment.py
[2023-07-11T08:06:11.514+0000] {logging_mixin.py:149} INFO - 00000000000000000000000000000000000000000000000000000000000000000000000000000000000000000
[2023-07-11T08:06:11.520+0000] {processor.py:836} INFO - DAG(s) dict_keys(['easy_assignment']) retrieved from /opt/airflow/dags/assignment.py
[2023-07-11T08:06:11.566+0000] {logging_mixin.py:149} INFO - [2023-07-11T08:06:11.565+0000] {dag.py:2726} INFO - Sync 1 DAGs
[2023-07-11T08:06:11.611+0000] {logging_mixin.py:149} INFO - [2023-07-11T08:06:11.610+0000] {dag.py:3490} INFO - Setting next_dagrun for easy_assignment to None, run_after=None
[2023-07-11T08:06:11.832+0000] {processor.py:179} INFO - Processing /opt/airflow/dags/assignment.py took 0.340 seconds
[2023-07-11T08:06:42.040+0000] {processor.py:157} INFO - Started process (PID=291) to work on /opt/airflow/dags/assignment.py
[2023-07-11T08:06:42.041+0000] {processor.py:826} INFO - Processing file /opt/airflow/dags/assignment.py for tasks to queue
[2023-07-11T08:06:42.042+0000] {logging_mixin.py:149} INFO - [2023-07-11T08:06:42.042+0000] {dagbag.py:541} INFO - Filling up the DagBag from /opt/airflow/dags/assignment.py
[2023-07-11T08:06:42.050+0000] {logging_mixin.py:149} INFO - 00000000000000000000000000000000000000000000000000000000000000000000000000000000000000000
[2023-07-11T08:06:42.056+0000] {processor.py:836} INFO - DAG(s) dict_keys(['easy_assignment']) retrieved from /opt/airflow/dags/assignment.py
[2023-07-11T08:06:42.106+0000] {logging_mixin.py:149} INFO - [2023-07-11T08:06:42.105+0000] {dag.py:2726} INFO - Sync 1 DAGs
[2023-07-11T08:06:42.320+0000] {logging_mixin.py:149} INFO - [2023-07-11T08:06:42.320+0000] {dag.py:3490} INFO - Setting next_dagrun for easy_assignment to None, run_after=None
[2023-07-11T08:06:42.349+0000] {processor.py:179} INFO - Processing /opt/airflow/dags/assignment.py took 0.314 seconds
