[2023-07-11T08:11:50.810+0000] {processor.py:157} INFO - Started process (PID=370) to work on /opt/airflow/dags/easy_goal.py
[2023-07-11T08:11:50.813+0000] {processor.py:826} INFO - Processing file /opt/airflow/dags/easy_goal.py for tasks to queue
[2023-07-11T08:11:50.814+0000] {logging_mixin.py:149} INFO - [2023-07-11T08:11:50.814+0000] {dagbag.py:541} INFO - Filling up the DagBag from /opt/airflow/dags/easy_goal.py
[2023-07-11T08:11:50.834+0000] {logging_mixin.py:149} INFO - 00000000000000000000000000000000000000000000000000000000000000000000000000000000000000000
[2023-07-11T08:11:50.843+0000] {processor.py:836} INFO - DAG(s) dict_keys(['easy_assignment']) retrieved from /opt/airflow/dags/easy_goal.py
[2023-07-11T08:11:51.373+0000] {logging_mixin.py:149} INFO - [2023-07-11T08:11:51.372+0000] {dag.py:2726} INFO - Sync 1 DAGs
[2023-07-11T08:11:51.413+0000] {logging_mixin.py:149} INFO - [2023-07-11T08:11:51.412+0000] {dag.py:3490} INFO - Setting next_dagrun for easy_assignment to None, run_after=None
[2023-07-11T08:11:51.458+0000] {processor.py:179} INFO - Processing /opt/airflow/dags/easy_goal.py took 0.656 seconds
[2023-07-11T08:11:52.609+0000] {processor.py:157} INFO - Started process (PID=372) to work on /opt/airflow/dags/easy_goal.py
[2023-07-11T08:11:52.610+0000] {processor.py:826} INFO - Processing file /opt/airflow/dags/easy_goal.py for tasks to queue
[2023-07-11T08:11:52.611+0000] {logging_mixin.py:149} INFO - [2023-07-11T08:11:52.611+0000] {dagbag.py:541} INFO - Filling up the DagBag from /opt/airflow/dags/easy_goal.py
[2023-07-11T08:11:52.622+0000] {logging_mixin.py:149} INFO - 00000000000000000000000000000000000000000000000000000000000000000000000000000000000000000
[2023-07-11T08:11:52.627+0000] {processor.py:836} INFO - DAG(s) dict_keys(['easy_assignment']) retrieved from /opt/airflow/dags/easy_goal.py
[2023-07-11T08:11:52.647+0000] {logging_mixin.py:149} INFO - [2023-07-11T08:11:52.647+0000] {dag.py:2726} INFO - Sync 1 DAGs
[2023-07-11T08:11:52.685+0000] {logging_mixin.py:149} INFO - [2023-07-11T08:11:52.685+0000] {dag.py:3490} INFO - Setting next_dagrun for easy_assignment to None, run_after=None
[2023-07-11T08:11:52.716+0000] {processor.py:179} INFO - Processing /opt/airflow/dags/easy_goal.py took 0.112 seconds
[2023-07-11T08:12:22.895+0000] {processor.py:157} INFO - Started process (PID=381) to work on /opt/airflow/dags/easy_goal.py
[2023-07-11T08:12:22.898+0000] {processor.py:826} INFO - Processing file /opt/airflow/dags/easy_goal.py for tasks to queue
[2023-07-11T08:12:22.899+0000] {logging_mixin.py:149} INFO - [2023-07-11T08:12:22.898+0000] {dagbag.py:541} INFO - Filling up the DagBag from /opt/airflow/dags/easy_goal.py
[2023-07-11T08:12:22.907+0000] {logging_mixin.py:149} INFO - 00000000000000000000000000000000000000000000000000000000000000000000000000000000000000000
[2023-07-11T08:12:22.928+0000] {processor.py:836} INFO - DAG(s) dict_keys(['easy_assignment']) retrieved from /opt/airflow/dags/easy_goal.py
[2023-07-11T08:12:22.986+0000] {logging_mixin.py:149} INFO - [2023-07-11T08:12:22.985+0000] {dag.py:2726} INFO - Sync 1 DAGs
[2023-07-11T08:12:23.318+0000] {logging_mixin.py:149} INFO - [2023-07-11T08:12:23.317+0000] {dag.py:3490} INFO - Setting next_dagrun for easy_assignment to None, run_after=None
[2023-07-11T08:12:23.344+0000] {processor.py:179} INFO - Processing /opt/airflow/dags/easy_goal.py took 0.454 seconds
[2023-07-11T08:12:53.553+0000] {processor.py:157} INFO - Started process (PID=391) to work on /opt/airflow/dags/easy_goal.py
[2023-07-11T08:12:53.554+0000] {processor.py:826} INFO - Processing file /opt/airflow/dags/easy_goal.py for tasks to queue
[2023-07-11T08:12:53.555+0000] {logging_mixin.py:149} INFO - [2023-07-11T08:12:53.555+0000] {dagbag.py:541} INFO - Filling up the DagBag from /opt/airflow/dags/easy_goal.py
[2023-07-11T08:12:53.562+0000] {logging_mixin.py:149} INFO - 00000000000000000000000000000000000000000000000000000000000000000000000000000000000000000
[2023-07-11T08:12:53.566+0000] {processor.py:836} INFO - DAG(s) dict_keys(['easy_assignment']) retrieved from /opt/airflow/dags/easy_goal.py
[2023-07-11T08:12:53.785+0000] {logging_mixin.py:149} INFO - [2023-07-11T08:12:53.785+0000] {dag.py:2726} INFO - Sync 1 DAGs
[2023-07-11T08:12:53.822+0000] {logging_mixin.py:149} INFO - [2023-07-11T08:12:53.822+0000] {dag.py:3490} INFO - Setting next_dagrun for easy_assignment to None, run_after=None
[2023-07-11T08:12:53.849+0000] {processor.py:179} INFO - Processing /opt/airflow/dags/easy_goal.py took 0.301 seconds
[2023-07-11T08:13:24.091+0000] {processor.py:157} INFO - Started process (PID=400) to work on /opt/airflow/dags/easy_goal.py
[2023-07-11T08:13:24.093+0000] {processor.py:826} INFO - Processing file /opt/airflow/dags/easy_goal.py for tasks to queue
[2023-07-11T08:13:24.094+0000] {logging_mixin.py:149} INFO - [2023-07-11T08:13:24.093+0000] {dagbag.py:541} INFO - Filling up the DagBag from /opt/airflow/dags/easy_goal.py
[2023-07-11T08:13:24.101+0000] {logging_mixin.py:149} INFO - 00000000000000000000000000000000000000000000000000000000000000000000000000000000000000000
[2023-07-11T08:13:24.105+0000] {processor.py:836} INFO - DAG(s) dict_keys(['easy_assignment']) retrieved from /opt/airflow/dags/easy_goal.py
[2023-07-11T08:13:24.156+0000] {logging_mixin.py:149} INFO - [2023-07-11T08:13:24.155+0000] {dag.py:2726} INFO - Sync 1 DAGs
[2023-07-11T08:13:24.201+0000] {logging_mixin.py:149} INFO - [2023-07-11T08:13:24.200+0000] {dag.py:3490} INFO - Setting next_dagrun for easy_assignment to None, run_after=None
[2023-07-11T08:13:24.230+0000] {processor.py:179} INFO - Processing /opt/airflow/dags/easy_goal.py took 0.143 seconds
[2023-07-11T08:13:54.424+0000] {processor.py:157} INFO - Started process (PID=409) to work on /opt/airflow/dags/easy_goal.py
[2023-07-11T08:13:54.425+0000] {processor.py:826} INFO - Processing file /opt/airflow/dags/easy_goal.py for tasks to queue
[2023-07-11T08:13:54.426+0000] {logging_mixin.py:149} INFO - [2023-07-11T08:13:54.426+0000] {dagbag.py:541} INFO - Filling up the DagBag from /opt/airflow/dags/easy_goal.py
[2023-07-11T08:13:54.434+0000] {logging_mixin.py:149} INFO - 00000000000000000000000000000000000000000000000000000000000000000000000000000000000000000
[2023-07-11T08:13:54.439+0000] {processor.py:836} INFO - DAG(s) dict_keys(['easy_assignment']) retrieved from /opt/airflow/dags/easy_goal.py
[2023-07-11T08:13:54.481+0000] {logging_mixin.py:149} INFO - [2023-07-11T08:13:54.480+0000] {dag.py:2726} INFO - Sync 1 DAGs
[2023-07-11T08:13:54.525+0000] {logging_mixin.py:149} INFO - [2023-07-11T08:13:54.524+0000] {dag.py:3490} INFO - Setting next_dagrun for easy_assignment to None, run_after=None
[2023-07-11T08:13:54.717+0000] {processor.py:179} INFO - Processing /opt/airflow/dags/easy_goal.py took 0.298 seconds
[2023-07-11T08:14:12.846+0000] {processor.py:157} INFO - Started process (PID=410) to work on /opt/airflow/dags/easy_goal.py
[2023-07-11T08:14:12.848+0000] {processor.py:826} INFO - Processing file /opt/airflow/dags/easy_goal.py for tasks to queue
[2023-07-11T08:14:12.849+0000] {logging_mixin.py:149} INFO - [2023-07-11T08:14:12.849+0000] {dagbag.py:541} INFO - Filling up the DagBag from /opt/airflow/dags/easy_goal.py
[2023-07-11T08:14:12.861+0000] {logging_mixin.py:149} INFO - 00000000000000000000000000000000000000000000000000000000000000000000000000000000000000000
[2023-07-11T08:14:12.866+0000] {processor.py:836} INFO - DAG(s) dict_keys(['easy_assignment']) retrieved from /opt/airflow/dags/easy_goal.py
[2023-07-11T08:14:12.909+0000] {logging_mixin.py:149} INFO - [2023-07-11T08:14:12.909+0000] {dag.py:2726} INFO - Sync 1 DAGs
[2023-07-11T08:14:13.141+0000] {logging_mixin.py:149} INFO - [2023-07-11T08:14:13.141+0000] {dag.py:3490} INFO - Setting next_dagrun for easy_assignment to None, run_after=None
[2023-07-11T08:14:13.175+0000] {processor.py:179} INFO - Processing /opt/airflow/dags/easy_goal.py took 0.333 seconds
[2023-07-11T08:14:43.388+0000] {processor.py:157} INFO - Started process (PID=419) to work on /opt/airflow/dags/easy_goal.py
[2023-07-11T08:14:43.389+0000] {processor.py:826} INFO - Processing file /opt/airflow/dags/easy_goal.py for tasks to queue
[2023-07-11T08:14:43.391+0000] {logging_mixin.py:149} INFO - [2023-07-11T08:14:43.391+0000] {dagbag.py:541} INFO - Filling up the DagBag from /opt/airflow/dags/easy_goal.py
[2023-07-11T08:14:43.401+0000] {logging_mixin.py:149} INFO - 00000000000000000000000000000000000000000000000000000000000000000000000000000000000000000
[2023-07-11T08:14:43.410+0000] {processor.py:836} INFO - DAG(s) dict_keys(['easy_assignment']) retrieved from /opt/airflow/dags/easy_goal.py
[2023-07-11T08:14:43.458+0000] {logging_mixin.py:149} INFO - [2023-07-11T08:14:43.456+0000] {dag.py:2726} INFO - Sync 1 DAGs
[2023-07-11T08:14:43.687+0000] {logging_mixin.py:149} INFO - [2023-07-11T08:14:43.687+0000] {dag.py:3490} INFO - Setting next_dagrun for easy_assignment to None, run_after=None
[2023-07-11T08:14:43.713+0000] {processor.py:179} INFO - Processing /opt/airflow/dags/easy_goal.py took 0.330 seconds
[2023-07-11T08:15:14.020+0000] {processor.py:157} INFO - Started process (PID=428) to work on /opt/airflow/dags/easy_goal.py
[2023-07-11T08:15:14.022+0000] {processor.py:826} INFO - Processing file /opt/airflow/dags/easy_goal.py for tasks to queue
[2023-07-11T08:15:14.023+0000] {logging_mixin.py:149} INFO - [2023-07-11T08:15:14.023+0000] {dagbag.py:541} INFO - Filling up the DagBag from /opt/airflow/dags/easy_goal.py
[2023-07-11T08:15:14.031+0000] {logging_mixin.py:149} INFO - 00000000000000000000000000000000000000000000000000000000000000000000000000000000000000000
[2023-07-11T08:15:14.035+0000] {processor.py:836} INFO - DAG(s) dict_keys(['easy_assignment']) retrieved from /opt/airflow/dags/easy_goal.py
[2023-07-11T08:15:14.262+0000] {logging_mixin.py:149} INFO - [2023-07-11T08:15:14.261+0000] {dag.py:2726} INFO - Sync 1 DAGs
[2023-07-11T08:15:14.304+0000] {logging_mixin.py:149} INFO - [2023-07-11T08:15:14.304+0000] {dag.py:3490} INFO - Setting next_dagrun for easy_assignment to None, run_after=None
[2023-07-11T08:15:14.348+0000] {processor.py:179} INFO - Processing /opt/airflow/dags/easy_goal.py took 0.333 seconds
[2023-07-11T08:15:44.600+0000] {processor.py:157} INFO - Started process (PID=437) to work on /opt/airflow/dags/easy_goal.py
[2023-07-11T08:15:44.601+0000] {processor.py:826} INFO - Processing file /opt/airflow/dags/easy_goal.py for tasks to queue
[2023-07-11T08:15:44.602+0000] {logging_mixin.py:149} INFO - [2023-07-11T08:15:44.602+0000] {dagbag.py:541} INFO - Filling up the DagBag from /opt/airflow/dags/easy_goal.py
[2023-07-11T08:15:44.613+0000] {logging_mixin.py:149} INFO - 00000000000000000000000000000000000000000000000000000000000000000000000000000000000000000
[2023-07-11T08:15:44.619+0000] {processor.py:836} INFO - DAG(s) dict_keys(['easy_assignment']) retrieved from /opt/airflow/dags/easy_goal.py
[2023-07-11T08:15:44.671+0000] {logging_mixin.py:149} INFO - [2023-07-11T08:15:44.669+0000] {dag.py:2726} INFO - Sync 1 DAGs
[2023-07-11T08:15:44.714+0000] {logging_mixin.py:149} INFO - [2023-07-11T08:15:44.714+0000] {dag.py:3490} INFO - Setting next_dagrun for easy_assignment to None, run_after=None
[2023-07-11T08:15:44.758+0000] {processor.py:179} INFO - Processing /opt/airflow/dags/easy_goal.py took 0.164 seconds
[2023-07-11T08:16:14.965+0000] {processor.py:157} INFO - Started process (PID=446) to work on /opt/airflow/dags/easy_goal.py
[2023-07-11T08:16:14.966+0000] {processor.py:826} INFO - Processing file /opt/airflow/dags/easy_goal.py for tasks to queue
[2023-07-11T08:16:14.967+0000] {logging_mixin.py:149} INFO - [2023-07-11T08:16:14.967+0000] {dagbag.py:541} INFO - Filling up the DagBag from /opt/airflow/dags/easy_goal.py
[2023-07-11T08:16:14.974+0000] {logging_mixin.py:149} INFO - 00000000000000000000000000000000000000000000000000000000000000000000000000000000000000000
[2023-07-11T08:16:14.977+0000] {processor.py:836} INFO - DAG(s) dict_keys(['easy_assignment']) retrieved from /opt/airflow/dags/easy_goal.py
[2023-07-11T08:16:15.055+0000] {logging_mixin.py:149} INFO - [2023-07-11T08:16:15.054+0000] {dag.py:2726} INFO - Sync 1 DAGs
[2023-07-11T08:16:15.109+0000] {logging_mixin.py:149} INFO - [2023-07-11T08:16:15.109+0000] {dag.py:3490} INFO - Setting next_dagrun for easy_assignment to None, run_after=None
[2023-07-11T08:16:15.366+0000] {processor.py:179} INFO - Processing /opt/airflow/dags/easy_goal.py took 0.405 seconds
[2023-07-11T08:16:45.519+0000] {processor.py:157} INFO - Started process (PID=455) to work on /opt/airflow/dags/easy_goal.py
[2023-07-11T08:16:45.520+0000] {processor.py:826} INFO - Processing file /opt/airflow/dags/easy_goal.py for tasks to queue
[2023-07-11T08:16:45.521+0000] {logging_mixin.py:149} INFO - [2023-07-11T08:16:45.521+0000] {dagbag.py:541} INFO - Filling up the DagBag from /opt/airflow/dags/easy_goal.py
[2023-07-11T08:16:45.538+0000] {logging_mixin.py:149} INFO - 00000000000000000000000000000000000000000000000000000000000000000000000000000000000000000
[2023-07-11T08:16:45.545+0000] {processor.py:836} INFO - DAG(s) dict_keys(['easy_assignment']) retrieved from /opt/airflow/dags/easy_goal.py
[2023-07-11T08:16:45.620+0000] {logging_mixin.py:149} INFO - [2023-07-11T08:16:45.619+0000] {dag.py:2726} INFO - Sync 1 DAGs
[2023-07-11T08:16:45.909+0000] {logging_mixin.py:149} INFO - [2023-07-11T08:16:45.909+0000] {dag.py:3490} INFO - Setting next_dagrun for easy_assignment to None, run_after=None
[2023-07-11T08:16:45.950+0000] {processor.py:179} INFO - Processing /opt/airflow/dags/easy_goal.py took 0.451 seconds
[2023-07-11T08:17:15.989+0000] {processor.py:157} INFO - Started process (PID=464) to work on /opt/airflow/dags/easy_goal.py
[2023-07-11T08:17:15.991+0000] {processor.py:826} INFO - Processing file /opt/airflow/dags/easy_goal.py for tasks to queue
[2023-07-11T08:17:15.992+0000] {logging_mixin.py:149} INFO - [2023-07-11T08:17:15.992+0000] {dagbag.py:541} INFO - Filling up the DagBag from /opt/airflow/dags/easy_goal.py
[2023-07-11T08:17:16.001+0000] {logging_mixin.py:149} INFO - 00000000000000000000000000000000000000000000000000000000000000000000000000000000000000000
[2023-07-11T08:17:16.007+0000] {processor.py:836} INFO - DAG(s) dict_keys(['easy_assignment']) retrieved from /opt/airflow/dags/easy_goal.py
[2023-07-11T08:17:16.254+0000] {logging_mixin.py:149} INFO - [2023-07-11T08:17:16.069+0000] {dag.py:2726} INFO - Sync 1 DAGs
[2023-07-11T08:17:16.298+0000] {logging_mixin.py:149} INFO - [2023-07-11T08:17:16.297+0000] {dag.py:3490} INFO - Setting next_dagrun for easy_assignment to None, run_after=None
[2023-07-11T08:17:16.327+0000] {processor.py:179} INFO - Processing /opt/airflow/dags/easy_goal.py took 0.342 seconds
[2023-07-11T08:17:36.858+0000] {processor.py:157} INFO - Started process (PID=474) to work on /opt/airflow/dags/easy_goal.py
[2023-07-11T08:17:36.859+0000] {processor.py:826} INFO - Processing file /opt/airflow/dags/easy_goal.py for tasks to queue
[2023-07-11T08:17:36.860+0000] {logging_mixin.py:149} INFO - [2023-07-11T08:17:36.860+0000] {dagbag.py:541} INFO - Filling up the DagBag from /opt/airflow/dags/easy_goal.py
[2023-07-11T08:17:36.872+0000] {logging_mixin.py:149} INFO - 00000000000000000000000000000000000000000000000000000000000000000000000000000000000000000
[2023-07-11T08:17:36.876+0000] {processor.py:836} INFO - DAG(s) dict_keys(['easy_assignment']) retrieved from /opt/airflow/dags/easy_goal.py
[2023-07-11T08:17:37.086+0000] {logging_mixin.py:149} INFO - [2023-07-11T08:17:37.086+0000] {dag.py:2726} INFO - Sync 1 DAGs
[2023-07-11T08:17:37.132+0000] {logging_mixin.py:149} INFO - [2023-07-11T08:17:37.132+0000] {dag.py:3490} INFO - Setting next_dagrun for easy_assignment to None, run_after=None
[2023-07-11T08:17:37.170+0000] {processor.py:179} INFO - Processing /opt/airflow/dags/easy_goal.py took 0.317 seconds
[2023-07-11T08:18:07.350+0000] {processor.py:157} INFO - Started process (PID=483) to work on /opt/airflow/dags/easy_goal.py
[2023-07-11T08:18:07.355+0000] {processor.py:826} INFO - Processing file /opt/airflow/dags/easy_goal.py for tasks to queue
[2023-07-11T08:18:07.357+0000] {logging_mixin.py:149} INFO - [2023-07-11T08:18:07.357+0000] {dagbag.py:541} INFO - Filling up the DagBag from /opt/airflow/dags/easy_goal.py
[2023-07-11T08:18:07.528+0000] {logging_mixin.py:149} INFO - 00000000000000000000000000000000000000000000000000000000000000000000000000000000000000000
[2023-07-11T08:18:07.532+0000] {processor.py:836} INFO - DAG(s) dict_keys(['easy_assignment']) retrieved from /opt/airflow/dags/easy_goal.py
[2023-07-11T08:18:07.564+0000] {logging_mixin.py:149} INFO - [2023-07-11T08:18:07.563+0000] {dag.py:2726} INFO - Sync 1 DAGs
[2023-07-11T08:18:07.598+0000] {logging_mixin.py:149} INFO - [2023-07-11T08:18:07.598+0000] {dag.py:3490} INFO - Setting next_dagrun for easy_assignment to None, run_after=None
[2023-07-11T08:18:07.626+0000] {processor.py:179} INFO - Processing /opt/airflow/dags/easy_goal.py took 0.282 seconds
[2023-07-11T08:18:37.734+0000] {processor.py:157} INFO - Started process (PID=492) to work on /opt/airflow/dags/easy_goal.py
[2023-07-11T08:18:37.735+0000] {processor.py:826} INFO - Processing file /opt/airflow/dags/easy_goal.py for tasks to queue
[2023-07-11T08:18:37.736+0000] {logging_mixin.py:149} INFO - [2023-07-11T08:18:37.736+0000] {dagbag.py:541} INFO - Filling up the DagBag from /opt/airflow/dags/easy_goal.py
[2023-07-11T08:18:37.744+0000] {logging_mixin.py:149} INFO - 00000000000000000000000000000000000000000000000000000000000000000000000000000000000000000
[2023-07-11T08:18:37.749+0000] {processor.py:836} INFO - DAG(s) dict_keys(['easy_assignment']) retrieved from /opt/airflow/dags/easy_goal.py
[2023-07-11T08:18:37.790+0000] {logging_mixin.py:149} INFO - [2023-07-11T08:18:37.789+0000] {dag.py:2726} INFO - Sync 1 DAGs
[2023-07-11T08:18:37.828+0000] {logging_mixin.py:149} INFO - [2023-07-11T08:18:37.828+0000] {dag.py:3490} INFO - Setting next_dagrun for easy_assignment to None, run_after=None
[2023-07-11T08:18:37.855+0000] {processor.py:179} INFO - Processing /opt/airflow/dags/easy_goal.py took 0.125 seconds
[2023-07-11T08:19:08.077+0000] {processor.py:157} INFO - Started process (PID=501) to work on /opt/airflow/dags/easy_goal.py
[2023-07-11T08:19:08.078+0000] {processor.py:826} INFO - Processing file /opt/airflow/dags/easy_goal.py for tasks to queue
[2023-07-11T08:19:08.079+0000] {logging_mixin.py:149} INFO - [2023-07-11T08:19:08.079+0000] {dagbag.py:541} INFO - Filling up the DagBag from /opt/airflow/dags/easy_goal.py
[2023-07-11T08:19:08.086+0000] {logging_mixin.py:149} INFO - 00000000000000000000000000000000000000000000000000000000000000000000000000000000000000000
[2023-07-11T08:19:08.090+0000] {processor.py:836} INFO - DAG(s) dict_keys(['easy_assignment']) retrieved from /opt/airflow/dags/easy_goal.py
[2023-07-11T08:19:08.133+0000] {logging_mixin.py:149} INFO - [2023-07-11T08:19:08.132+0000] {dag.py:2726} INFO - Sync 1 DAGs
[2023-07-11T08:19:08.179+0000] {logging_mixin.py:149} INFO - [2023-07-11T08:19:08.179+0000] {dag.py:3490} INFO - Setting next_dagrun for easy_assignment to None, run_after=None
[2023-07-11T08:19:08.210+0000] {processor.py:179} INFO - Processing /opt/airflow/dags/easy_goal.py took 0.138 seconds
[2023-07-11T08:19:38.403+0000] {processor.py:157} INFO - Started process (PID=515) to work on /opt/airflow/dags/easy_goal.py
[2023-07-11T08:19:38.405+0000] {processor.py:826} INFO - Processing file /opt/airflow/dags/easy_goal.py for tasks to queue
[2023-07-11T08:19:38.406+0000] {logging_mixin.py:149} INFO - [2023-07-11T08:19:38.405+0000] {dagbag.py:541} INFO - Filling up the DagBag from /opt/airflow/dags/easy_goal.py
[2023-07-11T08:19:38.416+0000] {logging_mixin.py:149} INFO - 00000000000000000000000000000000000000000000000000000000000000000000000000000000000000000
[2023-07-11T08:19:38.422+0000] {processor.py:836} INFO - DAG(s) dict_keys(['easy_assignment']) retrieved from /opt/airflow/dags/easy_goal.py
[2023-07-11T08:19:38.491+0000] {logging_mixin.py:149} INFO - [2023-07-11T08:19:38.490+0000] {dag.py:2726} INFO - Sync 1 DAGs
[2023-07-11T08:19:38.542+0000] {logging_mixin.py:149} INFO - [2023-07-11T08:19:38.542+0000] {dag.py:3490} INFO - Setting next_dagrun for easy_assignment to None, run_after=None
[2023-07-11T08:19:38.573+0000] {processor.py:179} INFO - Processing /opt/airflow/dags/easy_goal.py took 0.175 seconds
[2023-07-11T08:20:08.749+0000] {processor.py:157} INFO - Started process (PID=523) to work on /opt/airflow/dags/easy_goal.py
[2023-07-11T08:20:08.750+0000] {processor.py:826} INFO - Processing file /opt/airflow/dags/easy_goal.py for tasks to queue
[2023-07-11T08:20:08.751+0000] {logging_mixin.py:149} INFO - [2023-07-11T08:20:08.751+0000] {dagbag.py:541} INFO - Filling up the DagBag from /opt/airflow/dags/easy_goal.py
[2023-07-11T08:20:08.760+0000] {logging_mixin.py:149} INFO - 00000000000000000000000000000000000000000000000000000000000000000000000000000000000000000
[2023-07-11T08:20:08.767+0000] {processor.py:836} INFO - DAG(s) dict_keys(['easy_assignment']) retrieved from /opt/airflow/dags/easy_goal.py
[2023-07-11T08:20:08.814+0000] {logging_mixin.py:149} INFO - [2023-07-11T08:20:08.813+0000] {dag.py:2726} INFO - Sync 1 DAGs
[2023-07-11T08:20:08.855+0000] {logging_mixin.py:149} INFO - [2023-07-11T08:20:08.855+0000] {dag.py:3490} INFO - Setting next_dagrun for easy_assignment to None, run_after=None
[2023-07-11T08:20:08.882+0000] {processor.py:179} INFO - Processing /opt/airflow/dags/easy_goal.py took 0.138 seconds
[2023-07-11T08:20:39.071+0000] {processor.py:157} INFO - Started process (PID=531) to work on /opt/airflow/dags/easy_goal.py
[2023-07-11T08:20:39.072+0000] {processor.py:826} INFO - Processing file /opt/airflow/dags/easy_goal.py for tasks to queue
[2023-07-11T08:20:39.073+0000] {logging_mixin.py:149} INFO - [2023-07-11T08:20:39.073+0000] {dagbag.py:541} INFO - Filling up the DagBag from /opt/airflow/dags/easy_goal.py
[2023-07-11T08:20:39.083+0000] {logging_mixin.py:149} INFO - 00000000000000000000000000000000000000000000000000000000000000000000000000000000000000000
[2023-07-11T08:20:39.088+0000] {processor.py:836} INFO - DAG(s) dict_keys(['easy_assignment']) retrieved from /opt/airflow/dags/easy_goal.py
[2023-07-11T08:20:39.141+0000] {logging_mixin.py:149} INFO - [2023-07-11T08:20:39.140+0000] {dag.py:2726} INFO - Sync 1 DAGs
[2023-07-11T08:20:39.184+0000] {logging_mixin.py:149} INFO - [2023-07-11T08:20:39.184+0000] {dag.py:3490} INFO - Setting next_dagrun for easy_assignment to None, run_after=None
[2023-07-11T08:20:39.218+0000] {processor.py:179} INFO - Processing /opt/airflow/dags/easy_goal.py took 0.153 seconds
[2023-07-11T08:21:09.392+0000] {processor.py:157} INFO - Started process (PID=539) to work on /opt/airflow/dags/easy_goal.py
[2023-07-11T08:21:09.394+0000] {processor.py:826} INFO - Processing file /opt/airflow/dags/easy_goal.py for tasks to queue
[2023-07-11T08:21:09.395+0000] {logging_mixin.py:149} INFO - [2023-07-11T08:21:09.395+0000] {dagbag.py:541} INFO - Filling up the DagBag from /opt/airflow/dags/easy_goal.py
[2023-07-11T08:21:09.406+0000] {logging_mixin.py:149} INFO - 00000000000000000000000000000000000000000000000000000000000000000000000000000000000000000
[2023-07-11T08:21:09.412+0000] {processor.py:836} INFO - DAG(s) dict_keys(['easy_assignment']) retrieved from /opt/airflow/dags/easy_goal.py
[2023-07-11T08:21:09.456+0000] {logging_mixin.py:149} INFO - [2023-07-11T08:21:09.455+0000] {dag.py:2726} INFO - Sync 1 DAGs
[2023-07-11T08:21:09.502+0000] {logging_mixin.py:149} INFO - [2023-07-11T08:21:09.502+0000] {dag.py:3490} INFO - Setting next_dagrun for easy_assignment to None, run_after=None
[2023-07-11T08:21:09.535+0000] {processor.py:179} INFO - Processing /opt/airflow/dags/easy_goal.py took 0.149 seconds
[2023-07-11T08:21:39.730+0000] {processor.py:157} INFO - Started process (PID=549) to work on /opt/airflow/dags/easy_goal.py
[2023-07-11T08:21:39.732+0000] {processor.py:826} INFO - Processing file /opt/airflow/dags/easy_goal.py for tasks to queue
[2023-07-11T08:21:39.734+0000] {logging_mixin.py:149} INFO - [2023-07-11T08:21:39.734+0000] {dagbag.py:541} INFO - Filling up the DagBag from /opt/airflow/dags/easy_goal.py
[2023-07-11T08:21:39.743+0000] {logging_mixin.py:149} INFO - 00000000000000000000000000000000000000000000000000000000000000000000000000000000000000000
[2023-07-11T08:21:39.749+0000] {processor.py:836} INFO - DAG(s) dict_keys(['easy_assignment']) retrieved from /opt/airflow/dags/easy_goal.py
[2023-07-11T08:21:39.828+0000] {logging_mixin.py:149} INFO - [2023-07-11T08:21:39.827+0000] {dag.py:2726} INFO - Sync 1 DAGs
[2023-07-11T08:21:39.875+0000] {logging_mixin.py:149} INFO - [2023-07-11T08:21:39.875+0000] {dag.py:3490} INFO - Setting next_dagrun for easy_assignment to None, run_after=None
[2023-07-11T08:21:39.922+0000] {processor.py:179} INFO - Processing /opt/airflow/dags/easy_goal.py took 0.201 seconds
[2023-07-11T08:22:10.183+0000] {processor.py:157} INFO - Started process (PID=558) to work on /opt/airflow/dags/easy_goal.py
[2023-07-11T08:22:10.185+0000] {processor.py:826} INFO - Processing file /opt/airflow/dags/easy_goal.py for tasks to queue
[2023-07-11T08:22:10.186+0000] {logging_mixin.py:149} INFO - [2023-07-11T08:22:10.186+0000] {dagbag.py:541} INFO - Filling up the DagBag from /opt/airflow/dags/easy_goal.py
[2023-07-11T08:22:10.195+0000] {logging_mixin.py:149} INFO - 00000000000000000000000000000000000000000000000000000000000000000000000000000000000000000
[2023-07-11T08:22:10.202+0000] {processor.py:836} INFO - DAG(s) dict_keys(['easy_assignment']) retrieved from /opt/airflow/dags/easy_goal.py
[2023-07-11T08:22:10.263+0000] {logging_mixin.py:149} INFO - [2023-07-11T08:22:10.262+0000] {dag.py:2726} INFO - Sync 1 DAGs
[2023-07-11T08:22:10.327+0000] {logging_mixin.py:149} INFO - [2023-07-11T08:22:10.327+0000] {dag.py:3490} INFO - Setting next_dagrun for easy_assignment to None, run_after=None
[2023-07-11T08:22:10.364+0000] {processor.py:179} INFO - Processing /opt/airflow/dags/easy_goal.py took 0.185 seconds
[2023-07-11T08:22:40.551+0000] {processor.py:157} INFO - Started process (PID=567) to work on /opt/airflow/dags/easy_goal.py
[2023-07-11T08:22:40.553+0000] {processor.py:826} INFO - Processing file /opt/airflow/dags/easy_goal.py for tasks to queue
[2023-07-11T08:22:40.554+0000] {logging_mixin.py:149} INFO - [2023-07-11T08:22:40.554+0000] {dagbag.py:541} INFO - Filling up the DagBag from /opt/airflow/dags/easy_goal.py
[2023-07-11T08:22:40.563+0000] {logging_mixin.py:149} INFO - 00000000000000000000000000000000000000000000000000000000000000000000000000000000000000000
[2023-07-11T08:22:40.568+0000] {processor.py:836} INFO - DAG(s) dict_keys(['easy_assignment']) retrieved from /opt/airflow/dags/easy_goal.py
[2023-07-11T08:22:40.612+0000] {logging_mixin.py:149} INFO - [2023-07-11T08:22:40.611+0000] {dag.py:2726} INFO - Sync 1 DAGs
[2023-07-11T08:22:40.653+0000] {logging_mixin.py:149} INFO - [2023-07-11T08:22:40.653+0000] {dag.py:3490} INFO - Setting next_dagrun for easy_assignment to None, run_after=None
[2023-07-11T08:22:40.682+0000] {processor.py:179} INFO - Processing /opt/airflow/dags/easy_goal.py took 0.135 seconds
[2023-07-11T08:22:45.590+0000] {processor.py:157} INFO - Started process (PID=568) to work on /opt/airflow/dags/easy_goal.py
[2023-07-11T08:22:45.591+0000] {processor.py:826} INFO - Processing file /opt/airflow/dags/easy_goal.py for tasks to queue
[2023-07-11T08:22:45.592+0000] {logging_mixin.py:149} INFO - [2023-07-11T08:22:45.591+0000] {dagbag.py:541} INFO - Filling up the DagBag from /opt/airflow/dags/easy_goal.py
[2023-07-11T08:22:45.602+0000] {logging_mixin.py:149} INFO - 00000000000000000000000000000000000000000000000000000000000000000000000000000000000000000
[2023-07-11T08:22:45.607+0000] {processor.py:836} INFO - DAG(s) dict_keys(['easy_assignment']) retrieved from /opt/airflow/dags/easy_goal.py
[2023-07-11T08:22:45.651+0000] {logging_mixin.py:149} INFO - [2023-07-11T08:22:45.650+0000] {dag.py:2726} INFO - Sync 1 DAGs
[2023-07-11T08:22:45.697+0000] {logging_mixin.py:149} INFO - [2023-07-11T08:22:45.697+0000] {dag.py:3490} INFO - Setting next_dagrun for easy_assignment to None, run_after=None
[2023-07-11T08:22:45.725+0000] {processor.py:179} INFO - Processing /opt/airflow/dags/easy_goal.py took 0.140 seconds
[2023-07-11T08:23:15.965+0000] {processor.py:157} INFO - Started process (PID=577) to work on /opt/airflow/dags/easy_goal.py
[2023-07-11T08:23:15.966+0000] {processor.py:826} INFO - Processing file /opt/airflow/dags/easy_goal.py for tasks to queue
[2023-07-11T08:23:15.967+0000] {logging_mixin.py:149} INFO - [2023-07-11T08:23:15.966+0000] {dagbag.py:541} INFO - Filling up the DagBag from /opt/airflow/dags/easy_goal.py
[2023-07-11T08:23:15.974+0000] {logging_mixin.py:149} INFO - 00000000000000000000000000000000000000000000000000000000000000000000000000000000000000000
[2023-07-11T08:23:15.979+0000] {processor.py:836} INFO - DAG(s) dict_keys(['easy_assignment']) retrieved from /opt/airflow/dags/easy_goal.py
[2023-07-11T08:23:16.025+0000] {logging_mixin.py:149} INFO - [2023-07-11T08:23:16.024+0000] {dag.py:2726} INFO - Sync 1 DAGs
[2023-07-11T08:23:16.061+0000] {logging_mixin.py:149} INFO - [2023-07-11T08:23:16.061+0000] {dag.py:3490} INFO - Setting next_dagrun for easy_assignment to None, run_after=None
[2023-07-11T08:23:16.087+0000] {processor.py:179} INFO - Processing /opt/airflow/dags/easy_goal.py took 0.126 seconds
[2023-07-11T08:23:46.270+0000] {processor.py:157} INFO - Started process (PID=587) to work on /opt/airflow/dags/easy_goal.py
[2023-07-11T08:23:46.271+0000] {processor.py:826} INFO - Processing file /opt/airflow/dags/easy_goal.py for tasks to queue
[2023-07-11T08:23:46.272+0000] {logging_mixin.py:149} INFO - [2023-07-11T08:23:46.272+0000] {dagbag.py:541} INFO - Filling up the DagBag from /opt/airflow/dags/easy_goal.py
[2023-07-11T08:23:46.281+0000] {logging_mixin.py:149} INFO - 00000000000000000000000000000000000000000000000000000000000000000000000000000000000000000
[2023-07-11T08:23:46.286+0000] {processor.py:836} INFO - DAG(s) dict_keys(['easy_assignment']) retrieved from /opt/airflow/dags/easy_goal.py
[2023-07-11T08:23:46.333+0000] {logging_mixin.py:149} INFO - [2023-07-11T08:23:46.332+0000] {dag.py:2726} INFO - Sync 1 DAGs
[2023-07-11T08:23:46.378+0000] {logging_mixin.py:149} INFO - [2023-07-11T08:23:46.378+0000] {dag.py:3490} INFO - Setting next_dagrun for easy_assignment to None, run_after=None
[2023-07-11T08:23:46.406+0000] {processor.py:179} INFO - Processing /opt/airflow/dags/easy_goal.py took 0.140 seconds
[2023-07-11T08:24:16.624+0000] {processor.py:157} INFO - Started process (PID=596) to work on /opt/airflow/dags/easy_goal.py
[2023-07-11T08:24:16.626+0000] {processor.py:826} INFO - Processing file /opt/airflow/dags/easy_goal.py for tasks to queue
[2023-07-11T08:24:16.627+0000] {logging_mixin.py:149} INFO - [2023-07-11T08:24:16.627+0000] {dagbag.py:541} INFO - Filling up the DagBag from /opt/airflow/dags/easy_goal.py
[2023-07-11T08:24:16.640+0000] {logging_mixin.py:149} INFO - 00000000000000000000000000000000000000000000000000000000000000000000000000000000000000000
[2023-07-11T08:24:16.647+0000] {processor.py:836} INFO - DAG(s) dict_keys(['easy_assignment']) retrieved from /opt/airflow/dags/easy_goal.py
[2023-07-11T08:24:16.700+0000] {logging_mixin.py:149} INFO - [2023-07-11T08:24:16.699+0000] {dag.py:2726} INFO - Sync 1 DAGs
[2023-07-11T08:24:16.751+0000] {logging_mixin.py:149} INFO - [2023-07-11T08:24:16.751+0000] {dag.py:3490} INFO - Setting next_dagrun for easy_assignment to None, run_after=None
[2023-07-11T08:24:16.783+0000] {processor.py:179} INFO - Processing /opt/airflow/dags/easy_goal.py took 0.165 seconds
[2023-07-11T08:24:43.968+0000] {processor.py:157} INFO - Started process (PID=605) to work on /opt/airflow/dags/easy_goal.py
[2023-07-11T08:24:43.969+0000] {processor.py:826} INFO - Processing file /opt/airflow/dags/easy_goal.py for tasks to queue
[2023-07-11T08:24:43.970+0000] {logging_mixin.py:149} INFO - [2023-07-11T08:24:43.970+0000] {dagbag.py:541} INFO - Filling up the DagBag from /opt/airflow/dags/easy_goal.py
[2023-07-11T08:24:43.980+0000] {logging_mixin.py:149} INFO - 00000000000000000000000000000000000000000000000000000000000000000000000000000000000000000
[2023-07-11T08:24:43.985+0000] {processor.py:836} INFO - DAG(s) dict_keys(['easy_assignment']) retrieved from /opt/airflow/dags/easy_goal.py
[2023-07-11T08:24:44.031+0000] {logging_mixin.py:149} INFO - [2023-07-11T08:24:44.030+0000] {dag.py:2726} INFO - Sync 1 DAGs
[2023-07-11T08:24:44.073+0000] {logging_mixin.py:149} INFO - [2023-07-11T08:24:44.072+0000] {dag.py:3490} INFO - Setting next_dagrun for easy_assignment to None, run_after=None
[2023-07-11T08:24:44.102+0000] {processor.py:179} INFO - Processing /opt/airflow/dags/easy_goal.py took 0.139 seconds
[2023-07-11T08:25:14.343+0000] {processor.py:157} INFO - Started process (PID=614) to work on /opt/airflow/dags/easy_goal.py
[2023-07-11T08:25:14.345+0000] {processor.py:826} INFO - Processing file /opt/airflow/dags/easy_goal.py for tasks to queue
[2023-07-11T08:25:14.346+0000] {logging_mixin.py:149} INFO - [2023-07-11T08:25:14.346+0000] {dagbag.py:541} INFO - Filling up the DagBag from /opt/airflow/dags/easy_goal.py
[2023-07-11T08:25:14.357+0000] {logging_mixin.py:149} INFO - 00000000000000000000000000000000000000000000000000000000000000000000000000000000000000000
[2023-07-11T08:25:14.375+0000] {processor.py:836} INFO - DAG(s) dict_keys(['easy_assignment']) retrieved from /opt/airflow/dags/easy_goal.py
[2023-07-11T08:25:14.425+0000] {logging_mixin.py:149} INFO - [2023-07-11T08:25:14.424+0000] {dag.py:2726} INFO - Sync 1 DAGs
[2023-07-11T08:25:14.467+0000] {logging_mixin.py:149} INFO - [2023-07-11T08:25:14.467+0000] {dag.py:3490} INFO - Setting next_dagrun for easy_assignment to None, run_after=None
[2023-07-11T08:25:14.500+0000] {processor.py:179} INFO - Processing /opt/airflow/dags/easy_goal.py took 0.172 seconds
[2023-07-11T08:25:44.729+0000] {processor.py:157} INFO - Started process (PID=623) to work on /opt/airflow/dags/easy_goal.py
[2023-07-11T08:25:44.730+0000] {processor.py:826} INFO - Processing file /opt/airflow/dags/easy_goal.py for tasks to queue
[2023-07-11T08:25:44.731+0000] {logging_mixin.py:149} INFO - [2023-07-11T08:25:44.731+0000] {dagbag.py:541} INFO - Filling up the DagBag from /opt/airflow/dags/easy_goal.py
[2023-07-11T08:25:44.741+0000] {logging_mixin.py:149} INFO - 00000000000000000000000000000000000000000000000000000000000000000000000000000000000000000
[2023-07-11T08:25:44.749+0000] {processor.py:836} INFO - DAG(s) dict_keys(['easy_assignment']) retrieved from /opt/airflow/dags/easy_goal.py
[2023-07-11T08:25:44.795+0000] {logging_mixin.py:149} INFO - [2023-07-11T08:25:44.794+0000] {dag.py:2726} INFO - Sync 1 DAGs
[2023-07-11T08:25:44.835+0000] {logging_mixin.py:149} INFO - [2023-07-11T08:25:44.834+0000] {dag.py:3490} INFO - Setting next_dagrun for easy_assignment to None, run_after=None
[2023-07-11T08:25:44.861+0000] {processor.py:179} INFO - Processing /opt/airflow/dags/easy_goal.py took 0.138 seconds
[2023-07-11T08:26:15.058+0000] {processor.py:157} INFO - Started process (PID=632) to work on /opt/airflow/dags/easy_goal.py
[2023-07-11T08:26:15.060+0000] {processor.py:826} INFO - Processing file /opt/airflow/dags/easy_goal.py for tasks to queue
[2023-07-11T08:26:15.060+0000] {logging_mixin.py:149} INFO - [2023-07-11T08:26:15.060+0000] {dagbag.py:541} INFO - Filling up the DagBag from /opt/airflow/dags/easy_goal.py
[2023-07-11T08:26:15.068+0000] {logging_mixin.py:149} INFO - 00000000000000000000000000000000000000000000000000000000000000000000000000000000000000000
[2023-07-11T08:26:15.073+0000] {processor.py:836} INFO - DAG(s) dict_keys(['easy_assignment']) retrieved from /opt/airflow/dags/easy_goal.py
[2023-07-11T08:26:15.115+0000] {logging_mixin.py:149} INFO - [2023-07-11T08:26:15.114+0000] {dag.py:2726} INFO - Sync 1 DAGs
[2023-07-11T08:26:15.157+0000] {logging_mixin.py:149} INFO - [2023-07-11T08:26:15.157+0000] {dag.py:3490} INFO - Setting next_dagrun for easy_assignment to None, run_after=None
[2023-07-11T08:26:15.183+0000] {processor.py:179} INFO - Processing /opt/airflow/dags/easy_goal.py took 0.130 seconds
[2023-07-11T08:26:45.375+0000] {processor.py:157} INFO - Started process (PID=641) to work on /opt/airflow/dags/easy_goal.py
[2023-07-11T08:26:45.378+0000] {processor.py:826} INFO - Processing file /opt/airflow/dags/easy_goal.py for tasks to queue
[2023-07-11T08:26:45.379+0000] {logging_mixin.py:149} INFO - [2023-07-11T08:26:45.379+0000] {dagbag.py:541} INFO - Filling up the DagBag from /opt/airflow/dags/easy_goal.py
[2023-07-11T08:26:45.389+0000] {logging_mixin.py:149} INFO - 00000000000000000000000000000000000000000000000000000000000000000000000000000000000000000
[2023-07-11T08:26:45.400+0000] {processor.py:836} INFO - DAG(s) dict_keys(['easy_assignment']) retrieved from /opt/airflow/dags/easy_goal.py
[2023-07-11T08:26:45.452+0000] {logging_mixin.py:149} INFO - [2023-07-11T08:26:45.451+0000] {dag.py:2726} INFO - Sync 1 DAGs
[2023-07-11T08:26:45.503+0000] {logging_mixin.py:149} INFO - [2023-07-11T08:26:45.502+0000] {dag.py:3490} INFO - Setting next_dagrun for easy_assignment to None, run_after=None
[2023-07-11T08:26:45.561+0000] {processor.py:179} INFO - Processing /opt/airflow/dags/easy_goal.py took 0.192 seconds
[2023-07-11T08:26:51.513+0000] {processor.py:157} INFO - Started process (PID=649) to work on /opt/airflow/dags/easy_goal.py
[2023-07-11T08:26:51.514+0000] {processor.py:826} INFO - Processing file /opt/airflow/dags/easy_goal.py for tasks to queue
[2023-07-11T08:26:51.515+0000] {logging_mixin.py:149} INFO - [2023-07-11T08:26:51.515+0000] {dagbag.py:541} INFO - Filling up the DagBag from /opt/airflow/dags/easy_goal.py
[2023-07-11T08:26:51.524+0000] {logging_mixin.py:149} INFO - 00000000000000000000000000000000000000000000000000000000000000000000000000000000000000000
[2023-07-11T08:26:51.528+0000] {processor.py:836} INFO - DAG(s) dict_keys(['easy_assignment']) retrieved from /opt/airflow/dags/easy_goal.py
[2023-07-11T08:26:51.569+0000] {logging_mixin.py:149} INFO - [2023-07-11T08:26:51.568+0000] {dag.py:2726} INFO - Sync 1 DAGs
[2023-07-11T08:26:51.609+0000] {logging_mixin.py:149} INFO - [2023-07-11T08:26:51.609+0000] {dag.py:3490} INFO - Setting next_dagrun for easy_assignment to None, run_after=None
[2023-07-11T08:26:51.640+0000] {processor.py:179} INFO - Processing /opt/airflow/dags/easy_goal.py took 0.130 seconds
[2023-07-11T08:27:21.861+0000] {processor.py:157} INFO - Started process (PID=658) to work on /opt/airflow/dags/easy_goal.py
[2023-07-11T08:27:21.864+0000] {processor.py:826} INFO - Processing file /opt/airflow/dags/easy_goal.py for tasks to queue
[2023-07-11T08:27:21.865+0000] {logging_mixin.py:149} INFO - [2023-07-11T08:27:21.865+0000] {dagbag.py:541} INFO - Filling up the DagBag from /opt/airflow/dags/easy_goal.py
[2023-07-11T08:27:21.883+0000] {logging_mixin.py:149} INFO - 00000000000000000000000000000000000000000000000000000000000000000000000000000000000000000
[2023-07-11T08:27:21.891+0000] {processor.py:836} INFO - DAG(s) dict_keys(['easy_assignment']) retrieved from /opt/airflow/dags/easy_goal.py
[2023-07-11T08:27:21.962+0000] {logging_mixin.py:149} INFO - [2023-07-11T08:27:21.960+0000] {dag.py:2726} INFO - Sync 1 DAGs
[2023-07-11T08:27:22.015+0000] {logging_mixin.py:149} INFO - [2023-07-11T08:27:22.014+0000] {dag.py:3490} INFO - Setting next_dagrun for easy_assignment to None, run_after=None
[2023-07-11T08:27:22.076+0000] {processor.py:179} INFO - Processing /opt/airflow/dags/easy_goal.py took 0.223 seconds
[2023-07-11T08:27:52.283+0000] {processor.py:157} INFO - Started process (PID=667) to work on /opt/airflow/dags/easy_goal.py
[2023-07-11T08:27:52.285+0000] {processor.py:826} INFO - Processing file /opt/airflow/dags/easy_goal.py for tasks to queue
[2023-07-11T08:27:52.287+0000] {logging_mixin.py:149} INFO - [2023-07-11T08:27:52.286+0000] {dagbag.py:541} INFO - Filling up the DagBag from /opt/airflow/dags/easy_goal.py
[2023-07-11T08:27:52.295+0000] {logging_mixin.py:149} INFO - 00000000000000000000000000000000000000000000000000000000000000000000000000000000000000000
[2023-07-11T08:27:52.301+0000] {processor.py:836} INFO - DAG(s) dict_keys(['easy_assignment']) retrieved from /opt/airflow/dags/easy_goal.py
[2023-07-11T08:27:52.343+0000] {logging_mixin.py:149} INFO - [2023-07-11T08:27:52.342+0000] {dag.py:2726} INFO - Sync 1 DAGs
[2023-07-11T08:27:52.383+0000] {logging_mixin.py:149} INFO - [2023-07-11T08:27:52.383+0000] {dag.py:3490} INFO - Setting next_dagrun for easy_assignment to None, run_after=None
[2023-07-11T08:27:52.410+0000] {processor.py:179} INFO - Processing /opt/airflow/dags/easy_goal.py took 0.133 seconds
[2023-07-11T08:28:22.615+0000] {processor.py:157} INFO - Started process (PID=675) to work on /opt/airflow/dags/easy_goal.py
[2023-07-11T08:28:22.616+0000] {processor.py:826} INFO - Processing file /opt/airflow/dags/easy_goal.py for tasks to queue
[2023-07-11T08:28:22.617+0000] {logging_mixin.py:149} INFO - [2023-07-11T08:28:22.617+0000] {dagbag.py:541} INFO - Filling up the DagBag from /opt/airflow/dags/easy_goal.py
[2023-07-11T08:28:22.627+0000] {logging_mixin.py:149} INFO - 00000000000000000000000000000000000000000000000000000000000000000000000000000000000000000
[2023-07-11T08:28:22.632+0000] {processor.py:836} INFO - DAG(s) dict_keys(['easy_assignment']) retrieved from /opt/airflow/dags/easy_goal.py
[2023-07-11T08:28:22.683+0000] {logging_mixin.py:149} INFO - [2023-07-11T08:28:22.682+0000] {dag.py:2726} INFO - Sync 1 DAGs
[2023-07-11T08:28:22.733+0000] {logging_mixin.py:149} INFO - [2023-07-11T08:28:22.732+0000] {dag.py:3490} INFO - Setting next_dagrun for easy_assignment to None, run_after=None
[2023-07-11T08:28:22.759+0000] {processor.py:179} INFO - Processing /opt/airflow/dags/easy_goal.py took 0.150 seconds
[2023-07-11T08:28:43.860+0000] {processor.py:157} INFO - Started process (PID=676) to work on /opt/airflow/dags/easy_goal.py
[2023-07-11T08:28:43.861+0000] {processor.py:826} INFO - Processing file /opt/airflow/dags/easy_goal.py for tasks to queue
[2023-07-11T08:28:43.862+0000] {logging_mixin.py:149} INFO - [2023-07-11T08:28:43.861+0000] {dagbag.py:541} INFO - Filling up the DagBag from /opt/airflow/dags/easy_goal.py
[2023-07-11T08:28:43.869+0000] {logging_mixin.py:149} INFO - 00000000000000000000000000000000000000000000000000000000000000000000000000000000000000000
[2023-07-11T08:28:43.873+0000] {processor.py:836} INFO - DAG(s) dict_keys(['easy_assignment']) retrieved from /opt/airflow/dags/easy_goal.py
[2023-07-11T08:28:43.921+0000] {logging_mixin.py:149} INFO - [2023-07-11T08:28:43.919+0000] {dag.py:2726} INFO - Sync 1 DAGs
[2023-07-11T08:28:43.966+0000] {logging_mixin.py:149} INFO - [2023-07-11T08:28:43.966+0000] {dag.py:3490} INFO - Setting next_dagrun for easy_assignment to None, run_after=None
[2023-07-11T08:28:43.993+0000] {processor.py:179} INFO - Processing /opt/airflow/dags/easy_goal.py took 0.137 seconds
[2023-07-11T08:29:14.105+0000] {processor.py:157} INFO - Started process (PID=685) to work on /opt/airflow/dags/easy_goal.py
[2023-07-11T08:29:14.107+0000] {processor.py:826} INFO - Processing file /opt/airflow/dags/easy_goal.py for tasks to queue
[2023-07-11T08:29:14.107+0000] {logging_mixin.py:149} INFO - [2023-07-11T08:29:14.107+0000] {dagbag.py:541} INFO - Filling up the DagBag from /opt/airflow/dags/easy_goal.py
[2023-07-11T08:29:14.118+0000] {logging_mixin.py:149} INFO - 00000000000000000000000000000000000000000000000000000000000000000000000000000000000000000
[2023-07-11T08:29:14.124+0000] {processor.py:836} INFO - DAG(s) dict_keys(['easy_assignment']) retrieved from /opt/airflow/dags/easy_goal.py
[2023-07-11T08:29:14.184+0000] {logging_mixin.py:149} INFO - [2023-07-11T08:29:14.183+0000] {dag.py:2726} INFO - Sync 1 DAGs
[2023-07-11T08:29:14.230+0000] {logging_mixin.py:149} INFO - [2023-07-11T08:29:14.230+0000] {dag.py:3490} INFO - Setting next_dagrun for easy_assignment to None, run_after=None
[2023-07-11T08:29:14.270+0000] {processor.py:179} INFO - Processing /opt/airflow/dags/easy_goal.py took 0.171 seconds
[2023-07-11T08:29:44.498+0000] {processor.py:157} INFO - Started process (PID=694) to work on /opt/airflow/dags/easy_goal.py
[2023-07-11T08:29:44.499+0000] {processor.py:826} INFO - Processing file /opt/airflow/dags/easy_goal.py for tasks to queue
[2023-07-11T08:29:44.500+0000] {logging_mixin.py:149} INFO - [2023-07-11T08:29:44.500+0000] {dagbag.py:541} INFO - Filling up the DagBag from /opt/airflow/dags/easy_goal.py
[2023-07-11T08:29:44.509+0000] {logging_mixin.py:149} INFO - 00000000000000000000000000000000000000000000000000000000000000000000000000000000000000000
[2023-07-11T08:29:44.515+0000] {processor.py:836} INFO - DAG(s) dict_keys(['easy_assignment']) retrieved from /opt/airflow/dags/easy_goal.py
[2023-07-11T08:29:44.584+0000] {logging_mixin.py:149} INFO - [2023-07-11T08:29:44.583+0000] {dag.py:2726} INFO - Sync 1 DAGs
[2023-07-11T08:29:44.635+0000] {logging_mixin.py:149} INFO - [2023-07-11T08:29:44.634+0000] {dag.py:3490} INFO - Setting next_dagrun for easy_assignment to None, run_after=None
[2023-07-11T08:29:44.665+0000] {processor.py:179} INFO - Processing /opt/airflow/dags/easy_goal.py took 0.173 seconds
[2023-07-11T08:30:14.882+0000] {processor.py:157} INFO - Started process (PID=703) to work on /opt/airflow/dags/easy_goal.py
[2023-07-11T08:30:14.884+0000] {processor.py:826} INFO - Processing file /opt/airflow/dags/easy_goal.py for tasks to queue
[2023-07-11T08:30:14.886+0000] {logging_mixin.py:149} INFO - [2023-07-11T08:30:14.885+0000] {dagbag.py:541} INFO - Filling up the DagBag from /opt/airflow/dags/easy_goal.py
[2023-07-11T08:30:14.893+0000] {logging_mixin.py:149} INFO - 00000000000000000000000000000000000000000000000000000000000000000000000000000000000000000
[2023-07-11T08:30:14.898+0000] {processor.py:836} INFO - DAG(s) dict_keys(['easy_assignment']) retrieved from /opt/airflow/dags/easy_goal.py
[2023-07-11T08:30:14.946+0000] {logging_mixin.py:149} INFO - [2023-07-11T08:30:14.945+0000] {dag.py:2726} INFO - Sync 1 DAGs
[2023-07-11T08:30:15.005+0000] {logging_mixin.py:149} INFO - [2023-07-11T08:30:15.005+0000] {dag.py:3490} INFO - Setting next_dagrun for easy_assignment to None, run_after=None
[2023-07-11T08:30:15.049+0000] {processor.py:179} INFO - Processing /opt/airflow/dags/easy_goal.py took 0.171 seconds
[2023-07-11T08:30:45.246+0000] {processor.py:157} INFO - Started process (PID=712) to work on /opt/airflow/dags/easy_goal.py
[2023-07-11T08:30:45.248+0000] {processor.py:826} INFO - Processing file /opt/airflow/dags/easy_goal.py for tasks to queue
[2023-07-11T08:30:45.250+0000] {logging_mixin.py:149} INFO - [2023-07-11T08:30:45.249+0000] {dagbag.py:541} INFO - Filling up the DagBag from /opt/airflow/dags/easy_goal.py
[2023-07-11T08:30:45.262+0000] {logging_mixin.py:149} INFO - 00000000000000000000000000000000000000000000000000000000000000000000000000000000000000000
[2023-07-11T08:30:45.281+0000] {processor.py:836} INFO - DAG(s) dict_keys(['easy_assignment']) retrieved from /opt/airflow/dags/easy_goal.py
[2023-07-11T08:30:45.341+0000] {logging_mixin.py:149} INFO - [2023-07-11T08:30:45.340+0000] {dag.py:2726} INFO - Sync 1 DAGs
[2023-07-11T08:30:45.391+0000] {logging_mixin.py:149} INFO - [2023-07-11T08:30:45.390+0000] {dag.py:3490} INFO - Setting next_dagrun for easy_assignment to None, run_after=None
[2023-07-11T08:30:45.455+0000] {processor.py:179} INFO - Processing /opt/airflow/dags/easy_goal.py took 0.215 seconds
[2023-07-11T08:31:15.627+0000] {processor.py:157} INFO - Started process (PID=723) to work on /opt/airflow/dags/easy_goal.py
[2023-07-11T08:31:15.629+0000] {processor.py:826} INFO - Processing file /opt/airflow/dags/easy_goal.py for tasks to queue
[2023-07-11T08:31:15.630+0000] {logging_mixin.py:149} INFO - [2023-07-11T08:31:15.629+0000] {dagbag.py:541} INFO - Filling up the DagBag from /opt/airflow/dags/easy_goal.py
[2023-07-11T08:31:15.641+0000] {logging_mixin.py:149} INFO - 00000000000000000000000000000000000000000000000000000000000000000000000000000000000000000
[2023-07-11T08:31:15.647+0000] {processor.py:836} INFO - DAG(s) dict_keys(['easy_assignment']) retrieved from /opt/airflow/dags/easy_goal.py
[2023-07-11T08:31:15.704+0000] {logging_mixin.py:149} INFO - [2023-07-11T08:31:15.701+0000] {dag.py:2726} INFO - Sync 1 DAGs
[2023-07-11T08:31:15.750+0000] {logging_mixin.py:149} INFO - [2023-07-11T08:31:15.750+0000] {dag.py:3490} INFO - Setting next_dagrun for easy_assignment to None, run_after=None
[2023-07-11T08:31:15.781+0000] {processor.py:179} INFO - Processing /opt/airflow/dags/easy_goal.py took 0.160 seconds
[2023-07-11T08:31:45.820+0000] {processor.py:157} INFO - Started process (PID=732) to work on /opt/airflow/dags/easy_goal.py
[2023-07-11T08:31:45.821+0000] {processor.py:826} INFO - Processing file /opt/airflow/dags/easy_goal.py for tasks to queue
[2023-07-11T08:31:45.822+0000] {logging_mixin.py:149} INFO - [2023-07-11T08:31:45.822+0000] {dagbag.py:541} INFO - Filling up the DagBag from /opt/airflow/dags/easy_goal.py
[2023-07-11T08:31:45.829+0000] {logging_mixin.py:149} INFO - 00000000000000000000000000000000000000000000000000000000000000000000000000000000000000000
[2023-07-11T08:31:45.833+0000] {processor.py:836} INFO - DAG(s) dict_keys(['easy_assignment']) retrieved from /opt/airflow/dags/easy_goal.py
[2023-07-11T08:31:45.874+0000] {logging_mixin.py:149} INFO - [2023-07-11T08:31:45.873+0000] {dag.py:2726} INFO - Sync 1 DAGs
[2023-07-11T08:31:45.916+0000] {logging_mixin.py:149} INFO - [2023-07-11T08:31:45.916+0000] {dag.py:3490} INFO - Setting next_dagrun for easy_assignment to None, run_after=None
[2023-07-11T08:31:45.948+0000] {processor.py:179} INFO - Processing /opt/airflow/dags/easy_goal.py took 0.133 seconds
[2023-07-11T08:32:16.197+0000] {processor.py:157} INFO - Started process (PID=741) to work on /opt/airflow/dags/easy_goal.py
[2023-07-11T08:32:16.202+0000] {processor.py:826} INFO - Processing file /opt/airflow/dags/easy_goal.py for tasks to queue
[2023-07-11T08:32:16.203+0000] {logging_mixin.py:149} INFO - [2023-07-11T08:32:16.203+0000] {dagbag.py:541} INFO - Filling up the DagBag from /opt/airflow/dags/easy_goal.py
[2023-07-11T08:32:16.213+0000] {logging_mixin.py:149} INFO - 00000000000000000000000000000000000000000000000000000000000000000000000000000000000000000
[2023-07-11T08:32:16.218+0000] {processor.py:836} INFO - DAG(s) dict_keys(['easy_assignment']) retrieved from /opt/airflow/dags/easy_goal.py
[2023-07-11T08:32:16.272+0000] {logging_mixin.py:149} INFO - [2023-07-11T08:32:16.271+0000] {dag.py:2726} INFO - Sync 1 DAGs
[2023-07-11T08:32:16.319+0000] {logging_mixin.py:149} INFO - [2023-07-11T08:32:16.318+0000] {dag.py:3490} INFO - Setting next_dagrun for easy_assignment to None, run_after=None
[2023-07-11T08:32:16.361+0000] {processor.py:179} INFO - Processing /opt/airflow/dags/easy_goal.py took 0.173 seconds
[2023-07-11T08:32:46.565+0000] {processor.py:157} INFO - Started process (PID=750) to work on /opt/airflow/dags/easy_goal.py
[2023-07-11T08:32:46.568+0000] {processor.py:826} INFO - Processing file /opt/airflow/dags/easy_goal.py for tasks to queue
[2023-07-11T08:32:46.569+0000] {logging_mixin.py:149} INFO - [2023-07-11T08:32:46.569+0000] {dagbag.py:541} INFO - Filling up the DagBag from /opt/airflow/dags/easy_goal.py
[2023-07-11T08:32:46.580+0000] {logging_mixin.py:149} INFO - 00000000000000000000000000000000000000000000000000000000000000000000000000000000000000000
[2023-07-11T08:32:46.586+0000] {processor.py:836} INFO - DAG(s) dict_keys(['easy_assignment']) retrieved from /opt/airflow/dags/easy_goal.py
[2023-07-11T08:32:46.640+0000] {logging_mixin.py:149} INFO - [2023-07-11T08:32:46.639+0000] {dag.py:2726} INFO - Sync 1 DAGs
[2023-07-11T08:32:46.686+0000] {logging_mixin.py:149} INFO - [2023-07-11T08:32:46.686+0000] {dag.py:3490} INFO - Setting next_dagrun for easy_assignment to None, run_after=None
[2023-07-11T08:32:46.716+0000] {processor.py:179} INFO - Processing /opt/airflow/dags/easy_goal.py took 0.157 seconds
[2023-07-11T08:33:16.786+0000] {processor.py:157} INFO - Started process (PID=759) to work on /opt/airflow/dags/easy_goal.py
[2023-07-11T08:33:16.788+0000] {processor.py:826} INFO - Processing file /opt/airflow/dags/easy_goal.py for tasks to queue
[2023-07-11T08:33:16.789+0000] {logging_mixin.py:149} INFO - [2023-07-11T08:33:16.789+0000] {dagbag.py:541} INFO - Filling up the DagBag from /opt/airflow/dags/easy_goal.py
[2023-07-11T08:33:16.802+0000] {logging_mixin.py:149} INFO - 00000000000000000000000000000000000000000000000000000000000000000000000000000000000000000
[2023-07-11T08:33:16.808+0000] {processor.py:836} INFO - DAG(s) dict_keys(['easy_assignment']) retrieved from /opt/airflow/dags/easy_goal.py
[2023-07-11T08:33:16.856+0000] {logging_mixin.py:149} INFO - [2023-07-11T08:33:16.856+0000] {dag.py:2726} INFO - Sync 1 DAGs
[2023-07-11T08:33:16.906+0000] {logging_mixin.py:149} INFO - [2023-07-11T08:33:16.906+0000] {dag.py:3490} INFO - Setting next_dagrun for easy_assignment to None, run_after=None
[2023-07-11T08:33:16.938+0000] {processor.py:179} INFO - Processing /opt/airflow/dags/easy_goal.py took 0.159 seconds
[2023-07-11T08:33:47.168+0000] {processor.py:157} INFO - Started process (PID=768) to work on /opt/airflow/dags/easy_goal.py
[2023-07-11T08:33:47.170+0000] {processor.py:826} INFO - Processing file /opt/airflow/dags/easy_goal.py for tasks to queue
[2023-07-11T08:33:47.171+0000] {logging_mixin.py:149} INFO - [2023-07-11T08:33:47.170+0000] {dagbag.py:541} INFO - Filling up the DagBag from /opt/airflow/dags/easy_goal.py
[2023-07-11T08:33:47.179+0000] {logging_mixin.py:149} INFO - 00000000000000000000000000000000000000000000000000000000000000000000000000000000000000000
[2023-07-11T08:33:47.184+0000] {processor.py:836} INFO - DAG(s) dict_keys(['easy_assignment']) retrieved from /opt/airflow/dags/easy_goal.py
[2023-07-11T08:33:47.231+0000] {logging_mixin.py:149} INFO - [2023-07-11T08:33:47.229+0000] {dag.py:2726} INFO - Sync 1 DAGs
[2023-07-11T08:33:47.274+0000] {logging_mixin.py:149} INFO - [2023-07-11T08:33:47.274+0000] {dag.py:3490} INFO - Setting next_dagrun for easy_assignment to None, run_after=None
[2023-07-11T08:33:47.301+0000] {processor.py:179} INFO - Processing /opt/airflow/dags/easy_goal.py took 0.138 seconds
[2023-07-11T08:34:17.507+0000] {processor.py:157} INFO - Started process (PID=777) to work on /opt/airflow/dags/easy_goal.py
[2023-07-11T08:34:17.508+0000] {processor.py:826} INFO - Processing file /opt/airflow/dags/easy_goal.py for tasks to queue
[2023-07-11T08:34:17.509+0000] {logging_mixin.py:149} INFO - [2023-07-11T08:34:17.509+0000] {dagbag.py:541} INFO - Filling up the DagBag from /opt/airflow/dags/easy_goal.py
[2023-07-11T08:34:17.521+0000] {logging_mixin.py:149} INFO - 00000000000000000000000000000000000000000000000000000000000000000000000000000000000000000
[2023-07-11T08:34:17.527+0000] {processor.py:836} INFO - DAG(s) dict_keys(['easy_assignment']) retrieved from /opt/airflow/dags/easy_goal.py
[2023-07-11T08:34:17.579+0000] {logging_mixin.py:149} INFO - [2023-07-11T08:34:17.578+0000] {dag.py:2726} INFO - Sync 1 DAGs
[2023-07-11T08:34:17.626+0000] {logging_mixin.py:149} INFO - [2023-07-11T08:34:17.625+0000] {dag.py:3490} INFO - Setting next_dagrun for easy_assignment to None, run_after=None
[2023-07-11T08:34:17.657+0000] {processor.py:179} INFO - Processing /opt/airflow/dags/easy_goal.py took 0.157 seconds
[2023-07-11T08:34:47.864+0000] {processor.py:157} INFO - Started process (PID=786) to work on /opt/airflow/dags/easy_goal.py
[2023-07-11T08:34:47.867+0000] {processor.py:826} INFO - Processing file /opt/airflow/dags/easy_goal.py for tasks to queue
[2023-07-11T08:34:47.868+0000] {logging_mixin.py:149} INFO - [2023-07-11T08:34:47.868+0000] {dagbag.py:541} INFO - Filling up the DagBag from /opt/airflow/dags/easy_goal.py
[2023-07-11T08:34:47.880+0000] {logging_mixin.py:149} INFO - 00000000000000000000000000000000000000000000000000000000000000000000000000000000000000000
[2023-07-11T08:34:47.887+0000] {processor.py:836} INFO - DAG(s) dict_keys(['easy_assignment']) retrieved from /opt/airflow/dags/easy_goal.py
[2023-07-11T08:34:47.951+0000] {logging_mixin.py:149} INFO - [2023-07-11T08:34:47.950+0000] {dag.py:2726} INFO - Sync 1 DAGs
[2023-07-11T08:34:48.004+0000] {logging_mixin.py:149} INFO - [2023-07-11T08:34:48.004+0000] {dag.py:3490} INFO - Setting next_dagrun for easy_assignment to None, run_after=None
[2023-07-11T08:34:48.043+0000] {processor.py:179} INFO - Processing /opt/airflow/dags/easy_goal.py took 0.186 seconds
[2023-07-11T08:35:18.261+0000] {processor.py:157} INFO - Started process (PID=795) to work on /opt/airflow/dags/easy_goal.py
[2023-07-11T08:35:18.262+0000] {processor.py:826} INFO - Processing file /opt/airflow/dags/easy_goal.py for tasks to queue
[2023-07-11T08:35:18.263+0000] {logging_mixin.py:149} INFO - [2023-07-11T08:35:18.263+0000] {dagbag.py:541} INFO - Filling up the DagBag from /opt/airflow/dags/easy_goal.py
[2023-07-11T08:35:18.273+0000] {logging_mixin.py:149} INFO - 00000000000000000000000000000000000000000000000000000000000000000000000000000000000000000
[2023-07-11T08:35:18.279+0000] {processor.py:836} INFO - DAG(s) dict_keys(['easy_assignment']) retrieved from /opt/airflow/dags/easy_goal.py
[2023-07-11T08:35:18.327+0000] {logging_mixin.py:149} INFO - [2023-07-11T08:35:18.326+0000] {dag.py:2726} INFO - Sync 1 DAGs
[2023-07-11T08:35:18.373+0000] {logging_mixin.py:149} INFO - [2023-07-11T08:35:18.372+0000] {dag.py:3490} INFO - Setting next_dagrun for easy_assignment to None, run_after=None
[2023-07-11T08:35:18.406+0000] {processor.py:179} INFO - Processing /opt/airflow/dags/easy_goal.py took 0.150 seconds
[2023-07-11T08:35:48.615+0000] {processor.py:157} INFO - Started process (PID=804) to work on /opt/airflow/dags/easy_goal.py
[2023-07-11T08:35:48.617+0000] {processor.py:826} INFO - Processing file /opt/airflow/dags/easy_goal.py for tasks to queue
[2023-07-11T08:35:48.618+0000] {logging_mixin.py:149} INFO - [2023-07-11T08:35:48.618+0000] {dagbag.py:541} INFO - Filling up the DagBag from /opt/airflow/dags/easy_goal.py
[2023-07-11T08:35:48.628+0000] {logging_mixin.py:149} INFO - 00000000000000000000000000000000000000000000000000000000000000000000000000000000000000000
[2023-07-11T08:35:48.633+0000] {processor.py:836} INFO - DAG(s) dict_keys(['easy_assignment']) retrieved from /opt/airflow/dags/easy_goal.py
[2023-07-11T08:35:48.683+0000] {logging_mixin.py:149} INFO - [2023-07-11T08:35:48.682+0000] {dag.py:2726} INFO - Sync 1 DAGs
[2023-07-11T08:35:48.728+0000] {logging_mixin.py:149} INFO - [2023-07-11T08:35:48.728+0000] {dag.py:3490} INFO - Setting next_dagrun for easy_assignment to None, run_after=None
[2023-07-11T08:35:48.761+0000] {processor.py:179} INFO - Processing /opt/airflow/dags/easy_goal.py took 0.152 seconds
[2023-07-11T08:36:18.823+0000] {processor.py:157} INFO - Started process (PID=813) to work on /opt/airflow/dags/easy_goal.py
[2023-07-11T08:36:18.825+0000] {processor.py:826} INFO - Processing file /opt/airflow/dags/easy_goal.py for tasks to queue
[2023-07-11T08:36:18.826+0000] {logging_mixin.py:149} INFO - [2023-07-11T08:36:18.825+0000] {dagbag.py:541} INFO - Filling up the DagBag from /opt/airflow/dags/easy_goal.py
[2023-07-11T08:36:18.834+0000] {logging_mixin.py:149} INFO - 00000000000000000000000000000000000000000000000000000000000000000000000000000000000000000
[2023-07-11T08:36:18.838+0000] {processor.py:836} INFO - DAG(s) dict_keys(['easy_assignment']) retrieved from /opt/airflow/dags/easy_goal.py
[2023-07-11T08:36:18.881+0000] {logging_mixin.py:149} INFO - [2023-07-11T08:36:18.879+0000] {dag.py:2726} INFO - Sync 1 DAGs
[2023-07-11T08:36:18.920+0000] {logging_mixin.py:149} INFO - [2023-07-11T08:36:18.920+0000] {dag.py:3490} INFO - Setting next_dagrun for easy_assignment to None, run_after=None
[2023-07-11T08:36:18.949+0000] {processor.py:179} INFO - Processing /opt/airflow/dags/easy_goal.py took 0.131 seconds
[2023-07-11T08:36:49.152+0000] {processor.py:157} INFO - Started process (PID=822) to work on /opt/airflow/dags/easy_goal.py
[2023-07-11T08:36:49.153+0000] {processor.py:826} INFO - Processing file /opt/airflow/dags/easy_goal.py for tasks to queue
[2023-07-11T08:36:49.154+0000] {logging_mixin.py:149} INFO - [2023-07-11T08:36:49.154+0000] {dagbag.py:541} INFO - Filling up the DagBag from /opt/airflow/dags/easy_goal.py
[2023-07-11T08:36:49.166+0000] {logging_mixin.py:149} INFO - 00000000000000000000000000000000000000000000000000000000000000000000000000000000000000000
[2023-07-11T08:36:49.172+0000] {processor.py:836} INFO - DAG(s) dict_keys(['easy_assignment']) retrieved from /opt/airflow/dags/easy_goal.py
[2023-07-11T08:36:49.221+0000] {logging_mixin.py:149} INFO - [2023-07-11T08:36:49.220+0000] {dag.py:2726} INFO - Sync 1 DAGs
[2023-07-11T08:36:49.268+0000] {logging_mixin.py:149} INFO - [2023-07-11T08:36:49.268+0000] {dag.py:3490} INFO - Setting next_dagrun for easy_assignment to None, run_after=None
[2023-07-11T08:36:49.294+0000] {processor.py:179} INFO - Processing /opt/airflow/dags/easy_goal.py took 0.148 seconds
[2023-07-11T08:37:19.532+0000] {processor.py:157} INFO - Started process (PID=831) to work on /opt/airflow/dags/easy_goal.py
[2023-07-11T08:37:19.533+0000] {processor.py:826} INFO - Processing file /opt/airflow/dags/easy_goal.py for tasks to queue
[2023-07-11T08:37:19.534+0000] {logging_mixin.py:149} INFO - [2023-07-11T08:37:19.534+0000] {dagbag.py:541} INFO - Filling up the DagBag from /opt/airflow/dags/easy_goal.py
[2023-07-11T08:37:19.542+0000] {logging_mixin.py:149} INFO - 00000000000000000000000000000000000000000000000000000000000000000000000000000000000000000
[2023-07-11T08:37:19.547+0000] {processor.py:836} INFO - DAG(s) dict_keys(['easy_assignment']) retrieved from /opt/airflow/dags/easy_goal.py
[2023-07-11T08:37:19.597+0000] {logging_mixin.py:149} INFO - [2023-07-11T08:37:19.596+0000] {dag.py:2726} INFO - Sync 1 DAGs
[2023-07-11T08:37:19.638+0000] {logging_mixin.py:149} INFO - [2023-07-11T08:37:19.638+0000] {dag.py:3490} INFO - Setting next_dagrun for easy_assignment to None, run_after=None
[2023-07-11T08:37:19.664+0000] {processor.py:179} INFO - Processing /opt/airflow/dags/easy_goal.py took 0.137 seconds
[2023-07-11T08:37:49.740+0000] {processor.py:157} INFO - Started process (PID=840) to work on /opt/airflow/dags/easy_goal.py
[2023-07-11T08:37:49.742+0000] {processor.py:826} INFO - Processing file /opt/airflow/dags/easy_goal.py for tasks to queue
[2023-07-11T08:37:49.743+0000] {logging_mixin.py:149} INFO - [2023-07-11T08:37:49.743+0000] {dagbag.py:541} INFO - Filling up the DagBag from /opt/airflow/dags/easy_goal.py
[2023-07-11T08:37:49.753+0000] {logging_mixin.py:149} INFO - 00000000000000000000000000000000000000000000000000000000000000000000000000000000000000000
[2023-07-11T08:37:49.758+0000] {processor.py:836} INFO - DAG(s) dict_keys(['easy_assignment']) retrieved from /opt/airflow/dags/easy_goal.py
[2023-07-11T08:37:49.811+0000] {logging_mixin.py:149} INFO - [2023-07-11T08:37:49.810+0000] {dag.py:2726} INFO - Sync 1 DAGs
[2023-07-11T08:37:49.853+0000] {logging_mixin.py:149} INFO - [2023-07-11T08:37:49.853+0000] {dag.py:3490} INFO - Setting next_dagrun for easy_assignment to None, run_after=None
[2023-07-11T08:37:49.894+0000] {processor.py:179} INFO - Processing /opt/airflow/dags/easy_goal.py took 0.160 seconds
[2023-07-11T08:38:20.122+0000] {processor.py:157} INFO - Started process (PID=849) to work on /opt/airflow/dags/easy_goal.py
[2023-07-11T08:38:20.125+0000] {processor.py:826} INFO - Processing file /opt/airflow/dags/easy_goal.py for tasks to queue
[2023-07-11T08:38:20.126+0000] {logging_mixin.py:149} INFO - [2023-07-11T08:38:20.126+0000] {dagbag.py:541} INFO - Filling up the DagBag from /opt/airflow/dags/easy_goal.py
[2023-07-11T08:38:20.139+0000] {logging_mixin.py:149} INFO - 00000000000000000000000000000000000000000000000000000000000000000000000000000000000000000
[2023-07-11T08:38:20.146+0000] {processor.py:836} INFO - DAG(s) dict_keys(['easy_assignment']) retrieved from /opt/airflow/dags/easy_goal.py
[2023-07-11T08:38:20.196+0000] {logging_mixin.py:149} INFO - [2023-07-11T08:38:20.195+0000] {dag.py:2726} INFO - Sync 1 DAGs
[2023-07-11T08:38:20.257+0000] {logging_mixin.py:149} INFO - [2023-07-11T08:38:20.257+0000] {dag.py:3490} INFO - Setting next_dagrun for easy_assignment to None, run_after=None
[2023-07-11T08:38:20.301+0000] {processor.py:179} INFO - Processing /opt/airflow/dags/easy_goal.py took 0.185 seconds
[2023-07-11T08:38:50.521+0000] {processor.py:157} INFO - Started process (PID=858) to work on /opt/airflow/dags/easy_goal.py
[2023-07-11T08:38:50.523+0000] {processor.py:826} INFO - Processing file /opt/airflow/dags/easy_goal.py for tasks to queue
[2023-07-11T08:38:50.525+0000] {logging_mixin.py:149} INFO - [2023-07-11T08:38:50.525+0000] {dagbag.py:541} INFO - Filling up the DagBag from /opt/airflow/dags/easy_goal.py
[2023-07-11T08:38:50.536+0000] {logging_mixin.py:149} INFO - 00000000000000000000000000000000000000000000000000000000000000000000000000000000000000000
[2023-07-11T08:38:50.543+0000] {processor.py:836} INFO - DAG(s) dict_keys(['easy_assignment']) retrieved from /opt/airflow/dags/easy_goal.py
[2023-07-11T08:38:50.602+0000] {logging_mixin.py:149} INFO - [2023-07-11T08:38:50.600+0000] {dag.py:2726} INFO - Sync 1 DAGs
[2023-07-11T08:38:50.647+0000] {logging_mixin.py:149} INFO - [2023-07-11T08:38:50.646+0000] {dag.py:3490} INFO - Setting next_dagrun for easy_assignment to None, run_after=None
[2023-07-11T08:38:50.683+0000] {processor.py:179} INFO - Processing /opt/airflow/dags/easy_goal.py took 0.168 seconds
[2023-07-11T08:39:20.883+0000] {processor.py:157} INFO - Started process (PID=867) to work on /opt/airflow/dags/easy_goal.py
[2023-07-11T08:39:20.893+0000] {processor.py:826} INFO - Processing file /opt/airflow/dags/easy_goal.py for tasks to queue
[2023-07-11T08:39:20.894+0000] {logging_mixin.py:149} INFO - [2023-07-11T08:39:20.894+0000] {dagbag.py:541} INFO - Filling up the DagBag from /opt/airflow/dags/easy_goal.py
[2023-07-11T08:39:20.908+0000] {logging_mixin.py:149} INFO - 00000000000000000000000000000000000000000000000000000000000000000000000000000000000000000
[2023-07-11T08:39:20.919+0000] {processor.py:836} INFO - DAG(s) dict_keys(['easy_assignment']) retrieved from /opt/airflow/dags/easy_goal.py
[2023-07-11T08:39:20.965+0000] {logging_mixin.py:149} INFO - [2023-07-11T08:39:20.965+0000] {dag.py:2726} INFO - Sync 1 DAGs
[2023-07-11T08:39:21.005+0000] {logging_mixin.py:149} INFO - [2023-07-11T08:39:21.005+0000] {dag.py:3490} INFO - Setting next_dagrun for easy_assignment to None, run_after=None
[2023-07-11T08:39:21.038+0000] {processor.py:179} INFO - Processing /opt/airflow/dags/easy_goal.py took 0.160 seconds
[2023-07-11T08:39:51.079+0000] {processor.py:157} INFO - Started process (PID=876) to work on /opt/airflow/dags/easy_goal.py
[2023-07-11T08:39:51.081+0000] {processor.py:826} INFO - Processing file /opt/airflow/dags/easy_goal.py for tasks to queue
[2023-07-11T08:39:51.082+0000] {logging_mixin.py:149} INFO - [2023-07-11T08:39:51.082+0000] {dagbag.py:541} INFO - Filling up the DagBag from /opt/airflow/dags/easy_goal.py
[2023-07-11T08:39:51.091+0000] {logging_mixin.py:149} INFO - 00000000000000000000000000000000000000000000000000000000000000000000000000000000000000000
[2023-07-11T08:39:51.096+0000] {processor.py:836} INFO - DAG(s) dict_keys(['easy_assignment']) retrieved from /opt/airflow/dags/easy_goal.py
[2023-07-11T08:39:51.138+0000] {logging_mixin.py:149} INFO - [2023-07-11T08:39:51.137+0000] {dag.py:2726} INFO - Sync 1 DAGs
[2023-07-11T08:39:51.172+0000] {logging_mixin.py:149} INFO - [2023-07-11T08:39:51.172+0000] {dag.py:3490} INFO - Setting next_dagrun for easy_assignment to None, run_after=None
[2023-07-11T08:39:51.217+0000] {processor.py:179} INFO - Processing /opt/airflow/dags/easy_goal.py took 0.142 seconds
[2023-07-11T08:40:21.422+0000] {processor.py:157} INFO - Started process (PID=885) to work on /opt/airflow/dags/easy_goal.py
[2023-07-11T08:40:21.424+0000] {processor.py:826} INFO - Processing file /opt/airflow/dags/easy_goal.py for tasks to queue
[2023-07-11T08:40:21.426+0000] {logging_mixin.py:149} INFO - [2023-07-11T08:40:21.425+0000] {dagbag.py:541} INFO - Filling up the DagBag from /opt/airflow/dags/easy_goal.py
[2023-07-11T08:40:21.436+0000] {logging_mixin.py:149} INFO - 00000000000000000000000000000000000000000000000000000000000000000000000000000000000000000
[2023-07-11T08:40:21.443+0000] {processor.py:836} INFO - DAG(s) dict_keys(['easy_assignment']) retrieved from /opt/airflow/dags/easy_goal.py
[2023-07-11T08:40:21.490+0000] {logging_mixin.py:149} INFO - [2023-07-11T08:40:21.489+0000] {dag.py:2726} INFO - Sync 1 DAGs
[2023-07-11T08:40:21.534+0000] {logging_mixin.py:149} INFO - [2023-07-11T08:40:21.534+0000] {dag.py:3490} INFO - Setting next_dagrun for easy_assignment to None, run_after=None
[2023-07-11T08:40:21.565+0000] {processor.py:179} INFO - Processing /opt/airflow/dags/easy_goal.py took 0.148 seconds
[2023-07-11T08:40:51.773+0000] {processor.py:157} INFO - Started process (PID=894) to work on /opt/airflow/dags/easy_goal.py
[2023-07-11T08:40:51.775+0000] {processor.py:826} INFO - Processing file /opt/airflow/dags/easy_goal.py for tasks to queue
[2023-07-11T08:40:51.776+0000] {logging_mixin.py:149} INFO - [2023-07-11T08:40:51.776+0000] {dagbag.py:541} INFO - Filling up the DagBag from /opt/airflow/dags/easy_goal.py
[2023-07-11T08:40:51.789+0000] {logging_mixin.py:149} INFO - 00000000000000000000000000000000000000000000000000000000000000000000000000000000000000000
[2023-07-11T08:40:51.795+0000] {processor.py:836} INFO - DAG(s) dict_keys(['easy_assignment']) retrieved from /opt/airflow/dags/easy_goal.py
[2023-07-11T08:40:51.849+0000] {logging_mixin.py:149} INFO - [2023-07-11T08:40:51.848+0000] {dag.py:2726} INFO - Sync 1 DAGs
[2023-07-11T08:40:51.890+0000] {logging_mixin.py:149} INFO - [2023-07-11T08:40:51.889+0000] {dag.py:3490} INFO - Setting next_dagrun for easy_assignment to None, run_after=None
[2023-07-11T08:40:51.914+0000] {processor.py:179} INFO - Processing /opt/airflow/dags/easy_goal.py took 0.147 seconds
[2023-07-11T08:41:22.123+0000] {processor.py:157} INFO - Started process (PID=903) to work on /opt/airflow/dags/easy_goal.py
[2023-07-11T08:41:22.125+0000] {processor.py:826} INFO - Processing file /opt/airflow/dags/easy_goal.py for tasks to queue
[2023-07-11T08:41:22.126+0000] {logging_mixin.py:149} INFO - [2023-07-11T08:41:22.126+0000] {dagbag.py:541} INFO - Filling up the DagBag from /opt/airflow/dags/easy_goal.py
[2023-07-11T08:41:22.137+0000] {logging_mixin.py:149} INFO - 00000000000000000000000000000000000000000000000000000000000000000000000000000000000000000
[2023-07-11T08:41:22.143+0000] {processor.py:836} INFO - DAG(s) dict_keys(['easy_assignment']) retrieved from /opt/airflow/dags/easy_goal.py
[2023-07-11T08:41:22.190+0000] {logging_mixin.py:149} INFO - [2023-07-11T08:41:22.189+0000] {dag.py:2726} INFO - Sync 1 DAGs
[2023-07-11T08:41:22.231+0000] {logging_mixin.py:149} INFO - [2023-07-11T08:41:22.230+0000] {dag.py:3490} INFO - Setting next_dagrun for easy_assignment to None, run_after=None
[2023-07-11T08:41:22.263+0000] {processor.py:179} INFO - Processing /opt/airflow/dags/easy_goal.py took 0.144 seconds
[2023-07-11T08:41:52.502+0000] {processor.py:157} INFO - Started process (PID=912) to work on /opt/airflow/dags/easy_goal.py
[2023-07-11T08:41:52.503+0000] {processor.py:826} INFO - Processing file /opt/airflow/dags/easy_goal.py for tasks to queue
[2023-07-11T08:41:52.504+0000] {logging_mixin.py:149} INFO - [2023-07-11T08:41:52.504+0000] {dagbag.py:541} INFO - Filling up the DagBag from /opt/airflow/dags/easy_goal.py
[2023-07-11T08:41:52.516+0000] {logging_mixin.py:149} INFO - 00000000000000000000000000000000000000000000000000000000000000000000000000000000000000000
[2023-07-11T08:41:52.522+0000] {processor.py:836} INFO - DAG(s) dict_keys(['easy_assignment']) retrieved from /opt/airflow/dags/easy_goal.py
[2023-07-11T08:41:52.572+0000] {logging_mixin.py:149} INFO - [2023-07-11T08:41:52.571+0000] {dag.py:2726} INFO - Sync 1 DAGs
[2023-07-11T08:41:52.612+0000] {logging_mixin.py:149} INFO - [2023-07-11T08:41:52.612+0000] {dag.py:3490} INFO - Setting next_dagrun for easy_assignment to None, run_after=None
[2023-07-11T08:41:52.647+0000] {processor.py:179} INFO - Processing /opt/airflow/dags/easy_goal.py took 0.152 seconds
[2023-07-11T08:42:22.909+0000] {processor.py:157} INFO - Started process (PID=921) to work on /opt/airflow/dags/easy_goal.py
[2023-07-11T08:42:22.911+0000] {processor.py:826} INFO - Processing file /opt/airflow/dags/easy_goal.py for tasks to queue
[2023-07-11T08:42:22.913+0000] {logging_mixin.py:149} INFO - [2023-07-11T08:42:22.912+0000] {dagbag.py:541} INFO - Filling up the DagBag from /opt/airflow/dags/easy_goal.py
[2023-07-11T08:42:22.940+0000] {logging_mixin.py:149} INFO - 00000000000000000000000000000000000000000000000000000000000000000000000000000000000000000
[2023-07-11T08:42:22.952+0000] {processor.py:836} INFO - DAG(s) dict_keys(['easy_assignment']) retrieved from /opt/airflow/dags/easy_goal.py
[2023-07-11T08:42:23.049+0000] {logging_mixin.py:149} INFO - [2023-07-11T08:42:23.048+0000] {dag.py:2726} INFO - Sync 1 DAGs
[2023-07-11T08:42:23.097+0000] {logging_mixin.py:149} INFO - [2023-07-11T08:42:23.097+0000] {dag.py:3490} INFO - Setting next_dagrun for easy_assignment to None, run_after=None
[2023-07-11T08:42:23.151+0000] {processor.py:179} INFO - Processing /opt/airflow/dags/easy_goal.py took 0.296 seconds
[2023-07-11T08:42:53.323+0000] {processor.py:157} INFO - Started process (PID=930) to work on /opt/airflow/dags/easy_goal.py
[2023-07-11T08:42:53.324+0000] {processor.py:826} INFO - Processing file /opt/airflow/dags/easy_goal.py for tasks to queue
[2023-07-11T08:42:53.325+0000] {logging_mixin.py:149} INFO - [2023-07-11T08:42:53.325+0000] {dagbag.py:541} INFO - Filling up the DagBag from /opt/airflow/dags/easy_goal.py
[2023-07-11T08:42:53.335+0000] {logging_mixin.py:149} INFO - 00000000000000000000000000000000000000000000000000000000000000000000000000000000000000000
[2023-07-11T08:42:53.341+0000] {processor.py:836} INFO - DAG(s) dict_keys(['easy_assignment']) retrieved from /opt/airflow/dags/easy_goal.py
[2023-07-11T08:42:53.384+0000] {logging_mixin.py:149} INFO - [2023-07-11T08:42:53.383+0000] {dag.py:2726} INFO - Sync 1 DAGs
[2023-07-11T08:42:53.426+0000] {logging_mixin.py:149} INFO - [2023-07-11T08:42:53.426+0000] {dag.py:3490} INFO - Setting next_dagrun for easy_assignment to None, run_after=None
[2023-07-11T08:42:53.456+0000] {processor.py:179} INFO - Processing /opt/airflow/dags/easy_goal.py took 0.139 seconds
[2023-07-11T08:43:23.672+0000] {processor.py:157} INFO - Started process (PID=939) to work on /opt/airflow/dags/easy_goal.py
[2023-07-11T08:43:23.673+0000] {processor.py:826} INFO - Processing file /opt/airflow/dags/easy_goal.py for tasks to queue
[2023-07-11T08:43:23.674+0000] {logging_mixin.py:149} INFO - [2023-07-11T08:43:23.674+0000] {dagbag.py:541} INFO - Filling up the DagBag from /opt/airflow/dags/easy_goal.py
[2023-07-11T08:43:23.682+0000] {logging_mixin.py:149} INFO - 00000000000000000000000000000000000000000000000000000000000000000000000000000000000000000
[2023-07-11T08:43:23.687+0000] {processor.py:836} INFO - DAG(s) dict_keys(['easy_assignment']) retrieved from /opt/airflow/dags/easy_goal.py
[2023-07-11T08:43:23.728+0000] {logging_mixin.py:149} INFO - [2023-07-11T08:43:23.727+0000] {dag.py:2726} INFO - Sync 1 DAGs
[2023-07-11T08:43:23.763+0000] {logging_mixin.py:149} INFO - [2023-07-11T08:43:23.763+0000] {dag.py:3490} INFO - Setting next_dagrun for easy_assignment to None, run_after=None
[2023-07-11T08:43:23.798+0000] {processor.py:179} INFO - Processing /opt/airflow/dags/easy_goal.py took 0.132 seconds
[2023-07-11T08:43:53.860+0000] {processor.py:157} INFO - Started process (PID=949) to work on /opt/airflow/dags/easy_goal.py
[2023-07-11T08:43:53.862+0000] {processor.py:826} INFO - Processing file /opt/airflow/dags/easy_goal.py for tasks to queue
[2023-07-11T08:43:53.863+0000] {logging_mixin.py:149} INFO - [2023-07-11T08:43:53.863+0000] {dagbag.py:541} INFO - Filling up the DagBag from /opt/airflow/dags/easy_goal.py
[2023-07-11T08:43:53.872+0000] {logging_mixin.py:149} INFO - 00000000000000000000000000000000000000000000000000000000000000000000000000000000000000000
[2023-07-11T08:43:53.877+0000] {processor.py:836} INFO - DAG(s) dict_keys(['easy_assignment']) retrieved from /opt/airflow/dags/easy_goal.py
[2023-07-11T08:43:53.918+0000] {logging_mixin.py:149} INFO - [2023-07-11T08:43:53.916+0000] {dag.py:2726} INFO - Sync 1 DAGs
[2023-07-11T08:43:53.962+0000] {logging_mixin.py:149} INFO - [2023-07-11T08:43:53.961+0000] {dag.py:3490} INFO - Setting next_dagrun for easy_assignment to None, run_after=None
[2023-07-11T08:43:53.992+0000] {processor.py:179} INFO - Processing /opt/airflow/dags/easy_goal.py took 0.137 seconds
[2023-07-11T08:44:24.229+0000] {processor.py:157} INFO - Started process (PID=958) to work on /opt/airflow/dags/easy_goal.py
[2023-07-11T08:44:24.231+0000] {processor.py:826} INFO - Processing file /opt/airflow/dags/easy_goal.py for tasks to queue
[2023-07-11T08:44:24.232+0000] {logging_mixin.py:149} INFO - [2023-07-11T08:44:24.232+0000] {dagbag.py:541} INFO - Filling up the DagBag from /opt/airflow/dags/easy_goal.py
[2023-07-11T08:44:24.244+0000] {logging_mixin.py:149} INFO - 00000000000000000000000000000000000000000000000000000000000000000000000000000000000000000
[2023-07-11T08:44:24.250+0000] {processor.py:836} INFO - DAG(s) dict_keys(['easy_assignment']) retrieved from /opt/airflow/dags/easy_goal.py
[2023-07-11T08:44:24.303+0000] {logging_mixin.py:149} INFO - [2023-07-11T08:44:24.302+0000] {dag.py:2726} INFO - Sync 1 DAGs
[2023-07-11T08:44:24.348+0000] {logging_mixin.py:149} INFO - [2023-07-11T08:44:24.348+0000] {dag.py:3490} INFO - Setting next_dagrun for easy_assignment to None, run_after=None
[2023-07-11T08:44:24.384+0000] {processor.py:179} INFO - Processing /opt/airflow/dags/easy_goal.py took 0.163 seconds
[2023-07-11T08:44:54.427+0000] {processor.py:157} INFO - Started process (PID=968) to work on /opt/airflow/dags/easy_goal.py
[2023-07-11T08:44:54.430+0000] {processor.py:826} INFO - Processing file /opt/airflow/dags/easy_goal.py for tasks to queue
[2023-07-11T08:44:54.431+0000] {logging_mixin.py:149} INFO - [2023-07-11T08:44:54.431+0000] {dagbag.py:541} INFO - Filling up the DagBag from /opt/airflow/dags/easy_goal.py
[2023-07-11T08:44:54.443+0000] {logging_mixin.py:149} INFO - 00000000000000000000000000000000000000000000000000000000000000000000000000000000000000000
[2023-07-11T08:44:54.449+0000] {processor.py:836} INFO - DAG(s) dict_keys(['easy_assignment']) retrieved from /opt/airflow/dags/easy_goal.py
[2023-07-11T08:44:54.511+0000] {logging_mixin.py:149} INFO - [2023-07-11T08:44:54.510+0000] {dag.py:2726} INFO - Sync 1 DAGs
[2023-07-11T08:44:54.558+0000] {logging_mixin.py:149} INFO - [2023-07-11T08:44:54.558+0000] {dag.py:3490} INFO - Setting next_dagrun for easy_assignment to None, run_after=None
[2023-07-11T08:44:54.585+0000] {processor.py:179} INFO - Processing /opt/airflow/dags/easy_goal.py took 0.164 seconds
[2023-07-11T08:45:24.802+0000] {processor.py:157} INFO - Started process (PID=981) to work on /opt/airflow/dags/easy_goal.py
[2023-07-11T08:45:24.804+0000] {processor.py:826} INFO - Processing file /opt/airflow/dags/easy_goal.py for tasks to queue
[2023-07-11T08:45:24.805+0000] {logging_mixin.py:149} INFO - [2023-07-11T08:45:24.805+0000] {dagbag.py:541} INFO - Filling up the DagBag from /opt/airflow/dags/easy_goal.py
[2023-07-11T08:45:24.813+0000] {logging_mixin.py:149} INFO - 00000000000000000000000000000000000000000000000000000000000000000000000000000000000000000
[2023-07-11T08:45:24.817+0000] {processor.py:836} INFO - DAG(s) dict_keys(['easy_assignment']) retrieved from /opt/airflow/dags/easy_goal.py
[2023-07-11T08:45:24.861+0000] {logging_mixin.py:149} INFO - [2023-07-11T08:45:24.860+0000] {dag.py:2726} INFO - Sync 1 DAGs
[2023-07-11T08:45:24.910+0000] {logging_mixin.py:149} INFO - [2023-07-11T08:45:24.910+0000] {dag.py:3490} INFO - Setting next_dagrun for easy_assignment to None, run_after=None
[2023-07-11T08:45:24.942+0000] {processor.py:179} INFO - Processing /opt/airflow/dags/easy_goal.py took 0.145 seconds
[2023-07-11T08:45:55.150+0000] {processor.py:157} INFO - Started process (PID=990) to work on /opt/airflow/dags/easy_goal.py
[2023-07-11T08:45:55.151+0000] {processor.py:826} INFO - Processing file /opt/airflow/dags/easy_goal.py for tasks to queue
[2023-07-11T08:45:55.152+0000] {logging_mixin.py:149} INFO - [2023-07-11T08:45:55.152+0000] {dagbag.py:541} INFO - Filling up the DagBag from /opt/airflow/dags/easy_goal.py
[2023-07-11T08:45:55.162+0000] {logging_mixin.py:149} INFO - 00000000000000000000000000000000000000000000000000000000000000000000000000000000000000000
[2023-07-11T08:45:55.168+0000] {processor.py:836} INFO - DAG(s) dict_keys(['easy_assignment']) retrieved from /opt/airflow/dags/easy_goal.py
[2023-07-11T08:45:55.233+0000] {logging_mixin.py:149} INFO - [2023-07-11T08:45:55.231+0000] {dag.py:2726} INFO - Sync 1 DAGs
[2023-07-11T08:45:55.285+0000] {logging_mixin.py:149} INFO - [2023-07-11T08:45:55.285+0000] {dag.py:3490} INFO - Setting next_dagrun for easy_assignment to None, run_after=None
[2023-07-11T08:45:55.325+0000] {processor.py:179} INFO - Processing /opt/airflow/dags/easy_goal.py took 0.180 seconds
[2023-07-11T08:46:25.386+0000] {processor.py:157} INFO - Started process (PID=999) to work on /opt/airflow/dags/easy_goal.py
[2023-07-11T08:46:25.388+0000] {processor.py:826} INFO - Processing file /opt/airflow/dags/easy_goal.py for tasks to queue
[2023-07-11T08:46:25.390+0000] {logging_mixin.py:149} INFO - [2023-07-11T08:46:25.389+0000] {dagbag.py:541} INFO - Filling up the DagBag from /opt/airflow/dags/easy_goal.py
[2023-07-11T08:46:25.405+0000] {logging_mixin.py:149} INFO - 00000000000000000000000000000000000000000000000000000000000000000000000000000000000000000
[2023-07-11T08:46:25.412+0000] {processor.py:836} INFO - DAG(s) dict_keys(['easy_assignment']) retrieved from /opt/airflow/dags/easy_goal.py
[2023-07-11T08:46:25.472+0000] {logging_mixin.py:149} INFO - [2023-07-11T08:46:25.470+0000] {dag.py:2726} INFO - Sync 1 DAGs
[2023-07-11T08:46:25.516+0000] {logging_mixin.py:149} INFO - [2023-07-11T08:46:25.516+0000] {dag.py:3490} INFO - Setting next_dagrun for easy_assignment to None, run_after=None
[2023-07-11T08:46:25.548+0000] {processor.py:179} INFO - Processing /opt/airflow/dags/easy_goal.py took 0.169 seconds
[2023-07-11T08:46:55.710+0000] {processor.py:157} INFO - Started process (PID=1008) to work on /opt/airflow/dags/easy_goal.py
[2023-07-11T08:46:55.712+0000] {processor.py:826} INFO - Processing file /opt/airflow/dags/easy_goal.py for tasks to queue
[2023-07-11T08:46:55.714+0000] {logging_mixin.py:149} INFO - [2023-07-11T08:46:55.714+0000] {dagbag.py:541} INFO - Filling up the DagBag from /opt/airflow/dags/easy_goal.py
[2023-07-11T08:46:55.725+0000] {logging_mixin.py:149} INFO - 00000000000000000000000000000000000000000000000000000000000000000000000000000000000000000
[2023-07-11T08:46:55.733+0000] {processor.py:836} INFO - DAG(s) dict_keys(['easy_assignment']) retrieved from /opt/airflow/dags/easy_goal.py
[2023-07-11T08:46:55.781+0000] {logging_mixin.py:149} INFO - [2023-07-11T08:46:55.780+0000] {dag.py:2726} INFO - Sync 1 DAGs
[2023-07-11T08:46:55.816+0000] {logging_mixin.py:149} INFO - [2023-07-11T08:46:55.815+0000] {dag.py:3490} INFO - Setting next_dagrun for easy_assignment to None, run_after=None
[2023-07-11T08:46:55.844+0000] {processor.py:179} INFO - Processing /opt/airflow/dags/easy_goal.py took 0.139 seconds
[2023-07-11T08:47:26.114+0000] {processor.py:157} INFO - Started process (PID=1017) to work on /opt/airflow/dags/easy_goal.py
[2023-07-11T08:47:26.116+0000] {processor.py:826} INFO - Processing file /opt/airflow/dags/easy_goal.py for tasks to queue
[2023-07-11T08:47:26.117+0000] {logging_mixin.py:149} INFO - [2023-07-11T08:47:26.117+0000] {dagbag.py:541} INFO - Filling up the DagBag from /opt/airflow/dags/easy_goal.py
[2023-07-11T08:47:26.129+0000] {logging_mixin.py:149} INFO - 00000000000000000000000000000000000000000000000000000000000000000000000000000000000000000
[2023-07-11T08:47:26.133+0000] {processor.py:836} INFO - DAG(s) dict_keys(['easy_assignment']) retrieved from /opt/airflow/dags/easy_goal.py
[2023-07-11T08:47:26.196+0000] {logging_mixin.py:149} INFO - [2023-07-11T08:47:26.195+0000] {dag.py:2726} INFO - Sync 1 DAGs
[2023-07-11T08:47:26.241+0000] {logging_mixin.py:149} INFO - [2023-07-11T08:47:26.241+0000] {dag.py:3490} INFO - Setting next_dagrun for easy_assignment to None, run_after=None
[2023-07-11T08:47:26.269+0000] {processor.py:179} INFO - Processing /opt/airflow/dags/easy_goal.py took 0.162 seconds
[2023-07-11T08:47:56.479+0000] {processor.py:157} INFO - Started process (PID=1026) to work on /opt/airflow/dags/easy_goal.py
[2023-07-11T08:47:56.482+0000] {processor.py:826} INFO - Processing file /opt/airflow/dags/easy_goal.py for tasks to queue
[2023-07-11T08:47:56.483+0000] {logging_mixin.py:149} INFO - [2023-07-11T08:47:56.483+0000] {dagbag.py:541} INFO - Filling up the DagBag from /opt/airflow/dags/easy_goal.py
[2023-07-11T08:47:56.494+0000] {logging_mixin.py:149} INFO - 00000000000000000000000000000000000000000000000000000000000000000000000000000000000000000
[2023-07-11T08:47:56.500+0000] {processor.py:836} INFO - DAG(s) dict_keys(['easy_assignment']) retrieved from /opt/airflow/dags/easy_goal.py
[2023-07-11T08:47:56.550+0000] {logging_mixin.py:149} INFO - [2023-07-11T08:47:56.550+0000] {dag.py:2726} INFO - Sync 1 DAGs
[2023-07-11T08:47:56.590+0000] {logging_mixin.py:149} INFO - [2023-07-11T08:47:56.590+0000] {dag.py:3490} INFO - Setting next_dagrun for easy_assignment to None, run_after=None
[2023-07-11T08:47:56.612+0000] {processor.py:179} INFO - Processing /opt/airflow/dags/easy_goal.py took 0.138 seconds
[2023-07-11T08:48:26.813+0000] {processor.py:157} INFO - Started process (PID=1035) to work on /opt/airflow/dags/easy_goal.py
[2023-07-11T08:48:26.815+0000] {processor.py:826} INFO - Processing file /opt/airflow/dags/easy_goal.py for tasks to queue
[2023-07-11T08:48:26.816+0000] {logging_mixin.py:149} INFO - [2023-07-11T08:48:26.816+0000] {dagbag.py:541} INFO - Filling up the DagBag from /opt/airflow/dags/easy_goal.py
[2023-07-11T08:48:26.830+0000] {logging_mixin.py:149} INFO - 00000000000000000000000000000000000000000000000000000000000000000000000000000000000000000
[2023-07-11T08:48:26.836+0000] {processor.py:836} INFO - DAG(s) dict_keys(['easy_assignment']) retrieved from /opt/airflow/dags/easy_goal.py
[2023-07-11T08:48:26.885+0000] {logging_mixin.py:149} INFO - [2023-07-11T08:48:26.884+0000] {dag.py:2726} INFO - Sync 1 DAGs
[2023-07-11T08:48:26.936+0000] {logging_mixin.py:149} INFO - [2023-07-11T08:48:26.935+0000] {dag.py:3490} INFO - Setting next_dagrun for easy_assignment to None, run_after=None
[2023-07-11T08:48:26.974+0000] {processor.py:179} INFO - Processing /opt/airflow/dags/easy_goal.py took 0.167 seconds
[2023-07-11T08:48:57.145+0000] {processor.py:157} INFO - Started process (PID=1044) to work on /opt/airflow/dags/easy_goal.py
[2023-07-11T08:48:57.146+0000] {processor.py:826} INFO - Processing file /opt/airflow/dags/easy_goal.py for tasks to queue
[2023-07-11T08:48:57.147+0000] {logging_mixin.py:149} INFO - [2023-07-11T08:48:57.147+0000] {dagbag.py:541} INFO - Filling up the DagBag from /opt/airflow/dags/easy_goal.py
[2023-07-11T08:48:57.156+0000] {logging_mixin.py:149} INFO - 00000000000000000000000000000000000000000000000000000000000000000000000000000000000000000
[2023-07-11T08:48:57.161+0000] {processor.py:836} INFO - DAG(s) dict_keys(['easy_assignment']) retrieved from /opt/airflow/dags/easy_goal.py
[2023-07-11T08:48:57.207+0000] {logging_mixin.py:149} INFO - [2023-07-11T08:48:57.206+0000] {dag.py:2726} INFO - Sync 1 DAGs
[2023-07-11T08:48:57.247+0000] {logging_mixin.py:149} INFO - [2023-07-11T08:48:57.246+0000] {dag.py:3490} INFO - Setting next_dagrun for easy_assignment to None, run_after=None
[2023-07-11T08:48:57.273+0000] {processor.py:179} INFO - Processing /opt/airflow/dags/easy_goal.py took 0.133 seconds
[2023-07-11T08:49:27.463+0000] {processor.py:157} INFO - Started process (PID=1053) to work on /opt/airflow/dags/easy_goal.py
[2023-07-11T08:49:27.464+0000] {processor.py:826} INFO - Processing file /opt/airflow/dags/easy_goal.py for tasks to queue
[2023-07-11T08:49:27.465+0000] {logging_mixin.py:149} INFO - [2023-07-11T08:49:27.464+0000] {dagbag.py:541} INFO - Filling up the DagBag from /opt/airflow/dags/easy_goal.py
[2023-07-11T08:49:27.473+0000] {logging_mixin.py:149} INFO - 00000000000000000000000000000000000000000000000000000000000000000000000000000000000000000
[2023-07-11T08:49:27.478+0000] {processor.py:836} INFO - DAG(s) dict_keys(['easy_assignment']) retrieved from /opt/airflow/dags/easy_goal.py
[2023-07-11T08:49:27.517+0000] {logging_mixin.py:149} INFO - [2023-07-11T08:49:27.516+0000] {dag.py:2726} INFO - Sync 1 DAGs
[2023-07-11T08:49:27.555+0000] {logging_mixin.py:149} INFO - [2023-07-11T08:49:27.554+0000] {dag.py:3490} INFO - Setting next_dagrun for easy_assignment to None, run_after=None
[2023-07-11T08:49:27.580+0000] {processor.py:179} INFO - Processing /opt/airflow/dags/easy_goal.py took 0.122 seconds
[2023-07-11T08:49:57.670+0000] {processor.py:157} INFO - Started process (PID=1062) to work on /opt/airflow/dags/easy_goal.py
[2023-07-11T08:49:57.672+0000] {processor.py:826} INFO - Processing file /opt/airflow/dags/easy_goal.py for tasks to queue
[2023-07-11T08:49:57.673+0000] {logging_mixin.py:149} INFO - [2023-07-11T08:49:57.673+0000] {dagbag.py:541} INFO - Filling up the DagBag from /opt/airflow/dags/easy_goal.py
[2023-07-11T08:49:57.687+0000] {logging_mixin.py:149} INFO - 00000000000000000000000000000000000000000000000000000000000000000000000000000000000000000
[2023-07-11T08:49:57.693+0000] {processor.py:836} INFO - DAG(s) dict_keys(['easy_assignment']) retrieved from /opt/airflow/dags/easy_goal.py
[2023-07-11T08:49:57.752+0000] {logging_mixin.py:149} INFO - [2023-07-11T08:49:57.751+0000] {dag.py:2726} INFO - Sync 1 DAGs
[2023-07-11T08:49:57.811+0000] {logging_mixin.py:149} INFO - [2023-07-11T08:49:57.809+0000] {dag.py:3490} INFO - Setting next_dagrun for easy_assignment to None, run_after=None
[2023-07-11T08:49:57.858+0000] {processor.py:179} INFO - Processing /opt/airflow/dags/easy_goal.py took 0.195 seconds
[2023-07-11T08:50:28.020+0000] {processor.py:157} INFO - Started process (PID=1071) to work on /opt/airflow/dags/easy_goal.py
[2023-07-11T08:50:28.022+0000] {processor.py:826} INFO - Processing file /opt/airflow/dags/easy_goal.py for tasks to queue
[2023-07-11T08:50:28.023+0000] {logging_mixin.py:149} INFO - [2023-07-11T08:50:28.023+0000] {dagbag.py:541} INFO - Filling up the DagBag from /opt/airflow/dags/easy_goal.py
[2023-07-11T08:50:28.038+0000] {logging_mixin.py:149} INFO - 00000000000000000000000000000000000000000000000000000000000000000000000000000000000000000
[2023-07-11T08:50:28.045+0000] {processor.py:836} INFO - DAG(s) dict_keys(['easy_assignment']) retrieved from /opt/airflow/dags/easy_goal.py
[2023-07-11T08:50:28.100+0000] {logging_mixin.py:149} INFO - [2023-07-11T08:50:28.099+0000] {dag.py:2726} INFO - Sync 1 DAGs
[2023-07-11T08:50:28.151+0000] {logging_mixin.py:149} INFO - [2023-07-11T08:50:28.150+0000] {dag.py:3490} INFO - Setting next_dagrun for easy_assignment to None, run_after=None
[2023-07-11T08:50:28.183+0000] {processor.py:179} INFO - Processing /opt/airflow/dags/easy_goal.py took 0.169 seconds
[2023-07-11T08:50:58.376+0000] {processor.py:157} INFO - Started process (PID=1081) to work on /opt/airflow/dags/easy_goal.py
[2023-07-11T08:50:58.379+0000] {processor.py:826} INFO - Processing file /opt/airflow/dags/easy_goal.py for tasks to queue
[2023-07-11T08:50:58.381+0000] {logging_mixin.py:149} INFO - [2023-07-11T08:50:58.381+0000] {dagbag.py:541} INFO - Filling up the DagBag from /opt/airflow/dags/easy_goal.py
[2023-07-11T08:50:58.396+0000] {logging_mixin.py:149} INFO - 00000000000000000000000000000000000000000000000000000000000000000000000000000000000000000
[2023-07-11T08:50:58.402+0000] {processor.py:836} INFO - DAG(s) dict_keys(['easy_assignment']) retrieved from /opt/airflow/dags/easy_goal.py
[2023-07-11T08:50:58.456+0000] {logging_mixin.py:149} INFO - [2023-07-11T08:50:58.455+0000] {dag.py:2726} INFO - Sync 1 DAGs
[2023-07-11T08:50:58.507+0000] {logging_mixin.py:149} INFO - [2023-07-11T08:50:58.507+0000] {dag.py:3490} INFO - Setting next_dagrun for easy_assignment to None, run_after=None
[2023-07-11T08:50:58.538+0000] {processor.py:179} INFO - Processing /opt/airflow/dags/easy_goal.py took 0.171 seconds
[2023-07-11T08:51:28.760+0000] {processor.py:157} INFO - Started process (PID=1090) to work on /opt/airflow/dags/easy_goal.py
[2023-07-11T08:51:28.761+0000] {processor.py:826} INFO - Processing file /opt/airflow/dags/easy_goal.py for tasks to queue
[2023-07-11T08:51:28.763+0000] {logging_mixin.py:149} INFO - [2023-07-11T08:51:28.762+0000] {dagbag.py:541} INFO - Filling up the DagBag from /opt/airflow/dags/easy_goal.py
[2023-07-11T08:51:28.775+0000] {logging_mixin.py:149} INFO - 00000000000000000000000000000000000000000000000000000000000000000000000000000000000000000
[2023-07-11T08:51:28.782+0000] {processor.py:836} INFO - DAG(s) dict_keys(['easy_assignment']) retrieved from /opt/airflow/dags/easy_goal.py
[2023-07-11T08:51:28.853+0000] {logging_mixin.py:149} INFO - [2023-07-11T08:51:28.851+0000] {dag.py:2726} INFO - Sync 1 DAGs
[2023-07-11T08:51:28.914+0000] {logging_mixin.py:149} INFO - [2023-07-11T08:51:28.913+0000] {dag.py:3490} INFO - Setting next_dagrun for easy_assignment to None, run_after=None
[2023-07-11T08:51:28.957+0000] {processor.py:179} INFO - Processing /opt/airflow/dags/easy_goal.py took 0.204 seconds
[2023-07-11T08:51:59.150+0000] {processor.py:157} INFO - Started process (PID=1099) to work on /opt/airflow/dags/easy_goal.py
[2023-07-11T08:51:59.152+0000] {processor.py:826} INFO - Processing file /opt/airflow/dags/easy_goal.py for tasks to queue
[2023-07-11T08:51:59.153+0000] {logging_mixin.py:149} INFO - [2023-07-11T08:51:59.152+0000] {dagbag.py:541} INFO - Filling up the DagBag from /opt/airflow/dags/easy_goal.py
[2023-07-11T08:51:59.162+0000] {logging_mixin.py:149} INFO - 00000000000000000000000000000000000000000000000000000000000000000000000000000000000000000
[2023-07-11T08:51:59.167+0000] {processor.py:836} INFO - DAG(s) dict_keys(['easy_assignment']) retrieved from /opt/airflow/dags/easy_goal.py
[2023-07-11T08:51:59.215+0000] {logging_mixin.py:149} INFO - [2023-07-11T08:51:59.214+0000] {dag.py:2726} INFO - Sync 1 DAGs
[2023-07-11T08:51:59.264+0000] {logging_mixin.py:149} INFO - [2023-07-11T08:51:59.264+0000] {dag.py:3490} INFO - Setting next_dagrun for easy_assignment to None, run_after=None
[2023-07-11T08:51:59.291+0000] {processor.py:179} INFO - Processing /opt/airflow/dags/easy_goal.py took 0.147 seconds
