[2023-07-11T08:11:50.824+0000] {processor.py:157} INFO - Started process (PID=371) to work on /opt/airflow/dags/main_assignment.py
[2023-07-11T08:11:50.826+0000] {processor.py:826} INFO - Processing file /opt/airflow/dags/main_assignment.py for tasks to queue
[2023-07-11T08:11:50.827+0000] {logging_mixin.py:149} INFO - [2023-07-11T08:11:50.827+0000] {dagbag.py:541} INFO - Filling up the DagBag from /opt/airflow/dags/main_assignment.py
[2023-07-11T08:11:50.848+0000] {processor.py:836} INFO - DAG(s) dict_keys(['main_assignment']) retrieved from /opt/airflow/dags/main_assignment.py
[2023-07-11T08:11:51.403+0000] {logging_mixin.py:149} INFO - [2023-07-11T08:11:51.402+0000] {manager.py:504} INFO - Created Permission View: can delete on DAG:main_assignment
[2023-07-11T08:11:51.430+0000] {logging_mixin.py:149} INFO - [2023-07-11T08:11:51.430+0000] {manager.py:504} INFO - Created Permission View: can edit on DAG:main_assignment
[2023-07-11T08:11:51.453+0000] {logging_mixin.py:149} INFO - [2023-07-11T08:11:51.452+0000] {manager.py:504} INFO - Created Permission View: can read on DAG:main_assignment
[2023-07-11T08:11:51.485+0000] {logging_mixin.py:149} INFO - [2023-07-11T08:11:51.484+0000] {dag.py:2726} INFO - Sync 1 DAGs
[2023-07-11T08:11:51.507+0000] {logging_mixin.py:149} INFO - [2023-07-11T08:11:51.506+0000] {dag.py:2747} INFO - Creating ORM DAG for main_assignment
[2023-07-11T08:11:51.534+0000] {logging_mixin.py:149} INFO - [2023-07-11T08:11:51.534+0000] {dag.py:3490} INFO - Setting next_dagrun for main_assignment to None, run_after=None
[2023-07-11T08:11:51.574+0000] {processor.py:179} INFO - Processing /opt/airflow/dags/main_assignment.py took 0.759 seconds
[2023-07-11T08:12:21.819+0000] {processor.py:157} INFO - Started process (PID=380) to work on /opt/airflow/dags/main_assignment.py
[2023-07-11T08:12:21.820+0000] {processor.py:826} INFO - Processing file /opt/airflow/dags/main_assignment.py for tasks to queue
[2023-07-11T08:12:21.821+0000] {logging_mixin.py:149} INFO - [2023-07-11T08:12:21.821+0000] {dagbag.py:541} INFO - Filling up the DagBag from /opt/airflow/dags/main_assignment.py
[2023-07-11T08:12:21.833+0000] {processor.py:836} INFO - DAG(s) dict_keys(['main_assignment']) retrieved from /opt/airflow/dags/main_assignment.py
[2023-07-11T08:12:21.903+0000] {logging_mixin.py:149} INFO - [2023-07-11T08:12:21.902+0000] {dag.py:2726} INFO - Sync 1 DAGs
[2023-07-11T08:12:22.195+0000] {logging_mixin.py:149} INFO - [2023-07-11T08:12:22.194+0000] {dag.py:3490} INFO - Setting next_dagrun for main_assignment to None, run_after=None
[2023-07-11T08:12:22.242+0000] {processor.py:179} INFO - Processing /opt/airflow/dags/main_assignment.py took 0.432 seconds
[2023-07-11T08:12:52.512+0000] {processor.py:157} INFO - Started process (PID=390) to work on /opt/airflow/dags/main_assignment.py
[2023-07-11T08:12:52.514+0000] {processor.py:826} INFO - Processing file /opt/airflow/dags/main_assignment.py for tasks to queue
[2023-07-11T08:12:52.515+0000] {logging_mixin.py:149} INFO - [2023-07-11T08:12:52.515+0000] {dagbag.py:541} INFO - Filling up the DagBag from /opt/airflow/dags/main_assignment.py
[2023-07-11T08:12:52.531+0000] {processor.py:836} INFO - DAG(s) dict_keys(['main_assignment']) retrieved from /opt/airflow/dags/main_assignment.py
[2023-07-11T08:12:52.826+0000] {logging_mixin.py:149} INFO - [2023-07-11T08:12:52.592+0000] {dag.py:2726} INFO - Sync 1 DAGs
[2023-07-11T08:12:52.873+0000] {logging_mixin.py:149} INFO - [2023-07-11T08:12:52.873+0000] {dag.py:3490} INFO - Setting next_dagrun for main_assignment to None, run_after=None
[2023-07-11T08:12:52.908+0000] {processor.py:179} INFO - Processing /opt/airflow/dags/main_assignment.py took 0.403 seconds
[2023-07-11T08:13:23.070+0000] {processor.py:157} INFO - Started process (PID=399) to work on /opt/airflow/dags/main_assignment.py
[2023-07-11T08:13:23.071+0000] {processor.py:826} INFO - Processing file /opt/airflow/dags/main_assignment.py for tasks to queue
[2023-07-11T08:13:23.072+0000] {logging_mixin.py:149} INFO - [2023-07-11T08:13:23.072+0000] {dagbag.py:541} INFO - Filling up the DagBag from /opt/airflow/dags/main_assignment.py
[2023-07-11T08:13:23.088+0000] {processor.py:836} INFO - DAG(s) dict_keys(['main_assignment']) retrieved from /opt/airflow/dags/main_assignment.py
[2023-07-11T08:13:23.150+0000] {logging_mixin.py:149} INFO - [2023-07-11T08:13:23.149+0000] {dag.py:2726} INFO - Sync 1 DAGs
[2023-07-11T08:13:23.206+0000] {logging_mixin.py:149} INFO - [2023-07-11T08:13:23.205+0000] {dag.py:3490} INFO - Setting next_dagrun for main_assignment to None, run_after=None
[2023-07-11T08:13:23.246+0000] {processor.py:179} INFO - Processing /opt/airflow/dags/main_assignment.py took 0.183 seconds
[2023-07-11T08:13:53.408+0000] {processor.py:157} INFO - Started process (PID=408) to work on /opt/airflow/dags/main_assignment.py
[2023-07-11T08:13:53.409+0000] {processor.py:826} INFO - Processing file /opt/airflow/dags/main_assignment.py for tasks to queue
[2023-07-11T08:13:53.410+0000] {logging_mixin.py:149} INFO - [2023-07-11T08:13:53.410+0000] {dagbag.py:541} INFO - Filling up the DagBag from /opt/airflow/dags/main_assignment.py
[2023-07-11T08:13:53.421+0000] {processor.py:836} INFO - DAG(s) dict_keys(['main_assignment']) retrieved from /opt/airflow/dags/main_assignment.py
[2023-07-11T08:13:53.471+0000] {logging_mixin.py:149} INFO - [2023-07-11T08:13:53.469+0000] {dag.py:2726} INFO - Sync 1 DAGs
[2023-07-11T08:13:53.521+0000] {logging_mixin.py:149} INFO - [2023-07-11T08:13:53.520+0000] {dag.py:3490} INFO - Setting next_dagrun for main_assignment to None, run_after=None
[2023-07-11T08:13:53.759+0000] {processor.py:179} INFO - Processing /opt/airflow/dags/main_assignment.py took 0.356 seconds
[2023-07-11T08:14:23.915+0000] {processor.py:157} INFO - Started process (PID=418) to work on /opt/airflow/dags/main_assignment.py
[2023-07-11T08:14:23.917+0000] {processor.py:826} INFO - Processing file /opt/airflow/dags/main_assignment.py for tasks to queue
[2023-07-11T08:14:23.918+0000] {logging_mixin.py:149} INFO - [2023-07-11T08:14:23.918+0000] {dagbag.py:541} INFO - Filling up the DagBag from /opt/airflow/dags/main_assignment.py
[2023-07-11T08:14:23.928+0000] {processor.py:836} INFO - DAG(s) dict_keys(['main_assignment']) retrieved from /opt/airflow/dags/main_assignment.py
[2023-07-11T08:14:23.997+0000] {logging_mixin.py:149} INFO - [2023-07-11T08:14:23.996+0000] {dag.py:2726} INFO - Sync 1 DAGs
[2023-07-11T08:14:24.242+0000] {logging_mixin.py:149} INFO - [2023-07-11T08:14:24.242+0000] {dag.py:3490} INFO - Setting next_dagrun for main_assignment to None, run_after=None
[2023-07-11T08:14:24.275+0000] {processor.py:179} INFO - Processing /opt/airflow/dags/main_assignment.py took 0.364 seconds
[2023-07-11T08:14:54.464+0000] {processor.py:157} INFO - Started process (PID=427) to work on /opt/airflow/dags/main_assignment.py
[2023-07-11T08:14:54.465+0000] {processor.py:826} INFO - Processing file /opt/airflow/dags/main_assignment.py for tasks to queue
[2023-07-11T08:14:54.466+0000] {logging_mixin.py:149} INFO - [2023-07-11T08:14:54.465+0000] {dagbag.py:541} INFO - Filling up the DagBag from /opt/airflow/dags/main_assignment.py
[2023-07-11T08:14:54.476+0000] {processor.py:836} INFO - DAG(s) dict_keys(['main_assignment']) retrieved from /opt/airflow/dags/main_assignment.py
[2023-07-11T08:14:54.730+0000] {logging_mixin.py:149} INFO - [2023-07-11T08:14:54.525+0000] {dag.py:2726} INFO - Sync 1 DAGs
[2023-07-11T08:14:54.773+0000] {logging_mixin.py:149} INFO - [2023-07-11T08:14:54.773+0000] {dag.py:3490} INFO - Setting next_dagrun for main_assignment to None, run_after=None
[2023-07-11T08:14:54.800+0000] {processor.py:179} INFO - Processing /opt/airflow/dags/main_assignment.py took 0.340 seconds
[2023-07-11T08:15:25.106+0000] {processor.py:157} INFO - Started process (PID=436) to work on /opt/airflow/dags/main_assignment.py
[2023-07-11T08:15:25.107+0000] {processor.py:826} INFO - Processing file /opt/airflow/dags/main_assignment.py for tasks to queue
[2023-07-11T08:15:25.108+0000] {logging_mixin.py:149} INFO - [2023-07-11T08:15:25.108+0000] {dagbag.py:541} INFO - Filling up the DagBag from /opt/airflow/dags/main_assignment.py
[2023-07-11T08:15:25.119+0000] {processor.py:836} INFO - DAG(s) dict_keys(['main_assignment']) retrieved from /opt/airflow/dags/main_assignment.py
[2023-07-11T08:15:25.344+0000] {logging_mixin.py:149} INFO - [2023-07-11T08:15:25.343+0000] {dag.py:2726} INFO - Sync 1 DAGs
[2023-07-11T08:15:25.382+0000] {logging_mixin.py:149} INFO - [2023-07-11T08:15:25.382+0000] {dag.py:3490} INFO - Setting next_dagrun for main_assignment to None, run_after=None
[2023-07-11T08:15:25.412+0000] {processor.py:179} INFO - Processing /opt/airflow/dags/main_assignment.py took 0.311 seconds
[2023-07-11T08:15:55.688+0000] {processor.py:157} INFO - Started process (PID=445) to work on /opt/airflow/dags/main_assignment.py
[2023-07-11T08:15:55.689+0000] {processor.py:826} INFO - Processing file /opt/airflow/dags/main_assignment.py for tasks to queue
[2023-07-11T08:15:55.690+0000] {logging_mixin.py:149} INFO - [2023-07-11T08:15:55.689+0000] {dagbag.py:541} INFO - Filling up the DagBag from /opt/airflow/dags/main_assignment.py
[2023-07-11T08:15:55.704+0000] {processor.py:836} INFO - DAG(s) dict_keys(['main_assignment']) retrieved from /opt/airflow/dags/main_assignment.py
[2023-07-11T08:15:55.759+0000] {logging_mixin.py:149} INFO - [2023-07-11T08:15:55.758+0000] {dag.py:2726} INFO - Sync 1 DAGs
[2023-07-11T08:15:55.805+0000] {logging_mixin.py:149} INFO - [2023-07-11T08:15:55.805+0000] {dag.py:3490} INFO - Setting next_dagrun for main_assignment to None, run_after=None
[2023-07-11T08:15:55.839+0000] {processor.py:179} INFO - Processing /opt/airflow/dags/main_assignment.py took 0.161 seconds
[2023-07-11T08:16:26.048+0000] {processor.py:157} INFO - Started process (PID=454) to work on /opt/airflow/dags/main_assignment.py
[2023-07-11T08:16:26.049+0000] {processor.py:826} INFO - Processing file /opt/airflow/dags/main_assignment.py for tasks to queue
[2023-07-11T08:16:26.050+0000] {logging_mixin.py:149} INFO - [2023-07-11T08:16:26.050+0000] {dagbag.py:541} INFO - Filling up the DagBag from /opt/airflow/dags/main_assignment.py
[2023-07-11T08:16:26.063+0000] {processor.py:836} INFO - DAG(s) dict_keys(['main_assignment']) retrieved from /opt/airflow/dags/main_assignment.py
[2023-07-11T08:16:26.109+0000] {logging_mixin.py:149} INFO - [2023-07-11T08:16:26.108+0000] {dag.py:2726} INFO - Sync 1 DAGs
[2023-07-11T08:16:26.326+0000] {logging_mixin.py:149} INFO - [2023-07-11T08:16:26.326+0000] {dag.py:3490} INFO - Setting next_dagrun for main_assignment to None, run_after=None
[2023-07-11T08:16:26.352+0000] {processor.py:179} INFO - Processing /opt/airflow/dags/main_assignment.py took 0.310 seconds
[2023-07-11T08:16:56.566+0000] {processor.py:157} INFO - Started process (PID=463) to work on /opt/airflow/dags/main_assignment.py
[2023-07-11T08:16:56.567+0000] {processor.py:826} INFO - Processing file /opt/airflow/dags/main_assignment.py for tasks to queue
[2023-07-11T08:16:56.567+0000] {logging_mixin.py:149} INFO - [2023-07-11T08:16:56.567+0000] {dagbag.py:541} INFO - Filling up the DagBag from /opt/airflow/dags/main_assignment.py
[2023-07-11T08:16:56.578+0000] {processor.py:836} INFO - DAG(s) dict_keys(['main_assignment']) retrieved from /opt/airflow/dags/main_assignment.py
[2023-07-11T08:16:56.621+0000] {logging_mixin.py:149} INFO - [2023-07-11T08:16:56.620+0000] {dag.py:2726} INFO - Sync 1 DAGs
[2023-07-11T08:16:56.827+0000] {logging_mixin.py:149} INFO - [2023-07-11T08:16:56.826+0000] {dag.py:3490} INFO - Setting next_dagrun for main_assignment to None, run_after=None
[2023-07-11T08:16:56.854+0000] {processor.py:179} INFO - Processing /opt/airflow/dags/main_assignment.py took 0.293 seconds
[2023-07-11T08:17:27.069+0000] {processor.py:157} INFO - Started process (PID=472) to work on /opt/airflow/dags/main_assignment.py
[2023-07-11T08:17:27.087+0000] {processor.py:826} INFO - Processing file /opt/airflow/dags/main_assignment.py for tasks to queue
[2023-07-11T08:17:27.088+0000] {logging_mixin.py:149} INFO - [2023-07-11T08:17:27.088+0000] {dagbag.py:541} INFO - Filling up the DagBag from /opt/airflow/dags/main_assignment.py
[2023-07-11T08:17:27.104+0000] {processor.py:836} INFO - DAG(s) dict_keys(['main_assignment']) retrieved from /opt/airflow/dags/main_assignment.py
[2023-07-11T08:17:27.357+0000] {logging_mixin.py:149} INFO - [2023-07-11T08:17:27.356+0000] {dag.py:2726} INFO - Sync 1 DAGs
[2023-07-11T08:17:27.400+0000] {logging_mixin.py:149} INFO - [2023-07-11T08:17:27.400+0000] {dag.py:3490} INFO - Setting next_dagrun for main_assignment to None, run_after=None
[2023-07-11T08:17:27.431+0000] {processor.py:179} INFO - Processing /opt/airflow/dags/main_assignment.py took 0.368 seconds
[2023-07-11T08:17:35.479+0000] {processor.py:157} INFO - Started process (PID=473) to work on /opt/airflow/dags/main_assignment.py
[2023-07-11T08:17:35.480+0000] {processor.py:826} INFO - Processing file /opt/airflow/dags/main_assignment.py for tasks to queue
[2023-07-11T08:17:35.481+0000] {logging_mixin.py:149} INFO - [2023-07-11T08:17:35.481+0000] {dagbag.py:541} INFO - Filling up the DagBag from /opt/airflow/dags/main_assignment.py
[2023-07-11T08:17:35.493+0000] {processor.py:836} INFO - DAG(s) dict_keys(['main_assignment']) retrieved from /opt/airflow/dags/main_assignment.py
[2023-07-11T08:17:35.733+0000] {logging_mixin.py:149} INFO - [2023-07-11T08:17:35.732+0000] {dag.py:2726} INFO - Sync 1 DAGs
[2023-07-11T08:17:35.776+0000] {logging_mixin.py:149} INFO - [2023-07-11T08:17:35.776+0000] {dag.py:3490} INFO - Setting next_dagrun for main_assignment to None, run_after=None
[2023-07-11T08:17:35.803+0000] {processor.py:179} INFO - Processing /opt/airflow/dags/main_assignment.py took 0.329 seconds
[2023-07-11T08:18:06.048+0000] {processor.py:157} INFO - Started process (PID=482) to work on /opt/airflow/dags/main_assignment.py
[2023-07-11T08:18:06.051+0000] {processor.py:826} INFO - Processing file /opt/airflow/dags/main_assignment.py for tasks to queue
[2023-07-11T08:18:06.053+0000] {logging_mixin.py:149} INFO - [2023-07-11T08:18:06.052+0000] {dagbag.py:541} INFO - Filling up the DagBag from /opt/airflow/dags/main_assignment.py
[2023-07-11T08:18:06.074+0000] {processor.py:836} INFO - DAG(s) dict_keys(['main_assignment']) retrieved from /opt/airflow/dags/main_assignment.py
[2023-07-11T08:18:06.401+0000] {logging_mixin.py:149} INFO - [2023-07-11T08:18:06.400+0000] {dag.py:2726} INFO - Sync 1 DAGs
[2023-07-11T08:18:06.448+0000] {logging_mixin.py:149} INFO - [2023-07-11T08:18:06.448+0000] {dag.py:3490} INFO - Setting next_dagrun for main_assignment to None, run_after=None
[2023-07-11T08:18:06.480+0000] {processor.py:179} INFO - Processing /opt/airflow/dags/main_assignment.py took 0.442 seconds
[2023-07-11T08:18:36.718+0000] {processor.py:157} INFO - Started process (PID=491) to work on /opt/airflow/dags/main_assignment.py
[2023-07-11T08:18:36.719+0000] {processor.py:826} INFO - Processing file /opt/airflow/dags/main_assignment.py for tasks to queue
[2023-07-11T08:18:36.720+0000] {logging_mixin.py:149} INFO - [2023-07-11T08:18:36.720+0000] {dagbag.py:541} INFO - Filling up the DagBag from /opt/airflow/dags/main_assignment.py
[2023-07-11T08:18:36.731+0000] {processor.py:836} INFO - DAG(s) dict_keys(['main_assignment']) retrieved from /opt/airflow/dags/main_assignment.py
[2023-07-11T08:18:36.774+0000] {logging_mixin.py:149} INFO - [2023-07-11T08:18:36.773+0000] {dag.py:2726} INFO - Sync 1 DAGs
[2023-07-11T08:18:36.812+0000] {logging_mixin.py:149} INFO - [2023-07-11T08:18:36.812+0000] {dag.py:3490} INFO - Setting next_dagrun for main_assignment to None, run_after=None
[2023-07-11T08:18:36.836+0000] {processor.py:179} INFO - Processing /opt/airflow/dags/main_assignment.py took 0.122 seconds
[2023-07-11T08:19:07.055+0000] {processor.py:157} INFO - Started process (PID=500) to work on /opt/airflow/dags/main_assignment.py
[2023-07-11T08:19:07.057+0000] {processor.py:826} INFO - Processing file /opt/airflow/dags/main_assignment.py for tasks to queue
[2023-07-11T08:19:07.058+0000] {logging_mixin.py:149} INFO - [2023-07-11T08:19:07.058+0000] {dagbag.py:541} INFO - Filling up the DagBag from /opt/airflow/dags/main_assignment.py
[2023-07-11T08:19:07.074+0000] {processor.py:836} INFO - DAG(s) dict_keys(['main_assignment']) retrieved from /opt/airflow/dags/main_assignment.py
[2023-07-11T08:19:07.123+0000] {logging_mixin.py:149} INFO - [2023-07-11T08:19:07.123+0000] {dag.py:2726} INFO - Sync 1 DAGs
[2023-07-11T08:19:07.175+0000] {logging_mixin.py:149} INFO - [2023-07-11T08:19:07.175+0000] {dag.py:3490} INFO - Setting next_dagrun for main_assignment to None, run_after=None
[2023-07-11T08:19:07.207+0000] {processor.py:179} INFO - Processing /opt/airflow/dags/main_assignment.py took 0.158 seconds
[2023-07-11T08:19:37.266+0000] {processor.py:157} INFO - Started process (PID=514) to work on /opt/airflow/dags/main_assignment.py
[2023-07-11T08:19:37.267+0000] {processor.py:826} INFO - Processing file /opt/airflow/dags/main_assignment.py for tasks to queue
[2023-07-11T08:19:37.270+0000] {logging_mixin.py:149} INFO - [2023-07-11T08:19:37.269+0000] {dagbag.py:541} INFO - Filling up the DagBag from /opt/airflow/dags/main_assignment.py
[2023-07-11T08:19:37.287+0000] {processor.py:836} INFO - DAG(s) dict_keys(['main_assignment']) retrieved from /opt/airflow/dags/main_assignment.py
[2023-07-11T08:19:37.339+0000] {logging_mixin.py:149} INFO - [2023-07-11T08:19:37.338+0000] {dag.py:2726} INFO - Sync 1 DAGs
[2023-07-11T08:19:37.379+0000] {logging_mixin.py:149} INFO - [2023-07-11T08:19:37.379+0000] {dag.py:3490} INFO - Setting next_dagrun for main_assignment to None, run_after=None
[2023-07-11T08:19:37.415+0000] {processor.py:179} INFO - Processing /opt/airflow/dags/main_assignment.py took 0.155 seconds
[2023-07-11T08:20:07.620+0000] {processor.py:157} INFO - Started process (PID=522) to work on /opt/airflow/dags/main_assignment.py
[2023-07-11T08:20:07.621+0000] {processor.py:826} INFO - Processing file /opt/airflow/dags/main_assignment.py for tasks to queue
[2023-07-11T08:20:07.622+0000] {logging_mixin.py:149} INFO - [2023-07-11T08:20:07.621+0000] {dagbag.py:541} INFO - Filling up the DagBag from /opt/airflow/dags/main_assignment.py
[2023-07-11T08:20:07.637+0000] {processor.py:836} INFO - DAG(s) dict_keys(['main_assignment']) retrieved from /opt/airflow/dags/main_assignment.py
[2023-07-11T08:20:07.683+0000] {logging_mixin.py:149} INFO - [2023-07-11T08:20:07.682+0000] {dag.py:2726} INFO - Sync 1 DAGs
[2023-07-11T08:20:07.721+0000] {logging_mixin.py:149} INFO - [2023-07-11T08:20:07.720+0000] {dag.py:3490} INFO - Setting next_dagrun for main_assignment to None, run_after=None
[2023-07-11T08:20:07.756+0000] {processor.py:179} INFO - Processing /opt/airflow/dags/main_assignment.py took 0.141 seconds
[2023-07-11T08:20:37.964+0000] {processor.py:157} INFO - Started process (PID=530) to work on /opt/airflow/dags/main_assignment.py
[2023-07-11T08:20:37.966+0000] {processor.py:826} INFO - Processing file /opt/airflow/dags/main_assignment.py for tasks to queue
[2023-07-11T08:20:37.968+0000] {logging_mixin.py:149} INFO - [2023-07-11T08:20:37.968+0000] {dagbag.py:541} INFO - Filling up the DagBag from /opt/airflow/dags/main_assignment.py
[2023-07-11T08:20:37.986+0000] {processor.py:836} INFO - DAG(s) dict_keys(['main_assignment']) retrieved from /opt/airflow/dags/main_assignment.py
[2023-07-11T08:20:38.042+0000] {logging_mixin.py:149} INFO - [2023-07-11T08:20:38.042+0000] {dag.py:2726} INFO - Sync 1 DAGs
[2023-07-11T08:20:38.091+0000] {logging_mixin.py:149} INFO - [2023-07-11T08:20:38.091+0000] {dag.py:3490} INFO - Setting next_dagrun for main_assignment to None, run_after=None
[2023-07-11T08:20:38.124+0000] {processor.py:179} INFO - Processing /opt/airflow/dags/main_assignment.py took 0.167 seconds
[2023-07-11T08:21:08.359+0000] {processor.py:157} INFO - Started process (PID=538) to work on /opt/airflow/dags/main_assignment.py
[2023-07-11T08:21:08.361+0000] {processor.py:826} INFO - Processing file /opt/airflow/dags/main_assignment.py for tasks to queue
[2023-07-11T08:21:08.363+0000] {logging_mixin.py:149} INFO - [2023-07-11T08:21:08.362+0000] {dagbag.py:541} INFO - Filling up the DagBag from /opt/airflow/dags/main_assignment.py
[2023-07-11T08:21:08.391+0000] {processor.py:836} INFO - DAG(s) dict_keys(['main_assignment']) retrieved from /opt/airflow/dags/main_assignment.py
[2023-07-11T08:21:08.495+0000] {logging_mixin.py:149} INFO - [2023-07-11T08:21:08.494+0000] {dag.py:2726} INFO - Sync 1 DAGs
[2023-07-11T08:21:08.546+0000] {logging_mixin.py:149} INFO - [2023-07-11T08:21:08.546+0000] {dag.py:3490} INFO - Setting next_dagrun for main_assignment to None, run_after=None
[2023-07-11T08:21:08.577+0000] {processor.py:179} INFO - Processing /opt/airflow/dags/main_assignment.py took 0.228 seconds
[2023-07-11T08:21:38.711+0000] {processor.py:157} INFO - Started process (PID=548) to work on /opt/airflow/dags/main_assignment.py
[2023-07-11T08:21:38.713+0000] {processor.py:826} INFO - Processing file /opt/airflow/dags/main_assignment.py for tasks to queue
[2023-07-11T08:21:38.714+0000] {logging_mixin.py:149} INFO - [2023-07-11T08:21:38.714+0000] {dagbag.py:541} INFO - Filling up the DagBag from /opt/airflow/dags/main_assignment.py
[2023-07-11T08:21:38.732+0000] {processor.py:836} INFO - DAG(s) dict_keys(['main_assignment']) retrieved from /opt/airflow/dags/main_assignment.py
[2023-07-11T08:21:38.804+0000] {logging_mixin.py:149} INFO - [2023-07-11T08:21:38.803+0000] {dag.py:2726} INFO - Sync 1 DAGs
[2023-07-11T08:21:38.857+0000] {logging_mixin.py:149} INFO - [2023-07-11T08:21:38.857+0000] {dag.py:3490} INFO - Setting next_dagrun for main_assignment to None, run_after=None
[2023-07-11T08:21:38.900+0000] {processor.py:179} INFO - Processing /opt/airflow/dags/main_assignment.py took 0.195 seconds
[2023-07-11T08:22:09.160+0000] {processor.py:157} INFO - Started process (PID=557) to work on /opt/airflow/dags/main_assignment.py
[2023-07-11T08:22:09.162+0000] {processor.py:826} INFO - Processing file /opt/airflow/dags/main_assignment.py for tasks to queue
[2023-07-11T08:22:09.163+0000] {logging_mixin.py:149} INFO - [2023-07-11T08:22:09.163+0000] {dagbag.py:541} INFO - Filling up the DagBag from /opt/airflow/dags/main_assignment.py
[2023-07-11T08:22:09.174+0000] {processor.py:836} INFO - DAG(s) dict_keys(['main_assignment']) retrieved from /opt/airflow/dags/main_assignment.py
[2023-07-11T08:22:09.228+0000] {logging_mixin.py:149} INFO - [2023-07-11T08:22:09.228+0000] {dag.py:2726} INFO - Sync 1 DAGs
[2023-07-11T08:22:09.272+0000] {logging_mixin.py:149} INFO - [2023-07-11T08:22:09.272+0000] {dag.py:3490} INFO - Setting next_dagrun for main_assignment to None, run_after=None
[2023-07-11T08:22:09.301+0000] {processor.py:179} INFO - Processing /opt/airflow/dags/main_assignment.py took 0.145 seconds
[2023-07-11T08:22:39.521+0000] {processor.py:157} INFO - Started process (PID=566) to work on /opt/airflow/dags/main_assignment.py
[2023-07-11T08:22:39.523+0000] {processor.py:826} INFO - Processing file /opt/airflow/dags/main_assignment.py for tasks to queue
[2023-07-11T08:22:39.525+0000] {logging_mixin.py:149} INFO - [2023-07-11T08:22:39.524+0000] {dagbag.py:541} INFO - Filling up the DagBag from /opt/airflow/dags/main_assignment.py
[2023-07-11T08:22:39.541+0000] {processor.py:836} INFO - DAG(s) dict_keys(['main_assignment']) retrieved from /opt/airflow/dags/main_assignment.py
[2023-07-11T08:22:39.604+0000] {logging_mixin.py:149} INFO - [2023-07-11T08:22:39.603+0000] {dag.py:2726} INFO - Sync 1 DAGs
[2023-07-11T08:22:39.646+0000] {logging_mixin.py:149} INFO - [2023-07-11T08:22:39.646+0000] {dag.py:3490} INFO - Setting next_dagrun for main_assignment to None, run_after=None
[2023-07-11T08:22:39.680+0000] {processor.py:179} INFO - Processing /opt/airflow/dags/main_assignment.py took 0.166 seconds
[2023-07-11T08:23:09.903+0000] {processor.py:157} INFO - Started process (PID=576) to work on /opt/airflow/dags/main_assignment.py
[2023-07-11T08:23:09.905+0000] {processor.py:826} INFO - Processing file /opt/airflow/dags/main_assignment.py for tasks to queue
[2023-07-11T08:23:09.906+0000] {logging_mixin.py:149} INFO - [2023-07-11T08:23:09.906+0000] {dagbag.py:541} INFO - Filling up the DagBag from /opt/airflow/dags/main_assignment.py
[2023-07-11T08:23:09.923+0000] {processor.py:836} INFO - DAG(s) dict_keys(['main_assignment']) retrieved from /opt/airflow/dags/main_assignment.py
[2023-07-11T08:23:09.987+0000] {logging_mixin.py:149} INFO - [2023-07-11T08:23:09.986+0000] {dag.py:2726} INFO - Sync 1 DAGs
[2023-07-11T08:23:10.038+0000] {logging_mixin.py:149} INFO - [2023-07-11T08:23:10.038+0000] {dag.py:3490} INFO - Setting next_dagrun for main_assignment to None, run_after=None
[2023-07-11T08:23:10.078+0000] {processor.py:179} INFO - Processing /opt/airflow/dags/main_assignment.py took 0.184 seconds
[2023-07-11T08:23:40.137+0000] {processor.py:157} INFO - Started process (PID=586) to work on /opt/airflow/dags/main_assignment.py
[2023-07-11T08:23:40.139+0000] {processor.py:826} INFO - Processing file /opt/airflow/dags/main_assignment.py for tasks to queue
[2023-07-11T08:23:40.140+0000] {logging_mixin.py:149} INFO - [2023-07-11T08:23:40.140+0000] {dagbag.py:541} INFO - Filling up the DagBag from /opt/airflow/dags/main_assignment.py
[2023-07-11T08:23:40.153+0000] {processor.py:836} INFO - DAG(s) dict_keys(['main_assignment']) retrieved from /opt/airflow/dags/main_assignment.py
[2023-07-11T08:23:40.207+0000] {logging_mixin.py:149} INFO - [2023-07-11T08:23:40.206+0000] {dag.py:2726} INFO - Sync 1 DAGs
[2023-07-11T08:23:40.256+0000] {logging_mixin.py:149} INFO - [2023-07-11T08:23:40.255+0000] {dag.py:3490} INFO - Setting next_dagrun for main_assignment to None, run_after=None
[2023-07-11T08:23:40.287+0000] {processor.py:179} INFO - Processing /opt/airflow/dags/main_assignment.py took 0.155 seconds
[2023-07-11T08:24:10.535+0000] {processor.py:157} INFO - Started process (PID=595) to work on /opt/airflow/dags/main_assignment.py
[2023-07-11T08:24:10.539+0000] {processor.py:826} INFO - Processing file /opt/airflow/dags/main_assignment.py for tasks to queue
[2023-07-11T08:24:10.541+0000] {logging_mixin.py:149} INFO - [2023-07-11T08:24:10.540+0000] {dagbag.py:541} INFO - Filling up the DagBag from /opt/airflow/dags/main_assignment.py
[2023-07-11T08:24:10.564+0000] {processor.py:836} INFO - DAG(s) dict_keys(['main_assignment']) retrieved from /opt/airflow/dags/main_assignment.py
[2023-07-11T08:24:10.631+0000] {logging_mixin.py:149} INFO - [2023-07-11T08:24:10.630+0000] {dag.py:2726} INFO - Sync 1 DAGs
[2023-07-11T08:24:10.674+0000] {logging_mixin.py:149} INFO - [2023-07-11T08:24:10.674+0000] {dag.py:3490} INFO - Setting next_dagrun for main_assignment to None, run_after=None
[2023-07-11T08:24:10.701+0000] {processor.py:179} INFO - Processing /opt/airflow/dags/main_assignment.py took 0.186 seconds
[2023-07-11T08:24:40.911+0000] {processor.py:157} INFO - Started process (PID=604) to work on /opt/airflow/dags/main_assignment.py
[2023-07-11T08:24:40.912+0000] {processor.py:826} INFO - Processing file /opt/airflow/dags/main_assignment.py for tasks to queue
[2023-07-11T08:24:40.914+0000] {logging_mixin.py:149} INFO - [2023-07-11T08:24:40.913+0000] {dagbag.py:541} INFO - Filling up the DagBag from /opt/airflow/dags/main_assignment.py
[2023-07-11T08:24:40.930+0000] {processor.py:836} INFO - DAG(s) dict_keys(['main_assignment']) retrieved from /opt/airflow/dags/main_assignment.py
[2023-07-11T08:24:40.991+0000] {logging_mixin.py:149} INFO - [2023-07-11T08:24:40.990+0000] {dag.py:2726} INFO - Sync 1 DAGs
[2023-07-11T08:24:41.041+0000] {logging_mixin.py:149} INFO - [2023-07-11T08:24:41.041+0000] {dag.py:3490} INFO - Setting next_dagrun for main_assignment to None, run_after=None
[2023-07-11T08:24:41.084+0000] {processor.py:179} INFO - Processing /opt/airflow/dags/main_assignment.py took 0.180 seconds
[2023-07-11T08:25:11.298+0000] {processor.py:157} INFO - Started process (PID=613) to work on /opt/airflow/dags/main_assignment.py
[2023-07-11T08:25:11.300+0000] {processor.py:826} INFO - Processing file /opt/airflow/dags/main_assignment.py for tasks to queue
[2023-07-11T08:25:11.301+0000] {logging_mixin.py:149} INFO - [2023-07-11T08:25:11.301+0000] {dagbag.py:541} INFO - Filling up the DagBag from /opt/airflow/dags/main_assignment.py
[2023-07-11T08:25:11.313+0000] {processor.py:836} INFO - DAG(s) dict_keys(['main_assignment']) retrieved from /opt/airflow/dags/main_assignment.py
[2023-07-11T08:25:11.355+0000] {logging_mixin.py:149} INFO - [2023-07-11T08:25:11.354+0000] {dag.py:2726} INFO - Sync 1 DAGs
[2023-07-11T08:25:11.393+0000] {logging_mixin.py:149} INFO - [2023-07-11T08:25:11.393+0000] {dag.py:3490} INFO - Setting next_dagrun for main_assignment to None, run_after=None
[2023-07-11T08:25:11.420+0000] {processor.py:179} INFO - Processing /opt/airflow/dags/main_assignment.py took 0.126 seconds
[2023-07-11T08:25:41.637+0000] {processor.py:157} INFO - Started process (PID=622) to work on /opt/airflow/dags/main_assignment.py
[2023-07-11T08:25:41.638+0000] {processor.py:826} INFO - Processing file /opt/airflow/dags/main_assignment.py for tasks to queue
[2023-07-11T08:25:41.639+0000] {logging_mixin.py:149} INFO - [2023-07-11T08:25:41.639+0000] {dagbag.py:541} INFO - Filling up the DagBag from /opt/airflow/dags/main_assignment.py
[2023-07-11T08:25:41.650+0000] {processor.py:836} INFO - DAG(s) dict_keys(['main_assignment']) retrieved from /opt/airflow/dags/main_assignment.py
[2023-07-11T08:25:41.702+0000] {logging_mixin.py:149} INFO - [2023-07-11T08:25:41.701+0000] {dag.py:2726} INFO - Sync 1 DAGs
[2023-07-11T08:25:41.747+0000] {logging_mixin.py:149} INFO - [2023-07-11T08:25:41.746+0000] {dag.py:3490} INFO - Setting next_dagrun for main_assignment to None, run_after=None
[2023-07-11T08:25:41.777+0000] {processor.py:179} INFO - Processing /opt/airflow/dags/main_assignment.py took 0.148 seconds
[2023-07-11T08:26:11.991+0000] {processor.py:157} INFO - Started process (PID=631) to work on /opt/airflow/dags/main_assignment.py
[2023-07-11T08:26:11.993+0000] {processor.py:826} INFO - Processing file /opt/airflow/dags/main_assignment.py for tasks to queue
[2023-07-11T08:26:11.995+0000] {logging_mixin.py:149} INFO - [2023-07-11T08:26:11.994+0000] {dagbag.py:541} INFO - Filling up the DagBag from /opt/airflow/dags/main_assignment.py
[2023-07-11T08:26:12.014+0000] {processor.py:836} INFO - DAG(s) dict_keys(['main_assignment']) retrieved from /opt/airflow/dags/main_assignment.py
[2023-07-11T08:26:12.079+0000] {logging_mixin.py:149} INFO - [2023-07-11T08:26:12.078+0000] {dag.py:2726} INFO - Sync 1 DAGs
[2023-07-11T08:26:12.134+0000] {logging_mixin.py:149} INFO - [2023-07-11T08:26:12.134+0000] {dag.py:3490} INFO - Setting next_dagrun for main_assignment to None, run_after=None
[2023-07-11T08:26:12.168+0000] {processor.py:179} INFO - Processing /opt/airflow/dags/main_assignment.py took 0.183 seconds
[2023-07-11T08:26:42.237+0000] {processor.py:157} INFO - Started process (PID=640) to work on /opt/airflow/dags/main_assignment.py
[2023-07-11T08:26:42.238+0000] {processor.py:826} INFO - Processing file /opt/airflow/dags/main_assignment.py for tasks to queue
[2023-07-11T08:26:42.240+0000] {logging_mixin.py:149} INFO - [2023-07-11T08:26:42.239+0000] {dagbag.py:541} INFO - Filling up the DagBag from /opt/airflow/dags/main_assignment.py
[2023-07-11T08:26:42.254+0000] {processor.py:836} INFO - DAG(s) dict_keys(['main_assignment']) retrieved from /opt/airflow/dags/main_assignment.py
[2023-07-11T08:26:42.311+0000] {logging_mixin.py:149} INFO - [2023-07-11T08:26:42.308+0000] {dag.py:2726} INFO - Sync 1 DAGs
[2023-07-11T08:26:42.359+0000] {logging_mixin.py:149} INFO - [2023-07-11T08:26:42.359+0000] {dag.py:3490} INFO - Setting next_dagrun for main_assignment to None, run_after=None
[2023-07-11T08:26:42.400+0000] {processor.py:179} INFO - Processing /opt/airflow/dags/main_assignment.py took 0.168 seconds
[2023-07-11T08:27:12.776+0000] {processor.py:157} INFO - Started process (PID=650) to work on /opt/airflow/dags/main_assignment.py
[2023-07-11T08:27:12.779+0000] {processor.py:826} INFO - Processing file /opt/airflow/dags/main_assignment.py for tasks to queue
[2023-07-11T08:27:12.780+0000] {logging_mixin.py:149} INFO - [2023-07-11T08:27:12.780+0000] {dagbag.py:541} INFO - Filling up the DagBag from /opt/airflow/dags/main_assignment.py
[2023-07-11T08:27:12.799+0000] {processor.py:836} INFO - DAG(s) dict_keys(['main_assignment']) retrieved from /opt/airflow/dags/main_assignment.py
[2023-07-11T08:27:12.868+0000] {logging_mixin.py:149} INFO - [2023-07-11T08:27:12.867+0000] {dag.py:2726} INFO - Sync 1 DAGs
[2023-07-11T08:27:12.916+0000] {logging_mixin.py:149} INFO - [2023-07-11T08:27:12.916+0000] {dag.py:3490} INFO - Setting next_dagrun for main_assignment to None, run_after=None
[2023-07-11T08:27:12.950+0000] {processor.py:179} INFO - Processing /opt/airflow/dags/main_assignment.py took 0.182 seconds
[2023-07-11T08:27:43.156+0000] {processor.py:157} INFO - Started process (PID=659) to work on /opt/airflow/dags/main_assignment.py
[2023-07-11T08:27:43.157+0000] {processor.py:826} INFO - Processing file /opt/airflow/dags/main_assignment.py for tasks to queue
[2023-07-11T08:27:43.158+0000] {logging_mixin.py:149} INFO - [2023-07-11T08:27:43.158+0000] {dagbag.py:541} INFO - Filling up the DagBag from /opt/airflow/dags/main_assignment.py
[2023-07-11T08:27:43.168+0000] {processor.py:836} INFO - DAG(s) dict_keys(['main_assignment']) retrieved from /opt/airflow/dags/main_assignment.py
[2023-07-11T08:27:43.223+0000] {logging_mixin.py:149} INFO - [2023-07-11T08:27:43.222+0000] {dag.py:2726} INFO - Sync 1 DAGs
[2023-07-11T08:27:43.266+0000] {logging_mixin.py:149} INFO - [2023-07-11T08:27:43.266+0000] {dag.py:3490} INFO - Setting next_dagrun for main_assignment to None, run_after=None
[2023-07-11T08:27:43.302+0000] {processor.py:179} INFO - Processing /opt/airflow/dags/main_assignment.py took 0.151 seconds
[2023-07-11T08:28:13.539+0000] {processor.py:157} INFO - Started process (PID=668) to work on /opt/airflow/dags/main_assignment.py
[2023-07-11T08:28:13.542+0000] {processor.py:826} INFO - Processing file /opt/airflow/dags/main_assignment.py for tasks to queue
[2023-07-11T08:28:13.543+0000] {logging_mixin.py:149} INFO - [2023-07-11T08:28:13.543+0000] {dagbag.py:541} INFO - Filling up the DagBag from /opt/airflow/dags/main_assignment.py
[2023-07-11T08:28:13.554+0000] {processor.py:836} INFO - DAG(s) dict_keys(['main_assignment']) retrieved from /opt/airflow/dags/main_assignment.py
[2023-07-11T08:28:13.597+0000] {logging_mixin.py:149} INFO - [2023-07-11T08:28:13.596+0000] {dag.py:2726} INFO - Sync 1 DAGs
[2023-07-11T08:28:13.647+0000] {logging_mixin.py:149} INFO - [2023-07-11T08:28:13.647+0000] {dag.py:3490} INFO - Setting next_dagrun for main_assignment to None, run_after=None
[2023-07-11T08:28:13.674+0000] {processor.py:179} INFO - Processing /opt/airflow/dags/main_assignment.py took 0.139 seconds
[2023-07-11T08:28:43.866+0000] {processor.py:157} INFO - Started process (PID=677) to work on /opt/airflow/dags/main_assignment.py
[2023-07-11T08:28:43.867+0000] {processor.py:826} INFO - Processing file /opt/airflow/dags/main_assignment.py for tasks to queue
[2023-07-11T08:28:43.868+0000] {logging_mixin.py:149} INFO - [2023-07-11T08:28:43.868+0000] {dagbag.py:541} INFO - Filling up the DagBag from /opt/airflow/dags/main_assignment.py
[2023-07-11T08:28:43.878+0000] {processor.py:836} INFO - DAG(s) dict_keys(['main_assignment']) retrieved from /opt/airflow/dags/main_assignment.py
[2023-07-11T08:28:43.922+0000] {logging_mixin.py:149} INFO - [2023-07-11T08:28:43.920+0000] {dag.py:2726} INFO - Sync 1 DAGs
[2023-07-11T08:28:43.967+0000] {logging_mixin.py:149} INFO - [2023-07-11T08:28:43.967+0000] {dag.py:3490} INFO - Setting next_dagrun for main_assignment to None, run_after=None
[2023-07-11T08:28:43.998+0000] {processor.py:179} INFO - Processing /opt/airflow/dags/main_assignment.py took 0.135 seconds
[2023-07-11T08:29:14.123+0000] {processor.py:157} INFO - Started process (PID=686) to work on /opt/airflow/dags/main_assignment.py
[2023-07-11T08:29:14.125+0000] {processor.py:826} INFO - Processing file /opt/airflow/dags/main_assignment.py for tasks to queue
[2023-07-11T08:29:14.126+0000] {logging_mixin.py:149} INFO - [2023-07-11T08:29:14.125+0000] {dagbag.py:541} INFO - Filling up the DagBag from /opt/airflow/dags/main_assignment.py
[2023-07-11T08:29:14.146+0000] {processor.py:836} INFO - DAG(s) dict_keys(['main_assignment']) retrieved from /opt/airflow/dags/main_assignment.py
[2023-07-11T08:29:14.205+0000] {logging_mixin.py:149} INFO - [2023-07-11T08:29:14.204+0000] {dag.py:2726} INFO - Sync 1 DAGs
[2023-07-11T08:29:14.250+0000] {logging_mixin.py:149} INFO - [2023-07-11T08:29:14.250+0000] {dag.py:3490} INFO - Setting next_dagrun for main_assignment to None, run_after=None
[2023-07-11T08:29:14.286+0000] {processor.py:179} INFO - Processing /opt/airflow/dags/main_assignment.py took 0.170 seconds
[2023-07-11T08:29:44.515+0000] {processor.py:157} INFO - Started process (PID=695) to work on /opt/airflow/dags/main_assignment.py
[2023-07-11T08:29:44.517+0000] {processor.py:826} INFO - Processing file /opt/airflow/dags/main_assignment.py for tasks to queue
[2023-07-11T08:29:44.518+0000] {logging_mixin.py:149} INFO - [2023-07-11T08:29:44.518+0000] {dagbag.py:541} INFO - Filling up the DagBag from /opt/airflow/dags/main_assignment.py
[2023-07-11T08:29:44.534+0000] {processor.py:836} INFO - DAG(s) dict_keys(['main_assignment']) retrieved from /opt/airflow/dags/main_assignment.py
[2023-07-11T08:29:44.581+0000] {logging_mixin.py:149} INFO - [2023-07-11T08:29:44.581+0000] {dag.py:2726} INFO - Sync 1 DAGs
[2023-07-11T08:29:44.622+0000] {logging_mixin.py:149} INFO - [2023-07-11T08:29:44.622+0000] {dag.py:3490} INFO - Setting next_dagrun for main_assignment to None, run_after=None
[2023-07-11T08:29:44.646+0000] {processor.py:179} INFO - Processing /opt/airflow/dags/main_assignment.py took 0.135 seconds
[2023-07-11T08:30:14.893+0000] {processor.py:157} INFO - Started process (PID=704) to work on /opt/airflow/dags/main_assignment.py
[2023-07-11T08:30:14.895+0000] {processor.py:826} INFO - Processing file /opt/airflow/dags/main_assignment.py for tasks to queue
[2023-07-11T08:30:14.896+0000] {logging_mixin.py:149} INFO - [2023-07-11T08:30:14.895+0000] {dagbag.py:541} INFO - Filling up the DagBag from /opt/airflow/dags/main_assignment.py
[2023-07-11T08:30:14.906+0000] {processor.py:836} INFO - DAG(s) dict_keys(['main_assignment']) retrieved from /opt/airflow/dags/main_assignment.py
[2023-07-11T08:30:14.959+0000] {logging_mixin.py:149} INFO - [2023-07-11T08:30:14.958+0000] {dag.py:2726} INFO - Sync 1 DAGs
[2023-07-11T08:30:15.005+0000] {logging_mixin.py:149} INFO - [2023-07-11T08:30:15.005+0000] {dag.py:3490} INFO - Setting next_dagrun for main_assignment to None, run_after=None
[2023-07-11T08:30:15.049+0000] {processor.py:179} INFO - Processing /opt/airflow/dags/main_assignment.py took 0.160 seconds
[2023-07-11T08:30:45.261+0000] {processor.py:157} INFO - Started process (PID=713) to work on /opt/airflow/dags/main_assignment.py
[2023-07-11T08:30:45.263+0000] {processor.py:826} INFO - Processing file /opt/airflow/dags/main_assignment.py for tasks to queue
[2023-07-11T08:30:45.264+0000] {logging_mixin.py:149} INFO - [2023-07-11T08:30:45.264+0000] {dagbag.py:541} INFO - Filling up the DagBag from /opt/airflow/dags/main_assignment.py
[2023-07-11T08:30:45.279+0000] {processor.py:836} INFO - DAG(s) dict_keys(['main_assignment']) retrieved from /opt/airflow/dags/main_assignment.py
[2023-07-11T08:30:45.341+0000] {logging_mixin.py:149} INFO - [2023-07-11T08:30:45.340+0000] {dag.py:2726} INFO - Sync 1 DAGs
[2023-07-11T08:30:45.393+0000] {logging_mixin.py:149} INFO - [2023-07-11T08:30:45.393+0000] {dag.py:3490} INFO - Setting next_dagrun for main_assignment to None, run_after=None
[2023-07-11T08:30:45.428+0000] {processor.py:179} INFO - Processing /opt/airflow/dags/main_assignment.py took 0.173 seconds
[2023-07-11T08:31:15.639+0000] {processor.py:157} INFO - Started process (PID=724) to work on /opt/airflow/dags/main_assignment.py
[2023-07-11T08:31:15.641+0000] {processor.py:826} INFO - Processing file /opt/airflow/dags/main_assignment.py for tasks to queue
[2023-07-11T08:31:15.642+0000] {logging_mixin.py:149} INFO - [2023-07-11T08:31:15.642+0000] {dagbag.py:541} INFO - Filling up the DagBag from /opt/airflow/dags/main_assignment.py
[2023-07-11T08:31:15.656+0000] {processor.py:836} INFO - DAG(s) dict_keys(['main_assignment']) retrieved from /opt/airflow/dags/main_assignment.py
[2023-07-11T08:31:15.704+0000] {logging_mixin.py:149} INFO - [2023-07-11T08:31:15.702+0000] {dag.py:2726} INFO - Sync 1 DAGs
[2023-07-11T08:31:15.750+0000] {logging_mixin.py:149} INFO - [2023-07-11T08:31:15.749+0000] {dag.py:3490} INFO - Setting next_dagrun for main_assignment to None, run_after=None
[2023-07-11T08:31:15.785+0000] {processor.py:179} INFO - Processing /opt/airflow/dags/main_assignment.py took 0.153 seconds
[2023-07-11T08:31:45.830+0000] {processor.py:157} INFO - Started process (PID=733) to work on /opt/airflow/dags/main_assignment.py
[2023-07-11T08:31:45.831+0000] {processor.py:826} INFO - Processing file /opt/airflow/dags/main_assignment.py for tasks to queue
[2023-07-11T08:31:45.832+0000] {logging_mixin.py:149} INFO - [2023-07-11T08:31:45.832+0000] {dagbag.py:541} INFO - Filling up the DagBag from /opt/airflow/dags/main_assignment.py
[2023-07-11T08:31:45.842+0000] {processor.py:836} INFO - DAG(s) dict_keys(['main_assignment']) retrieved from /opt/airflow/dags/main_assignment.py
[2023-07-11T08:31:45.892+0000] {logging_mixin.py:149} INFO - [2023-07-11T08:31:45.891+0000] {dag.py:2726} INFO - Sync 1 DAGs
[2023-07-11T08:31:45.934+0000] {logging_mixin.py:149} INFO - [2023-07-11T08:31:45.934+0000] {dag.py:3490} INFO - Setting next_dagrun for main_assignment to None, run_after=None
[2023-07-11T08:31:45.961+0000] {processor.py:179} INFO - Processing /opt/airflow/dags/main_assignment.py took 0.136 seconds
[2023-07-11T08:32:16.201+0000] {processor.py:157} INFO - Started process (PID=742) to work on /opt/airflow/dags/main_assignment.py
[2023-07-11T08:32:16.208+0000] {processor.py:826} INFO - Processing file /opt/airflow/dags/main_assignment.py for tasks to queue
[2023-07-11T08:32:16.209+0000] {logging_mixin.py:149} INFO - [2023-07-11T08:32:16.209+0000] {dagbag.py:541} INFO - Filling up the DagBag from /opt/airflow/dags/main_assignment.py
[2023-07-11T08:32:16.222+0000] {processor.py:836} INFO - DAG(s) dict_keys(['main_assignment']) retrieved from /opt/airflow/dags/main_assignment.py
[2023-07-11T08:32:16.275+0000] {logging_mixin.py:149} INFO - [2023-07-11T08:32:16.274+0000] {dag.py:2726} INFO - Sync 1 DAGs
[2023-07-11T08:32:16.318+0000] {logging_mixin.py:149} INFO - [2023-07-11T08:32:16.318+0000] {dag.py:3490} INFO - Setting next_dagrun for main_assignment to None, run_after=None
[2023-07-11T08:32:16.354+0000] {processor.py:179} INFO - Processing /opt/airflow/dags/main_assignment.py took 0.158 seconds
[2023-07-11T08:32:46.574+0000] {processor.py:157} INFO - Started process (PID=751) to work on /opt/airflow/dags/main_assignment.py
[2023-07-11T08:32:46.575+0000] {processor.py:826} INFO - Processing file /opt/airflow/dags/main_assignment.py for tasks to queue
[2023-07-11T08:32:46.576+0000] {logging_mixin.py:149} INFO - [2023-07-11T08:32:46.576+0000] {dagbag.py:541} INFO - Filling up the DagBag from /opt/airflow/dags/main_assignment.py
[2023-07-11T08:32:46.590+0000] {processor.py:836} INFO - DAG(s) dict_keys(['main_assignment']) retrieved from /opt/airflow/dags/main_assignment.py
[2023-07-11T08:32:46.638+0000] {logging_mixin.py:149} INFO - [2023-07-11T08:32:46.637+0000] {dag.py:2726} INFO - Sync 1 DAGs
[2023-07-11T08:32:46.682+0000] {logging_mixin.py:149} INFO - [2023-07-11T08:32:46.682+0000] {dag.py:3490} INFO - Setting next_dagrun for main_assignment to None, run_after=None
[2023-07-11T08:32:46.716+0000] {processor.py:179} INFO - Processing /opt/airflow/dags/main_assignment.py took 0.148 seconds
[2023-07-11T08:33:16.798+0000] {processor.py:157} INFO - Started process (PID=760) to work on /opt/airflow/dags/main_assignment.py
[2023-07-11T08:33:16.800+0000] {processor.py:826} INFO - Processing file /opt/airflow/dags/main_assignment.py for tasks to queue
[2023-07-11T08:33:16.801+0000] {logging_mixin.py:149} INFO - [2023-07-11T08:33:16.801+0000] {dagbag.py:541} INFO - Filling up the DagBag from /opt/airflow/dags/main_assignment.py
[2023-07-11T08:33:16.818+0000] {processor.py:836} INFO - DAG(s) dict_keys(['main_assignment']) retrieved from /opt/airflow/dags/main_assignment.py
[2023-07-11T08:33:16.883+0000] {logging_mixin.py:149} INFO - [2023-07-11T08:33:16.882+0000] {dag.py:2726} INFO - Sync 1 DAGs
[2023-07-11T08:33:16.935+0000] {logging_mixin.py:149} INFO - [2023-07-11T08:33:16.934+0000] {dag.py:3490} INFO - Setting next_dagrun for main_assignment to None, run_after=None
[2023-07-11T08:33:16.973+0000] {processor.py:179} INFO - Processing /opt/airflow/dags/main_assignment.py took 0.183 seconds
[2023-07-11T08:33:47.175+0000] {processor.py:157} INFO - Started process (PID=769) to work on /opt/airflow/dags/main_assignment.py
[2023-07-11T08:33:47.177+0000] {processor.py:826} INFO - Processing file /opt/airflow/dags/main_assignment.py for tasks to queue
[2023-07-11T08:33:47.178+0000] {logging_mixin.py:149} INFO - [2023-07-11T08:33:47.177+0000] {dagbag.py:541} INFO - Filling up the DagBag from /opt/airflow/dags/main_assignment.py
[2023-07-11T08:33:47.188+0000] {processor.py:836} INFO - DAG(s) dict_keys(['main_assignment']) retrieved from /opt/airflow/dags/main_assignment.py
[2023-07-11T08:33:47.231+0000] {logging_mixin.py:149} INFO - [2023-07-11T08:33:47.229+0000] {dag.py:2726} INFO - Sync 1 DAGs
[2023-07-11T08:33:47.274+0000] {logging_mixin.py:149} INFO - [2023-07-11T08:33:47.274+0000] {dag.py:3490} INFO - Setting next_dagrun for main_assignment to None, run_after=None
[2023-07-11T08:33:47.300+0000] {processor.py:179} INFO - Processing /opt/airflow/dags/main_assignment.py took 0.129 seconds
[2023-07-11T08:34:17.514+0000] {processor.py:157} INFO - Started process (PID=778) to work on /opt/airflow/dags/main_assignment.py
[2023-07-11T08:34:17.516+0000] {processor.py:826} INFO - Processing file /opt/airflow/dags/main_assignment.py for tasks to queue
[2023-07-11T08:34:17.517+0000] {logging_mixin.py:149} INFO - [2023-07-11T08:34:17.517+0000] {dagbag.py:541} INFO - Filling up the DagBag from /opt/airflow/dags/main_assignment.py
[2023-07-11T08:34:17.532+0000] {processor.py:836} INFO - DAG(s) dict_keys(['main_assignment']) retrieved from /opt/airflow/dags/main_assignment.py
[2023-07-11T08:34:17.580+0000] {logging_mixin.py:149} INFO - [2023-07-11T08:34:17.579+0000] {dag.py:2726} INFO - Sync 1 DAGs
[2023-07-11T08:34:17.620+0000] {logging_mixin.py:149} INFO - [2023-07-11T08:34:17.619+0000] {dag.py:3490} INFO - Setting next_dagrun for main_assignment to None, run_after=None
[2023-07-11T08:34:17.649+0000] {processor.py:179} INFO - Processing /opt/airflow/dags/main_assignment.py took 0.141 seconds
[2023-07-11T08:34:47.875+0000] {processor.py:157} INFO - Started process (PID=787) to work on /opt/airflow/dags/main_assignment.py
[2023-07-11T08:34:47.877+0000] {processor.py:826} INFO - Processing file /opt/airflow/dags/main_assignment.py for tasks to queue
[2023-07-11T08:34:47.878+0000] {logging_mixin.py:149} INFO - [2023-07-11T08:34:47.878+0000] {dagbag.py:541} INFO - Filling up the DagBag from /opt/airflow/dags/main_assignment.py
[2023-07-11T08:34:47.890+0000] {processor.py:836} INFO - DAG(s) dict_keys(['main_assignment']) retrieved from /opt/airflow/dags/main_assignment.py
[2023-07-11T08:34:47.952+0000] {logging_mixin.py:149} INFO - [2023-07-11T08:34:47.951+0000] {dag.py:2726} INFO - Sync 1 DAGs
[2023-07-11T08:34:48.015+0000] {logging_mixin.py:149} INFO - [2023-07-11T08:34:48.014+0000] {dag.py:3490} INFO - Setting next_dagrun for main_assignment to None, run_after=None
[2023-07-11T08:34:48.065+0000] {processor.py:179} INFO - Processing /opt/airflow/dags/main_assignment.py took 0.197 seconds
[2023-07-11T08:35:18.274+0000] {processor.py:157} INFO - Started process (PID=796) to work on /opt/airflow/dags/main_assignment.py
[2023-07-11T08:35:18.276+0000] {processor.py:826} INFO - Processing file /opt/airflow/dags/main_assignment.py for tasks to queue
[2023-07-11T08:35:18.277+0000] {logging_mixin.py:149} INFO - [2023-07-11T08:35:18.277+0000] {dagbag.py:541} INFO - Filling up the DagBag from /opt/airflow/dags/main_assignment.py
[2023-07-11T08:35:18.293+0000] {processor.py:836} INFO - DAG(s) dict_keys(['main_assignment']) retrieved from /opt/airflow/dags/main_assignment.py
[2023-07-11T08:35:18.342+0000] {logging_mixin.py:149} INFO - [2023-07-11T08:35:18.341+0000] {dag.py:2726} INFO - Sync 1 DAGs
[2023-07-11T08:35:18.389+0000] {logging_mixin.py:149} INFO - [2023-07-11T08:35:18.388+0000] {dag.py:3490} INFO - Setting next_dagrun for main_assignment to None, run_after=None
[2023-07-11T08:35:18.418+0000] {processor.py:179} INFO - Processing /opt/airflow/dags/main_assignment.py took 0.152 seconds
[2023-07-11T08:35:48.623+0000] {processor.py:157} INFO - Started process (PID=805) to work on /opt/airflow/dags/main_assignment.py
[2023-07-11T08:35:48.625+0000] {processor.py:826} INFO - Processing file /opt/airflow/dags/main_assignment.py for tasks to queue
[2023-07-11T08:35:48.628+0000] {logging_mixin.py:149} INFO - [2023-07-11T08:35:48.628+0000] {dagbag.py:541} INFO - Filling up the DagBag from /opt/airflow/dags/main_assignment.py
[2023-07-11T08:35:48.640+0000] {processor.py:836} INFO - DAG(s) dict_keys(['main_assignment']) retrieved from /opt/airflow/dags/main_assignment.py
[2023-07-11T08:35:48.687+0000] {logging_mixin.py:149} INFO - [2023-07-11T08:35:48.686+0000] {dag.py:2726} INFO - Sync 1 DAGs
[2023-07-11T08:35:48.732+0000] {logging_mixin.py:149} INFO - [2023-07-11T08:35:48.732+0000] {dag.py:3490} INFO - Setting next_dagrun for main_assignment to None, run_after=None
[2023-07-11T08:35:48.759+0000] {processor.py:179} INFO - Processing /opt/airflow/dags/main_assignment.py took 0.139 seconds
[2023-07-11T08:36:18.836+0000] {processor.py:157} INFO - Started process (PID=814) to work on /opt/airflow/dags/main_assignment.py
[2023-07-11T08:36:18.838+0000] {processor.py:826} INFO - Processing file /opt/airflow/dags/main_assignment.py for tasks to queue
[2023-07-11T08:36:18.839+0000] {logging_mixin.py:149} INFO - [2023-07-11T08:36:18.838+0000] {dagbag.py:541} INFO - Filling up the DagBag from /opt/airflow/dags/main_assignment.py
[2023-07-11T08:36:18.852+0000] {processor.py:836} INFO - DAG(s) dict_keys(['main_assignment']) retrieved from /opt/airflow/dags/main_assignment.py
[2023-07-11T08:36:18.896+0000] {logging_mixin.py:149} INFO - [2023-07-11T08:36:18.894+0000] {dag.py:2726} INFO - Sync 1 DAGs
[2023-07-11T08:36:18.937+0000] {logging_mixin.py:149} INFO - [2023-07-11T08:36:18.937+0000] {dag.py:3490} INFO - Setting next_dagrun for main_assignment to None, run_after=None
[2023-07-11T08:36:18.959+0000] {processor.py:179} INFO - Processing /opt/airflow/dags/main_assignment.py took 0.129 seconds
[2023-07-11T08:36:49.166+0000] {processor.py:157} INFO - Started process (PID=823) to work on /opt/airflow/dags/main_assignment.py
[2023-07-11T08:36:49.168+0000] {processor.py:826} INFO - Processing file /opt/airflow/dags/main_assignment.py for tasks to queue
[2023-07-11T08:36:49.170+0000] {logging_mixin.py:149} INFO - [2023-07-11T08:36:49.169+0000] {dagbag.py:541} INFO - Filling up the DagBag from /opt/airflow/dags/main_assignment.py
[2023-07-11T08:36:49.189+0000] {processor.py:836} INFO - DAG(s) dict_keys(['main_assignment']) retrieved from /opt/airflow/dags/main_assignment.py
[2023-07-11T08:36:49.246+0000] {logging_mixin.py:149} INFO - [2023-07-11T08:36:49.245+0000] {dag.py:2726} INFO - Sync 1 DAGs
[2023-07-11T08:36:49.290+0000] {logging_mixin.py:149} INFO - [2023-07-11T08:36:49.289+0000] {dag.py:3490} INFO - Setting next_dagrun for main_assignment to None, run_after=None
[2023-07-11T08:36:49.317+0000] {processor.py:179} INFO - Processing /opt/airflow/dags/main_assignment.py took 0.157 seconds
[2023-07-11T08:37:19.540+0000] {processor.py:157} INFO - Started process (PID=832) to work on /opt/airflow/dags/main_assignment.py
[2023-07-11T08:37:19.541+0000] {processor.py:826} INFO - Processing file /opt/airflow/dags/main_assignment.py for tasks to queue
[2023-07-11T08:37:19.542+0000] {logging_mixin.py:149} INFO - [2023-07-11T08:37:19.542+0000] {dagbag.py:541} INFO - Filling up the DagBag from /opt/airflow/dags/main_assignment.py
[2023-07-11T08:37:19.552+0000] {processor.py:836} INFO - DAG(s) dict_keys(['main_assignment']) retrieved from /opt/airflow/dags/main_assignment.py
[2023-07-11T08:37:19.593+0000] {logging_mixin.py:149} INFO - [2023-07-11T08:37:19.592+0000] {dag.py:2726} INFO - Sync 1 DAGs
[2023-07-11T08:37:19.639+0000] {logging_mixin.py:149} INFO - [2023-07-11T08:37:19.639+0000] {dag.py:3490} INFO - Setting next_dagrun for main_assignment to None, run_after=None
[2023-07-11T08:37:19.665+0000] {processor.py:179} INFO - Processing /opt/airflow/dags/main_assignment.py took 0.129 seconds
[2023-07-11T08:37:49.751+0000] {processor.py:157} INFO - Started process (PID=841) to work on /opt/airflow/dags/main_assignment.py
[2023-07-11T08:37:49.752+0000] {processor.py:826} INFO - Processing file /opt/airflow/dags/main_assignment.py for tasks to queue
[2023-07-11T08:37:49.753+0000] {logging_mixin.py:149} INFO - [2023-07-11T08:37:49.753+0000] {dagbag.py:541} INFO - Filling up the DagBag from /opt/airflow/dags/main_assignment.py
[2023-07-11T08:37:49.769+0000] {processor.py:836} INFO - DAG(s) dict_keys(['main_assignment']) retrieved from /opt/airflow/dags/main_assignment.py
[2023-07-11T08:37:49.826+0000] {logging_mixin.py:149} INFO - [2023-07-11T08:37:49.825+0000] {dag.py:2726} INFO - Sync 1 DAGs
[2023-07-11T08:37:49.869+0000] {logging_mixin.py:149} INFO - [2023-07-11T08:37:49.869+0000] {dag.py:3490} INFO - Setting next_dagrun for main_assignment to None, run_after=None
[2023-07-11T08:37:49.909+0000] {processor.py:179} INFO - Processing /opt/airflow/dags/main_assignment.py took 0.162 seconds
[2023-07-11T08:38:20.134+0000] {processor.py:157} INFO - Started process (PID=850) to work on /opt/airflow/dags/main_assignment.py
[2023-07-11T08:38:20.136+0000] {processor.py:826} INFO - Processing file /opt/airflow/dags/main_assignment.py for tasks to queue
[2023-07-11T08:38:20.139+0000] {logging_mixin.py:149} INFO - [2023-07-11T08:38:20.138+0000] {dagbag.py:541} INFO - Filling up the DagBag from /opt/airflow/dags/main_assignment.py
[2023-07-11T08:38:20.160+0000] {processor.py:836} INFO - DAG(s) dict_keys(['main_assignment']) retrieved from /opt/airflow/dags/main_assignment.py
[2023-07-11T08:38:20.221+0000] {logging_mixin.py:149} INFO - [2023-07-11T08:38:20.220+0000] {dag.py:2726} INFO - Sync 1 DAGs
[2023-07-11T08:38:20.291+0000] {logging_mixin.py:149} INFO - [2023-07-11T08:38:20.290+0000] {dag.py:3490} INFO - Setting next_dagrun for main_assignment to None, run_after=None
[2023-07-11T08:38:20.346+0000] {processor.py:179} INFO - Processing /opt/airflow/dags/main_assignment.py took 0.219 seconds
[2023-07-11T08:38:50.532+0000] {processor.py:157} INFO - Started process (PID=859) to work on /opt/airflow/dags/main_assignment.py
[2023-07-11T08:38:50.534+0000] {processor.py:826} INFO - Processing file /opt/airflow/dags/main_assignment.py for tasks to queue
[2023-07-11T08:38:50.536+0000] {logging_mixin.py:149} INFO - [2023-07-11T08:38:50.535+0000] {dagbag.py:541} INFO - Filling up the DagBag from /opt/airflow/dags/main_assignment.py
[2023-07-11T08:38:50.549+0000] {processor.py:836} INFO - DAG(s) dict_keys(['main_assignment']) retrieved from /opt/airflow/dags/main_assignment.py
[2023-07-11T08:38:50.602+0000] {logging_mixin.py:149} INFO - [2023-07-11T08:38:50.600+0000] {dag.py:2726} INFO - Sync 1 DAGs
[2023-07-11T08:38:50.641+0000] {logging_mixin.py:149} INFO - [2023-07-11T08:38:50.640+0000] {dag.py:3490} INFO - Setting next_dagrun for main_assignment to None, run_after=None
[2023-07-11T08:38:50.670+0000] {processor.py:179} INFO - Processing /opt/airflow/dags/main_assignment.py took 0.144 seconds
[2023-07-11T08:39:20.899+0000] {processor.py:157} INFO - Started process (PID=868) to work on /opt/airflow/dags/main_assignment.py
[2023-07-11T08:39:20.907+0000] {processor.py:826} INFO - Processing file /opt/airflow/dags/main_assignment.py for tasks to queue
[2023-07-11T08:39:20.910+0000] {logging_mixin.py:149} INFO - [2023-07-11T08:39:20.908+0000] {dagbag.py:541} INFO - Filling up the DagBag from /opt/airflow/dags/main_assignment.py
[2023-07-11T08:39:20.927+0000] {processor.py:836} INFO - DAG(s) dict_keys(['main_assignment']) retrieved from /opt/airflow/dags/main_assignment.py
[2023-07-11T08:39:20.968+0000] {logging_mixin.py:149} INFO - [2023-07-11T08:39:20.967+0000] {dag.py:2726} INFO - Sync 1 DAGs
[2023-07-11T08:39:21.012+0000] {logging_mixin.py:149} INFO - [2023-07-11T08:39:21.012+0000] {dag.py:3490} INFO - Setting next_dagrun for main_assignment to None, run_after=None
[2023-07-11T08:39:21.038+0000] {processor.py:179} INFO - Processing /opt/airflow/dags/main_assignment.py took 0.149 seconds
[2023-07-11T08:39:51.087+0000] {processor.py:157} INFO - Started process (PID=877) to work on /opt/airflow/dags/main_assignment.py
[2023-07-11T08:39:51.088+0000] {processor.py:826} INFO - Processing file /opt/airflow/dags/main_assignment.py for tasks to queue
[2023-07-11T08:39:51.089+0000] {logging_mixin.py:149} INFO - [2023-07-11T08:39:51.089+0000] {dagbag.py:541} INFO - Filling up the DagBag from /opt/airflow/dags/main_assignment.py
[2023-07-11T08:39:51.099+0000] {processor.py:836} INFO - DAG(s) dict_keys(['main_assignment']) retrieved from /opt/airflow/dags/main_assignment.py
[2023-07-11T08:39:51.140+0000] {logging_mixin.py:149} INFO - [2023-07-11T08:39:51.139+0000] {dag.py:2726} INFO - Sync 1 DAGs
[2023-07-11T08:39:51.174+0000] {logging_mixin.py:149} INFO - [2023-07-11T08:39:51.174+0000] {dag.py:3490} INFO - Setting next_dagrun for main_assignment to None, run_after=None
[2023-07-11T08:39:51.201+0000] {processor.py:179} INFO - Processing /opt/airflow/dags/main_assignment.py took 0.119 seconds
[2023-07-11T08:40:21.440+0000] {processor.py:157} INFO - Started process (PID=886) to work on /opt/airflow/dags/main_assignment.py
[2023-07-11T08:40:21.442+0000] {processor.py:826} INFO - Processing file /opt/airflow/dags/main_assignment.py for tasks to queue
[2023-07-11T08:40:21.443+0000] {logging_mixin.py:149} INFO - [2023-07-11T08:40:21.443+0000] {dagbag.py:541} INFO - Filling up the DagBag from /opt/airflow/dags/main_assignment.py
[2023-07-11T08:40:21.462+0000] {processor.py:836} INFO - DAG(s) dict_keys(['main_assignment']) retrieved from /opt/airflow/dags/main_assignment.py
[2023-07-11T08:40:21.517+0000] {logging_mixin.py:149} INFO - [2023-07-11T08:40:21.516+0000] {dag.py:2726} INFO - Sync 1 DAGs
[2023-07-11T08:40:21.557+0000] {logging_mixin.py:149} INFO - [2023-07-11T08:40:21.557+0000] {dag.py:3490} INFO - Setting next_dagrun for main_assignment to None, run_after=None
[2023-07-11T08:40:21.590+0000] {processor.py:179} INFO - Processing /opt/airflow/dags/main_assignment.py took 0.157 seconds
[2023-07-11T08:40:51.782+0000] {processor.py:157} INFO - Started process (PID=895) to work on /opt/airflow/dags/main_assignment.py
[2023-07-11T08:40:51.783+0000] {processor.py:826} INFO - Processing file /opt/airflow/dags/main_assignment.py for tasks to queue
[2023-07-11T08:40:51.784+0000] {logging_mixin.py:149} INFO - [2023-07-11T08:40:51.784+0000] {dagbag.py:541} INFO - Filling up the DagBag from /opt/airflow/dags/main_assignment.py
[2023-07-11T08:40:51.798+0000] {processor.py:836} INFO - DAG(s) dict_keys(['main_assignment']) retrieved from /opt/airflow/dags/main_assignment.py
[2023-07-11T08:40:51.855+0000] {logging_mixin.py:149} INFO - [2023-07-11T08:40:51.854+0000] {dag.py:2726} INFO - Sync 1 DAGs
[2023-07-11T08:40:51.905+0000] {logging_mixin.py:149} INFO - [2023-07-11T08:40:51.905+0000] {dag.py:3490} INFO - Setting next_dagrun for main_assignment to None, run_after=None
[2023-07-11T08:40:51.939+0000] {processor.py:179} INFO - Processing /opt/airflow/dags/main_assignment.py took 0.163 seconds
[2023-07-11T08:41:22.132+0000] {processor.py:157} INFO - Started process (PID=904) to work on /opt/airflow/dags/main_assignment.py
[2023-07-11T08:41:22.134+0000] {processor.py:826} INFO - Processing file /opt/airflow/dags/main_assignment.py for tasks to queue
[2023-07-11T08:41:22.135+0000] {logging_mixin.py:149} INFO - [2023-07-11T08:41:22.135+0000] {dagbag.py:541} INFO - Filling up the DagBag from /opt/airflow/dags/main_assignment.py
[2023-07-11T08:41:22.147+0000] {processor.py:836} INFO - DAG(s) dict_keys(['main_assignment']) retrieved from /opt/airflow/dags/main_assignment.py
[2023-07-11T08:41:22.199+0000] {logging_mixin.py:149} INFO - [2023-07-11T08:41:22.197+0000] {dag.py:2726} INFO - Sync 1 DAGs
[2023-07-11T08:41:22.243+0000] {logging_mixin.py:149} INFO - [2023-07-11T08:41:22.243+0000] {dag.py:3490} INFO - Setting next_dagrun for main_assignment to None, run_after=None
[2023-07-11T08:41:22.283+0000] {processor.py:179} INFO - Processing /opt/airflow/dags/main_assignment.py took 0.155 seconds
[2023-07-11T08:41:52.507+0000] {processor.py:157} INFO - Started process (PID=913) to work on /opt/airflow/dags/main_assignment.py
[2023-07-11T08:41:52.508+0000] {processor.py:826} INFO - Processing file /opt/airflow/dags/main_assignment.py for tasks to queue
[2023-07-11T08:41:52.509+0000] {logging_mixin.py:149} INFO - [2023-07-11T08:41:52.509+0000] {dagbag.py:541} INFO - Filling up the DagBag from /opt/airflow/dags/main_assignment.py
[2023-07-11T08:41:52.531+0000] {processor.py:836} INFO - DAG(s) dict_keys(['main_assignment']) retrieved from /opt/airflow/dags/main_assignment.py
[2023-07-11T08:41:52.572+0000] {logging_mixin.py:149} INFO - [2023-07-11T08:41:52.571+0000] {dag.py:2726} INFO - Sync 1 DAGs
[2023-07-11T08:41:52.609+0000] {logging_mixin.py:149} INFO - [2023-07-11T08:41:52.609+0000] {dag.py:3490} INFO - Setting next_dagrun for main_assignment to None, run_after=None
[2023-07-11T08:41:52.655+0000] {processor.py:179} INFO - Processing /opt/airflow/dags/main_assignment.py took 0.152 seconds
[2023-07-11T08:42:22.936+0000] {processor.py:157} INFO - Started process (PID=922) to work on /opt/airflow/dags/main_assignment.py
[2023-07-11T08:42:22.945+0000] {processor.py:826} INFO - Processing file /opt/airflow/dags/main_assignment.py for tasks to queue
[2023-07-11T08:42:22.946+0000] {logging_mixin.py:149} INFO - [2023-07-11T08:42:22.946+0000] {dagbag.py:541} INFO - Filling up the DagBag from /opt/airflow/dags/main_assignment.py
[2023-07-11T08:42:22.979+0000] {processor.py:836} INFO - DAG(s) dict_keys(['main_assignment']) retrieved from /opt/airflow/dags/main_assignment.py
[2023-07-11T08:42:23.052+0000] {logging_mixin.py:149} INFO - [2023-07-11T08:42:23.051+0000] {dag.py:2726} INFO - Sync 1 DAGs
[2023-07-11T08:42:23.099+0000] {logging_mixin.py:149} INFO - [2023-07-11T08:42:23.099+0000] {dag.py:3490} INFO - Setting next_dagrun for main_assignment to None, run_after=None
[2023-07-11T08:42:23.152+0000] {processor.py:179} INFO - Processing /opt/airflow/dags/main_assignment.py took 0.232 seconds
[2023-07-11T08:42:53.333+0000] {processor.py:157} INFO - Started process (PID=931) to work on /opt/airflow/dags/main_assignment.py
[2023-07-11T08:42:53.334+0000] {processor.py:826} INFO - Processing file /opt/airflow/dags/main_assignment.py for tasks to queue
[2023-07-11T08:42:53.336+0000] {logging_mixin.py:149} INFO - [2023-07-11T08:42:53.335+0000] {dagbag.py:541} INFO - Filling up the DagBag from /opt/airflow/dags/main_assignment.py
[2023-07-11T08:42:53.349+0000] {processor.py:836} INFO - DAG(s) dict_keys(['main_assignment']) retrieved from /opt/airflow/dags/main_assignment.py
[2023-07-11T08:42:53.397+0000] {logging_mixin.py:149} INFO - [2023-07-11T08:42:53.396+0000] {dag.py:2726} INFO - Sync 1 DAGs
[2023-07-11T08:42:53.444+0000] {logging_mixin.py:149} INFO - [2023-07-11T08:42:53.444+0000] {dag.py:3490} INFO - Setting next_dagrun for main_assignment to None, run_after=None
[2023-07-11T08:42:53.473+0000] {processor.py:179} INFO - Processing /opt/airflow/dags/main_assignment.py took 0.146 seconds
[2023-07-11T08:43:23.684+0000] {processor.py:157} INFO - Started process (PID=940) to work on /opt/airflow/dags/main_assignment.py
[2023-07-11T08:43:23.686+0000] {processor.py:826} INFO - Processing file /opt/airflow/dags/main_assignment.py for tasks to queue
[2023-07-11T08:43:23.687+0000] {logging_mixin.py:149} INFO - [2023-07-11T08:43:23.686+0000] {dagbag.py:541} INFO - Filling up the DagBag from /opt/airflow/dags/main_assignment.py
[2023-07-11T08:43:23.697+0000] {processor.py:836} INFO - DAG(s) dict_keys(['main_assignment']) retrieved from /opt/airflow/dags/main_assignment.py
[2023-07-11T08:43:23.743+0000] {logging_mixin.py:149} INFO - [2023-07-11T08:43:23.742+0000] {dag.py:2726} INFO - Sync 1 DAGs
[2023-07-11T08:43:23.777+0000] {logging_mixin.py:149} INFO - [2023-07-11T08:43:23.777+0000] {dag.py:3490} INFO - Setting next_dagrun for main_assignment to None, run_after=None
[2023-07-11T08:43:23.800+0000] {processor.py:179} INFO - Processing /opt/airflow/dags/main_assignment.py took 0.120 seconds
[2023-07-11T08:43:53.869+0000] {processor.py:157} INFO - Started process (PID=950) to work on /opt/airflow/dags/main_assignment.py
[2023-07-11T08:43:53.870+0000] {processor.py:826} INFO - Processing file /opt/airflow/dags/main_assignment.py for tasks to queue
[2023-07-11T08:43:53.871+0000] {logging_mixin.py:149} INFO - [2023-07-11T08:43:53.871+0000] {dagbag.py:541} INFO - Filling up the DagBag from /opt/airflow/dags/main_assignment.py
[2023-07-11T08:43:53.881+0000] {processor.py:836} INFO - DAG(s) dict_keys(['main_assignment']) retrieved from /opt/airflow/dags/main_assignment.py
[2023-07-11T08:43:53.922+0000] {logging_mixin.py:149} INFO - [2023-07-11T08:43:53.921+0000] {dag.py:2726} INFO - Sync 1 DAGs
[2023-07-11T08:43:53.976+0000] {logging_mixin.py:149} INFO - [2023-07-11T08:43:53.976+0000] {dag.py:3490} INFO - Setting next_dagrun for main_assignment to None, run_after=None
[2023-07-11T08:43:54.019+0000] {processor.py:179} INFO - Processing /opt/airflow/dags/main_assignment.py took 0.154 seconds
[2023-07-11T08:44:24.235+0000] {processor.py:157} INFO - Started process (PID=959) to work on /opt/airflow/dags/main_assignment.py
[2023-07-11T08:44:24.236+0000] {processor.py:826} INFO - Processing file /opt/airflow/dags/main_assignment.py for tasks to queue
[2023-07-11T08:44:24.237+0000] {logging_mixin.py:149} INFO - [2023-07-11T08:44:24.237+0000] {dagbag.py:541} INFO - Filling up the DagBag from /opt/airflow/dags/main_assignment.py
[2023-07-11T08:44:24.250+0000] {processor.py:836} INFO - DAG(s) dict_keys(['main_assignment']) retrieved from /opt/airflow/dags/main_assignment.py
[2023-07-11T08:44:24.305+0000] {logging_mixin.py:149} INFO - [2023-07-11T08:44:24.304+0000] {dag.py:2726} INFO - Sync 1 DAGs
[2023-07-11T08:44:24.354+0000] {logging_mixin.py:149} INFO - [2023-07-11T08:44:24.353+0000] {dag.py:3490} INFO - Setting next_dagrun for main_assignment to None, run_after=None
[2023-07-11T08:44:24.384+0000] {processor.py:179} INFO - Processing /opt/airflow/dags/main_assignment.py took 0.154 seconds
[2023-07-11T08:44:54.453+0000] {processor.py:157} INFO - Started process (PID=972) to work on /opt/airflow/dags/main_assignment.py
[2023-07-11T08:44:54.454+0000] {processor.py:826} INFO - Processing file /opt/airflow/dags/main_assignment.py for tasks to queue
[2023-07-11T08:44:54.455+0000] {logging_mixin.py:149} INFO - [2023-07-11T08:44:54.455+0000] {dagbag.py:541} INFO - Filling up the DagBag from /opt/airflow/dags/main_assignment.py
[2023-07-11T08:44:54.473+0000] {processor.py:836} INFO - DAG(s) dict_keys(['main_assignment']) retrieved from /opt/airflow/dags/main_assignment.py
[2023-07-11T08:44:54.527+0000] {logging_mixin.py:149} INFO - [2023-07-11T08:44:54.526+0000] {dag.py:2726} INFO - Sync 1 DAGs
[2023-07-11T08:44:54.571+0000] {logging_mixin.py:149} INFO - [2023-07-11T08:44:54.571+0000] {dag.py:3490} INFO - Setting next_dagrun for main_assignment to None, run_after=None
[2023-07-11T08:44:54.595+0000] {processor.py:179} INFO - Processing /opt/airflow/dags/main_assignment.py took 0.147 seconds
[2023-07-11T08:45:24.808+0000] {processor.py:157} INFO - Started process (PID=982) to work on /opt/airflow/dags/main_assignment.py
[2023-07-11T08:45:24.810+0000] {processor.py:826} INFO - Processing file /opt/airflow/dags/main_assignment.py for tasks to queue
[2023-07-11T08:45:24.811+0000] {logging_mixin.py:149} INFO - [2023-07-11T08:45:24.811+0000] {dagbag.py:541} INFO - Filling up the DagBag from /opt/airflow/dags/main_assignment.py
[2023-07-11T08:45:24.820+0000] {processor.py:836} INFO - DAG(s) dict_keys(['main_assignment']) retrieved from /opt/airflow/dags/main_assignment.py
[2023-07-11T08:45:24.860+0000] {logging_mixin.py:149} INFO - [2023-07-11T08:45:24.859+0000] {dag.py:2726} INFO - Sync 1 DAGs
[2023-07-11T08:45:24.896+0000] {logging_mixin.py:149} INFO - [2023-07-11T08:45:24.896+0000] {dag.py:3490} INFO - Setting next_dagrun for main_assignment to None, run_after=None
[2023-07-11T08:45:24.933+0000] {processor.py:179} INFO - Processing /opt/airflow/dags/main_assignment.py took 0.128 seconds
[2023-07-11T08:45:55.159+0000] {processor.py:157} INFO - Started process (PID=991) to work on /opt/airflow/dags/main_assignment.py
[2023-07-11T08:45:55.160+0000] {processor.py:826} INFO - Processing file /opt/airflow/dags/main_assignment.py for tasks to queue
[2023-07-11T08:45:55.161+0000] {logging_mixin.py:149} INFO - [2023-07-11T08:45:55.161+0000] {dagbag.py:541} INFO - Filling up the DagBag from /opt/airflow/dags/main_assignment.py
[2023-07-11T08:45:55.173+0000] {processor.py:836} INFO - DAG(s) dict_keys(['main_assignment']) retrieved from /opt/airflow/dags/main_assignment.py
[2023-07-11T08:45:55.235+0000] {logging_mixin.py:149} INFO - [2023-07-11T08:45:55.234+0000] {dag.py:2726} INFO - Sync 1 DAGs
[2023-07-11T08:45:55.289+0000] {logging_mixin.py:149} INFO - [2023-07-11T08:45:55.289+0000] {dag.py:3490} INFO - Setting next_dagrun for main_assignment to None, run_after=None
[2023-07-11T08:45:55.321+0000] {processor.py:179} INFO - Processing /opt/airflow/dags/main_assignment.py took 0.168 seconds
[2023-07-11T08:46:25.399+0000] {processor.py:157} INFO - Started process (PID=1000) to work on /opt/airflow/dags/main_assignment.py
[2023-07-11T08:46:25.401+0000] {processor.py:826} INFO - Processing file /opt/airflow/dags/main_assignment.py for tasks to queue
[2023-07-11T08:46:25.402+0000] {logging_mixin.py:149} INFO - [2023-07-11T08:46:25.402+0000] {dagbag.py:541} INFO - Filling up the DagBag from /opt/airflow/dags/main_assignment.py
[2023-07-11T08:46:25.416+0000] {processor.py:836} INFO - DAG(s) dict_keys(['main_assignment']) retrieved from /opt/airflow/dags/main_assignment.py
[2023-07-11T08:46:25.472+0000] {logging_mixin.py:149} INFO - [2023-07-11T08:46:25.471+0000] {dag.py:2726} INFO - Sync 1 DAGs
[2023-07-11T08:46:25.517+0000] {logging_mixin.py:149} INFO - [2023-07-11T08:46:25.516+0000] {dag.py:3490} INFO - Setting next_dagrun for main_assignment to None, run_after=None
[2023-07-11T08:46:25.545+0000] {processor.py:179} INFO - Processing /opt/airflow/dags/main_assignment.py took 0.153 seconds
[2023-07-11T08:46:55.736+0000] {processor.py:157} INFO - Started process (PID=1009) to work on /opt/airflow/dags/main_assignment.py
[2023-07-11T08:46:55.737+0000] {processor.py:826} INFO - Processing file /opt/airflow/dags/main_assignment.py for tasks to queue
[2023-07-11T08:46:55.738+0000] {logging_mixin.py:149} INFO - [2023-07-11T08:46:55.738+0000] {dagbag.py:541} INFO - Filling up the DagBag from /opt/airflow/dags/main_assignment.py
[2023-07-11T08:46:55.752+0000] {processor.py:836} INFO - DAG(s) dict_keys(['main_assignment']) retrieved from /opt/airflow/dags/main_assignment.py
[2023-07-11T08:46:55.800+0000] {logging_mixin.py:149} INFO - [2023-07-11T08:46:55.799+0000] {dag.py:2726} INFO - Sync 1 DAGs
[2023-07-11T08:46:55.846+0000] {logging_mixin.py:149} INFO - [2023-07-11T08:46:55.846+0000] {dag.py:3490} INFO - Setting next_dagrun for main_assignment to None, run_after=None
[2023-07-11T08:46:55.883+0000] {processor.py:179} INFO - Processing /opt/airflow/dags/main_assignment.py took 0.171 seconds
[2023-07-11T08:47:26.120+0000] {processor.py:157} INFO - Started process (PID=1018) to work on /opt/airflow/dags/main_assignment.py
[2023-07-11T08:47:26.121+0000] {processor.py:826} INFO - Processing file /opt/airflow/dags/main_assignment.py for tasks to queue
[2023-07-11T08:47:26.122+0000] {logging_mixin.py:149} INFO - [2023-07-11T08:47:26.122+0000] {dagbag.py:541} INFO - Filling up the DagBag from /opt/airflow/dags/main_assignment.py
[2023-07-11T08:47:26.133+0000] {processor.py:836} INFO - DAG(s) dict_keys(['main_assignment']) retrieved from /opt/airflow/dags/main_assignment.py
[2023-07-11T08:47:26.195+0000] {logging_mixin.py:149} INFO - [2023-07-11T08:47:26.194+0000] {dag.py:2726} INFO - Sync 1 DAGs
[2023-07-11T08:47:26.234+0000] {logging_mixin.py:149} INFO - [2023-07-11T08:47:26.234+0000] {dag.py:3490} INFO - Setting next_dagrun for main_assignment to None, run_after=None
[2023-07-11T08:47:26.262+0000] {processor.py:179} INFO - Processing /opt/airflow/dags/main_assignment.py took 0.146 seconds
[2023-07-11T08:47:56.486+0000] {processor.py:157} INFO - Started process (PID=1027) to work on /opt/airflow/dags/main_assignment.py
[2023-07-11T08:47:56.491+0000] {processor.py:826} INFO - Processing file /opt/airflow/dags/main_assignment.py for tasks to queue
[2023-07-11T08:47:56.493+0000] {logging_mixin.py:149} INFO - [2023-07-11T08:47:56.492+0000] {dagbag.py:541} INFO - Filling up the DagBag from /opt/airflow/dags/main_assignment.py
[2023-07-11T08:47:56.509+0000] {processor.py:836} INFO - DAG(s) dict_keys(['main_assignment']) retrieved from /opt/airflow/dags/main_assignment.py
[2023-07-11T08:47:56.559+0000] {logging_mixin.py:149} INFO - [2023-07-11T08:47:56.558+0000] {dag.py:2726} INFO - Sync 1 DAGs
[2023-07-11T08:47:56.614+0000] {logging_mixin.py:149} INFO - [2023-07-11T08:47:56.614+0000] {dag.py:3490} INFO - Setting next_dagrun for main_assignment to None, run_after=None
[2023-07-11T08:47:56.650+0000] {processor.py:179} INFO - Processing /opt/airflow/dags/main_assignment.py took 0.168 seconds
[2023-07-11T08:48:26.822+0000] {processor.py:157} INFO - Started process (PID=1036) to work on /opt/airflow/dags/main_assignment.py
[2023-07-11T08:48:26.823+0000] {processor.py:826} INFO - Processing file /opt/airflow/dags/main_assignment.py for tasks to queue
[2023-07-11T08:48:26.824+0000] {logging_mixin.py:149} INFO - [2023-07-11T08:48:26.824+0000] {dagbag.py:541} INFO - Filling up the DagBag from /opt/airflow/dags/main_assignment.py
[2023-07-11T08:48:26.836+0000] {processor.py:836} INFO - DAG(s) dict_keys(['main_assignment']) retrieved from /opt/airflow/dags/main_assignment.py
[2023-07-11T08:48:26.884+0000] {logging_mixin.py:149} INFO - [2023-07-11T08:48:26.884+0000] {dag.py:2726} INFO - Sync 1 DAGs
[2023-07-11T08:48:26.940+0000] {logging_mixin.py:149} INFO - [2023-07-11T08:48:26.940+0000] {dag.py:3490} INFO - Setting next_dagrun for main_assignment to None, run_after=None
[2023-07-11T08:48:26.970+0000] {processor.py:179} INFO - Processing /opt/airflow/dags/main_assignment.py took 0.154 seconds
[2023-07-11T08:48:57.158+0000] {processor.py:157} INFO - Started process (PID=1045) to work on /opt/airflow/dags/main_assignment.py
[2023-07-11T08:48:57.159+0000] {processor.py:826} INFO - Processing file /opt/airflow/dags/main_assignment.py for tasks to queue
[2023-07-11T08:48:57.162+0000] {logging_mixin.py:149} INFO - [2023-07-11T08:48:57.161+0000] {dagbag.py:541} INFO - Filling up the DagBag from /opt/airflow/dags/main_assignment.py
[2023-07-11T08:48:57.174+0000] {processor.py:836} INFO - DAG(s) dict_keys(['main_assignment']) retrieved from /opt/airflow/dags/main_assignment.py
[2023-07-11T08:48:57.225+0000] {logging_mixin.py:149} INFO - [2023-07-11T08:48:57.223+0000] {dag.py:2726} INFO - Sync 1 DAGs
[2023-07-11T08:48:57.258+0000] {logging_mixin.py:149} INFO - [2023-07-11T08:48:57.258+0000] {dag.py:3490} INFO - Setting next_dagrun for main_assignment to None, run_after=None
[2023-07-11T08:48:57.285+0000] {processor.py:179} INFO - Processing /opt/airflow/dags/main_assignment.py took 0.136 seconds
[2023-07-11T08:49:27.470+0000] {processor.py:157} INFO - Started process (PID=1054) to work on /opt/airflow/dags/main_assignment.py
[2023-07-11T08:49:27.471+0000] {processor.py:826} INFO - Processing file /opt/airflow/dags/main_assignment.py for tasks to queue
[2023-07-11T08:49:27.472+0000] {logging_mixin.py:149} INFO - [2023-07-11T08:49:27.472+0000] {dagbag.py:541} INFO - Filling up the DagBag from /opt/airflow/dags/main_assignment.py
[2023-07-11T08:49:27.483+0000] {processor.py:836} INFO - DAG(s) dict_keys(['main_assignment']) retrieved from /opt/airflow/dags/main_assignment.py
[2023-07-11T08:49:27.520+0000] {logging_mixin.py:149} INFO - [2023-07-11T08:49:27.519+0000] {dag.py:2726} INFO - Sync 1 DAGs
[2023-07-11T08:49:27.558+0000] {logging_mixin.py:149} INFO - [2023-07-11T08:49:27.557+0000] {dag.py:3490} INFO - Setting next_dagrun for main_assignment to None, run_after=None
[2023-07-11T08:49:27.582+0000] {processor.py:179} INFO - Processing /opt/airflow/dags/main_assignment.py took 0.116 seconds
[2023-07-11T08:49:57.684+0000] {processor.py:157} INFO - Started process (PID=1063) to work on /opt/airflow/dags/main_assignment.py
[2023-07-11T08:49:57.687+0000] {processor.py:826} INFO - Processing file /opt/airflow/dags/main_assignment.py for tasks to queue
[2023-07-11T08:49:57.688+0000] {logging_mixin.py:149} INFO - [2023-07-11T08:49:57.688+0000] {dagbag.py:541} INFO - Filling up the DagBag from /opt/airflow/dags/main_assignment.py
[2023-07-11T08:49:57.705+0000] {processor.py:836} INFO - DAG(s) dict_keys(['main_assignment']) retrieved from /opt/airflow/dags/main_assignment.py
[2023-07-11T08:49:57.767+0000] {logging_mixin.py:149} INFO - [2023-07-11T08:49:57.766+0000] {dag.py:2726} INFO - Sync 1 DAGs
[2023-07-11T08:49:57.821+0000] {logging_mixin.py:149} INFO - [2023-07-11T08:49:57.821+0000] {dag.py:3490} INFO - Setting next_dagrun for main_assignment to None, run_after=None
[2023-07-11T08:49:57.857+0000] {processor.py:179} INFO - Processing /opt/airflow/dags/main_assignment.py took 0.183 seconds
[2023-07-11T08:50:28.031+0000] {processor.py:157} INFO - Started process (PID=1072) to work on /opt/airflow/dags/main_assignment.py
[2023-07-11T08:50:28.032+0000] {processor.py:826} INFO - Processing file /opt/airflow/dags/main_assignment.py for tasks to queue
[2023-07-11T08:50:28.033+0000] {logging_mixin.py:149} INFO - [2023-07-11T08:50:28.033+0000] {dagbag.py:541} INFO - Filling up the DagBag from /opt/airflow/dags/main_assignment.py
[2023-07-11T08:50:28.045+0000] {processor.py:836} INFO - DAG(s) dict_keys(['main_assignment']) retrieved from /opt/airflow/dags/main_assignment.py
[2023-07-11T08:50:28.096+0000] {logging_mixin.py:149} INFO - [2023-07-11T08:50:28.095+0000] {dag.py:2726} INFO - Sync 1 DAGs
[2023-07-11T08:50:28.145+0000] {logging_mixin.py:149} INFO - [2023-07-11T08:50:28.144+0000] {dag.py:3490} INFO - Setting next_dagrun for main_assignment to None, run_after=None
[2023-07-11T08:50:28.173+0000] {processor.py:179} INFO - Processing /opt/airflow/dags/main_assignment.py took 0.149 seconds
[2023-07-11T08:50:58.384+0000] {processor.py:157} INFO - Started process (PID=1082) to work on /opt/airflow/dags/main_assignment.py
[2023-07-11T08:50:58.387+0000] {processor.py:826} INFO - Processing file /opt/airflow/dags/main_assignment.py for tasks to queue
[2023-07-11T08:50:58.388+0000] {logging_mixin.py:149} INFO - [2023-07-11T08:50:58.388+0000] {dagbag.py:541} INFO - Filling up the DagBag from /opt/airflow/dags/main_assignment.py
[2023-07-11T08:50:58.403+0000] {processor.py:836} INFO - DAG(s) dict_keys(['main_assignment']) retrieved from /opt/airflow/dags/main_assignment.py
[2023-07-11T08:50:58.456+0000] {logging_mixin.py:149} INFO - [2023-07-11T08:50:58.455+0000] {dag.py:2726} INFO - Sync 1 DAGs
[2023-07-11T08:50:58.508+0000] {logging_mixin.py:149} INFO - [2023-07-11T08:50:58.508+0000] {dag.py:3490} INFO - Setting next_dagrun for main_assignment to None, run_after=None
[2023-07-11T08:50:58.544+0000] {processor.py:179} INFO - Processing /opt/airflow/dags/main_assignment.py took 0.167 seconds
[2023-07-11T08:51:28.769+0000] {processor.py:157} INFO - Started process (PID=1091) to work on /opt/airflow/dags/main_assignment.py
[2023-07-11T08:51:28.770+0000] {processor.py:826} INFO - Processing file /opt/airflow/dags/main_assignment.py for tasks to queue
[2023-07-11T08:51:28.771+0000] {logging_mixin.py:149} INFO - [2023-07-11T08:51:28.771+0000] {dagbag.py:541} INFO - Filling up the DagBag from /opt/airflow/dags/main_assignment.py
[2023-07-11T08:51:28.784+0000] {processor.py:836} INFO - DAG(s) dict_keys(['main_assignment']) retrieved from /opt/airflow/dags/main_assignment.py
[2023-07-11T08:51:28.860+0000] {logging_mixin.py:149} INFO - [2023-07-11T08:51:28.858+0000] {dag.py:2726} INFO - Sync 1 DAGs
[2023-07-11T08:51:28.921+0000] {logging_mixin.py:149} INFO - [2023-07-11T08:51:28.921+0000] {dag.py:3490} INFO - Setting next_dagrun for main_assignment to None, run_after=None
[2023-07-11T08:51:28.956+0000] {processor.py:179} INFO - Processing /opt/airflow/dags/main_assignment.py took 0.192 seconds
[2023-07-11T08:51:59.159+0000] {processor.py:157} INFO - Started process (PID=1100) to work on /opt/airflow/dags/main_assignment.py
[2023-07-11T08:51:59.161+0000] {processor.py:826} INFO - Processing file /opt/airflow/dags/main_assignment.py for tasks to queue
[2023-07-11T08:51:59.162+0000] {logging_mixin.py:149} INFO - [2023-07-11T08:51:59.162+0000] {dagbag.py:541} INFO - Filling up the DagBag from /opt/airflow/dags/main_assignment.py
[2023-07-11T08:51:59.175+0000] {processor.py:836} INFO - DAG(s) dict_keys(['main_assignment']) retrieved from /opt/airflow/dags/main_assignment.py
[2023-07-11T08:51:59.220+0000] {logging_mixin.py:149} INFO - [2023-07-11T08:51:59.219+0000] {dag.py:2726} INFO - Sync 1 DAGs
[2023-07-11T08:51:59.262+0000] {logging_mixin.py:149} INFO - [2023-07-11T08:51:59.262+0000] {dag.py:3490} INFO - Setting next_dagrun for main_assignment to None, run_after=None
[2023-07-11T08:51:59.292+0000] {processor.py:179} INFO - Processing /opt/airflow/dags/main_assignment.py took 0.140 seconds
