[2023-07-10T12:47:39.799+0000] {processor.py:157} INFO - Started process (PID=36) to work on /opt/airflow/dags/assignment.py
[2023-07-10T12:47:39.802+0000] {processor.py:826} INFO - Processing file /opt/airflow/dags/assignment.py for tasks to queue
[2023-07-10T12:47:39.806+0000] {logging_mixin.py:149} INFO - [2023-07-10T12:47:39.806+0000] {dagbag.py:541} INFO - Filling up the DagBag from /opt/airflow/dags/assignment.py
[2023-07-10T12:47:39.818+0000] {logging_mixin.py:149} INFO - 00000000000000000000000000000000000000000000000000000000000000000000000000000000000000000
[2023-07-10T12:47:39.834+0000] {processor.py:836} INFO - DAG(s) dict_keys(['assignment']) retrieved from /opt/airflow/dags/assignment.py
[2023-07-10T12:47:40.848+0000] {logging_mixin.py:149} INFO - [2023-07-10T12:47:40.847+0000] {dag.py:2726} INFO - Sync 1 DAGs
[2023-07-10T12:47:40.954+0000] {logging_mixin.py:149} INFO - [2023-07-10T12:47:40.954+0000] {dag.py:3490} INFO - Setting next_dagrun for assignment to None, run_after=None
[2023-07-10T12:47:41.014+0000] {processor.py:179} INFO - Processing /opt/airflow/dags/assignment.py took 1.222 seconds
[2023-07-10T12:48:11.398+0000] {processor.py:157} INFO - Started process (PID=45) to work on /opt/airflow/dags/assignment.py
[2023-07-10T12:48:11.400+0000] {processor.py:826} INFO - Processing file /opt/airflow/dags/assignment.py for tasks to queue
[2023-07-10T12:48:11.405+0000] {logging_mixin.py:149} INFO - [2023-07-10T12:48:11.405+0000] {dagbag.py:541} INFO - Filling up the DagBag from /opt/airflow/dags/assignment.py
[2023-07-10T12:48:11.416+0000] {logging_mixin.py:149} INFO - 00000000000000000000000000000000000000000000000000000000000000000000000000000000000000000
[2023-07-10T12:48:11.424+0000] {processor.py:836} INFO - DAG(s) dict_keys(['assignment']) retrieved from /opt/airflow/dags/assignment.py
[2023-07-10T12:48:11.496+0000] {logging_mixin.py:149} INFO - [2023-07-10T12:48:11.495+0000] {dag.py:2726} INFO - Sync 1 DAGs
[2023-07-10T12:48:11.569+0000] {logging_mixin.py:149} INFO - [2023-07-10T12:48:11.568+0000] {dag.py:3490} INFO - Setting next_dagrun for assignment to None, run_after=None
[2023-07-10T12:48:11.656+0000] {processor.py:179} INFO - Processing /opt/airflow/dags/assignment.py took 0.265 seconds
[2023-07-10T12:48:41.966+0000] {processor.py:157} INFO - Started process (PID=54) to work on /opt/airflow/dags/assignment.py
[2023-07-10T12:48:41.968+0000] {processor.py:826} INFO - Processing file /opt/airflow/dags/assignment.py for tasks to queue
[2023-07-10T12:48:41.972+0000] {logging_mixin.py:149} INFO - [2023-07-10T12:48:41.972+0000] {dagbag.py:541} INFO - Filling up the DagBag from /opt/airflow/dags/assignment.py
[2023-07-10T12:48:41.985+0000] {logging_mixin.py:149} INFO - 00000000000000000000000000000000000000000000000000000000000000000000000000000000000000000
[2023-07-10T12:48:41.993+0000] {processor.py:836} INFO - DAG(s) dict_keys(['assignment']) retrieved from /opt/airflow/dags/assignment.py
[2023-07-10T12:48:42.083+0000] {logging_mixin.py:149} INFO - [2023-07-10T12:48:42.082+0000] {dag.py:2726} INFO - Sync 1 DAGs
[2023-07-10T12:48:42.190+0000] {logging_mixin.py:149} INFO - [2023-07-10T12:48:42.189+0000] {dag.py:3490} INFO - Setting next_dagrun for assignment to None, run_after=None
[2023-07-10T12:48:42.247+0000] {processor.py:179} INFO - Processing /opt/airflow/dags/assignment.py took 0.290 seconds
