[2023-07-05T14:13:29.378+0000] {processor.py:157} INFO - Started process (PID=34) to work on /opt/airflow/dags/assignment.py
[2023-07-05T14:13:29.381+0000] {processor.py:826} INFO - Processing file /opt/airflow/dags/assignment.py for tasks to queue
[2023-07-05T14:13:29.384+0000] {logging_mixin.py:149} INFO - [2023-07-05T14:13:29.383+0000] {dagbag.py:541} INFO - Filling up the DagBag from /opt/airflow/dags/assignment.py
[2023-07-05T14:13:29.425+0000] {processor.py:836} INFO - DAG(s) dict_keys(['assignment']) retrieved from /opt/airflow/dags/assignment.py
[2023-07-05T14:13:29.613+0000] {logging_mixin.py:149} INFO - [2023-07-05T14:13:29.612+0000] {manager.py:504} INFO - Created Permission View: can read on DAG:assignment
[2023-07-05T14:13:29.628+0000] {logging_mixin.py:149} INFO - [2023-07-05T14:13:29.628+0000] {manager.py:504} INFO - Created Permission View: can edit on DAG:assignment
[2023-07-05T14:13:29.636+0000] {logging_mixin.py:149} INFO - [2023-07-05T14:13:29.636+0000] {manager.py:504} INFO - Created Permission View: can delete on DAG:assignment
[2023-07-05T14:13:29.662+0000] {logging_mixin.py:149} INFO - [2023-07-05T14:13:29.661+0000] {dag.py:2726} INFO - Sync 1 DAGs
[2023-07-05T14:13:29.688+0000] {logging_mixin.py:149} INFO - [2023-07-05T14:13:29.688+0000] {dag.py:2747} INFO - Creating ORM DAG for assignment
[2023-07-05T14:13:29.709+0000] {logging_mixin.py:149} INFO - [2023-07-05T14:13:29.709+0000] {dag.py:3490} INFO - Setting next_dagrun for assignment to None, run_after=None
[2023-07-05T14:13:29.755+0000] {processor.py:179} INFO - Processing /opt/airflow/dags/assignment.py took 0.389 seconds
[2023-07-05T14:13:59.919+0000] {processor.py:157} INFO - Started process (PID=42) to work on /opt/airflow/dags/assignment.py
[2023-07-05T14:13:59.921+0000] {processor.py:826} INFO - Processing file /opt/airflow/dags/assignment.py for tasks to queue
[2023-07-05T14:13:59.922+0000] {logging_mixin.py:149} INFO - [2023-07-05T14:13:59.922+0000] {dagbag.py:541} INFO - Filling up the DagBag from /opt/airflow/dags/assignment.py
[2023-07-05T14:13:59.931+0000] {processor.py:836} INFO - DAG(s) dict_keys(['assignment']) retrieved from /opt/airflow/dags/assignment.py
[2023-07-05T14:13:59.972+0000] {logging_mixin.py:149} INFO - [2023-07-05T14:13:59.972+0000] {dag.py:2726} INFO - Sync 1 DAGs
[2023-07-05T14:14:00.017+0000] {logging_mixin.py:149} INFO - [2023-07-05T14:14:00.017+0000] {dag.py:3490} INFO - Setting next_dagrun for assignment to None, run_after=None
[2023-07-05T14:14:00.045+0000] {processor.py:179} INFO - Processing /opt/airflow/dags/assignment.py took 0.131 seconds
[2023-07-05T14:14:30.093+0000] {processor.py:157} INFO - Started process (PID=50) to work on /opt/airflow/dags/assignment.py
[2023-07-05T14:14:30.096+0000] {processor.py:826} INFO - Processing file /opt/airflow/dags/assignment.py for tasks to queue
[2023-07-05T14:14:30.098+0000] {logging_mixin.py:149} INFO - [2023-07-05T14:14:30.097+0000] {dagbag.py:541} INFO - Filling up the DagBag from /opt/airflow/dags/assignment.py
[2023-07-05T14:14:30.109+0000] {processor.py:836} INFO - DAG(s) dict_keys(['assignment']) retrieved from /opt/airflow/dags/assignment.py
[2023-07-05T14:14:30.162+0000] {logging_mixin.py:149} INFO - [2023-07-05T14:14:30.162+0000] {dag.py:2726} INFO - Sync 1 DAGs
[2023-07-05T14:14:30.215+0000] {logging_mixin.py:149} INFO - [2023-07-05T14:14:30.215+0000] {dag.py:3490} INFO - Setting next_dagrun for assignment to None, run_after=None
[2023-07-05T14:14:30.254+0000] {processor.py:179} INFO - Processing /opt/airflow/dags/assignment.py took 0.167 seconds
[2023-07-05T14:15:00.375+0000] {processor.py:157} INFO - Started process (PID=58) to work on /opt/airflow/dags/assignment.py
[2023-07-05T14:15:00.376+0000] {processor.py:826} INFO - Processing file /opt/airflow/dags/assignment.py for tasks to queue
[2023-07-05T14:15:00.377+0000] {logging_mixin.py:149} INFO - [2023-07-05T14:15:00.376+0000] {dagbag.py:541} INFO - Filling up the DagBag from /opt/airflow/dags/assignment.py
[2023-07-05T14:15:00.383+0000] {processor.py:836} INFO - DAG(s) dict_keys(['assignment']) retrieved from /opt/airflow/dags/assignment.py
[2023-07-05T14:15:00.422+0000] {logging_mixin.py:149} INFO - [2023-07-05T14:15:00.422+0000] {dag.py:2726} INFO - Sync 1 DAGs
[2023-07-05T14:15:00.468+0000] {logging_mixin.py:149} INFO - [2023-07-05T14:15:00.468+0000] {dag.py:3490} INFO - Setting next_dagrun for assignment to None, run_after=None
[2023-07-05T14:15:00.494+0000] {processor.py:179} INFO - Processing /opt/airflow/dags/assignment.py took 0.123 seconds
[2023-07-05T14:15:30.592+0000] {processor.py:157} INFO - Started process (PID=66) to work on /opt/airflow/dags/assignment.py
[2023-07-05T14:15:30.593+0000] {processor.py:826} INFO - Processing file /opt/airflow/dags/assignment.py for tasks to queue
[2023-07-05T14:15:30.594+0000] {logging_mixin.py:149} INFO - [2023-07-05T14:15:30.594+0000] {dagbag.py:541} INFO - Filling up the DagBag from /opt/airflow/dags/assignment.py
[2023-07-05T14:15:30.603+0000] {processor.py:836} INFO - DAG(s) dict_keys(['assignment']) retrieved from /opt/airflow/dags/assignment.py
[2023-07-05T14:15:30.656+0000] {logging_mixin.py:149} INFO - [2023-07-05T14:15:30.656+0000] {dag.py:2726} INFO - Sync 1 DAGs
[2023-07-05T14:15:30.696+0000] {logging_mixin.py:149} INFO - [2023-07-05T14:15:30.696+0000] {dag.py:3490} INFO - Setting next_dagrun for assignment to None, run_after=None
[2023-07-05T14:15:30.720+0000] {processor.py:179} INFO - Processing /opt/airflow/dags/assignment.py took 0.133 seconds
[2023-07-05T14:16:00.836+0000] {processor.py:157} INFO - Started process (PID=74) to work on /opt/airflow/dags/assignment.py
[2023-07-05T14:16:00.836+0000] {processor.py:826} INFO - Processing file /opt/airflow/dags/assignment.py for tasks to queue
[2023-07-05T14:16:00.837+0000] {logging_mixin.py:149} INFO - [2023-07-05T14:16:00.837+0000] {dagbag.py:541} INFO - Filling up the DagBag from /opt/airflow/dags/assignment.py
[2023-07-05T14:16:00.844+0000] {processor.py:836} INFO - DAG(s) dict_keys(['assignment']) retrieved from /opt/airflow/dags/assignment.py
[2023-07-05T14:16:00.881+0000] {logging_mixin.py:149} INFO - [2023-07-05T14:16:00.881+0000] {dag.py:2726} INFO - Sync 1 DAGs
[2023-07-05T14:16:00.923+0000] {logging_mixin.py:149} INFO - [2023-07-05T14:16:00.923+0000] {dag.py:3490} INFO - Setting next_dagrun for assignment to None, run_after=None
[2023-07-05T14:16:00.947+0000] {processor.py:179} INFO - Processing /opt/airflow/dags/assignment.py took 0.116 seconds
[2023-07-05T14:16:25.022+0000] {processor.py:157} INFO - Started process (PID=82) to work on /opt/airflow/dags/assignment.py
[2023-07-05T14:16:25.023+0000] {processor.py:826} INFO - Processing file /opt/airflow/dags/assignment.py for tasks to queue
[2023-07-05T14:16:25.024+0000] {logging_mixin.py:149} INFO - [2023-07-05T14:16:25.024+0000] {dagbag.py:541} INFO - Filling up the DagBag from /opt/airflow/dags/assignment.py
[2023-07-05T14:16:25.028+0000] {logging_mixin.py:149} INFO - [2023-07-05T14:16:25.027+0000] {dagbag.py:350} ERROR - Failed to import: /opt/airflow/dags/assignment.py
Traceback (most recent call last):
  File "/home/airflow/.local/lib/python3.7/site-packages/airflow/models/dagbag.py", line 346, in parse
    loader.exec_module(new_module)
  File "<frozen importlib._bootstrap_external>", line 724, in exec_module
  File "<frozen importlib._bootstrap_external>", line 860, in get_code
  File "<frozen importlib._bootstrap_external>", line 791, in source_to_code
  File "<frozen importlib._bootstrap>", line 219, in _call_with_frames_removed
  File "/opt/airflow/dags/assignment.py", line 48
    write_flights_to_json(response_text, 'flights.json')
                        ^
IndentationError: expected an indented block
[2023-07-05T14:16:25.029+0000] {processor.py:838} WARNING - No viable dags retrieved from /opt/airflow/dags/assignment.py
[2023-07-05T14:16:25.063+0000] {processor.py:179} INFO - Processing /opt/airflow/dags/assignment.py took 0.048 seconds
[2023-07-05T14:16:29.046+0000] {processor.py:157} INFO - Started process (PID=83) to work on /opt/airflow/dags/assignment.py
[2023-07-05T14:16:29.047+0000] {processor.py:826} INFO - Processing file /opt/airflow/dags/assignment.py for tasks to queue
[2023-07-05T14:16:29.048+0000] {logging_mixin.py:149} INFO - [2023-07-05T14:16:29.047+0000] {dagbag.py:541} INFO - Filling up the DagBag from /opt/airflow/dags/assignment.py
[2023-07-05T14:16:29.064+0000] {logging_mixin.py:149} INFO - [2023-07-05T14:16:29.055+0000] {dagbag.py:350} ERROR - Failed to import: /opt/airflow/dags/assignment.py
Traceback (most recent call last):
  File "/home/airflow/.local/lib/python3.7/site-packages/airflow/models/dagbag.py", line 346, in parse
    loader.exec_module(new_module)
  File "<frozen importlib._bootstrap_external>", line 728, in exec_module
  File "<frozen importlib._bootstrap>", line 219, in _call_with_frames_removed
  File "/opt/airflow/dags/assignment.py", line 50, in <module>
    _ = assignment()
  File "/home/airflow/.local/lib/python3.7/site-packages/airflow/models/dag.py", line 3604, in factory
    f(**f_kwargs)
  File "/opt/airflow/dags/assignment.py", line 48, in assignment
    write_flights_to_json(response_text, 'flights.json')
  File "/home/airflow/.local/lib/python3.7/site-packages/airflow/decorators/base.py", line 345, in __call__
    **self.kwargs,
  File "/home/airflow/.local/lib/python3.7/site-packages/airflow/models/baseoperator.py", line 429, in apply_defaults
    result = func(self, **kwargs, default_args=default_args)
  File "/home/airflow/.local/lib/python3.7/site-packages/airflow/decorators/python.py", line 54, in __init__
    **kwargs,
  File "/home/airflow/.local/lib/python3.7/site-packages/airflow/models/baseoperator.py", line 429, in apply_defaults
    result = func(self, **kwargs, default_args=default_args)
  File "/home/airflow/.local/lib/python3.7/site-packages/airflow/decorators/base.py", line 207, in __init__
    inspect.signature(python_callable).bind(*op_args, **op_kwargs)
  File "/usr/local/lib/python3.7/inspect.py", line 3015, in bind
    return args[0]._bind(args[1:], kwargs)
  File "/usr/local/lib/python3.7/inspect.py", line 2936, in _bind
    raise TypeError('too many positional arguments') from None
TypeError: too many positional arguments
[2023-07-05T14:16:29.064+0000] {processor.py:838} WARNING - No viable dags retrieved from /opt/airflow/dags/assignment.py
[2023-07-05T14:16:29.098+0000] {processor.py:179} INFO - Processing /opt/airflow/dags/assignment.py took 0.056 seconds
[2023-07-05T14:16:57.282+0000] {processor.py:157} INFO - Started process (PID=90) to work on /opt/airflow/dags/assignment.py
[2023-07-05T14:16:57.285+0000] {processor.py:826} INFO - Processing file /opt/airflow/dags/assignment.py for tasks to queue
[2023-07-05T14:16:57.286+0000] {logging_mixin.py:149} INFO - [2023-07-05T14:16:57.286+0000] {dagbag.py:541} INFO - Filling up the DagBag from /opt/airflow/dags/assignment.py
[2023-07-05T14:16:57.298+0000] {processor.py:836} INFO - DAG(s) dict_keys(['assignment']) retrieved from /opt/airflow/dags/assignment.py
[2023-07-05T14:16:57.493+0000] {logging_mixin.py:149} INFO - [2023-07-05T14:16:57.492+0000] {dag.py:2726} INFO - Sync 1 DAGs
[2023-07-05T14:16:57.528+0000] {logging_mixin.py:149} INFO - [2023-07-05T14:16:57.528+0000] {dag.py:3490} INFO - Setting next_dagrun for assignment to None, run_after=None
[2023-07-05T14:16:57.568+0000] {processor.py:179} INFO - Processing /opt/airflow/dags/assignment.py took 0.298 seconds
[2023-07-05T14:17:27.751+0000] {processor.py:157} INFO - Started process (PID=99) to work on /opt/airflow/dags/assignment.py
[2023-07-05T14:17:27.752+0000] {processor.py:826} INFO - Processing file /opt/airflow/dags/assignment.py for tasks to queue
[2023-07-05T14:17:27.754+0000] {logging_mixin.py:149} INFO - [2023-07-05T14:17:27.754+0000] {dagbag.py:541} INFO - Filling up the DagBag from /opt/airflow/dags/assignment.py
[2023-07-05T14:17:27.767+0000] {processor.py:836} INFO - DAG(s) dict_keys(['assignment']) retrieved from /opt/airflow/dags/assignment.py
[2023-07-05T14:17:27.817+0000] {logging_mixin.py:149} INFO - [2023-07-05T14:17:27.817+0000] {dag.py:2726} INFO - Sync 1 DAGs
[2023-07-05T14:17:27.867+0000] {logging_mixin.py:149} INFO - [2023-07-05T14:17:27.867+0000] {dag.py:3490} INFO - Setting next_dagrun for assignment to None, run_after=None
[2023-07-05T14:17:27.895+0000] {processor.py:179} INFO - Processing /opt/airflow/dags/assignment.py took 0.150 seconds
[2023-07-05T14:17:58.061+0000] {processor.py:157} INFO - Started process (PID=107) to work on /opt/airflow/dags/assignment.py
[2023-07-05T14:17:58.063+0000] {processor.py:826} INFO - Processing file /opt/airflow/dags/assignment.py for tasks to queue
[2023-07-05T14:17:58.064+0000] {logging_mixin.py:149} INFO - [2023-07-05T14:17:58.063+0000] {dagbag.py:541} INFO - Filling up the DagBag from /opt/airflow/dags/assignment.py
[2023-07-05T14:17:58.075+0000] {processor.py:836} INFO - DAG(s) dict_keys(['assignment']) retrieved from /opt/airflow/dags/assignment.py
[2023-07-05T14:17:58.134+0000] {logging_mixin.py:149} INFO - [2023-07-05T14:17:58.133+0000] {dag.py:2726} INFO - Sync 1 DAGs
[2023-07-05T14:17:58.181+0000] {logging_mixin.py:149} INFO - [2023-07-05T14:17:58.181+0000] {dag.py:3490} INFO - Setting next_dagrun for assignment to None, run_after=None
[2023-07-05T14:17:58.206+0000] {processor.py:179} INFO - Processing /opt/airflow/dags/assignment.py took 0.149 seconds
[2023-07-05T14:18:28.240+0000] {processor.py:157} INFO - Started process (PID=115) to work on /opt/airflow/dags/assignment.py
[2023-07-05T14:18:28.242+0000] {processor.py:826} INFO - Processing file /opt/airflow/dags/assignment.py for tasks to queue
[2023-07-05T14:18:28.243+0000] {logging_mixin.py:149} INFO - [2023-07-05T14:18:28.243+0000] {dagbag.py:541} INFO - Filling up the DagBag from /opt/airflow/dags/assignment.py
[2023-07-05T14:18:28.253+0000] {processor.py:836} INFO - DAG(s) dict_keys(['assignment']) retrieved from /opt/airflow/dags/assignment.py
[2023-07-05T14:18:28.300+0000] {logging_mixin.py:149} INFO - [2023-07-05T14:18:28.300+0000] {dag.py:2726} INFO - Sync 1 DAGs
[2023-07-05T14:18:28.346+0000] {logging_mixin.py:149} INFO - [2023-07-05T14:18:28.346+0000] {dag.py:3490} INFO - Setting next_dagrun for assignment to None, run_after=None
[2023-07-05T14:18:28.375+0000] {processor.py:179} INFO - Processing /opt/airflow/dags/assignment.py took 0.139 seconds
[2023-07-05T14:18:58.546+0000] {processor.py:157} INFO - Started process (PID=123) to work on /opt/airflow/dags/assignment.py
[2023-07-05T14:18:58.546+0000] {processor.py:826} INFO - Processing file /opt/airflow/dags/assignment.py for tasks to queue
[2023-07-05T14:18:58.547+0000] {logging_mixin.py:149} INFO - [2023-07-05T14:18:58.547+0000] {dagbag.py:541} INFO - Filling up the DagBag from /opt/airflow/dags/assignment.py
[2023-07-05T14:18:58.555+0000] {processor.py:836} INFO - DAG(s) dict_keys(['assignment']) retrieved from /opt/airflow/dags/assignment.py
[2023-07-05T14:18:58.603+0000] {logging_mixin.py:149} INFO - [2023-07-05T14:18:58.603+0000] {dag.py:2726} INFO - Sync 1 DAGs
[2023-07-05T14:18:58.645+0000] {logging_mixin.py:149} INFO - [2023-07-05T14:18:58.645+0000] {dag.py:3490} INFO - Setting next_dagrun for assignment to None, run_after=None
[2023-07-05T14:18:58.669+0000] {processor.py:179} INFO - Processing /opt/airflow/dags/assignment.py took 0.127 seconds
[2023-07-05T14:19:28.716+0000] {processor.py:157} INFO - Started process (PID=131) to work on /opt/airflow/dags/assignment.py
[2023-07-05T14:19:28.719+0000] {processor.py:826} INFO - Processing file /opt/airflow/dags/assignment.py for tasks to queue
[2023-07-05T14:19:28.720+0000] {logging_mixin.py:149} INFO - [2023-07-05T14:19:28.720+0000] {dagbag.py:541} INFO - Filling up the DagBag from /opt/airflow/dags/assignment.py
[2023-07-05T14:19:28.732+0000] {processor.py:836} INFO - DAG(s) dict_keys(['assignment']) retrieved from /opt/airflow/dags/assignment.py
[2023-07-05T14:19:28.784+0000] {logging_mixin.py:149} INFO - [2023-07-05T14:19:28.783+0000] {dag.py:2726} INFO - Sync 1 DAGs
[2023-07-05T14:19:28.830+0000] {logging_mixin.py:149} INFO - [2023-07-05T14:19:28.830+0000] {dag.py:3490} INFO - Setting next_dagrun for assignment to None, run_after=None
[2023-07-05T14:19:28.859+0000] {processor.py:179} INFO - Processing /opt/airflow/dags/assignment.py took 0.148 seconds
[2023-07-05T14:19:30.832+0000] {processor.py:157} INFO - Started process (PID=132) to work on /opt/airflow/dags/assignment.py
[2023-07-05T14:19:30.833+0000] {processor.py:826} INFO - Processing file /opt/airflow/dags/assignment.py for tasks to queue
[2023-07-05T14:19:30.834+0000] {logging_mixin.py:149} INFO - [2023-07-05T14:19:30.834+0000] {dagbag.py:541} INFO - Filling up the DagBag from /opt/airflow/dags/assignment.py
[2023-07-05T14:19:30.849+0000] {processor.py:836} INFO - DAG(s) dict_keys(['assignment']) retrieved from /opt/airflow/dags/assignment.py
[2023-07-05T14:19:30.887+0000] {logging_mixin.py:149} INFO - [2023-07-05T14:19:30.886+0000] {dag.py:2726} INFO - Sync 1 DAGs
[2023-07-05T14:19:30.926+0000] {logging_mixin.py:149} INFO - [2023-07-05T14:19:30.926+0000] {dag.py:3490} INFO - Setting next_dagrun for assignment to None, run_after=None
[2023-07-05T14:19:30.955+0000] {processor.py:179} INFO - Processing /opt/airflow/dags/assignment.py took 0.128 seconds
[2023-07-05T14:20:01.072+0000] {processor.py:157} INFO - Started process (PID=140) to work on /opt/airflow/dags/assignment.py
[2023-07-05T14:20:01.074+0000] {processor.py:826} INFO - Processing file /opt/airflow/dags/assignment.py for tasks to queue
[2023-07-05T14:20:01.075+0000] {logging_mixin.py:149} INFO - [2023-07-05T14:20:01.075+0000] {dagbag.py:541} INFO - Filling up the DagBag from /opt/airflow/dags/assignment.py
[2023-07-05T14:20:01.087+0000] {processor.py:836} INFO - DAG(s) dict_keys(['assignment']) retrieved from /opt/airflow/dags/assignment.py
[2023-07-05T14:20:01.142+0000] {logging_mixin.py:149} INFO - [2023-07-05T14:20:01.142+0000] {dag.py:2726} INFO - Sync 1 DAGs
[2023-07-05T14:20:01.187+0000] {logging_mixin.py:149} INFO - [2023-07-05T14:20:01.187+0000] {dag.py:3490} INFO - Setting next_dagrun for assignment to None, run_after=None
[2023-07-05T14:20:01.217+0000] {processor.py:179} INFO - Processing /opt/airflow/dags/assignment.py took 0.151 seconds
[2023-07-05T14:20:31.315+0000] {processor.py:157} INFO - Started process (PID=148) to work on /opt/airflow/dags/assignment.py
[2023-07-05T14:20:31.316+0000] {processor.py:826} INFO - Processing file /opt/airflow/dags/assignment.py for tasks to queue
[2023-07-05T14:20:31.317+0000] {logging_mixin.py:149} INFO - [2023-07-05T14:20:31.317+0000] {dagbag.py:541} INFO - Filling up the DagBag from /opt/airflow/dags/assignment.py
[2023-07-05T14:20:31.327+0000] {processor.py:836} INFO - DAG(s) dict_keys(['assignment']) retrieved from /opt/airflow/dags/assignment.py
[2023-07-05T14:20:31.364+0000] {logging_mixin.py:149} INFO - [2023-07-05T14:20:31.364+0000] {dag.py:2726} INFO - Sync 1 DAGs
[2023-07-05T14:20:31.397+0000] {logging_mixin.py:149} INFO - [2023-07-05T14:20:31.397+0000] {dag.py:3490} INFO - Setting next_dagrun for assignment to None, run_after=None
[2023-07-05T14:20:31.419+0000] {processor.py:179} INFO - Processing /opt/airflow/dags/assignment.py took 0.108 seconds
[2023-07-05T14:21:01.563+0000] {processor.py:157} INFO - Started process (PID=156) to work on /opt/airflow/dags/assignment.py
[2023-07-05T14:21:01.566+0000] {processor.py:826} INFO - Processing file /opt/airflow/dags/assignment.py for tasks to queue
[2023-07-05T14:21:01.567+0000] {logging_mixin.py:149} INFO - [2023-07-05T14:21:01.567+0000] {dagbag.py:541} INFO - Filling up the DagBag from /opt/airflow/dags/assignment.py
[2023-07-05T14:21:01.588+0000] {processor.py:836} INFO - DAG(s) dict_keys(['assignment']) retrieved from /opt/airflow/dags/assignment.py
[2023-07-05T14:21:01.697+0000] {logging_mixin.py:149} INFO - [2023-07-05T14:21:01.696+0000] {dag.py:2726} INFO - Sync 1 DAGs
[2023-07-05T14:21:01.750+0000] {logging_mixin.py:149} INFO - [2023-07-05T14:21:01.749+0000] {dag.py:3490} INFO - Setting next_dagrun for assignment to None, run_after=None
[2023-07-05T14:21:01.782+0000] {processor.py:179} INFO - Processing /opt/airflow/dags/assignment.py took 0.231 seconds
[2023-07-05T14:21:06.630+0000] {processor.py:157} INFO - Started process (PID=157) to work on /opt/airflow/dags/assignment.py
[2023-07-05T14:21:06.635+0000] {processor.py:826} INFO - Processing file /opt/airflow/dags/assignment.py for tasks to queue
[2023-07-05T14:21:06.638+0000] {logging_mixin.py:149} INFO - [2023-07-05T14:21:06.637+0000] {dagbag.py:541} INFO - Filling up the DagBag from /opt/airflow/dags/assignment.py
[2023-07-05T14:21:06.692+0000] {processor.py:836} INFO - DAG(s) dict_keys(['assignment']) retrieved from /opt/airflow/dags/assignment.py
[2023-07-05T14:21:06.860+0000] {logging_mixin.py:149} INFO - [2023-07-05T14:21:06.860+0000] {dag.py:2726} INFO - Sync 1 DAGs
[2023-07-05T14:21:06.906+0000] {logging_mixin.py:149} INFO - [2023-07-05T14:21:06.906+0000] {dag.py:3490} INFO - Setting next_dagrun for assignment to None, run_after=None
[2023-07-05T14:21:06.936+0000] {processor.py:179} INFO - Processing /opt/airflow/dags/assignment.py took 0.312 seconds
[2023-07-05T14:21:10.856+0000] {processor.py:157} INFO - Started process (PID=158) to work on /opt/airflow/dags/assignment.py
[2023-07-05T14:21:10.858+0000] {processor.py:826} INFO - Processing file /opt/airflow/dags/assignment.py for tasks to queue
[2023-07-05T14:21:10.859+0000] {logging_mixin.py:149} INFO - [2023-07-05T14:21:10.859+0000] {dagbag.py:541} INFO - Filling up the DagBag from /opt/airflow/dags/assignment.py
[2023-07-05T14:21:10.870+0000] {processor.py:836} INFO - DAG(s) dict_keys(['assignment']) retrieved from /opt/airflow/dags/assignment.py
[2023-07-05T14:21:10.916+0000] {logging_mixin.py:149} INFO - [2023-07-05T14:21:10.913+0000] {dag.py:2726} INFO - Sync 1 DAGs
[2023-07-05T14:21:10.953+0000] {logging_mixin.py:149} INFO - [2023-07-05T14:21:10.953+0000] {dag.py:3490} INFO - Setting next_dagrun for assignment to None, run_after=None
[2023-07-05T14:21:10.982+0000] {processor.py:179} INFO - Processing /opt/airflow/dags/assignment.py took 0.130 seconds
[2023-07-05T14:21:41.160+0000] {processor.py:157} INFO - Started process (PID=165) to work on /opt/airflow/dags/assignment.py
[2023-07-05T14:21:41.161+0000] {processor.py:826} INFO - Processing file /opt/airflow/dags/assignment.py for tasks to queue
[2023-07-05T14:21:41.163+0000] {logging_mixin.py:149} INFO - [2023-07-05T14:21:41.162+0000] {dagbag.py:541} INFO - Filling up the DagBag from /opt/airflow/dags/assignment.py
[2023-07-05T14:21:41.178+0000] {processor.py:836} INFO - DAG(s) dict_keys(['assignment']) retrieved from /opt/airflow/dags/assignment.py
[2023-07-05T14:21:41.234+0000] {logging_mixin.py:149} INFO - [2023-07-05T14:21:41.234+0000] {dag.py:2726} INFO - Sync 1 DAGs
[2023-07-05T14:21:41.278+0000] {logging_mixin.py:149} INFO - [2023-07-05T14:21:41.277+0000] {dag.py:3490} INFO - Setting next_dagrun for assignment to None, run_after=None
[2023-07-05T14:21:41.314+0000] {processor.py:179} INFO - Processing /opt/airflow/dags/assignment.py took 0.159 seconds
[2023-07-05T14:22:11.480+0000] {processor.py:157} INFO - Started process (PID=173) to work on /opt/airflow/dags/assignment.py
[2023-07-05T14:22:11.482+0000] {processor.py:826} INFO - Processing file /opt/airflow/dags/assignment.py for tasks to queue
[2023-07-05T14:22:11.482+0000] {logging_mixin.py:149} INFO - [2023-07-05T14:22:11.482+0000] {dagbag.py:541} INFO - Filling up the DagBag from /opt/airflow/dags/assignment.py
[2023-07-05T14:22:11.494+0000] {processor.py:836} INFO - DAG(s) dict_keys(['assignment']) retrieved from /opt/airflow/dags/assignment.py
[2023-07-05T14:22:11.532+0000] {logging_mixin.py:149} INFO - [2023-07-05T14:22:11.531+0000] {dag.py:2726} INFO - Sync 1 DAGs
[2023-07-05T14:22:11.566+0000] {logging_mixin.py:149} INFO - [2023-07-05T14:22:11.566+0000] {dag.py:3490} INFO - Setting next_dagrun for assignment to None, run_after=None
[2023-07-05T14:22:11.590+0000] {processor.py:179} INFO - Processing /opt/airflow/dags/assignment.py took 0.114 seconds
[2023-07-05T14:22:41.643+0000] {processor.py:157} INFO - Started process (PID=181) to work on /opt/airflow/dags/assignment.py
[2023-07-05T14:22:41.644+0000] {processor.py:826} INFO - Processing file /opt/airflow/dags/assignment.py for tasks to queue
[2023-07-05T14:22:41.645+0000] {logging_mixin.py:149} INFO - [2023-07-05T14:22:41.645+0000] {dagbag.py:541} INFO - Filling up the DagBag from /opt/airflow/dags/assignment.py
[2023-07-05T14:22:41.655+0000] {processor.py:836} INFO - DAG(s) dict_keys(['assignment']) retrieved from /opt/airflow/dags/assignment.py
[2023-07-05T14:22:41.693+0000] {logging_mixin.py:149} INFO - [2023-07-05T14:22:41.693+0000] {dag.py:2726} INFO - Sync 1 DAGs
[2023-07-05T14:22:41.733+0000] {logging_mixin.py:149} INFO - [2023-07-05T14:22:41.732+0000] {dag.py:3490} INFO - Setting next_dagrun for assignment to None, run_after=None
[2023-07-05T14:22:41.760+0000] {processor.py:179} INFO - Processing /opt/airflow/dags/assignment.py took 0.121 seconds
[2023-07-05T14:23:09.905+0000] {processor.py:157} INFO - Started process (PID=189) to work on /opt/airflow/dags/assignment.py
[2023-07-05T14:23:09.906+0000] {processor.py:826} INFO - Processing file /opt/airflow/dags/assignment.py for tasks to queue
[2023-07-05T14:23:09.907+0000] {logging_mixin.py:149} INFO - [2023-07-05T14:23:09.906+0000] {dagbag.py:541} INFO - Filling up the DagBag from /opt/airflow/dags/assignment.py
[2023-07-05T14:23:09.919+0000] {processor.py:836} INFO - DAG(s) dict_keys(['assignment']) retrieved from /opt/airflow/dags/assignment.py
[2023-07-05T14:23:09.973+0000] {logging_mixin.py:149} INFO - [2023-07-05T14:23:09.973+0000] {dag.py:2726} INFO - Sync 1 DAGs
[2023-07-05T14:23:10.016+0000] {logging_mixin.py:149} INFO - [2023-07-05T14:23:10.016+0000] {dag.py:3490} INFO - Setting next_dagrun for assignment to None, run_after=None
[2023-07-05T14:23:10.053+0000] {processor.py:179} INFO - Processing /opt/airflow/dags/assignment.py took 0.152 seconds
[2023-07-05T14:23:40.133+0000] {processor.py:157} INFO - Started process (PID=197) to work on /opt/airflow/dags/assignment.py
[2023-07-05T14:23:40.135+0000] {processor.py:826} INFO - Processing file /opt/airflow/dags/assignment.py for tasks to queue
[2023-07-05T14:23:40.136+0000] {logging_mixin.py:149} INFO - [2023-07-05T14:23:40.136+0000] {dagbag.py:541} INFO - Filling up the DagBag from /opt/airflow/dags/assignment.py
[2023-07-05T14:23:40.149+0000] {processor.py:836} INFO - DAG(s) dict_keys(['assignment']) retrieved from /opt/airflow/dags/assignment.py
[2023-07-05T14:23:40.192+0000] {logging_mixin.py:149} INFO - [2023-07-05T14:23:40.191+0000] {dag.py:2726} INFO - Sync 1 DAGs
[2023-07-05T14:23:40.236+0000] {logging_mixin.py:149} INFO - [2023-07-05T14:23:40.236+0000] {dag.py:3490} INFO - Setting next_dagrun for assignment to None, run_after=None
[2023-07-05T14:23:40.258+0000] {processor.py:179} INFO - Processing /opt/airflow/dags/assignment.py took 0.129 seconds
[2023-07-05T14:24:10.363+0000] {processor.py:157} INFO - Started process (PID=205) to work on /opt/airflow/dags/assignment.py
[2023-07-05T14:24:10.365+0000] {processor.py:826} INFO - Processing file /opt/airflow/dags/assignment.py for tasks to queue
[2023-07-05T14:24:10.366+0000] {logging_mixin.py:149} INFO - [2023-07-05T14:24:10.366+0000] {dagbag.py:541} INFO - Filling up the DagBag from /opt/airflow/dags/assignment.py
[2023-07-05T14:24:10.376+0000] {processor.py:836} INFO - DAG(s) dict_keys(['assignment']) retrieved from /opt/airflow/dags/assignment.py
[2023-07-05T14:24:10.424+0000] {logging_mixin.py:149} INFO - [2023-07-05T14:24:10.424+0000] {dag.py:2726} INFO - Sync 1 DAGs
[2023-07-05T14:24:10.463+0000] {logging_mixin.py:149} INFO - [2023-07-05T14:24:10.462+0000] {dag.py:3490} INFO - Setting next_dagrun for assignment to None, run_after=None
[2023-07-05T14:24:10.489+0000] {processor.py:179} INFO - Processing /opt/airflow/dags/assignment.py took 0.130 seconds
[2023-07-05T14:24:33.527+0000] {processor.py:157} INFO - Started process (PID=214) to work on /opt/airflow/dags/assignment.py
[2023-07-05T14:24:33.529+0000] {processor.py:826} INFO - Processing file /opt/airflow/dags/assignment.py for tasks to queue
[2023-07-05T14:24:33.530+0000] {logging_mixin.py:149} INFO - [2023-07-05T14:24:33.530+0000] {dagbag.py:541} INFO - Filling up the DagBag from /opt/airflow/dags/assignment.py
[2023-07-05T14:24:33.545+0000] {processor.py:836} INFO - DAG(s) dict_keys(['assignment']) retrieved from /opt/airflow/dags/assignment.py
[2023-07-05T14:24:33.595+0000] {logging_mixin.py:149} INFO - [2023-07-05T14:24:33.595+0000] {dag.py:2726} INFO - Sync 1 DAGs
[2023-07-05T14:24:33.643+0000] {logging_mixin.py:149} INFO - [2023-07-05T14:24:33.643+0000] {dag.py:3490} INFO - Setting next_dagrun for assignment to None, run_after=None
[2023-07-05T14:24:33.682+0000] {processor.py:179} INFO - Processing /opt/airflow/dags/assignment.py took 0.162 seconds
[2023-07-05T14:25:03.782+0000] {processor.py:157} INFO - Started process (PID=221) to work on /opt/airflow/dags/assignment.py
[2023-07-05T14:25:03.784+0000] {processor.py:826} INFO - Processing file /opt/airflow/dags/assignment.py for tasks to queue
[2023-07-05T14:25:03.785+0000] {logging_mixin.py:149} INFO - [2023-07-05T14:25:03.784+0000] {dagbag.py:541} INFO - Filling up the DagBag from /opt/airflow/dags/assignment.py
[2023-07-05T14:25:03.796+0000] {processor.py:836} INFO - DAG(s) dict_keys(['assignment']) retrieved from /opt/airflow/dags/assignment.py
[2023-07-05T14:25:03.838+0000] {logging_mixin.py:149} INFO - [2023-07-05T14:25:03.838+0000] {dag.py:2726} INFO - Sync 1 DAGs
[2023-07-05T14:25:03.879+0000] {logging_mixin.py:149} INFO - [2023-07-05T14:25:03.879+0000] {dag.py:3490} INFO - Setting next_dagrun for assignment to None, run_after=None
[2023-07-05T14:25:03.904+0000] {processor.py:179} INFO - Processing /opt/airflow/dags/assignment.py took 0.127 seconds
[2023-07-05T14:25:34.003+0000] {processor.py:157} INFO - Started process (PID=228) to work on /opt/airflow/dags/assignment.py
[2023-07-05T14:25:34.005+0000] {processor.py:826} INFO - Processing file /opt/airflow/dags/assignment.py for tasks to queue
[2023-07-05T14:25:34.006+0000] {logging_mixin.py:149} INFO - [2023-07-05T14:25:34.006+0000] {dagbag.py:541} INFO - Filling up the DagBag from /opt/airflow/dags/assignment.py
[2023-07-05T14:25:34.020+0000] {processor.py:836} INFO - DAG(s) dict_keys(['assignment']) retrieved from /opt/airflow/dags/assignment.py
[2023-07-05T14:25:34.079+0000] {logging_mixin.py:149} INFO - [2023-07-05T14:25:34.079+0000] {dag.py:2726} INFO - Sync 1 DAGs
[2023-07-05T14:25:34.129+0000] {logging_mixin.py:149} INFO - [2023-07-05T14:25:34.129+0000] {dag.py:3490} INFO - Setting next_dagrun for assignment to None, run_after=None
[2023-07-05T14:25:34.157+0000] {processor.py:179} INFO - Processing /opt/airflow/dags/assignment.py took 0.159 seconds
[2023-07-05T14:25:55.197+0000] {processor.py:157} INFO - Started process (PID=236) to work on /opt/airflow/dags/assignment.py
[2023-07-05T14:25:55.198+0000] {processor.py:826} INFO - Processing file /opt/airflow/dags/assignment.py for tasks to queue
[2023-07-05T14:25:55.199+0000] {logging_mixin.py:149} INFO - [2023-07-05T14:25:55.199+0000] {dagbag.py:541} INFO - Filling up the DagBag from /opt/airflow/dags/assignment.py
[2023-07-05T14:25:55.210+0000] {processor.py:836} INFO - DAG(s) dict_keys(['assignment']) retrieved from /opt/airflow/dags/assignment.py
[2023-07-05T14:25:55.245+0000] {logging_mixin.py:149} INFO - [2023-07-05T14:25:55.245+0000] {dag.py:2726} INFO - Sync 1 DAGs
[2023-07-05T14:25:55.279+0000] {logging_mixin.py:149} INFO - [2023-07-05T14:25:55.279+0000] {dag.py:3490} INFO - Setting next_dagrun for assignment to None, run_after=None
[2023-07-05T14:25:55.310+0000] {processor.py:179} INFO - Processing /opt/airflow/dags/assignment.py took 0.117 seconds
[2023-07-05T14:25:59.304+0000] {processor.py:157} INFO - Started process (PID=237) to work on /opt/airflow/dags/assignment.py
[2023-07-05T14:25:59.306+0000] {processor.py:826} INFO - Processing file /opt/airflow/dags/assignment.py for tasks to queue
[2023-07-05T14:25:59.307+0000] {logging_mixin.py:149} INFO - [2023-07-05T14:25:59.307+0000] {dagbag.py:541} INFO - Filling up the DagBag from /opt/airflow/dags/assignment.py
[2023-07-05T14:25:59.319+0000] {processor.py:836} INFO - DAG(s) dict_keys(['assignment']) retrieved from /opt/airflow/dags/assignment.py
[2023-07-05T14:25:59.359+0000] {logging_mixin.py:149} INFO - [2023-07-05T14:25:59.358+0000] {dag.py:2726} INFO - Sync 1 DAGs
[2023-07-05T14:25:59.395+0000] {logging_mixin.py:149} INFO - [2023-07-05T14:25:59.395+0000] {dag.py:3490} INFO - Setting next_dagrun for assignment to None, run_after=None
[2023-07-05T14:25:59.433+0000] {processor.py:179} INFO - Processing /opt/airflow/dags/assignment.py took 0.134 seconds
[2023-07-05T14:26:12.426+0000] {processor.py:157} INFO - Started process (PID=238) to work on /opt/airflow/dags/assignment.py
[2023-07-05T14:26:12.428+0000] {processor.py:826} INFO - Processing file /opt/airflow/dags/assignment.py for tasks to queue
[2023-07-05T14:26:12.429+0000] {logging_mixin.py:149} INFO - [2023-07-05T14:26:12.429+0000] {dagbag.py:541} INFO - Filling up the DagBag from /opt/airflow/dags/assignment.py
[2023-07-05T14:26:12.439+0000] {processor.py:836} INFO - DAG(s) dict_keys(['assignment']) retrieved from /opt/airflow/dags/assignment.py
[2023-07-05T14:26:12.481+0000] {logging_mixin.py:149} INFO - [2023-07-05T14:26:12.481+0000] {dag.py:2726} INFO - Sync 1 DAGs
[2023-07-05T14:26:12.519+0000] {logging_mixin.py:149} INFO - [2023-07-05T14:26:12.519+0000] {dag.py:3490} INFO - Setting next_dagrun for assignment to None, run_after=None
[2023-07-05T14:26:12.553+0000] {processor.py:179} INFO - Processing /opt/airflow/dags/assignment.py took 0.131 seconds
[2023-07-05T14:26:42.696+0000] {processor.py:157} INFO - Started process (PID=246) to work on /opt/airflow/dags/assignment.py
[2023-07-05T14:26:42.698+0000] {processor.py:826} INFO - Processing file /opt/airflow/dags/assignment.py for tasks to queue
[2023-07-05T14:26:42.699+0000] {logging_mixin.py:149} INFO - [2023-07-05T14:26:42.699+0000] {dagbag.py:541} INFO - Filling up the DagBag from /opt/airflow/dags/assignment.py
[2023-07-05T14:26:42.712+0000] {processor.py:836} INFO - DAG(s) dict_keys(['assignment']) retrieved from /opt/airflow/dags/assignment.py
[2023-07-05T14:26:42.766+0000] {logging_mixin.py:149} INFO - [2023-07-05T14:26:42.766+0000] {dag.py:2726} INFO - Sync 1 DAGs
[2023-07-05T14:26:42.807+0000] {logging_mixin.py:149} INFO - [2023-07-05T14:26:42.807+0000] {dag.py:3490} INFO - Setting next_dagrun for assignment to None, run_after=None
[2023-07-05T14:26:42.835+0000] {processor.py:179} INFO - Processing /opt/airflow/dags/assignment.py took 0.145 seconds
[2023-07-05T14:27:12.868+0000] {processor.py:157} INFO - Started process (PID=254) to work on /opt/airflow/dags/assignment.py
[2023-07-05T14:27:12.870+0000] {processor.py:826} INFO - Processing file /opt/airflow/dags/assignment.py for tasks to queue
[2023-07-05T14:27:12.871+0000] {logging_mixin.py:149} INFO - [2023-07-05T14:27:12.871+0000] {dagbag.py:541} INFO - Filling up the DagBag from /opt/airflow/dags/assignment.py
[2023-07-05T14:27:12.885+0000] {processor.py:836} INFO - DAG(s) dict_keys(['assignment']) retrieved from /opt/airflow/dags/assignment.py
[2023-07-05T14:27:12.929+0000] {logging_mixin.py:149} INFO - [2023-07-05T14:27:12.929+0000] {dag.py:2726} INFO - Sync 1 DAGs
[2023-07-05T14:27:12.964+0000] {logging_mixin.py:149} INFO - [2023-07-05T14:27:12.964+0000] {dag.py:3490} INFO - Setting next_dagrun for assignment to None, run_after=None
[2023-07-05T14:27:12.992+0000] {processor.py:179} INFO - Processing /opt/airflow/dags/assignment.py took 0.129 seconds
[2023-07-05T14:27:43.160+0000] {processor.py:157} INFO - Started process (PID=263) to work on /opt/airflow/dags/assignment.py
[2023-07-05T14:27:43.162+0000] {processor.py:826} INFO - Processing file /opt/airflow/dags/assignment.py for tasks to queue
[2023-07-05T14:27:43.163+0000] {logging_mixin.py:149} INFO - [2023-07-05T14:27:43.163+0000] {dagbag.py:541} INFO - Filling up the DagBag from /opt/airflow/dags/assignment.py
[2023-07-05T14:27:43.174+0000] {processor.py:836} INFO - DAG(s) dict_keys(['assignment']) retrieved from /opt/airflow/dags/assignment.py
[2023-07-05T14:27:43.221+0000] {logging_mixin.py:149} INFO - [2023-07-05T14:27:43.221+0000] {dag.py:2726} INFO - Sync 1 DAGs
[2023-07-05T14:27:43.261+0000] {logging_mixin.py:149} INFO - [2023-07-05T14:27:43.260+0000] {dag.py:3490} INFO - Setting next_dagrun for assignment to None, run_after=None
[2023-07-05T14:27:43.290+0000] {processor.py:179} INFO - Processing /opt/airflow/dags/assignment.py took 0.134 seconds
[2023-07-05T14:28:13.353+0000] {processor.py:157} INFO - Started process (PID=271) to work on /opt/airflow/dags/assignment.py
[2023-07-05T14:28:13.355+0000] {processor.py:826} INFO - Processing file /opt/airflow/dags/assignment.py for tasks to queue
[2023-07-05T14:28:13.357+0000] {logging_mixin.py:149} INFO - [2023-07-05T14:28:13.357+0000] {dagbag.py:541} INFO - Filling up the DagBag from /opt/airflow/dags/assignment.py
[2023-07-05T14:28:13.370+0000] {processor.py:836} INFO - DAG(s) dict_keys(['assignment']) retrieved from /opt/airflow/dags/assignment.py
[2023-07-05T14:28:13.426+0000] {logging_mixin.py:149} INFO - [2023-07-05T14:28:13.425+0000] {dag.py:2726} INFO - Sync 1 DAGs
[2023-07-05T14:28:13.472+0000] {logging_mixin.py:149} INFO - [2023-07-05T14:28:13.472+0000] {dag.py:3490} INFO - Setting next_dagrun for assignment to None, run_after=None
[2023-07-05T14:28:13.505+0000] {processor.py:179} INFO - Processing /opt/airflow/dags/assignment.py took 0.160 seconds
[2023-07-05T14:28:43.658+0000] {processor.py:157} INFO - Started process (PID=279) to work on /opt/airflow/dags/assignment.py
[2023-07-05T14:28:43.660+0000] {processor.py:826} INFO - Processing file /opt/airflow/dags/assignment.py for tasks to queue
[2023-07-05T14:28:43.661+0000] {logging_mixin.py:149} INFO - [2023-07-05T14:28:43.661+0000] {dagbag.py:541} INFO - Filling up the DagBag from /opt/airflow/dags/assignment.py
[2023-07-05T14:28:43.672+0000] {processor.py:836} INFO - DAG(s) dict_keys(['assignment']) retrieved from /opt/airflow/dags/assignment.py
[2023-07-05T14:28:43.721+0000] {logging_mixin.py:149} INFO - [2023-07-05T14:28:43.721+0000] {dag.py:2726} INFO - Sync 1 DAGs
[2023-07-05T14:28:43.763+0000] {logging_mixin.py:149} INFO - [2023-07-05T14:28:43.763+0000] {dag.py:3490} INFO - Setting next_dagrun for assignment to None, run_after=None
[2023-07-05T14:28:43.791+0000] {processor.py:179} INFO - Processing /opt/airflow/dags/assignment.py took 0.138 seconds
[2023-07-05T14:29:13.820+0000] {processor.py:157} INFO - Started process (PID=287) to work on /opt/airflow/dags/assignment.py
[2023-07-05T14:29:13.821+0000] {processor.py:826} INFO - Processing file /opt/airflow/dags/assignment.py for tasks to queue
[2023-07-05T14:29:13.823+0000] {logging_mixin.py:149} INFO - [2023-07-05T14:29:13.822+0000] {dagbag.py:541} INFO - Filling up the DagBag from /opt/airflow/dags/assignment.py
[2023-07-05T14:29:13.833+0000] {processor.py:836} INFO - DAG(s) dict_keys(['assignment']) retrieved from /opt/airflow/dags/assignment.py
[2023-07-05T14:29:13.879+0000] {logging_mixin.py:149} INFO - [2023-07-05T14:29:13.879+0000] {dag.py:2726} INFO - Sync 1 DAGs
[2023-07-05T14:29:13.914+0000] {logging_mixin.py:149} INFO - [2023-07-05T14:29:13.914+0000] {dag.py:3490} INFO - Setting next_dagrun for assignment to None, run_after=None
[2023-07-05T14:29:13.936+0000] {processor.py:179} INFO - Processing /opt/airflow/dags/assignment.py took 0.121 seconds
[2023-07-05T14:29:44.116+0000] {processor.py:157} INFO - Started process (PID=295) to work on /opt/airflow/dags/assignment.py
[2023-07-05T14:29:44.118+0000] {processor.py:826} INFO - Processing file /opt/airflow/dags/assignment.py for tasks to queue
[2023-07-05T14:29:44.119+0000] {logging_mixin.py:149} INFO - [2023-07-05T14:29:44.119+0000] {dagbag.py:541} INFO - Filling up the DagBag from /opt/airflow/dags/assignment.py
[2023-07-05T14:29:44.132+0000] {processor.py:836} INFO - DAG(s) dict_keys(['assignment']) retrieved from /opt/airflow/dags/assignment.py
[2023-07-05T14:29:44.178+0000] {logging_mixin.py:149} INFO - [2023-07-05T14:29:44.177+0000] {dag.py:2726} INFO - Sync 1 DAGs
[2023-07-05T14:29:44.234+0000] {logging_mixin.py:149} INFO - [2023-07-05T14:29:44.234+0000] {dag.py:3490} INFO - Setting next_dagrun for assignment to None, run_after=None
[2023-07-05T14:29:44.288+0000] {processor.py:179} INFO - Processing /opt/airflow/dags/assignment.py took 0.177 seconds
[2023-07-05T14:29:47.141+0000] {processor.py:157} INFO - Started process (PID=296) to work on /opt/airflow/dags/assignment.py
[2023-07-05T14:29:47.143+0000] {processor.py:826} INFO - Processing file /opt/airflow/dags/assignment.py for tasks to queue
[2023-07-05T14:29:47.144+0000] {logging_mixin.py:149} INFO - [2023-07-05T14:29:47.144+0000] {dagbag.py:541} INFO - Filling up the DagBag from /opt/airflow/dags/assignment.py
[2023-07-05T14:29:47.155+0000] {processor.py:836} INFO - DAG(s) dict_keys(['assignment']) retrieved from /opt/airflow/dags/assignment.py
[2023-07-05T14:29:47.191+0000] {logging_mixin.py:149} INFO - [2023-07-05T14:29:47.190+0000] {dag.py:2726} INFO - Sync 1 DAGs
[2023-07-05T14:29:47.228+0000] {logging_mixin.py:149} INFO - [2023-07-05T14:29:47.227+0000] {dag.py:3490} INFO - Setting next_dagrun for assignment to None, run_after=None
[2023-07-05T14:29:47.260+0000] {processor.py:179} INFO - Processing /opt/airflow/dags/assignment.py took 0.122 seconds
[2023-07-05T14:30:17.348+0000] {processor.py:157} INFO - Started process (PID=304) to work on /opt/airflow/dags/assignment.py
[2023-07-05T14:30:17.351+0000] {processor.py:826} INFO - Processing file /opt/airflow/dags/assignment.py for tasks to queue
[2023-07-05T14:30:17.352+0000] {logging_mixin.py:149} INFO - [2023-07-05T14:30:17.352+0000] {dagbag.py:541} INFO - Filling up the DagBag from /opt/airflow/dags/assignment.py
[2023-07-05T14:30:17.371+0000] {processor.py:836} INFO - DAG(s) dict_keys(['assignment']) retrieved from /opt/airflow/dags/assignment.py
[2023-07-05T14:30:17.450+0000] {logging_mixin.py:149} INFO - [2023-07-05T14:30:17.450+0000] {dag.py:2726} INFO - Sync 1 DAGs
[2023-07-05T14:30:17.498+0000] {logging_mixin.py:149} INFO - [2023-07-05T14:30:17.498+0000] {dag.py:3490} INFO - Setting next_dagrun for assignment to None, run_after=None
[2023-07-05T14:30:17.526+0000] {processor.py:179} INFO - Processing /opt/airflow/dags/assignment.py took 0.195 seconds
[2023-07-05T14:30:47.613+0000] {processor.py:157} INFO - Started process (PID=312) to work on /opt/airflow/dags/assignment.py
[2023-07-05T14:30:47.615+0000] {processor.py:826} INFO - Processing file /opt/airflow/dags/assignment.py for tasks to queue
[2023-07-05T14:30:47.616+0000] {logging_mixin.py:149} INFO - [2023-07-05T14:30:47.616+0000] {dagbag.py:541} INFO - Filling up the DagBag from /opt/airflow/dags/assignment.py
[2023-07-05T14:30:47.629+0000] {processor.py:836} INFO - DAG(s) dict_keys(['assignment']) retrieved from /opt/airflow/dags/assignment.py
[2023-07-05T14:30:47.672+0000] {logging_mixin.py:149} INFO - [2023-07-05T14:30:47.672+0000] {dag.py:2726} INFO - Sync 1 DAGs
[2023-07-05T14:30:47.710+0000] {logging_mixin.py:149} INFO - [2023-07-05T14:30:47.710+0000] {dag.py:3490} INFO - Setting next_dagrun for assignment to None, run_after=None
[2023-07-05T14:30:47.739+0000] {processor.py:179} INFO - Processing /opt/airflow/dags/assignment.py took 0.130 seconds
[2023-07-05T14:31:06.849+0000] {processor.py:157} INFO - Started process (PID=321) to work on /opt/airflow/dags/assignment.py
[2023-07-05T14:31:06.850+0000] {processor.py:826} INFO - Processing file /opt/airflow/dags/assignment.py for tasks to queue
[2023-07-05T14:31:06.851+0000] {logging_mixin.py:149} INFO - [2023-07-05T14:31:06.851+0000] {dagbag.py:541} INFO - Filling up the DagBag from /opt/airflow/dags/assignment.py
[2023-07-05T14:31:06.862+0000] {processor.py:836} INFO - DAG(s) dict_keys(['assignment']) retrieved from /opt/airflow/dags/assignment.py
[2023-07-05T14:31:06.901+0000] {logging_mixin.py:149} INFO - [2023-07-05T14:31:06.901+0000] {dag.py:2726} INFO - Sync 1 DAGs
[2023-07-05T14:31:06.945+0000] {logging_mixin.py:149} INFO - [2023-07-05T14:31:06.945+0000] {dag.py:3490} INFO - Setting next_dagrun for assignment to None, run_after=None
[2023-07-05T14:31:06.972+0000] {processor.py:179} INFO - Processing /opt/airflow/dags/assignment.py took 0.126 seconds
[2023-07-05T14:31:11.882+0000] {processor.py:157} INFO - Started process (PID=322) to work on /opt/airflow/dags/assignment.py
[2023-07-05T14:31:11.883+0000] {processor.py:826} INFO - Processing file /opt/airflow/dags/assignment.py for tasks to queue
[2023-07-05T14:31:11.884+0000] {logging_mixin.py:149} INFO - [2023-07-05T14:31:11.884+0000] {dagbag.py:541} INFO - Filling up the DagBag from /opt/airflow/dags/assignment.py
[2023-07-05T14:31:11.893+0000] {processor.py:836} INFO - DAG(s) dict_keys(['assignment']) retrieved from /opt/airflow/dags/assignment.py
[2023-07-05T14:31:11.935+0000] {logging_mixin.py:149} INFO - [2023-07-05T14:31:11.935+0000] {dag.py:2726} INFO - Sync 1 DAGs
[2023-07-05T14:31:11.972+0000] {logging_mixin.py:149} INFO - [2023-07-05T14:31:11.971+0000] {dag.py:3490} INFO - Setting next_dagrun for assignment to None, run_after=None
[2023-07-05T14:31:11.996+0000] {processor.py:179} INFO - Processing /opt/airflow/dags/assignment.py took 0.117 seconds
[2023-07-05T14:31:42.059+0000] {processor.py:157} INFO - Started process (PID=329) to work on /opt/airflow/dags/assignment.py
[2023-07-05T14:31:42.061+0000] {processor.py:826} INFO - Processing file /opt/airflow/dags/assignment.py for tasks to queue
[2023-07-05T14:31:42.062+0000] {logging_mixin.py:149} INFO - [2023-07-05T14:31:42.062+0000] {dagbag.py:541} INFO - Filling up the DagBag from /opt/airflow/dags/assignment.py
[2023-07-05T14:31:42.073+0000] {processor.py:836} INFO - DAG(s) dict_keys(['assignment']) retrieved from /opt/airflow/dags/assignment.py
[2023-07-05T14:31:42.120+0000] {logging_mixin.py:149} INFO - [2023-07-05T14:31:42.120+0000] {dag.py:2726} INFO - Sync 1 DAGs
[2023-07-05T14:31:42.159+0000] {logging_mixin.py:149} INFO - [2023-07-05T14:31:42.159+0000] {dag.py:3490} INFO - Setting next_dagrun for assignment to None, run_after=None
[2023-07-05T14:31:42.398+0000] {processor.py:179} INFO - Processing /opt/airflow/dags/assignment.py took 0.343 seconds
[2023-07-05T14:32:12.574+0000] {processor.py:157} INFO - Started process (PID=337) to work on /opt/airflow/dags/assignment.py
[2023-07-05T14:32:12.575+0000] {processor.py:826} INFO - Processing file /opt/airflow/dags/assignment.py for tasks to queue
[2023-07-05T14:32:12.576+0000] {logging_mixin.py:149} INFO - [2023-07-05T14:32:12.576+0000] {dagbag.py:541} INFO - Filling up the DagBag from /opt/airflow/dags/assignment.py
[2023-07-05T14:32:12.586+0000] {processor.py:836} INFO - DAG(s) dict_keys(['assignment']) retrieved from /opt/airflow/dags/assignment.py
[2023-07-05T14:32:12.632+0000] {logging_mixin.py:149} INFO - [2023-07-05T14:32:12.632+0000] {dag.py:2726} INFO - Sync 1 DAGs
[2023-07-05T14:32:12.675+0000] {logging_mixin.py:149} INFO - [2023-07-05T14:32:12.675+0000] {dag.py:3490} INFO - Setting next_dagrun for assignment to None, run_after=None
[2023-07-05T14:32:12.709+0000] {processor.py:179} INFO - Processing /opt/airflow/dags/assignment.py took 0.139 seconds
[2023-07-05T14:32:42.758+0000] {processor.py:157} INFO - Started process (PID=345) to work on /opt/airflow/dags/assignment.py
[2023-07-05T14:32:42.759+0000] {processor.py:826} INFO - Processing file /opt/airflow/dags/assignment.py for tasks to queue
[2023-07-05T14:32:42.760+0000] {logging_mixin.py:149} INFO - [2023-07-05T14:32:42.760+0000] {dagbag.py:541} INFO - Filling up the DagBag from /opt/airflow/dags/assignment.py
[2023-07-05T14:32:42.771+0000] {processor.py:836} INFO - DAG(s) dict_keys(['assignment']) retrieved from /opt/airflow/dags/assignment.py
[2023-07-05T14:32:42.820+0000] {logging_mixin.py:149} INFO - [2023-07-05T14:32:42.820+0000] {dag.py:2726} INFO - Sync 1 DAGs
[2023-07-05T14:32:42.860+0000] {logging_mixin.py:149} INFO - [2023-07-05T14:32:42.860+0000] {dag.py:3490} INFO - Setting next_dagrun for assignment to None, run_after=None
[2023-07-05T14:32:42.882+0000] {processor.py:179} INFO - Processing /opt/airflow/dags/assignment.py took 0.128 seconds
[2023-07-05T14:33:13.051+0000] {processor.py:157} INFO - Started process (PID=352) to work on /opt/airflow/dags/assignment.py
[2023-07-05T14:33:13.054+0000] {processor.py:826} INFO - Processing file /opt/airflow/dags/assignment.py for tasks to queue
[2023-07-05T14:33:13.056+0000] {logging_mixin.py:149} INFO - [2023-07-05T14:33:13.055+0000] {dagbag.py:541} INFO - Filling up the DagBag from /opt/airflow/dags/assignment.py
[2023-07-05T14:33:13.067+0000] {processor.py:836} INFO - DAG(s) dict_keys(['assignment']) retrieved from /opt/airflow/dags/assignment.py
[2023-07-05T14:33:13.120+0000] {logging_mixin.py:149} INFO - [2023-07-05T14:33:13.119+0000] {dag.py:2726} INFO - Sync 1 DAGs
[2023-07-05T14:33:13.160+0000] {logging_mixin.py:149} INFO - [2023-07-05T14:33:13.160+0000] {dag.py:3490} INFO - Setting next_dagrun for assignment to None, run_after=None
[2023-07-05T14:33:13.196+0000] {processor.py:179} INFO - Processing /opt/airflow/dags/assignment.py took 0.150 seconds
[2023-07-05T14:33:43.248+0000] {processor.py:157} INFO - Started process (PID=360) to work on /opt/airflow/dags/assignment.py
[2023-07-05T14:33:43.249+0000] {processor.py:826} INFO - Processing file /opt/airflow/dags/assignment.py for tasks to queue
[2023-07-05T14:33:43.250+0000] {logging_mixin.py:149} INFO - [2023-07-05T14:33:43.250+0000] {dagbag.py:541} INFO - Filling up the DagBag from /opt/airflow/dags/assignment.py
[2023-07-05T14:33:43.261+0000] {processor.py:836} INFO - DAG(s) dict_keys(['assignment']) retrieved from /opt/airflow/dags/assignment.py
[2023-07-05T14:33:43.304+0000] {logging_mixin.py:149} INFO - [2023-07-05T14:33:43.304+0000] {dag.py:2726} INFO - Sync 1 DAGs
[2023-07-05T14:33:43.341+0000] {logging_mixin.py:149} INFO - [2023-07-05T14:33:43.340+0000] {dag.py:3490} INFO - Setting next_dagrun for assignment to None, run_after=None
[2023-07-05T14:33:43.366+0000] {processor.py:179} INFO - Processing /opt/airflow/dags/assignment.py took 0.123 seconds
[2023-07-05T14:34:13.538+0000] {processor.py:157} INFO - Started process (PID=368) to work on /opt/airflow/dags/assignment.py
[2023-07-05T14:34:13.539+0000] {processor.py:826} INFO - Processing file /opt/airflow/dags/assignment.py for tasks to queue
[2023-07-05T14:34:13.540+0000] {logging_mixin.py:149} INFO - [2023-07-05T14:34:13.540+0000] {dagbag.py:541} INFO - Filling up the DagBag from /opt/airflow/dags/assignment.py
[2023-07-05T14:34:13.553+0000] {processor.py:836} INFO - DAG(s) dict_keys(['assignment']) retrieved from /opt/airflow/dags/assignment.py
[2023-07-05T14:34:13.604+0000] {logging_mixin.py:149} INFO - [2023-07-05T14:34:13.604+0000] {dag.py:2726} INFO - Sync 1 DAGs
[2023-07-05T14:34:13.647+0000] {logging_mixin.py:149} INFO - [2023-07-05T14:34:13.647+0000] {dag.py:3490} INFO - Setting next_dagrun for assignment to None, run_after=None
[2023-07-05T14:34:13.682+0000] {processor.py:179} INFO - Processing /opt/airflow/dags/assignment.py took 0.150 seconds
[2023-07-05T14:34:43.737+0000] {processor.py:157} INFO - Started process (PID=376) to work on /opt/airflow/dags/assignment.py
[2023-07-05T14:34:43.739+0000] {processor.py:826} INFO - Processing file /opt/airflow/dags/assignment.py for tasks to queue
[2023-07-05T14:34:43.740+0000] {logging_mixin.py:149} INFO - [2023-07-05T14:34:43.740+0000] {dagbag.py:541} INFO - Filling up the DagBag from /opt/airflow/dags/assignment.py
[2023-07-05T14:34:43.756+0000] {processor.py:836} INFO - DAG(s) dict_keys(['assignment']) retrieved from /opt/airflow/dags/assignment.py
[2023-07-05T14:34:43.812+0000] {logging_mixin.py:149} INFO - [2023-07-05T14:34:43.812+0000] {dag.py:2726} INFO - Sync 1 DAGs
[2023-07-05T14:34:43.857+0000] {logging_mixin.py:149} INFO - [2023-07-05T14:34:43.857+0000] {dag.py:3490} INFO - Setting next_dagrun for assignment to None, run_after=None
[2023-07-05T14:34:43.886+0000] {processor.py:179} INFO - Processing /opt/airflow/dags/assignment.py took 0.154 seconds
[2023-07-05T14:35:14.073+0000] {processor.py:157} INFO - Started process (PID=384) to work on /opt/airflow/dags/assignment.py
[2023-07-05T14:35:14.074+0000] {processor.py:826} INFO - Processing file /opt/airflow/dags/assignment.py for tasks to queue
[2023-07-05T14:35:14.075+0000] {logging_mixin.py:149} INFO - [2023-07-05T14:35:14.075+0000] {dagbag.py:541} INFO - Filling up the DagBag from /opt/airflow/dags/assignment.py
[2023-07-05T14:35:14.092+0000] {processor.py:836} INFO - DAG(s) dict_keys(['assignment']) retrieved from /opt/airflow/dags/assignment.py
[2023-07-05T14:35:14.145+0000] {logging_mixin.py:149} INFO - [2023-07-05T14:35:14.145+0000] {dag.py:2726} INFO - Sync 1 DAGs
[2023-07-05T14:35:14.188+0000] {logging_mixin.py:149} INFO - [2023-07-05T14:35:14.187+0000] {dag.py:3490} INFO - Setting next_dagrun for assignment to None, run_after=None
[2023-07-05T14:35:14.218+0000] {processor.py:179} INFO - Processing /opt/airflow/dags/assignment.py took 0.151 seconds
[2023-07-05T14:35:44.262+0000] {processor.py:157} INFO - Started process (PID=391) to work on /opt/airflow/dags/assignment.py
[2023-07-05T14:35:44.263+0000] {processor.py:826} INFO - Processing file /opt/airflow/dags/assignment.py for tasks to queue
[2023-07-05T14:35:44.264+0000] {logging_mixin.py:149} INFO - [2023-07-05T14:35:44.264+0000] {dagbag.py:541} INFO - Filling up the DagBag from /opt/airflow/dags/assignment.py
[2023-07-05T14:35:44.273+0000] {processor.py:836} INFO - DAG(s) dict_keys(['assignment']) retrieved from /opt/airflow/dags/assignment.py
[2023-07-05T14:35:44.328+0000] {logging_mixin.py:149} INFO - [2023-07-05T14:35:44.327+0000] {dag.py:2726} INFO - Sync 1 DAGs
[2023-07-05T14:35:44.371+0000] {logging_mixin.py:149} INFO - [2023-07-05T14:35:44.371+0000] {dag.py:3490} INFO - Setting next_dagrun for assignment to None, run_after=None
[2023-07-05T14:35:44.403+0000] {processor.py:179} INFO - Processing /opt/airflow/dags/assignment.py took 0.146 seconds
[2023-07-05T14:35:51.424+0000] {processor.py:157} INFO - Started process (PID=392) to work on /opt/airflow/dags/assignment.py
[2023-07-05T14:35:51.426+0000] {processor.py:826} INFO - Processing file /opt/airflow/dags/assignment.py for tasks to queue
[2023-07-05T14:35:51.426+0000] {logging_mixin.py:149} INFO - [2023-07-05T14:35:51.426+0000] {dagbag.py:541} INFO - Filling up the DagBag from /opt/airflow/dags/assignment.py
[2023-07-05T14:35:51.438+0000] {processor.py:836} INFO - DAG(s) dict_keys(['assignment']) retrieved from /opt/airflow/dags/assignment.py
[2023-07-05T14:35:51.486+0000] {logging_mixin.py:149} INFO - [2023-07-05T14:35:51.486+0000] {dag.py:2726} INFO - Sync 1 DAGs
[2023-07-05T14:35:51.525+0000] {logging_mixin.py:149} INFO - [2023-07-05T14:35:51.524+0000] {dag.py:3490} INFO - Setting next_dagrun for assignment to None, run_after=None
[2023-07-05T14:35:51.558+0000] {processor.py:179} INFO - Processing /opt/airflow/dags/assignment.py took 0.138 seconds
[2023-07-05T14:35:52.487+0000] {processor.py:157} INFO - Started process (PID=393) to work on /opt/airflow/dags/assignment.py
[2023-07-05T14:35:52.488+0000] {processor.py:826} INFO - Processing file /opt/airflow/dags/assignment.py for tasks to queue
[2023-07-05T14:35:52.489+0000] {logging_mixin.py:149} INFO - [2023-07-05T14:35:52.489+0000] {dagbag.py:541} INFO - Filling up the DagBag from /opt/airflow/dags/assignment.py
[2023-07-05T14:35:52.499+0000] {processor.py:836} INFO - DAG(s) dict_keys(['assignment']) retrieved from /opt/airflow/dags/assignment.py
[2023-07-05T14:35:52.539+0000] {logging_mixin.py:149} INFO - [2023-07-05T14:35:52.539+0000] {dag.py:2726} INFO - Sync 1 DAGs
[2023-07-05T14:35:52.574+0000] {logging_mixin.py:149} INFO - [2023-07-05T14:35:52.573+0000] {dag.py:3490} INFO - Setting next_dagrun for assignment to None, run_after=None
[2023-07-05T14:35:52.600+0000] {processor.py:179} INFO - Processing /opt/airflow/dags/assignment.py took 0.117 seconds
[2023-07-05T14:36:22.766+0000] {processor.py:157} INFO - Started process (PID=401) to work on /opt/airflow/dags/assignment.py
[2023-07-05T14:36:22.769+0000] {processor.py:826} INFO - Processing file /opt/airflow/dags/assignment.py for tasks to queue
[2023-07-05T14:36:22.770+0000] {logging_mixin.py:149} INFO - [2023-07-05T14:36:22.770+0000] {dagbag.py:541} INFO - Filling up the DagBag from /opt/airflow/dags/assignment.py
[2023-07-05T14:36:22.783+0000] {processor.py:836} INFO - DAG(s) dict_keys(['assignment']) retrieved from /opt/airflow/dags/assignment.py
[2023-07-05T14:36:22.839+0000] {logging_mixin.py:149} INFO - [2023-07-05T14:36:22.839+0000] {dag.py:2726} INFO - Sync 1 DAGs
[2023-07-05T14:36:22.878+0000] {logging_mixin.py:149} INFO - [2023-07-05T14:36:22.878+0000] {dag.py:3490} INFO - Setting next_dagrun for assignment to None, run_after=None
[2023-07-05T14:36:22.912+0000] {processor.py:179} INFO - Processing /opt/airflow/dags/assignment.py took 0.151 seconds
[2023-07-05T14:36:52.973+0000] {processor.py:157} INFO - Started process (PID=409) to work on /opt/airflow/dags/assignment.py
[2023-07-05T14:36:52.981+0000] {processor.py:826} INFO - Processing file /opt/airflow/dags/assignment.py for tasks to queue
[2023-07-05T14:36:52.989+0000] {logging_mixin.py:149} INFO - [2023-07-05T14:36:52.989+0000] {dagbag.py:541} INFO - Filling up the DagBag from /opt/airflow/dags/assignment.py
[2023-07-05T14:36:53.005+0000] {processor.py:836} INFO - DAG(s) dict_keys(['assignment']) retrieved from /opt/airflow/dags/assignment.py
[2023-07-05T14:36:53.057+0000] {logging_mixin.py:149} INFO - [2023-07-05T14:36:53.057+0000] {dag.py:2726} INFO - Sync 1 DAGs
[2023-07-05T14:36:53.104+0000] {logging_mixin.py:149} INFO - [2023-07-05T14:36:53.104+0000] {dag.py:3490} INFO - Setting next_dagrun for assignment to None, run_after=None
[2023-07-05T14:36:53.153+0000] {processor.py:179} INFO - Processing /opt/airflow/dags/assignment.py took 0.184 seconds
[2023-07-05T14:37:23.268+0000] {processor.py:157} INFO - Started process (PID=418) to work on /opt/airflow/dags/assignment.py
[2023-07-05T14:37:23.270+0000] {processor.py:826} INFO - Processing file /opt/airflow/dags/assignment.py for tasks to queue
[2023-07-05T14:37:23.271+0000] {logging_mixin.py:149} INFO - [2023-07-05T14:37:23.271+0000] {dagbag.py:541} INFO - Filling up the DagBag from /opt/airflow/dags/assignment.py
[2023-07-05T14:37:23.280+0000] {processor.py:836} INFO - DAG(s) dict_keys(['assignment']) retrieved from /opt/airflow/dags/assignment.py
[2023-07-05T14:37:23.324+0000] {logging_mixin.py:149} INFO - [2023-07-05T14:37:23.324+0000] {dag.py:2726} INFO - Sync 1 DAGs
[2023-07-05T14:37:23.370+0000] {logging_mixin.py:149} INFO - [2023-07-05T14:37:23.369+0000] {dag.py:3490} INFO - Setting next_dagrun for assignment to None, run_after=None
[2023-07-05T14:37:23.648+0000] {processor.py:179} INFO - Processing /opt/airflow/dags/assignment.py took 0.385 seconds
[2023-07-05T14:37:35.735+0000] {processor.py:157} INFO - Started process (PID=425) to work on /opt/airflow/dags/assignment.py
[2023-07-05T14:37:35.736+0000] {processor.py:826} INFO - Processing file /opt/airflow/dags/assignment.py for tasks to queue
[2023-07-05T14:37:35.738+0000] {logging_mixin.py:149} INFO - [2023-07-05T14:37:35.738+0000] {dagbag.py:541} INFO - Filling up the DagBag from /opt/airflow/dags/assignment.py
[2023-07-05T14:37:35.749+0000] {processor.py:836} INFO - DAG(s) dict_keys(['assignment']) retrieved from /opt/airflow/dags/assignment.py
[2023-07-05T14:37:35.787+0000] {logging_mixin.py:149} INFO - [2023-07-05T14:37:35.786+0000] {dag.py:2726} INFO - Sync 1 DAGs
[2023-07-05T14:37:35.830+0000] {logging_mixin.py:149} INFO - [2023-07-05T14:37:35.830+0000] {dag.py:3490} INFO - Setting next_dagrun for assignment to None, run_after=None
[2023-07-05T14:37:36.034+0000] {processor.py:179} INFO - Processing /opt/airflow/dags/assignment.py took 0.304 seconds
[2023-07-05T14:38:06.224+0000] {processor.py:157} INFO - Started process (PID=433) to work on /opt/airflow/dags/assignment.py
[2023-07-05T14:38:06.226+0000] {processor.py:826} INFO - Processing file /opt/airflow/dags/assignment.py for tasks to queue
[2023-07-05T14:38:06.227+0000] {logging_mixin.py:149} INFO - [2023-07-05T14:38:06.227+0000] {dagbag.py:541} INFO - Filling up the DagBag from /opt/airflow/dags/assignment.py
[2023-07-05T14:38:06.239+0000] {processor.py:836} INFO - DAG(s) dict_keys(['assignment']) retrieved from /opt/airflow/dags/assignment.py
[2023-07-05T14:38:06.299+0000] {logging_mixin.py:149} INFO - [2023-07-05T14:38:06.298+0000] {dag.py:2726} INFO - Sync 1 DAGs
[2023-07-05T14:38:06.342+0000] {logging_mixin.py:149} INFO - [2023-07-05T14:38:06.342+0000] {dag.py:3490} INFO - Setting next_dagrun for assignment to None, run_after=None
[2023-07-05T14:38:06.370+0000] {processor.py:179} INFO - Processing /opt/airflow/dags/assignment.py took 0.150 seconds
[2023-07-05T14:38:36.427+0000] {processor.py:157} INFO - Started process (PID=441) to work on /opt/airflow/dags/assignment.py
[2023-07-05T14:38:36.429+0000] {processor.py:826} INFO - Processing file /opt/airflow/dags/assignment.py for tasks to queue
[2023-07-05T14:38:36.430+0000] {logging_mixin.py:149} INFO - [2023-07-05T14:38:36.430+0000] {dagbag.py:541} INFO - Filling up the DagBag from /opt/airflow/dags/assignment.py
[2023-07-05T14:38:36.442+0000] {processor.py:836} INFO - DAG(s) dict_keys(['assignment']) retrieved from /opt/airflow/dags/assignment.py
[2023-07-05T14:38:36.486+0000] {logging_mixin.py:149} INFO - [2023-07-05T14:38:36.486+0000] {dag.py:2726} INFO - Sync 1 DAGs
[2023-07-05T14:38:36.524+0000] {logging_mixin.py:149} INFO - [2023-07-05T14:38:36.523+0000] {dag.py:3490} INFO - Setting next_dagrun for assignment to None, run_after=None
[2023-07-05T14:38:36.556+0000] {processor.py:179} INFO - Processing /opt/airflow/dags/assignment.py took 0.134 seconds
[2023-07-05T14:39:06.744+0000] {processor.py:157} INFO - Started process (PID=450) to work on /opt/airflow/dags/assignment.py
[2023-07-05T14:39:06.745+0000] {processor.py:826} INFO - Processing file /opt/airflow/dags/assignment.py for tasks to queue
[2023-07-05T14:39:06.746+0000] {logging_mixin.py:149} INFO - [2023-07-05T14:39:06.746+0000] {dagbag.py:541} INFO - Filling up the DagBag from /opt/airflow/dags/assignment.py
[2023-07-05T14:39:06.756+0000] {processor.py:836} INFO - DAG(s) dict_keys(['assignment']) retrieved from /opt/airflow/dags/assignment.py
[2023-07-05T14:39:06.793+0000] {logging_mixin.py:149} INFO - [2023-07-05T14:39:06.792+0000] {dag.py:2726} INFO - Sync 1 DAGs
[2023-07-05T14:39:06.827+0000] {logging_mixin.py:149} INFO - [2023-07-05T14:39:06.827+0000] {dag.py:3490} INFO - Setting next_dagrun for assignment to None, run_after=None
[2023-07-05T14:39:06.863+0000] {processor.py:179} INFO - Processing /opt/airflow/dags/assignment.py took 0.123 seconds
[2023-07-05T14:39:36.932+0000] {processor.py:157} INFO - Started process (PID=458) to work on /opt/airflow/dags/assignment.py
[2023-07-05T14:39:36.934+0000] {processor.py:826} INFO - Processing file /opt/airflow/dags/assignment.py for tasks to queue
[2023-07-05T14:39:36.935+0000] {logging_mixin.py:149} INFO - [2023-07-05T14:39:36.935+0000] {dagbag.py:541} INFO - Filling up the DagBag from /opt/airflow/dags/assignment.py
[2023-07-05T14:39:36.948+0000] {processor.py:836} INFO - DAG(s) dict_keys(['assignment']) retrieved from /opt/airflow/dags/assignment.py
[2023-07-05T14:39:37.001+0000] {logging_mixin.py:149} INFO - [2023-07-05T14:39:37.001+0000] {dag.py:2726} INFO - Sync 1 DAGs
[2023-07-05T14:39:37.047+0000] {logging_mixin.py:149} INFO - [2023-07-05T14:39:37.047+0000] {dag.py:3490} INFO - Setting next_dagrun for assignment to None, run_after=None
[2023-07-05T14:39:37.085+0000] {processor.py:179} INFO - Processing /opt/airflow/dags/assignment.py took 0.158 seconds
[2023-07-05T14:40:07.205+0000] {processor.py:157} INFO - Started process (PID=467) to work on /opt/airflow/dags/assignment.py
[2023-07-05T14:40:07.207+0000] {processor.py:826} INFO - Processing file /opt/airflow/dags/assignment.py for tasks to queue
[2023-07-05T14:40:07.208+0000] {logging_mixin.py:149} INFO - [2023-07-05T14:40:07.208+0000] {dagbag.py:541} INFO - Filling up the DagBag from /opt/airflow/dags/assignment.py
[2023-07-05T14:40:07.219+0000] {processor.py:836} INFO - DAG(s) dict_keys(['assignment']) retrieved from /opt/airflow/dags/assignment.py
[2023-07-05T14:40:07.271+0000] {logging_mixin.py:149} INFO - [2023-07-05T14:40:07.271+0000] {dag.py:2726} INFO - Sync 1 DAGs
[2023-07-05T14:40:07.318+0000] {logging_mixin.py:149} INFO - [2023-07-05T14:40:07.318+0000] {dag.py:3490} INFO - Setting next_dagrun for assignment to None, run_after=None
[2023-07-05T14:40:07.632+0000] {processor.py:179} INFO - Processing /opt/airflow/dags/assignment.py took 0.431 seconds
[2023-07-05T14:40:37.842+0000] {processor.py:157} INFO - Started process (PID=475) to work on /opt/airflow/dags/assignment.py
[2023-07-05T14:40:37.844+0000] {processor.py:826} INFO - Processing file /opt/airflow/dags/assignment.py for tasks to queue
[2023-07-05T14:40:37.846+0000] {logging_mixin.py:149} INFO - [2023-07-05T14:40:37.846+0000] {dagbag.py:541} INFO - Filling up the DagBag from /opt/airflow/dags/assignment.py
[2023-07-05T14:40:37.863+0000] {processor.py:836} INFO - DAG(s) dict_keys(['assignment']) retrieved from /opt/airflow/dags/assignment.py
[2023-07-05T14:40:37.937+0000] {logging_mixin.py:149} INFO - [2023-07-05T14:40:37.937+0000] {dag.py:2726} INFO - Sync 1 DAGs
[2023-07-05T14:40:37.983+0000] {logging_mixin.py:149} INFO - [2023-07-05T14:40:37.983+0000] {dag.py:3490} INFO - Setting next_dagrun for assignment to None, run_after=None
[2023-07-05T14:40:38.028+0000] {processor.py:179} INFO - Processing /opt/airflow/dags/assignment.py took 0.193 seconds
[2023-07-05T14:41:08.329+0000] {processor.py:157} INFO - Started process (PID=483) to work on /opt/airflow/dags/assignment.py
[2023-07-05T14:41:08.332+0000] {processor.py:826} INFO - Processing file /opt/airflow/dags/assignment.py for tasks to queue
[2023-07-05T14:41:08.333+0000] {logging_mixin.py:149} INFO - [2023-07-05T14:41:08.333+0000] {dagbag.py:541} INFO - Filling up the DagBag from /opt/airflow/dags/assignment.py
[2023-07-05T14:41:08.361+0000] {processor.py:836} INFO - DAG(s) dict_keys(['assignment']) retrieved from /opt/airflow/dags/assignment.py
[2023-07-05T14:41:08.511+0000] {logging_mixin.py:149} INFO - [2023-07-05T14:41:08.510+0000] {dag.py:2726} INFO - Sync 1 DAGs
[2023-07-05T14:41:08.623+0000] {logging_mixin.py:149} INFO - [2023-07-05T14:41:08.622+0000] {dag.py:3490} INFO - Setting next_dagrun for assignment to None, run_after=None
[2023-07-05T14:41:08.660+0000] {processor.py:179} INFO - Processing /opt/airflow/dags/assignment.py took 0.373 seconds
[2023-07-05T14:41:38.937+0000] {processor.py:157} INFO - Started process (PID=491) to work on /opt/airflow/dags/assignment.py
[2023-07-05T14:41:38.954+0000] {processor.py:826} INFO - Processing file /opt/airflow/dags/assignment.py for tasks to queue
[2023-07-05T14:41:38.959+0000] {logging_mixin.py:149} INFO - [2023-07-05T14:41:38.958+0000] {dagbag.py:541} INFO - Filling up the DagBag from /opt/airflow/dags/assignment.py
[2023-07-05T14:41:38.998+0000] {processor.py:836} INFO - DAG(s) dict_keys(['assignment']) retrieved from /opt/airflow/dags/assignment.py
[2023-07-05T14:41:39.127+0000] {logging_mixin.py:149} INFO - [2023-07-05T14:41:39.126+0000] {dag.py:2726} INFO - Sync 1 DAGs
[2023-07-05T14:41:39.210+0000] {logging_mixin.py:149} INFO - [2023-07-05T14:41:39.210+0000] {dag.py:3490} INFO - Setting next_dagrun for assignment to None, run_after=None
[2023-07-05T14:41:39.265+0000] {processor.py:179} INFO - Processing /opt/airflow/dags/assignment.py took 0.367 seconds
