[2023-07-05T13:19:11.691+0000] {processor.py:157} INFO - Started process (PID=35) to work on /opt/airflow/dags/sqlexercise.py
[2023-07-05T13:19:11.693+0000] {processor.py:826} INFO - Processing file /opt/airflow/dags/sqlexercise.py for tasks to queue
[2023-07-05T13:19:11.694+0000] {logging_mixin.py:149} INFO - [2023-07-05T13:19:11.694+0000] {dagbag.py:541} INFO - Filling up the DagBag from /opt/airflow/dags/sqlexercise.py
[2023-07-05T13:19:11.700+0000] {logging_mixin.py:149} INFO - [2023-07-05T13:19:11.698+0000] {dagbag.py:350} ERROR - Failed to import: /opt/airflow/dags/sqlexercise.py
Traceback (most recent call last):
  File "/home/airflow/.local/lib/python3.7/site-packages/airflow/models/dagbag.py", line 346, in parse
    loader.exec_module(new_module)
  File "<frozen importlib._bootstrap_external>", line 728, in exec_module
  File "<frozen importlib._bootstrap>", line 219, in _call_with_frames_removed
  File "/opt/airflow/dags/sqlexercise.py", line 10, in <module>
    catchup=Faalse
NameError: name 'Faalse' is not defined
[2023-07-05T13:19:11.702+0000] {processor.py:838} WARNING - No viable dags retrieved from /opt/airflow/dags/sqlexercise.py
[2023-07-05T13:19:11.736+0000] {processor.py:179} INFO - Processing /opt/airflow/dags/sqlexercise.py took 0.049 seconds
[2023-07-05T13:19:41.842+0000] {processor.py:157} INFO - Started process (PID=43) to work on /opt/airflow/dags/sqlexercise.py
[2023-07-05T13:19:41.843+0000] {processor.py:826} INFO - Processing file /opt/airflow/dags/sqlexercise.py for tasks to queue
[2023-07-05T13:19:41.844+0000] {logging_mixin.py:149} INFO - [2023-07-05T13:19:41.843+0000] {dagbag.py:541} INFO - Filling up the DagBag from /opt/airflow/dags/sqlexercise.py
[2023-07-05T13:19:41.847+0000] {logging_mixin.py:149} INFO - [2023-07-05T13:19:41.846+0000] {dagbag.py:350} ERROR - Failed to import: /opt/airflow/dags/sqlexercise.py
Traceback (most recent call last):
  File "/home/airflow/.local/lib/python3.7/site-packages/airflow/models/dagbag.py", line 346, in parse
    loader.exec_module(new_module)
  File "<frozen importlib._bootstrap_external>", line 728, in exec_module
  File "<frozen importlib._bootstrap>", line 219, in _call_with_frames_removed
  File "/opt/airflow/dags/sqlexercise.py", line 10, in <module>
    catchup=Faalse
NameError: name 'Faalse' is not defined
[2023-07-05T13:19:41.847+0000] {processor.py:838} WARNING - No viable dags retrieved from /opt/airflow/dags/sqlexercise.py
[2023-07-05T13:19:41.881+0000] {processor.py:179} INFO - Processing /opt/airflow/dags/sqlexercise.py took 0.044 seconds
[2023-07-05T13:20:12.092+0000] {processor.py:157} INFO - Started process (PID=51) to work on /opt/airflow/dags/sqlexercise.py
[2023-07-05T13:20:12.093+0000] {processor.py:826} INFO - Processing file /opt/airflow/dags/sqlexercise.py for tasks to queue
[2023-07-05T13:20:12.094+0000] {logging_mixin.py:149} INFO - [2023-07-05T13:20:12.094+0000] {dagbag.py:541} INFO - Filling up the DagBag from /opt/airflow/dags/sqlexercise.py
[2023-07-05T13:20:12.098+0000] {logging_mixin.py:149} INFO - [2023-07-05T13:20:12.097+0000] {dagbag.py:350} ERROR - Failed to import: /opt/airflow/dags/sqlexercise.py
Traceback (most recent call last):
  File "/home/airflow/.local/lib/python3.7/site-packages/airflow/models/dagbag.py", line 346, in parse
    loader.exec_module(new_module)
  File "<frozen importlib._bootstrap_external>", line 728, in exec_module
  File "<frozen importlib._bootstrap>", line 219, in _call_with_frames_removed
  File "/opt/airflow/dags/sqlexercise.py", line 10, in <module>
    catchup=Faalse
NameError: name 'Faalse' is not defined
[2023-07-05T13:20:12.099+0000] {processor.py:838} WARNING - No viable dags retrieved from /opt/airflow/dags/sqlexercise.py
[2023-07-05T13:20:12.126+0000] {processor.py:179} INFO - Processing /opt/airflow/dags/sqlexercise.py took 0.039 seconds
[2023-07-05T13:20:42.278+0000] {processor.py:157} INFO - Started process (PID=60) to work on /opt/airflow/dags/sqlexercise.py
[2023-07-05T13:20:42.280+0000] {processor.py:826} INFO - Processing file /opt/airflow/dags/sqlexercise.py for tasks to queue
[2023-07-05T13:20:42.281+0000] {logging_mixin.py:149} INFO - [2023-07-05T13:20:42.281+0000] {dagbag.py:541} INFO - Filling up the DagBag from /opt/airflow/dags/sqlexercise.py
[2023-07-05T13:20:42.286+0000] {logging_mixin.py:149} INFO - [2023-07-05T13:20:42.284+0000] {dagbag.py:350} ERROR - Failed to import: /opt/airflow/dags/sqlexercise.py
Traceback (most recent call last):
  File "/home/airflow/.local/lib/python3.7/site-packages/airflow/models/dagbag.py", line 346, in parse
    loader.exec_module(new_module)
  File "<frozen importlib._bootstrap_external>", line 728, in exec_module
  File "<frozen importlib._bootstrap>", line 219, in _call_with_frames_removed
  File "/opt/airflow/dags/sqlexercise.py", line 10, in <module>
    catchup=Faalse
NameError: name 'Faalse' is not defined
[2023-07-05T13:20:42.286+0000] {processor.py:838} WARNING - No viable dags retrieved from /opt/airflow/dags/sqlexercise.py
[2023-07-05T13:20:42.316+0000] {processor.py:179} INFO - Processing /opt/airflow/dags/sqlexercise.py took 0.043 seconds
[2023-07-05T13:21:12.450+0000] {processor.py:157} INFO - Started process (PID=68) to work on /opt/airflow/dags/sqlexercise.py
[2023-07-05T13:21:12.451+0000] {processor.py:826} INFO - Processing file /opt/airflow/dags/sqlexercise.py for tasks to queue
[2023-07-05T13:21:12.452+0000] {logging_mixin.py:149} INFO - [2023-07-05T13:21:12.452+0000] {dagbag.py:541} INFO - Filling up the DagBag from /opt/airflow/dags/sqlexercise.py
[2023-07-05T13:21:12.462+0000] {logging_mixin.py:149} INFO - [2023-07-05T13:21:12.455+0000] {dagbag.py:350} ERROR - Failed to import: /opt/airflow/dags/sqlexercise.py
Traceback (most recent call last):
  File "/home/airflow/.local/lib/python3.7/site-packages/airflow/models/dagbag.py", line 346, in parse
    loader.exec_module(new_module)
  File "<frozen importlib._bootstrap_external>", line 728, in exec_module
  File "<frozen importlib._bootstrap>", line 219, in _call_with_frames_removed
  File "/opt/airflow/dags/sqlexercise.py", line 10, in <module>
    catchup=Faalse
NameError: name 'Faalse' is not defined
[2023-07-05T13:21:12.463+0000] {processor.py:838} WARNING - No viable dags retrieved from /opt/airflow/dags/sqlexercise.py
[2023-07-05T13:21:12.494+0000] {processor.py:179} INFO - Processing /opt/airflow/dags/sqlexercise.py took 0.052 seconds
[2023-07-05T13:21:42.904+0000] {processor.py:157} INFO - Started process (PID=76) to work on /opt/airflow/dags/sqlexercise.py
[2023-07-05T13:21:42.905+0000] {processor.py:826} INFO - Processing file /opt/airflow/dags/sqlexercise.py for tasks to queue
[2023-07-05T13:21:42.905+0000] {logging_mixin.py:149} INFO - [2023-07-05T13:21:42.905+0000] {dagbag.py:541} INFO - Filling up the DagBag from /opt/airflow/dags/sqlexercise.py
[2023-07-05T13:21:42.908+0000] {logging_mixin.py:149} INFO - [2023-07-05T13:21:42.907+0000] {dagbag.py:350} ERROR - Failed to import: /opt/airflow/dags/sqlexercise.py
Traceback (most recent call last):
  File "/home/airflow/.local/lib/python3.7/site-packages/airflow/models/dagbag.py", line 346, in parse
    loader.exec_module(new_module)
  File "<frozen importlib._bootstrap_external>", line 728, in exec_module
  File "<frozen importlib._bootstrap>", line 219, in _call_with_frames_removed
  File "/opt/airflow/dags/sqlexercise.py", line 10, in <module>
    catchup=Faalse
NameError: name 'Faalse' is not defined
[2023-07-05T13:21:42.909+0000] {processor.py:838} WARNING - No viable dags retrieved from /opt/airflow/dags/sqlexercise.py
[2023-07-05T13:21:42.938+0000] {processor.py:179} INFO - Processing /opt/airflow/dags/sqlexercise.py took 0.315 seconds
[2023-07-05T13:22:13.254+0000] {processor.py:157} INFO - Started process (PID=84) to work on /opt/airflow/dags/sqlexercise.py
[2023-07-05T13:22:13.256+0000] {processor.py:826} INFO - Processing file /opt/airflow/dags/sqlexercise.py for tasks to queue
[2023-07-05T13:22:13.257+0000] {logging_mixin.py:149} INFO - [2023-07-05T13:22:13.257+0000] {dagbag.py:541} INFO - Filling up the DagBag from /opt/airflow/dags/sqlexercise.py
[2023-07-05T13:22:13.260+0000] {logging_mixin.py:149} INFO - [2023-07-05T13:22:13.259+0000] {dagbag.py:350} ERROR - Failed to import: /opt/airflow/dags/sqlexercise.py
Traceback (most recent call last):
  File "/home/airflow/.local/lib/python3.7/site-packages/airflow/models/dagbag.py", line 346, in parse
    loader.exec_module(new_module)
  File "<frozen importlib._bootstrap_external>", line 728, in exec_module
  File "<frozen importlib._bootstrap>", line 219, in _call_with_frames_removed
  File "/opt/airflow/dags/sqlexercise.py", line 10, in <module>
    catchup=Faalse
NameError: name 'Faalse' is not defined
[2023-07-05T13:22:13.261+0000] {processor.py:838} WARNING - No viable dags retrieved from /opt/airflow/dags/sqlexercise.py
[2023-07-05T13:22:13.300+0000] {processor.py:179} INFO - Processing /opt/airflow/dags/sqlexercise.py took 0.052 seconds
[2023-07-05T13:22:43.439+0000] {processor.py:157} INFO - Started process (PID=92) to work on /opt/airflow/dags/sqlexercise.py
[2023-07-05T13:22:43.439+0000] {processor.py:826} INFO - Processing file /opt/airflow/dags/sqlexercise.py for tasks to queue
[2023-07-05T13:22:43.440+0000] {logging_mixin.py:149} INFO - [2023-07-05T13:22:43.440+0000] {dagbag.py:541} INFO - Filling up the DagBag from /opt/airflow/dags/sqlexercise.py
[2023-07-05T13:22:43.445+0000] {logging_mixin.py:149} INFO - [2023-07-05T13:22:43.443+0000] {dagbag.py:350} ERROR - Failed to import: /opt/airflow/dags/sqlexercise.py
Traceback (most recent call last):
  File "/home/airflow/.local/lib/python3.7/site-packages/airflow/models/dagbag.py", line 346, in parse
    loader.exec_module(new_module)
  File "<frozen importlib._bootstrap_external>", line 728, in exec_module
  File "<frozen importlib._bootstrap>", line 219, in _call_with_frames_removed
  File "/opt/airflow/dags/sqlexercise.py", line 10, in <module>
    catchup=Faalse
NameError: name 'Faalse' is not defined
[2023-07-05T13:22:43.445+0000] {processor.py:838} WARNING - No viable dags retrieved from /opt/airflow/dags/sqlexercise.py
[2023-07-05T13:22:43.476+0000] {processor.py:179} INFO - Processing /opt/airflow/dags/sqlexercise.py took 0.041 seconds
[2023-07-05T13:23:13.615+0000] {processor.py:157} INFO - Started process (PID=101) to work on /opt/airflow/dags/sqlexercise.py
[2023-07-05T13:23:13.616+0000] {processor.py:826} INFO - Processing file /opt/airflow/dags/sqlexercise.py for tasks to queue
[2023-07-05T13:23:13.617+0000] {logging_mixin.py:149} INFO - [2023-07-05T13:23:13.617+0000] {dagbag.py:541} INFO - Filling up the DagBag from /opt/airflow/dags/sqlexercise.py
[2023-07-05T13:23:13.620+0000] {logging_mixin.py:149} INFO - [2023-07-05T13:23:13.619+0000] {dagbag.py:350} ERROR - Failed to import: /opt/airflow/dags/sqlexercise.py
Traceback (most recent call last):
  File "/home/airflow/.local/lib/python3.7/site-packages/airflow/models/dagbag.py", line 346, in parse
    loader.exec_module(new_module)
  File "<frozen importlib._bootstrap_external>", line 728, in exec_module
  File "<frozen importlib._bootstrap>", line 219, in _call_with_frames_removed
  File "/opt/airflow/dags/sqlexercise.py", line 10, in <module>
    catchup=Faalse
NameError: name 'Faalse' is not defined
[2023-07-05T13:23:13.621+0000] {processor.py:838} WARNING - No viable dags retrieved from /opt/airflow/dags/sqlexercise.py
[2023-07-05T13:23:13.652+0000] {processor.py:179} INFO - Processing /opt/airflow/dags/sqlexercise.py took 0.043 seconds
[2023-07-05T13:23:43.797+0000] {processor.py:157} INFO - Started process (PID=109) to work on /opt/airflow/dags/sqlexercise.py
[2023-07-05T13:23:43.798+0000] {processor.py:826} INFO - Processing file /opt/airflow/dags/sqlexercise.py for tasks to queue
[2023-07-05T13:23:43.799+0000] {logging_mixin.py:149} INFO - [2023-07-05T13:23:43.799+0000] {dagbag.py:541} INFO - Filling up the DagBag from /opt/airflow/dags/sqlexercise.py
[2023-07-05T13:23:43.802+0000] {logging_mixin.py:149} INFO - [2023-07-05T13:23:43.801+0000] {dagbag.py:350} ERROR - Failed to import: /opt/airflow/dags/sqlexercise.py
Traceback (most recent call last):
  File "/home/airflow/.local/lib/python3.7/site-packages/airflow/models/dagbag.py", line 346, in parse
    loader.exec_module(new_module)
  File "<frozen importlib._bootstrap_external>", line 728, in exec_module
  File "<frozen importlib._bootstrap>", line 219, in _call_with_frames_removed
  File "/opt/airflow/dags/sqlexercise.py", line 10, in <module>
    catchup=Faalse
NameError: name 'Faalse' is not defined
[2023-07-05T13:23:43.803+0000] {processor.py:838} WARNING - No viable dags retrieved from /opt/airflow/dags/sqlexercise.py
[2023-07-05T13:23:43.837+0000] {processor.py:179} INFO - Processing /opt/airflow/dags/sqlexercise.py took 0.046 seconds
[2023-07-05T13:24:14.021+0000] {processor.py:157} INFO - Started process (PID=117) to work on /opt/airflow/dags/sqlexercise.py
[2023-07-05T13:24:14.022+0000] {processor.py:826} INFO - Processing file /opt/airflow/dags/sqlexercise.py for tasks to queue
[2023-07-05T13:24:14.023+0000] {logging_mixin.py:149} INFO - [2023-07-05T13:24:14.023+0000] {dagbag.py:541} INFO - Filling up the DagBag from /opt/airflow/dags/sqlexercise.py
[2023-07-05T13:24:14.030+0000] {logging_mixin.py:149} INFO - [2023-07-05T13:24:14.026+0000] {dagbag.py:350} ERROR - Failed to import: /opt/airflow/dags/sqlexercise.py
Traceback (most recent call last):
  File "/home/airflow/.local/lib/python3.7/site-packages/airflow/models/dagbag.py", line 346, in parse
    loader.exec_module(new_module)
  File "<frozen importlib._bootstrap_external>", line 728, in exec_module
  File "<frozen importlib._bootstrap>", line 219, in _call_with_frames_removed
  File "/opt/airflow/dags/sqlexercise.py", line 10, in <module>
    catchup=Faalse
NameError: name 'Faalse' is not defined
[2023-07-05T13:24:14.031+0000] {processor.py:838} WARNING - No viable dags retrieved from /opt/airflow/dags/sqlexercise.py
[2023-07-05T13:24:14.063+0000] {processor.py:179} INFO - Processing /opt/airflow/dags/sqlexercise.py took 0.049 seconds
[2023-07-05T13:24:44.195+0000] {processor.py:157} INFO - Started process (PID=125) to work on /opt/airflow/dags/sqlexercise.py
[2023-07-05T13:24:44.197+0000] {processor.py:826} INFO - Processing file /opt/airflow/dags/sqlexercise.py for tasks to queue
[2023-07-05T13:24:44.198+0000] {logging_mixin.py:149} INFO - [2023-07-05T13:24:44.197+0000] {dagbag.py:541} INFO - Filling up the DagBag from /opt/airflow/dags/sqlexercise.py
[2023-07-05T13:24:44.201+0000] {logging_mixin.py:149} INFO - [2023-07-05T13:24:44.199+0000] {dagbag.py:350} ERROR - Failed to import: /opt/airflow/dags/sqlexercise.py
Traceback (most recent call last):
  File "/home/airflow/.local/lib/python3.7/site-packages/airflow/models/dagbag.py", line 346, in parse
    loader.exec_module(new_module)
  File "<frozen importlib._bootstrap_external>", line 728, in exec_module
  File "<frozen importlib._bootstrap>", line 219, in _call_with_frames_removed
  File "/opt/airflow/dags/sqlexercise.py", line 10, in <module>
    catchup=Faalse
NameError: name 'Faalse' is not defined
[2023-07-05T13:24:44.201+0000] {processor.py:838} WARNING - No viable dags retrieved from /opt/airflow/dags/sqlexercise.py
[2023-07-05T13:24:44.228+0000] {processor.py:179} INFO - Processing /opt/airflow/dags/sqlexercise.py took 0.037 seconds
[2023-07-05T13:25:14.380+0000] {processor.py:157} INFO - Started process (PID=133) to work on /opt/airflow/dags/sqlexercise.py
[2023-07-05T13:25:14.381+0000] {processor.py:826} INFO - Processing file /opt/airflow/dags/sqlexercise.py for tasks to queue
[2023-07-05T13:25:14.382+0000] {logging_mixin.py:149} INFO - [2023-07-05T13:25:14.382+0000] {dagbag.py:541} INFO - Filling up the DagBag from /opt/airflow/dags/sqlexercise.py
[2023-07-05T13:25:14.385+0000] {logging_mixin.py:149} INFO - [2023-07-05T13:25:14.384+0000] {dagbag.py:350} ERROR - Failed to import: /opt/airflow/dags/sqlexercise.py
Traceback (most recent call last):
  File "/home/airflow/.local/lib/python3.7/site-packages/airflow/models/dagbag.py", line 346, in parse
    loader.exec_module(new_module)
  File "<frozen importlib._bootstrap_external>", line 728, in exec_module
  File "<frozen importlib._bootstrap>", line 219, in _call_with_frames_removed
  File "/opt/airflow/dags/sqlexercise.py", line 10, in <module>
    catchup=Faalse
NameError: name 'Faalse' is not defined
[2023-07-05T13:25:14.385+0000] {processor.py:838} WARNING - No viable dags retrieved from /opt/airflow/dags/sqlexercise.py
[2023-07-05T13:25:14.407+0000] {processor.py:179} INFO - Processing /opt/airflow/dags/sqlexercise.py took 0.030 seconds
[2023-07-05T13:25:44.568+0000] {processor.py:157} INFO - Started process (PID=140) to work on /opt/airflow/dags/sqlexercise.py
[2023-07-05T13:25:44.569+0000] {processor.py:826} INFO - Processing file /opt/airflow/dags/sqlexercise.py for tasks to queue
[2023-07-05T13:25:44.571+0000] {logging_mixin.py:149} INFO - [2023-07-05T13:25:44.570+0000] {dagbag.py:541} INFO - Filling up the DagBag from /opt/airflow/dags/sqlexercise.py
[2023-07-05T13:25:44.574+0000] {logging_mixin.py:149} INFO - [2023-07-05T13:25:44.573+0000] {dagbag.py:350} ERROR - Failed to import: /opt/airflow/dags/sqlexercise.py
Traceback (most recent call last):
  File "/home/airflow/.local/lib/python3.7/site-packages/airflow/models/dagbag.py", line 346, in parse
    loader.exec_module(new_module)
  File "<frozen importlib._bootstrap_external>", line 728, in exec_module
  File "<frozen importlib._bootstrap>", line 219, in _call_with_frames_removed
  File "/opt/airflow/dags/sqlexercise.py", line 10, in <module>
    catchup=Faalse
NameError: name 'Faalse' is not defined
[2023-07-05T13:25:44.575+0000] {processor.py:838} WARNING - No viable dags retrieved from /opt/airflow/dags/sqlexercise.py
[2023-07-05T13:25:44.610+0000] {processor.py:179} INFO - Processing /opt/airflow/dags/sqlexercise.py took 0.047 seconds
[2023-07-05T13:26:14.768+0000] {processor.py:157} INFO - Started process (PID=148) to work on /opt/airflow/dags/sqlexercise.py
[2023-07-05T13:26:14.769+0000] {processor.py:826} INFO - Processing file /opt/airflow/dags/sqlexercise.py for tasks to queue
[2023-07-05T13:26:14.770+0000] {logging_mixin.py:149} INFO - [2023-07-05T13:26:14.770+0000] {dagbag.py:541} INFO - Filling up the DagBag from /opt/airflow/dags/sqlexercise.py
[2023-07-05T13:26:14.775+0000] {logging_mixin.py:149} INFO - [2023-07-05T13:26:14.773+0000] {dagbag.py:350} ERROR - Failed to import: /opt/airflow/dags/sqlexercise.py
Traceback (most recent call last):
  File "/home/airflow/.local/lib/python3.7/site-packages/airflow/models/dagbag.py", line 346, in parse
    loader.exec_module(new_module)
  File "<frozen importlib._bootstrap_external>", line 728, in exec_module
  File "<frozen importlib._bootstrap>", line 219, in _call_with_frames_removed
  File "/opt/airflow/dags/sqlexercise.py", line 10, in <module>
    catchup=Faalse
NameError: name 'Faalse' is not defined
[2023-07-05T13:26:14.775+0000] {processor.py:838} WARNING - No viable dags retrieved from /opt/airflow/dags/sqlexercise.py
[2023-07-05T13:26:14.814+0000] {processor.py:179} INFO - Processing /opt/airflow/dags/sqlexercise.py took 0.052 seconds
[2023-07-05T13:26:44.967+0000] {processor.py:157} INFO - Started process (PID=156) to work on /opt/airflow/dags/sqlexercise.py
[2023-07-05T13:26:44.968+0000] {processor.py:826} INFO - Processing file /opt/airflow/dags/sqlexercise.py for tasks to queue
[2023-07-05T13:26:44.969+0000] {logging_mixin.py:149} INFO - [2023-07-05T13:26:44.969+0000] {dagbag.py:541} INFO - Filling up the DagBag from /opt/airflow/dags/sqlexercise.py
[2023-07-05T13:26:44.973+0000] {logging_mixin.py:149} INFO - [2023-07-05T13:26:44.971+0000] {dagbag.py:350} ERROR - Failed to import: /opt/airflow/dags/sqlexercise.py
Traceback (most recent call last):
  File "/home/airflow/.local/lib/python3.7/site-packages/airflow/models/dagbag.py", line 346, in parse
    loader.exec_module(new_module)
  File "<frozen importlib._bootstrap_external>", line 728, in exec_module
  File "<frozen importlib._bootstrap>", line 219, in _call_with_frames_removed
  File "/opt/airflow/dags/sqlexercise.py", line 10, in <module>
    catchup=Faalse
NameError: name 'Faalse' is not defined
[2023-07-05T13:26:44.974+0000] {processor.py:838} WARNING - No viable dags retrieved from /opt/airflow/dags/sqlexercise.py
[2023-07-05T13:26:45.013+0000] {processor.py:179} INFO - Processing /opt/airflow/dags/sqlexercise.py took 0.052 seconds
[2023-07-05T13:27:15.150+0000] {processor.py:157} INFO - Started process (PID=164) to work on /opt/airflow/dags/sqlexercise.py
[2023-07-05T13:27:15.152+0000] {processor.py:826} INFO - Processing file /opt/airflow/dags/sqlexercise.py for tasks to queue
[2023-07-05T13:27:15.153+0000] {logging_mixin.py:149} INFO - [2023-07-05T13:27:15.152+0000] {dagbag.py:541} INFO - Filling up the DagBag from /opt/airflow/dags/sqlexercise.py
[2023-07-05T13:27:15.156+0000] {logging_mixin.py:149} INFO - [2023-07-05T13:27:15.154+0000] {dagbag.py:350} ERROR - Failed to import: /opt/airflow/dags/sqlexercise.py
Traceback (most recent call last):
  File "/home/airflow/.local/lib/python3.7/site-packages/airflow/models/dagbag.py", line 346, in parse
    loader.exec_module(new_module)
  File "<frozen importlib._bootstrap_external>", line 728, in exec_module
  File "<frozen importlib._bootstrap>", line 219, in _call_with_frames_removed
  File "/opt/airflow/dags/sqlexercise.py", line 10, in <module>
    catchup=Faalse
NameError: name 'Faalse' is not defined
[2023-07-05T13:27:15.156+0000] {processor.py:838} WARNING - No viable dags retrieved from /opt/airflow/dags/sqlexercise.py
[2023-07-05T13:27:15.193+0000] {processor.py:179} INFO - Processing /opt/airflow/dags/sqlexercise.py took 0.047 seconds
[2023-07-05T13:27:31.277+0000] {processor.py:157} INFO - Started process (PID=165) to work on /opt/airflow/dags/sqlexercise.py
[2023-07-05T13:27:31.278+0000] {processor.py:826} INFO - Processing file /opt/airflow/dags/sqlexercise.py for tasks to queue
[2023-07-05T13:27:31.282+0000] {logging_mixin.py:149} INFO - [2023-07-05T13:27:31.282+0000] {dagbag.py:541} INFO - Filling up the DagBag from /opt/airflow/dags/sqlexercise.py
[2023-07-05T13:27:31.330+0000] {processor.py:836} INFO - DAG(s) dict_keys(['exercise18']) retrieved from /opt/airflow/dags/sqlexercise.py
[2023-07-05T13:27:31.843+0000] {logging_mixin.py:149} INFO - [2023-07-05T13:27:31.843+0000] {manager.py:504} INFO - Created Permission View: can edit on DAG:exercise18
[2023-07-05T13:27:31.860+0000] {logging_mixin.py:149} INFO - [2023-07-05T13:27:31.859+0000] {manager.py:504} INFO - Created Permission View: can delete on DAG:exercise18
[2023-07-05T13:27:31.872+0000] {logging_mixin.py:149} INFO - [2023-07-05T13:27:31.872+0000] {manager.py:504} INFO - Created Permission View: can read on DAG:exercise18
[2023-07-05T13:27:31.895+0000] {logging_mixin.py:149} INFO - [2023-07-05T13:27:31.894+0000] {dag.py:2726} INFO - Sync 1 DAGs
[2023-07-05T13:27:31.919+0000] {logging_mixin.py:149} INFO - [2023-07-05T13:27:31.919+0000] {dag.py:2747} INFO - Creating ORM DAG for exercise18
[2023-07-05T13:27:31.939+0000] {logging_mixin.py:149} INFO - [2023-07-05T13:27:31.939+0000] {dag.py:3490} INFO - Setting next_dagrun for exercise18 to None, run_after=None
[2023-07-05T13:27:31.972+0000] {processor.py:179} INFO - Processing /opt/airflow/dags/sqlexercise.py took 0.701 seconds
[2023-07-05T13:28:02.171+0000] {processor.py:157} INFO - Started process (PID=172) to work on /opt/airflow/dags/sqlexercise.py
[2023-07-05T13:28:02.174+0000] {processor.py:826} INFO - Processing file /opt/airflow/dags/sqlexercise.py for tasks to queue
[2023-07-05T13:28:02.178+0000] {logging_mixin.py:149} INFO - [2023-07-05T13:28:02.177+0000] {dagbag.py:541} INFO - Filling up the DagBag from /opt/airflow/dags/sqlexercise.py
[2023-07-05T13:28:02.201+0000] {processor.py:836} INFO - DAG(s) dict_keys(['exercise18']) retrieved from /opt/airflow/dags/sqlexercise.py
[2023-07-05T13:28:02.261+0000] {logging_mixin.py:149} INFO - [2023-07-05T13:28:02.260+0000] {dag.py:2726} INFO - Sync 1 DAGs
[2023-07-05T13:28:02.314+0000] {logging_mixin.py:149} INFO - [2023-07-05T13:28:02.314+0000] {dag.py:3490} INFO - Setting next_dagrun for exercise18 to None, run_after=None
[2023-07-05T13:28:02.352+0000] {processor.py:179} INFO - Processing /opt/airflow/dags/sqlexercise.py took 0.187 seconds
[2023-07-05T13:28:32.519+0000] {processor.py:157} INFO - Started process (PID=180) to work on /opt/airflow/dags/sqlexercise.py
[2023-07-05T13:28:32.521+0000] {processor.py:826} INFO - Processing file /opt/airflow/dags/sqlexercise.py for tasks to queue
[2023-07-05T13:28:32.525+0000] {logging_mixin.py:149} INFO - [2023-07-05T13:28:32.525+0000] {dagbag.py:541} INFO - Filling up the DagBag from /opt/airflow/dags/sqlexercise.py
[2023-07-05T13:28:32.547+0000] {processor.py:836} INFO - DAG(s) dict_keys(['exercise18']) retrieved from /opt/airflow/dags/sqlexercise.py
[2023-07-05T13:28:32.607+0000] {logging_mixin.py:149} INFO - [2023-07-05T13:28:32.606+0000] {dag.py:2726} INFO - Sync 1 DAGs
[2023-07-05T13:28:32.652+0000] {logging_mixin.py:149} INFO - [2023-07-05T13:28:32.651+0000] {dag.py:3490} INFO - Setting next_dagrun for exercise18 to None, run_after=None
[2023-07-05T13:28:32.680+0000] {processor.py:179} INFO - Processing /opt/airflow/dags/sqlexercise.py took 0.166 seconds
[2023-07-05T13:29:02.867+0000] {processor.py:157} INFO - Started process (PID=188) to work on /opt/airflow/dags/sqlexercise.py
[2023-07-05T13:29:02.870+0000] {processor.py:826} INFO - Processing file /opt/airflow/dags/sqlexercise.py for tasks to queue
[2023-07-05T13:29:02.873+0000] {logging_mixin.py:149} INFO - [2023-07-05T13:29:02.872+0000] {dagbag.py:541} INFO - Filling up the DagBag from /opt/airflow/dags/sqlexercise.py
[2023-07-05T13:29:02.891+0000] {processor.py:836} INFO - DAG(s) dict_keys(['exercise18']) retrieved from /opt/airflow/dags/sqlexercise.py
[2023-07-05T13:29:02.942+0000] {logging_mixin.py:149} INFO - [2023-07-05T13:29:02.941+0000] {dag.py:2726} INFO - Sync 1 DAGs
[2023-07-05T13:29:02.987+0000] {logging_mixin.py:149} INFO - [2023-07-05T13:29:02.987+0000] {dag.py:3490} INFO - Setting next_dagrun for exercise18 to None, run_after=None
[2023-07-05T13:29:03.022+0000] {processor.py:179} INFO - Processing /opt/airflow/dags/sqlexercise.py took 0.161 seconds
[2023-07-05T13:29:04.880+0000] {processor.py:157} INFO - Started process (PID=196) to work on /opt/airflow/dags/sqlexercise.py
[2023-07-05T13:29:04.881+0000] {processor.py:826} INFO - Processing file /opt/airflow/dags/sqlexercise.py for tasks to queue
[2023-07-05T13:29:04.884+0000] {logging_mixin.py:149} INFO - [2023-07-05T13:29:04.884+0000] {dagbag.py:541} INFO - Filling up the DagBag from /opt/airflow/dags/sqlexercise.py
[2023-07-05T13:29:04.897+0000] {processor.py:836} INFO - DAG(s) dict_keys(['exercise17']) retrieved from /opt/airflow/dags/sqlexercise.py
[2023-07-05T13:29:05.059+0000] {logging_mixin.py:149} INFO - [2023-07-05T13:29:05.059+0000] {manager.py:504} INFO - Created Permission View: can edit on DAG:exercise17
[2023-07-05T13:29:05.080+0000] {logging_mixin.py:149} INFO - [2023-07-05T13:29:05.079+0000] {manager.py:504} INFO - Created Permission View: can delete on DAG:exercise17
[2023-07-05T13:29:05.090+0000] {logging_mixin.py:149} INFO - [2023-07-05T13:29:05.090+0000] {manager.py:504} INFO - Created Permission View: can read on DAG:exercise17
[2023-07-05T13:29:05.112+0000] {logging_mixin.py:149} INFO - [2023-07-05T13:29:05.111+0000] {dag.py:2726} INFO - Sync 1 DAGs
[2023-07-05T13:29:05.129+0000] {logging_mixin.py:149} INFO - [2023-07-05T13:29:05.129+0000] {dag.py:2747} INFO - Creating ORM DAG for exercise17
[2023-07-05T13:29:05.144+0000] {logging_mixin.py:149} INFO - [2023-07-05T13:29:05.143+0000] {dag.py:3490} INFO - Setting next_dagrun for exercise17 to None, run_after=None
[2023-07-05T13:29:05.170+0000] {processor.py:179} INFO - Processing /opt/airflow/dags/sqlexercise.py took 0.293 seconds
[2023-07-05T13:29:35.260+0000] {processor.py:157} INFO - Started process (PID=204) to work on /opt/airflow/dags/sqlexercise.py
[2023-07-05T13:29:35.262+0000] {processor.py:826} INFO - Processing file /opt/airflow/dags/sqlexercise.py for tasks to queue
[2023-07-05T13:29:35.266+0000] {logging_mixin.py:149} INFO - [2023-07-05T13:29:35.266+0000] {dagbag.py:541} INFO - Filling up the DagBag from /opt/airflow/dags/sqlexercise.py
[2023-07-05T13:29:35.282+0000] {processor.py:836} INFO - DAG(s) dict_keys(['exercise17']) retrieved from /opt/airflow/dags/sqlexercise.py
[2023-07-05T13:29:35.325+0000] {logging_mixin.py:149} INFO - [2023-07-05T13:29:35.325+0000] {dag.py:2726} INFO - Sync 1 DAGs
[2023-07-05T13:29:35.369+0000] {logging_mixin.py:149} INFO - [2023-07-05T13:29:35.369+0000] {dag.py:3490} INFO - Setting next_dagrun for exercise17 to None, run_after=None
[2023-07-05T13:29:35.398+0000] {processor.py:179} INFO - Processing /opt/airflow/dags/sqlexercise.py took 0.143 seconds
[2023-07-05T13:30:05.519+0000] {processor.py:157} INFO - Started process (PID=212) to work on /opt/airflow/dags/sqlexercise.py
[2023-07-05T13:30:05.520+0000] {processor.py:826} INFO - Processing file /opt/airflow/dags/sqlexercise.py for tasks to queue
[2023-07-05T13:30:05.525+0000] {logging_mixin.py:149} INFO - [2023-07-05T13:30:05.525+0000] {dagbag.py:541} INFO - Filling up the DagBag from /opt/airflow/dags/sqlexercise.py
[2023-07-05T13:30:05.549+0000] {processor.py:836} INFO - DAG(s) dict_keys(['exercise17']) retrieved from /opt/airflow/dags/sqlexercise.py
[2023-07-05T13:30:05.617+0000] {logging_mixin.py:149} INFO - [2023-07-05T13:30:05.616+0000] {dag.py:2726} INFO - Sync 1 DAGs
[2023-07-05T13:30:05.671+0000] {logging_mixin.py:149} INFO - [2023-07-05T13:30:05.671+0000] {dag.py:3490} INFO - Setting next_dagrun for exercise17 to None, run_after=None
[2023-07-05T13:30:05.701+0000] {processor.py:179} INFO - Processing /opt/airflow/dags/sqlexercise.py took 0.189 seconds
[2023-07-05T13:30:35.771+0000] {processor.py:157} INFO - Started process (PID=220) to work on /opt/airflow/dags/sqlexercise.py
[2023-07-05T13:30:35.773+0000] {processor.py:826} INFO - Processing file /opt/airflow/dags/sqlexercise.py for tasks to queue
[2023-07-05T13:30:35.774+0000] {logging_mixin.py:149} INFO - [2023-07-05T13:30:35.774+0000] {dagbag.py:541} INFO - Filling up the DagBag from /opt/airflow/dags/sqlexercise.py
[2023-07-05T13:30:35.793+0000] {processor.py:836} INFO - DAG(s) dict_keys(['exercise17']) retrieved from /opt/airflow/dags/sqlexercise.py
[2023-07-05T13:30:35.858+0000] {logging_mixin.py:149} INFO - [2023-07-05T13:30:35.858+0000] {dag.py:2726} INFO - Sync 1 DAGs
[2023-07-05T13:30:35.912+0000] {logging_mixin.py:149} INFO - [2023-07-05T13:30:35.912+0000] {dag.py:3490} INFO - Setting next_dagrun for exercise17 to None, run_after=None
[2023-07-05T13:30:35.944+0000] {processor.py:179} INFO - Processing /opt/airflow/dags/sqlexercise.py took 0.179 seconds
[2023-07-05T13:31:06.029+0000] {processor.py:157} INFO - Started process (PID=227) to work on /opt/airflow/dags/sqlexercise.py
[2023-07-05T13:31:06.031+0000] {processor.py:826} INFO - Processing file /opt/airflow/dags/sqlexercise.py for tasks to queue
[2023-07-05T13:31:06.032+0000] {logging_mixin.py:149} INFO - [2023-07-05T13:31:06.031+0000] {dagbag.py:541} INFO - Filling up the DagBag from /opt/airflow/dags/sqlexercise.py
[2023-07-05T13:31:06.045+0000] {processor.py:836} INFO - DAG(s) dict_keys(['exercise17']) retrieved from /opt/airflow/dags/sqlexercise.py
[2023-07-05T13:31:06.084+0000] {logging_mixin.py:149} INFO - [2023-07-05T13:31:06.084+0000] {dag.py:2726} INFO - Sync 1 DAGs
[2023-07-05T13:31:06.119+0000] {logging_mixin.py:149} INFO - [2023-07-05T13:31:06.119+0000] {dag.py:3490} INFO - Setting next_dagrun for exercise17 to None, run_after=None
[2023-07-05T13:31:06.146+0000] {processor.py:179} INFO - Processing /opt/airflow/dags/sqlexercise.py took 0.120 seconds
[2023-07-05T13:31:36.273+0000] {processor.py:157} INFO - Started process (PID=235) to work on /opt/airflow/dags/sqlexercise.py
[2023-07-05T13:31:36.275+0000] {processor.py:826} INFO - Processing file /opt/airflow/dags/sqlexercise.py for tasks to queue
[2023-07-05T13:31:36.275+0000] {logging_mixin.py:149} INFO - [2023-07-05T13:31:36.275+0000] {dagbag.py:541} INFO - Filling up the DagBag from /opt/airflow/dags/sqlexercise.py
[2023-07-05T13:31:36.288+0000] {processor.py:836} INFO - DAG(s) dict_keys(['exercise17']) retrieved from /opt/airflow/dags/sqlexercise.py
[2023-07-05T13:31:36.326+0000] {logging_mixin.py:149} INFO - [2023-07-05T13:31:36.325+0000] {dag.py:2726} INFO - Sync 1 DAGs
[2023-07-05T13:31:36.369+0000] {logging_mixin.py:149} INFO - [2023-07-05T13:31:36.369+0000] {dag.py:3490} INFO - Setting next_dagrun for exercise17 to None, run_after=None
[2023-07-05T13:31:36.390+0000] {processor.py:179} INFO - Processing /opt/airflow/dags/sqlexercise.py took 0.120 seconds
[2023-07-05T13:32:06.476+0000] {processor.py:157} INFO - Started process (PID=243) to work on /opt/airflow/dags/sqlexercise.py
[2023-07-05T13:32:06.477+0000] {processor.py:826} INFO - Processing file /opt/airflow/dags/sqlexercise.py for tasks to queue
[2023-07-05T13:32:06.478+0000] {logging_mixin.py:149} INFO - [2023-07-05T13:32:06.478+0000] {dagbag.py:541} INFO - Filling up the DagBag from /opt/airflow/dags/sqlexercise.py
[2023-07-05T13:32:06.495+0000] {processor.py:836} INFO - DAG(s) dict_keys(['exercise17']) retrieved from /opt/airflow/dags/sqlexercise.py
[2023-07-05T13:32:06.553+0000] {logging_mixin.py:149} INFO - [2023-07-05T13:32:06.552+0000] {dag.py:2726} INFO - Sync 1 DAGs
[2023-07-05T13:32:06.597+0000] {logging_mixin.py:149} INFO - [2023-07-05T13:32:06.597+0000] {dag.py:3490} INFO - Setting next_dagrun for exercise17 to None, run_after=None
[2023-07-05T13:32:06.622+0000] {processor.py:179} INFO - Processing /opt/airflow/dags/sqlexercise.py took 0.152 seconds
[2023-07-05T13:32:36.727+0000] {processor.py:157} INFO - Started process (PID=251) to work on /opt/airflow/dags/sqlexercise.py
[2023-07-05T13:32:36.728+0000] {processor.py:826} INFO - Processing file /opt/airflow/dags/sqlexercise.py for tasks to queue
[2023-07-05T13:32:36.729+0000] {logging_mixin.py:149} INFO - [2023-07-05T13:32:36.729+0000] {dagbag.py:541} INFO - Filling up the DagBag from /opt/airflow/dags/sqlexercise.py
[2023-07-05T13:32:36.746+0000] {processor.py:836} INFO - DAG(s) dict_keys(['exercise17']) retrieved from /opt/airflow/dags/sqlexercise.py
[2023-07-05T13:32:36.802+0000] {logging_mixin.py:149} INFO - [2023-07-05T13:32:36.801+0000] {dag.py:2726} INFO - Sync 1 DAGs
[2023-07-05T13:32:36.845+0000] {logging_mixin.py:149} INFO - [2023-07-05T13:32:36.845+0000] {dag.py:3490} INFO - Setting next_dagrun for exercise17 to None, run_after=None
[2023-07-05T13:32:36.868+0000] {processor.py:179} INFO - Processing /opt/airflow/dags/sqlexercise.py took 0.147 seconds
[2023-07-05T13:33:06.944+0000] {processor.py:157} INFO - Started process (PID=259) to work on /opt/airflow/dags/sqlexercise.py
[2023-07-05T13:33:06.945+0000] {processor.py:826} INFO - Processing file /opt/airflow/dags/sqlexercise.py for tasks to queue
[2023-07-05T13:33:06.946+0000] {logging_mixin.py:149} INFO - [2023-07-05T13:33:06.946+0000] {dagbag.py:541} INFO - Filling up the DagBag from /opt/airflow/dags/sqlexercise.py
[2023-07-05T13:33:06.959+0000] {processor.py:836} INFO - DAG(s) dict_keys(['exercise17']) retrieved from /opt/airflow/dags/sqlexercise.py
[2023-07-05T13:33:07.000+0000] {logging_mixin.py:149} INFO - [2023-07-05T13:33:07.000+0000] {dag.py:2726} INFO - Sync 1 DAGs
[2023-07-05T13:33:07.035+0000] {logging_mixin.py:149} INFO - [2023-07-05T13:33:07.035+0000] {dag.py:3490} INFO - Setting next_dagrun for exercise17 to None, run_after=None
[2023-07-05T13:33:07.060+0000] {processor.py:179} INFO - Processing /opt/airflow/dags/sqlexercise.py took 0.119 seconds
[2023-07-05T13:33:37.191+0000] {processor.py:157} INFO - Started process (PID=267) to work on /opt/airflow/dags/sqlexercise.py
[2023-07-05T13:33:37.192+0000] {processor.py:826} INFO - Processing file /opt/airflow/dags/sqlexercise.py for tasks to queue
[2023-07-05T13:33:37.193+0000] {logging_mixin.py:149} INFO - [2023-07-05T13:33:37.193+0000] {dagbag.py:541} INFO - Filling up the DagBag from /opt/airflow/dags/sqlexercise.py
[2023-07-05T13:33:37.207+0000] {processor.py:836} INFO - DAG(s) dict_keys(['exercise17']) retrieved from /opt/airflow/dags/sqlexercise.py
[2023-07-05T13:33:37.249+0000] {logging_mixin.py:149} INFO - [2023-07-05T13:33:37.248+0000] {dag.py:2726} INFO - Sync 1 DAGs
[2023-07-05T13:33:37.290+0000] {logging_mixin.py:149} INFO - [2023-07-05T13:33:37.290+0000] {dag.py:3490} INFO - Setting next_dagrun for exercise17 to None, run_after=None
[2023-07-05T13:33:37.316+0000] {processor.py:179} INFO - Processing /opt/airflow/dags/sqlexercise.py took 0.129 seconds
[2023-07-05T13:34:07.375+0000] {processor.py:157} INFO - Started process (PID=275) to work on /opt/airflow/dags/sqlexercise.py
[2023-07-05T13:34:07.377+0000] {processor.py:826} INFO - Processing file /opt/airflow/dags/sqlexercise.py for tasks to queue
[2023-07-05T13:34:07.377+0000] {logging_mixin.py:149} INFO - [2023-07-05T13:34:07.377+0000] {dagbag.py:541} INFO - Filling up the DagBag from /opt/airflow/dags/sqlexercise.py
[2023-07-05T13:34:07.392+0000] {processor.py:836} INFO - DAG(s) dict_keys(['exercise17']) retrieved from /opt/airflow/dags/sqlexercise.py
[2023-07-05T13:34:07.446+0000] {logging_mixin.py:149} INFO - [2023-07-05T13:34:07.446+0000] {dag.py:2726} INFO - Sync 1 DAGs
[2023-07-05T13:34:07.486+0000] {logging_mixin.py:149} INFO - [2023-07-05T13:34:07.486+0000] {dag.py:3490} INFO - Setting next_dagrun for exercise17 to None, run_after=None
[2023-07-05T13:34:07.512+0000] {processor.py:179} INFO - Processing /opt/airflow/dags/sqlexercise.py took 0.141 seconds
[2023-07-05T13:34:37.661+0000] {processor.py:157} INFO - Started process (PID=283) to work on /opt/airflow/dags/sqlexercise.py
[2023-07-05T13:34:37.662+0000] {processor.py:826} INFO - Processing file /opt/airflow/dags/sqlexercise.py for tasks to queue
[2023-07-05T13:34:37.663+0000] {logging_mixin.py:149} INFO - [2023-07-05T13:34:37.663+0000] {dagbag.py:541} INFO - Filling up the DagBag from /opt/airflow/dags/sqlexercise.py
[2023-07-05T13:34:37.682+0000] {processor.py:836} INFO - DAG(s) dict_keys(['exercise17']) retrieved from /opt/airflow/dags/sqlexercise.py
[2023-07-05T13:34:37.738+0000] {logging_mixin.py:149} INFO - [2023-07-05T13:34:37.738+0000] {dag.py:2726} INFO - Sync 1 DAGs
[2023-07-05T13:34:37.788+0000] {logging_mixin.py:149} INFO - [2023-07-05T13:34:37.788+0000] {dag.py:3490} INFO - Setting next_dagrun for exercise17 to None, run_after=None
[2023-07-05T13:34:37.818+0000] {processor.py:179} INFO - Processing /opt/airflow/dags/sqlexercise.py took 0.162 seconds
[2023-07-05T13:35:07.975+0000] {processor.py:157} INFO - Started process (PID=291) to work on /opt/airflow/dags/sqlexercise.py
[2023-07-05T13:35:07.975+0000] {processor.py:826} INFO - Processing file /opt/airflow/dags/sqlexercise.py for tasks to queue
[2023-07-05T13:35:07.976+0000] {logging_mixin.py:149} INFO - [2023-07-05T13:35:07.976+0000] {dagbag.py:541} INFO - Filling up the DagBag from /opt/airflow/dags/sqlexercise.py
[2023-07-05T13:35:07.991+0000] {processor.py:836} INFO - DAG(s) dict_keys(['exercise17']) retrieved from /opt/airflow/dags/sqlexercise.py
[2023-07-05T13:35:08.038+0000] {logging_mixin.py:149} INFO - [2023-07-05T13:35:08.038+0000] {dag.py:2726} INFO - Sync 1 DAGs
[2023-07-05T13:35:08.083+0000] {logging_mixin.py:149} INFO - [2023-07-05T13:35:08.083+0000] {dag.py:3490} INFO - Setting next_dagrun for exercise17 to None, run_after=None
[2023-07-05T13:35:08.118+0000] {processor.py:179} INFO - Processing /opt/airflow/dags/sqlexercise.py took 0.146 seconds
[2023-07-05T13:35:38.280+0000] {processor.py:157} INFO - Started process (PID=299) to work on /opt/airflow/dags/sqlexercise.py
[2023-07-05T13:35:38.282+0000] {processor.py:826} INFO - Processing file /opt/airflow/dags/sqlexercise.py for tasks to queue
[2023-07-05T13:35:38.282+0000] {logging_mixin.py:149} INFO - [2023-07-05T13:35:38.282+0000] {dagbag.py:541} INFO - Filling up the DagBag from /opt/airflow/dags/sqlexercise.py
[2023-07-05T13:35:38.297+0000] {processor.py:836} INFO - DAG(s) dict_keys(['exercise17']) retrieved from /opt/airflow/dags/sqlexercise.py
[2023-07-05T13:35:38.339+0000] {logging_mixin.py:149} INFO - [2023-07-05T13:35:38.339+0000] {dag.py:2726} INFO - Sync 1 DAGs
[2023-07-05T13:35:38.377+0000] {logging_mixin.py:149} INFO - [2023-07-05T13:35:38.377+0000] {dag.py:3490} INFO - Setting next_dagrun for exercise17 to None, run_after=None
[2023-07-05T13:35:38.399+0000] {processor.py:179} INFO - Processing /opt/airflow/dags/sqlexercise.py took 0.122 seconds
[2023-07-05T13:36:08.445+0000] {processor.py:157} INFO - Started process (PID=308) to work on /opt/airflow/dags/sqlexercise.py
[2023-07-05T13:36:08.447+0000] {processor.py:826} INFO - Processing file /opt/airflow/dags/sqlexercise.py for tasks to queue
[2023-07-05T13:36:08.448+0000] {logging_mixin.py:149} INFO - [2023-07-05T13:36:08.448+0000] {dagbag.py:541} INFO - Filling up the DagBag from /opt/airflow/dags/sqlexercise.py
[2023-07-05T13:36:08.466+0000] {processor.py:836} INFO - DAG(s) dict_keys(['exercise17']) retrieved from /opt/airflow/dags/sqlexercise.py
[2023-07-05T13:36:08.517+0000] {logging_mixin.py:149} INFO - [2023-07-05T13:36:08.517+0000] {dag.py:2726} INFO - Sync 1 DAGs
[2023-07-05T13:36:08.566+0000] {logging_mixin.py:149} INFO - [2023-07-05T13:36:08.566+0000] {dag.py:3490} INFO - Setting next_dagrun for exercise17 to None, run_after=None
[2023-07-05T13:36:08.594+0000] {processor.py:179} INFO - Processing /opt/airflow/dags/sqlexercise.py took 0.154 seconds
[2023-07-05T13:36:38.752+0000] {processor.py:157} INFO - Started process (PID=316) to work on /opt/airflow/dags/sqlexercise.py
[2023-07-05T13:36:38.753+0000] {processor.py:826} INFO - Processing file /opt/airflow/dags/sqlexercise.py for tasks to queue
[2023-07-05T13:36:38.754+0000] {logging_mixin.py:149} INFO - [2023-07-05T13:36:38.753+0000] {dagbag.py:541} INFO - Filling up the DagBag from /opt/airflow/dags/sqlexercise.py
[2023-07-05T13:36:38.772+0000] {processor.py:836} INFO - DAG(s) dict_keys(['exercise17']) retrieved from /opt/airflow/dags/sqlexercise.py
[2023-07-05T13:36:38.829+0000] {logging_mixin.py:149} INFO - [2023-07-05T13:36:38.828+0000] {dag.py:2726} INFO - Sync 1 DAGs
[2023-07-05T13:36:38.880+0000] {logging_mixin.py:149} INFO - [2023-07-05T13:36:38.879+0000] {dag.py:3490} INFO - Setting next_dagrun for exercise17 to None, run_after=None
[2023-07-05T13:36:38.908+0000] {processor.py:179} INFO - Processing /opt/airflow/dags/sqlexercise.py took 0.162 seconds
[2023-07-05T13:37:09.068+0000] {processor.py:157} INFO - Started process (PID=324) to work on /opt/airflow/dags/sqlexercise.py
[2023-07-05T13:37:09.069+0000] {processor.py:826} INFO - Processing file /opt/airflow/dags/sqlexercise.py for tasks to queue
[2023-07-05T13:37:09.070+0000] {logging_mixin.py:149} INFO - [2023-07-05T13:37:09.069+0000] {dagbag.py:541} INFO - Filling up the DagBag from /opt/airflow/dags/sqlexercise.py
[2023-07-05T13:37:09.083+0000] {processor.py:836} INFO - DAG(s) dict_keys(['exercise17']) retrieved from /opt/airflow/dags/sqlexercise.py
[2023-07-05T13:37:09.126+0000] {logging_mixin.py:149} INFO - [2023-07-05T13:37:09.126+0000] {dag.py:2726} INFO - Sync 1 DAGs
[2023-07-05T13:37:09.162+0000] {logging_mixin.py:149} INFO - [2023-07-05T13:37:09.162+0000] {dag.py:3490} INFO - Setting next_dagrun for exercise17 to None, run_after=None
[2023-07-05T13:37:09.184+0000] {processor.py:179} INFO - Processing /opt/airflow/dags/sqlexercise.py took 0.121 seconds
[2023-07-05T13:37:39.261+0000] {processor.py:157} INFO - Started process (PID=332) to work on /opt/airflow/dags/sqlexercise.py
[2023-07-05T13:37:39.262+0000] {processor.py:826} INFO - Processing file /opt/airflow/dags/sqlexercise.py for tasks to queue
[2023-07-05T13:37:39.263+0000] {logging_mixin.py:149} INFO - [2023-07-05T13:37:39.263+0000] {dagbag.py:541} INFO - Filling up the DagBag from /opt/airflow/dags/sqlexercise.py
[2023-07-05T13:37:39.285+0000] {processor.py:836} INFO - DAG(s) dict_keys(['exercise17']) retrieved from /opt/airflow/dags/sqlexercise.py
[2023-07-05T13:37:39.333+0000] {logging_mixin.py:149} INFO - [2023-07-05T13:37:39.333+0000] {dag.py:2726} INFO - Sync 1 DAGs
[2023-07-05T13:37:39.369+0000] {logging_mixin.py:149} INFO - [2023-07-05T13:37:39.369+0000] {dag.py:3490} INFO - Setting next_dagrun for exercise17 to None, run_after=None
[2023-07-05T13:37:39.396+0000] {processor.py:179} INFO - Processing /opt/airflow/dags/sqlexercise.py took 0.140 seconds
[2023-07-05T13:38:09.507+0000] {processor.py:157} INFO - Started process (PID=340) to work on /opt/airflow/dags/sqlexercise.py
[2023-07-05T13:38:09.509+0000] {processor.py:826} INFO - Processing file /opt/airflow/dags/sqlexercise.py for tasks to queue
[2023-07-05T13:38:09.510+0000] {logging_mixin.py:149} INFO - [2023-07-05T13:38:09.510+0000] {dagbag.py:541} INFO - Filling up the DagBag from /opt/airflow/dags/sqlexercise.py
[2023-07-05T13:38:09.526+0000] {processor.py:836} INFO - DAG(s) dict_keys(['exercise17']) retrieved from /opt/airflow/dags/sqlexercise.py
[2023-07-05T13:38:09.570+0000] {logging_mixin.py:149} INFO - [2023-07-05T13:38:09.570+0000] {dag.py:2726} INFO - Sync 1 DAGs
[2023-07-05T13:38:09.619+0000] {logging_mixin.py:149} INFO - [2023-07-05T13:38:09.618+0000] {dag.py:3490} INFO - Setting next_dagrun for exercise17 to None, run_after=None
[2023-07-05T13:38:09.651+0000] {processor.py:179} INFO - Processing /opt/airflow/dags/sqlexercise.py took 0.147 seconds
[2023-07-05T13:38:39.709+0000] {processor.py:157} INFO - Started process (PID=348) to work on /opt/airflow/dags/sqlexercise.py
[2023-07-05T13:38:39.710+0000] {processor.py:826} INFO - Processing file /opt/airflow/dags/sqlexercise.py for tasks to queue
[2023-07-05T13:38:39.711+0000] {logging_mixin.py:149} INFO - [2023-07-05T13:38:39.711+0000] {dagbag.py:541} INFO - Filling up the DagBag from /opt/airflow/dags/sqlexercise.py
[2023-07-05T13:38:39.733+0000] {processor.py:836} INFO - DAG(s) dict_keys(['exercise17']) retrieved from /opt/airflow/dags/sqlexercise.py
[2023-07-05T13:38:39.791+0000] {logging_mixin.py:149} INFO - [2023-07-05T13:38:39.791+0000] {dag.py:2726} INFO - Sync 1 DAGs
[2023-07-05T13:38:39.834+0000] {logging_mixin.py:149} INFO - [2023-07-05T13:38:39.833+0000] {dag.py:3490} INFO - Setting next_dagrun for exercise17 to None, run_after=None
[2023-07-05T13:38:39.860+0000] {processor.py:179} INFO - Processing /opt/airflow/dags/sqlexercise.py took 0.156 seconds
[2023-07-05T13:39:09.966+0000] {processor.py:157} INFO - Started process (PID=356) to work on /opt/airflow/dags/sqlexercise.py
[2023-07-05T13:39:09.968+0000] {processor.py:826} INFO - Processing file /opt/airflow/dags/sqlexercise.py for tasks to queue
[2023-07-05T13:39:09.969+0000] {logging_mixin.py:149} INFO - [2023-07-05T13:39:09.969+0000] {dagbag.py:541} INFO - Filling up the DagBag from /opt/airflow/dags/sqlexercise.py
[2023-07-05T13:39:09.986+0000] {processor.py:836} INFO - DAG(s) dict_keys(['exercise17']) retrieved from /opt/airflow/dags/sqlexercise.py
[2023-07-05T13:39:10.029+0000] {logging_mixin.py:149} INFO - [2023-07-05T13:39:10.028+0000] {dag.py:2726} INFO - Sync 1 DAGs
[2023-07-05T13:39:10.067+0000] {logging_mixin.py:149} INFO - [2023-07-05T13:39:10.067+0000] {dag.py:3490} INFO - Setting next_dagrun for exercise17 to None, run_after=None
[2023-07-05T13:39:10.096+0000] {processor.py:179} INFO - Processing /opt/airflow/dags/sqlexercise.py took 0.134 seconds
[2023-07-05T13:39:40.184+0000] {processor.py:157} INFO - Started process (PID=364) to work on /opt/airflow/dags/sqlexercise.py
[2023-07-05T13:39:40.185+0000] {processor.py:826} INFO - Processing file /opt/airflow/dags/sqlexercise.py for tasks to queue
[2023-07-05T13:39:40.187+0000] {logging_mixin.py:149} INFO - [2023-07-05T13:39:40.186+0000] {dagbag.py:541} INFO - Filling up the DagBag from /opt/airflow/dags/sqlexercise.py
[2023-07-05T13:39:40.202+0000] {processor.py:836} INFO - DAG(s) dict_keys(['exercise17']) retrieved from /opt/airflow/dags/sqlexercise.py
[2023-07-05T13:39:40.241+0000] {logging_mixin.py:149} INFO - [2023-07-05T13:39:40.241+0000] {dag.py:2726} INFO - Sync 1 DAGs
[2023-07-05T13:39:40.281+0000] {logging_mixin.py:149} INFO - [2023-07-05T13:39:40.281+0000] {dag.py:3490} INFO - Setting next_dagrun for exercise17 to None, run_after=None
[2023-07-05T13:39:40.307+0000] {processor.py:179} INFO - Processing /opt/airflow/dags/sqlexercise.py took 0.127 seconds
[2023-07-05T13:40:10.404+0000] {processor.py:157} INFO - Started process (PID=372) to work on /opt/airflow/dags/sqlexercise.py
[2023-07-05T13:40:10.406+0000] {processor.py:826} INFO - Processing file /opt/airflow/dags/sqlexercise.py for tasks to queue
[2023-07-05T13:40:10.407+0000] {logging_mixin.py:149} INFO - [2023-07-05T13:40:10.406+0000] {dagbag.py:541} INFO - Filling up the DagBag from /opt/airflow/dags/sqlexercise.py
[2023-07-05T13:40:10.422+0000] {processor.py:836} INFO - DAG(s) dict_keys(['exercise17']) retrieved from /opt/airflow/dags/sqlexercise.py
[2023-07-05T13:40:10.462+0000] {logging_mixin.py:149} INFO - [2023-07-05T13:40:10.462+0000] {dag.py:2726} INFO - Sync 1 DAGs
[2023-07-05T13:40:10.498+0000] {logging_mixin.py:149} INFO - [2023-07-05T13:40:10.498+0000] {dag.py:3490} INFO - Setting next_dagrun for exercise17 to None, run_after=None
[2023-07-05T13:40:10.522+0000] {processor.py:179} INFO - Processing /opt/airflow/dags/sqlexercise.py took 0.123 seconds
[2023-07-05T13:40:40.625+0000] {processor.py:157} INFO - Started process (PID=380) to work on /opt/airflow/dags/sqlexercise.py
[2023-07-05T13:40:40.626+0000] {processor.py:826} INFO - Processing file /opt/airflow/dags/sqlexercise.py for tasks to queue
[2023-07-05T13:40:40.627+0000] {logging_mixin.py:149} INFO - [2023-07-05T13:40:40.627+0000] {dagbag.py:541} INFO - Filling up the DagBag from /opt/airflow/dags/sqlexercise.py
[2023-07-05T13:40:40.644+0000] {processor.py:836} INFO - DAG(s) dict_keys(['exercise17']) retrieved from /opt/airflow/dags/sqlexercise.py
[2023-07-05T13:40:40.693+0000] {logging_mixin.py:149} INFO - [2023-07-05T13:40:40.693+0000] {dag.py:2726} INFO - Sync 1 DAGs
[2023-07-05T13:40:40.729+0000] {logging_mixin.py:149} INFO - [2023-07-05T13:40:40.729+0000] {dag.py:3490} INFO - Setting next_dagrun for exercise17 to None, run_after=None
[2023-07-05T13:40:40.764+0000] {processor.py:179} INFO - Processing /opt/airflow/dags/sqlexercise.py took 0.144 seconds
[2023-07-05T13:41:10.841+0000] {processor.py:157} INFO - Started process (PID=388) to work on /opt/airflow/dags/sqlexercise.py
[2023-07-05T13:41:10.842+0000] {processor.py:826} INFO - Processing file /opt/airflow/dags/sqlexercise.py for tasks to queue
[2023-07-05T13:41:10.843+0000] {logging_mixin.py:149} INFO - [2023-07-05T13:41:10.843+0000] {dagbag.py:541} INFO - Filling up the DagBag from /opt/airflow/dags/sqlexercise.py
[2023-07-05T13:41:10.860+0000] {processor.py:836} INFO - DAG(s) dict_keys(['exercise17']) retrieved from /opt/airflow/dags/sqlexercise.py
[2023-07-05T13:41:10.907+0000] {logging_mixin.py:149} INFO - [2023-07-05T13:41:10.907+0000] {dag.py:2726} INFO - Sync 1 DAGs
[2023-07-05T13:41:10.947+0000] {logging_mixin.py:149} INFO - [2023-07-05T13:41:10.947+0000] {dag.py:3490} INFO - Setting next_dagrun for exercise17 to None, run_after=None
[2023-07-05T13:41:10.971+0000] {processor.py:179} INFO - Processing /opt/airflow/dags/sqlexercise.py took 0.137 seconds
[2023-07-05T13:41:41.092+0000] {processor.py:157} INFO - Started process (PID=396) to work on /opt/airflow/dags/sqlexercise.py
[2023-07-05T13:41:41.093+0000] {processor.py:826} INFO - Processing file /opt/airflow/dags/sqlexercise.py for tasks to queue
[2023-07-05T13:41:41.094+0000] {logging_mixin.py:149} INFO - [2023-07-05T13:41:41.094+0000] {dagbag.py:541} INFO - Filling up the DagBag from /opt/airflow/dags/sqlexercise.py
[2023-07-05T13:41:41.108+0000] {processor.py:836} INFO - DAG(s) dict_keys(['exercise17']) retrieved from /opt/airflow/dags/sqlexercise.py
[2023-07-05T13:41:41.148+0000] {logging_mixin.py:149} INFO - [2023-07-05T13:41:41.148+0000] {dag.py:2726} INFO - Sync 1 DAGs
[2023-07-05T13:41:41.190+0000] {logging_mixin.py:149} INFO - [2023-07-05T13:41:41.190+0000] {dag.py:3490} INFO - Setting next_dagrun for exercise17 to None, run_after=None
[2023-07-05T13:41:41.222+0000] {processor.py:179} INFO - Processing /opt/airflow/dags/sqlexercise.py took 0.135 seconds
[2023-07-05T13:42:11.283+0000] {processor.py:157} INFO - Started process (PID=404) to work on /opt/airflow/dags/sqlexercise.py
[2023-07-05T13:42:11.285+0000] {processor.py:826} INFO - Processing file /opt/airflow/dags/sqlexercise.py for tasks to queue
[2023-07-05T13:42:11.286+0000] {logging_mixin.py:149} INFO - [2023-07-05T13:42:11.285+0000] {dagbag.py:541} INFO - Filling up the DagBag from /opt/airflow/dags/sqlexercise.py
[2023-07-05T13:42:11.301+0000] {processor.py:836} INFO - DAG(s) dict_keys(['exercise17']) retrieved from /opt/airflow/dags/sqlexercise.py
[2023-07-05T13:42:11.340+0000] {logging_mixin.py:149} INFO - [2023-07-05T13:42:11.340+0000] {dag.py:2726} INFO - Sync 1 DAGs
[2023-07-05T13:42:11.384+0000] {logging_mixin.py:149} INFO - [2023-07-05T13:42:11.384+0000] {dag.py:3490} INFO - Setting next_dagrun for exercise17 to None, run_after=None
[2023-07-05T13:42:11.412+0000] {processor.py:179} INFO - Processing /opt/airflow/dags/sqlexercise.py took 0.134 seconds
[2023-07-05T13:42:41.537+0000] {processor.py:157} INFO - Started process (PID=412) to work on /opt/airflow/dags/sqlexercise.py
[2023-07-05T13:42:41.538+0000] {processor.py:826} INFO - Processing file /opt/airflow/dags/sqlexercise.py for tasks to queue
[2023-07-05T13:42:41.539+0000] {logging_mixin.py:149} INFO - [2023-07-05T13:42:41.539+0000] {dagbag.py:541} INFO - Filling up the DagBag from /opt/airflow/dags/sqlexercise.py
[2023-07-05T13:42:41.557+0000] {processor.py:836} INFO - DAG(s) dict_keys(['exercise17']) retrieved from /opt/airflow/dags/sqlexercise.py
[2023-07-05T13:42:41.604+0000] {logging_mixin.py:149} INFO - [2023-07-05T13:42:41.604+0000] {dag.py:2726} INFO - Sync 1 DAGs
[2023-07-05T13:42:41.640+0000] {logging_mixin.py:149} INFO - [2023-07-05T13:42:41.640+0000] {dag.py:3490} INFO - Setting next_dagrun for exercise17 to None, run_after=None
[2023-07-05T13:42:41.662+0000] {processor.py:179} INFO - Processing /opt/airflow/dags/sqlexercise.py took 0.130 seconds
[2023-07-05T13:43:11.720+0000] {processor.py:157} INFO - Started process (PID=420) to work on /opt/airflow/dags/sqlexercise.py
[2023-07-05T13:43:11.721+0000] {processor.py:826} INFO - Processing file /opt/airflow/dags/sqlexercise.py for tasks to queue
[2023-07-05T13:43:11.722+0000] {logging_mixin.py:149} INFO - [2023-07-05T13:43:11.722+0000] {dagbag.py:541} INFO - Filling up the DagBag from /opt/airflow/dags/sqlexercise.py
[2023-07-05T13:43:11.743+0000] {processor.py:836} INFO - DAG(s) dict_keys(['exercise17']) retrieved from /opt/airflow/dags/sqlexercise.py
[2023-07-05T13:43:11.943+0000] {logging_mixin.py:149} INFO - [2023-07-05T13:43:11.943+0000] {dag.py:2726} INFO - Sync 1 DAGs
[2023-07-05T13:43:11.982+0000] {logging_mixin.py:149} INFO - [2023-07-05T13:43:11.981+0000] {dag.py:3490} INFO - Setting next_dagrun for exercise17 to None, run_after=None
[2023-07-05T13:43:12.013+0000] {processor.py:179} INFO - Processing /opt/airflow/dags/sqlexercise.py took 0.298 seconds
[2023-07-05T13:43:23.889+0000] {processor.py:157} INFO - Started process (PID=421) to work on /opt/airflow/dags/sqlexercise.py
[2023-07-05T13:43:23.891+0000] {processor.py:826} INFO - Processing file /opt/airflow/dags/sqlexercise.py for tasks to queue
[2023-07-05T13:43:23.893+0000] {logging_mixin.py:149} INFO - [2023-07-05T13:43:23.893+0000] {dagbag.py:541} INFO - Filling up the DagBag from /opt/airflow/dags/sqlexercise.py
[2023-07-05T13:43:23.909+0000] {processor.py:836} INFO - DAG(s) dict_keys(['exercise17']) retrieved from /opt/airflow/dags/sqlexercise.py
[2023-07-05T13:43:23.930+0000] {logging_mixin.py:149} INFO - [2023-07-05T13:43:23.930+0000] {dag.py:2726} INFO - Sync 1 DAGs
[2023-07-05T13:43:23.976+0000] {logging_mixin.py:149} INFO - [2023-07-05T13:43:23.976+0000] {dag.py:3490} INFO - Setting next_dagrun for exercise17 to None, run_after=None
[2023-07-05T13:43:24.006+0000] {processor.py:179} INFO - Processing /opt/airflow/dags/sqlexercise.py took 0.121 seconds
[2023-07-05T13:43:54.048+0000] {processor.py:157} INFO - Started process (PID=429) to work on /opt/airflow/dags/sqlexercise.py
[2023-07-05T13:43:54.049+0000] {processor.py:826} INFO - Processing file /opt/airflow/dags/sqlexercise.py for tasks to queue
[2023-07-05T13:43:54.049+0000] {logging_mixin.py:149} INFO - [2023-07-05T13:43:54.049+0000] {dagbag.py:541} INFO - Filling up the DagBag from /opt/airflow/dags/sqlexercise.py
[2023-07-05T13:43:54.063+0000] {processor.py:836} INFO - DAG(s) dict_keys(['exercise17']) retrieved from /opt/airflow/dags/sqlexercise.py
[2023-07-05T13:43:54.260+0000] {logging_mixin.py:149} INFO - [2023-07-05T13:43:54.260+0000] {dag.py:2726} INFO - Sync 1 DAGs
[2023-07-05T13:43:54.294+0000] {logging_mixin.py:149} INFO - [2023-07-05T13:43:54.294+0000] {dag.py:3490} INFO - Setting next_dagrun for exercise17 to None, run_after=None
[2023-07-05T13:43:54.323+0000] {processor.py:179} INFO - Processing /opt/airflow/dags/sqlexercise.py took 0.279 seconds
[2023-07-05T13:44:24.486+0000] {processor.py:157} INFO - Started process (PID=437) to work on /opt/airflow/dags/sqlexercise.py
[2023-07-05T13:44:24.488+0000] {processor.py:826} INFO - Processing file /opt/airflow/dags/sqlexercise.py for tasks to queue
[2023-07-05T13:44:24.489+0000] {logging_mixin.py:149} INFO - [2023-07-05T13:44:24.489+0000] {dagbag.py:541} INFO - Filling up the DagBag from /opt/airflow/dags/sqlexercise.py
[2023-07-05T13:44:24.507+0000] {processor.py:836} INFO - DAG(s) dict_keys(['exercise17']) retrieved from /opt/airflow/dags/sqlexercise.py
[2023-07-05T13:44:24.554+0000] {logging_mixin.py:149} INFO - [2023-07-05T13:44:24.554+0000] {dag.py:2726} INFO - Sync 1 DAGs
[2023-07-05T13:44:24.594+0000] {logging_mixin.py:149} INFO - [2023-07-05T13:44:24.594+0000] {dag.py:3490} INFO - Setting next_dagrun for exercise17 to None, run_after=None
[2023-07-05T13:44:24.629+0000] {processor.py:179} INFO - Processing /opt/airflow/dags/sqlexercise.py took 0.148 seconds
[2023-07-05T13:44:54.789+0000] {processor.py:157} INFO - Started process (PID=445) to work on /opt/airflow/dags/sqlexercise.py
[2023-07-05T13:44:54.791+0000] {processor.py:826} INFO - Processing file /opt/airflow/dags/sqlexercise.py for tasks to queue
[2023-07-05T13:44:54.792+0000] {logging_mixin.py:149} INFO - [2023-07-05T13:44:54.791+0000] {dagbag.py:541} INFO - Filling up the DagBag from /opt/airflow/dags/sqlexercise.py
[2023-07-05T13:44:54.821+0000] {processor.py:836} INFO - DAG(s) dict_keys(['exercise17']) retrieved from /opt/airflow/dags/sqlexercise.py
[2023-07-05T13:44:54.874+0000] {logging_mixin.py:149} INFO - [2023-07-05T13:44:54.873+0000] {dag.py:2726} INFO - Sync 1 DAGs
[2023-07-05T13:44:54.917+0000] {logging_mixin.py:149} INFO - [2023-07-05T13:44:54.917+0000] {dag.py:3490} INFO - Setting next_dagrun for exercise17 to None, run_after=None
[2023-07-05T13:44:54.943+0000] {processor.py:179} INFO - Processing /opt/airflow/dags/sqlexercise.py took 0.160 seconds
[2023-07-05T13:45:24.977+0000] {processor.py:157} INFO - Started process (PID=453) to work on /opt/airflow/dags/sqlexercise.py
[2023-07-05T13:45:24.978+0000] {processor.py:826} INFO - Processing file /opt/airflow/dags/sqlexercise.py for tasks to queue
[2023-07-05T13:45:24.979+0000] {logging_mixin.py:149} INFO - [2023-07-05T13:45:24.979+0000] {dagbag.py:541} INFO - Filling up the DagBag from /opt/airflow/dags/sqlexercise.py
[2023-07-05T13:45:24.993+0000] {processor.py:836} INFO - DAG(s) dict_keys(['exercise17']) retrieved from /opt/airflow/dags/sqlexercise.py
[2023-07-05T13:45:25.038+0000] {logging_mixin.py:149} INFO - [2023-07-05T13:45:25.038+0000] {dag.py:2726} INFO - Sync 1 DAGs
[2023-07-05T13:45:25.080+0000] {logging_mixin.py:149} INFO - [2023-07-05T13:45:25.080+0000] {dag.py:3490} INFO - Setting next_dagrun for exercise17 to None, run_after=None
[2023-07-05T13:45:25.105+0000] {processor.py:179} INFO - Processing /opt/airflow/dags/sqlexercise.py took 0.131 seconds
[2023-07-05T13:45:53.257+0000] {processor.py:157} INFO - Started process (PID=461) to work on /opt/airflow/dags/sqlexercise.py
[2023-07-05T13:45:53.258+0000] {processor.py:826} INFO - Processing file /opt/airflow/dags/sqlexercise.py for tasks to queue
[2023-07-05T13:45:53.260+0000] {logging_mixin.py:149} INFO - [2023-07-05T13:45:53.259+0000] {dagbag.py:541} INFO - Filling up the DagBag from /opt/airflow/dags/sqlexercise.py
[2023-07-05T13:45:53.281+0000] {processor.py:836} INFO - DAG(s) dict_keys(['exercise17']) retrieved from /opt/airflow/dags/sqlexercise.py
[2023-07-05T13:45:53.332+0000] {logging_mixin.py:149} INFO - [2023-07-05T13:45:53.331+0000] {dag.py:2726} INFO - Sync 1 DAGs
[2023-07-05T13:45:53.378+0000] {logging_mixin.py:149} INFO - [2023-07-05T13:45:53.378+0000] {dag.py:3490} INFO - Setting next_dagrun for exercise17 to None, run_after=None
[2023-07-05T13:45:53.407+0000] {processor.py:179} INFO - Processing /opt/airflow/dags/sqlexercise.py took 0.156 seconds
[2023-07-05T13:46:23.451+0000] {processor.py:157} INFO - Started process (PID=469) to work on /opt/airflow/dags/sqlexercise.py
[2023-07-05T13:46:23.453+0000] {processor.py:826} INFO - Processing file /opt/airflow/dags/sqlexercise.py for tasks to queue
[2023-07-05T13:46:23.454+0000] {logging_mixin.py:149} INFO - [2023-07-05T13:46:23.454+0000] {dagbag.py:541} INFO - Filling up the DagBag from /opt/airflow/dags/sqlexercise.py
[2023-07-05T13:46:23.475+0000] {processor.py:836} INFO - DAG(s) dict_keys(['exercise17']) retrieved from /opt/airflow/dags/sqlexercise.py
[2023-07-05T13:46:23.528+0000] {logging_mixin.py:149} INFO - [2023-07-05T13:46:23.528+0000] {dag.py:2726} INFO - Sync 1 DAGs
[2023-07-05T13:46:23.572+0000] {logging_mixin.py:149} INFO - [2023-07-05T13:46:23.571+0000] {dag.py:3490} INFO - Setting next_dagrun for exercise17 to None, run_after=None
[2023-07-05T13:46:23.596+0000] {processor.py:179} INFO - Processing /opt/airflow/dags/sqlexercise.py took 0.151 seconds
[2023-07-05T13:46:53.749+0000] {processor.py:157} INFO - Started process (PID=477) to work on /opt/airflow/dags/sqlexercise.py
[2023-07-05T13:46:53.750+0000] {processor.py:826} INFO - Processing file /opt/airflow/dags/sqlexercise.py for tasks to queue
[2023-07-05T13:46:53.750+0000] {logging_mixin.py:149} INFO - [2023-07-05T13:46:53.750+0000] {dagbag.py:541} INFO - Filling up the DagBag from /opt/airflow/dags/sqlexercise.py
[2023-07-05T13:46:53.764+0000] {processor.py:836} INFO - DAG(s) dict_keys(['exercise17']) retrieved from /opt/airflow/dags/sqlexercise.py
[2023-07-05T13:46:53.813+0000] {logging_mixin.py:149} INFO - [2023-07-05T13:46:53.812+0000] {dag.py:2726} INFO - Sync 1 DAGs
[2023-07-05T13:46:53.858+0000] {logging_mixin.py:149} INFO - [2023-07-05T13:46:53.858+0000] {dag.py:3490} INFO - Setting next_dagrun for exercise17 to None, run_after=None
[2023-07-05T13:46:53.884+0000] {processor.py:179} INFO - Processing /opt/airflow/dags/sqlexercise.py took 0.138 seconds
[2023-07-05T13:47:23.927+0000] {processor.py:157} INFO - Started process (PID=485) to work on /opt/airflow/dags/sqlexercise.py
[2023-07-05T13:47:23.928+0000] {processor.py:826} INFO - Processing file /opt/airflow/dags/sqlexercise.py for tasks to queue
[2023-07-05T13:47:23.929+0000] {logging_mixin.py:149} INFO - [2023-07-05T13:47:23.929+0000] {dagbag.py:541} INFO - Filling up the DagBag from /opt/airflow/dags/sqlexercise.py
[2023-07-05T13:47:23.946+0000] {processor.py:836} INFO - DAG(s) dict_keys(['exercise17']) retrieved from /opt/airflow/dags/sqlexercise.py
[2023-07-05T13:47:23.996+0000] {logging_mixin.py:149} INFO - [2023-07-05T13:47:23.996+0000] {dag.py:2726} INFO - Sync 1 DAGs
[2023-07-05T13:47:24.038+0000] {logging_mixin.py:149} INFO - [2023-07-05T13:47:24.038+0000] {dag.py:3490} INFO - Setting next_dagrun for exercise17 to None, run_after=None
[2023-07-05T13:47:24.069+0000] {processor.py:179} INFO - Processing /opt/airflow/dags/sqlexercise.py took 0.147 seconds
[2023-07-05T13:47:54.211+0000] {processor.py:157} INFO - Started process (PID=493) to work on /opt/airflow/dags/sqlexercise.py
[2023-07-05T13:47:54.213+0000] {processor.py:826} INFO - Processing file /opt/airflow/dags/sqlexercise.py for tasks to queue
[2023-07-05T13:47:54.214+0000] {logging_mixin.py:149} INFO - [2023-07-05T13:47:54.214+0000] {dagbag.py:541} INFO - Filling up the DagBag from /opt/airflow/dags/sqlexercise.py
[2023-07-05T13:47:54.233+0000] {processor.py:836} INFO - DAG(s) dict_keys(['exercise17']) retrieved from /opt/airflow/dags/sqlexercise.py
[2023-07-05T13:47:54.288+0000] {logging_mixin.py:149} INFO - [2023-07-05T13:47:54.288+0000] {dag.py:2726} INFO - Sync 1 DAGs
[2023-07-05T13:47:54.336+0000] {logging_mixin.py:149} INFO - [2023-07-05T13:47:54.336+0000] {dag.py:3490} INFO - Setting next_dagrun for exercise17 to None, run_after=None
[2023-07-05T13:47:54.363+0000] {processor.py:179} INFO - Processing /opt/airflow/dags/sqlexercise.py took 0.157 seconds
[2023-07-05T13:48:24.543+0000] {processor.py:157} INFO - Started process (PID=501) to work on /opt/airflow/dags/sqlexercise.py
[2023-07-05T13:48:24.544+0000] {processor.py:826} INFO - Processing file /opt/airflow/dags/sqlexercise.py for tasks to queue
[2023-07-05T13:48:24.545+0000] {logging_mixin.py:149} INFO - [2023-07-05T13:48:24.545+0000] {dagbag.py:541} INFO - Filling up the DagBag from /opt/airflow/dags/sqlexercise.py
[2023-07-05T13:48:24.562+0000] {processor.py:836} INFO - DAG(s) dict_keys(['exercise17']) retrieved from /opt/airflow/dags/sqlexercise.py
[2023-07-05T13:48:24.607+0000] {logging_mixin.py:149} INFO - [2023-07-05T13:48:24.607+0000] {dag.py:2726} INFO - Sync 1 DAGs
[2023-07-05T13:48:24.650+0000] {logging_mixin.py:149} INFO - [2023-07-05T13:48:24.650+0000] {dag.py:3490} INFO - Setting next_dagrun for exercise17 to None, run_after=None
[2023-07-05T13:48:24.682+0000] {processor.py:179} INFO - Processing /opt/airflow/dags/sqlexercise.py took 0.143 seconds
[2023-07-05T13:48:54.709+0000] {processor.py:157} INFO - Started process (PID=508) to work on /opt/airflow/dags/sqlexercise.py
[2023-07-05T13:48:54.710+0000] {processor.py:826} INFO - Processing file /opt/airflow/dags/sqlexercise.py for tasks to queue
[2023-07-05T13:48:54.711+0000] {logging_mixin.py:149} INFO - [2023-07-05T13:48:54.711+0000] {dagbag.py:541} INFO - Filling up the DagBag from /opt/airflow/dags/sqlexercise.py
[2023-07-05T13:48:54.723+0000] {processor.py:836} INFO - DAG(s) dict_keys(['exercise17']) retrieved from /opt/airflow/dags/sqlexercise.py
[2023-07-05T13:48:54.761+0000] {logging_mixin.py:149} INFO - [2023-07-05T13:48:54.761+0000] {dag.py:2726} INFO - Sync 1 DAGs
[2023-07-05T13:48:54.795+0000] {logging_mixin.py:149} INFO - [2023-07-05T13:48:54.795+0000] {dag.py:3490} INFO - Setting next_dagrun for exercise17 to None, run_after=None
[2023-07-05T13:48:54.818+0000] {processor.py:179} INFO - Processing /opt/airflow/dags/sqlexercise.py took 0.112 seconds
[2023-07-05T13:49:24.911+0000] {processor.py:157} INFO - Started process (PID=515) to work on /opt/airflow/dags/sqlexercise.py
[2023-07-05T13:49:24.913+0000] {processor.py:826} INFO - Processing file /opt/airflow/dags/sqlexercise.py for tasks to queue
[2023-07-05T13:49:24.914+0000] {logging_mixin.py:149} INFO - [2023-07-05T13:49:24.914+0000] {dagbag.py:541} INFO - Filling up the DagBag from /opt/airflow/dags/sqlexercise.py
[2023-07-05T13:49:24.937+0000] {processor.py:836} INFO - DAG(s) dict_keys(['exercise17']) retrieved from /opt/airflow/dags/sqlexercise.py
[2023-07-05T13:49:25.002+0000] {logging_mixin.py:149} INFO - [2023-07-05T13:49:25.001+0000] {dag.py:2726} INFO - Sync 1 DAGs
[2023-07-05T13:49:25.058+0000] {logging_mixin.py:149} INFO - [2023-07-05T13:49:25.058+0000] {dag.py:3490} INFO - Setting next_dagrun for exercise17 to None, run_after=None
[2023-07-05T13:49:25.106+0000] {processor.py:179} INFO - Processing /opt/airflow/dags/sqlexercise.py took 0.200 seconds
[2023-07-05T13:49:55.137+0000] {processor.py:157} INFO - Started process (PID=523) to work on /opt/airflow/dags/sqlexercise.py
[2023-07-05T13:49:55.139+0000] {processor.py:826} INFO - Processing file /opt/airflow/dags/sqlexercise.py for tasks to queue
[2023-07-05T13:49:55.140+0000] {logging_mixin.py:149} INFO - [2023-07-05T13:49:55.139+0000] {dagbag.py:541} INFO - Filling up the DagBag from /opt/airflow/dags/sqlexercise.py
[2023-07-05T13:49:55.158+0000] {processor.py:836} INFO - DAG(s) dict_keys(['exercise17']) retrieved from /opt/airflow/dags/sqlexercise.py
[2023-07-05T13:49:55.213+0000] {logging_mixin.py:149} INFO - [2023-07-05T13:49:55.213+0000] {dag.py:2726} INFO - Sync 1 DAGs
[2023-07-05T13:49:55.253+0000] {logging_mixin.py:149} INFO - [2023-07-05T13:49:55.253+0000] {dag.py:3490} INFO - Setting next_dagrun for exercise17 to None, run_after=None
[2023-07-05T13:49:55.287+0000] {processor.py:179} INFO - Processing /opt/airflow/dags/sqlexercise.py took 0.155 seconds
[2023-07-05T13:50:25.477+0000] {processor.py:157} INFO - Started process (PID=532) to work on /opt/airflow/dags/sqlexercise.py
[2023-07-05T13:50:25.479+0000] {processor.py:826} INFO - Processing file /opt/airflow/dags/sqlexercise.py for tasks to queue
[2023-07-05T13:50:25.480+0000] {logging_mixin.py:149} INFO - [2023-07-05T13:50:25.480+0000] {dagbag.py:541} INFO - Filling up the DagBag from /opt/airflow/dags/sqlexercise.py
[2023-07-05T13:50:25.502+0000] {processor.py:836} INFO - DAG(s) dict_keys(['exercise17']) retrieved from /opt/airflow/dags/sqlexercise.py
[2023-07-05T13:50:25.555+0000] {logging_mixin.py:149} INFO - [2023-07-05T13:50:25.555+0000] {dag.py:2726} INFO - Sync 1 DAGs
[2023-07-05T13:50:25.606+0000] {logging_mixin.py:149} INFO - [2023-07-05T13:50:25.605+0000] {dag.py:3490} INFO - Setting next_dagrun for exercise17 to None, run_after=None
[2023-07-05T13:50:25.634+0000] {processor.py:179} INFO - Processing /opt/airflow/dags/sqlexercise.py took 0.163 seconds
[2023-07-05T13:50:55.808+0000] {processor.py:157} INFO - Started process (PID=540) to work on /opt/airflow/dags/sqlexercise.py
[2023-07-05T13:50:55.809+0000] {processor.py:826} INFO - Processing file /opt/airflow/dags/sqlexercise.py for tasks to queue
[2023-07-05T13:50:55.810+0000] {logging_mixin.py:149} INFO - [2023-07-05T13:50:55.810+0000] {dagbag.py:541} INFO - Filling up the DagBag from /opt/airflow/dags/sqlexercise.py
[2023-07-05T13:50:55.826+0000] {processor.py:836} INFO - DAG(s) dict_keys(['exercise17']) retrieved from /opt/airflow/dags/sqlexercise.py
[2023-07-05T13:50:55.886+0000] {logging_mixin.py:149} INFO - [2023-07-05T13:50:55.886+0000] {dag.py:2726} INFO - Sync 1 DAGs
[2023-07-05T13:50:55.927+0000] {logging_mixin.py:149} INFO - [2023-07-05T13:50:55.927+0000] {dag.py:3490} INFO - Setting next_dagrun for exercise17 to None, run_after=None
[2023-07-05T13:50:55.952+0000] {processor.py:179} INFO - Processing /opt/airflow/dags/sqlexercise.py took 0.148 seconds
[2023-07-05T13:51:25.977+0000] {processor.py:157} INFO - Started process (PID=549) to work on /opt/airflow/dags/sqlexercise.py
[2023-07-05T13:51:25.978+0000] {processor.py:826} INFO - Processing file /opt/airflow/dags/sqlexercise.py for tasks to queue
[2023-07-05T13:51:25.980+0000] {logging_mixin.py:149} INFO - [2023-07-05T13:51:25.979+0000] {dagbag.py:541} INFO - Filling up the DagBag from /opt/airflow/dags/sqlexercise.py
[2023-07-05T13:51:25.994+0000] {processor.py:836} INFO - DAG(s) dict_keys(['exercise17']) retrieved from /opt/airflow/dags/sqlexercise.py
[2023-07-05T13:51:26.034+0000] {logging_mixin.py:149} INFO - [2023-07-05T13:51:26.034+0000] {dag.py:2726} INFO - Sync 1 DAGs
[2023-07-05T13:51:26.075+0000] {logging_mixin.py:149} INFO - [2023-07-05T13:51:26.075+0000] {dag.py:3490} INFO - Setting next_dagrun for exercise17 to None, run_after=None
[2023-07-05T13:51:26.103+0000] {processor.py:179} INFO - Processing /opt/airflow/dags/sqlexercise.py took 0.130 seconds
[2023-07-05T13:51:56.279+0000] {processor.py:157} INFO - Started process (PID=557) to work on /opt/airflow/dags/sqlexercise.py
[2023-07-05T13:51:56.281+0000] {processor.py:826} INFO - Processing file /opt/airflow/dags/sqlexercise.py for tasks to queue
[2023-07-05T13:51:56.282+0000] {logging_mixin.py:149} INFO - [2023-07-05T13:51:56.282+0000] {dagbag.py:541} INFO - Filling up the DagBag from /opt/airflow/dags/sqlexercise.py
[2023-07-05T13:51:56.300+0000] {processor.py:836} INFO - DAG(s) dict_keys(['exercise17']) retrieved from /opt/airflow/dags/sqlexercise.py
[2023-07-05T13:51:56.348+0000] {logging_mixin.py:149} INFO - [2023-07-05T13:51:56.348+0000] {dag.py:2726} INFO - Sync 1 DAGs
[2023-07-05T13:51:56.385+0000] {logging_mixin.py:149} INFO - [2023-07-05T13:51:56.385+0000] {dag.py:3490} INFO - Setting next_dagrun for exercise17 to None, run_after=None
[2023-07-05T13:51:56.409+0000] {processor.py:179} INFO - Processing /opt/airflow/dags/sqlexercise.py took 0.135 seconds
[2023-07-05T13:52:26.473+0000] {processor.py:157} INFO - Started process (PID=565) to work on /opt/airflow/dags/sqlexercise.py
[2023-07-05T13:52:26.474+0000] {processor.py:826} INFO - Processing file /opt/airflow/dags/sqlexercise.py for tasks to queue
[2023-07-05T13:52:26.476+0000] {logging_mixin.py:149} INFO - [2023-07-05T13:52:26.475+0000] {dagbag.py:541} INFO - Filling up the DagBag from /opt/airflow/dags/sqlexercise.py
[2023-07-05T13:52:26.501+0000] {processor.py:836} INFO - DAG(s) dict_keys(['exercise17']) retrieved from /opt/airflow/dags/sqlexercise.py
[2023-07-05T13:52:26.572+0000] {logging_mixin.py:149} INFO - [2023-07-05T13:52:26.572+0000] {dag.py:2726} INFO - Sync 1 DAGs
[2023-07-05T13:52:26.627+0000] {logging_mixin.py:149} INFO - [2023-07-05T13:52:26.627+0000] {dag.py:3490} INFO - Setting next_dagrun for exercise17 to None, run_after=None
[2023-07-05T13:52:26.657+0000] {processor.py:179} INFO - Processing /opt/airflow/dags/sqlexercise.py took 0.195 seconds
[2023-07-05T13:52:56.743+0000] {processor.py:157} INFO - Started process (PID=573) to work on /opt/airflow/dags/sqlexercise.py
[2023-07-05T13:52:56.745+0000] {processor.py:826} INFO - Processing file /opt/airflow/dags/sqlexercise.py for tasks to queue
[2023-07-05T13:52:56.746+0000] {logging_mixin.py:149} INFO - [2023-07-05T13:52:56.746+0000] {dagbag.py:541} INFO - Filling up the DagBag from /opt/airflow/dags/sqlexercise.py
[2023-07-05T13:52:56.760+0000] {processor.py:836} INFO - DAG(s) dict_keys(['exercise17']) retrieved from /opt/airflow/dags/sqlexercise.py
[2023-07-05T13:52:56.808+0000] {logging_mixin.py:149} INFO - [2023-07-05T13:52:56.807+0000] {dag.py:2726} INFO - Sync 1 DAGs
[2023-07-05T13:52:56.844+0000] {logging_mixin.py:149} INFO - [2023-07-05T13:52:56.843+0000] {dag.py:3490} INFO - Setting next_dagrun for exercise17 to None, run_after=None
[2023-07-05T13:52:56.867+0000] {processor.py:179} INFO - Processing /opt/airflow/dags/sqlexercise.py took 0.128 seconds
[2023-07-05T13:53:26.983+0000] {processor.py:157} INFO - Started process (PID=581) to work on /opt/airflow/dags/sqlexercise.py
[2023-07-05T13:53:26.985+0000] {processor.py:826} INFO - Processing file /opt/airflow/dags/sqlexercise.py for tasks to queue
[2023-07-05T13:53:26.986+0000] {logging_mixin.py:149} INFO - [2023-07-05T13:53:26.986+0000] {dagbag.py:541} INFO - Filling up the DagBag from /opt/airflow/dags/sqlexercise.py
[2023-07-05T13:53:27.006+0000] {processor.py:836} INFO - DAG(s) dict_keys(['exercise17']) retrieved from /opt/airflow/dags/sqlexercise.py
[2023-07-05T13:53:27.062+0000] {logging_mixin.py:149} INFO - [2023-07-05T13:53:27.062+0000] {dag.py:2726} INFO - Sync 1 DAGs
[2023-07-05T13:53:27.110+0000] {logging_mixin.py:149} INFO - [2023-07-05T13:53:27.110+0000] {dag.py:3490} INFO - Setting next_dagrun for exercise17 to None, run_after=None
[2023-07-05T13:53:27.132+0000] {processor.py:179} INFO - Processing /opt/airflow/dags/sqlexercise.py took 0.155 seconds
[2023-07-05T13:53:57.195+0000] {processor.py:157} INFO - Started process (PID=589) to work on /opt/airflow/dags/sqlexercise.py
[2023-07-05T13:53:57.197+0000] {processor.py:826} INFO - Processing file /opt/airflow/dags/sqlexercise.py for tasks to queue
[2023-07-05T13:53:57.198+0000] {logging_mixin.py:149} INFO - [2023-07-05T13:53:57.198+0000] {dagbag.py:541} INFO - Filling up the DagBag from /opt/airflow/dags/sqlexercise.py
[2023-07-05T13:53:57.218+0000] {processor.py:836} INFO - DAG(s) dict_keys(['exercise17']) retrieved from /opt/airflow/dags/sqlexercise.py
[2023-07-05T13:53:57.271+0000] {logging_mixin.py:149} INFO - [2023-07-05T13:53:57.271+0000] {dag.py:2726} INFO - Sync 1 DAGs
[2023-07-05T13:53:57.311+0000] {logging_mixin.py:149} INFO - [2023-07-05T13:53:57.311+0000] {dag.py:3490} INFO - Setting next_dagrun for exercise17 to None, run_after=None
[2023-07-05T13:53:57.337+0000] {processor.py:179} INFO - Processing /opt/airflow/dags/sqlexercise.py took 0.147 seconds
[2023-07-05T13:54:27.511+0000] {processor.py:157} INFO - Started process (PID=597) to work on /opt/airflow/dags/sqlexercise.py
[2023-07-05T13:54:27.514+0000] {processor.py:826} INFO - Processing file /opt/airflow/dags/sqlexercise.py for tasks to queue
[2023-07-05T13:54:27.515+0000] {logging_mixin.py:149} INFO - [2023-07-05T13:54:27.515+0000] {dagbag.py:541} INFO - Filling up the DagBag from /opt/airflow/dags/sqlexercise.py
[2023-07-05T13:54:27.537+0000] {processor.py:836} INFO - DAG(s) dict_keys(['exercise17']) retrieved from /opt/airflow/dags/sqlexercise.py
[2023-07-05T13:54:27.593+0000] {logging_mixin.py:149} INFO - [2023-07-05T13:54:27.592+0000] {dag.py:2726} INFO - Sync 1 DAGs
[2023-07-05T13:54:27.645+0000] {logging_mixin.py:149} INFO - [2023-07-05T13:54:27.645+0000] {dag.py:3490} INFO - Setting next_dagrun for exercise17 to None, run_after=None
[2023-07-05T13:54:27.671+0000] {processor.py:179} INFO - Processing /opt/airflow/dags/sqlexercise.py took 0.169 seconds
[2023-07-05T13:54:57.708+0000] {processor.py:157} INFO - Started process (PID=605) to work on /opt/airflow/dags/sqlexercise.py
[2023-07-05T13:54:57.710+0000] {processor.py:826} INFO - Processing file /opt/airflow/dags/sqlexercise.py for tasks to queue
[2023-07-05T13:54:57.712+0000] {logging_mixin.py:149} INFO - [2023-07-05T13:54:57.712+0000] {dagbag.py:541} INFO - Filling up the DagBag from /opt/airflow/dags/sqlexercise.py
[2023-07-05T13:54:57.738+0000] {processor.py:836} INFO - DAG(s) dict_keys(['exercise17']) retrieved from /opt/airflow/dags/sqlexercise.py
[2023-07-05T13:54:57.803+0000] {logging_mixin.py:149} INFO - [2023-07-05T13:54:57.802+0000] {dag.py:2726} INFO - Sync 1 DAGs
[2023-07-05T13:54:57.847+0000] {logging_mixin.py:149} INFO - [2023-07-05T13:54:57.847+0000] {dag.py:3490} INFO - Setting next_dagrun for exercise17 to None, run_after=None
[2023-07-05T13:54:57.876+0000] {processor.py:179} INFO - Processing /opt/airflow/dags/sqlexercise.py took 0.178 seconds
[2023-07-05T13:55:28.012+0000] {processor.py:157} INFO - Started process (PID=613) to work on /opt/airflow/dags/sqlexercise.py
[2023-07-05T13:55:28.014+0000] {processor.py:826} INFO - Processing file /opt/airflow/dags/sqlexercise.py for tasks to queue
[2023-07-05T13:55:28.015+0000] {logging_mixin.py:149} INFO - [2023-07-05T13:55:28.014+0000] {dagbag.py:541} INFO - Filling up the DagBag from /opt/airflow/dags/sqlexercise.py
[2023-07-05T13:55:28.038+0000] {processor.py:836} INFO - DAG(s) dict_keys(['exercise17']) retrieved from /opt/airflow/dags/sqlexercise.py
[2023-07-05T13:55:28.105+0000] {logging_mixin.py:149} INFO - [2023-07-05T13:55:28.105+0000] {dag.py:2726} INFO - Sync 1 DAGs
[2023-07-05T13:55:28.151+0000] {logging_mixin.py:149} INFO - [2023-07-05T13:55:28.150+0000] {dag.py:3490} INFO - Setting next_dagrun for exercise17 to None, run_after=None
[2023-07-05T13:55:28.178+0000] {processor.py:179} INFO - Processing /opt/airflow/dags/sqlexercise.py took 0.172 seconds
[2023-07-05T13:55:58.221+0000] {processor.py:157} INFO - Started process (PID=621) to work on /opt/airflow/dags/sqlexercise.py
[2023-07-05T13:55:58.223+0000] {processor.py:826} INFO - Processing file /opt/airflow/dags/sqlexercise.py for tasks to queue
[2023-07-05T13:55:58.224+0000] {logging_mixin.py:149} INFO - [2023-07-05T13:55:58.224+0000] {dagbag.py:541} INFO - Filling up the DagBag from /opt/airflow/dags/sqlexercise.py
[2023-07-05T13:55:58.242+0000] {processor.py:836} INFO - DAG(s) dict_keys(['exercise17']) retrieved from /opt/airflow/dags/sqlexercise.py
[2023-07-05T13:55:58.290+0000] {logging_mixin.py:149} INFO - [2023-07-05T13:55:58.290+0000] {dag.py:2726} INFO - Sync 1 DAGs
[2023-07-05T13:55:58.340+0000] {logging_mixin.py:149} INFO - [2023-07-05T13:55:58.340+0000] {dag.py:3490} INFO - Setting next_dagrun for exercise17 to None, run_after=None
[2023-07-05T13:55:58.377+0000] {processor.py:179} INFO - Processing /opt/airflow/dags/sqlexercise.py took 0.162 seconds
[2023-07-05T13:56:28.516+0000] {processor.py:157} INFO - Started process (PID=629) to work on /opt/airflow/dags/sqlexercise.py
[2023-07-05T13:56:28.518+0000] {processor.py:826} INFO - Processing file /opt/airflow/dags/sqlexercise.py for tasks to queue
[2023-07-05T13:56:28.519+0000] {logging_mixin.py:149} INFO - [2023-07-05T13:56:28.519+0000] {dagbag.py:541} INFO - Filling up the DagBag from /opt/airflow/dags/sqlexercise.py
[2023-07-05T13:56:28.540+0000] {processor.py:836} INFO - DAG(s) dict_keys(['exercise17']) retrieved from /opt/airflow/dags/sqlexercise.py
[2023-07-05T13:56:28.591+0000] {logging_mixin.py:149} INFO - [2023-07-05T13:56:28.591+0000] {dag.py:2726} INFO - Sync 1 DAGs
[2023-07-05T13:56:28.631+0000] {logging_mixin.py:149} INFO - [2023-07-05T13:56:28.630+0000] {dag.py:3490} INFO - Setting next_dagrun for exercise17 to None, run_after=None
[2023-07-05T13:56:28.656+0000] {processor.py:179} INFO - Processing /opt/airflow/dags/sqlexercise.py took 0.146 seconds
[2023-07-05T13:56:58.706+0000] {processor.py:157} INFO - Started process (PID=636) to work on /opt/airflow/dags/sqlexercise.py
[2023-07-05T13:56:58.707+0000] {processor.py:826} INFO - Processing file /opt/airflow/dags/sqlexercise.py for tasks to queue
[2023-07-05T13:56:58.708+0000] {logging_mixin.py:149} INFO - [2023-07-05T13:56:58.708+0000] {dagbag.py:541} INFO - Filling up the DagBag from /opt/airflow/dags/sqlexercise.py
[2023-07-05T13:56:58.723+0000] {processor.py:836} INFO - DAG(s) dict_keys(['exercise17']) retrieved from /opt/airflow/dags/sqlexercise.py
[2023-07-05T13:56:58.768+0000] {logging_mixin.py:149} INFO - [2023-07-05T13:56:58.768+0000] {dag.py:2726} INFO - Sync 1 DAGs
[2023-07-05T13:56:58.806+0000] {logging_mixin.py:149} INFO - [2023-07-05T13:56:58.806+0000] {dag.py:3490} INFO - Setting next_dagrun for exercise17 to None, run_after=None
[2023-07-05T13:56:58.828+0000] {processor.py:179} INFO - Processing /opt/airflow/dags/sqlexercise.py took 0.126 seconds
[2023-07-05T13:57:29.000+0000] {processor.py:157} INFO - Started process (PID=644) to work on /opt/airflow/dags/sqlexercise.py
[2023-07-05T13:57:29.004+0000] {processor.py:826} INFO - Processing file /opt/airflow/dags/sqlexercise.py for tasks to queue
[2023-07-05T13:57:29.007+0000] {logging_mixin.py:149} INFO - [2023-07-05T13:57:29.007+0000] {dagbag.py:541} INFO - Filling up the DagBag from /opt/airflow/dags/sqlexercise.py
[2023-07-05T13:57:29.052+0000] {processor.py:836} INFO - DAG(s) dict_keys(['exercise17']) retrieved from /opt/airflow/dags/sqlexercise.py
[2023-07-05T13:57:29.110+0000] {logging_mixin.py:149} INFO - [2023-07-05T13:57:29.110+0000] {dag.py:2726} INFO - Sync 1 DAGs
[2023-07-05T13:57:29.178+0000] {logging_mixin.py:149} INFO - [2023-07-05T13:57:29.178+0000] {dag.py:3490} INFO - Setting next_dagrun for exercise17 to None, run_after=None
[2023-07-05T13:57:29.211+0000] {processor.py:179} INFO - Processing /opt/airflow/dags/sqlexercise.py took 0.222 seconds
[2023-07-05T13:57:59.393+0000] {processor.py:157} INFO - Started process (PID=652) to work on /opt/airflow/dags/sqlexercise.py
[2023-07-05T13:57:59.395+0000] {processor.py:826} INFO - Processing file /opt/airflow/dags/sqlexercise.py for tasks to queue
[2023-07-05T13:57:59.396+0000] {logging_mixin.py:149} INFO - [2023-07-05T13:57:59.396+0000] {dagbag.py:541} INFO - Filling up the DagBag from /opt/airflow/dags/sqlexercise.py
[2023-07-05T13:57:59.414+0000] {processor.py:836} INFO - DAG(s) dict_keys(['exercise17']) retrieved from /opt/airflow/dags/sqlexercise.py
[2023-07-05T13:57:59.455+0000] {logging_mixin.py:149} INFO - [2023-07-05T13:57:59.455+0000] {dag.py:2726} INFO - Sync 1 DAGs
[2023-07-05T13:57:59.490+0000] {logging_mixin.py:149} INFO - [2023-07-05T13:57:59.489+0000] {dag.py:3490} INFO - Setting next_dagrun for exercise17 to None, run_after=None
[2023-07-05T13:57:59.526+0000] {processor.py:179} INFO - Processing /opt/airflow/dags/sqlexercise.py took 0.137 seconds
[2023-07-05T13:58:29.568+0000] {processor.py:157} INFO - Started process (PID=660) to work on /opt/airflow/dags/sqlexercise.py
[2023-07-05T13:58:29.570+0000] {processor.py:826} INFO - Processing file /opt/airflow/dags/sqlexercise.py for tasks to queue
[2023-07-05T13:58:29.571+0000] {logging_mixin.py:149} INFO - [2023-07-05T13:58:29.571+0000] {dagbag.py:541} INFO - Filling up the DagBag from /opt/airflow/dags/sqlexercise.py
[2023-07-05T13:58:29.591+0000] {processor.py:836} INFO - DAG(s) dict_keys(['exercise17']) retrieved from /opt/airflow/dags/sqlexercise.py
[2023-07-05T13:58:29.649+0000] {logging_mixin.py:149} INFO - [2023-07-05T13:58:29.649+0000] {dag.py:2726} INFO - Sync 1 DAGs
[2023-07-05T13:58:29.692+0000] {logging_mixin.py:149} INFO - [2023-07-05T13:58:29.691+0000] {dag.py:3490} INFO - Setting next_dagrun for exercise17 to None, run_after=None
[2023-07-05T13:58:29.720+0000] {processor.py:179} INFO - Processing /opt/airflow/dags/sqlexercise.py took 0.157 seconds
[2023-07-05T13:58:59.844+0000] {processor.py:157} INFO - Started process (PID=668) to work on /opt/airflow/dags/sqlexercise.py
[2023-07-05T13:58:59.845+0000] {processor.py:826} INFO - Processing file /opt/airflow/dags/sqlexercise.py for tasks to queue
[2023-07-05T13:58:59.846+0000] {logging_mixin.py:149} INFO - [2023-07-05T13:58:59.846+0000] {dagbag.py:541} INFO - Filling up the DagBag from /opt/airflow/dags/sqlexercise.py
[2023-07-05T13:58:59.863+0000] {processor.py:836} INFO - DAG(s) dict_keys(['exercise17']) retrieved from /opt/airflow/dags/sqlexercise.py
[2023-07-05T13:58:59.905+0000] {logging_mixin.py:149} INFO - [2023-07-05T13:58:59.904+0000] {dag.py:2726} INFO - Sync 1 DAGs
[2023-07-05T13:58:59.941+0000] {logging_mixin.py:149} INFO - [2023-07-05T13:58:59.941+0000] {dag.py:3490} INFO - Setting next_dagrun for exercise17 to None, run_after=None
[2023-07-05T13:58:59.977+0000] {processor.py:179} INFO - Processing /opt/airflow/dags/sqlexercise.py took 0.138 seconds
[2023-07-05T13:59:30.079+0000] {processor.py:157} INFO - Started process (PID=676) to work on /opt/airflow/dags/sqlexercise.py
[2023-07-05T13:59:30.081+0000] {processor.py:826} INFO - Processing file /opt/airflow/dags/sqlexercise.py for tasks to queue
[2023-07-05T13:59:30.082+0000] {logging_mixin.py:149} INFO - [2023-07-05T13:59:30.082+0000] {dagbag.py:541} INFO - Filling up the DagBag from /opt/airflow/dags/sqlexercise.py
[2023-07-05T13:59:30.102+0000] {processor.py:836} INFO - DAG(s) dict_keys(['exercise17']) retrieved from /opt/airflow/dags/sqlexercise.py
[2023-07-05T13:59:30.173+0000] {logging_mixin.py:149} INFO - [2023-07-05T13:59:30.172+0000] {dag.py:2726} INFO - Sync 1 DAGs
[2023-07-05T13:59:30.217+0000] {logging_mixin.py:149} INFO - [2023-07-05T13:59:30.217+0000] {dag.py:3490} INFO - Setting next_dagrun for exercise17 to None, run_after=None
[2023-07-05T13:59:30.250+0000] {processor.py:179} INFO - Processing /opt/airflow/dags/sqlexercise.py took 0.178 seconds
[2023-07-05T13:59:35.184+0000] {processor.py:157} INFO - Started process (PID=677) to work on /opt/airflow/dags/sqlexercise.py
[2023-07-05T13:59:35.185+0000] {processor.py:826} INFO - Processing file /opt/airflow/dags/sqlexercise.py for tasks to queue
[2023-07-05T13:59:35.186+0000] {logging_mixin.py:149} INFO - [2023-07-05T13:59:35.186+0000] {dagbag.py:541} INFO - Filling up the DagBag from /opt/airflow/dags/sqlexercise.py
[2023-07-05T13:59:35.187+0000] {logging_mixin.py:149} INFO - [2023-07-05T13:59:35.187+0000] {dagbag.py:327} INFO - File /opt/airflow/dags/sqlexercise.py assumed to contain no DAGs. Skipping.
[2023-07-05T13:59:35.188+0000] {processor.py:838} WARNING - No viable dags retrieved from /opt/airflow/dags/sqlexercise.py
[2023-07-05T13:59:35.208+0000] {processor.py:179} INFO - Processing /opt/airflow/dags/sqlexercise.py took 0.029 seconds
[2023-07-05T14:00:05.387+0000] {processor.py:157} INFO - Started process (PID=685) to work on /opt/airflow/dags/sqlexercise.py
[2023-07-05T14:00:05.388+0000] {processor.py:826} INFO - Processing file /opt/airflow/dags/sqlexercise.py for tasks to queue
[2023-07-05T14:00:05.391+0000] {logging_mixin.py:149} INFO - [2023-07-05T14:00:05.390+0000] {dagbag.py:541} INFO - Filling up the DagBag from /opt/airflow/dags/sqlexercise.py
[2023-07-05T14:00:05.392+0000] {logging_mixin.py:149} INFO - [2023-07-05T14:00:05.392+0000] {dagbag.py:327} INFO - File /opt/airflow/dags/sqlexercise.py assumed to contain no DAGs. Skipping.
[2023-07-05T14:00:05.392+0000] {processor.py:838} WARNING - No viable dags retrieved from /opt/airflow/dags/sqlexercise.py
[2023-07-05T14:00:05.420+0000] {processor.py:179} INFO - Processing /opt/airflow/dags/sqlexercise.py took 0.040 seconds
[2023-07-05T14:00:35.569+0000] {processor.py:157} INFO - Started process (PID=693) to work on /opt/airflow/dags/sqlexercise.py
[2023-07-05T14:00:35.570+0000] {processor.py:826} INFO - Processing file /opt/airflow/dags/sqlexercise.py for tasks to queue
[2023-07-05T14:00:35.571+0000] {logging_mixin.py:149} INFO - [2023-07-05T14:00:35.571+0000] {dagbag.py:541} INFO - Filling up the DagBag from /opt/airflow/dags/sqlexercise.py
[2023-07-05T14:00:35.573+0000] {logging_mixin.py:149} INFO - [2023-07-05T14:00:35.573+0000] {dagbag.py:327} INFO - File /opt/airflow/dags/sqlexercise.py assumed to contain no DAGs. Skipping.
[2023-07-05T14:00:35.573+0000] {processor.py:838} WARNING - No viable dags retrieved from /opt/airflow/dags/sqlexercise.py
[2023-07-05T14:00:35.595+0000] {processor.py:179} INFO - Processing /opt/airflow/dags/sqlexercise.py took 0.031 seconds
[2023-07-05T14:01:05.762+0000] {processor.py:157} INFO - Started process (PID=701) to work on /opt/airflow/dags/sqlexercise.py
[2023-07-05T14:01:05.764+0000] {processor.py:826} INFO - Processing file /opt/airflow/dags/sqlexercise.py for tasks to queue
[2023-07-05T14:01:05.764+0000] {logging_mixin.py:149} INFO - [2023-07-05T14:01:05.764+0000] {dagbag.py:541} INFO - Filling up the DagBag from /opt/airflow/dags/sqlexercise.py
[2023-07-05T14:01:05.765+0000] {logging_mixin.py:149} INFO - [2023-07-05T14:01:05.765+0000] {dagbag.py:327} INFO - File /opt/airflow/dags/sqlexercise.py assumed to contain no DAGs. Skipping.
[2023-07-05T14:01:05.765+0000] {processor.py:838} WARNING - No viable dags retrieved from /opt/airflow/dags/sqlexercise.py
[2023-07-05T14:01:05.785+0000] {processor.py:179} INFO - Processing /opt/airflow/dags/sqlexercise.py took 0.027 seconds
[2023-07-05T14:01:35.959+0000] {processor.py:157} INFO - Started process (PID=709) to work on /opt/airflow/dags/sqlexercise.py
[2023-07-05T14:01:35.962+0000] {processor.py:826} INFO - Processing file /opt/airflow/dags/sqlexercise.py for tasks to queue
[2023-07-05T14:01:35.963+0000] {logging_mixin.py:149} INFO - [2023-07-05T14:01:35.963+0000] {dagbag.py:541} INFO - Filling up the DagBag from /opt/airflow/dags/sqlexercise.py
[2023-07-05T14:01:35.965+0000] {logging_mixin.py:149} INFO - [2023-07-05T14:01:35.965+0000] {dagbag.py:327} INFO - File /opt/airflow/dags/sqlexercise.py assumed to contain no DAGs. Skipping.
[2023-07-05T14:01:35.969+0000] {processor.py:838} WARNING - No viable dags retrieved from /opt/airflow/dags/sqlexercise.py
[2023-07-05T14:01:35.990+0000] {processor.py:179} INFO - Processing /opt/airflow/dags/sqlexercise.py took 0.036 seconds
[2023-07-05T14:02:06.208+0000] {processor.py:157} INFO - Started process (PID=717) to work on /opt/airflow/dags/sqlexercise.py
[2023-07-05T14:02:06.209+0000] {processor.py:826} INFO - Processing file /opt/airflow/dags/sqlexercise.py for tasks to queue
[2023-07-05T14:02:06.210+0000] {logging_mixin.py:149} INFO - [2023-07-05T14:02:06.210+0000] {dagbag.py:541} INFO - Filling up the DagBag from /opt/airflow/dags/sqlexercise.py
[2023-07-05T14:02:06.211+0000] {logging_mixin.py:149} INFO - [2023-07-05T14:02:06.211+0000] {dagbag.py:327} INFO - File /opt/airflow/dags/sqlexercise.py assumed to contain no DAGs. Skipping.
[2023-07-05T14:02:06.211+0000] {processor.py:838} WARNING - No viable dags retrieved from /opt/airflow/dags/sqlexercise.py
[2023-07-05T14:02:06.233+0000] {processor.py:179} INFO - Processing /opt/airflow/dags/sqlexercise.py took 0.028 seconds
[2023-07-05T14:02:36.367+0000] {processor.py:157} INFO - Started process (PID=725) to work on /opt/airflow/dags/sqlexercise.py
[2023-07-05T14:02:36.368+0000] {processor.py:826} INFO - Processing file /opt/airflow/dags/sqlexercise.py for tasks to queue
[2023-07-05T14:02:36.369+0000] {logging_mixin.py:149} INFO - [2023-07-05T14:02:36.369+0000] {dagbag.py:541} INFO - Filling up the DagBag from /opt/airflow/dags/sqlexercise.py
[2023-07-05T14:02:36.370+0000] {logging_mixin.py:149} INFO - [2023-07-05T14:02:36.370+0000] {dagbag.py:327} INFO - File /opt/airflow/dags/sqlexercise.py assumed to contain no DAGs. Skipping.
[2023-07-05T14:02:36.370+0000] {processor.py:838} WARNING - No viable dags retrieved from /opt/airflow/dags/sqlexercise.py
[2023-07-05T14:02:36.389+0000] {processor.py:179} INFO - Processing /opt/airflow/dags/sqlexercise.py took 0.025 seconds
[2023-07-05T14:03:06.561+0000] {processor.py:157} INFO - Started process (PID=733) to work on /opt/airflow/dags/sqlexercise.py
[2023-07-05T14:03:06.562+0000] {processor.py:826} INFO - Processing file /opt/airflow/dags/sqlexercise.py for tasks to queue
[2023-07-05T14:03:06.563+0000] {logging_mixin.py:149} INFO - [2023-07-05T14:03:06.563+0000] {dagbag.py:541} INFO - Filling up the DagBag from /opt/airflow/dags/sqlexercise.py
[2023-07-05T14:03:06.564+0000] {logging_mixin.py:149} INFO - [2023-07-05T14:03:06.564+0000] {dagbag.py:327} INFO - File /opt/airflow/dags/sqlexercise.py assumed to contain no DAGs. Skipping.
[2023-07-05T14:03:06.564+0000] {processor.py:838} WARNING - No viable dags retrieved from /opt/airflow/dags/sqlexercise.py
[2023-07-05T14:03:06.590+0000] {processor.py:179} INFO - Processing /opt/airflow/dags/sqlexercise.py took 0.034 seconds
[2023-07-05T14:03:36.748+0000] {processor.py:157} INFO - Started process (PID=741) to work on /opt/airflow/dags/sqlexercise.py
[2023-07-05T14:03:36.750+0000] {processor.py:826} INFO - Processing file /opt/airflow/dags/sqlexercise.py for tasks to queue
[2023-07-05T14:03:36.752+0000] {logging_mixin.py:149} INFO - [2023-07-05T14:03:36.751+0000] {dagbag.py:541} INFO - Filling up the DagBag from /opt/airflow/dags/sqlexercise.py
[2023-07-05T14:03:36.753+0000] {logging_mixin.py:149} INFO - [2023-07-05T14:03:36.753+0000] {dagbag.py:327} INFO - File /opt/airflow/dags/sqlexercise.py assumed to contain no DAGs. Skipping.
[2023-07-05T14:03:36.753+0000] {processor.py:838} WARNING - No viable dags retrieved from /opt/airflow/dags/sqlexercise.py
[2023-07-05T14:03:36.781+0000] {processor.py:179} INFO - Processing /opt/airflow/dags/sqlexercise.py took 0.039 seconds
[2023-07-05T14:04:06.918+0000] {processor.py:157} INFO - Started process (PID=748) to work on /opt/airflow/dags/sqlexercise.py
[2023-07-05T14:04:06.919+0000] {processor.py:826} INFO - Processing file /opt/airflow/dags/sqlexercise.py for tasks to queue
[2023-07-05T14:04:06.920+0000] {logging_mixin.py:149} INFO - [2023-07-05T14:04:06.920+0000] {dagbag.py:541} INFO - Filling up the DagBag from /opt/airflow/dags/sqlexercise.py
[2023-07-05T14:04:06.921+0000] {logging_mixin.py:149} INFO - [2023-07-05T14:04:06.921+0000] {dagbag.py:327} INFO - File /opt/airflow/dags/sqlexercise.py assumed to contain no DAGs. Skipping.
[2023-07-05T14:04:06.921+0000] {processor.py:838} WARNING - No viable dags retrieved from /opt/airflow/dags/sqlexercise.py
[2023-07-05T14:04:06.939+0000] {processor.py:179} INFO - Processing /opt/airflow/dags/sqlexercise.py took 0.025 seconds
